<?xml version="1.0" encoding="utf-8"?><testsuites><testsuite name="pytest" errors="0" failures="1" skipped="3" tests="359" time="4831.004" timestamp="2025-01-30T18:04:25.576048+00:00" hostname="01bc8d4736b0"><testcase classname="examples.asg_demo.Action_Sequence_Graph.ipynb" name="Action_Sequence_Graph.ipynb" time="18.536" /><testcase classname="examples.eps.EPS_Example_Notebook.ipynb" name="EPS_Example_Notebook.ipynb" time="14.504" /><testcase classname="examples.eps.test_eps.epsTests" name="test_all_faults" time="1.959" /><testcase classname="examples.eps.test_eps.epsTests" name="test_backward_fault_prop_1" time="0.117" /><testcase classname="examples.eps.test_eps.epsTests" name="test_backward_fault_prop_2" time="0.113" /><testcase classname="examples.eps.test_eps.epsTests" name="test_fault_app" time="322.986" /><testcase classname="examples.eps.test_eps.epsTests" name="test_multfault_saving" time="0.404" /><testcase classname="examples.eps.test_eps.epsTests" name="test_nominal_saving" time="0.275" /><testcase classname="examples.eps.test_eps.epsTests" name="test_pickleability" time="0.030" /><testcase classname="examples.eps.test_eps.epsTests" name="test_save_load_onefault" time="0.355" /><testcase classname="examples.eps.test_eps.epsTests" name="test_save_load_singlefaults" time="5.805" /><testcase classname="examples.multiflow_demo.Multiflow_and_Commsflow_Demonstration.ipynb" name="Multiflow_and_Commsflow_Demonstration.ipynb" time="8.878" /><testcase classname="examples.multiflow_demo.test_multiflow.define_Tests" name="test_multiflow_combination" time="0.792" /><testcase classname="examples.multiflow_demo.test_multiflow.define_Tests" name="test_multiflow_passing" time="0.568" /><testcase classname="examples.multiflow_demo.test_multiflow.define_Tests" name="test_mutliflow_copying" time="0.676" /><testcase classname="examples.multirotor.Demonstration.ipynb" name="Demonstration.ipynb" time="86.083" /><testcase classname="examples.multirotor.Multirotor_Optimization.ipynb" name="Multirotor_Optimization.ipynb" time="8.656"><failure message="#x1B[0;31mTypeError#x1B[0m: Invalid kwarg: metric not in __fields__ and has not __dict__">---------------------------------------------------------------------------

oper_prob.add_result_objective("co", "endclass.expected_cost")
oper_prob.add_result_constraint("g_soc", "store_ee.s.soc", time=20, threshold=10)
#oper_prob.add_result_constraint("g_fault", "endfaults", metric=np.any)
oper_prob.add_history_constraint("g_max_height", "dofs.s.z", metric=np.max,
                                 threshold=122, comparator='less') 
#x1B[0;31m---------------------------------------------------------------------------#x1B[0m
#x1B[0;31mTypeError#x1B[0m                                 Traceback (most recent call last)
Cell #x1B[0;32mIn[9], line 4#x1B[0m
#x1B[1;32m      2#x1B[0m oper_prob#x1B[38;5;241m.#x1B[39madd_result_constraint(#x1B[38;5;124m"#x1B[39m#x1B[38;5;124mg_soc#x1B[39m#x1B[38;5;124m"#x1B[39m, #x1B[38;5;124m"#x1B[39m#x1B[38;5;124mstore_ee.s.soc#x1B[39m#x1B[38;5;124m"#x1B[39m, time#x1B[38;5;241m=#x1B[39m#x1B[38;5;241m20#x1B[39m, threshold#x1B[38;5;241m=#x1B[39m#x1B[38;5;241m10#x1B[39m)
#x1B[1;32m      3#x1B[0m #x1B[38;5;66;03m#oper_prob.add_result_constraint("g_fault", "endfaults", metric=np.any)#x1B[39;00m
#x1B[0;32m----&gt; 4#x1B[0m #x1B[43moper_prob#x1B[49m#x1B[38;5;241;43m.#x1B[39;49m#x1B[43madd_history_constraint#x1B[49m#x1B[43m(#x1B[49m#x1B[38;5;124;43m"#x1B[39;49m#x1B[38;5;124;43mg_max_height#x1B[39;49m#x1B[38;5;124;43m"#x1B[39;49m#x1B[43m,#x1B[49m#x1B[43m #x1B[49m#x1B[38;5;124;43m"#x1B[39;49m#x1B[38;5;124;43mdofs.s.z#x1B[39;49m#x1B[38;5;124;43m"#x1B[39;49m#x1B[43m,#x1B[49m#x1B[43m #x1B[49m#x1B[43mmetric#x1B[49m#x1B[38;5;241;43m=#x1B[39;49m#x1B[43mnp#x1B[49m#x1B[38;5;241;43m.#x1B[39;49m#x1B[43mmax#x1B[49m#x1B[43m,#x1B[49m
#x1B[1;32m      5#x1B[0m #x1B[43m                                 #x1B[49m#x1B[43mthreshold#x1B[49m#x1B[38;5;241;43m=#x1B[39;49m#x1B[38;5;241;43m122#x1B[39;49m#x1B[43m,#x1B[49m#x1B[43m #x1B[49m#x1B[43mcomparator#x1B[49m#x1B[38;5;241;43m=#x1B[39;49m#x1B[38;5;124;43m'#x1B[39;49m#x1B[38;5;124;43mless#x1B[39;49m#x1B[38;5;124;43m'#x1B[39;49m#x1B[43m)#x1B[49m 

File #x1B[0;32m/fmdtools/fmdtools/sim/search.py:666#x1B[0m, in #x1B[0;36mBaseSimProblem.add_history_constraint#x1B[0;34m(self, name, varname, **kwargs)#x1B[0m
#x1B[1;32m    664#x1B[0m #x1B[38;5;28;01mdef#x1B[39;00m#x1B[38;5;250m #x1B[39m#x1B[38;5;21madd_history_constraint#x1B[39m(#x1B[38;5;28mself#x1B[39m, name, varname, #x1B[38;5;241m*#x1B[39m#x1B[38;5;241m*#x1B[39mkwargs):
#x1B[1;32m    665#x1B[0m #x1B[38;5;250m    #x1B[39m#x1B[38;5;124;03m"""Add an objective corresponding to a given history attribute."""#x1B[39;00m
#x1B[0;32m--&gt; 666#x1B[0m     #x1B[38;5;28;43mself#x1B[39;49m#x1B[38;5;241;43m.#x1B[39;49m#x1B[43madd_constraint#x1B[49m#x1B[43m(#x1B[49m#x1B[43mname#x1B[49m#x1B[43m,#x1B[49m#x1B[43m #x1B[49m#x1B[43mvarname#x1B[49m#x1B[43m,#x1B[49m#x1B[43m #x1B[49m#x1B[43mconclass#x1B[49m#x1B[38;5;241;43m=#x1B[39;49m#x1B[43mHistoryConstraint#x1B[49m#x1B[43m,#x1B[49m#x1B[43m #x1B[49m#x1B[38;5;241;43m*#x1B[39;49m#x1B[38;5;241;43m*#x1B[39;49m#x1B[43mkwargs#x1B[49m#x1B[43m)#x1B[49m

File #x1B[0;32m/fmdtools/fmdtools/sim/search.py:221#x1B[0m, in #x1B[0;36mBaseProblem.add_constraint#x1B[0;34m(self, name, varname, conclass, **kwargs)#x1B[0m
#x1B[1;32m    219#x1B[0m #x1B[38;5;28;01mdef#x1B[39;00m#x1B[38;5;250m #x1B[39m#x1B[38;5;21madd_constraint#x1B[39m(#x1B[38;5;28mself#x1B[39m, name, varname, conclass#x1B[38;5;241m=#x1B[39mConstraint, #x1B[38;5;241m*#x1B[39m#x1B[38;5;241m*#x1B[39mkwargs):
#x1B[1;32m    220#x1B[0m #x1B[38;5;250m    #x1B[39m#x1B[38;5;124;03m"""Add a constraint to the Problem."""#x1B[39;00m
#x1B[0;32m--&gt; 221#x1B[0m     #x1B[38;5;28mself#x1B[39m#x1B[38;5;241m.#x1B[39mconstraints[name] #x1B[38;5;241m=#x1B[39m #x1B[43mconclass#x1B[49m#x1B[43m(#x1B[49m#x1B[43mvarname#x1B[49m#x1B[43m,#x1B[49m#x1B[43m #x1B[49m#x1B[38;5;241;43m*#x1B[39;49m#x1B[38;5;241;43m*#x1B[39;49m#x1B[43mkwargs#x1B[49m#x1B[43m)#x1B[49m
#x1B[1;32m    222#x1B[0m     #x1B[38;5;28mself#x1B[39m#x1B[38;5;241m.#x1B[39madd_constraint_callable(name)
#x1B[1;32m    223#x1B[0m     #x1B[38;5;28mself#x1B[39m#x1B[38;5;241m.#x1B[39miter_hist[#x1B[38;5;124m"#x1B[39m#x1B[38;5;124mconstraints#x1B[39m#x1B[38;5;124m"#x1B[39m][name] #x1B[38;5;241m=#x1B[39m []

#x1B[0;31mTypeError#x1B[0m: Invalid kwarg: metric not in __fields__ and has not __dict__</failure></testcase><testcase classname="examples.multirotor.drone_mdl_dynamic" name="examples.multirotor.drone_mdl_dynamic.AffectDOF.inc_pos" time="0.011" /><testcase classname="examples.multirotor.drone_mdl_dynamic" name="examples.multirotor.drone_mdl_dynamic.PlanPath.assign_vectdist_to_goal" time="0.006" /><testcase classname="examples.multirotor.drone_mdl_dynamic" name="examples.multirotor.drone_mdl_dynamic.PlanPath.calc_dist_to_goal" time="0.006" /><testcase classname="examples.multirotor.drone_mdl_dynamic" name="examples.multirotor.drone_mdl_dynamic.SightGrid" time="0.738" /><testcase classname="examples.multirotor.drone_mdl_hierarchical" name="examples.multirotor.drone_mdl_hierarchical.AffectDOF.calc_pwr" time="0.028" /><testcase classname="examples.multirotor.drone_mdl_hierarchical" name="examples.multirotor.drone_mdl_hierarchical.LineArchParam" time="0.005" /><testcase classname="examples.multirotor.drone_mdl_static" name="examples.multirotor.drone_mdl_static.AffectDOF.static_behavior" time="0.018" /><testcase classname="examples.multirotor.drone_mdl_static" name="examples.multirotor.drone_mdl_static.CtlDOF.static_behavior" time="0.010" /><testcase classname="examples.multirotor.drone_mdl_static" name="examples.multirotor.drone_mdl_static.DesTrajState.dist2d" time="0.004" /><testcase classname="examples.multirotor.drone_mdl_static" name="examples.multirotor.drone_mdl_static.DesTrajState.unit_vect2d" time="0.004" /><testcase classname="examples.multirotor.drone_mdl_static" name="examples.multirotor.drone_mdl_static.DistEE.static_behavior" time="0.013" /><testcase classname="examples.multirotor.drone_mdl_static" name="examples.multirotor.drone_mdl_static.HoldPayload.static_behavior" time="0.007" /><testcase classname="examples.multirotor.drone_mdl_static" name="examples.multirotor.drone_mdl_static.PlanPath.static_behavior" time="0.007" /><testcase classname="examples.multirotor.test_multirotor.DroneParameterTests" name="test_objectives" time="1.112" /><testcase classname="examples.multirotor.test_multirotor.DroneParameterTests" name="test_param_domain_1" time="0.002" /><testcase classname="examples.multirotor.test_multirotor.DroneParameterTests" name="test_param_domain_2" time="0.002" /><testcase classname="examples.multirotor.test_multirotor.DroneParameterTests" name="test_set_constraints_1" time="0.001" /><testcase classname="examples.multirotor.test_multirotor.DroneParameterTests" name="test_set_constraints_2" time="0.001" /><testcase classname="examples.multirotor.test_multirotor.DroneParameterTests" name="test_sim_mdl" time="0.499" /><testcase classname="examples.multirotor.test_multirotor.DroneScenarioTest" name="test_scenprob_results" time="1.593" /><testcase classname="examples.multirotor.test_multirotor.DroneScenarioTest2" name="test_scenprob_results" time="1.271" /><testcase classname="examples.multirotor.test_multirotor.DroneScenarioTest3" name="test_scenprob_results" time="1.396" /><testcase classname="examples.multirotor.test_multirotor.DroneDisturbanceTest" name="test_disturbance_set" time="0.738" /><testcase classname="examples.pump.Optimization.ipynb" name="Optimization.ipynb" time="228.908" /><testcase classname="examples.pump.Parallelism_Tutorial.ipynb" name="Parallelism_Tutorial.ipynb" time="207.584" /><testcase classname="examples.pump.Pump_Example_Notebook.ipynb" name="Pump_Example_Notebook.ipynb" time="50.570" /><testcase classname="examples.pump.Tutorial_complete.ipynb" name="Tutorial_complete.ipynb" time="23.717" /><testcase classname="examples.pump.ex_pump" name="examples.pump.ex_pump.accumulate" time="0.004" /><testcase classname="examples.pump.ex_pump" name="examples.pump.ex_pump.reseting_accumulate" time="0.003" /><testcase classname="examples.pump.test_pump.PumpTests" name="test_app_prop_values" time="1.211" /><testcase classname="examples.pump.test_pump.PumpTests" name="test_approach_cost_calc" time="128.097" /><testcase classname="examples.pump.test_pump.PumpTests" name="test_approach_parallelism" time="55.838" /><testcase classname="examples.pump.test_pump.PumpTests" name="test_dynamic_prop_values" time="1.146" /><testcase classname="examples.pump.test_pump.PumpTests" name="test_dynamic_prop_values_2" time="1.786" /><testcase classname="examples.pump.test_pump.PumpTests" name="test_fault_sample_isave" time="16.162" /><testcase classname="examples.pump.test_pump.PumpTests" name="test_fault_sample_save" time="13.777" /><testcase classname="examples.pump.test_pump.PumpTests" name="test_fmea_options" time="1.814" /><testcase classname="examples.pump.test_pump.PumpTests" name="test_hist_tracking_setup" time="0.067" /><testcase classname="examples.pump.test_pump.PumpTests" name="test_model_copy_different" time="6.228" /><testcase classname="examples.pump.test_pump.PumpTests" name="test_model_copy_same" time="11.692" /><testcase classname="examples.pump.test_pump.PumpTests" name="test_model_reset" time="0.002"><skipped type="pytest.skip" message="Reset not fully implemented yet and unused throughout.">/fmdtools/examples/pump/test_pump.py:137: Reset not fully implemented yet and unused throughout.</skipped></testcase><testcase classname="examples.pump.test_pump.PumpTests" name="test_nested_sample_isave" time="147.873" /><testcase classname="examples.pump.test_pump.PumpTests" name="test_nested_sample_save" time="149.842" /><testcase classname="examples.pump.test_pump.PumpTests" name="test_nominal_save" time="0.615" /><testcase classname="examples.pump.test_pump.PumpTests" name="test_one_run_csv" time="0.386" /><testcase classname="examples.pump.test_pump.PumpTests" name="test_one_run_json" time="0.378" /><testcase classname="examples.pump.test_pump.PumpTests" name="test_one_run_pickle" time="0.544" /><testcase classname="examples.pump.test_pump.PumpTests" name="test_onefault_save" time="2.047" /><testcase classname="examples.pump.test_pump.PumpTests" name="test_param_sample" time="0.063" /><testcase classname="examples.pump.test_pump.PumpTests" name="test_param_sample_isave" time="6.405" /><testcase classname="examples.pump.test_pump.PumpTests" name="test_param_sample_save" time="5.947" /><testcase classname="examples.pump.test_pump.PumpTests" name="test_pickleability" time="0.052" /><testcase classname="examples.pump.test_pump.PumpTests" name="test_save_load_multfault" time="1.201" /><testcase classname="examples.pump.test_pump.PumpTests" name="test_single_faults_isave" time="5.727" /><testcase classname="examples.pump.test_pump.PumpTests" name="test_single_faults_save" time="5.213" /><testcase classname="examples.pump.test_pump.PumpTests" name="test_value_setting" time="0.036" /><testcase classname="examples.pump.test_pump.PumpTests" name="test_value_setting_dict" time="0.035" /><testcase classname="examples.pump.test_pump.IndivPumpTests" name="test_mutable_setup" time="0.077" /><testcase classname="examples.pump.test_pump_example.ImportEE_Tests" name="test_behave_inf_v" time="0.004" /><testcase classname="examples.pump.test_pump_example.ImportEE_Tests" name="test_behave_no_v" time="0.003" /><testcase classname="examples.pump.test_pump_example.ImportEE_Tests" name="test_behave_nom" time="0.003" /><testcase classname="examples.pump.test_pump_example.ImportEE_Tests" name="test_condfaults_hi" time="0.003" /><testcase classname="examples.pump.test_pump_example.ImportEE_Tests" name="test_condfaults_nom" time="0.003" /><testcase classname="examples.pump.test_pump_example.ImportEE_Tests" name="test_initialization" time="0.003" /><testcase classname="examples.pump.test_pump_example.MoveWat_Tests" name="test_condfaults_dynamic" time="0.005" /><testcase classname="examples.pump.test_pump_example.MoveWat_Tests" name="test_initialization" time="0.004" /><testcase classname="examples.pump.test_pump_example.MoveWat_Tests" name="test_nom" time="0.005" /><testcase classname="examples.pump.test_pump_example.Integration_Tests" name="test_blockage_results" time="0.493" /><testcase classname="examples.pump.test_pump_example.Integration_Tests" name="test_blockage_static" time="0.048" /><testcase classname="examples.pump.test_pump_example.Integration_Tests" name="test_nominal_results" time="0.258" /><testcase classname="examples.pump.test_pump_stochastic.StochasticPumpTests" name="test_mdl_pickle" time="0.657" /><testcase classname="examples.pump.test_pump_stochastic.StochasticPumpTests" name="test_model_copy_different" time="7.620" /><testcase classname="examples.pump.test_pump_stochastic.StochasticPumpTests" name="test_model_copy_same" time="11.405" /><testcase classname="examples.pump.test_pump_stochastic.StochasticPumpTests" name="test_model_reset" time="0.001"><skipped type="pytest.skip" message="Reset not fully implemented yet and unused throughout.">/fmdtools/examples/pump/test_pump_stochastic.py:115: Reset not fully implemented yet and unused throughout.</skipped></testcase><testcase classname="examples.pump.test_pump_stochastic.StochasticPumpTests" name="test_model_set_vars" time="0.034" /><testcase classname="examples.pump.test_pump_stochastic.StochasticPumpTests" name="test_nested_sample_isave" time="298.767" /><testcase classname="examples.pump.test_pump_stochastic.StochasticPumpTests" name="test_nested_sample_save" time="297.048" /><testcase classname="examples.pump.test_pump_stochastic.StochasticPumpTests" name="test_param_sample_isave" time="5.086" /><testcase classname="examples.pump.test_pump_stochastic.StochasticPumpTests" name="test_param_sample_save" time="4.624" /><testcase classname="examples.pump.test_pump_stochastic.StochasticPumpTests" name="test_plot_nested_hists" time="38.981" /><testcase classname="examples.pump.test_pump_stochastic.StochasticPumpTests" name="test_plot_nominal_vals" time="4.555" /><testcase classname="examples.pump.test_pump_stochastic.StochasticPumpTests" name="test_plot_nominal_vals_xd" time="196.838" /><testcase classname="examples.pump.test_pump_stochastic.StochasticPumpTests" name="test_rand_paramsample_plot" time="12.271" /><testcase classname="examples.pump.test_pump_stochastic.StochasticPumpTests" name="test_run_approach" time="336.461" /><testcase classname="examples.pump.test_pump_stochastic.StochasticPumpTests" name="test_run_safety" time="17.999" /><testcase classname="examples.pump.test_pump_stochastic.StochasticPumpTests" name="test_set_seeds" time="0.114" /><testcase classname="examples.pump.test_pump_stochastic.StochasticPumpTests" name="test_stochastic_pdf" time="0.087" /><testcase classname="examples.rover.FaultSample_Use-Cases.ipynb" name="FaultSample_Use-Cases.ipynb" time="15.712" /><testcase classname="examples.rover.HFAC_Analyses.IDETC_Human_Paper_Analysis.ipynb" name="IDETC_Human_Paper_Analysis.ipynb" time="463.402" /><testcase classname="examples.rover.Model_Structure_Visualization_Tutorial.ipynb" name="Model_Structure_Visualization_Tutorial.ipynb" time="81.507" /><testcase classname="examples.rover.ParameterSample_Use-Cases.ipynb" name="ParameterSample_Use-Cases.ipynb" time="355.575" /><testcase classname="examples.rover.Rover_Setup_Notebook.ipynb" name="Rover_Setup_Notebook.ipynb" time="83.381" /><testcase classname="examples.rover.degradation_modelling.Degradation_Modelling_Notebook.ipynb" name="Degradation_Modelling_Notebook.ipynb" time="525.993" /><testcase classname="examples.rover.rover_model" name="examples.rover.rover_model.Drive.drive_nominal" time="0.111" /><testcase classname="examples.rover.rover_model_human" name="examples.rover.rover_model_human.Comprehend" time="0.007" /><testcase classname="examples.rover.rover_model_human" name="examples.rover.rover_model_human.Decide" time="0.005" /><testcase classname="examples.rover.rover_model_human" name="examples.rover.rover_model_human.HumanActions" time="0.022" /><testcase classname="examples.rover.rover_model_human" name="examples.rover.rover_model_human.Look" time="0.005" /><testcase classname="examples.rover.rover_model_human" name="examples.rover.rover_model_human.Percieve" time="0.006" /><testcase classname="examples.rover.rover_model_human" name="examples.rover.rover_model_human.Press" time="0.006" /><testcase classname="examples.rover.rover_model_human" name="examples.rover.rover_model_human.Project" time="0.006" /><testcase classname="examples.rover.test_rover.RoverTests" name="test_obj_values" time="6.589" /><testcase classname="examples.tank.Tank_Analysis.ipynb" name="Tank_Analysis.ipynb" time="64.181" /><testcase classname="examples.tank.test_tank.TankTests" name="test_approach" time="9.682" /><testcase classname="examples.tank.test_tank.TankTests" name="test_approach_parallelism_0" time="9.199" /><testcase classname="examples.tank.test_tank.TankTests" name="test_approach_parallelism_1" time="25.239" /><testcase classname="examples.tank.test_tank.TankTests" name="test_approach_parallelism_notrack" time="9.519" /><testcase classname="examples.tank.test_tank.TankTests" name="test_comp_mode_inj" time="0.250" /><testcase classname="examples.tank.test_tank.TankTests" name="test_different_components" time="0.090" /><testcase classname="examples.tank.test_tank.TankTests" name="test_epc_math" time="0.053" /><testcase classname="examples.tank.test_tank.TankTests" name="test_fault_sample_isave" time="11.671" /><testcase classname="examples.tank.test_tank.TankTests" name="test_fault_sample_save" time="10.894" /><testcase classname="examples.tank.test_tank.TankTests" name="test_local_tstep" time="0.721" /><testcase classname="examples.tank.test_tank.TankTests" name="test_model_copy_different" time="3.146" /><testcase classname="examples.tank.test_tank.TankTests" name="test_model_copy_same" time="5.792" /><testcase classname="examples.tank.test_tank.TankTests" name="test_model_reset" time="0.001"><skipped type="pytest.skip" message="Reset not fully implemented yet and unused throughout.">/fmdtools/examples/tank/test_tank.py:69: Reset not fully implemented yet and unused throughout.</skipped></testcase><testcase classname="examples.tank.test_tank.TankTests" name="test_nested_sample_isave" time="105.367" /><testcase classname="examples.tank.test_tank.TankTests" name="test_nested_sample_save" time="109.672" /><testcase classname="examples.tank.test_tank.TankTests" name="test_param_sample_save" time="3.024" /><testcase classname="examples.tank.test_tank.TankTests" name="test_save_load_multfault" time="0.931" /><testcase classname="examples.tank.test_tank.TankTests" name="test_save_load_nominal" time="0.514" /><testcase classname="examples.tank.test_tank.TankTests" name="test_save_load_onefault" time="0.685" /><testcase classname="examples.tank.test_tank.TankTests" name="test_save_load_singlefaults" time="5.302" /><testcase classname="examples.tank.test_tank.TankTests" name="test_singlefaults_isave" time="5.447" /><testcase classname="examples.tank.test_tank.TankTests" name="test_tank_copy_args" time="0.116" /><testcase classname="examples.taxiway.Paper_Notebook.ipynb" name="Paper_Notebook.ipynb" time="41.305" /><testcase classname="examples.taxiway.test_asset.AssetTests" name="test_avoid" time="0.278" /><testcase classname="examples.taxiway.test_asset.AssetTests" name="test_avoid_plot" time="1.147" /><testcase classname="examples.taxiway.test_asset.AssetTests" name="test_heli_cycle" time="0.118" /><testcase classname="examples.taxiway.test_asset.AssetTests" name="test_heli_cycle_plot" time="0.657" /><testcase classname="examples.taxiway.test_asset.AssetTests" name="test_lost_sight" time="1.659" /><testcase classname="examples.taxiway.test_asset.AssetTests" name="test_lost_sight_plot" time="2.118" /><testcase classname="examples.taxiway.test_asset.AssetTests" name="test_one_cycle" time="0.178" /><testcase classname="examples.taxiway.test_asset.AssetTests" name="test_one_cycle_plot" time="0.581" /><testcase classname="examples.taxiway.test_model.ModelTests" name="test_atc_lost_ground_perception" time="5.327" /><testcase classname="examples.taxiway.test_model.ModelTests" name="test_atc_lost_ground_perception_plot" time="7.592" /><testcase classname="examples.taxiway.test_model.ModelTests" name="test_atc_wrong_land_command" time="6.189" /><testcase classname="examples.taxiway.test_model.ModelTests" name="test_atc_wrong_land_command_lost_sight" time="6.281" /><testcase classname="examples.taxiway.test_model.ModelTests" name="test_atc_wrong_land_command_sight_plot" time="10.707" /><testcase classname="examples.taxiway.test_model.ModelTests" name="test_default_plots" time="9.521" /><testcase classname="examples.taxiway.test_model.ModelTests" name="test_scen" time="1.799" /><testcase classname="fmdtools.analyze.common" name="fmdtools.analyze.common.auto_filetype" time="0.007" /><testcase classname="fmdtools.analyze.common" name="fmdtools.analyze.common.calc_average" time="0.003" /><testcase classname="fmdtools.analyze.common" name="fmdtools.analyze.common.calc_expected" time="0.003" /><testcase classname="fmdtools.analyze.common" name="fmdtools.analyze.common.calc_metric" time="0.004" /><testcase classname="fmdtools.analyze.common" name="fmdtools.analyze.common.calc_metric_ci" time="0.026" /><testcase classname="fmdtools.analyze.common" name="fmdtools.analyze.common.calc_percent" time="0.003" /><testcase classname="fmdtools.analyze.common" name="fmdtools.analyze.common.calc_rate" time="0.003" /><testcase classname="fmdtools.analyze.common" name="fmdtools.analyze.common.calc_sum" time="0.003" /><testcase classname="fmdtools.analyze.common" name="fmdtools.analyze.common.calc_total" time="0.003" /><testcase classname="fmdtools.analyze.common" name="fmdtools.analyze.common.create_indiv_filename" time="0.003" /><testcase classname="fmdtools.analyze.common" name="fmdtools.analyze.common.diff" time="0.003" /><testcase classname="fmdtools.analyze.common" name="fmdtools.analyze.common.join_key" time="0.003" /><testcase classname="fmdtools.analyze.common" name="fmdtools.analyze.common.to_include_keys" time="0.003" /><testcase classname="fmdtools.analyze.graph.base" name="fmdtools.analyze.graph.base.Graph" time="0.640" /><testcase classname="fmdtools.analyze.graph.base" name="fmdtools.analyze.graph.base.Graph.add_node_groups" time="0.176" /><testcase classname="fmdtools.analyze.graph.base" name="fmdtools.analyze.graph.base.Graph.set_heatmap" time="0.145" /><testcase classname="fmdtools.analyze.graph.model" name="fmdtools.analyze.graph.model.ModelGraph" time="0.011" /><testcase classname="fmdtools.analyze.graph.model" name="fmdtools.analyze.graph.model.create_inheritance_subgraph" time="0.006" /><testcase classname="fmdtools.analyze.graph.style" name="fmdtools.analyze.graph.style.FlowEdgeStyle" time="0.003" /><testcase classname="fmdtools.analyze.graph.style" name="fmdtools.analyze.graph.style.edge_style_factory" time="0.523" /><testcase classname="fmdtools.analyze.graph.style" name="fmdtools.analyze.graph.style.node_style_factory" time="0.993" /><testcase classname="fmdtools.analyze.graph.style" name="fmdtools.analyze.graph.style.to_legend_label" time="0.004" /><testcase classname="fmdtools.analyze.history" name="fmdtools.analyze.history.History" time="0.005" /><testcase classname="fmdtools.analyze.history" name="fmdtools.analyze.history.History.cut" time="0.003" /><testcase classname="fmdtools.analyze.history" name="fmdtools.analyze.history.History.get_degraded_hist" time="0.004" /><testcase classname="fmdtools.analyze.history" name="fmdtools.analyze.history.History.get_fault_time" time="0.003" /><testcase classname="fmdtools.analyze.history" name="fmdtools.analyze.history.History.get_faulty_hist" time="0.004" /><testcase classname="fmdtools.analyze.history" name="fmdtools.analyze.history.History.get_mean_bound_errhist" time="0.005" /><testcase classname="fmdtools.analyze.history" name="fmdtools.analyze.history.History.get_mean_ci_errhist" time="0.014" /><testcase classname="fmdtools.analyze.history" name="fmdtools.analyze.history.History.get_mean_std_errhist" time="0.004" /><testcase classname="fmdtools.analyze.history" name="fmdtools.analyze.history.History.get_percentile_errhist" time="0.009" /><testcase classname="fmdtools.analyze.history" name="fmdtools.analyze.history.History.get_slice" time="0.003" /><testcase classname="fmdtools.analyze.phases" name="fmdtools.analyze.phases.PhaseMap.calc_modephase_time" time="0.003" /><testcase classname="fmdtools.analyze.phases" name="fmdtools.analyze.phases.PhaseMap.calc_phase_time" time="0.003" /><testcase classname="fmdtools.analyze.phases" name="fmdtools.analyze.phases.PhaseMap.calc_samples_in_phases" time="0.003" /><testcase classname="fmdtools.analyze.phases" name="fmdtools.analyze.phases.PhaseMap.find_modephase" time="0.003" /><testcase classname="fmdtools.analyze.phases" name="fmdtools.analyze.phases.PhaseMap.get_phase_times" time="0.003" /><testcase classname="fmdtools.analyze.phases" name="fmdtools.analyze.phases.PhaseMap.get_sample_times" time="0.003" /><testcase classname="fmdtools.analyze.phases" name="fmdtools.analyze.phases.find_interval_overlap" time="0.003" /><testcase classname="fmdtools.analyze.phases" name="fmdtools.analyze.phases.from_hist" time="0.004" /><testcase classname="fmdtools.analyze.phases" name="fmdtools.analyze.phases.join_phasemaps" time="0.003" /><testcase classname="fmdtools.analyze.result" name="fmdtools.analyze.result.Result" time="0.004" /><testcase classname="fmdtools.analyze.result" name="fmdtools.analyze.result.Result.__eq__" time="0.004" /><testcase classname="fmdtools.analyze.result" name="fmdtools.analyze.result.Result.__sub__" time="0.004" /><testcase classname="fmdtools.analyze.result" name="fmdtools.analyze.result.Result.align_external_dict" time="0.003" /><testcase classname="fmdtools.analyze.result" name="fmdtools.analyze.result.Result.fromdict" time="0.003" /><testcase classname="fmdtools.analyze.result" name="fmdtools.analyze.result.Result.get" time="0.003" /><testcase classname="fmdtools.analyze.result" name="fmdtools.analyze.result.Result.get_metric" time="0.005" /><testcase classname="fmdtools.analyze.result" name="fmdtools.analyze.result.Result.get_metric_ci" time="0.010" /><testcase classname="fmdtools.analyze.result" name="fmdtools.analyze.result.Result.get_vals" time="0.004" /><testcase classname="fmdtools.analyze.result" name="fmdtools.analyze.result.Result.is_flat" time="0.003" /><testcase classname="fmdtools.analyze.tabulate" name="fmdtools.analyze.tabulate.Comparison" time="1.891" /><testcase classname="fmdtools.analyze.tabulate" name="fmdtools.analyze.tabulate.FMEA" time="0.055" /><testcase classname="fmdtools.analyze.tabulate" name="fmdtools.analyze.tabulate.result_summary" time="0.129" /><testcase classname="fmdtools.analyze.tabulate" name="fmdtools.analyze.tabulate.result_summary_fmea" time="0.480" /><testcase classname="fmdtools.define.architecture.action" name="fmdtools.define.architecture.action.ActionArchitectureActGraph" time="0.013" /><testcase classname="fmdtools.define.architecture.action" name="fmdtools.define.architecture.action.ActionArchitectureFlowGraph" time="0.010" /><testcase classname="fmdtools.define.architecture.action" name="fmdtools.define.architecture.action.ActionArchitectureGraph" time="0.010" /><testcase classname="fmdtools.define.architecture.function" name="fmdtools.define.architecture.function.FunctionArchitecture" time="0.015" /><testcase classname="fmdtools.define.architecture.function" name="fmdtools.define.architecture.function.FunctionArchitectureFlowGraph" time="0.018" /><testcase classname="fmdtools.define.architecture.function" name="fmdtools.define.architecture.function.FunctionArchitectureFxnGraph" time="0.019" /><testcase classname="fmdtools.define.architecture.function" name="fmdtools.define.architecture.function.FunctionArchitectureGraph" time="0.024" /><testcase classname="fmdtools.define.architecture.function" name="fmdtools.define.architecture.function.FunctionArchitectureTypeGraph" time="0.010" /><testcase classname="fmdtools.define.architecture.geom" name="fmdtools.define.architecture.geom.GeomArchitecture" time="0.009" /><testcase classname="fmdtools.define.architecture.geom" name="fmdtools.define.architecture.geom.GeomArchitecture.all_at" time="0.012" /><testcase classname="fmdtools.define.base" name="fmdtools.define.base.is_bool" time="0.005" /><testcase classname="fmdtools.define.base" name="fmdtools.define.base.is_numeric" time="0.003" /><testcase classname="fmdtools.define.base" name="fmdtools.define.base.nan_to_x" time="0.003" /><testcase classname="fmdtools.define.block.action" name="fmdtools.define.block.action.Action" time="0.006" /><testcase classname="fmdtools.define.block.base" name="fmdtools.define.block.base.SimParam.get_hist_ind" time="0.003" /><testcase classname="fmdtools.define.block.base" name="fmdtools.define.block.base.SimParam.get_shift" time="0.004" /><testcase classname="fmdtools.define.block.base" name="fmdtools.define.block.base.SimParam.get_timerange" time="0.004" /><testcase classname="fmdtools.define.block.function" name="fmdtools.define.block.function.Function" time="0.006" /><testcase classname="fmdtools.define.container.base" name="fmdtools.define.container.base.BaseContainer.assign" time="0.005" /><testcase classname="fmdtools.define.container.base" name="fmdtools.define.container.base.BaseContainer.copy" time="0.003" /><testcase classname="fmdtools.define.container.base" name="fmdtools.define.container.base.BaseContainer.create_hist" time="0.003" /><testcase classname="fmdtools.define.container.base" name="fmdtools.define.container.base.BaseContainer.get_field_dict" time="0.003" /><testcase classname="fmdtools.define.container.base" name="fmdtools.define.container.base.BaseContainer.set_field" time="0.003" /><testcase classname="fmdtools.define.container.base" name="fmdtools.define.container.base.BaseContainer.to_default" time="0.003" /><testcase classname="fmdtools.define.container.base" name="fmdtools.define.container.base.check_container_pick" time="0.003" /><testcase classname="fmdtools.define.container.mode" name="fmdtools.define.container.mode.Fault.calc_rate" time="0.004" /><testcase classname="fmdtools.define.container.mode" name="fmdtools.define.container.mode.Mode" time="0.004" /><testcase classname="fmdtools.define.container.parameter" name="fmdtools.define.container.parameter.Parameter" time="0.004" /><testcase classname="fmdtools.define.container.rand" name="fmdtools.define.container.rand.Rand" time="0.007" /><testcase classname="fmdtools.define.container.rand" name="fmdtools.define.container.rand.Rand.get_rand_states" time="0.004" /><testcase classname="fmdtools.define.container.rand" name="fmdtools.define.container.rand.calc_prob_density_for_random" time="0.003" /><testcase classname="fmdtools.define.container.rand" name="fmdtools.define.container.rand.calc_prob_for_choice" time="0.003" /><testcase classname="fmdtools.define.container.rand" name="fmdtools.define.container.rand.calc_prob_for_integers" time="0.003" /><testcase classname="fmdtools.define.container.rand" name="fmdtools.define.container.rand.calc_prob_for_permuted" time="0.004" /><testcase classname="fmdtools.define.container.rand" name="fmdtools.define.container.rand.calc_prob_for_shuffle_permutation" time="0.003" /><testcase classname="fmdtools.define.container.rand" name="fmdtools.define.container.rand.get_exp_ray_pdf" time="0.004" /><testcase classname="fmdtools.define.container.rand" name="fmdtools.define.container.rand.get_hypergeometric_pmf" time="0.003" /><testcase classname="fmdtools.define.container.rand" name="fmdtools.define.container.rand.get_lognormal_pdf" time="0.004" /><testcase classname="fmdtools.define.container.rand" name="fmdtools.define.container.rand.get_prob_for_rand" time="0.004" /><testcase classname="fmdtools.define.container.rand" name="fmdtools.define.container.rand.get_standard_t_pdf" time="0.004" /><testcase classname="fmdtools.define.container.rand" name="fmdtools.define.container.rand.get_triangular_pdf" time="0.006" /><testcase classname="fmdtools.define.container.state" name="fmdtools.define.container.state.State" time="0.004" /><testcase classname="fmdtools.define.container.state" name="fmdtools.define.container.state.State.add" time="0.003" /><testcase classname="fmdtools.define.container.state" name="fmdtools.define.container.state.State.div" time="0.003" /><testcase classname="fmdtools.define.container.state" name="fmdtools.define.container.state.State.get" time="0.003" /><testcase classname="fmdtools.define.container.state" name="fmdtools.define.container.state.State.gett" time="0.003" /><testcase classname="fmdtools.define.container.state" name="fmdtools.define.container.state.State.inc" time="0.003" /><testcase classname="fmdtools.define.container.state" name="fmdtools.define.container.state.State.limit" time="0.003" /><testcase classname="fmdtools.define.container.state" name="fmdtools.define.container.state.State.mul" time="0.003" /><testcase classname="fmdtools.define.container.state" name="fmdtools.define.container.state.State.put" time="0.003" /><testcase classname="fmdtools.define.container.state" name="fmdtools.define.container.state.State.roundto" time="0.003" /><testcase classname="fmdtools.define.container.state" name="fmdtools.define.container.state.State.same" time="0.005" /><testcase classname="fmdtools.define.container.state" name="fmdtools.define.container.state.State.set_atts" time="0.003" /><testcase classname="fmdtools.define.container.state" name="fmdtools.define.container.state.State.sub" time="0.003" /><testcase classname="fmdtools.define.container.time" name="fmdtools.define.container.time.Time" time="0.005" /><testcase classname="fmdtools.define.environment" name="fmdtools.define.environment.Environment" time="0.026" /><testcase classname="fmdtools.define.environment" name="fmdtools.define.environment.Environment.copy" time="0.056" /><testcase classname="fmdtools.define.flow.base" name="fmdtools.define.flow.base.Flow" time="0.006" /><testcase classname="fmdtools.define.flow.commsflow" name="fmdtools.define.flow.commsflow.CommsFlow" time="0.008" /><testcase classname="fmdtools.define.flow.multiflow" name="fmdtools.define.flow.multiflow.MultiFlow" time="0.005" /><testcase classname="fmdtools.define.flow.multiflow" name="fmdtools.define.flow.multiflow.MultiFlow.create_hist" time="0.006" /><testcase classname="fmdtools.define.flow.multiflow" name="fmdtools.define.flow.multiflow.MultiFlow.get_view" time="0.005" /><testcase classname="fmdtools.define.object.base" name="fmdtools.define.object.base.BaseObject" time="0.007" /><testcase classname="fmdtools.define.object.base" name="fmdtools.define.object.base.BaseObject.assign_roles" time="0.005" /><testcase classname="fmdtools.define.object.base" name="fmdtools.define.object.base.BaseObject.get_att_roletype" time="0.004" /><testcase classname="fmdtools.define.object.base" name="fmdtools.define.object.base.BaseObject.get_node_attrs" time="0.005" /><testcase classname="fmdtools.define.object.coords" name="fmdtools.define.object.coords.BaseCoords.find_all_prop" time="0.006" /><testcase classname="fmdtools.define.object.coords" name="fmdtools.define.object.coords.BaseCoords.find_all_props" time="0.008" /><testcase classname="fmdtools.define.object.coords" name="fmdtools.define.object.coords.BaseCoords.get" time="0.005" /><testcase classname="fmdtools.define.object.coords" name="fmdtools.define.object.coords.BaseCoords.get_neighbors" time="0.011" /><testcase classname="fmdtools.define.object.coords" name="fmdtools.define.object.coords.BaseCoords.get_properties" time="0.005" /><testcase classname="fmdtools.define.object.coords" name="fmdtools.define.object.coords.BaseCoords.set" time="0.005" /><testcase classname="fmdtools.define.object.coords" name="fmdtools.define.object.coords.BaseCoords.set_pts" time="0.006" /><testcase classname="fmdtools.define.object.coords" name="fmdtools.define.object.coords.BaseCoords.set_range" time="0.011" /><testcase classname="fmdtools.define.object.coords" name="fmdtools.define.object.coords.BaseCoords.to_gridpoint" time="0.008" /><testcase classname="fmdtools.define.object.coords" name="fmdtools.define.object.coords.BaseCoords.to_index" time="0.006" /><testcase classname="fmdtools.define.object.coords" name="fmdtools.define.object.coords.Coords" time="0.010" /><testcase classname="fmdtools.define.object.coords" name="fmdtools.define.object.coords.Coords.copy" time="0.007" /><testcase classname="fmdtools.define.object.coords" name="fmdtools.define.object.coords.Coords.find_all" time="0.008" /><testcase classname="fmdtools.define.object.coords" name="fmdtools.define.object.coords.Coords.find_closest" time="0.007" /><testcase classname="fmdtools.define.object.coords" name="fmdtools.define.object.coords.Coords.in_area" time="0.006" /><testcase classname="fmdtools.define.object.coords" name="fmdtools.define.object.coords.Coords.set_rand_pts" time="0.006" /><testcase classname="fmdtools.define.object.coords" name="fmdtools.define.object.coords.CoordsParam" time="0.006" /><testcase classname="fmdtools.define.object.coords" name="fmdtools.define.object.coords.MetricCoords" time="0.007" /><testcase classname="fmdtools.define.object.geom" name="fmdtools.define.object.geom.Geom.all_at" time="0.006" /><testcase classname="fmdtools.define.object.geom" name="fmdtools.define.object.geom.Geom.vect_at_shape" time="0.006" /><testcase classname="fmdtools.define.object.geom" name="fmdtools.define.object.geom.Geom.vect_to_shape" time="0.007" /><testcase classname="fmdtools.define.object.geom" name="fmdtools.define.object.geom.GeomLine" time="0.006" /><testcase classname="fmdtools.define.object.geom" name="fmdtools.define.object.geom.GeomPoint" time="0.006" /><testcase classname="fmdtools.define.object.geom" name="fmdtools.define.object.geom.GeomPoly" time="0.006" /><testcase classname="fmdtools.define.object.geom" name="fmdtools.define.object.geom.LineParam" time="0.004" /><testcase classname="fmdtools.define.object.geom" name="fmdtools.define.object.geom.PointParam" time="0.004" /><testcase classname="fmdtools.define.object.geom" name="fmdtools.define.object.geom.PolyParam" time="0.004" /><testcase classname="fmdtools.define.object.timer" name="fmdtools.define.object.timer.Timer" time="0.004" /><testcase classname="fmdtools.sim.sample" name="fmdtools.sim.sample.BaseSample.get_metric" time="0.011" /><testcase classname="fmdtools.sim.sample" name="fmdtools.sim.sample.FaultDomain.add_all" time="0.013" /><testcase classname="fmdtools.sim.sample" name="fmdtools.sim.sample.FaultDomain.add_all_fxn_modes" time="0.012" /><testcase classname="fmdtools.sim.sample" name="fmdtools.sim.sample.FaultDomain.add_all_fxnclass_modes" time="0.012" /><testcase classname="fmdtools.sim.sample" name="fmdtools.sim.sample.FaultDomain.add_faults" time="0.029" /><testcase classname="fmdtools.sim.sample" name="fmdtools.sim.sample.FaultDomain.add_singlecomp_modes" time="0.054" /><testcase classname="fmdtools.sim.sample" name="fmdtools.sim.sample.FaultSample" time="0.004" /><testcase classname="fmdtools.sim.sample" name="fmdtools.sim.sample.FaultSample.add_fault_phases" time="0.056" /><testcase classname="fmdtools.sim.sample" name="fmdtools.sim.sample.FaultSample.add_fault_times" time="0.061" /><testcase classname="fmdtools.sim.sample" name="fmdtools.sim.sample.FaultSample.add_joint_fault_scenario" time="0.073" /><testcase classname="fmdtools.sim.sample" name="fmdtools.sim.sample.FaultSample.add_single_fault_scenario" time="0.057" /><testcase classname="fmdtools.sim.sample" name="fmdtools.sim.sample.ParameterDomain" time="0.005" /><testcase classname="fmdtools.sim.sample" name="fmdtools.sim.sample.ParameterDomain.get_var_iters" time="0.003" /><testcase classname="fmdtools.sim.sample" name="fmdtools.sim.sample.ParameterHistSample" time="0.005" /><testcase classname="fmdtools.sim.sample" name="fmdtools.sim.sample.ParameterResultSample" time="0.005" /><testcase classname="fmdtools.sim.sample" name="fmdtools.sim.sample.ParameterSample.add_variable_ranges" time="0.005" /><testcase classname="fmdtools.sim.sample" name="fmdtools.sim.sample.ParameterSample.add_variable_replicates" time="0.003" /><testcase classname="fmdtools.sim.sample" name="fmdtools.sim.sample.ParameterSample.add_variable_scenario" time="0.003" /><testcase classname="fmdtools.sim.sample" name="fmdtools.sim.sample.ParameterSample.combine_orthogonal" time="0.003" /><testcase classname="fmdtools.sim.sample" name="fmdtools.sim.sample.ParameterSample.combine_product" time="0.003" /><testcase classname="fmdtools.sim.sample" name="fmdtools.sim.sample.ParameterSample.combine_random" time="0.003" /><testcase classname="fmdtools.sim.sample" name="fmdtools.sim.sample.SampleApproach.add_faultdomain" time="0.049" /><testcase classname="fmdtools.sim.sample" name="fmdtools.sim.sample.SampleApproach.add_faultsample" time="0.060" /><testcase classname="fmdtools.sim.sample" name="fmdtools.sim.sample.combine_orthogonal" time="0.003" /><testcase classname="fmdtools.sim.sample" name="fmdtools.sim.sample.combine_random" time="0.005" /><testcase classname="fmdtools.sim.sample" name="fmdtools.sim.sample.sample_times_even" time="0.004" /><testcase classname="fmdtools.sim.sample" name="fmdtools.sim.sample.sample_times_quad" time="0.004" /><testcase classname="fmdtools.sim.scenario" name="fmdtools.sim.scenario.Sequence" time="0.006" /><testcase classname="fmdtools.sim.scenario" name="fmdtools.sim.scenario.Sequence.update_sequence" time="0.005" /><testcase classname="fmdtools.sim.search" name="fmdtools.sim.search.BaseProblem.get_opt_hist" time="0.004" /><testcase classname="fmdtools.sim.search" name="fmdtools.sim.search.DisturbanceProblem.__init__" time="0.039" /><testcase classname="fmdtools.sim.search" name="fmdtools.sim.search.HistoryObjective" time="0.004" /><testcase classname="fmdtools.sim.search" name="fmdtools.sim.search.ParameterSimProblem" time="0.206" /><testcase classname="fmdtools.sim.search" name="fmdtools.sim.search.ProblemArchitecture" time="0.092" /><testcase classname="fmdtools.sim.search" name="fmdtools.sim.search.ProblemArchitecture.update_full_problem" time="0.071" /><testcase classname="fmdtools.sim.search" name="fmdtools.sim.search.ProblemArchitecture.update_problem" time="0.054" /><testcase classname="fmdtools.sim.search" name="fmdtools.sim.search.ResponseCoords" time="0.007" /><testcase classname="fmdtools.sim.search" name="fmdtools.sim.search.ResultConstraint.con_from_value" time="0.004" /><testcase classname="fmdtools.sim.search" name="fmdtools.sim.search.ResultObjective.get_result_value" time="0.004" /><testcase classname="fmdtools.sim.search" name="fmdtools.sim.search.SimpleProblem" time="0.003" /><testcase classname="fmdtools.sim.search" name="fmdtools.sim.search.SingleFaultScenarioProblem" time="0.031" /><testcase classname="tests.test_graph.ModelGraphTests" name="test_fault_plot" time="0.782" /><testcase classname="tests.test_graph.ModelGraphTests" name="test_flowgraph_plot" time="0.851" /><testcase classname="tests.test_graph.ModelGraphTests" name="test_fxngraph_plot" time="0.492" /><testcase classname="tests.test_graph.ModelGraphTests" name="test_modelgraph_plot" time="0.727" /><testcase classname="tests.test_graph.ModelGraphTests" name="test_result_from_plot" time="0.648" /><testcase classname="tests.test_graph.ModelGraphTests" name="test_typegraph_plot" time="0.258" /><testcase classname="tests.test_hierarchical.define_Tests" name="test_fault_injection" time="0.013" /><testcase classname="tests.test_hierarchical.define_Tests" name="test_prop_method" time="0.314" /><testcase classname="tests.test_hierarchical.define_Tests" name="test_propagation" time="0.012" /><testcase classname="tests.test_hierarchical.define_Tests" name="test_top_level_injection" time="0.010" /><testcase classname="tests.test_packages.define_Tests" name="test_pdf_translation_options" time="0.010" /></testsuite></testsuites>