<?xml version="1.0" encoding="utf-8"?><testsuites><testsuite name="pytest" errors="0" failures="0" skipped="0" tests="10" time="175.832" timestamp="2024-10-24T12:01:55.269918" hostname="starlight"><testcase classname="examples.asg_demo.Action_Sequence_Graph.ipynb" name="" time="7.744" /><testcase classname="examples.eps.EPS_Example_Notebook.ipynb" name="" time="5.282" /><testcase classname="examples.multirotor.Demonstration.ipynb" name="" time="27.518" /><testcase classname="examples.pump.Pump_Example_Notebook.ipynb" name="" time="17.853" /><testcase classname="examples.pump.Tutorial_complete.ipynb" name="" time="8.520" /><testcase classname="examples.rover.Model_Structure_Visualization_Tutorial.ipynb" name="" time="26.110" /><testcase classname="examples.rover.FaultSample_Use-Cases.ipynb" name="" time="5.856" /><testcase classname="examples.rover.Rover_Setup_Notebook.ipynb" name="" time="34.508" /><testcase classname="examples.tank.Tank_Analysis.ipynb" name="" time="19.537" /><testcase classname="examples.taxiway.Paper_Notebook.ipynb" name="" time="16.468" /></testsuite></testsuites>