<?xml version="1.0" encoding="utf-8"?><testsuites><testsuite name="pytest" errors="0" failures="3" skipped="3" tests="304" time="5520.052" timestamp="2024-10-25T22:22:52.119863+00:00" hostname="5c6bd70f0b0a"><testcase classname="examples.asg_demo.Action_Sequence_Graph.ipynb" name="" time="19.095" /><testcase classname="examples.eps.EPS_Example_Notebook.ipynb" name="" time="12.041" /><testcase classname="examples.eps.test_eps.epsTests" name="test_all_faults" time="1.631" /><testcase classname="examples.eps.test_eps.epsTests" name="test_backward_fault_prop_1" time="0.111" /><testcase classname="examples.eps.test_eps.epsTests" name="test_backward_fault_prop_2" time="0.120" /><testcase classname="examples.eps.test_eps.epsTests" name="test_fault_app" time="282.348" /><testcase classname="examples.eps.test_eps.epsTests" name="test_multfault_saving" time="0.292" /><testcase classname="examples.eps.test_eps.epsTests" name="test_nominal_saving" time="0.226" /><testcase classname="examples.eps.test_eps.epsTests" name="test_pickleability" time="0.025" /><testcase classname="examples.eps.test_eps.epsTests" name="test_save_load_onefault" time="0.259" /><testcase classname="examples.eps.test_eps.epsTests" name="test_save_load_singlefaults" time="4.301" /><testcase classname="examples.multiflow_demo.Multiflow_and_Commsflow_Demonstration.ipynb" name="" time="7.450" /><testcase classname="examples.multiflow_demo.test_multiflow.define_Tests" name="test_multiflow_combination" time="0.518" /><testcase classname="examples.multiflow_demo.test_multiflow.define_Tests" name="test_multiflow_passing" time="0.461" /><testcase classname="examples.multiflow_demo.test_multiflow.define_Tests" name="test_mutliflow_copying" time="0.477" /><testcase classname="examples.multirotor.Demonstration.ipynb" name="" time="83.339" /><testcase classname="examples.multirotor.Multirotor_Optimization.ipynb" name="" time="164.473" /><testcase classname="examples.multirotor.Urban_Drone_Demo.ipynb" name="" time="336.733"><failure message="A cell timed out while it was being executed, after 300 seconds.">A cell timed out while it was being executed, after 300 seconds.
The message was: Cell execution timed out.
Here is a preview of the cell contents:
-------------------
endresults, hists = propagate.fault_sample(mdl, fs, staged=False)
-------------------</failure></testcase><testcase classname="examples.multirotor.drone_mdl_dynamic" name="examples.multirotor.drone_mdl_dynamic.AffectDOF.inc_pos" time="0.011" /><testcase classname="examples.multirotor.drone_mdl_dynamic" name="examples.multirotor.drone_mdl_dynamic.PlanPath.assign_vectdist_to_goal" time="0.008" /><testcase classname="examples.multirotor.drone_mdl_dynamic" name="examples.multirotor.drone_mdl_dynamic.PlanPath.calc_dist_to_goal" time="0.012" /><testcase classname="examples.multirotor.drone_mdl_dynamic" name="examples.multirotor.drone_mdl_dynamic.SightGrid" time="0.730" /><testcase classname="examples.multirotor.drone_mdl_hierarchical" name="examples.multirotor.drone_mdl_hierarchical.AffectDOF.calc_pwr" time="0.019" /><testcase classname="examples.multirotor.drone_mdl_hierarchical" name="examples.multirotor.drone_mdl_hierarchical.LineArchParam" time="0.004" /><testcase classname="examples.multirotor.drone_mdl_static" name="examples.multirotor.drone_mdl_static.AffectDOF.static_behavior" time="0.008" /><testcase classname="examples.multirotor.drone_mdl_static" name="examples.multirotor.drone_mdl_static.CtlDOF.static_behavior" time="0.007" /><testcase classname="examples.multirotor.drone_mdl_static" name="examples.multirotor.drone_mdl_static.DesTrajState.dist2d" time="0.003" /><testcase classname="examples.multirotor.drone_mdl_static" name="examples.multirotor.drone_mdl_static.DesTrajState.unit_vect2d" time="0.004" /><testcase classname="examples.multirotor.drone_mdl_static" name="examples.multirotor.drone_mdl_static.DistEE.static_behavior" time="0.011" /><testcase classname="examples.multirotor.drone_mdl_static" name="examples.multirotor.drone_mdl_static.HoldPayload.static_behavior" time="0.009" /><testcase classname="examples.multirotor.drone_mdl_static" name="examples.multirotor.drone_mdl_static.PlanPath.static_behavior" time="0.006" /><testcase classname="examples.multirotor.test_multirotor.DroneParameterTests" name="test_objectives" time="1.155" /><testcase classname="examples.multirotor.test_multirotor.DroneParameterTests" name="test_param_domain_1" time="0.002" /><testcase classname="examples.multirotor.test_multirotor.DroneParameterTests" name="test_param_domain_2" time="0.002" /><testcase classname="examples.multirotor.test_multirotor.DroneParameterTests" name="test_set_constraints_1" time="0.001" /><testcase classname="examples.multirotor.test_multirotor.DroneParameterTests" name="test_set_constraints_2" time="0.001" /><testcase classname="examples.multirotor.test_multirotor.DroneParameterTests" name="test_sim_mdl" time="0.506" /><testcase classname="examples.multirotor.test_multirotor.DroneScenarioTest" name="test_scenprob_results" time="1.708" /><testcase classname="examples.multirotor.test_multirotor.DroneScenarioTest2" name="test_scenprob_results" time="1.189" /><testcase classname="examples.multirotor.test_multirotor.DroneScenarioTest3" name="test_scenprob_results" time="1.248" /><testcase classname="examples.multirotor.test_multirotor.DroneDisturbanceTest" name="test_disturbance_set" time="0.606" /><testcase classname="examples.pump.Optimization.ipynb" name="" time="209.029" /><testcase classname="examples.pump.Parallelism_Tutorial.ipynb" name="" time="186.259" /><testcase classname="examples.pump.Pump_Example_Notebook.ipynb" name="" time="49.962" /><testcase classname="examples.pump.Stochastic_Modelling.ipynb" name="" time="376.596"><failure message="A cell timed out while it was being executed, after 300 seconds.">A cell timed out while it was being executed, after 300 seconds.
The message was: Cell execution timed out.
Here is a preview of the cell contents:
-------------------
faultdomains = {"fd": (("fault", "export_water", "block"), {})}
faultsamples = {"fs": (("fault_phases", "fd"), {})}
endclasses, mdlhists, apps=propagate.nested_sample(mdl, ps, run_stochastic=True, faultdomains=faultdomains, faultsamples=faultsamples)
-------------------</failure></testcase><testcase classname="examples.pump.Tutorial_complete.ipynb" name="" time="22.350" /><testcase classname="examples.pump.ex_pump" name="examples.pump.ex_pump.accumulate" time="0.005" /><testcase classname="examples.pump.ex_pump" name="examples.pump.ex_pump.reseting_accumulate" time="0.004" /><testcase classname="examples.pump.test_pump.PumpTests" name="test_app_prop_values" time="1.487" /><testcase classname="examples.pump.test_pump.PumpTests" name="test_approach_cost_calc" time="111.975" /><testcase classname="examples.pump.test_pump.PumpTests" name="test_approach_parallelism" time="50.673" /><testcase classname="examples.pump.test_pump.PumpTests" name="test_dynamic_prop_values" time="1.144" /><testcase classname="examples.pump.test_pump.PumpTests" name="test_dynamic_prop_values_2" time="1.795" /><testcase classname="examples.pump.test_pump.PumpTests" name="test_fault_sample_isave" time="14.442" /><testcase classname="examples.pump.test_pump.PumpTests" name="test_fault_sample_save" time="13.372" /><testcase classname="examples.pump.test_pump.PumpTests" name="test_fmea_options" time="1.737" /><testcase classname="examples.pump.test_pump.PumpTests" name="test_hist_tracking_setup" time="0.062" /><testcase classname="examples.pump.test_pump.PumpTests" name="test_model_copy_different" time="5.987" /><testcase classname="examples.pump.test_pump.PumpTests" name="test_model_copy_same" time="11.150" /><testcase classname="examples.pump.test_pump.PumpTests" name="test_model_reset" time="0.002"><skipped type="pytest.skip" message="Reset not fully implemented yet and unused throughout.">/fmdtools/examples/pump/test_pump.py:137: Reset not fully implemented yet and unused throughout.</skipped></testcase><testcase classname="examples.pump.test_pump.PumpTests" name="test_nested_sample_isave" time="143.741" /><testcase classname="examples.pump.test_pump.PumpTests" name="test_nested_sample_save" time="142.898" /><testcase classname="examples.pump.test_pump.PumpTests" name="test_nominal_save" time="0.676" /><testcase classname="examples.pump.test_pump.PumpTests" name="test_one_run_csv" time="0.425" /><testcase classname="examples.pump.test_pump.PumpTests" name="test_one_run_json" time="0.378" /><testcase classname="examples.pump.test_pump.PumpTests" name="test_one_run_pickle" time="0.387" /><testcase classname="examples.pump.test_pump.PumpTests" name="test_onefault_save" time="1.107" /><testcase classname="examples.pump.test_pump.PumpTests" name="test_param_sample" time="0.034" /><testcase classname="examples.pump.test_pump.PumpTests" name="test_param_sample_isave" time="5.883" /><testcase classname="examples.pump.test_pump.PumpTests" name="test_param_sample_save" time="5.842" /><testcase classname="examples.pump.test_pump.PumpTests" name="test_pickleability" time="0.043" /><testcase classname="examples.pump.test_pump.PumpTests" name="test_save_load_multfault" time="1.080" /><testcase classname="examples.pump.test_pump.PumpTests" name="test_single_faults_isave" time="5.365" /><testcase classname="examples.pump.test_pump.PumpTests" name="test_single_faults_save" time="4.998" /><testcase classname="examples.pump.test_pump.PumpTests" name="test_value_setting" time="0.036" /><testcase classname="examples.pump.test_pump.PumpTests" name="test_value_setting_dict" time="0.034" /><testcase classname="examples.pump.test_pump.IndivPumpTests" name="test_mutable_setup" time="0.076" /><testcase classname="examples.pump.test_pump_example.ImportEE_Tests" name="test_behave_inf_v" time="0.004" /><testcase classname="examples.pump.test_pump_example.ImportEE_Tests" name="test_behave_no_v" time="0.003" /><testcase classname="examples.pump.test_pump_example.ImportEE_Tests" name="test_behave_nom" time="0.004" /><testcase classname="examples.pump.test_pump_example.ImportEE_Tests" name="test_condfaults_hi" time="0.003" /><testcase classname="examples.pump.test_pump_example.ImportEE_Tests" name="test_condfaults_nom" time="0.004" /><testcase classname="examples.pump.test_pump_example.ImportEE_Tests" name="test_initialization" time="0.004" /><testcase classname="examples.pump.test_pump_example.MoveWat_Tests" name="test_condfaults_dynamic" time="0.005" /><testcase classname="examples.pump.test_pump_example.MoveWat_Tests" name="test_initialization" time="0.005" /><testcase classname="examples.pump.test_pump_example.MoveWat_Tests" name="test_nom" time="0.005" /><testcase classname="examples.pump.test_pump_example.Integration_Tests" name="test_blockage_results" time="0.487" /><testcase classname="examples.pump.test_pump_example.Integration_Tests" name="test_blockage_static" time="0.048" /><testcase classname="examples.pump.test_pump_example.Integration_Tests" name="test_nominal_results" time="0.245" /><testcase classname="examples.pump.test_pump_stochastic.StochasticPumpTests" name="test_mdl_pickle" time="0.662" /><testcase classname="examples.pump.test_pump_stochastic.StochasticPumpTests" name="test_model_copy_different" time="6.377" /><testcase classname="examples.pump.test_pump_stochastic.StochasticPumpTests" name="test_model_copy_same" time="9.237" /><testcase classname="examples.pump.test_pump_stochastic.StochasticPumpTests" name="test_model_reset" time="0.001"><skipped type="pytest.skip" message="Reset not fully implemented yet and unused throughout.">/fmdtools/examples/pump/test_pump_stochastic.py:115: Reset not fully implemented yet and unused throughout.</skipped></testcase><testcase classname="examples.pump.test_pump_stochastic.StochasticPumpTests" name="test_model_set_vars" time="0.032" /><testcase classname="examples.pump.test_pump_stochastic.StochasticPumpTests" name="test_nested_sample_isave" time="240.877" /><testcase classname="examples.pump.test_pump_stochastic.StochasticPumpTests" name="test_nested_sample_save" time="233.629" /><testcase classname="examples.pump.test_pump_stochastic.StochasticPumpTests" name="test_param_sample_isave" time="4.331" /><testcase classname="examples.pump.test_pump_stochastic.StochasticPumpTests" name="test_param_sample_save" time="4.341" /><testcase classname="examples.pump.test_pump_stochastic.StochasticPumpTests" name="test_plot_nested_hists" time="32.742" /><testcase classname="examples.pump.test_pump_stochastic.StochasticPumpTests" name="test_plot_nominal_vals" time="3.396" /><testcase classname="examples.pump.test_pump_stochastic.StochasticPumpTests" name="test_plot_nominal_vals_xd" time="165.079" /><testcase classname="examples.pump.test_pump_stochastic.StochasticPumpTests" name="test_rand_paramsample_plot" time="10.712" /><testcase classname="examples.pump.test_pump_stochastic.StochasticPumpTests" name="test_run_approach" time="263.440" /><testcase classname="examples.pump.test_pump_stochastic.StochasticPumpTests" name="test_run_safety" time="15.241" /><testcase classname="examples.pump.test_pump_stochastic.StochasticPumpTests" name="test_set_seeds" time="0.105" /><testcase classname="examples.pump.test_pump_stochastic.StochasticPumpTests" name="test_stochastic_pdf" time="0.064" /><testcase classname="examples.rover.FaultSample_Use-Cases.ipynb" name="" time="14.392" /><testcase classname="examples.rover.HFAC_Analyses.HFAC_Analyses.ipynb" name="" time="390.645"><failure message="A cell timed out while it was being executed, after 300 seconds.">A cell timed out while it was being executed, after 300 seconds.
The message was: Cell execution timed out.
Here is a preview of the cell contents:
-------------------
f_ecs, f_hists, apps = prop.nested_sample(mdl, phs,
                                          faultdomains={'drive': (('all_fxn_modes', 'drive'), {})},
                                          faultsamples={'drive': (('fault_phases', 'drive', 'start'), {})})
-------------------</failure></testcase><testcase classname="examples.rover.HFAC_Analyses.IDETC_Human_Paper_Analysis.ipynb" name="" time="427.814" /><testcase classname="examples.rover.Model_Structure_Visualization_Tutorial.ipynb" name="" time="75.142" /><testcase classname="examples.rover.ParameterSample_Use-Cases.ipynb" name="" time="315.282" /><testcase classname="examples.rover.Rover_Setup_Notebook.ipynb" name="" time="76.840" /><testcase classname="examples.rover.degradation_modelling.Degradation_Modelling_Notebook.ipynb" name="" time="456.633" /><testcase classname="examples.rover.rover_model" name="examples.rover.rover_model.Drive.drive_nominal" time="0.088" /><testcase classname="examples.rover.rover_model_human" name="examples.rover.rover_model_human.Comprehend" time="0.009" /><testcase classname="examples.rover.rover_model_human" name="examples.rover.rover_model_human.Decide" time="0.005" /><testcase classname="examples.rover.rover_model_human" name="examples.rover.rover_model_human.HumanActions" time="0.019" /><testcase classname="examples.rover.rover_model_human" name="examples.rover.rover_model_human.Look" time="0.004" /><testcase classname="examples.rover.rover_model_human" name="examples.rover.rover_model_human.Percieve" time="0.005" /><testcase classname="examples.rover.rover_model_human" name="examples.rover.rover_model_human.Press" time="0.004" /><testcase classname="examples.rover.rover_model_human" name="examples.rover.rover_model_human.Project" time="0.005" /><testcase classname="examples.rover.test_rover.RoverTests" name="test_obj_values" time="5.491" /><testcase classname="examples.tank.Tank_Analysis.ipynb" name="" time="57.476" /><testcase classname="examples.tank.test_tank.TankTests" name="test_approach" time="9.321" /><testcase classname="examples.tank.test_tank.TankTests" name="test_approach_parallelism_0" time="9.124" /><testcase classname="examples.tank.test_tank.TankTests" name="test_approach_parallelism_1" time="22.998" /><testcase classname="examples.tank.test_tank.TankTests" name="test_approach_parallelism_notrack" time="8.521" /><testcase classname="examples.tank.test_tank.TankTests" name="test_comp_mode_inj" time="0.434" /><testcase classname="examples.tank.test_tank.TankTests" name="test_different_components" time="0.151" /><testcase classname="examples.tank.test_tank.TankTests" name="test_epc_math" time="0.071" /><testcase classname="examples.tank.test_tank.TankTests" name="test_fault_sample_isave" time="10.842" /><testcase classname="examples.tank.test_tank.TankTests" name="test_fault_sample_save" time="9.914" /><testcase classname="examples.tank.test_tank.TankTests" name="test_local_tstep" time="0.642" /><testcase classname="examples.tank.test_tank.TankTests" name="test_model_copy_different" time="2.783" /><testcase classname="examples.tank.test_tank.TankTests" name="test_model_copy_same" time="5.908" /><testcase classname="examples.tank.test_tank.TankTests" name="test_model_reset" time="0.001"><skipped type="pytest.skip" message="Reset not fully implemented yet and unused throughout.">/fmdtools/examples/tank/test_tank.py:69: Reset not fully implemented yet and unused throughout.</skipped></testcase><testcase classname="examples.tank.test_tank.TankTests" name="test_nested_sample_isave" time="98.148" /><testcase classname="examples.tank.test_tank.TankTests" name="test_nested_sample_save" time="96.923" /><testcase classname="examples.tank.test_tank.TankTests" name="test_param_sample_save" time="3.076" /><testcase classname="examples.tank.test_tank.TankTests" name="test_save_load_multfault" time="0.598" /><testcase classname="examples.tank.test_tank.TankTests" name="test_save_load_nominal" time="0.387" /><testcase classname="examples.tank.test_tank.TankTests" name="test_save_load_onefault" time="0.596" /><testcase classname="examples.tank.test_tank.TankTests" name="test_save_load_singlefaults" time="4.695" /><testcase classname="examples.tank.test_tank.TankTests" name="test_singlefaults_isave" time="4.857" /><testcase classname="examples.tank.test_tank.TankTests" name="test_tank_copy_args" time="0.113" /><testcase classname="examples.taxiway.Paper_Notebook.ipynb" name="" time="45.125" /><testcase classname="examples.taxiway.test_asset.AssetTests" name="test_avoid" time="0.226" /><testcase classname="examples.taxiway.test_asset.AssetTests" name="test_avoid_plot" time="1.031" /><testcase classname="examples.taxiway.test_asset.AssetTests" name="test_heli_cycle" time="0.104" /><testcase classname="examples.taxiway.test_asset.AssetTests" name="test_heli_cycle_plot" time="0.627" /><testcase classname="examples.taxiway.test_asset.AssetTests" name="test_lost_sight" time="1.398" /><testcase classname="examples.taxiway.test_asset.AssetTests" name="test_lost_sight_plot" time="1.801" /><testcase classname="examples.taxiway.test_asset.AssetTests" name="test_one_cycle" time="0.199" /><testcase classname="examples.taxiway.test_asset.AssetTests" name="test_one_cycle_plot" time="0.906" /><testcase classname="examples.taxiway.test_model.ModelTests" name="test_atc_lost_ground_perception" time="5.005" /><testcase classname="examples.taxiway.test_model.ModelTests" name="test_atc_lost_ground_perception_plot" time="6.861" /><testcase classname="examples.taxiway.test_model.ModelTests" name="test_atc_wrong_land_command" time="5.584" /><testcase classname="examples.taxiway.test_model.ModelTests" name="test_atc_wrong_land_command_lost_sight" time="6.005" /><testcase classname="examples.taxiway.test_model.ModelTests" name="test_atc_wrong_land_command_sight_plot" time="9.871" /><testcase classname="examples.taxiway.test_model.ModelTests" name="test_default_plots" time="8.091" /><testcase classname="examples.taxiway.test_model.ModelTests" name="test_scen" time="1.420" /><testcase classname="fmdtools.analyze.common" name="fmdtools.analyze.common.is_bool" time="0.004" /><testcase classname="fmdtools.analyze.common" name="fmdtools.analyze.common.is_numeric" time="0.003" /><testcase classname="fmdtools.analyze.common" name="fmdtools.analyze.common.join_key" time="0.002" /><testcase classname="fmdtools.analyze.common" name="fmdtools.analyze.common.nan_to_x" time="0.002" /><testcase classname="fmdtools.analyze.common" name="fmdtools.analyze.common.to_include_keys" time="0.003" /><testcase classname="fmdtools.analyze.graph.base" name="fmdtools.analyze.graph.base.Graph" time="0.599" /><testcase classname="fmdtools.analyze.graph.base" name="fmdtools.analyze.graph.base.Graph.add_node_groups" time="0.158" /><testcase classname="fmdtools.analyze.graph.base" name="fmdtools.analyze.graph.base.Graph.set_heatmap" time="0.133" /><testcase classname="fmdtools.analyze.graph.style" name="fmdtools.analyze.graph.style.FlowEdgeStyle" time="0.003" /><testcase classname="fmdtools.analyze.graph.style" name="fmdtools.analyze.graph.style.edge_style_factory" time="0.789" /><testcase classname="fmdtools.analyze.graph.style" name="fmdtools.analyze.graph.style.node_style_factory" time="1.519" /><testcase classname="fmdtools.analyze.graph.style" name="fmdtools.analyze.graph.style.to_legend_label" time="0.005" /><testcase classname="fmdtools.analyze.history" name="fmdtools.analyze.history.History" time="0.004" /><testcase classname="fmdtools.analyze.history" name="fmdtools.analyze.history.History.cut" time="0.003" /><testcase classname="fmdtools.analyze.history" name="fmdtools.analyze.history.History.get_mean_bound_errhist" time="0.004" /><testcase classname="fmdtools.analyze.phases" name="fmdtools.analyze.phases.PhaseMap.calc_modephase_time" time="0.003" /><testcase classname="fmdtools.analyze.phases" name="fmdtools.analyze.phases.PhaseMap.calc_phase_time" time="0.003" /><testcase classname="fmdtools.analyze.phases" name="fmdtools.analyze.phases.PhaseMap.calc_samples_in_phases" time="0.003" /><testcase classname="fmdtools.analyze.phases" name="fmdtools.analyze.phases.PhaseMap.find_modephase" time="0.003" /><testcase classname="fmdtools.analyze.phases" name="fmdtools.analyze.phases.PhaseMap.get_phase_times" time="0.003" /><testcase classname="fmdtools.analyze.phases" name="fmdtools.analyze.phases.PhaseMap.get_sample_times" time="0.003" /><testcase classname="fmdtools.analyze.phases" name="fmdtools.analyze.phases.find_interval_overlap" time="0.003" /><testcase classname="fmdtools.analyze.phases" name="fmdtools.analyze.phases.join_phasemaps" time="0.003" /><testcase classname="fmdtools.analyze.result" name="fmdtools.analyze.result.Result" time="0.004" /><testcase classname="fmdtools.analyze.tabulate" name="fmdtools.analyze.tabulate.Comparison" time="1.841" /><testcase classname="fmdtools.define.architecture.action" name="fmdtools.define.architecture.action.ActionArchitectureActGraph" time="0.010" /><testcase classname="fmdtools.define.architecture.action" name="fmdtools.define.architecture.action.ActionArchitectureFlowGraph" time="0.008" /><testcase classname="fmdtools.define.architecture.action" name="fmdtools.define.architecture.action.ActionArchitectureGraph" time="0.008" /><testcase classname="fmdtools.define.architecture.function" name="fmdtools.define.architecture.function.FunctionArchitecture" time="0.010" /><testcase classname="fmdtools.define.architecture.function" name="fmdtools.define.architecture.function.FunctionArchitectureFlowGraph" time="0.011" /><testcase classname="fmdtools.define.architecture.function" name="fmdtools.define.architecture.function.FunctionArchitectureFxnGraph" time="0.012" /><testcase classname="fmdtools.define.architecture.function" name="fmdtools.define.architecture.function.FunctionArchitectureGraph" time="0.016" /><testcase classname="fmdtools.define.architecture.function" name="fmdtools.define.architecture.function.FunctionArchitectureTypeGraph" time="0.009" /><testcase classname="fmdtools.define.architecture.geom" name="fmdtools.define.architecture.geom.GeomArchitecture" time="0.008" /><testcase classname="fmdtools.define.architecture.geom" name="fmdtools.define.architecture.geom.GeomArchitecture.all_at" time="0.009" /><testcase classname="fmdtools.define.block.action" name="fmdtools.define.block.action.Action" time="0.005" /><testcase classname="fmdtools.define.block.base" name="fmdtools.define.block.base.SimParam.get_hist_ind" time="0.003" /><testcase classname="fmdtools.define.block.base" name="fmdtools.define.block.base.SimParam.get_shift" time="0.003" /><testcase classname="fmdtools.define.block.base" name="fmdtools.define.block.base.SimParam.get_timerange" time="0.003" /><testcase classname="fmdtools.define.block.function" name="fmdtools.define.block.function.Function" time="0.007" /><testcase classname="fmdtools.define.container.base" name="fmdtools.define.container.base.BaseContainer.assign" time="0.004" /><testcase classname="fmdtools.define.container.base" name="fmdtools.define.container.base.BaseContainer.copy" time="0.003" /><testcase classname="fmdtools.define.container.base" name="fmdtools.define.container.base.BaseContainer.create_hist" time="0.003" /><testcase classname="fmdtools.define.container.base" name="fmdtools.define.container.base.BaseContainer.get_field_dict" time="0.003" /><testcase classname="fmdtools.define.container.base" name="fmdtools.define.container.base.BaseContainer.set_field" time="0.003" /><testcase classname="fmdtools.define.container.base" name="fmdtools.define.container.base.BaseContainer.to_default" time="0.003" /><testcase classname="fmdtools.define.container.base" name="fmdtools.define.container.base.check_container_pick" time="0.003" /><testcase classname="fmdtools.define.container.mode" name="fmdtools.define.container.mode.Fault.calc_rate" time="0.003" /><testcase classname="fmdtools.define.container.mode" name="fmdtools.define.container.mode.Mode" time="0.004" /><testcase classname="fmdtools.define.container.parameter" name="fmdtools.define.container.parameter.Parameter" time="0.004" /><testcase classname="fmdtools.define.container.rand" name="fmdtools.define.container.rand.Rand" time="0.006" /><testcase classname="fmdtools.define.container.rand" name="fmdtools.define.container.rand.Rand.get_rand_states" time="0.003" /><testcase classname="fmdtools.define.container.state" name="fmdtools.define.container.state.State" time="0.003" /><testcase classname="fmdtools.define.container.state" name="fmdtools.define.container.state.State.add" time="0.003" /><testcase classname="fmdtools.define.container.state" name="fmdtools.define.container.state.State.div" time="0.003" /><testcase classname="fmdtools.define.container.state" name="fmdtools.define.container.state.State.get" time="0.003" /><testcase classname="fmdtools.define.container.state" name="fmdtools.define.container.state.State.gett" time="0.003" /><testcase classname="fmdtools.define.container.state" name="fmdtools.define.container.state.State.inc" time="0.003" /><testcase classname="fmdtools.define.container.state" name="fmdtools.define.container.state.State.limit" time="0.003" /><testcase classname="fmdtools.define.container.state" name="fmdtools.define.container.state.State.mul" time="0.003" /><testcase classname="fmdtools.define.container.state" name="fmdtools.define.container.state.State.put" time="0.003" /><testcase classname="fmdtools.define.container.state" name="fmdtools.define.container.state.State.roundto" time="0.003" /><testcase classname="fmdtools.define.container.state" name="fmdtools.define.container.state.State.same" time="0.003" /><testcase classname="fmdtools.define.container.state" name="fmdtools.define.container.state.State.set_atts" time="0.003" /><testcase classname="fmdtools.define.container.state" name="fmdtools.define.container.state.State.sub" time="0.003" /><testcase classname="fmdtools.define.container.time" name="fmdtools.define.container.time.Time" time="0.004" /><testcase classname="fmdtools.define.environment" name="fmdtools.define.environment.Environment" time="0.017" /><testcase classname="fmdtools.define.environment" name="fmdtools.define.environment.Environment.copy" time="0.034" /><testcase classname="fmdtools.define.flow.base" name="fmdtools.define.flow.base.Flow" time="0.005" /><testcase classname="fmdtools.define.object.base" name="fmdtools.define.object.base.BaseObject" time="0.006" /><testcase classname="fmdtools.define.object.base" name="fmdtools.define.object.base.BaseObject.assign_roles" time="0.004" /><testcase classname="fmdtools.define.object.base" name="fmdtools.define.object.base.BaseObject.get_att_roletype" time="0.003" /><testcase classname="fmdtools.define.object.base" name="fmdtools.define.object.base.BaseObject.get_node_attrs" time="0.004" /><testcase classname="fmdtools.define.object.coords" name="fmdtools.define.object.coords.Coords" time="0.009" /><testcase classname="fmdtools.define.object.coords" name="fmdtools.define.object.coords.Coords.copy" time="0.006" /><testcase classname="fmdtools.define.object.coords" name="fmdtools.define.object.coords.Coords.find_all" time="0.006" /><testcase classname="fmdtools.define.object.coords" name="fmdtools.define.object.coords.Coords.find_all_prop" time="0.004" /><testcase classname="fmdtools.define.object.coords" name="fmdtools.define.object.coords.Coords.find_closest" time="0.005" /><testcase classname="fmdtools.define.object.coords" name="fmdtools.define.object.coords.Coords.get" time="0.004" /><testcase classname="fmdtools.define.object.coords" name="fmdtools.define.object.coords.Coords.get_neighbors" time="0.007" /><testcase classname="fmdtools.define.object.coords" name="fmdtools.define.object.coords.Coords.get_properties" time="0.003" /><testcase classname="fmdtools.define.object.coords" name="fmdtools.define.object.coords.Coords.in_area" time="0.004" /><testcase classname="fmdtools.define.object.coords" name="fmdtools.define.object.coords.Coords.set" time="0.004" /><testcase classname="fmdtools.define.object.coords" name="fmdtools.define.object.coords.Coords.set_pts" time="0.004" /><testcase classname="fmdtools.define.object.coords" name="fmdtools.define.object.coords.Coords.set_rand_pts" time="0.004" /><testcase classname="fmdtools.define.object.coords" name="fmdtools.define.object.coords.Coords.set_range" time="0.008" /><testcase classname="fmdtools.define.object.coords" name="fmdtools.define.object.coords.Coords.to_gridpoint" time="0.005" /><testcase classname="fmdtools.define.object.coords" name="fmdtools.define.object.coords.Coords.to_index" time="0.004" /><testcase classname="fmdtools.define.object.coords" name="fmdtools.define.object.coords.CoordsParam" time="0.003" /><testcase classname="fmdtools.define.object.geom" name="fmdtools.define.object.geom.Geom.all_at" time="0.004" /><testcase classname="fmdtools.define.object.geom" name="fmdtools.define.object.geom.Geom.vect_at_shape" time="0.004" /><testcase classname="fmdtools.define.object.geom" name="fmdtools.define.object.geom.Geom.vect_to_shape" time="0.004" /><testcase classname="fmdtools.define.object.geom" name="fmdtools.define.object.geom.GeomLine" time="0.004" /><testcase classname="fmdtools.define.object.geom" name="fmdtools.define.object.geom.GeomPoint" time="0.004" /><testcase classname="fmdtools.define.object.geom" name="fmdtools.define.object.geom.GeomPoly" time="0.004" /><testcase classname="fmdtools.define.object.geom" name="fmdtools.define.object.geom.LineParam" time="0.003" /><testcase classname="fmdtools.define.object.geom" name="fmdtools.define.object.geom.PointParam" time="0.003" /><testcase classname="fmdtools.define.object.geom" name="fmdtools.define.object.geom.PolyParam" time="0.003" /><testcase classname="fmdtools.define.object.timer" name="fmdtools.define.object.timer.Timer" time="0.003" /><testcase classname="fmdtools.sim.sample" name="fmdtools.sim.sample.FaultDomain.add_all" time="0.041" /><testcase classname="fmdtools.sim.sample" name="fmdtools.sim.sample.FaultDomain.add_all_fxn_modes" time="0.043" /><testcase classname="fmdtools.sim.sample" name="fmdtools.sim.sample.FaultDomain.add_all_fxnclass_modes" time="0.028" /><testcase classname="fmdtools.sim.sample" name="fmdtools.sim.sample.FaultDomain.add_faults" time="0.042" /><testcase classname="fmdtools.sim.sample" name="fmdtools.sim.sample.FaultDomain.add_singlecomp_modes" time="0.042" /><testcase classname="fmdtools.sim.sample" name="fmdtools.sim.sample.FaultSample.add_fault_phases" time="0.044" /><testcase classname="fmdtools.sim.sample" name="fmdtools.sim.sample.FaultSample.add_fault_times" time="0.043" /><testcase classname="fmdtools.sim.sample" name="fmdtools.sim.sample.FaultSample.add_joint_fault_scenario" time="0.042" /><testcase classname="fmdtools.sim.sample" name="fmdtools.sim.sample.FaultSample.add_single_fault_scenario" time="0.040" /><testcase classname="fmdtools.sim.sample" name="fmdtools.sim.sample.ParameterDomain" time="0.005" /><testcase classname="fmdtools.sim.sample" name="fmdtools.sim.sample.ParameterDomain.get_var_iters" time="0.003" /><testcase classname="fmdtools.sim.sample" name="fmdtools.sim.sample.ParameterHistSample" time="0.005" /><testcase classname="fmdtools.sim.sample" name="fmdtools.sim.sample.ParameterResultSample" time="0.004" /><testcase classname="fmdtools.sim.sample" name="fmdtools.sim.sample.ParameterSample.add_variable_ranges" time="0.005" /><testcase classname="fmdtools.sim.sample" name="fmdtools.sim.sample.ParameterSample.add_variable_replicates" time="0.003" /><testcase classname="fmdtools.sim.sample" name="fmdtools.sim.sample.ParameterSample.add_variable_scenario" time="0.003" /><testcase classname="fmdtools.sim.sample" name="fmdtools.sim.sample.ParameterSample.combine_orthogonal" time="0.003" /><testcase classname="fmdtools.sim.sample" name="fmdtools.sim.sample.ParameterSample.combine_product" time="0.002" /><testcase classname="fmdtools.sim.sample" name="fmdtools.sim.sample.ParameterSample.combine_random" time="0.003" /><testcase classname="fmdtools.sim.sample" name="fmdtools.sim.sample.SampleApproach.add_faultdomain" time="0.041" /><testcase classname="fmdtools.sim.sample" name="fmdtools.sim.sample.SampleApproach.add_faultsample" time="0.052" /><testcase classname="fmdtools.sim.sample" name="fmdtools.sim.sample.combine_orthogonal" time="0.003" /><testcase classname="fmdtools.sim.sample" name="fmdtools.sim.sample.combine_random" time="0.003" /><testcase classname="fmdtools.sim.sample" name="fmdtools.sim.sample.sample_times_even" time="0.003" /><testcase classname="fmdtools.sim.sample" name="fmdtools.sim.sample.sample_times_quad" time="0.003" /><testcase classname="fmdtools.sim.scenario" name="fmdtools.sim.scenario.Sequence" time="0.003" /><testcase classname="fmdtools.sim.scenario" name="fmdtools.sim.scenario.Sequence.update_sequence" time="0.003" /><testcase classname="fmdtools.sim.search" name="fmdtools.sim.search.DisturbanceProblem.__init__" time="0.029" /><testcase classname="fmdtools.sim.search" name="fmdtools.sim.search.HistoryObjective" time="0.003" /><testcase classname="fmdtools.sim.search" name="fmdtools.sim.search.ParameterSimProblem" time="0.159" /><testcase classname="fmdtools.sim.search" name="fmdtools.sim.search.ProblemArchitecture" time="0.074" /><testcase classname="fmdtools.sim.search" name="fmdtools.sim.search.ProblemArchitecture.update_full_problem" time="0.052" /><testcase classname="fmdtools.sim.search" name="fmdtools.sim.search.ProblemArchitecture.update_problem" time="0.048" /><testcase classname="fmdtools.sim.search" name="fmdtools.sim.search.ResultConstraint.con_from_value" time="0.005" /><testcase classname="fmdtools.sim.search" name="fmdtools.sim.search.ResultObjective.get_result_value" time="0.006" /><testcase classname="fmdtools.sim.search" name="fmdtools.sim.search.SimpleProblem" time="0.005" /><testcase classname="fmdtools.sim.search" name="fmdtools.sim.search.SingleFaultScenarioProblem" time="0.053" /><testcase classname="tests.test_graph.ModelGraphTests" name="test_fault_plot" time="0.952" /><testcase classname="tests.test_graph.ModelGraphTests" name="test_flowgraph_plot" time="0.881" /><testcase classname="tests.test_graph.ModelGraphTests" name="test_fxngraph_plot" time="0.485" /><testcase classname="tests.test_graph.ModelGraphTests" name="test_modelgraph_plot" time="0.670" /><testcase classname="tests.test_graph.ModelGraphTests" name="test_result_from_plot" time="0.629" /><testcase classname="tests.test_graph.ModelGraphTests" name="test_typegraph_plot" time="0.199" /><testcase classname="tests.test_packages.define_Tests" name="test_pdf_translation_options" time="0.009" /></testsuite></testsuites>