<?xml version="1.0" encoding="utf-8"?><testsuites><testsuite name="pytest" errors="0" failures="0" skipped="3" tests="301" time="5044.974" timestamp="2024-11-13T16:30:56.271476+00:00" hostname="5888d747a8b2"><testcase classname="examples.asg_demo.Action_Sequence_Graph.ipynb" name="" time="20.814" /><testcase classname="examples.eps.EPS_Example_Notebook.ipynb" name="" time="13.464" /><testcase classname="examples.eps.test_eps.epsTests" name="test_all_faults" time="1.565" /><testcase classname="examples.eps.test_eps.epsTests" name="test_backward_fault_prop_1" time="0.109" /><testcase classname="examples.eps.test_eps.epsTests" name="test_backward_fault_prop_2" time="0.110" /><testcase classname="examples.eps.test_eps.epsTests" name="test_fault_app" time="307.144" /><testcase classname="examples.eps.test_eps.epsTests" name="test_multfault_saving" time="0.303" /><testcase classname="examples.eps.test_eps.epsTests" name="test_nominal_saving" time="0.225" /><testcase classname="examples.eps.test_eps.epsTests" name="test_pickleability" time="0.025" /><testcase classname="examples.eps.test_eps.epsTests" name="test_save_load_onefault" time="0.266" /><testcase classname="examples.eps.test_eps.epsTests" name="test_save_load_singlefaults" time="5.198" /><testcase classname="examples.multiflow_demo.Multiflow_and_Commsflow_Demonstration.ipynb" name="" time="8.784" /><testcase classname="examples.multiflow_demo.test_multiflow.define_Tests" name="test_multiflow_combination" time="0.540" /><testcase classname="examples.multiflow_demo.test_multiflow.define_Tests" name="test_multiflow_passing" time="0.761" /><testcase classname="examples.multiflow_demo.test_multiflow.define_Tests" name="test_mutliflow_copying" time="0.826" /><testcase classname="examples.multirotor.Demonstration.ipynb" name="" time="91.042" /><testcase classname="examples.multirotor.Multirotor_Optimization.ipynb" name="" time="164.836" /><testcase classname="examples.multirotor.drone_mdl_dynamic" name="examples.multirotor.drone_mdl_dynamic.AffectDOF.inc_pos" time="0.025" /><testcase classname="examples.multirotor.drone_mdl_dynamic" name="examples.multirotor.drone_mdl_dynamic.PlanPath.assign_vectdist_to_goal" time="0.008" /><testcase classname="examples.multirotor.drone_mdl_dynamic" name="examples.multirotor.drone_mdl_dynamic.PlanPath.calc_dist_to_goal" time="0.007" /><testcase classname="examples.multirotor.drone_mdl_dynamic" name="examples.multirotor.drone_mdl_dynamic.SightGrid" time="0.559" /><testcase classname="examples.multirotor.drone_mdl_hierarchical" name="examples.multirotor.drone_mdl_hierarchical.AffectDOF.calc_pwr" time="0.016" /><testcase classname="examples.multirotor.drone_mdl_hierarchical" name="examples.multirotor.drone_mdl_hierarchical.LineArchParam" time="0.006" /><testcase classname="examples.multirotor.drone_mdl_static" name="examples.multirotor.drone_mdl_static.AffectDOF.static_behavior" time="0.008" /><testcase classname="examples.multirotor.drone_mdl_static" name="examples.multirotor.drone_mdl_static.CtlDOF.static_behavior" time="0.007" /><testcase classname="examples.multirotor.drone_mdl_static" name="examples.multirotor.drone_mdl_static.DesTrajState.dist2d" time="0.003" /><testcase classname="examples.multirotor.drone_mdl_static" name="examples.multirotor.drone_mdl_static.DesTrajState.unit_vect2d" time="0.003" /><testcase classname="examples.multirotor.drone_mdl_static" name="examples.multirotor.drone_mdl_static.DistEE.static_behavior" time="0.012" /><testcase classname="examples.multirotor.drone_mdl_static" name="examples.multirotor.drone_mdl_static.HoldPayload.static_behavior" time="0.006" /><testcase classname="examples.multirotor.drone_mdl_static" name="examples.multirotor.drone_mdl_static.PlanPath.static_behavior" time="0.007" /><testcase classname="examples.multirotor.test_multirotor.DroneParameterTests" name="test_objectives" time="1.384" /><testcase classname="examples.multirotor.test_multirotor.DroneParameterTests" name="test_param_domain_1" time="0.002" /><testcase classname="examples.multirotor.test_multirotor.DroneParameterTests" name="test_param_domain_2" time="0.002" /><testcase classname="examples.multirotor.test_multirotor.DroneParameterTests" name="test_set_constraints_1" time="0.001" /><testcase classname="examples.multirotor.test_multirotor.DroneParameterTests" name="test_set_constraints_2" time="0.002" /><testcase classname="examples.multirotor.test_multirotor.DroneParameterTests" name="test_sim_mdl" time="0.633" /><testcase classname="examples.multirotor.test_multirotor.DroneScenarioTest" name="test_scenprob_results" time="2.276" /><testcase classname="examples.multirotor.test_multirotor.DroneScenarioTest2" name="test_scenprob_results" time="1.517" /><testcase classname="examples.multirotor.test_multirotor.DroneScenarioTest3" name="test_scenprob_results" time="1.520" /><testcase classname="examples.multirotor.test_multirotor.DroneDisturbanceTest" name="test_disturbance_set" time="0.753" /><testcase classname="examples.pump.Optimization.ipynb" name="" time="227.376" /><testcase classname="examples.pump.Parallelism_Tutorial.ipynb" name="" time="202.084" /><testcase classname="examples.pump.Pump_Example_Notebook.ipynb" name="" time="56.197" /><testcase classname="examples.pump.Tutorial_complete.ipynb" name="" time="24.190" /><testcase classname="examples.pump.ex_pump" name="examples.pump.ex_pump.accumulate" time="0.003" /><testcase classname="examples.pump.ex_pump" name="examples.pump.ex_pump.reseting_accumulate" time="0.003" /><testcase classname="examples.pump.test_pump.PumpTests" name="test_app_prop_values" time="1.601" /><testcase classname="examples.pump.test_pump.PumpTests" name="test_approach_cost_calc" time="132.785" /><testcase classname="examples.pump.test_pump.PumpTests" name="test_approach_parallelism" time="58.945" /><testcase classname="examples.pump.test_pump.PumpTests" name="test_dynamic_prop_values" time="1.367" /><testcase classname="examples.pump.test_pump.PumpTests" name="test_dynamic_prop_values_2" time="2.204" /><testcase classname="examples.pump.test_pump.PumpTests" name="test_fault_sample_isave" time="17.631" /><testcase classname="examples.pump.test_pump.PumpTests" name="test_fault_sample_save" time="14.536" /><testcase classname="examples.pump.test_pump.PumpTests" name="test_fmea_options" time="2.238" /><testcase classname="examples.pump.test_pump.PumpTests" name="test_hist_tracking_setup" time="0.079" /><testcase classname="examples.pump.test_pump.PumpTests" name="test_model_copy_different" time="6.607" /><testcase classname="examples.pump.test_pump.PumpTests" name="test_model_copy_same" time="13.169" /><testcase classname="examples.pump.test_pump.PumpTests" name="test_model_reset" time="0.002"><skipped type="pytest.skip" message="Reset not fully implemented yet and unused throughout.">/fmdtools/examples/pump/test_pump.py:137: Reset not fully implemented yet and unused throughout.</skipped></testcase><testcase classname="examples.pump.test_pump.PumpTests" name="test_nested_sample_isave" time="168.504" /><testcase classname="examples.pump.test_pump.PumpTests" name="test_nested_sample_save" time="173.292" /><testcase classname="examples.pump.test_pump.PumpTests" name="test_nominal_save" time="0.639" /><testcase classname="examples.pump.test_pump.PumpTests" name="test_one_run_csv" time="0.414" /><testcase classname="examples.pump.test_pump.PumpTests" name="test_one_run_json" time="0.423" /><testcase classname="examples.pump.test_pump.PumpTests" name="test_one_run_pickle" time="0.430" /><testcase classname="examples.pump.test_pump.PumpTests" name="test_onefault_save" time="1.501" /><testcase classname="examples.pump.test_pump.PumpTests" name="test_param_sample" time="0.043" /><testcase classname="examples.pump.test_pump.PumpTests" name="test_param_sample_isave" time="7.189" /><testcase classname="examples.pump.test_pump.PumpTests" name="test_param_sample_save" time="6.338" /><testcase classname="examples.pump.test_pump.PumpTests" name="test_pickleability" time="0.053" /><testcase classname="examples.pump.test_pump.PumpTests" name="test_save_load_multfault" time="1.404" /><testcase classname="examples.pump.test_pump.PumpTests" name="test_single_faults_isave" time="7.019" /><testcase classname="examples.pump.test_pump.PumpTests" name="test_single_faults_save" time="5.563" /><testcase classname="examples.pump.test_pump.PumpTests" name="test_value_setting" time="0.037" /><testcase classname="examples.pump.test_pump.PumpTests" name="test_value_setting_dict" time="0.035" /><testcase classname="examples.pump.test_pump.IndivPumpTests" name="test_mutable_setup" time="0.083" /><testcase classname="examples.pump.test_pump_example.ImportEE_Tests" name="test_behave_inf_v" time="0.006" /><testcase classname="examples.pump.test_pump_example.ImportEE_Tests" name="test_behave_no_v" time="0.006" /><testcase classname="examples.pump.test_pump_example.ImportEE_Tests" name="test_behave_nom" time="0.005" /><testcase classname="examples.pump.test_pump_example.ImportEE_Tests" name="test_condfaults_hi" time="0.003" /><testcase classname="examples.pump.test_pump_example.ImportEE_Tests" name="test_condfaults_nom" time="0.004" /><testcase classname="examples.pump.test_pump_example.ImportEE_Tests" name="test_initialization" time="0.004" /><testcase classname="examples.pump.test_pump_example.MoveWat_Tests" name="test_condfaults_dynamic" time="0.006" /><testcase classname="examples.pump.test_pump_example.MoveWat_Tests" name="test_initialization" time="0.004" /><testcase classname="examples.pump.test_pump_example.MoveWat_Tests" name="test_nom" time="0.004" /><testcase classname="examples.pump.test_pump_example.Integration_Tests" name="test_blockage_results" time="0.494" /><testcase classname="examples.pump.test_pump_example.Integration_Tests" name="test_blockage_static" time="0.049" /><testcase classname="examples.pump.test_pump_example.Integration_Tests" name="test_nominal_results" time="0.272" /><testcase classname="examples.pump.test_pump_stochastic.StochasticPumpTests" name="test_mdl_pickle" time="0.659" /><testcase classname="examples.pump.test_pump_stochastic.StochasticPumpTests" name="test_model_copy_different" time="7.510" /><testcase classname="examples.pump.test_pump_stochastic.StochasticPumpTests" name="test_model_copy_same" time="11.574" /><testcase classname="examples.pump.test_pump_stochastic.StochasticPumpTests" name="test_model_reset" time="0.002"><skipped type="pytest.skip" message="Reset not fully implemented yet and unused throughout.">/fmdtools/examples/pump/test_pump_stochastic.py:115: Reset not fully implemented yet and unused throughout.</skipped></testcase><testcase classname="examples.pump.test_pump_stochastic.StochasticPumpTests" name="test_model_set_vars" time="0.033" /><testcase classname="examples.pump.test_pump_stochastic.StochasticPumpTests" name="test_nested_sample_isave" time="290.181" /><testcase classname="examples.pump.test_pump_stochastic.StochasticPumpTests" name="test_nested_sample_save" time="288.177" /><testcase classname="examples.pump.test_pump_stochastic.StochasticPumpTests" name="test_param_sample_isave" time="4.451" /><testcase classname="examples.pump.test_pump_stochastic.StochasticPumpTests" name="test_param_sample_save" time="4.713" /><testcase classname="examples.pump.test_pump_stochastic.StochasticPumpTests" name="test_plot_nested_hists" time="35.736" /><testcase classname="examples.pump.test_pump_stochastic.StochasticPumpTests" name="test_plot_nominal_vals" time="4.384" /><testcase classname="examples.pump.test_pump_stochastic.StochasticPumpTests" name="test_plot_nominal_vals_xd" time="194.884" /><testcase classname="examples.pump.test_pump_stochastic.StochasticPumpTests" name="test_rand_paramsample_plot" time="13.333" /><testcase classname="examples.pump.test_pump_stochastic.StochasticPumpTests" name="test_run_approach" time="327.301" /><testcase classname="examples.pump.test_pump_stochastic.StochasticPumpTests" name="test_run_safety" time="19.258" /><testcase classname="examples.pump.test_pump_stochastic.StochasticPumpTests" name="test_set_seeds" time="0.112" /><testcase classname="examples.pump.test_pump_stochastic.StochasticPumpTests" name="test_stochastic_pdf" time="0.070" /><testcase classname="examples.rover.FaultSample_Use-Cases.ipynb" name="" time="15.335" /><testcase classname="examples.rover.HFAC_Analyses.IDETC_Human_Paper_Analysis.ipynb" name="" time="480.798" /><testcase classname="examples.rover.Model_Structure_Visualization_Tutorial.ipynb" name="" time="86.632" /><testcase classname="examples.rover.ParameterSample_Use-Cases.ipynb" name="" time="359.949" /><testcase classname="examples.rover.Rover_Setup_Notebook.ipynb" name="" time="84.343" /><testcase classname="examples.rover.degradation_modelling.Degradation_Modelling_Notebook.ipynb" name="" time="499.782" /><testcase classname="examples.rover.rover_model" name="examples.rover.rover_model.Drive.drive_nominal" time="0.123" /><testcase classname="examples.rover.rover_model_human" name="examples.rover.rover_model_human.Comprehend" time="0.008" /><testcase classname="examples.rover.rover_model_human" name="examples.rover.rover_model_human.Decide" time="0.006" /><testcase classname="examples.rover.rover_model_human" name="examples.rover.rover_model_human.HumanActions" time="0.026" /><testcase classname="examples.rover.rover_model_human" name="examples.rover.rover_model_human.Look" time="0.006" /><testcase classname="examples.rover.rover_model_human" name="examples.rover.rover_model_human.Percieve" time="0.007" /><testcase classname="examples.rover.rover_model_human" name="examples.rover.rover_model_human.Press" time="0.006" /><testcase classname="examples.rover.rover_model_human" name="examples.rover.rover_model_human.Project" time="0.006" /><testcase classname="examples.rover.test_rover.RoverTests" name="test_obj_values" time="6.011" /><testcase classname="examples.tank.Tank_Analysis.ipynb" name="" time="64.896" /><testcase classname="examples.tank.test_tank.TankTests" name="test_approach" time="10.534" /><testcase classname="examples.tank.test_tank.TankTests" name="test_approach_parallelism_0" time="10.314" /><testcase classname="examples.tank.test_tank.TankTests" name="test_approach_parallelism_1" time="26.870" /><testcase classname="examples.tank.test_tank.TankTests" name="test_approach_parallelism_notrack" time="10.234" /><testcase classname="examples.tank.test_tank.TankTests" name="test_comp_mode_inj" time="0.229" /><testcase classname="examples.tank.test_tank.TankTests" name="test_different_components" time="0.091" /><testcase classname="examples.tank.test_tank.TankTests" name="test_epc_math" time="0.070" /><testcase classname="examples.tank.test_tank.TankTests" name="test_fault_sample_isave" time="11.829" /><testcase classname="examples.tank.test_tank.TankTests" name="test_fault_sample_save" time="11.256" /><testcase classname="examples.tank.test_tank.TankTests" name="test_local_tstep" time="0.865" /><testcase classname="examples.tank.test_tank.TankTests" name="test_model_copy_different" time="3.893" /><testcase classname="examples.tank.test_tank.TankTests" name="test_model_copy_same" time="7.375" /><testcase classname="examples.tank.test_tank.TankTests" name="test_model_reset" time="0.002"><skipped type="pytest.skip" message="Reset not fully implemented yet and unused throughout.">/fmdtools/examples/tank/test_tank.py:69: Reset not fully implemented yet and unused throughout.</skipped></testcase><testcase classname="examples.tank.test_tank.TankTests" name="test_nested_sample_isave" time="111.832" /><testcase classname="examples.tank.test_tank.TankTests" name="test_nested_sample_save" time="114.860" /><testcase classname="examples.tank.test_tank.TankTests" name="test_param_sample_save" time="3.451" /><testcase classname="examples.tank.test_tank.TankTests" name="test_save_load_multfault" time="0.654" /><testcase classname="examples.tank.test_tank.TankTests" name="test_save_load_nominal" time="0.408" /><testcase classname="examples.tank.test_tank.TankTests" name="test_save_load_onefault" time="0.654" /><testcase classname="examples.tank.test_tank.TankTests" name="test_save_load_singlefaults" time="5.274" /><testcase classname="examples.tank.test_tank.TankTests" name="test_singlefaults_isave" time="6.442" /><testcase classname="examples.tank.test_tank.TankTests" name="test_tank_copy_args" time="0.113" /><testcase classname="examples.taxiway.Paper_Notebook.ipynb" name="" time="55.639" /><testcase classname="examples.taxiway.test_asset.AssetTests" name="test_avoid" time="0.422" /><testcase classname="examples.taxiway.test_asset.AssetTests" name="test_avoid_plot" time="1.223" /><testcase classname="examples.taxiway.test_asset.AssetTests" name="test_heli_cycle" time="0.121" /><testcase classname="examples.taxiway.test_asset.AssetTests" name="test_heli_cycle_plot" time="0.680" /><testcase classname="examples.taxiway.test_asset.AssetTests" name="test_lost_sight" time="1.529" /><testcase classname="examples.taxiway.test_asset.AssetTests" name="test_lost_sight_plot" time="1.856" /><testcase classname="examples.taxiway.test_asset.AssetTests" name="test_one_cycle" time="0.224" /><testcase classname="examples.taxiway.test_asset.AssetTests" name="test_one_cycle_plot" time="1.198" /><testcase classname="examples.taxiway.test_model.ModelTests" name="test_atc_lost_ground_perception" time="5.964" /><testcase classname="examples.taxiway.test_model.ModelTests" name="test_atc_lost_ground_perception_plot" time="6.240" /><testcase classname="examples.taxiway.test_model.ModelTests" name="test_atc_wrong_land_command" time="7.301" /><testcase classname="examples.taxiway.test_model.ModelTests" name="test_atc_wrong_land_command_lost_sight" time="7.439" /><testcase classname="examples.taxiway.test_model.ModelTests" name="test_atc_wrong_land_command_sight_plot" time="11.503" /><testcase classname="examples.taxiway.test_model.ModelTests" name="test_default_plots" time="9.058" /><testcase classname="examples.taxiway.test_model.ModelTests" name="test_scen" time="1.931" /><testcase classname="fmdtools.analyze.common" name="fmdtools.analyze.common.is_bool" time="0.009" /><testcase classname="fmdtools.analyze.common" name="fmdtools.analyze.common.is_numeric" time="0.006" /><testcase classname="fmdtools.analyze.common" name="fmdtools.analyze.common.join_key" time="0.005" /><testcase classname="fmdtools.analyze.common" name="fmdtools.analyze.common.nan_to_x" time="0.005" /><testcase classname="fmdtools.analyze.common" name="fmdtools.analyze.common.to_include_keys" time="0.006" /><testcase classname="fmdtools.analyze.graph.base" name="fmdtools.analyze.graph.base.Graph" time="0.759" /><testcase classname="fmdtools.analyze.graph.base" name="fmdtools.analyze.graph.base.Graph.add_node_groups" time="0.162" /><testcase classname="fmdtools.analyze.graph.base" name="fmdtools.analyze.graph.base.Graph.set_heatmap" time="0.135" /><testcase classname="fmdtools.analyze.graph.style" name="fmdtools.analyze.graph.style.FlowEdgeStyle" time="0.003" /><testcase classname="fmdtools.analyze.graph.style" name="fmdtools.analyze.graph.style.edge_style_factory" time="0.675" /><testcase classname="fmdtools.analyze.graph.style" name="fmdtools.analyze.graph.style.node_style_factory" time="1.491" /><testcase classname="fmdtools.analyze.graph.style" name="fmdtools.analyze.graph.style.to_legend_label" time="0.004" /><testcase classname="fmdtools.analyze.history" name="fmdtools.analyze.history.History" time="0.005" /><testcase classname="fmdtools.analyze.history" name="fmdtools.analyze.history.History.cut" time="0.003" /><testcase classname="fmdtools.analyze.history" name="fmdtools.analyze.history.History.get_mean_bound_errhist" time="0.004" /><testcase classname="fmdtools.analyze.phases" name="fmdtools.analyze.phases.PhaseMap.calc_modephase_time" time="0.003" /><testcase classname="fmdtools.analyze.phases" name="fmdtools.analyze.phases.PhaseMap.calc_phase_time" time="0.003" /><testcase classname="fmdtools.analyze.phases" name="fmdtools.analyze.phases.PhaseMap.calc_samples_in_phases" time="0.003" /><testcase classname="fmdtools.analyze.phases" name="fmdtools.analyze.phases.PhaseMap.find_modephase" time="0.003" /><testcase classname="fmdtools.analyze.phases" name="fmdtools.analyze.phases.PhaseMap.get_phase_times" time="0.003" /><testcase classname="fmdtools.analyze.phases" name="fmdtools.analyze.phases.PhaseMap.get_sample_times" time="0.003" /><testcase classname="fmdtools.analyze.phases" name="fmdtools.analyze.phases.find_interval_overlap" time="0.003" /><testcase classname="fmdtools.analyze.phases" name="fmdtools.analyze.phases.join_phasemaps" time="0.004" /><testcase classname="fmdtools.analyze.result" name="fmdtools.analyze.result.Result" time="0.004" /><testcase classname="fmdtools.analyze.tabulate" name="fmdtools.analyze.tabulate.Comparison" time="2.309" /><testcase classname="fmdtools.define.architecture.action" name="fmdtools.define.architecture.action.ActionArchitectureActGraph" time="0.014" /><testcase classname="fmdtools.define.architecture.action" name="fmdtools.define.architecture.action.ActionArchitectureFlowGraph" time="0.014" /><testcase classname="fmdtools.define.architecture.action" name="fmdtools.define.architecture.action.ActionArchitectureGraph" time="0.011" /><testcase classname="fmdtools.define.architecture.function" name="fmdtools.define.architecture.function.FunctionArchitecture" time="0.011" /><testcase classname="fmdtools.define.architecture.function" name="fmdtools.define.architecture.function.FunctionArchitectureFlowGraph" time="0.011" /><testcase classname="fmdtools.define.architecture.function" name="fmdtools.define.architecture.function.FunctionArchitectureFxnGraph" time="0.013" /><testcase classname="fmdtools.define.architecture.function" name="fmdtools.define.architecture.function.FunctionArchitectureGraph" time="0.016" /><testcase classname="fmdtools.define.architecture.function" name="fmdtools.define.architecture.function.FunctionArchitectureTypeGraph" time="0.009" /><testcase classname="fmdtools.define.architecture.geom" name="fmdtools.define.architecture.geom.GeomArchitecture" time="0.008" /><testcase classname="fmdtools.define.architecture.geom" name="fmdtools.define.architecture.geom.GeomArchitecture.all_at" time="0.009" /><testcase classname="fmdtools.define.block.action" name="fmdtools.define.block.action.Action" time="0.005" /><testcase classname="fmdtools.define.block.base" name="fmdtools.define.block.base.SimParam.get_hist_ind" time="0.004" /><testcase classname="fmdtools.define.block.base" name="fmdtools.define.block.base.SimParam.get_shift" time="0.003" /><testcase classname="fmdtools.define.block.base" name="fmdtools.define.block.base.SimParam.get_timerange" time="0.003" /><testcase classname="fmdtools.define.block.function" name="fmdtools.define.block.function.Function" time="0.006" /><testcase classname="fmdtools.define.container.base" name="fmdtools.define.container.base.BaseContainer.assign" time="0.004" /><testcase classname="fmdtools.define.container.base" name="fmdtools.define.container.base.BaseContainer.copy" time="0.003" /><testcase classname="fmdtools.define.container.base" name="fmdtools.define.container.base.BaseContainer.create_hist" time="0.003" /><testcase classname="fmdtools.define.container.base" name="fmdtools.define.container.base.BaseContainer.get_field_dict" time="0.005" /><testcase classname="fmdtools.define.container.base" name="fmdtools.define.container.base.BaseContainer.set_field" time="0.005" /><testcase classname="fmdtools.define.container.base" name="fmdtools.define.container.base.BaseContainer.to_default" time="0.004" /><testcase classname="fmdtools.define.container.base" name="fmdtools.define.container.base.check_container_pick" time="0.003" /><testcase classname="fmdtools.define.container.mode" name="fmdtools.define.container.mode.Fault.calc_rate" time="0.003" /><testcase classname="fmdtools.define.container.mode" name="fmdtools.define.container.mode.Mode" time="0.003" /><testcase classname="fmdtools.define.container.parameter" name="fmdtools.define.container.parameter.Parameter" time="0.004" /><testcase classname="fmdtools.define.container.rand" name="fmdtools.define.container.rand.Rand" time="0.005" /><testcase classname="fmdtools.define.container.rand" name="fmdtools.define.container.rand.Rand.get_rand_states" time="0.003" /><testcase classname="fmdtools.define.container.state" name="fmdtools.define.container.state.State" time="0.003" /><testcase classname="fmdtools.define.container.state" name="fmdtools.define.container.state.State.add" time="0.003" /><testcase classname="fmdtools.define.container.state" name="fmdtools.define.container.state.State.div" time="0.003" /><testcase classname="fmdtools.define.container.state" name="fmdtools.define.container.state.State.get" time="0.003" /><testcase classname="fmdtools.define.container.state" name="fmdtools.define.container.state.State.gett" time="0.003" /><testcase classname="fmdtools.define.container.state" name="fmdtools.define.container.state.State.inc" time="0.003" /><testcase classname="fmdtools.define.container.state" name="fmdtools.define.container.state.State.limit" time="0.003" /><testcase classname="fmdtools.define.container.state" name="fmdtools.define.container.state.State.mul" time="0.003" /><testcase classname="fmdtools.define.container.state" name="fmdtools.define.container.state.State.put" time="0.003" /><testcase classname="fmdtools.define.container.state" name="fmdtools.define.container.state.State.roundto" time="0.003" /><testcase classname="fmdtools.define.container.state" name="fmdtools.define.container.state.State.same" time="0.003" /><testcase classname="fmdtools.define.container.state" name="fmdtools.define.container.state.State.set_atts" time="0.003" /><testcase classname="fmdtools.define.container.state" name="fmdtools.define.container.state.State.sub" time="0.003" /><testcase classname="fmdtools.define.container.time" name="fmdtools.define.container.time.Time" time="0.004" /><testcase classname="fmdtools.define.environment" name="fmdtools.define.environment.Environment" time="0.023" /><testcase classname="fmdtools.define.environment" name="fmdtools.define.environment.Environment.copy" time="0.046" /><testcase classname="fmdtools.define.flow.base" name="fmdtools.define.flow.base.Flow" time="0.005" /><testcase classname="fmdtools.define.object.base" name="fmdtools.define.object.base.BaseObject" time="0.006" /><testcase classname="fmdtools.define.object.base" name="fmdtools.define.object.base.BaseObject.assign_roles" time="0.004" /><testcase classname="fmdtools.define.object.base" name="fmdtools.define.object.base.BaseObject.get_att_roletype" time="0.003" /><testcase classname="fmdtools.define.object.base" name="fmdtools.define.object.base.BaseObject.get_node_attrs" time="0.004" /><testcase classname="fmdtools.define.object.coords" name="fmdtools.define.object.coords.Coords" time="0.011" /><testcase classname="fmdtools.define.object.coords" name="fmdtools.define.object.coords.Coords.copy" time="0.006" /><testcase classname="fmdtools.define.object.coords" name="fmdtools.define.object.coords.Coords.find_all" time="0.006" /><testcase classname="fmdtools.define.object.coords" name="fmdtools.define.object.coords.Coords.find_all_prop" time="0.004" /><testcase classname="fmdtools.define.object.coords" name="fmdtools.define.object.coords.Coords.find_closest" time="0.005" /><testcase classname="fmdtools.define.object.coords" name="fmdtools.define.object.coords.Coords.get" time="0.004" /><testcase classname="fmdtools.define.object.coords" name="fmdtools.define.object.coords.Coords.get_neighbors" time="0.006" /><testcase classname="fmdtools.define.object.coords" name="fmdtools.define.object.coords.Coords.get_properties" time="0.004" /><testcase classname="fmdtools.define.object.coords" name="fmdtools.define.object.coords.Coords.in_area" time="0.004" /><testcase classname="fmdtools.define.object.coords" name="fmdtools.define.object.coords.Coords.set" time="0.004" /><testcase classname="fmdtools.define.object.coords" name="fmdtools.define.object.coords.Coords.set_pts" time="0.004" /><testcase classname="fmdtools.define.object.coords" name="fmdtools.define.object.coords.Coords.set_rand_pts" time="0.004" /><testcase classname="fmdtools.define.object.coords" name="fmdtools.define.object.coords.Coords.set_range" time="0.008" /><testcase classname="fmdtools.define.object.coords" name="fmdtools.define.object.coords.Coords.to_gridpoint" time="0.004" /><testcase classname="fmdtools.define.object.coords" name="fmdtools.define.object.coords.Coords.to_index" time="0.004" /><testcase classname="fmdtools.define.object.coords" name="fmdtools.define.object.coords.CoordsParam" time="0.003" /><testcase classname="fmdtools.define.object.geom" name="fmdtools.define.object.geom.Geom.all_at" time="0.005" /><testcase classname="fmdtools.define.object.geom" name="fmdtools.define.object.geom.Geom.vect_at_shape" time="0.005" /><testcase classname="fmdtools.define.object.geom" name="fmdtools.define.object.geom.Geom.vect_to_shape" time="0.007" /><testcase classname="fmdtools.define.object.geom" name="fmdtools.define.object.geom.GeomLine" time="0.005" /><testcase classname="fmdtools.define.object.geom" name="fmdtools.define.object.geom.GeomPoint" time="0.005" /><testcase classname="fmdtools.define.object.geom" name="fmdtools.define.object.geom.GeomPoly" time="0.004" /><testcase classname="fmdtools.define.object.geom" name="fmdtools.define.object.geom.LineParam" time="0.003" /><testcase classname="fmdtools.define.object.geom" name="fmdtools.define.object.geom.PointParam" time="0.003" /><testcase classname="fmdtools.define.object.geom" name="fmdtools.define.object.geom.PolyParam" time="0.003" /><testcase classname="fmdtools.define.object.timer" name="fmdtools.define.object.timer.Timer" time="0.003" /><testcase classname="fmdtools.sim.sample" name="fmdtools.sim.sample.FaultDomain.add_all" time="0.052" /><testcase classname="fmdtools.sim.sample" name="fmdtools.sim.sample.FaultDomain.add_all_fxn_modes" time="0.050" /><testcase classname="fmdtools.sim.sample" name="fmdtools.sim.sample.FaultDomain.add_all_fxnclass_modes" time="0.031" /><testcase classname="fmdtools.sim.sample" name="fmdtools.sim.sample.FaultDomain.add_faults" time="0.052" /><testcase classname="fmdtools.sim.sample" name="fmdtools.sim.sample.FaultDomain.add_singlecomp_modes" time="0.063" /><testcase classname="fmdtools.sim.sample" name="fmdtools.sim.sample.FaultSample.add_fault_phases" time="0.053" /><testcase classname="fmdtools.sim.sample" name="fmdtools.sim.sample.FaultSample.add_fault_times" time="0.083" /><testcase classname="fmdtools.sim.sample" name="fmdtools.sim.sample.FaultSample.add_joint_fault_scenario" time="0.102" /><testcase classname="fmdtools.sim.sample" name="fmdtools.sim.sample.FaultSample.add_single_fault_scenario" time="0.088" /><testcase classname="fmdtools.sim.sample" name="fmdtools.sim.sample.ParameterDomain" time="0.009" /><testcase classname="fmdtools.sim.sample" name="fmdtools.sim.sample.ParameterDomain.get_var_iters" time="0.007" /><testcase classname="fmdtools.sim.sample" name="fmdtools.sim.sample.ParameterHistSample" time="0.009" /><testcase classname="fmdtools.sim.sample" name="fmdtools.sim.sample.ParameterResultSample" time="0.008" /><testcase classname="fmdtools.sim.sample" name="fmdtools.sim.sample.ParameterSample.add_variable_ranges" time="0.010" /><testcase classname="fmdtools.sim.sample" name="fmdtools.sim.sample.ParameterSample.add_variable_replicates" time="0.006" /><testcase classname="fmdtools.sim.sample" name="fmdtools.sim.sample.ParameterSample.add_variable_scenario" time="0.005" /><testcase classname="fmdtools.sim.sample" name="fmdtools.sim.sample.ParameterSample.combine_orthogonal" time="0.005" /><testcase classname="fmdtools.sim.sample" name="fmdtools.sim.sample.ParameterSample.combine_product" time="0.005" /><testcase classname="fmdtools.sim.sample" name="fmdtools.sim.sample.ParameterSample.combine_random" time="0.005" /><testcase classname="fmdtools.sim.sample" name="fmdtools.sim.sample.SampleApproach.add_faultdomain" time="0.088" /><testcase classname="fmdtools.sim.sample" name="fmdtools.sim.sample.SampleApproach.add_faultsample" time="0.111" /><testcase classname="fmdtools.sim.sample" name="fmdtools.sim.sample.combine_orthogonal" time="0.006" /><testcase classname="fmdtools.sim.sample" name="fmdtools.sim.sample.combine_random" time="0.006" /><testcase classname="fmdtools.sim.sample" name="fmdtools.sim.sample.sample_times_even" time="0.005" /><testcase classname="fmdtools.sim.sample" name="fmdtools.sim.sample.sample_times_quad" time="0.004" /><testcase classname="fmdtools.sim.scenario" name="fmdtools.sim.scenario.Sequence" time="0.004" /><testcase classname="fmdtools.sim.scenario" name="fmdtools.sim.scenario.Sequence.update_sequence" time="0.003" /><testcase classname="fmdtools.sim.search" name="fmdtools.sim.search.DisturbanceProblem.__init__" time="0.035" /><testcase classname="fmdtools.sim.search" name="fmdtools.sim.search.HistoryObjective" time="0.004" /><testcase classname="fmdtools.sim.search" name="fmdtools.sim.search.ParameterSimProblem" time="0.182" /><testcase classname="fmdtools.sim.search" name="fmdtools.sim.search.ProblemArchitecture" time="0.081" /><testcase classname="fmdtools.sim.search" name="fmdtools.sim.search.ProblemArchitecture.update_full_problem" time="0.058" /><testcase classname="fmdtools.sim.search" name="fmdtools.sim.search.ProblemArchitecture.update_problem" time="0.037" /><testcase classname="fmdtools.sim.search" name="fmdtools.sim.search.ResultConstraint.con_from_value" time="0.005" /><testcase classname="fmdtools.sim.search" name="fmdtools.sim.search.ResultObjective.get_result_value" time="0.006" /><testcase classname="fmdtools.sim.search" name="fmdtools.sim.search.SimpleProblem" time="0.005" /><testcase classname="fmdtools.sim.search" name="fmdtools.sim.search.SingleFaultScenarioProblem" time="0.058" /><testcase classname="tests.test_graph.ModelGraphTests" name="test_fault_plot" time="0.720" /><testcase classname="tests.test_graph.ModelGraphTests" name="test_flowgraph_plot" time="1.030" /><testcase classname="tests.test_graph.ModelGraphTests" name="test_fxngraph_plot" time="0.533" /><testcase classname="tests.test_graph.ModelGraphTests" name="test_modelgraph_plot" time="0.686" /><testcase classname="tests.test_graph.ModelGraphTests" name="test_result_from_plot" time="0.699" /><testcase classname="tests.test_graph.ModelGraphTests" name="test_typegraph_plot" time="0.228" /><testcase classname="tests.test_packages.define_Tests" name="test_pdf_translation_options" time="0.008" /></testsuite></testsuites>