<?xml version="1.0" encoding="utf-8"?><testsuites><testsuite name="pytest" errors="0" failures="0" skipped="0" tests="10" time="476.572" timestamp="2024-10-25T01:03:37.162969+00:00" hostname="6590c02a63a4"><testcase classname="examples.asg_demo.Action_Sequence_Graph.ipynb" name="" time="18.522" /><testcase classname="examples.eps.EPS_Example_Notebook.ipynb" name="" time="12.590" /><testcase classname="examples.multirotor.Demonstration.ipynb" name="" time="84.925" /><testcase classname="examples.pump.Pump_Example_Notebook.ipynb" name="" time="51.783" /><testcase classname="examples.pump.Tutorial_complete.ipynb" name="" time="21.947" /><testcase classname="examples.rover.Model_Structure_Visualization_Tutorial.ipynb" name="" time="74.872" /><testcase classname="examples.rover.FaultSample_Use-Cases.ipynb" name="" time="13.664" /><testcase classname="examples.rover.Rover_Setup_Notebook.ipynb" name="" time="80.247" /><testcase classname="examples.tank.Tank_Analysis.ipynb" name="" time="63.639" /><testcase classname="examples.taxiway.Paper_Notebook.ipynb" name="" time="47.135" /></testsuite></testsuites>