<?xml version="1.0" encoding="utf-8"?><testsuites><testsuite name="pytest" errors="0" failures="0" skipped="0" tests="10" time="479.394" timestamp="2024-10-24T23:43:30.545151+00:00" hostname="9219b565d0c0"><testcase classname="examples.asg_demo.Action_Sequence_Graph.ipynb" name="" time="19.761" /><testcase classname="examples.eps.EPS_Example_Notebook.ipynb" name="" time="11.837" /><testcase classname="examples.multirotor.Demonstration.ipynb" name="" time="86.143" /><testcase classname="examples.pump.Pump_Example_Notebook.ipynb" name="" time="52.002" /><testcase classname="examples.pump.Tutorial_complete.ipynb" name="" time="23.199" /><testcase classname="examples.rover.Model_Structure_Visualization_Tutorial.ipynb" name="" time="80.469" /><testcase classname="examples.rover.FaultSample_Use-Cases.ipynb" name="" time="14.341" /><testcase classname="examples.rover.Rover_Setup_Notebook.ipynb" name="" time="77.186" /><testcase classname="examples.tank.Tank_Analysis.ipynb" name="" time="60.257" /><testcase classname="examples.taxiway.Paper_Notebook.ipynb" name="" time="46.758" /></testsuite></testsuites>