<?xml version="1.0" encoding="utf-8"?><testsuites><testsuite name="pytest" errors="0" failures="11" skipped="0" tests="169" time="18.663" timestamp="2024-12-18T16:46:17.089170+00:00" hostname="f99972207d68"><testcase classname="fmdtools.define.container.base" name="fmdtools.define.container.base.BaseContainer.assign" time="0.014" /><testcase classname="fmdtools.define.container.base" name="fmdtools.define.container.base.BaseContainer.copy" time="0.004" /><testcase classname="fmdtools.define.container.base" name="fmdtools.define.container.base.BaseContainer.create_hist" time="0.003" /><testcase classname="fmdtools.define.container.base" name="fmdtools.define.container.base.BaseContainer.get_field_dict" time="0.002" /><testcase classname="fmdtools.define.container.base" name="fmdtools.define.container.base.BaseContainer.set_field" time="0.002" /><testcase classname="fmdtools.define.container.base" name="fmdtools.define.container.base.BaseContainer.to_default" time="0.003" /><testcase classname="fmdtools.define.container.base" name="fmdtools.define.container.base.check_container_pick" time="0.002" /><testcase classname="fmdtools.define.container.state" name="fmdtools.define.container.state.State" time="0.003" /><testcase classname="fmdtools.define.container.state" name="fmdtools.define.container.state.State.add" time="0.003" /><testcase classname="fmdtools.define.container.state" name="fmdtools.define.container.state.State.div" time="0.002" /><testcase classname="fmdtools.define.container.state" name="fmdtools.define.container.state.State.get" time="0.003" /><testcase classname="fmdtools.define.container.state" name="fmdtools.define.container.state.State.gett" time="0.002" /><testcase classname="fmdtools.define.container.state" name="fmdtools.define.container.state.State.inc" time="0.003" /><testcase classname="fmdtools.define.container.state" name="fmdtools.define.container.state.State.limit" time="0.002" /><testcase classname="fmdtools.define.container.state" name="fmdtools.define.container.state.State.mul" time="0.002" /><testcase classname="fmdtools.define.container.state" name="fmdtools.define.container.state.State.put" time="0.003" /><testcase classname="fmdtools.define.container.state" name="fmdtools.define.container.state.State.roundto" time="0.002" /><testcase classname="fmdtools.define.container.state" name="fmdtools.define.container.state.State.same" time="0.003" /><testcase classname="fmdtools.define.container.state" name="fmdtools.define.container.state.State.set_atts" time="0.002" /><testcase classname="fmdtools.define.container.state" name="fmdtools.define.container.state.State.sub" time="0.002" /><testcase classname="fmdtools.define.container.parameter" name="fmdtools.define.container.parameter.Parameter" time="0.006" /><testcase classname="fmdtools.define.container.mode" name="fmdtools.define.container.mode.Fault.calc_rate" time="0.003" /><testcase classname="fmdtools.define.container.mode" name="fmdtools.define.container.mode.Mode" time="0.003" /><testcase classname="fmdtools.define.container.rand" name="fmdtools.define.container.rand.Rand" time="0.004" /><testcase classname="fmdtools.define.container.rand" name="fmdtools.define.container.rand.Rand.get_rand_states" time="0.003" /><testcase classname="fmdtools.define.container.time" name="fmdtools.define.container.time.Time" time="0.004" /><testcase classname="fmdtools.define.object.base" name="fmdtools.define.object.base.BaseObject" time="0.005" /><testcase classname="fmdtools.define.object.base" name="fmdtools.define.object.base.BaseObject.assign_roles" time="0.003" /><testcase classname="fmdtools.define.object.base" name="fmdtools.define.object.base.BaseObject.get_att_roletype" time="0.003" /><testcase classname="fmdtools.define.object.base" name="fmdtools.define.object.base.BaseObject.get_node_attrs" time="0.003" /><testcase classname="fmdtools.define.object.timer" name="fmdtools.define.object.timer.Timer" time="0.003" /><testcase classname="fmdtools.define.object.geom" name="fmdtools.define.object.geom.Geom.all_at" time="0.005" /><testcase classname="fmdtools.define.object.geom" name="fmdtools.define.object.geom.Geom.vect_at_shape" time="0.006" /><testcase classname="fmdtools.define.object.geom" name="fmdtools.define.object.geom.Geom.vect_to_shape" time="0.005" /><testcase classname="fmdtools.define.object.geom" name="fmdtools.define.object.geom.GeomLine" time="0.004" /><testcase classname="fmdtools.define.object.geom" name="fmdtools.define.object.geom.GeomPoint" time="0.004" /><testcase classname="fmdtools.define.object.geom" name="fmdtools.define.object.geom.GeomPoly" time="0.003" /><testcase classname="fmdtools.define.object.geom" name="fmdtools.define.object.geom.LineParam" time="0.003" /><testcase classname="fmdtools.define.object.geom" name="fmdtools.define.object.geom.PointParam" time="0.003" /><testcase classname="fmdtools.define.object.geom" name="fmdtools.define.object.geom.PolyParam" time="0.003" /><testcase classname="fmdtools.define.object.coords" name="fmdtools.define.object.coords.BaseCoords.find_all_prop" time="0.004" /><testcase classname="fmdtools.define.object.coords" name="fmdtools.define.object.coords.BaseCoords.get" time="0.004" /><testcase classname="fmdtools.define.object.coords" name="fmdtools.define.object.coords.BaseCoords.get_neighbors" time="0.008" /><testcase classname="fmdtools.define.object.coords" name="fmdtools.define.object.coords.BaseCoords.get_properties" time="0.003" /><testcase classname="fmdtools.define.object.coords" name="fmdtools.define.object.coords.BaseCoords.set" time="0.003" /><testcase classname="fmdtools.define.object.coords" name="fmdtools.define.object.coords.BaseCoords.set_pts" time="0.004" /><testcase classname="fmdtools.define.object.coords" name="fmdtools.define.object.coords.BaseCoords.set_range" time="0.008" /><testcase classname="fmdtools.define.object.coords" name="fmdtools.define.object.coords.BaseCoords.to_gridpoint" time="0.005" /><testcase classname="fmdtools.define.object.coords" name="fmdtools.define.object.coords.BaseCoords.to_index" time="0.003" /><testcase classname="fmdtools.define.object.coords" name="fmdtools.define.object.coords.Coords" time="0.013" /><testcase classname="fmdtools.define.object.coords" name="fmdtools.define.object.coords.Coords.copy" time="0.008" /><testcase classname="fmdtools.define.object.coords" name="fmdtools.define.object.coords.Coords.find_all" time="0.006" /><testcase classname="fmdtools.define.object.coords" name="fmdtools.define.object.coords.Coords.find_closest" time="0.004" /><testcase classname="fmdtools.define.object.coords" name="fmdtools.define.object.coords.Coords.in_area" time="0.005" /><testcase classname="fmdtools.define.object.coords" name="fmdtools.define.object.coords.Coords.set_rand_pts" time="0.004" /><testcase classname="fmdtools.define.object.coords" name="fmdtools.define.object.coords.CoordsParam" time="0.003" /><testcase classname="fmdtools.define.object.coords" name="fmdtools.define.object.coords.MetricCoords" time="0.005" /><testcase classname="fmdtools.define.flow.base" name="fmdtools.define.flow.base.Flow" time="0.004" /><testcase classname="fmdtools.define.architecture.function" name="fmdtools.define.architecture.function.FunctionArchitecture" time="0.010" /><testcase classname="fmdtools.define.architecture.function" name="fmdtools.define.architecture.function.FunctionArchitectureFlowGraph" time="0.010" /><testcase classname="fmdtools.define.architecture.function" name="fmdtools.define.architecture.function.FunctionArchitectureFxnGraph" time="0.012" /><testcase classname="fmdtools.define.architecture.function" name="fmdtools.define.architecture.function.FunctionArchitectureGraph" time="0.016" /><testcase classname="fmdtools.define.architecture.function" name="fmdtools.define.architecture.function.FunctionArchitectureTypeGraph" time="0.008" /><testcase classname="fmdtools.define.architecture.geom" name="fmdtools.define.architecture.geom.GeomArchitecture" time="0.007" /><testcase classname="fmdtools.define.architecture.geom" name="fmdtools.define.architecture.geom.GeomArchitecture.all_at" time="0.008" /><testcase classname="fmdtools.define.block.base" name="fmdtools.define.block.base.SimParam.get_hist_ind" time="0.004" /><testcase classname="fmdtools.define.block.base" name="fmdtools.define.block.base.SimParam.get_shift" time="0.003" /><testcase classname="fmdtools.define.block.base" name="fmdtools.define.block.base.SimParam.get_timerange" time="0.003" /><testcase classname="fmdtools.define.block.function" name="fmdtools.define.block.function.Function" time="0.005" /><testcase classname="fmdtools.define.environment" name="fmdtools.define.environment.Environment" time="0.022" /><testcase classname="fmdtools.define.environment" name="fmdtools.define.environment.Environment.copy" time="0.045" /><testcase classname="fmdtools.sim.scenario" name="fmdtools.sim.scenario.Sequence" time="0.003" /><testcase classname="fmdtools.sim.scenario" name="fmdtools.sim.scenario.Sequence.update_sequence" time="0.002" /><testcase classname="fmdtools.sim.sample" name="fmdtools.sim.sample.FaultDomain.add_all" time="0.028"><failure message="467 &#10;468         Add all faults in the Simulable to the FaultDomain.&#10;469 &#10;470         Examples&#10;471         --------&#10;472         &gt;&gt;&gt; from examples.multirotor.drone_mdl_rural import Drone&#10;473         &gt;&gt;&gt; fd = FaultDomain(Drone().fxns['ctl_dof'])&#10;UNEXPECTED EXCEPTION: Exception('Outside bounds of grid: 0.0,160')&#10;Traceback (most recent call last):&#10;  File &quot;/opt/conda/envs/my_env/lib/python3.10/doctest.py&quot;, line 1350, in __run&#10;    exec(compile(example.source, filename, &quot;single&quot;,&#10;  File &quot;&lt;doctest fmdtools.sim.sample.FaultDomain.add_all[1]&gt;&quot;, line 1, in &lt;module&gt;&#10;  File &quot;/fmdtools/fmdtools/define/architecture/function.py&quot;, line 512, in __init__&#10;    Architecture.__init__(self, h=h, **kwargs)&#10;  File &quot;/fmdtools/fmdtools/define/architecture/base.py&quot;, line 90, in __init__&#10;    self.init_architecture(**kwargs)&#10;  File &quot;/fmdtools/examples/multirotor/drone_mdl_rural.py&quot;, line 700, in init_architecture&#10;    self.add_flow('environment', DroneEnvironment, p=self.p.env_param)&#10;  File &quot;/fmdtools/fmdtools/define/architecture/base.py&quot;, line 197, in add_flow&#10;    self.add_flex_role_obj('flows', name, objclass=fclass, use_copy=use_copy,&#10;  File &quot;/fmdtools/fmdtools/define/architecture/base.py&quot;, line 162, in add_flex_role_obj&#10;    obj = init_obj(name=name, objclass=objclass, track=track,&#10;  File &quot;/fmdtools/fmdtools/define/object/base.py&quot;, line 962, in init_obj&#10;    fl = objclass(name=name, track=track, **kwargs)&#10;  File &quot;/fmdtools/fmdtools/define/environment.py&quot;, line 69, in __init__&#10;    super().__init__(name=name, root=root, glob=glob, p=p, s=s, track=track)&#10;  File &quot;/fmdtools/fmdtools/define/flow/commsflow.py&quot;, line 103, in __init__&#10;    super().__init__(name=name, glob=glob, track=track, **kwargs)&#10;  File &quot;/fmdtools/fmdtools/define/flow/multiflow.py&quot;, line 110, in __init__&#10;    super().__init__(name=name, root=root, track=track, **kwargs)&#10;  File &quot;/fmdtools/fmdtools/define/object/base.py&quot;, line 190, in __init__&#10;    self.init_roletypes(*roletypes, **kwargs)&#10;  File &quot;/fmdtools/fmdtools/define/object/base.py&quot;, line 251, in init_roletypes&#10;    self.init_roles(roletype, **kwargs)&#10;  File &quot;/fmdtools/fmdtools/define/object/base.py&quot;, line 296, in init_roles&#10;    container = container_initializer(**container_args)&#10;  File &quot;/fmdtools/fmdtools/define/object/coords.py&quot;, line 948, in __init__&#10;    self.init_properties(*args, **kwargs)&#10;  File &quot;/fmdtools/examples/multirotor/drone_mdl_dynamic.py&quot;, line 90, in init_properties&#10;    self.set_range(&quot;target&quot;, True, 0, 150, 10, 160)&#10;  File &quot;/fmdtools/fmdtools/define/object/coords.py&quot;, line 411, in set_range&#10;    _, y_max_ind = self.to_index(0.0, ymax)&#10;  File &quot;/fmdtools/fmdtools/define/object/coords.py&quot;, line 188, in to_index&#10;    raise Exception(&quot;Outside bounds of grid: &quot;+str(x)+','+str(y))&#10;Exception: Outside bounds of grid: 0.0,160&#10;/fmdtools/fmdtools/sim/sample.py:473: UnexpectedException">467 
468         Add all faults in the Simulable to the FaultDomain.
469 
470         Examples
471         --------
472         &gt;&gt;&gt; from examples.multirotor.drone_mdl_rural import Drone
473         &gt;&gt;&gt; fd = FaultDomain(Drone().fxns['ctl_dof'])
UNEXPECTED EXCEPTION: Exception('Outside bounds of grid: 0.0,160')
Traceback (most recent call last):
  File "/opt/conda/envs/my_env/lib/python3.10/doctest.py", line 1350, in __run
    exec(compile(example.source, filename, "single",
  File "&lt;doctest fmdtools.sim.sample.FaultDomain.add_all[1]&gt;", line 1, in &lt;module&gt;
  File "/fmdtools/fmdtools/define/architecture/function.py", line 512, in __init__
    Architecture.__init__(self, h=h, **kwargs)
  File "/fmdtools/fmdtools/define/architecture/base.py", line 90, in __init__
    self.init_architecture(**kwargs)
  File "/fmdtools/examples/multirotor/drone_mdl_rural.py", line 700, in init_architecture
    self.add_flow('environment', DroneEnvironment, p=self.p.env_param)
  File "/fmdtools/fmdtools/define/architecture/base.py", line 197, in add_flow
    self.add_flex_role_obj('flows', name, objclass=fclass, use_copy=use_copy,
  File "/fmdtools/fmdtools/define/architecture/base.py", line 162, in add_flex_role_obj
    obj = init_obj(name=name, objclass=objclass, track=track,
  File "/fmdtools/fmdtools/define/object/base.py", line 962, in init_obj
    fl = objclass(name=name, track=track, **kwargs)
  File "/fmdtools/fmdtools/define/environment.py", line 69, in __init__
    super().__init__(name=name, root=root, glob=glob, p=p, s=s, track=track)
  File "/fmdtools/fmdtools/define/flow/commsflow.py", line 103, in __init__
    super().__init__(name=name, glob=glob, track=track, **kwargs)
  File "/fmdtools/fmdtools/define/flow/multiflow.py", line 110, in __init__
    super().__init__(name=name, root=root, track=track, **kwargs)
  File "/fmdtools/fmdtools/define/object/base.py", line 190, in __init__
    self.init_roletypes(*roletypes, **kwargs)
  File "/fmdtools/fmdtools/define/object/base.py", line 251, in init_roletypes
    self.init_roles(roletype, **kwargs)
  File "/fmdtools/fmdtools/define/object/base.py", line 296, in init_roles
    container = container_initializer(**container_args)
  File "/fmdtools/fmdtools/define/object/coords.py", line 948, in __init__
    self.init_properties(*args, **kwargs)
  File "/fmdtools/examples/multirotor/drone_mdl_dynamic.py", line 90, in init_properties
    self.set_range("target", True, 0, 150, 10, 160)
  File "/fmdtools/fmdtools/define/object/coords.py", line 411, in set_range
    _, y_max_ind = self.to_index(0.0, ymax)
  File "/fmdtools/fmdtools/define/object/coords.py", line 188, in to_index
    raise Exception("Outside bounds of grid: "+str(x)+','+str(y))
Exception: Outside bounds of grid: 0.0,160
/fmdtools/fmdtools/sim/sample.py:473: UnexpectedException</failure></testcase><testcase classname="fmdtools.sim.sample" name="fmdtools.sim.sample.FaultDomain.add_all_fxn_modes" time="0.013"><failure message="537 &#10;538         Parameters&#10;539         ----------&#10;540         *fxnnames : str&#10;541             Names of the functions (e.g., &quot;affect_dof&quot;, &quot;move_water&quot;).&#10;542 &#10;543         Examples&#10;544         --------&#10;545         &gt;&gt;&gt; from examples.multirotor.drone_mdl_rural import Drone&#10;546         &gt;&gt;&gt; fd = FaultDomain(Drone())&#10;UNEXPECTED EXCEPTION: Exception('Outside bounds of grid: 0.0,160')&#10;Traceback (most recent call last):&#10;  File &quot;/opt/conda/envs/my_env/lib/python3.10/doctest.py&quot;, line 1350, in __run&#10;    exec(compile(example.source, filename, &quot;single&quot;,&#10;  File &quot;&lt;doctest fmdtools.sim.sample.FaultDomain.add_all_fxn_modes[1]&gt;&quot;, line 1, in &lt;module&gt;&#10;  File &quot;/fmdtools/fmdtools/define/architecture/function.py&quot;, line 512, in __init__&#10;    Architecture.__init__(self, h=h, **kwargs)&#10;  File &quot;/fmdtools/fmdtools/define/architecture/base.py&quot;, line 90, in __init__&#10;    self.init_architecture(**kwargs)&#10;  File &quot;/fmdtools/examples/multirotor/drone_mdl_rural.py&quot;, line 700, in init_architecture&#10;    self.add_flow('environment', DroneEnvironment, p=self.p.env_param)&#10;  File &quot;/fmdtools/fmdtools/define/architecture/base.py&quot;, line 197, in add_flow&#10;    self.add_flex_role_obj('flows', name, objclass=fclass, use_copy=use_copy,&#10;  File &quot;/fmdtools/fmdtools/define/architecture/base.py&quot;, line 162, in add_flex_role_obj&#10;    obj = init_obj(name=name, objclass=objclass, track=track,&#10;  File &quot;/fmdtools/fmdtools/define/object/base.py&quot;, line 962, in init_obj&#10;    fl = objclass(name=name, track=track, **kwargs)&#10;  File &quot;/fmdtools/fmdtools/define/environment.py&quot;, line 69, in __init__&#10;    super().__init__(name=name, root=root, glob=glob, p=p, s=s, track=track)&#10;  File &quot;/fmdtools/fmdtools/define/flow/commsflow.py&quot;, line 103, in __init__&#10;    super().__init__(name=name, glob=glob, track=track, **kwargs)&#10;  File &quot;/fmdtools/fmdtools/define/flow/multiflow.py&quot;, line 110, in __init__&#10;    super().__init__(name=name, root=root, track=track, **kwargs)&#10;  File &quot;/fmdtools/fmdtools/define/object/base.py&quot;, line 190, in __init__&#10;    self.init_roletypes(*roletypes, **kwargs)&#10;  File &quot;/fmdtools/fmdtools/define/object/base.py&quot;, line 251, in init_roletypes&#10;    self.init_roles(roletype, **kwargs)&#10;  File &quot;/fmdtools/fmdtools/define/object/base.py&quot;, line 296, in init_roles&#10;    container = container_initializer(**container_args)&#10;  File &quot;/fmdtools/fmdtools/define/object/coords.py&quot;, line 948, in __init__&#10;    self.init_properties(*args, **kwargs)&#10;  File &quot;/fmdtools/examples/multirotor/drone_mdl_dynamic.py&quot;, line 90, in init_properties&#10;    self.set_range(&quot;target&quot;, True, 0, 150, 10, 160)&#10;  File &quot;/fmdtools/fmdtools/define/object/coords.py&quot;, line 411, in set_range&#10;    _, y_max_ind = self.to_index(0.0, ymax)&#10;  File &quot;/fmdtools/fmdtools/define/object/coords.py&quot;, line 188, in to_index&#10;    raise Exception(&quot;Outside bounds of grid: &quot;+str(x)+','+str(y))&#10;Exception: Outside bounds of grid: 0.0,160&#10;/fmdtools/fmdtools/sim/sample.py:546: UnexpectedException">537 
538         Parameters
539         ----------
540         *fxnnames : str
541             Names of the functions (e.g., "affect_dof", "move_water").
542 
543         Examples
544         --------
545         &gt;&gt;&gt; from examples.multirotor.drone_mdl_rural import Drone
546         &gt;&gt;&gt; fd = FaultDomain(Drone())
UNEXPECTED EXCEPTION: Exception('Outside bounds of grid: 0.0,160')
Traceback (most recent call last):
  File "/opt/conda/envs/my_env/lib/python3.10/doctest.py", line 1350, in __run
    exec(compile(example.source, filename, "single",
  File "&lt;doctest fmdtools.sim.sample.FaultDomain.add_all_fxn_modes[1]&gt;", line 1, in &lt;module&gt;
  File "/fmdtools/fmdtools/define/architecture/function.py", line 512, in __init__
    Architecture.__init__(self, h=h, **kwargs)
  File "/fmdtools/fmdtools/define/architecture/base.py", line 90, in __init__
    self.init_architecture(**kwargs)
  File "/fmdtools/examples/multirotor/drone_mdl_rural.py", line 700, in init_architecture
    self.add_flow('environment', DroneEnvironment, p=self.p.env_param)
  File "/fmdtools/fmdtools/define/architecture/base.py", line 197, in add_flow
    self.add_flex_role_obj('flows', name, objclass=fclass, use_copy=use_copy,
  File "/fmdtools/fmdtools/define/architecture/base.py", line 162, in add_flex_role_obj
    obj = init_obj(name=name, objclass=objclass, track=track,
  File "/fmdtools/fmdtools/define/object/base.py", line 962, in init_obj
    fl = objclass(name=name, track=track, **kwargs)
  File "/fmdtools/fmdtools/define/environment.py", line 69, in __init__
    super().__init__(name=name, root=root, glob=glob, p=p, s=s, track=track)
  File "/fmdtools/fmdtools/define/flow/commsflow.py", line 103, in __init__
    super().__init__(name=name, glob=glob, track=track, **kwargs)
  File "/fmdtools/fmdtools/define/flow/multiflow.py", line 110, in __init__
    super().__init__(name=name, root=root, track=track, **kwargs)
  File "/fmdtools/fmdtools/define/object/base.py", line 190, in __init__
    self.init_roletypes(*roletypes, **kwargs)
  File "/fmdtools/fmdtools/define/object/base.py", line 251, in init_roletypes
    self.init_roles(roletype, **kwargs)
  File "/fmdtools/fmdtools/define/object/base.py", line 296, in init_roles
    container = container_initializer(**container_args)
  File "/fmdtools/fmdtools/define/object/coords.py", line 948, in __init__
    self.init_properties(*args, **kwargs)
  File "/fmdtools/examples/multirotor/drone_mdl_dynamic.py", line 90, in init_properties
    self.set_range("target", True, 0, 150, 10, 160)
  File "/fmdtools/fmdtools/define/object/coords.py", line 411, in set_range
    _, y_max_ind = self.to_index(0.0, ymax)
  File "/fmdtools/fmdtools/define/object/coords.py", line 188, in to_index
    raise Exception("Outside bounds of grid: "+str(x)+','+str(y))
Exception: Outside bounds of grid: 0.0,160
/fmdtools/fmdtools/sim/sample.py:546: UnexpectedException</failure></testcase><testcase classname="fmdtools.sim.sample" name="fmdtools.sim.sample.FaultDomain.add_all_fxnclass_modes" time="0.039" /><testcase classname="fmdtools.sim.sample" name="fmdtools.sim.sample.FaultDomain.add_faults" time="0.013"><failure message="447 &#10;448         Parameters&#10;449         ----------&#10;450         *faults : tuple&#10;451             Faults (simname, faultmode) to inject&#10;452 &#10;453         Examples&#10;454         --------&#10;455         &gt;&gt;&gt; from examples.multirotor.drone_mdl_rural import Drone&#10;456         &gt;&gt;&gt; fd= FaultDomain(Drone())&#10;UNEXPECTED EXCEPTION: Exception('Outside bounds of grid: 0.0,160')&#10;Traceback (most recent call last):&#10;  File &quot;/opt/conda/envs/my_env/lib/python3.10/doctest.py&quot;, line 1350, in __run&#10;    exec(compile(example.source, filename, &quot;single&quot;,&#10;  File &quot;&lt;doctest fmdtools.sim.sample.FaultDomain.add_faults[1]&gt;&quot;, line 1, in &lt;module&gt;&#10;  File &quot;/fmdtools/fmdtools/define/architecture/function.py&quot;, line 512, in __init__&#10;    Architecture.__init__(self, h=h, **kwargs)&#10;  File &quot;/fmdtools/fmdtools/define/architecture/base.py&quot;, line 90, in __init__&#10;    self.init_architecture(**kwargs)&#10;  File &quot;/fmdtools/examples/multirotor/drone_mdl_rural.py&quot;, line 700, in init_architecture&#10;    self.add_flow('environment', DroneEnvironment, p=self.p.env_param)&#10;  File &quot;/fmdtools/fmdtools/define/architecture/base.py&quot;, line 197, in add_flow&#10;    self.add_flex_role_obj('flows', name, objclass=fclass, use_copy=use_copy,&#10;  File &quot;/fmdtools/fmdtools/define/architecture/base.py&quot;, line 162, in add_flex_role_obj&#10;    obj = init_obj(name=name, objclass=objclass, track=track,&#10;  File &quot;/fmdtools/fmdtools/define/object/base.py&quot;, line 962, in init_obj&#10;    fl = objclass(name=name, track=track, **kwargs)&#10;  File &quot;/fmdtools/fmdtools/define/environment.py&quot;, line 69, in __init__&#10;    super().__init__(name=name, root=root, glob=glob, p=p, s=s, track=track)&#10;  File &quot;/fmdtools/fmdtools/define/flow/commsflow.py&quot;, line 103, in __init__&#10;    super().__init__(name=name, glob=glob, track=track, **kwargs)&#10;  File &quot;/fmdtools/fmdtools/define/flow/multiflow.py&quot;, line 110, in __init__&#10;    super().__init__(name=name, root=root, track=track, **kwargs)&#10;  File &quot;/fmdtools/fmdtools/define/object/base.py&quot;, line 190, in __init__&#10;    self.init_roletypes(*roletypes, **kwargs)&#10;  File &quot;/fmdtools/fmdtools/define/object/base.py&quot;, line 251, in init_roletypes&#10;    self.init_roles(roletype, **kwargs)&#10;  File &quot;/fmdtools/fmdtools/define/object/base.py&quot;, line 296, in init_roles&#10;    container = container_initializer(**container_args)&#10;  File &quot;/fmdtools/fmdtools/define/object/coords.py&quot;, line 948, in __init__&#10;    self.init_properties(*args, **kwargs)&#10;  File &quot;/fmdtools/examples/multirotor/drone_mdl_dynamic.py&quot;, line 90, in init_properties&#10;    self.set_range(&quot;target&quot;, True, 0, 150, 10, 160)&#10;  File &quot;/fmdtools/fmdtools/define/object/coords.py&quot;, line 411, in set_range&#10;    _, y_max_ind = self.to_index(0.0, ymax)&#10;  File &quot;/fmdtools/fmdtools/define/object/coords.py&quot;, line 188, in to_index&#10;    raise Exception(&quot;Outside bounds of grid: &quot;+str(x)+','+str(y))&#10;Exception: Outside bounds of grid: 0.0,160&#10;/fmdtools/fmdtools/sim/sample.py:456: UnexpectedException">447 
448         Parameters
449         ----------
450         *faults : tuple
451             Faults (simname, faultmode) to inject
452 
453         Examples
454         --------
455         &gt;&gt;&gt; from examples.multirotor.drone_mdl_rural import Drone
456         &gt;&gt;&gt; fd= FaultDomain(Drone())
UNEXPECTED EXCEPTION: Exception('Outside bounds of grid: 0.0,160')
Traceback (most recent call last):
  File "/opt/conda/envs/my_env/lib/python3.10/doctest.py", line 1350, in __run
    exec(compile(example.source, filename, "single",
  File "&lt;doctest fmdtools.sim.sample.FaultDomain.add_faults[1]&gt;", line 1, in &lt;module&gt;
  File "/fmdtools/fmdtools/define/architecture/function.py", line 512, in __init__
    Architecture.__init__(self, h=h, **kwargs)
  File "/fmdtools/fmdtools/define/architecture/base.py", line 90, in __init__
    self.init_architecture(**kwargs)
  File "/fmdtools/examples/multirotor/drone_mdl_rural.py", line 700, in init_architecture
    self.add_flow('environment', DroneEnvironment, p=self.p.env_param)
  File "/fmdtools/fmdtools/define/architecture/base.py", line 197, in add_flow
    self.add_flex_role_obj('flows', name, objclass=fclass, use_copy=use_copy,
  File "/fmdtools/fmdtools/define/architecture/base.py", line 162, in add_flex_role_obj
    obj = init_obj(name=name, objclass=objclass, track=track,
  File "/fmdtools/fmdtools/define/object/base.py", line 962, in init_obj
    fl = objclass(name=name, track=track, **kwargs)
  File "/fmdtools/fmdtools/define/environment.py", line 69, in __init__
    super().__init__(name=name, root=root, glob=glob, p=p, s=s, track=track)
  File "/fmdtools/fmdtools/define/flow/commsflow.py", line 103, in __init__
    super().__init__(name=name, glob=glob, track=track, **kwargs)
  File "/fmdtools/fmdtools/define/flow/multiflow.py", line 110, in __init__
    super().__init__(name=name, root=root, track=track, **kwargs)
  File "/fmdtools/fmdtools/define/object/base.py", line 190, in __init__
    self.init_roletypes(*roletypes, **kwargs)
  File "/fmdtools/fmdtools/define/object/base.py", line 251, in init_roletypes
    self.init_roles(roletype, **kwargs)
  File "/fmdtools/fmdtools/define/object/base.py", line 296, in init_roles
    container = container_initializer(**container_args)
  File "/fmdtools/fmdtools/define/object/coords.py", line 948, in __init__
    self.init_properties(*args, **kwargs)
  File "/fmdtools/examples/multirotor/drone_mdl_dynamic.py", line 90, in init_properties
    self.set_range("target", True, 0, 150, 10, 160)
  File "/fmdtools/fmdtools/define/object/coords.py", line 411, in set_range
    _, y_max_ind = self.to_index(0.0, ymax)
  File "/fmdtools/fmdtools/define/object/coords.py", line 188, in to_index
    raise Exception("Outside bounds of grid: "+str(x)+','+str(y))
Exception: Outside bounds of grid: 0.0,160
/fmdtools/fmdtools/sim/sample.py:456: UnexpectedException</failure></testcase><testcase classname="fmdtools.sim.sample" name="fmdtools.sim.sample.FaultDomain.add_singlecomp_modes" time="0.012"><failure message="561 &#10;562         Parameters&#10;563         ----------&#10;564         *fxns : str&#10;565             Names of the functions containing the components.&#10;566 &#10;567         Examples&#10;568         --------&#10;569         &gt;&gt;&gt; from examples.multirotor.drone_mdl_rural import Drone&#10;570         &gt;&gt;&gt; fd = FaultDomain(Drone())&#10;UNEXPECTED EXCEPTION: Exception('Outside bounds of grid: 0.0,160')&#10;Traceback (most recent call last):&#10;  File &quot;/opt/conda/envs/my_env/lib/python3.10/doctest.py&quot;, line 1350, in __run&#10;    exec(compile(example.source, filename, &quot;single&quot;,&#10;  File &quot;&lt;doctest fmdtools.sim.sample.FaultDomain.add_singlecomp_modes[1]&gt;&quot;, line 1, in &lt;module&gt;&#10;  File &quot;/fmdtools/fmdtools/define/architecture/function.py&quot;, line 512, in __init__&#10;    Architecture.__init__(self, h=h, **kwargs)&#10;  File &quot;/fmdtools/fmdtools/define/architecture/base.py&quot;, line 90, in __init__&#10;    self.init_architecture(**kwargs)&#10;  File &quot;/fmdtools/examples/multirotor/drone_mdl_rural.py&quot;, line 700, in init_architecture&#10;    self.add_flow('environment', DroneEnvironment, p=self.p.env_param)&#10;  File &quot;/fmdtools/fmdtools/define/architecture/base.py&quot;, line 197, in add_flow&#10;    self.add_flex_role_obj('flows', name, objclass=fclass, use_copy=use_copy,&#10;  File &quot;/fmdtools/fmdtools/define/architecture/base.py&quot;, line 162, in add_flex_role_obj&#10;    obj = init_obj(name=name, objclass=objclass, track=track,&#10;  File &quot;/fmdtools/fmdtools/define/object/base.py&quot;, line 962, in init_obj&#10;    fl = objclass(name=name, track=track, **kwargs)&#10;  File &quot;/fmdtools/fmdtools/define/environment.py&quot;, line 69, in __init__&#10;    super().__init__(name=name, root=root, glob=glob, p=p, s=s, track=track)&#10;  File &quot;/fmdtools/fmdtools/define/flow/commsflow.py&quot;, line 103, in __init__&#10;    super().__init__(name=name, glob=glob, track=track, **kwargs)&#10;  File &quot;/fmdtools/fmdtools/define/flow/multiflow.py&quot;, line 110, in __init__&#10;    super().__init__(name=name, root=root, track=track, **kwargs)&#10;  File &quot;/fmdtools/fmdtools/define/object/base.py&quot;, line 190, in __init__&#10;    self.init_roletypes(*roletypes, **kwargs)&#10;  File &quot;/fmdtools/fmdtools/define/object/base.py&quot;, line 251, in init_roletypes&#10;    self.init_roles(roletype, **kwargs)&#10;  File &quot;/fmdtools/fmdtools/define/object/base.py&quot;, line 296, in init_roles&#10;    container = container_initializer(**container_args)&#10;  File &quot;/fmdtools/fmdtools/define/object/coords.py&quot;, line 948, in __init__&#10;    self.init_properties(*args, **kwargs)&#10;  File &quot;/fmdtools/examples/multirotor/drone_mdl_dynamic.py&quot;, line 90, in init_properties&#10;    self.set_range(&quot;target&quot;, True, 0, 150, 10, 160)&#10;  File &quot;/fmdtools/fmdtools/define/object/coords.py&quot;, line 411, in set_range&#10;    _, y_max_ind = self.to_index(0.0, ymax)&#10;  File &quot;/fmdtools/fmdtools/define/object/coords.py&quot;, line 188, in to_index&#10;    raise Exception(&quot;Outside bounds of grid: &quot;+str(x)+','+str(y))&#10;Exception: Outside bounds of grid: 0.0,160&#10;/fmdtools/fmdtools/sim/sample.py:570: UnexpectedException">561 
562         Parameters
563         ----------
564         *fxns : str
565             Names of the functions containing the components.
566 
567         Examples
568         --------
569         &gt;&gt;&gt; from examples.multirotor.drone_mdl_rural import Drone
570         &gt;&gt;&gt; fd = FaultDomain(Drone())
UNEXPECTED EXCEPTION: Exception('Outside bounds of grid: 0.0,160')
Traceback (most recent call last):
  File "/opt/conda/envs/my_env/lib/python3.10/doctest.py", line 1350, in __run
    exec(compile(example.source, filename, "single",
  File "&lt;doctest fmdtools.sim.sample.FaultDomain.add_singlecomp_modes[1]&gt;", line 1, in &lt;module&gt;
  File "/fmdtools/fmdtools/define/architecture/function.py", line 512, in __init__
    Architecture.__init__(self, h=h, **kwargs)
  File "/fmdtools/fmdtools/define/architecture/base.py", line 90, in __init__
    self.init_architecture(**kwargs)
  File "/fmdtools/examples/multirotor/drone_mdl_rural.py", line 700, in init_architecture
    self.add_flow('environment', DroneEnvironment, p=self.p.env_param)
  File "/fmdtools/fmdtools/define/architecture/base.py", line 197, in add_flow
    self.add_flex_role_obj('flows', name, objclass=fclass, use_copy=use_copy,
  File "/fmdtools/fmdtools/define/architecture/base.py", line 162, in add_flex_role_obj
    obj = init_obj(name=name, objclass=objclass, track=track,
  File "/fmdtools/fmdtools/define/object/base.py", line 962, in init_obj
    fl = objclass(name=name, track=track, **kwargs)
  File "/fmdtools/fmdtools/define/environment.py", line 69, in __init__
    super().__init__(name=name, root=root, glob=glob, p=p, s=s, track=track)
  File "/fmdtools/fmdtools/define/flow/commsflow.py", line 103, in __init__
    super().__init__(name=name, glob=glob, track=track, **kwargs)
  File "/fmdtools/fmdtools/define/flow/multiflow.py", line 110, in __init__
    super().__init__(name=name, root=root, track=track, **kwargs)
  File "/fmdtools/fmdtools/define/object/base.py", line 190, in __init__
    self.init_roletypes(*roletypes, **kwargs)
  File "/fmdtools/fmdtools/define/object/base.py", line 251, in init_roletypes
    self.init_roles(roletype, **kwargs)
  File "/fmdtools/fmdtools/define/object/base.py", line 296, in init_roles
    container = container_initializer(**container_args)
  File "/fmdtools/fmdtools/define/object/coords.py", line 948, in __init__
    self.init_properties(*args, **kwargs)
  File "/fmdtools/examples/multirotor/drone_mdl_dynamic.py", line 90, in init_properties
    self.set_range("target", True, 0, 150, 10, 160)
  File "/fmdtools/fmdtools/define/object/coords.py", line 411, in set_range
    _, y_max_ind = self.to_index(0.0, ymax)
  File "/fmdtools/fmdtools/define/object/coords.py", line 188, in to_index
    raise Exception("Outside bounds of grid: "+str(x)+','+str(y))
Exception: Outside bounds of grid: 0.0,160
/fmdtools/fmdtools/sim/sample.py:570: UnexpectedException</failure></testcase><testcase classname="fmdtools.sim.sample" name="fmdtools.sim.sample.FaultSample.add_fault_phases" time="0.012"><failure message="966             The default is {}.&#10;967         n_joint : int&#10;968             Number of joint fault modes to include in sample.&#10;969         **joint_kwargs : kwargs&#10;970             baserate and p_cond arguments to add_joint_fault_scenario.&#10;971 &#10;972         Examples&#10;973         --------&#10;974         &gt;&gt;&gt; from examples.multirotor.drone_mdl_rural import Drone&#10;975         &gt;&gt;&gt; mdl = Drone()&#10;UNEXPECTED EXCEPTION: Exception('Outside bounds of grid: 0.0,160')&#10;Traceback (most recent call last):&#10;  File &quot;/opt/conda/envs/my_env/lib/python3.10/doctest.py&quot;, line 1350, in __run&#10;    exec(compile(example.source, filename, &quot;single&quot;,&#10;  File &quot;&lt;doctest fmdtools.sim.sample.FaultSample.add_fault_phases[1]&gt;&quot;, line 1, in &lt;module&gt;&#10;  File &quot;/fmdtools/fmdtools/define/architecture/function.py&quot;, line 512, in __init__&#10;    Architecture.__init__(self, h=h, **kwargs)&#10;  File &quot;/fmdtools/fmdtools/define/architecture/base.py&quot;, line 90, in __init__&#10;    self.init_architecture(**kwargs)&#10;  File &quot;/fmdtools/examples/multirotor/drone_mdl_rural.py&quot;, line 700, in init_architecture&#10;    self.add_flow('environment', DroneEnvironment, p=self.p.env_param)&#10;  File &quot;/fmdtools/fmdtools/define/architecture/base.py&quot;, line 197, in add_flow&#10;    self.add_flex_role_obj('flows', name, objclass=fclass, use_copy=use_copy,&#10;  File &quot;/fmdtools/fmdtools/define/architecture/base.py&quot;, line 162, in add_flex_role_obj&#10;    obj = init_obj(name=name, objclass=objclass, track=track,&#10;  File &quot;/fmdtools/fmdtools/define/object/base.py&quot;, line 962, in init_obj&#10;    fl = objclass(name=name, track=track, **kwargs)&#10;  File &quot;/fmdtools/fmdtools/define/environment.py&quot;, line 69, in __init__&#10;    super().__init__(name=name, root=root, glob=glob, p=p, s=s, track=track)&#10;  File &quot;/fmdtools/fmdtools/define/flow/commsflow.py&quot;, line 103, in __init__&#10;    super().__init__(name=name, glob=glob, track=track, **kwargs)&#10;  File &quot;/fmdtools/fmdtools/define/flow/multiflow.py&quot;, line 110, in __init__&#10;    super().__init__(name=name, root=root, track=track, **kwargs)&#10;  File &quot;/fmdtools/fmdtools/define/object/base.py&quot;, line 190, in __init__&#10;    self.init_roletypes(*roletypes, **kwargs)&#10;  File &quot;/fmdtools/fmdtools/define/object/base.py&quot;, line 251, in init_roletypes&#10;    self.init_roles(roletype, **kwargs)&#10;  File &quot;/fmdtools/fmdtools/define/object/base.py&quot;, line 296, in init_roles&#10;    container = container_initializer(**container_args)&#10;  File &quot;/fmdtools/fmdtools/define/object/coords.py&quot;, line 948, in __init__&#10;    self.init_properties(*args, **kwargs)&#10;  File &quot;/fmdtools/examples/multirotor/drone_mdl_dynamic.py&quot;, line 90, in init_properties&#10;    self.set_range(&quot;target&quot;, True, 0, 150, 10, 160)&#10;  File &quot;/fmdtools/fmdtools/define/object/coords.py&quot;, line 411, in set_range&#10;    _, y_max_ind = self.to_index(0.0, ymax)&#10;  File &quot;/fmdtools/fmdtools/define/object/coords.py&quot;, line 188, in to_index&#10;    raise Exception(&quot;Outside bounds of grid: &quot;+str(x)+','+str(y))&#10;Exception: Outside bounds of grid: 0.0,160&#10;/fmdtools/fmdtools/sim/sample.py:975: UnexpectedException">966             The default is {}.
967         n_joint : int
968             Number of joint fault modes to include in sample.
969         **joint_kwargs : kwargs
970             baserate and p_cond arguments to add_joint_fault_scenario.
971 
972         Examples
973         --------
974         &gt;&gt;&gt; from examples.multirotor.drone_mdl_rural import Drone
975         &gt;&gt;&gt; mdl = Drone()
UNEXPECTED EXCEPTION: Exception('Outside bounds of grid: 0.0,160')
Traceback (most recent call last):
  File "/opt/conda/envs/my_env/lib/python3.10/doctest.py", line 1350, in __run
    exec(compile(example.source, filename, "single",
  File "&lt;doctest fmdtools.sim.sample.FaultSample.add_fault_phases[1]&gt;", line 1, in &lt;module&gt;
  File "/fmdtools/fmdtools/define/architecture/function.py", line 512, in __init__
    Architecture.__init__(self, h=h, **kwargs)
  File "/fmdtools/fmdtools/define/architecture/base.py", line 90, in __init__
    self.init_architecture(**kwargs)
  File "/fmdtools/examples/multirotor/drone_mdl_rural.py", line 700, in init_architecture
    self.add_flow('environment', DroneEnvironment, p=self.p.env_param)
  File "/fmdtools/fmdtools/define/architecture/base.py", line 197, in add_flow
    self.add_flex_role_obj('flows', name, objclass=fclass, use_copy=use_copy,
  File "/fmdtools/fmdtools/define/architecture/base.py", line 162, in add_flex_role_obj
    obj = init_obj(name=name, objclass=objclass, track=track,
  File "/fmdtools/fmdtools/define/object/base.py", line 962, in init_obj
    fl = objclass(name=name, track=track, **kwargs)
  File "/fmdtools/fmdtools/define/environment.py", line 69, in __init__
    super().__init__(name=name, root=root, glob=glob, p=p, s=s, track=track)
  File "/fmdtools/fmdtools/define/flow/commsflow.py", line 103, in __init__
    super().__init__(name=name, glob=glob, track=track, **kwargs)
  File "/fmdtools/fmdtools/define/flow/multiflow.py", line 110, in __init__
    super().__init__(name=name, root=root, track=track, **kwargs)
  File "/fmdtools/fmdtools/define/object/base.py", line 190, in __init__
    self.init_roletypes(*roletypes, **kwargs)
  File "/fmdtools/fmdtools/define/object/base.py", line 251, in init_roletypes
    self.init_roles(roletype, **kwargs)
  File "/fmdtools/fmdtools/define/object/base.py", line 296, in init_roles
    container = container_initializer(**container_args)
  File "/fmdtools/fmdtools/define/object/coords.py", line 948, in __init__
    self.init_properties(*args, **kwargs)
  File "/fmdtools/examples/multirotor/drone_mdl_dynamic.py", line 90, in init_properties
    self.set_range("target", True, 0, 150, 10, 160)
  File "/fmdtools/fmdtools/define/object/coords.py", line 411, in set_range
    _, y_max_ind = self.to_index(0.0, ymax)
  File "/fmdtools/fmdtools/define/object/coords.py", line 188, in to_index
    raise Exception("Outside bounds of grid: "+str(x)+','+str(y))
Exception: Outside bounds of grid: 0.0,160
/fmdtools/fmdtools/sim/sample.py:975: UnexpectedException</failure></testcase><testcase classname="fmdtools.sim.sample" name="fmdtools.sim.sample.FaultSample.add_fault_times" time="0.013"><failure message="896             Weight factors corresponding to the times The default is [].&#10;897         n_joint : int&#10;898             Number of joint fault modes.&#10;899         **joint_kwargs : kwargs&#10;900             baserate and p_cond arguments to add_joint_fault_scenario.&#10;901 &#10;902         Examples&#10;903         --------&#10;904         &gt;&gt;&gt; from examples.multirotor.drone_mdl_rural import Drone&#10;905         &gt;&gt;&gt; mdl = Drone()&#10;UNEXPECTED EXCEPTION: Exception('Outside bounds of grid: 0.0,160')&#10;Traceback (most recent call last):&#10;  File &quot;/opt/conda/envs/my_env/lib/python3.10/doctest.py&quot;, line 1350, in __run&#10;    exec(compile(example.source, filename, &quot;single&quot;,&#10;  File &quot;&lt;doctest fmdtools.sim.sample.FaultSample.add_fault_times[1]&gt;&quot;, line 1, in &lt;module&gt;&#10;  File &quot;/fmdtools/fmdtools/define/architecture/function.py&quot;, line 512, in __init__&#10;    Architecture.__init__(self, h=h, **kwargs)&#10;  File &quot;/fmdtools/fmdtools/define/architecture/base.py&quot;, line 90, in __init__&#10;    self.init_architecture(**kwargs)&#10;  File &quot;/fmdtools/examples/multirotor/drone_mdl_rural.py&quot;, line 700, in init_architecture&#10;    self.add_flow('environment', DroneEnvironment, p=self.p.env_param)&#10;  File &quot;/fmdtools/fmdtools/define/architecture/base.py&quot;, line 197, in add_flow&#10;    self.add_flex_role_obj('flows', name, objclass=fclass, use_copy=use_copy,&#10;  File &quot;/fmdtools/fmdtools/define/architecture/base.py&quot;, line 162, in add_flex_role_obj&#10;    obj = init_obj(name=name, objclass=objclass, track=track,&#10;  File &quot;/fmdtools/fmdtools/define/object/base.py&quot;, line 962, in init_obj&#10;    fl = objclass(name=name, track=track, **kwargs)&#10;  File &quot;/fmdtools/fmdtools/define/environment.py&quot;, line 69, in __init__&#10;    super().__init__(name=name, root=root, glob=glob, p=p, s=s, track=track)&#10;  File &quot;/fmdtools/fmdtools/define/flow/commsflow.py&quot;, line 103, in __init__&#10;    super().__init__(name=name, glob=glob, track=track, **kwargs)&#10;  File &quot;/fmdtools/fmdtools/define/flow/multiflow.py&quot;, line 110, in __init__&#10;    super().__init__(name=name, root=root, track=track, **kwargs)&#10;  File &quot;/fmdtools/fmdtools/define/object/base.py&quot;, line 190, in __init__&#10;    self.init_roletypes(*roletypes, **kwargs)&#10;  File &quot;/fmdtools/fmdtools/define/object/base.py&quot;, line 251, in init_roletypes&#10;    self.init_roles(roletype, **kwargs)&#10;  File &quot;/fmdtools/fmdtools/define/object/base.py&quot;, line 296, in init_roles&#10;    container = container_initializer(**container_args)&#10;  File &quot;/fmdtools/fmdtools/define/object/coords.py&quot;, line 948, in __init__&#10;    self.init_properties(*args, **kwargs)&#10;  File &quot;/fmdtools/examples/multirotor/drone_mdl_dynamic.py&quot;, line 90, in init_properties&#10;    self.set_range(&quot;target&quot;, True, 0, 150, 10, 160)&#10;  File &quot;/fmdtools/fmdtools/define/object/coords.py&quot;, line 411, in set_range&#10;    _, y_max_ind = self.to_index(0.0, ymax)&#10;  File &quot;/fmdtools/fmdtools/define/object/coords.py&quot;, line 188, in to_index&#10;    raise Exception(&quot;Outside bounds of grid: &quot;+str(x)+','+str(y))&#10;Exception: Outside bounds of grid: 0.0,160&#10;/fmdtools/fmdtools/sim/sample.py:905: UnexpectedException">896             Weight factors corresponding to the times The default is [].
897         n_joint : int
898             Number of joint fault modes.
899         **joint_kwargs : kwargs
900             baserate and p_cond arguments to add_joint_fault_scenario.
901 
902         Examples
903         --------
904         &gt;&gt;&gt; from examples.multirotor.drone_mdl_rural import Drone
905         &gt;&gt;&gt; mdl = Drone()
UNEXPECTED EXCEPTION: Exception('Outside bounds of grid: 0.0,160')
Traceback (most recent call last):
  File "/opt/conda/envs/my_env/lib/python3.10/doctest.py", line 1350, in __run
    exec(compile(example.source, filename, "single",
  File "&lt;doctest fmdtools.sim.sample.FaultSample.add_fault_times[1]&gt;", line 1, in &lt;module&gt;
  File "/fmdtools/fmdtools/define/architecture/function.py", line 512, in __init__
    Architecture.__init__(self, h=h, **kwargs)
  File "/fmdtools/fmdtools/define/architecture/base.py", line 90, in __init__
    self.init_architecture(**kwargs)
  File "/fmdtools/examples/multirotor/drone_mdl_rural.py", line 700, in init_architecture
    self.add_flow('environment', DroneEnvironment, p=self.p.env_param)
  File "/fmdtools/fmdtools/define/architecture/base.py", line 197, in add_flow
    self.add_flex_role_obj('flows', name, objclass=fclass, use_copy=use_copy,
  File "/fmdtools/fmdtools/define/architecture/base.py", line 162, in add_flex_role_obj
    obj = init_obj(name=name, objclass=objclass, track=track,
  File "/fmdtools/fmdtools/define/object/base.py", line 962, in init_obj
    fl = objclass(name=name, track=track, **kwargs)
  File "/fmdtools/fmdtools/define/environment.py", line 69, in __init__
    super().__init__(name=name, root=root, glob=glob, p=p, s=s, track=track)
  File "/fmdtools/fmdtools/define/flow/commsflow.py", line 103, in __init__
    super().__init__(name=name, glob=glob, track=track, **kwargs)
  File "/fmdtools/fmdtools/define/flow/multiflow.py", line 110, in __init__
    super().__init__(name=name, root=root, track=track, **kwargs)
  File "/fmdtools/fmdtools/define/object/base.py", line 190, in __init__
    self.init_roletypes(*roletypes, **kwargs)
  File "/fmdtools/fmdtools/define/object/base.py", line 251, in init_roletypes
    self.init_roles(roletype, **kwargs)
  File "/fmdtools/fmdtools/define/object/base.py", line 296, in init_roles
    container = container_initializer(**container_args)
  File "/fmdtools/fmdtools/define/object/coords.py", line 948, in __init__
    self.init_properties(*args, **kwargs)
  File "/fmdtools/examples/multirotor/drone_mdl_dynamic.py", line 90, in init_properties
    self.set_range("target", True, 0, 150, 10, 160)
  File "/fmdtools/fmdtools/define/object/coords.py", line 411, in set_range
    _, y_max_ind = self.to_index(0.0, ymax)
  File "/fmdtools/fmdtools/define/object/coords.py", line 188, in to_index
    raise Exception("Outside bounds of grid: "+str(x)+','+str(y))
Exception: Outside bounds of grid: 0.0,160
/fmdtools/fmdtools/sim/sample.py:905: UnexpectedException</failure></testcase><testcase classname="fmdtools.sim.sample" name="fmdtools.sim.sample.FaultSample.add_joint_fault_scenario" time="0.012"><failure message="857             Default is 'ind' which calculates the rate as independent (rate1*rate2*...).&#10;858             Can also be 'max', which uses the max fault likelihood.&#10;859         p_cond : float&#10;860             Conditional fault probability for joint fault modes. Used if not using&#10;861             independent base rate assumptions to calculate. Default is 1.0.&#10;862 &#10;863         Examples&#10;864         --------&#10;865         &gt;&gt;&gt; from examples.multirotor.drone_mdl_rural import Drone&#10;866         &gt;&gt;&gt; fd = FaultDomain(Drone())&#10;UNEXPECTED EXCEPTION: Exception('Outside bounds of grid: 0.0,160')&#10;Traceback (most recent call last):&#10;  File &quot;/opt/conda/envs/my_env/lib/python3.10/doctest.py&quot;, line 1350, in __run&#10;    exec(compile(example.source, filename, &quot;single&quot;,&#10;  File &quot;&lt;doctest fmdtools.sim.sample.FaultSample.add_joint_fault_scenario[1]&gt;&quot;, line 1, in &lt;module&gt;&#10;  File &quot;/fmdtools/fmdtools/define/architecture/function.py&quot;, line 512, in __init__&#10;    Architecture.__init__(self, h=h, **kwargs)&#10;  File &quot;/fmdtools/fmdtools/define/architecture/base.py&quot;, line 90, in __init__&#10;    self.init_architecture(**kwargs)&#10;  File &quot;/fmdtools/examples/multirotor/drone_mdl_rural.py&quot;, line 700, in init_architecture&#10;    self.add_flow('environment', DroneEnvironment, p=self.p.env_param)&#10;  File &quot;/fmdtools/fmdtools/define/architecture/base.py&quot;, line 197, in add_flow&#10;    self.add_flex_role_obj('flows', name, objclass=fclass, use_copy=use_copy,&#10;  File &quot;/fmdtools/fmdtools/define/architecture/base.py&quot;, line 162, in add_flex_role_obj&#10;    obj = init_obj(name=name, objclass=objclass, track=track,&#10;  File &quot;/fmdtools/fmdtools/define/object/base.py&quot;, line 962, in init_obj&#10;    fl = objclass(name=name, track=track, **kwargs)&#10;  File &quot;/fmdtools/fmdtools/define/environment.py&quot;, line 69, in __init__&#10;    super().__init__(name=name, root=root, glob=glob, p=p, s=s, track=track)&#10;  File &quot;/fmdtools/fmdtools/define/flow/commsflow.py&quot;, line 103, in __init__&#10;    super().__init__(name=name, glob=glob, track=track, **kwargs)&#10;  File &quot;/fmdtools/fmdtools/define/flow/multiflow.py&quot;, line 110, in __init__&#10;    super().__init__(name=name, root=root, track=track, **kwargs)&#10;  File &quot;/fmdtools/fmdtools/define/object/base.py&quot;, line 190, in __init__&#10;    self.init_roletypes(*roletypes, **kwargs)&#10;  File &quot;/fmdtools/fmdtools/define/object/base.py&quot;, line 251, in init_roletypes&#10;    self.init_roles(roletype, **kwargs)&#10;  File &quot;/fmdtools/fmdtools/define/object/base.py&quot;, line 296, in init_roles&#10;    container = container_initializer(**container_args)&#10;  File &quot;/fmdtools/fmdtools/define/object/coords.py&quot;, line 948, in __init__&#10;    self.init_properties(*args, **kwargs)&#10;  File &quot;/fmdtools/examples/multirotor/drone_mdl_dynamic.py&quot;, line 90, in init_properties&#10;    self.set_range(&quot;target&quot;, True, 0, 150, 10, 160)&#10;  File &quot;/fmdtools/fmdtools/define/object/coords.py&quot;, line 411, in set_range&#10;    _, y_max_ind = self.to_index(0.0, ymax)&#10;  File &quot;/fmdtools/fmdtools/define/object/coords.py&quot;, line 188, in to_index&#10;    raise Exception(&quot;Outside bounds of grid: &quot;+str(x)+','+str(y))&#10;Exception: Outside bounds of grid: 0.0,160&#10;/fmdtools/fmdtools/sim/sample.py:866: UnexpectedException">857             Default is 'ind' which calculates the rate as independent (rate1*rate2*...).
858             Can also be 'max', which uses the max fault likelihood.
859         p_cond : float
860             Conditional fault probability for joint fault modes. Used if not using
861             independent base rate assumptions to calculate. Default is 1.0.
862 
863         Examples
864         --------
865         &gt;&gt;&gt; from examples.multirotor.drone_mdl_rural import Drone
866         &gt;&gt;&gt; fd = FaultDomain(Drone())
UNEXPECTED EXCEPTION: Exception('Outside bounds of grid: 0.0,160')
Traceback (most recent call last):
  File "/opt/conda/envs/my_env/lib/python3.10/doctest.py", line 1350, in __run
    exec(compile(example.source, filename, "single",
  File "&lt;doctest fmdtools.sim.sample.FaultSample.add_joint_fault_scenario[1]&gt;", line 1, in &lt;module&gt;
  File "/fmdtools/fmdtools/define/architecture/function.py", line 512, in __init__
    Architecture.__init__(self, h=h, **kwargs)
  File "/fmdtools/fmdtools/define/architecture/base.py", line 90, in __init__
    self.init_architecture(**kwargs)
  File "/fmdtools/examples/multirotor/drone_mdl_rural.py", line 700, in init_architecture
    self.add_flow('environment', DroneEnvironment, p=self.p.env_param)
  File "/fmdtools/fmdtools/define/architecture/base.py", line 197, in add_flow
    self.add_flex_role_obj('flows', name, objclass=fclass, use_copy=use_copy,
  File "/fmdtools/fmdtools/define/architecture/base.py", line 162, in add_flex_role_obj
    obj = init_obj(name=name, objclass=objclass, track=track,
  File "/fmdtools/fmdtools/define/object/base.py", line 962, in init_obj
    fl = objclass(name=name, track=track, **kwargs)
  File "/fmdtools/fmdtools/define/environment.py", line 69, in __init__
    super().__init__(name=name, root=root, glob=glob, p=p, s=s, track=track)
  File "/fmdtools/fmdtools/define/flow/commsflow.py", line 103, in __init__
    super().__init__(name=name, glob=glob, track=track, **kwargs)
  File "/fmdtools/fmdtools/define/flow/multiflow.py", line 110, in __init__
    super().__init__(name=name, root=root, track=track, **kwargs)
  File "/fmdtools/fmdtools/define/object/base.py", line 190, in __init__
    self.init_roletypes(*roletypes, **kwargs)
  File "/fmdtools/fmdtools/define/object/base.py", line 251, in init_roletypes
    self.init_roles(roletype, **kwargs)
  File "/fmdtools/fmdtools/define/object/base.py", line 296, in init_roles
    container = container_initializer(**container_args)
  File "/fmdtools/fmdtools/define/object/coords.py", line 948, in __init__
    self.init_properties(*args, **kwargs)
  File "/fmdtools/examples/multirotor/drone_mdl_dynamic.py", line 90, in init_properties
    self.set_range("target", True, 0, 150, 10, 160)
  File "/fmdtools/fmdtools/define/object/coords.py", line 411, in set_range
    _, y_max_ind = self.to_index(0.0, ymax)
  File "/fmdtools/fmdtools/define/object/coords.py", line 188, in to_index
    raise Exception("Outside bounds of grid: "+str(x)+','+str(y))
Exception: Outside bounds of grid: 0.0,160
/fmdtools/fmdtools/sim/sample.py:866: UnexpectedException</failure></testcase><testcase classname="fmdtools.sim.sample" name="fmdtools.sim.sample.FaultSample.add_single_fault_scenario" time="0.024"><failure message="819             Fault to add ('blockname', 'faultname').&#10;820         time : float&#10;821             Time of the fault scenario.&#10;822         weight : float, optional&#10;823             Weighting factor for the scenario rate. The default is 1.0.&#10;824 &#10;825         Examples&#10;826         --------&#10;827         &gt;&gt;&gt; from examples.multirotor.drone_mdl_rural import Drone&#10;828         &gt;&gt;&gt; mdl = Drone()&#10;UNEXPECTED EXCEPTION: Exception('Outside bounds of grid: 0.0,160')&#10;Traceback (most recent call last):&#10;  File &quot;/opt/conda/envs/my_env/lib/python3.10/doctest.py&quot;, line 1350, in __run&#10;    exec(compile(example.source, filename, &quot;single&quot;,&#10;  File &quot;&lt;doctest fmdtools.sim.sample.FaultSample.add_single_fault_scenario[1]&gt;&quot;, line 1, in &lt;module&gt;&#10;  File &quot;/fmdtools/fmdtools/define/architecture/function.py&quot;, line 512, in __init__&#10;    Architecture.__init__(self, h=h, **kwargs)&#10;  File &quot;/fmdtools/fmdtools/define/architecture/base.py&quot;, line 90, in __init__&#10;    self.init_architecture(**kwargs)&#10;  File &quot;/fmdtools/examples/multirotor/drone_mdl_rural.py&quot;, line 700, in init_architecture&#10;    self.add_flow('environment', DroneEnvironment, p=self.p.env_param)&#10;  File &quot;/fmdtools/fmdtools/define/architecture/base.py&quot;, line 197, in add_flow&#10;    self.add_flex_role_obj('flows', name, objclass=fclass, use_copy=use_copy,&#10;  File &quot;/fmdtools/fmdtools/define/architecture/base.py&quot;, line 162, in add_flex_role_obj&#10;    obj = init_obj(name=name, objclass=objclass, track=track,&#10;  File &quot;/fmdtools/fmdtools/define/object/base.py&quot;, line 962, in init_obj&#10;    fl = objclass(name=name, track=track, **kwargs)&#10;  File &quot;/fmdtools/fmdtools/define/environment.py&quot;, line 69, in __init__&#10;    super().__init__(name=name, root=root, glob=glob, p=p, s=s, track=track)&#10;  File &quot;/fmdtools/fmdtools/define/flow/commsflow.py&quot;, line 103, in __init__&#10;    super().__init__(name=name, glob=glob, track=track, **kwargs)&#10;  File &quot;/fmdtools/fmdtools/define/flow/multiflow.py&quot;, line 110, in __init__&#10;    super().__init__(name=name, root=root, track=track, **kwargs)&#10;  File &quot;/fmdtools/fmdtools/define/object/base.py&quot;, line 190, in __init__&#10;    self.init_roletypes(*roletypes, **kwargs)&#10;  File &quot;/fmdtools/fmdtools/define/object/base.py&quot;, line 251, in init_roletypes&#10;    self.init_roles(roletype, **kwargs)&#10;  File &quot;/fmdtools/fmdtools/define/object/base.py&quot;, line 296, in init_roles&#10;    container = container_initializer(**container_args)&#10;  File &quot;/fmdtools/fmdtools/define/object/coords.py&quot;, line 948, in __init__&#10;    self.init_properties(*args, **kwargs)&#10;  File &quot;/fmdtools/examples/multirotor/drone_mdl_dynamic.py&quot;, line 90, in init_properties&#10;    self.set_range(&quot;target&quot;, True, 0, 150, 10, 160)&#10;  File &quot;/fmdtools/fmdtools/define/object/coords.py&quot;, line 411, in set_range&#10;    _, y_max_ind = self.to_index(0.0, ymax)&#10;  File &quot;/fmdtools/fmdtools/define/object/coords.py&quot;, line 188, in to_index&#10;    raise Exception(&quot;Outside bounds of grid: &quot;+str(x)+','+str(y))&#10;Exception: Outside bounds of grid: 0.0,160&#10;/fmdtools/fmdtools/sim/sample.py:828: UnexpectedException">819             Fault to add ('blockname', 'faultname').
820         time : float
821             Time of the fault scenario.
822         weight : float, optional
823             Weighting factor for the scenario rate. The default is 1.0.
824 
825         Examples
826         --------
827         &gt;&gt;&gt; from examples.multirotor.drone_mdl_rural import Drone
828         &gt;&gt;&gt; mdl = Drone()
UNEXPECTED EXCEPTION: Exception('Outside bounds of grid: 0.0,160')
Traceback (most recent call last):
  File "/opt/conda/envs/my_env/lib/python3.10/doctest.py", line 1350, in __run
    exec(compile(example.source, filename, "single",
  File "&lt;doctest fmdtools.sim.sample.FaultSample.add_single_fault_scenario[1]&gt;", line 1, in &lt;module&gt;
  File "/fmdtools/fmdtools/define/architecture/function.py", line 512, in __init__
    Architecture.__init__(self, h=h, **kwargs)
  File "/fmdtools/fmdtools/define/architecture/base.py", line 90, in __init__
    self.init_architecture(**kwargs)
  File "/fmdtools/examples/multirotor/drone_mdl_rural.py", line 700, in init_architecture
    self.add_flow('environment', DroneEnvironment, p=self.p.env_param)
  File "/fmdtools/fmdtools/define/architecture/base.py", line 197, in add_flow
    self.add_flex_role_obj('flows', name, objclass=fclass, use_copy=use_copy,
  File "/fmdtools/fmdtools/define/architecture/base.py", line 162, in add_flex_role_obj
    obj = init_obj(name=name, objclass=objclass, track=track,
  File "/fmdtools/fmdtools/define/object/base.py", line 962, in init_obj
    fl = objclass(name=name, track=track, **kwargs)
  File "/fmdtools/fmdtools/define/environment.py", line 69, in __init__
    super().__init__(name=name, root=root, glob=glob, p=p, s=s, track=track)
  File "/fmdtools/fmdtools/define/flow/commsflow.py", line 103, in __init__
    super().__init__(name=name, glob=glob, track=track, **kwargs)
  File "/fmdtools/fmdtools/define/flow/multiflow.py", line 110, in __init__
    super().__init__(name=name, root=root, track=track, **kwargs)
  File "/fmdtools/fmdtools/define/object/base.py", line 190, in __init__
    self.init_roletypes(*roletypes, **kwargs)
  File "/fmdtools/fmdtools/define/object/base.py", line 251, in init_roletypes
    self.init_roles(roletype, **kwargs)
  File "/fmdtools/fmdtools/define/object/base.py", line 296, in init_roles
    container = container_initializer(**container_args)
  File "/fmdtools/fmdtools/define/object/coords.py", line 948, in __init__
    self.init_properties(*args, **kwargs)
  File "/fmdtools/examples/multirotor/drone_mdl_dynamic.py", line 90, in init_properties
    self.set_range("target", True, 0, 150, 10, 160)
  File "/fmdtools/fmdtools/define/object/coords.py", line 411, in set_range
    _, y_max_ind = self.to_index(0.0, ymax)
  File "/fmdtools/fmdtools/define/object/coords.py", line 188, in to_index
    raise Exception("Outside bounds of grid: "+str(x)+','+str(y))
Exception: Outside bounds of grid: 0.0,160
/fmdtools/fmdtools/sim/sample.py:828: UnexpectedException</failure></testcase><testcase classname="fmdtools.sim.sample" name="fmdtools.sim.sample.ParameterDomain" time="0.005" /><testcase classname="fmdtools.sim.sample" name="fmdtools.sim.sample.ParameterDomain.get_var_iters" time="0.003" /><testcase classname="fmdtools.sim.sample" name="fmdtools.sim.sample.ParameterHistSample" time="0.004" /><testcase classname="fmdtools.sim.sample" name="fmdtools.sim.sample.ParameterResultSample" time="0.004" /><testcase classname="fmdtools.sim.sample" name="fmdtools.sim.sample.ParameterSample.add_variable_ranges" time="0.005" /><testcase classname="fmdtools.sim.sample" name="fmdtools.sim.sample.ParameterSample.add_variable_replicates" time="0.003" /><testcase classname="fmdtools.sim.sample" name="fmdtools.sim.sample.ParameterSample.add_variable_scenario" time="0.002" /><testcase classname="fmdtools.sim.sample" name="fmdtools.sim.sample.ParameterSample.combine_orthogonal" time="0.003" /><testcase classname="fmdtools.sim.sample" name="fmdtools.sim.sample.ParameterSample.combine_product" time="0.002" /><testcase classname="fmdtools.sim.sample" name="fmdtools.sim.sample.ParameterSample.combine_random" time="0.002" /><testcase classname="fmdtools.sim.sample" name="fmdtools.sim.sample.SampleApproach.add_faultdomain" time="0.013"><failure message="1063             (e.g., to call Faultdomain.add_all, use &quot;all&quot;)&#10;1064         *args : args&#10;1065             Arguments to add_method.&#10;1066         **kwargs : kwargs&#10;1067             Keyword arguments to add_method&#10;1068 &#10;1069         Examples&#10;1070         --------&#10;1071         &gt;&gt;&gt; from examples.multirotor.drone_mdl_rural import Drone&#10;1072         &gt;&gt;&gt; s = SampleApproach(Drone())&#10;UNEXPECTED EXCEPTION: Exception('Outside bounds of grid: 0.0,160')&#10;Traceback (most recent call last):&#10;  File &quot;/opt/conda/envs/my_env/lib/python3.10/doctest.py&quot;, line 1350, in __run&#10;    exec(compile(example.source, filename, &quot;single&quot;,&#10;  File &quot;&lt;doctest fmdtools.sim.sample.SampleApproach.add_faultdomain[1]&gt;&quot;, line 1, in &lt;module&gt;&#10;  File &quot;/fmdtools/fmdtools/define/architecture/function.py&quot;, line 512, in __init__&#10;    Architecture.__init__(self, h=h, **kwargs)&#10;  File &quot;/fmdtools/fmdtools/define/architecture/base.py&quot;, line 90, in __init__&#10;    self.init_architecture(**kwargs)&#10;  File &quot;/fmdtools/examples/multirotor/drone_mdl_rural.py&quot;, line 700, in init_architecture&#10;    self.add_flow('environment', DroneEnvironment, p=self.p.env_param)&#10;  File &quot;/fmdtools/fmdtools/define/architecture/base.py&quot;, line 197, in add_flow&#10;    self.add_flex_role_obj('flows', name, objclass=fclass, use_copy=use_copy,&#10;  File &quot;/fmdtools/fmdtools/define/architecture/base.py&quot;, line 162, in add_flex_role_obj&#10;    obj = init_obj(name=name, objclass=objclass, track=track,&#10;  File &quot;/fmdtools/fmdtools/define/object/base.py&quot;, line 962, in init_obj&#10;    fl = objclass(name=name, track=track, **kwargs)&#10;  File &quot;/fmdtools/fmdtools/define/environment.py&quot;, line 69, in __init__&#10;    super().__init__(name=name, root=root, glob=glob, p=p, s=s, track=track)&#10;  File &quot;/fmdtools/fmdtools/define/flow/commsflow.py&quot;, line 103, in __init__&#10;    super().__init__(name=name, glob=glob, track=track, **kwargs)&#10;  File &quot;/fmdtools/fmdtools/define/flow/multiflow.py&quot;, line 110, in __init__&#10;    super().__init__(name=name, root=root, track=track, **kwargs)&#10;  File &quot;/fmdtools/fmdtools/define/object/base.py&quot;, line 190, in __init__&#10;    self.init_roletypes(*roletypes, **kwargs)&#10;  File &quot;/fmdtools/fmdtools/define/object/base.py&quot;, line 251, in init_roletypes&#10;    self.init_roles(roletype, **kwargs)&#10;  File &quot;/fmdtools/fmdtools/define/object/base.py&quot;, line 296, in init_roles&#10;    container = container_initializer(**container_args)&#10;  File &quot;/fmdtools/fmdtools/define/object/coords.py&quot;, line 948, in __init__&#10;    self.init_properties(*args, **kwargs)&#10;  File &quot;/fmdtools/examples/multirotor/drone_mdl_dynamic.py&quot;, line 90, in init_properties&#10;    self.set_range(&quot;target&quot;, True, 0, 150, 10, 160)&#10;  File &quot;/fmdtools/fmdtools/define/object/coords.py&quot;, line 411, in set_range&#10;    _, y_max_ind = self.to_index(0.0, ymax)&#10;  File &quot;/fmdtools/fmdtools/define/object/coords.py&quot;, line 188, in to_index&#10;    raise Exception(&quot;Outside bounds of grid: &quot;+str(x)+','+str(y))&#10;Exception: Outside bounds of grid: 0.0,160&#10;/fmdtools/fmdtools/sim/sample.py:1072: UnexpectedException">1063             (e.g., to call Faultdomain.add_all, use "all")
1064         *args : args
1065             Arguments to add_method.
1066         **kwargs : kwargs
1067             Keyword arguments to add_method
1068 
1069         Examples
1070         --------
1071         &gt;&gt;&gt; from examples.multirotor.drone_mdl_rural import Drone
1072         &gt;&gt;&gt; s = SampleApproach(Drone())
UNEXPECTED EXCEPTION: Exception('Outside bounds of grid: 0.0,160')
Traceback (most recent call last):
  File "/opt/conda/envs/my_env/lib/python3.10/doctest.py", line 1350, in __run
    exec(compile(example.source, filename, "single",
  File "&lt;doctest fmdtools.sim.sample.SampleApproach.add_faultdomain[1]&gt;", line 1, in &lt;module&gt;
  File "/fmdtools/fmdtools/define/architecture/function.py", line 512, in __init__
    Architecture.__init__(self, h=h, **kwargs)
  File "/fmdtools/fmdtools/define/architecture/base.py", line 90, in __init__
    self.init_architecture(**kwargs)
  File "/fmdtools/examples/multirotor/drone_mdl_rural.py", line 700, in init_architecture
    self.add_flow('environment', DroneEnvironment, p=self.p.env_param)
  File "/fmdtools/fmdtools/define/architecture/base.py", line 197, in add_flow
    self.add_flex_role_obj('flows', name, objclass=fclass, use_copy=use_copy,
  File "/fmdtools/fmdtools/define/architecture/base.py", line 162, in add_flex_role_obj
    obj = init_obj(name=name, objclass=objclass, track=track,
  File "/fmdtools/fmdtools/define/object/base.py", line 962, in init_obj
    fl = objclass(name=name, track=track, **kwargs)
  File "/fmdtools/fmdtools/define/environment.py", line 69, in __init__
    super().__init__(name=name, root=root, glob=glob, p=p, s=s, track=track)
  File "/fmdtools/fmdtools/define/flow/commsflow.py", line 103, in __init__
    super().__init__(name=name, glob=glob, track=track, **kwargs)
  File "/fmdtools/fmdtools/define/flow/multiflow.py", line 110, in __init__
    super().__init__(name=name, root=root, track=track, **kwargs)
  File "/fmdtools/fmdtools/define/object/base.py", line 190, in __init__
    self.init_roletypes(*roletypes, **kwargs)
  File "/fmdtools/fmdtools/define/object/base.py", line 251, in init_roletypes
    self.init_roles(roletype, **kwargs)
  File "/fmdtools/fmdtools/define/object/base.py", line 296, in init_roles
    container = container_initializer(**container_args)
  File "/fmdtools/fmdtools/define/object/coords.py", line 948, in __init__
    self.init_properties(*args, **kwargs)
  File "/fmdtools/examples/multirotor/drone_mdl_dynamic.py", line 90, in init_properties
    self.set_range("target", True, 0, 150, 10, 160)
  File "/fmdtools/fmdtools/define/object/coords.py", line 411, in set_range
    _, y_max_ind = self.to_index(0.0, ymax)
  File "/fmdtools/fmdtools/define/object/coords.py", line 188, in to_index
    raise Exception("Outside bounds of grid: "+str(x)+','+str(y))
Exception: Outside bounds of grid: 0.0,160
/fmdtools/fmdtools/sim/sample.py:1072: UnexpectedException</failure></testcase><testcase classname="fmdtools.sim.sample" name="fmdtools.sim.sample.SampleApproach.add_faultsample" time="0.013"><failure message="1114             Phasemap to instantiate the FaultSample with. If a dict/tuple is provided,&#10;1115             uses a PhaseMap with the dict/tuple as phases. The default is {}.&#10;1116             If a list, passes to JointFaultSample&#10;1117         **kwargs : kwargs&#10;1118             add_method kwargs.&#10;1119 &#10;1120         Examples&#10;1121         --------&#10;1122         &gt;&gt;&gt; from examples.multirotor.drone_mdl_rural import Drone&#10;1123         &gt;&gt;&gt; s = SampleApproach(Drone())&#10;UNEXPECTED EXCEPTION: Exception('Outside bounds of grid: 0.0,160')&#10;Traceback (most recent call last):&#10;  File &quot;/opt/conda/envs/my_env/lib/python3.10/doctest.py&quot;, line 1350, in __run&#10;    exec(compile(example.source, filename, &quot;single&quot;,&#10;  File &quot;&lt;doctest fmdtools.sim.sample.SampleApproach.add_faultsample[1]&gt;&quot;, line 1, in &lt;module&gt;&#10;  File &quot;/fmdtools/fmdtools/define/architecture/function.py&quot;, line 512, in __init__&#10;    Architecture.__init__(self, h=h, **kwargs)&#10;  File &quot;/fmdtools/fmdtools/define/architecture/base.py&quot;, line 90, in __init__&#10;    self.init_architecture(**kwargs)&#10;  File &quot;/fmdtools/examples/multirotor/drone_mdl_rural.py&quot;, line 700, in init_architecture&#10;    self.add_flow('environment', DroneEnvironment, p=self.p.env_param)&#10;  File &quot;/fmdtools/fmdtools/define/architecture/base.py&quot;, line 197, in add_flow&#10;    self.add_flex_role_obj('flows', name, objclass=fclass, use_copy=use_copy,&#10;  File &quot;/fmdtools/fmdtools/define/architecture/base.py&quot;, line 162, in add_flex_role_obj&#10;    obj = init_obj(name=name, objclass=objclass, track=track,&#10;  File &quot;/fmdtools/fmdtools/define/object/base.py&quot;, line 962, in init_obj&#10;    fl = objclass(name=name, track=track, **kwargs)&#10;  File &quot;/fmdtools/fmdtools/define/environment.py&quot;, line 69, in __init__&#10;    super().__init__(name=name, root=root, glob=glob, p=p, s=s, track=track)&#10;  File &quot;/fmdtools/fmdtools/define/flow/commsflow.py&quot;, line 103, in __init__&#10;    super().__init__(name=name, glob=glob, track=track, **kwargs)&#10;  File &quot;/fmdtools/fmdtools/define/flow/multiflow.py&quot;, line 110, in __init__&#10;    super().__init__(name=name, root=root, track=track, **kwargs)&#10;  File &quot;/fmdtools/fmdtools/define/object/base.py&quot;, line 190, in __init__&#10;    self.init_roletypes(*roletypes, **kwargs)&#10;  File &quot;/fmdtools/fmdtools/define/object/base.py&quot;, line 251, in init_roletypes&#10;    self.init_roles(roletype, **kwargs)&#10;  File &quot;/fmdtools/fmdtools/define/object/base.py&quot;, line 296, in init_roles&#10;    container = container_initializer(**container_args)&#10;  File &quot;/fmdtools/fmdtools/define/object/coords.py&quot;, line 948, in __init__&#10;    self.init_properties(*args, **kwargs)&#10;  File &quot;/fmdtools/examples/multirotor/drone_mdl_dynamic.py&quot;, line 90, in init_properties&#10;    self.set_range(&quot;target&quot;, True, 0, 150, 10, 160)&#10;  File &quot;/fmdtools/fmdtools/define/object/coords.py&quot;, line 411, in set_range&#10;    _, y_max_ind = self.to_index(0.0, ymax)&#10;  File &quot;/fmdtools/fmdtools/define/object/coords.py&quot;, line 188, in to_index&#10;    raise Exception(&quot;Outside bounds of grid: &quot;+str(x)+','+str(y))&#10;Exception: Outside bounds of grid: 0.0,160&#10;/fmdtools/fmdtools/sim/sample.py:1123: UnexpectedException">1114             Phasemap to instantiate the FaultSample with. If a dict/tuple is provided,
1115             uses a PhaseMap with the dict/tuple as phases. The default is {}.
1116             If a list, passes to JointFaultSample
1117         **kwargs : kwargs
1118             add_method kwargs.
1119 
1120         Examples
1121         --------
1122         &gt;&gt;&gt; from examples.multirotor.drone_mdl_rural import Drone
1123         &gt;&gt;&gt; s = SampleApproach(Drone())
UNEXPECTED EXCEPTION: Exception('Outside bounds of grid: 0.0,160')
Traceback (most recent call last):
  File "/opt/conda/envs/my_env/lib/python3.10/doctest.py", line 1350, in __run
    exec(compile(example.source, filename, "single",
  File "&lt;doctest fmdtools.sim.sample.SampleApproach.add_faultsample[1]&gt;", line 1, in &lt;module&gt;
  File "/fmdtools/fmdtools/define/architecture/function.py", line 512, in __init__
    Architecture.__init__(self, h=h, **kwargs)
  File "/fmdtools/fmdtools/define/architecture/base.py", line 90, in __init__
    self.init_architecture(**kwargs)
  File "/fmdtools/examples/multirotor/drone_mdl_rural.py", line 700, in init_architecture
    self.add_flow('environment', DroneEnvironment, p=self.p.env_param)
  File "/fmdtools/fmdtools/define/architecture/base.py", line 197, in add_flow
    self.add_flex_role_obj('flows', name, objclass=fclass, use_copy=use_copy,
  File "/fmdtools/fmdtools/define/architecture/base.py", line 162, in add_flex_role_obj
    obj = init_obj(name=name, objclass=objclass, track=track,
  File "/fmdtools/fmdtools/define/object/base.py", line 962, in init_obj
    fl = objclass(name=name, track=track, **kwargs)
  File "/fmdtools/fmdtools/define/environment.py", line 69, in __init__
    super().__init__(name=name, root=root, glob=glob, p=p, s=s, track=track)
  File "/fmdtools/fmdtools/define/flow/commsflow.py", line 103, in __init__
    super().__init__(name=name, glob=glob, track=track, **kwargs)
  File "/fmdtools/fmdtools/define/flow/multiflow.py", line 110, in __init__
    super().__init__(name=name, root=root, track=track, **kwargs)
  File "/fmdtools/fmdtools/define/object/base.py", line 190, in __init__
    self.init_roletypes(*roletypes, **kwargs)
  File "/fmdtools/fmdtools/define/object/base.py", line 251, in init_roletypes
    self.init_roles(roletype, **kwargs)
  File "/fmdtools/fmdtools/define/object/base.py", line 296, in init_roles
    container = container_initializer(**container_args)
  File "/fmdtools/fmdtools/define/object/coords.py", line 948, in __init__
    self.init_properties(*args, **kwargs)
  File "/fmdtools/examples/multirotor/drone_mdl_dynamic.py", line 90, in init_properties
    self.set_range("target", True, 0, 150, 10, 160)
  File "/fmdtools/fmdtools/define/object/coords.py", line 411, in set_range
    _, y_max_ind = self.to_index(0.0, ymax)
  File "/fmdtools/fmdtools/define/object/coords.py", line 188, in to_index
    raise Exception("Outside bounds of grid: "+str(x)+','+str(y))
Exception: Outside bounds of grid: 0.0,160
/fmdtools/fmdtools/sim/sample.py:1123: UnexpectedException</failure></testcase><testcase classname="fmdtools.sim.sample" name="fmdtools.sim.sample.combine_orthogonal" time="0.002" /><testcase classname="fmdtools.sim.sample" name="fmdtools.sim.sample.combine_random" time="0.003" /><testcase classname="fmdtools.sim.sample" name="fmdtools.sim.sample.sample_times_even" time="0.003" /><testcase classname="fmdtools.sim.sample" name="fmdtools.sim.sample.sample_times_quad" time="0.003" /><testcase classname="fmdtools.sim.search" name="fmdtools.sim.search.BaseProblem.get_opt_hist" time="0.004" /><testcase classname="fmdtools.sim.search" name="fmdtools.sim.search.DisturbanceProblem.__init__" time="0.031" /><testcase classname="fmdtools.sim.search" name="fmdtools.sim.search.HistoryObjective" time="0.003" /><testcase classname="fmdtools.sim.search" name="fmdtools.sim.search.ParameterSimProblem" time="0.149" /><testcase classname="fmdtools.sim.search" name="fmdtools.sim.search.ProblemArchitecture" time="0.064" /><testcase classname="fmdtools.sim.search" name="fmdtools.sim.search.ProblemArchitecture.update_full_problem" time="0.045" /><testcase classname="fmdtools.sim.search" name="fmdtools.sim.search.ProblemArchitecture.update_problem" time="0.027" /><testcase classname="fmdtools.sim.search" name="fmdtools.sim.search.ResponseCoords" time="0.005" /><testcase classname="fmdtools.sim.search" name="fmdtools.sim.search.ResultConstraint.con_from_value" time="0.002" /><testcase classname="fmdtools.sim.search" name="fmdtools.sim.search.ResultObjective.get_result_value" time="0.002" /><testcase classname="fmdtools.sim.search" name="fmdtools.sim.search.SimpleProblem" time="0.002" /><testcase classname="fmdtools.sim.search" name="fmdtools.sim.search.SingleFaultScenarioProblem" time="0.025" /><testcase classname="fmdtools.analyze.graph.style" name="fmdtools.analyze.graph.style.FlowEdgeStyle" time="0.003" /><testcase classname="fmdtools.analyze.graph.style" name="fmdtools.analyze.graph.style.edge_style_factory" time="0.551" /><testcase classname="fmdtools.analyze.graph.style" name="fmdtools.analyze.graph.style.node_style_factory" time="1.034" /><testcase classname="fmdtools.analyze.graph.style" name="fmdtools.analyze.graph.style.to_legend_label" time="0.003" /><testcase classname="fmdtools.analyze.graph.base" name="fmdtools.analyze.graph.base.Graph" time="0.658" /><testcase classname="fmdtools.analyze.graph.base" name="fmdtools.analyze.graph.base.Graph.add_node_groups" time="0.145" /><testcase classname="fmdtools.analyze.graph.base" name="fmdtools.analyze.graph.base.Graph.set_heatmap" time="0.311" /><testcase classname="fmdtools.analyze.result" name="fmdtools.analyze.result.Result" time="0.003" /><testcase classname="fmdtools.analyze.result" name="fmdtools.analyze.result.Result.__eq__" time="0.003" /><testcase classname="fmdtools.analyze.result" name="fmdtools.analyze.result.Result.__sub__" time="0.003" /><testcase classname="fmdtools.analyze.result" name="fmdtools.analyze.result.Result.fromdict" time="0.002" /><testcase classname="fmdtools.analyze.result" name="fmdtools.analyze.result.Result.get" time="0.003" /><testcase classname="fmdtools.analyze.result" name="fmdtools.analyze.result.Result.is_flat" time="0.002" /><testcase classname="fmdtools.analyze.history" name="fmdtools.analyze.history.History" time="0.003" /><testcase classname="fmdtools.analyze.history" name="fmdtools.analyze.history.History.cut" time="0.003" /><testcase classname="fmdtools.analyze.history" name="fmdtools.analyze.history.History.get_degraded_hist" time="0.003" /><testcase classname="fmdtools.analyze.history" name="fmdtools.analyze.history.History.get_fault_time" time="0.002" /><testcase classname="fmdtools.analyze.history" name="fmdtools.analyze.history.History.get_faulty_hist" time="0.003" /><testcase classname="fmdtools.analyze.history" name="fmdtools.analyze.history.History.get_mean_bound_errhist" time="0.004" /><testcase classname="fmdtools.analyze.history" name="fmdtools.analyze.history.History.get_slice" time="0.003" /><testcase classname="fmdtools.analyze.phases" name="fmdtools.analyze.phases.PhaseMap.calc_modephase_time" time="0.003" /><testcase classname="fmdtools.analyze.phases" name="fmdtools.analyze.phases.PhaseMap.calc_phase_time" time="0.002" /><testcase classname="fmdtools.analyze.phases" name="fmdtools.analyze.phases.PhaseMap.calc_samples_in_phases" time="0.002" /><testcase classname="fmdtools.analyze.phases" name="fmdtools.analyze.phases.PhaseMap.find_modephase" time="0.002" /><testcase classname="fmdtools.analyze.phases" name="fmdtools.analyze.phases.PhaseMap.get_phase_times" time="0.002" /><testcase classname="fmdtools.analyze.phases" name="fmdtools.analyze.phases.PhaseMap.get_sample_times" time="0.003" /><testcase classname="fmdtools.analyze.phases" name="fmdtools.analyze.phases.find_interval_overlap" time="0.002" /><testcase classname="fmdtools.analyze.phases" name="fmdtools.analyze.phases.from_hist" time="0.003" /><testcase classname="fmdtools.analyze.phases" name="fmdtools.analyze.phases.join_phasemaps" time="0.003" /><testcase classname="fmdtools.analyze.tabulate" name="fmdtools.analyze.tabulate.Comparison" time="2.055" /><testcase classname="fmdtools.analyze.common" name="fmdtools.analyze.common.auto_filetype" time="0.003" /><testcase classname="fmdtools.analyze.common" name="fmdtools.analyze.common.create_indiv_filename" time="0.002" /><testcase classname="fmdtools.analyze.common" name="fmdtools.analyze.common.diff" time="0.002" /><testcase classname="fmdtools.analyze.common" name="fmdtools.analyze.common.is_bool" time="0.002" /><testcase classname="fmdtools.analyze.common" name="fmdtools.analyze.common.is_numeric" time="0.002" /><testcase classname="fmdtools.analyze.common" name="fmdtools.analyze.common.join_key" time="0.002" /><testcase classname="fmdtools.analyze.common" name="fmdtools.analyze.common.nan_to_x" time="0.002" /><testcase classname="fmdtools.analyze.common" name="fmdtools.analyze.common.to_include_keys" time="0.002" /><testcase classname="examples.rover.rover_model" name="examples.rover.rover_model.Drive.drive_nominal" time="0.090" /><testcase classname="examples.rover.rover_model_human" name="examples.rover.rover_model_human.Comprehend" time="0.005" /><testcase classname="examples.rover.rover_model_human" name="examples.rover.rover_model_human.Decide" time="0.004" /><testcase classname="examples.rover.rover_model_human" name="examples.rover.rover_model_human.HumanActions" time="0.018" /><testcase classname="examples.rover.rover_model_human" name="examples.rover.rover_model_human.Look" time="0.003" /><testcase classname="examples.rover.rover_model_human" name="examples.rover.rover_model_human.Percieve" time="0.004" /><testcase classname="examples.rover.rover_model_human" name="examples.rover.rover_model_human.Press" time="0.004" /><testcase classname="examples.rover.rover_model_human" name="examples.rover.rover_model_human.Project" time="0.004" /><testcase classname="examples.multirotor.drone_mdl_static" name="examples.multirotor.drone_mdl_static.AffectDOF.static_behavior" time="0.006" /><testcase classname="examples.multirotor.drone_mdl_static" name="examples.multirotor.drone_mdl_static.CtlDOF.static_behavior" time="0.005" /><testcase classname="examples.multirotor.drone_mdl_static" name="examples.multirotor.drone_mdl_static.DesTrajState.dist2d" time="0.002" /><testcase classname="examples.multirotor.drone_mdl_static" name="examples.multirotor.drone_mdl_static.DesTrajState.unit_vect2d" time="0.002" /><testcase classname="examples.multirotor.drone_mdl_static" name="examples.multirotor.drone_mdl_static.DistEE.static_behavior" time="0.007" /><testcase classname="examples.multirotor.drone_mdl_static" name="examples.multirotor.drone_mdl_static.HoldPayload.static_behavior" time="0.005" /><testcase classname="examples.multirotor.drone_mdl_static" name="examples.multirotor.drone_mdl_static.PlanPath.static_behavior" time="0.005" /><testcase classname="examples.multirotor.drone_mdl_dynamic" name="examples.multirotor.drone_mdl_dynamic.AffectDOF.inc_pos" time="0.006" /><testcase classname="examples.multirotor.drone_mdl_dynamic" name="examples.multirotor.drone_mdl_dynamic.PlanPath.assign_vectdist_to_goal" time="0.008" /><testcase classname="examples.multirotor.drone_mdl_dynamic" name="examples.multirotor.drone_mdl_dynamic.PlanPath.calc_dist_to_goal" time="0.006" /><testcase classname="examples.multirotor.drone_mdl_dynamic" name="examples.multirotor.drone_mdl_dynamic.SightGrid" time="0.009"><failure message="073 &#10;074     Define the Drone Grid environment.&#10;075 &#10;076     Used to calculate environmental risk and number of points viewed.&#10;077 &#10;078     Example&#10;079     -------&#10;080     &gt;&gt;&gt; mdl = Drone()&#10;UNEXPECTED EXCEPTION: Exception('Outside bounds of grid: 0.0,160')&#10;Traceback (most recent call last):&#10;  File &quot;/opt/conda/envs/my_env/lib/python3.10/doctest.py&quot;, line 1350, in __run&#10;    exec(compile(example.source, filename, &quot;single&quot;,&#10;  File &quot;&lt;doctest examples.multirotor.drone_mdl_dynamic.SightGrid[0]&gt;&quot;, line 1, in &lt;module&gt;&#10;  File &quot;/fmdtools/fmdtools/define/architecture/function.py&quot;, line 512, in __init__&#10;    Architecture.__init__(self, h=h, **kwargs)&#10;  File &quot;/fmdtools/fmdtools/define/architecture/base.py&quot;, line 90, in __init__&#10;    self.init_architecture(**kwargs)&#10;  File &quot;/fmdtools/examples/multirotor/drone_mdl_dynamic.py&quot;, line 418, in init_architecture&#10;    self.add_flow('environment', DroneEnvironment)&#10;  File &quot;/fmdtools/fmdtools/define/architecture/base.py&quot;, line 197, in add_flow&#10;    self.add_flex_role_obj('flows', name, objclass=fclass, use_copy=use_copy,&#10;  File &quot;/fmdtools/fmdtools/define/architecture/base.py&quot;, line 162, in add_flex_role_obj&#10;    obj = init_obj(name=name, objclass=objclass, track=track,&#10;  File &quot;/fmdtools/fmdtools/define/object/base.py&quot;, line 962, in init_obj&#10;    fl = objclass(name=name, track=track, **kwargs)&#10;  File &quot;/fmdtools/fmdtools/define/environment.py&quot;, line 69, in __init__&#10;    super().__init__(name=name, root=root, glob=glob, p=p, s=s, track=track)&#10;  File &quot;/fmdtools/fmdtools/define/flow/commsflow.py&quot;, line 103, in __init__&#10;    super().__init__(name=name, glob=glob, track=track, **kwargs)&#10;  File &quot;/fmdtools/fmdtools/define/flow/multiflow.py&quot;, line 110, in __init__&#10;    super().__init__(name=name, root=root, track=track, **kwargs)&#10;  File &quot;/fmdtools/fmdtools/define/object/base.py&quot;, line 190, in __init__&#10;    self.init_roletypes(*roletypes, **kwargs)&#10;  File &quot;/fmdtools/fmdtools/define/object/base.py&quot;, line 251, in init_roletypes&#10;    self.init_roles(roletype, **kwargs)&#10;  File &quot;/fmdtools/fmdtools/define/object/base.py&quot;, line 296, in init_roles&#10;    container = container_initializer(**container_args)&#10;  File &quot;/fmdtools/fmdtools/define/object/coords.py&quot;, line 948, in __init__&#10;    self.init_properties(*args, **kwargs)&#10;  File &quot;/fmdtools/examples/multirotor/drone_mdl_dynamic.py&quot;, line 90, in init_properties&#10;    self.set_range(&quot;target&quot;, True, 0, 150, 10, 160)&#10;  File &quot;/fmdtools/fmdtools/define/object/coords.py&quot;, line 411, in set_range&#10;    _, y_max_ind = self.to_index(0.0, ymax)&#10;  File &quot;/fmdtools/fmdtools/define/object/coords.py&quot;, line 188, in to_index&#10;    raise Exception(&quot;Outside bounds of grid: &quot;+str(x)+','+str(y))&#10;Exception: Outside bounds of grid: 0.0,160&#10;/fmdtools/examples/multirotor/drone_mdl_dynamic.py:80: UnexpectedException">073 
074     Define the Drone Grid environment.
075 
076     Used to calculate environmental risk and number of points viewed.
077 
078     Example
079     -------
080     &gt;&gt;&gt; mdl = Drone()
UNEXPECTED EXCEPTION: Exception('Outside bounds of grid: 0.0,160')
Traceback (most recent call last):
  File "/opt/conda/envs/my_env/lib/python3.10/doctest.py", line 1350, in __run
    exec(compile(example.source, filename, "single",
  File "&lt;doctest examples.multirotor.drone_mdl_dynamic.SightGrid[0]&gt;", line 1, in &lt;module&gt;
  File "/fmdtools/fmdtools/define/architecture/function.py", line 512, in __init__
    Architecture.__init__(self, h=h, **kwargs)
  File "/fmdtools/fmdtools/define/architecture/base.py", line 90, in __init__
    self.init_architecture(**kwargs)
  File "/fmdtools/examples/multirotor/drone_mdl_dynamic.py", line 418, in init_architecture
    self.add_flow('environment', DroneEnvironment)
  File "/fmdtools/fmdtools/define/architecture/base.py", line 197, in add_flow
    self.add_flex_role_obj('flows', name, objclass=fclass, use_copy=use_copy,
  File "/fmdtools/fmdtools/define/architecture/base.py", line 162, in add_flex_role_obj
    obj = init_obj(name=name, objclass=objclass, track=track,
  File "/fmdtools/fmdtools/define/object/base.py", line 962, in init_obj
    fl = objclass(name=name, track=track, **kwargs)
  File "/fmdtools/fmdtools/define/environment.py", line 69, in __init__
    super().__init__(name=name, root=root, glob=glob, p=p, s=s, track=track)
  File "/fmdtools/fmdtools/define/flow/commsflow.py", line 103, in __init__
    super().__init__(name=name, glob=glob, track=track, **kwargs)
  File "/fmdtools/fmdtools/define/flow/multiflow.py", line 110, in __init__
    super().__init__(name=name, root=root, track=track, **kwargs)
  File "/fmdtools/fmdtools/define/object/base.py", line 190, in __init__
    self.init_roletypes(*roletypes, **kwargs)
  File "/fmdtools/fmdtools/define/object/base.py", line 251, in init_roletypes
    self.init_roles(roletype, **kwargs)
  File "/fmdtools/fmdtools/define/object/base.py", line 296, in init_roles
    container = container_initializer(**container_args)
  File "/fmdtools/fmdtools/define/object/coords.py", line 948, in __init__
    self.init_properties(*args, **kwargs)
  File "/fmdtools/examples/multirotor/drone_mdl_dynamic.py", line 90, in init_properties
    self.set_range("target", True, 0, 150, 10, 160)
  File "/fmdtools/fmdtools/define/object/coords.py", line 411, in set_range
    _, y_max_ind = self.to_index(0.0, ymax)
  File "/fmdtools/fmdtools/define/object/coords.py", line 188, in to_index
    raise Exception("Outside bounds of grid: "+str(x)+','+str(y))
Exception: Outside bounds of grid: 0.0,160
/fmdtools/examples/multirotor/drone_mdl_dynamic.py:80: UnexpectedException</failure></testcase><testcase classname="examples.multirotor.drone_mdl_hierarchical" name="examples.multirotor.drone_mdl_hierarchical.AffectDOF.calc_pwr" time="0.013" /><testcase classname="examples.multirotor.drone_mdl_hierarchical" name="examples.multirotor.drone_mdl_hierarchical.LineArchParam" time="0.003" /></testsuite></testsuites>