<?xml version="1.0" encoding="utf-8"?><testsuites><testsuite name="pytest" errors="0" failures="1" skipped="0" tests="10" time="162.215" timestamp="2025-03-10T17:13:58.145456" hostname="starlight"><testcase classname="examples.asg_demo.Action_Sequence_Graph.ipynb" name="" time="7.990" /><testcase classname="examples.eps.EPS_Example_Notebook.ipynb" name="" time="5.741" /><testcase classname="examples.multirotor.Demonstration.ipynb" name="" time="29.082" /><testcase classname="examples.pump.Pump_Example_Notebook.ipynb" name="" time="18.786" /><testcase classname="examples.pump.Tutorial_complete.ipynb" name="" time="8.919" /><testcase classname="examples.rover.Model_Structure_Visualization_Tutorial.ipynb" name="" time="7.175"><failure message="#x1B[1;31mAttributeError#x1B[0m: 'MoveRoverMode' object has no attribute 'fault_short'">---------------------------------------------------------------------------
result, mdlhist = prop.one_fault(mdl, "move_rover", "short", 10, desired_result='graph')
#x1B[1;31m---------------------------------------------------------------------------#x1B[0m
#x1B[1;31mAttributeError#x1B[0m                            Traceback (most recent call last)
Cell #x1B[1;32mIn[29], line 1#x1B[0m
#x1B[1;32m----&gt; 1#x1B[0m result, mdlhist #x1B[38;5;241m=#x1B[39m prop#x1B[38;5;241m.#x1B[39mone_fault(mdl, #x1B[38;5;124m"#x1B[39m#x1B[38;5;124mmove_rover#x1B[39m#x1B[38;5;124m"#x1B[39m, #x1B[38;5;124m"#x1B[39m#x1B[38;5;124mshort#x1B[39m#x1B[38;5;124m"#x1B[39m, #x1B[38;5;241m10#x1B[39m, desired_result#x1B[38;5;241m=#x1B[39m#x1B[38;5;124m'#x1B[39m#x1B[38;5;124mgraph#x1B[39m#x1B[38;5;124m'#x1B[39m)

File #x1B[1;32m~\Documents\GitHub\fmdtools\fmdtools\sim\propagate.py:421#x1B[0m, in #x1B[0;36mone_fault#x1B[1;34m(mdl, time, *fxnfault, **kwargs)#x1B[0m
#x1B[0;32m    414#x1B[0m     fxnname, fault #x1B[38;5;241m=#x1B[39m mdl#x1B[38;5;241m.#x1B[39mname, fxnfault[#x1B[38;5;241m0#x1B[39m]
#x1B[0;32m    415#x1B[0m seq #x1B[38;5;241m=#x1B[39m Sequence(faultseq#x1B[38;5;241m=#x1B[39m{time: {fxnname: [fault]}})
#x1B[0;32m    417#x1B[0m scen #x1B[38;5;241m=#x1B[39m SingleFaultScenario(sequence#x1B[38;5;241m=#x1B[39mseq,
#x1B[0;32m    418#x1B[0m                            fault#x1B[38;5;241m=#x1B[39mfault,
#x1B[0;32m    419#x1B[0m                            function#x1B[38;5;241m=#x1B[39mfxnname,
#x1B[0;32m    420#x1B[0m                            time#x1B[38;5;241m=#x1B[39mtime,
#x1B[1;32m--&gt; 421#x1B[0m                            rate#x1B[38;5;241m=#x1B[39mmdl#x1B[38;5;241m.#x1B[39mget_scen_rate(fxnname, fault, time))
#x1B[0;32m    422#x1B[0m result, mdlhists #x1B[38;5;241m=#x1B[39m sequence(mdl, scen#x1B[38;5;241m=#x1B[39mscen, #x1B[38;5;241m*#x1B[39m#x1B[38;5;241m*#x1B[39mkwargs)
#x1B[0;32m    423#x1B[0m #x1B[38;5;28;01mreturn#x1B[39;00m result#x1B[38;5;241m.#x1B[39mflatten(), mdlhists#x1B[38;5;241m.#x1B[39mflatten()

File #x1B[1;32m~\Documents\GitHub\fmdtools\fmdtools\define\block\base.py:360#x1B[0m, in #x1B[0;36mSimulable.get_scen_rate#x1B[1;34m(self, scope, faultmode, time, phasemap, weight)#x1B[0m
#x1B[0;32m    336#x1B[0m #x1B[38;5;28;01mdef#x1B[39;00m #x1B[38;5;21mget_scen_rate#x1B[39m(#x1B[38;5;28mself#x1B[39m, scope, faultmode, time, phasemap#x1B[38;5;241m=#x1B[39m{}, weight#x1B[38;5;241m=#x1B[39m#x1B[38;5;241m1.0#x1B[39m):
#x1B[0;32m    337#x1B[0m #x1B[38;5;250m    #x1B[39m#x1B[38;5;124;03m"""#x1B[39;00m
#x1B[0;32m    338#x1B[0m #x1B[38;5;124;03m    Get the scenario rate for the given single-fault scenario.#x1B[39;00m
#x1B[0;32m    339#x1B[0m 
#x1B[1;32m   (...)#x1B[0m
#x1B[0;32m    358#x1B[0m #x1B[38;5;124;03m        Rate of the scenario#x1B[39;00m
#x1B[0;32m    359#x1B[0m #x1B[38;5;124;03m    """#x1B[39;00m
#x1B[1;32m--&gt; 360#x1B[0m     fm #x1B[38;5;241m=#x1B[39m #x1B[38;5;28mself#x1B[39m#x1B[38;5;241m.#x1B[39mget_fault(scope, faultmode)
#x1B[0;32m    361#x1B[0m     sim_time #x1B[38;5;241m=#x1B[39m #x1B[38;5;28mself#x1B[39m#x1B[38;5;241m.#x1B[39msp#x1B[38;5;241m.#x1B[39mstart_time #x1B[38;5;241m-#x1B[39m #x1B[38;5;28mself#x1B[39m#x1B[38;5;241m.#x1B[39msp#x1B[38;5;241m.#x1B[39mend_time #x1B[38;5;241m+#x1B[39m #x1B[38;5;28mself#x1B[39m#x1B[38;5;241m.#x1B[39msp#x1B[38;5;241m.#x1B[39mdt
#x1B[0;32m    362#x1B[0m     rate #x1B[38;5;241m=#x1B[39m fm#x1B[38;5;241m.#x1B[39mcalc_rate(time, phasemap#x1B[38;5;241m=#x1B[39mphasemap, sim_time#x1B[38;5;241m=#x1B[39msim_time,
#x1B[0;32m    363#x1B[0m                         sim_units#x1B[38;5;241m=#x1B[39m#x1B[38;5;28mself#x1B[39m#x1B[38;5;241m.#x1B[39msp#x1B[38;5;241m.#x1B[39munits, weight#x1B[38;5;241m=#x1B[39mweight)

File #x1B[1;32m~\Documents\GitHub\fmdtools\fmdtools\define\block\base.py:330#x1B[0m, in #x1B[0;36mSimulable.get_fault#x1B[1;34m(self, scope, faultmode)#x1B[0m
#x1B[0;32m    328#x1B[0m         scope #x1B[38;5;241m=#x1B[39m scope[#x1B[38;5;28mlen#x1B[39m(name)#x1B[38;5;241m+#x1B[39m#x1B[38;5;241m1#x1B[39m:]
#x1B[0;32m    329#x1B[0m     obj #x1B[38;5;241m=#x1B[39m #x1B[38;5;28mself#x1B[39m#x1B[38;5;241m.#x1B[39mget_vars(scope)
#x1B[1;32m--&gt; 330#x1B[0m fm #x1B[38;5;241m=#x1B[39m obj#x1B[38;5;241m.#x1B[39mm#x1B[38;5;241m.#x1B[39mget_fault(faultmode)
#x1B[0;32m    331#x1B[0m #x1B[38;5;28;01mif#x1B[39;00m #x1B[38;5;129;01mnot#x1B[39;00m fm:
#x1B[0;32m    332#x1B[0m     #x1B[38;5;28;01mraise#x1B[39;00m #x1B[38;5;167;01mException#x1B[39;00m(#x1B[38;5;124m"#x1B[39m#x1B[38;5;124mfaultmode #x1B[39m#x1B[38;5;124m"#x1B[39m#x1B[38;5;241m+#x1B[39mfaultmode#x1B[38;5;241m+#x1B[39m#x1B[38;5;124m"#x1B[39m#x1B[38;5;124m not in #x1B[39m#x1B[38;5;124m"#x1B[39m#x1B[38;5;241m+#x1B[39m#x1B[38;5;28mstr#x1B[39m(obj#x1B[38;5;241m.#x1B[39mm#x1B[38;5;241m.#x1B[39m#x1B[38;5;18m__class__#x1B[39m))

File #x1B[1;32m~\Documents\GitHub\fmdtools\fmdtools\define\container\mode.py:239#x1B[0m, in #x1B[0;36mMode.get_fault#x1B[1;34m(self, faultname)#x1B[0m
#x1B[0;32m    224#x1B[0m #x1B[38;5;250m#x1B[39m#x1B[38;5;124;03m"""#x1B[39;00m
#x1B[0;32m    225#x1B[0m #x1B[38;5;124;03mGet the Fault object associated with the given faultname.#x1B[39;00m
#x1B[0;32m    226#x1B[0m 
#x1B[1;32m   (...)#x1B[0m
#x1B[0;32m    236#x1B[0m #x1B[38;5;124;03m    Fault container with given fields..#x1B[39;00m
#x1B[0;32m    237#x1B[0m #x1B[38;5;124;03m"""#x1B[39;00m
#x1B[0;32m    238#x1B[0m #x1B[38;5;28;01mif#x1B[39;00m #x1B[38;5;28misinstance#x1B[39m(faultname, #x1B[38;5;28mstr#x1B[39m):
#x1B[1;32m--&gt; 239#x1B[0m     fault #x1B[38;5;241m=#x1B[39m #x1B[38;5;28mgetattr#x1B[39m(#x1B[38;5;28mself#x1B[39m, #x1B[38;5;124m'#x1B[39m#x1B[38;5;124mfault_#x1B[39m#x1B[38;5;124m'#x1B[39m#x1B[38;5;241m+#x1B[39mfaultname)
#x1B[0;32m    240#x1B[0m #x1B[38;5;28;01melse#x1B[39;00m:
#x1B[0;32m    241#x1B[0m     fault #x1B[38;5;241m=#x1B[39m faultname

#x1B[1;31mAttributeError#x1B[0m: 'MoveRoverMode' object has no attribute 'fault_short'</failure></testcase><testcase classname="examples.rover.FaultSample_Use-Cases.ipynb" name="" time="6.262" /><testcase classname="examples.rover.Rover_Setup_Notebook.ipynb" name="" time="37.381" /><testcase classname="examples.tank.Tank_Analysis.ipynb" name="" time="22.713" /><testcase classname="examples.taxiway.Paper_Notebook.ipynb" name="" time="13.921" /></testsuite></testsuites>