<?xml version="1.0" encoding="utf-8"?><testsuites><testsuite name="pytest" errors="0" failures="0" skipped="0" tests="1" time="22.248" timestamp="2025-01-08T11:48:04.634558" hostname="starlight"><testcase classname="examples.tank.Tank_Analysis.ipynb" name="" time="19.506" /></testsuite></testsuites>