<?xml version="1.0" encoding="utf-8"?><testsuites><testsuite name="pytest" errors="0" failures="0" skipped="0" tests="1" time="5.293" timestamp="2025-03-11T15:56:58.919578" hostname="starlight"><testcase classname="examples.rover.test_rover.RoverTests" name="test_obj_values" time="2.491" /></testsuite></testsuites>