<?xml version="1.0" encoding="utf-8"?><testsuites><testsuite name="pytest" errors="0" failures="0" skipped="0" tests="2" time="39.703" timestamp="2025-03-12T10:03:54.318368" hostname="starlight"><testcase classname="examples.tank.Tank_Analysis.ipynb" name="" time="22.928" /><testcase classname="examples.taxiway.Paper_Notebook.ipynb" name="" time="13.978" /></testsuite></testsuites>