<?xml version="1.0" encoding="utf-8"?><testsuites><testsuite name="pytest" errors="22" failures="6" skipped="0" tests="53" time="118.058" timestamp="2023-11-01T16:01:28.207897" hostname="starlight"><testcase classname="" name="_build.html._downloads.2d21039b77573642ec58edd287cbcd64.ex_pump" time="0.000"><error message="collection failure">#x1B[1m#x1B[31m_build\html\_downloads\2d21039b77573642ec58edd287cbcd64\ex_pump.py#x1B[0m:28: in &lt;module&gt;
    #x1B[94mfrom#x1B[39;49;00m #x1B[04m#x1B[96mfmdtools#x1B[39;49;00m#x1B[04m#x1B[96m.#x1B[39;49;00m#x1B[04m#x1B[96msim#x1B[39;49;00m#x1B[04m#x1B[96m.#x1B[39;49;00m#x1B[04m#x1B[96mapproach#x1B[39;49;00m #x1B[94mimport#x1B[39;49;00m SampleApproach, NominalApproach#x1B[90m#x1B[39;49;00m
#x1B[1m#x1B[31mE   ModuleNotFoundError: No module named 'fmdtools.sim.approach'#x1B[0m</error></testcase><testcase classname="" name="examples.multirotor.drone_mdl_urban" time="0.000"><error message="collection failure">#x1B[1m#x1B[31mexamples\multirotor\drone_mdl_urban.py#x1B[0m:5: in &lt;module&gt;
    #x1B[94mfrom#x1B[39;49;00m #x1B[04m#x1B[96mdrone_mdl_static#x1B[39;49;00m #x1B[94mimport#x1B[39;49;00m EE, Force, Control#x1B[90m#x1B[39;49;00m
#x1B[1m#x1B[31mE   ModuleNotFoundError: No module named 'drone_mdl_static'#x1B[0m</error></testcase><testcase classname="" name="examples.multirotor.opt_drone_rural" time="0.000"><error message="collection failure">#x1B[1m#x1B[31mexamples\multirotor\opt_drone_rural.py#x1B[0m:9: in &lt;module&gt;
    #x1B[94mfrom#x1B[39;49;00m #x1B[04m#x1B[96mdrone_mdl_rural#x1B[39;49;00m #x1B[94mimport#x1B[39;49;00m Drone, DroneParam#x1B[90m#x1B[39;49;00m
#x1B[1m#x1B[31mE   ModuleNotFoundError: No module named 'drone_mdl_rural'#x1B[0m</error></testcase><testcase classname="" name="examples.multirotor.test_multirotor" time="0.000"><error message="collection failure">#x1B[1m#x1B[31m..\..\..\AppData\Local\anaconda3\lib\importlib\__init__.py#x1B[0m:126: in import_module
    #x1B[94mreturn#x1B[39;49;00m _bootstrap._gcd_import(name[level:], package, level)#x1B[90m#x1B[39;49;00m
#x1B[1m#x1B[31m&lt;frozen importlib._bootstrap&gt;#x1B[0m:1050: in _gcd_import
    #x1B[04m#x1B[91m?#x1B[39;49;00m#x1B[04m#x1B[91m?#x1B[39;49;00m#x1B[04m#x1B[91m?#x1B[39;49;00m#x1B[90m#x1B[39;49;00m
#x1B[1m#x1B[31m&lt;frozen importlib._bootstrap&gt;#x1B[0m:1027: in _find_and_load
    #x1B[04m#x1B[91m?#x1B[39;49;00m#x1B[04m#x1B[91m?#x1B[39;49;00m#x1B[04m#x1B[91m?#x1B[39;49;00m#x1B[90m#x1B[39;49;00m
#x1B[1m#x1B[31m&lt;frozen importlib._bootstrap&gt;#x1B[0m:1006: in _find_and_load_unlocked
    #x1B[04m#x1B[91m?#x1B[39;49;00m#x1B[04m#x1B[91m?#x1B[39;49;00m#x1B[04m#x1B[91m?#x1B[39;49;00m#x1B[90m#x1B[39;49;00m
#x1B[1m#x1B[31m&lt;frozen importlib._bootstrap&gt;#x1B[0m:688: in _load_unlocked
    #x1B[04m#x1B[91m?#x1B[39;49;00m#x1B[04m#x1B[91m?#x1B[39;49;00m#x1B[04m#x1B[91m?#x1B[39;49;00m#x1B[90m#x1B[39;49;00m
#x1B[1m#x1B[31m..\..\..\AppData\Local\anaconda3\lib\site-packages\_pytest\assertion\rewrite.py#x1B[0m:172: in exec_module
    exec(co, module.#x1B[91m__dict__#x1B[39;49;00m)#x1B[90m#x1B[39;49;00m
#x1B[1m#x1B[31mexamples\multirotor\test_multirotor.py#x1B[0m:8: in &lt;module&gt;
    #x1B[94mfrom#x1B[39;49;00m #x1B[04m#x1B[96mexamples#x1B[39;49;00m#x1B[04m#x1B[96m.#x1B[39;49;00m#x1B[04m#x1B[96mmultirotor#x1B[39;49;00m#x1B[04m#x1B[96m.#x1B[39;49;00m#x1B[04m#x1B[96mopt_drone_rural#x1B[39;49;00m #x1B[94mimport#x1B[39;49;00m opt_prob, x_to_rcost, x_to_ocost#x1B[90m#x1B[39;49;00m
#x1B[1m#x1B[31mexamples\multirotor\opt_drone_rural.py#x1B[0m:9: in &lt;module&gt;
    #x1B[94mfrom#x1B[39;49;00m #x1B[04m#x1B[96mdrone_mdl_rural#x1B[39;49;00m #x1B[94mimport#x1B[39;49;00m Drone, DroneParam#x1B[90m#x1B[39;49;00m
#x1B[1m#x1B[31mE   ModuleNotFoundError: No module named 'drone_mdl_rural'#x1B[0m</error><error message="collection failure">#x1B[31mImportError while importing test module 'C:\Users\dhulse\Documents\GitHub\fmdtools\examples\multirotor\test_multirotor.py'.
Hint: make sure your test modules/packages have valid Python names.
Traceback:
#x1B[1m#x1B[31m..\..\..\AppData\Local\anaconda3\lib\importlib\__init__.py#x1B[0m:126: in import_module
    #x1B[94mreturn#x1B[39;49;00m _bootstrap._gcd_import(name[level:], package, level)#x1B[90m#x1B[39;49;00m
#x1B[1m#x1B[31mexamples\multirotor\test_multirotor.py#x1B[0m:8: in &lt;module&gt;
    #x1B[94mfrom#x1B[39;49;00m #x1B[04m#x1B[96mexamples#x1B[39;49;00m#x1B[04m#x1B[96m.#x1B[39;49;00m#x1B[04m#x1B[96mmultirotor#x1B[39;49;00m#x1B[04m#x1B[96m.#x1B[39;49;00m#x1B[04m#x1B[96mopt_drone_rural#x1B[39;49;00m #x1B[94mimport#x1B[39;49;00m opt_prob, x_to_rcost, x_to_ocost#x1B[90m#x1B[39;49;00m
#x1B[1m#x1B[31mexamples\multirotor\opt_drone_rural.py#x1B[0m:9: in &lt;module&gt;
    #x1B[94mfrom#x1B[39;49;00m #x1B[04m#x1B[96mdrone_mdl_rural#x1B[39;49;00m #x1B[94mimport#x1B[39;49;00m Drone, DroneParam#x1B[90m#x1B[39;49;00m
#x1B[1m#x1B[31mE   ModuleNotFoundError: No module named 'drone_mdl_rural'#x1B[0m#x1B[0m</error></testcase><testcase classname="" name="examples.pump.jointfaults_ex" time="0.000"><error message="collection failure">#x1B[1m#x1B[31mexamples\pump\jointfaults_ex.py#x1B[0m:14: in &lt;module&gt;
    #x1B[94mfrom#x1B[39;49;00m #x1B[04m#x1B[96mex_pump#x1B[39;49;00m #x1B[94mimport#x1B[39;49;00m Pump  #x1B[90m# required to import entire module#x1B[39;49;00m#x1B[90m#x1B[39;49;00m
#x1B[1m#x1B[31m_build\html\_downloads\2d21039b77573642ec58edd287cbcd64\ex_pump.py#x1B[0m:28: in &lt;module&gt;
    #x1B[94mfrom#x1B[39;49;00m #x1B[04m#x1B[96mfmdtools#x1B[39;49;00m#x1B[04m#x1B[96m.#x1B[39;49;00m#x1B[04m#x1B[96msim#x1B[39;49;00m#x1B[04m#x1B[96m.#x1B[39;49;00m#x1B[04m#x1B[96mapproach#x1B[39;49;00m #x1B[94mimport#x1B[39;49;00m SampleApproach, NominalApproach#x1B[90m#x1B[39;49;00m
#x1B[1m#x1B[31mE   ModuleNotFoundError: No module named 'fmdtools.sim.approach'#x1B[0m</error></testcase><testcase classname="" name="examples.pump.parallelism_methods" time="0.000"><error message="collection failure">#x1B[1m#x1B[31mexamples\pump\parallelism_methods.py#x1B[0m:8: in &lt;module&gt;
    #x1B[94mfrom#x1B[39;49;00m #x1B[04m#x1B[96mex_pump#x1B[39;49;00m #x1B[94mimport#x1B[39;49;00m *#x1B[90m#x1B[39;49;00m
#x1B[1m#x1B[31m_build\html\_downloads\2d21039b77573642ec58edd287cbcd64\ex_pump.py#x1B[0m:28: in &lt;module&gt;
    #x1B[94mfrom#x1B[39;49;00m #x1B[04m#x1B[96mfmdtools#x1B[39;49;00m#x1B[04m#x1B[96m.#x1B[39;49;00m#x1B[04m#x1B[96msim#x1B[39;49;00m#x1B[04m#x1B[96m.#x1B[39;49;00m#x1B[04m#x1B[96mapproach#x1B[39;49;00m #x1B[94mimport#x1B[39;49;00m SampleApproach, NominalApproach#x1B[90m#x1B[39;49;00m
#x1B[1m#x1B[31mE   ModuleNotFoundError: No module named 'fmdtools.sim.approach'#x1B[0m</error></testcase><testcase classname="" name="examples.pump.pump_indiv" time="0.000"><error message="collection failure">#x1B[1m#x1B[31mexamples\pump\pump_indiv.py#x1B[0m:11: in &lt;module&gt;
    #x1B[94mfrom#x1B[39;49;00m #x1B[04m#x1B[96mfmdtools#x1B[39;49;00m#x1B[04m#x1B[96m.#x1B[39;49;00m#x1B[04m#x1B[96manalyze#x1B[39;49;00m #x1B[94mimport#x1B[39;49;00m plot#x1B[90m#x1B[39;49;00m
#x1B[1m#x1B[31mE   ImportError: cannot import name 'plot' from 'fmdtools.analyze' (C:\Users\dhulse\Documents\GitHub\fmdtools\fmdtools\analyze\__init__.py)#x1B[0m</error></testcase><testcase classname="" name="examples.rover.opt_rover" time="0.000"><error message="collection failure">#x1B[1m#x1B[31mexamples\rover\opt_rover.py#x1B[0m:7: in &lt;module&gt;
    #x1B[94mfrom#x1B[39;49;00m #x1B[04m#x1B[96mpymoo#x1B[39;49;00m#x1B[04m#x1B[96m.#x1B[39;49;00m#x1B[04m#x1B[96moptimize#x1B[39;49;00m #x1B[94mimport#x1B[39;49;00m minimize#x1B[90m#x1B[39;49;00m
#x1B[1m#x1B[31mE   ModuleNotFoundError: No module named 'pymoo'#x1B[0m</error></testcase><testcase classname="" name="examples.rover.rover_degradation" time="0.000"><error message="collection failure">#x1B[1m#x1B[31mexamples\rover\rover_degradation.py#x1B[0m:12: in &lt;module&gt;
    #x1B[94mfrom#x1B[39;49;00m #x1B[04m#x1B[96mfmdtools#x1B[39;49;00m#x1B[04m#x1B[96m.#x1B[39;49;00m#x1B[04m#x1B[96msim#x1B[39;49;00m#x1B[04m#x1B[96m.#x1B[39;49;00m#x1B[04m#x1B[96msample#x1B[39;49;00m #x1B[94mimport#x1B[39;49;00m ParameterApproach#x1B[90m#x1B[39;49;00m
#x1B[1m#x1B[31mE   ImportError: cannot import name 'ParameterApproach' from 'fmdtools.sim.sample' (C:\Users\dhulse\Documents\GitHub\fmdtools\fmdtools\sim\sample.py)#x1B[0m</error></testcase><testcase classname="" name="examples.rover.rover_dump" time="0.000"><error message="collection failure">#x1B[1m#x1B[31mexamples\rover\rover_dump.py#x1B[0m:7: in &lt;module&gt;
    #x1B[94mfrom#x1B[39;49;00m #x1B[04m#x1B[96mrover_model#x1B[39;49;00m #x1B[94mimport#x1B[39;49;00m Rover, RoverParam#x1B[90m#x1B[39;49;00m
#x1B[1m#x1B[31mE   ModuleNotFoundError: No module named 'rover_model'#x1B[0m</error></testcase><testcase classname="" name="examples.rover.rover_mode_space" time="0.000"><error message="collection failure">#x1B[1m#x1B[31mexamples\rover\rover_mode_space.py#x1B[0m:7: in &lt;module&gt;
    #x1B[94mfrom#x1B[39;49;00m #x1B[04m#x1B[96mrover_model#x1B[39;49;00m #x1B[94mimport#x1B[39;49;00m Rover, RoverParam#x1B[90m#x1B[39;49;00m
#x1B[1m#x1B[31mE   ModuleNotFoundError: No module named 'rover_model'#x1B[0m</error></testcase><testcase classname="" name="examples.rover.rover_model_human" time="0.000"><error message="collection failure">#x1B[1m#x1B[31mexamples\rover\rover_model_human.py#x1B[0m:28: in &lt;module&gt;
    #x1B[94mfrom#x1B[39;49;00m #x1B[04m#x1B[96mfmdtools#x1B[39;49;00m#x1B[04m#x1B[96m.#x1B[39;49;00m#x1B[04m#x1B[96msim#x1B[39;49;00m#x1B[04m#x1B[96m.#x1B[39;49;00m#x1B[04m#x1B[96mapproach#x1B[39;49;00m #x1B[94mimport#x1B[39;49;00m SampleApproach, NominalApproach#x1B[90m#x1B[39;49;00m
#x1B[1m#x1B[31mE   ModuleNotFoundError: No module named 'fmdtools.sim.approach'#x1B[0m</error></testcase><testcase classname="" name="examples.rover.test_rover" time="0.000"><error message="collection failure">#x1B[1m#x1B[31m..\..\..\AppData\Local\anaconda3\lib\importlib\__init__.py#x1B[0m:126: in import_module
    #x1B[94mreturn#x1B[39;49;00m _bootstrap._gcd_import(name[level:], package, level)#x1B[90m#x1B[39;49;00m
#x1B[1m#x1B[31m&lt;frozen importlib._bootstrap&gt;#x1B[0m:1050: in _gcd_import
    #x1B[04m#x1B[91m?#x1B[39;49;00m#x1B[04m#x1B[91m?#x1B[39;49;00m#x1B[04m#x1B[91m?#x1B[39;49;00m#x1B[90m#x1B[39;49;00m
#x1B[1m#x1B[31m&lt;frozen importlib._bootstrap&gt;#x1B[0m:1027: in _find_and_load
    #x1B[04m#x1B[91m?#x1B[39;49;00m#x1B[04m#x1B[91m?#x1B[39;49;00m#x1B[04m#x1B[91m?#x1B[39;49;00m#x1B[90m#x1B[39;49;00m
#x1B[1m#x1B[31m&lt;frozen importlib._bootstrap&gt;#x1B[0m:1006: in _find_and_load_unlocked
    #x1B[04m#x1B[91m?#x1B[39;49;00m#x1B[04m#x1B[91m?#x1B[39;49;00m#x1B[04m#x1B[91m?#x1B[39;49;00m#x1B[90m#x1B[39;49;00m
#x1B[1m#x1B[31m&lt;frozen importlib._bootstrap&gt;#x1B[0m:688: in _load_unlocked
    #x1B[04m#x1B[91m?#x1B[39;49;00m#x1B[04m#x1B[91m?#x1B[39;49;00m#x1B[04m#x1B[91m?#x1B[39;49;00m#x1B[90m#x1B[39;49;00m
#x1B[1m#x1B[31m..\..\..\AppData\Local\anaconda3\lib\site-packages\_pytest\assertion\rewrite.py#x1B[0m:172: in exec_module
    exec(co, module.#x1B[91m__dict__#x1B[39;49;00m)#x1B[90m#x1B[39;49;00m
#x1B[1m#x1B[31mexamples\rover\test_rover.py#x1B[0m:8: in &lt;module&gt;
    #x1B[94mfrom#x1B[39;49;00m #x1B[04m#x1B[96mexamples#x1B[39;49;00m#x1B[04m#x1B[96m.#x1B[39;49;00m#x1B[04m#x1B[96mrover#x1B[39;49;00m#x1B[04m#x1B[96m.#x1B[39;49;00m#x1B[04m#x1B[96moptimization#x1B[39;49;00m#x1B[04m#x1B[96m.#x1B[39;49;00m#x1B[04m#x1B[96msearch_rover#x1B[39;49;00m #x1B[94mimport#x1B[39;49;00m line_dist, line_dist_faster#x1B[90m#x1B[39;49;00m
#x1B[1m#x1B[31mexamples\rover\optimization\search_rover.py#x1B[0m:10: in &lt;module&gt;
    #x1B[94mfrom#x1B[39;49;00m #x1B[04m#x1B[96mfmdtools#x1B[39;49;00m#x1B[04m#x1B[96m.#x1B[39;49;00m#x1B[04m#x1B[96msim#x1B[39;49;00m#x1B[04m#x1B[96m.#x1B[39;49;00m#x1B[04m#x1B[96mapproach#x1B[39;49;00m #x1B[94mimport#x1B[39;49;00m SampleApproach#x1B[90m#x1B[39;49;00m
#x1B[1m#x1B[31mE   ModuleNotFoundError: No module named 'fmdtools.sim.approach'#x1B[0m</error><error message="collection failure">#x1B[31mImportError while importing test module 'C:\Users\dhulse\Documents\GitHub\fmdtools\examples\rover\test_rover.py'.
Hint: make sure your test modules/packages have valid Python names.
Traceback:
#x1B[1m#x1B[31m..\..\..\AppData\Local\anaconda3\lib\importlib\__init__.py#x1B[0m:126: in import_module
    #x1B[94mreturn#x1B[39;49;00m _bootstrap._gcd_import(name[level:], package, level)#x1B[90m#x1B[39;49;00m
#x1B[1m#x1B[31mexamples\rover\test_rover.py#x1B[0m:8: in &lt;module&gt;
    #x1B[94mfrom#x1B[39;49;00m #x1B[04m#x1B[96mexamples#x1B[39;49;00m#x1B[04m#x1B[96m.#x1B[39;49;00m#x1B[04m#x1B[96mrover#x1B[39;49;00m#x1B[04m#x1B[96m.#x1B[39;49;00m#x1B[04m#x1B[96moptimization#x1B[39;49;00m#x1B[04m#x1B[96m.#x1B[39;49;00m#x1B[04m#x1B[96msearch_rover#x1B[39;49;00m #x1B[94mimport#x1B[39;49;00m line_dist, line_dist_faster#x1B[90m#x1B[39;49;00m
#x1B[1m#x1B[31mexamples\rover\optimization\search_rover.py#x1B[0m:10: in &lt;module&gt;
    #x1B[94mfrom#x1B[39;49;00m #x1B[04m#x1B[96mfmdtools#x1B[39;49;00m#x1B[04m#x1B[96m.#x1B[39;49;00m#x1B[04m#x1B[96msim#x1B[39;49;00m#x1B[04m#x1B[96m.#x1B[39;49;00m#x1B[04m#x1B[96mapproach#x1B[39;49;00m #x1B[94mimport#x1B[39;49;00m SampleApproach#x1B[90m#x1B[39;49;00m
#x1B[1m#x1B[31mE   ModuleNotFoundError: No module named 'fmdtools.sim.approach'#x1B[0m#x1B[0m</error></testcase><testcase classname="" name="examples.rover.optimization.animation" time="0.000"><error message="collection failure">#x1B[1m#x1B[31mexamples\rover\optimization\animation.py#x1B[0m:24: in &lt;module&gt;
    dfccea = pd.read_csv(#x1B[33m'#x1B[39;49;00m#x1B[33mccea_species.csv#x1B[39;49;00m#x1B[33m'#x1B[39;49;00m)#x1B[90m#x1B[39;49;00m
#x1B[1m#x1B[31m..\..\..\AppData\Roaming\Python\Python310\site-packages\pandas\io\parsers\readers.py#x1B[0m:912: in read_csv
    #x1B[94mreturn#x1B[39;49;00m _read(filepath_or_buffer, kwds)#x1B[90m#x1B[39;49;00m
#x1B[1m#x1B[31m..\..\..\AppData\Roaming\Python\Python310\site-packages\pandas\io\parsers\readers.py#x1B[0m:577: in _read
    parser = TextFileReader(filepath_or_buffer, **kwds)#x1B[90m#x1B[39;49;00m
#x1B[1m#x1B[31m..\..\..\AppData\Roaming\Python\Python310\site-packages\pandas\io\parsers\readers.py#x1B[0m:1407: in __init__
    #x1B[96mself#x1B[39;49;00m._engine = #x1B[96mself#x1B[39;49;00m._make_engine(f, #x1B[96mself#x1B[39;49;00m.engine)#x1B[90m#x1B[39;49;00m
#x1B[1m#x1B[31m..\..\..\AppData\Roaming\Python\Python310\site-packages\pandas\io\parsers\readers.py#x1B[0m:1661: in _make_engine
    #x1B[96mself#x1B[39;49;00m.handles = get_handle(#x1B[90m#x1B[39;49;00m
#x1B[1m#x1B[31m..\..\..\AppData\Roaming\Python\Python310\site-packages\pandas\io\common.py#x1B[0m:859: in get_handle
    handle = #x1B[96mopen#x1B[39;49;00m(#x1B[90m#x1B[39;49;00m
#x1B[1m#x1B[31mE   FileNotFoundError: [Errno 2] No such file or directory: 'ccea_species.csv'#x1B[0m</error></testcase><testcase classname="" name="examples.rover.optimization.ea_analysis" time="0.000"><error message="collection failure">#x1B[1m#x1B[31mexamples\rover\optimization\ea_analysis.py#x1B[0m:11: in &lt;module&gt;
    dfea = pd.read_csv(#x1B[33m'#x1B[39;49;00m#x1B[33mrslt_ea.csv#x1B[39;49;00m#x1B[33m'#x1B[39;49;00m)#x1B[90m#x1B[39;49;00m
#x1B[1m#x1B[31m..\..\..\AppData\Roaming\Python\Python310\site-packages\pandas\io\parsers\readers.py#x1B[0m:912: in read_csv
    #x1B[94mreturn#x1B[39;49;00m _read(filepath_or_buffer, kwds)#x1B[90m#x1B[39;49;00m
#x1B[1m#x1B[31m..\..\..\AppData\Roaming\Python\Python310\site-packages\pandas\io\parsers\readers.py#x1B[0m:577: in _read
    parser = TextFileReader(filepath_or_buffer, **kwds)#x1B[90m#x1B[39;49;00m
#x1B[1m#x1B[31m..\..\..\AppData\Roaming\Python\Python310\site-packages\pandas\io\parsers\readers.py#x1B[0m:1407: in __init__
    #x1B[96mself#x1B[39;49;00m._engine = #x1B[96mself#x1B[39;49;00m._make_engine(f, #x1B[96mself#x1B[39;49;00m.engine)#x1B[90m#x1B[39;49;00m
#x1B[1m#x1B[31m..\..\..\AppData\Roaming\Python\Python310\site-packages\pandas\io\parsers\readers.py#x1B[0m:1661: in _make_engine
    #x1B[96mself#x1B[39;49;00m.handles = get_handle(#x1B[90m#x1B[39;49;00m
#x1B[1m#x1B[31m..\..\..\AppData\Roaming\Python\Python310\site-packages\pandas\io\common.py#x1B[0m:859: in get_handle
    handle = #x1B[96mopen#x1B[39;49;00m(#x1B[90m#x1B[39;49;00m
#x1B[1m#x1B[31mE   FileNotFoundError: [Errno 2] No such file or directory: 'rslt_ea.csv'#x1B[0m</error></testcase><testcase classname="" name="examples.rover.optimization.search_rover" time="0.000"><error message="collection failure">#x1B[1m#x1B[31mexamples\rover\optimization\search_rover.py#x1B[0m:10: in &lt;module&gt;
    #x1B[94mfrom#x1B[39;49;00m #x1B[04m#x1B[96mfmdtools#x1B[39;49;00m#x1B[04m#x1B[96m.#x1B[39;49;00m#x1B[04m#x1B[96msim#x1B[39;49;00m#x1B[04m#x1B[96m.#x1B[39;49;00m#x1B[04m#x1B[96mapproach#x1B[39;49;00m #x1B[94mimport#x1B[39;49;00m SampleApproach#x1B[90m#x1B[39;49;00m
#x1B[1m#x1B[31mE   ModuleNotFoundError: No module named 'fmdtools.sim.approach'#x1B[0m</error></testcase><testcase classname="" name="examples.tank.tank_opt" time="0.000"><error message="collection failure">#x1B[1m#x1B[31mexamples\tank\tank_opt.py#x1B[0m:24: in &lt;module&gt;
    #x1B[94mfrom#x1B[39;49;00m #x1B[04m#x1B[96mfmdtools#x1B[39;49;00m#x1B[04m#x1B[96m.#x1B[39;49;00m#x1B[04m#x1B[96msim#x1B[39;49;00m#x1B[04m#x1B[96m.#x1B[39;49;00m#x1B[04m#x1B[96mapproach#x1B[39;49;00m #x1B[94mimport#x1B[39;49;00m SampleApproach#x1B[90m#x1B[39;49;00m
#x1B[1m#x1B[31mE   ModuleNotFoundError: No module named 'fmdtools.sim.approach'#x1B[0m</error></testcase><testcase classname="" name="examples.tank.tank_script" time="0.000"><error message="collection failure">#x1B[1m#x1B[31mexamples\tank\tank_script.py#x1B[0m:13: in &lt;module&gt;
    #x1B[94mfrom#x1B[39;49;00m #x1B[04m#x1B[96mtank_model#x1B[39;49;00m #x1B[94mimport#x1B[39;49;00m Tank#x1B[90m#x1B[39;49;00m
#x1B[1m#x1B[31mE   ModuleNotFoundError: No module named 'tank_model'#x1B[0m</error></testcase><testcase classname="" name="examples.tank.test_tank_opt" time="0.000"><error message="collection failure">#x1B[1m#x1B[31m..\..\..\AppData\Local\anaconda3\lib\importlib\__init__.py#x1B[0m:126: in import_module
    #x1B[94mreturn#x1B[39;49;00m _bootstrap._gcd_import(name[level:], package, level)#x1B[90m#x1B[39;49;00m
#x1B[1m#x1B[31m&lt;frozen importlib._bootstrap&gt;#x1B[0m:1050: in _gcd_import
    #x1B[04m#x1B[91m?#x1B[39;49;00m#x1B[04m#x1B[91m?#x1B[39;49;00m#x1B[04m#x1B[91m?#x1B[39;49;00m#x1B[90m#x1B[39;49;00m
#x1B[1m#x1B[31m&lt;frozen importlib._bootstrap&gt;#x1B[0m:1027: in _find_and_load
    #x1B[04m#x1B[91m?#x1B[39;49;00m#x1B[04m#x1B[91m?#x1B[39;49;00m#x1B[04m#x1B[91m?#x1B[39;49;00m#x1B[90m#x1B[39;49;00m
#x1B[1m#x1B[31m&lt;frozen importlib._bootstrap&gt;#x1B[0m:1006: in _find_and_load_unlocked
    #x1B[04m#x1B[91m?#x1B[39;49;00m#x1B[04m#x1B[91m?#x1B[39;49;00m#x1B[04m#x1B[91m?#x1B[39;49;00m#x1B[90m#x1B[39;49;00m
#x1B[1m#x1B[31m&lt;frozen importlib._bootstrap&gt;#x1B[0m:688: in _load_unlocked
    #x1B[04m#x1B[91m?#x1B[39;49;00m#x1B[04m#x1B[91m?#x1B[39;49;00m#x1B[04m#x1B[91m?#x1B[39;49;00m#x1B[90m#x1B[39;49;00m
#x1B[1m#x1B[31m..\..\..\AppData\Local\anaconda3\lib\site-packages\_pytest\assertion\rewrite.py#x1B[0m:172: in exec_module
    exec(co, module.#x1B[91m__dict__#x1B[39;49;00m)#x1B[90m#x1B[39;49;00m
#x1B[1m#x1B[31mexamples\tank\test_tank_opt.py#x1B[0m:10: in &lt;module&gt;
    #x1B[94mfrom#x1B[39;49;00m #x1B[04m#x1B[96mexamples#x1B[39;49;00m#x1B[04m#x1B[96m.#x1B[39;49;00m#x1B[04m#x1B[96mtank#x1B[39;49;00m#x1B[04m#x1B[96m.#x1B[39;49;00m#x1B[04m#x1B[96mtank_opt#x1B[39;49;00m #x1B[94mimport#x1B[39;49;00m x_to_rcost_leg, x_to_totcost_leg, x_to_descost#x1B[90m#x1B[39;49;00m
#x1B[1m#x1B[31mexamples\tank\tank_opt.py#x1B[0m:24: in &lt;module&gt;
    #x1B[94mfrom#x1B[39;49;00m #x1B[04m#x1B[96mfmdtools#x1B[39;49;00m#x1B[04m#x1B[96m.#x1B[39;49;00m#x1B[04m#x1B[96msim#x1B[39;49;00m#x1B[04m#x1B[96m.#x1B[39;49;00m#x1B[04m#x1B[96mapproach#x1B[39;49;00m #x1B[94mimport#x1B[39;49;00m SampleApproach#x1B[90m#x1B[39;49;00m
#x1B[1m#x1B[31mE   ModuleNotFoundError: No module named 'fmdtools.sim.approach'#x1B[0m</error><error message="collection failure">#x1B[31mImportError while importing test module 'C:\Users\dhulse\Documents\GitHub\fmdtools\examples\tank\test_tank_opt.py'.
Hint: make sure your test modules/packages have valid Python names.
Traceback:
#x1B[1m#x1B[31m..\..\..\AppData\Local\anaconda3\lib\importlib\__init__.py#x1B[0m:126: in import_module
    #x1B[94mreturn#x1B[39;49;00m _bootstrap._gcd_import(name[level:], package, level)#x1B[90m#x1B[39;49;00m
#x1B[1m#x1B[31mexamples\tank\test_tank_opt.py#x1B[0m:10: in &lt;module&gt;
    #x1B[94mfrom#x1B[39;49;00m #x1B[04m#x1B[96mexamples#x1B[39;49;00m#x1B[04m#x1B[96m.#x1B[39;49;00m#x1B[04m#x1B[96mtank#x1B[39;49;00m#x1B[04m#x1B[96m.#x1B[39;49;00m#x1B[04m#x1B[96mtank_opt#x1B[39;49;00m #x1B[94mimport#x1B[39;49;00m x_to_rcost_leg, x_to_totcost_leg, x_to_descost#x1B[90m#x1B[39;49;00m
#x1B[1m#x1B[31mexamples\tank\tank_opt.py#x1B[0m:24: in &lt;module&gt;
    #x1B[94mfrom#x1B[39;49;00m #x1B[04m#x1B[96mfmdtools#x1B[39;49;00m#x1B[04m#x1B[96m.#x1B[39;49;00m#x1B[04m#x1B[96msim#x1B[39;49;00m#x1B[04m#x1B[96m.#x1B[39;49;00m#x1B[04m#x1B[96mapproach#x1B[39;49;00m #x1B[94mimport#x1B[39;49;00m SampleApproach#x1B[90m#x1B[39;49;00m
#x1B[1m#x1B[31mE   ModuleNotFoundError: No module named 'fmdtools.sim.approach'#x1B[0m#x1B[0m</error></testcase><testcase classname="examples.asg_demo.Action_Sequence_Graph.ipynb" name="" time="6.578" /><testcase classname="examples.eps.EPS_Example_Notebook.ipynb" name="" time="4.415" /><testcase classname="examples.eps.test_eps.epsTests" name="test_all_faults" time="0.289" /><testcase classname="examples.eps.test_eps.epsTests" name="test_backward_fault_prop_1" time="0.012" /><testcase classname="examples.eps.test_eps.epsTests" name="test_backward_fault_prop_2" time="0.011" /><testcase classname="examples.eps.test_eps.epsTests" name="test_fault_app" time="27.834" /><testcase classname="examples.eps.test_eps.epsTests" name="test_multfault_saving" time="0.045" /><testcase classname="examples.eps.test_eps.epsTests" name="test_nominal_saving" time="0.040" /><testcase classname="examples.eps.test_eps.epsTests" name="test_pickleability" time="0.004" /><testcase classname="examples.eps.test_eps.epsTests" name="test_save_load_onefault" time="0.043" /><testcase classname="examples.eps.test_eps.epsTests" name="test_save_load_singlefaults" time="0.922" /><testcase classname="examples.multiflow_demo.Multiflow_and_Commsflow_Demonstration.ipynb" name="" time="3.450" /><testcase classname="examples.multiflow_demo.test_multiflow.define_Tests" name="test_multiflows" time="0.015" /><testcase classname="examples.multirotor.Demonstration.ipynb" name="" time="6.631"><failure message="#x1B[1;31mImportError#x1B[0m: cannot import name 'plot' from 'fmdtools.analyze' (c:\users\dhulse\documents\github\fmdtools\fmdtools\analyze\__init__.py)">---------------------------------------------------------------------------
from fmdtools.analyze import plot
fig, ax = plot.hist(mdlhist,'fxns.store_ee.s.soc',
                            'flows.dofs.s.x',
                            'flows.dofs.s.y',
                            'flows.dofs.s.z',
                            'flows.dofs.s.planvel',
                            'flows.dofs.s.vertvel',
                            'fxns.plan_path.m.mode')
#x1B[1;31m---------------------------------------------------------------------------#x1B[0m
#x1B[1;31mImportError#x1B[0m                               Traceback (most recent call last)
Cell #x1B[1;32mIn[26], line 1#x1B[0m
#x1B[1;32m----&gt; 1#x1B[0m #x1B[38;5;28;01mfrom#x1B[39;00m #x1B[38;5;21;01mfmdtools#x1B[39;00m#x1B[38;5;21;01m.#x1B[39;00m#x1B[38;5;21;01manalyze#x1B[39;00m #x1B[38;5;28;01mimport#x1B[39;00m plot
#x1B[0;32m      2#x1B[0m fig, ax #x1B[38;5;241m=#x1B[39m plot#x1B[38;5;241m.#x1B[39mhist(mdlhist,#x1B[38;5;124m'#x1B[39m#x1B[38;5;124mfxns.store_ee.s.soc#x1B[39m#x1B[38;5;124m'#x1B[39m,
#x1B[0;32m      3#x1B[0m                             #x1B[38;5;124m'#x1B[39m#x1B[38;5;124mflows.dofs.s.x#x1B[39m#x1B[38;5;124m'#x1B[39m,
#x1B[0;32m      4#x1B[0m                             #x1B[38;5;124m'#x1B[39m#x1B[38;5;124mflows.dofs.s.y#x1B[39m#x1B[38;5;124m'#x1B[39m,
#x1B[1;32m   (...)#x1B[0m
#x1B[0;32m      7#x1B[0m                             #x1B[38;5;124m'#x1B[39m#x1B[38;5;124mflows.dofs.s.vertvel#x1B[39m#x1B[38;5;124m'#x1B[39m,
#x1B[0;32m      8#x1B[0m                             #x1B[38;5;124m'#x1B[39m#x1B[38;5;124mfxns.plan_path.m.mode#x1B[39m#x1B[38;5;124m'#x1B[39m)

#x1B[1;31mImportError#x1B[0m: cannot import name 'plot' from 'fmdtools.analyze' (c:\users\dhulse\documents\github\fmdtools\fmdtools\analyze\__init__.py)</failure></testcase><testcase classname="examples.multirotor.Multirotor_Optimization.ipynb" name="" time="6.105"><failure message="#x1B[1;31mModuleNotFoundError#x1B[0m: No module named 'drone_mdl_opt'">---------------------------------------------------------------------------
from drone_mdl_opt import Drone

mdl = Drone()
#x1B[1;31m---------------------------------------------------------------------------#x1B[0m
#x1B[1;31mModuleNotFoundError#x1B[0m                       Traceback (most recent call last)
Cell #x1B[1;32mIn[2], line 1#x1B[0m
#x1B[1;32m----&gt; 1#x1B[0m #x1B[38;5;28;01mfrom#x1B[39;00m #x1B[38;5;21;01mdrone_mdl_opt#x1B[39;00m #x1B[38;5;28;01mimport#x1B[39;00m Drone
#x1B[0;32m      3#x1B[0m mdl #x1B[38;5;241m=#x1B[39m Drone()

#x1B[1;31mModuleNotFoundError#x1B[0m: No module named 'drone_mdl_opt'</failure></testcase><testcase classname="examples.multirotor.Urban_Drone_Demo.ipynb" name="" time="3.296"><failure message="#x1B[1;31mImportError#x1B[0m: cannot import name 'show' from 'fmdtools.analyze' (c:\users\dhulse\documents\github\fmdtools\fmdtools\analyze\__init__.py)">---------------------------------------------------------------------------
from drone_mdl_urban import Drone
#x1B[1;31m---------------------------------------------------------------------------#x1B[0m
#x1B[1;31mImportError#x1B[0m                               Traceback (most recent call last)
Cell #x1B[1;32mIn[2], line 1#x1B[0m
#x1B[1;32m----&gt; 1#x1B[0m #x1B[38;5;28;01mfrom#x1B[39;00m #x1B[38;5;21;01mdrone_mdl_urban#x1B[39;00m #x1B[38;5;28;01mimport#x1B[39;00m Drone

File #x1B[1;32m~\Documents\GitHub\fmdtools\examples\multirotor\drone_mdl_urban.py:23#x1B[0m
#x1B[0;32m     20#x1B[0m #x1B[38;5;28;01mfrom#x1B[39;00m #x1B[38;5;21;01mfmdtools#x1B[39;00m#x1B[38;5;21;01m.#x1B[39;00m#x1B[38;5;21;01mdefine#x1B[39;00m#x1B[38;5;21;01m.#x1B[39;00m#x1B[38;5;21;01menvironment#x1B[39;00m #x1B[38;5;28;01mimport#x1B[39;00m Environment
#x1B[0;32m     21#x1B[0m #x1B[38;5;28;01mfrom#x1B[39;00m #x1B[38;5;21;01mfmdtools#x1B[39;00m#x1B[38;5;21;01m.#x1B[39;00m#x1B[38;5;21;01mdefine#x1B[39;00m#x1B[38;5;21;01m.#x1B[39;00m#x1B[38;5;21;01mcoords#x1B[39;00m #x1B[38;5;28;01mimport#x1B[39;00m Coords, CoordsParam
#x1B[1;32m---&gt; 23#x1B[0m #x1B[38;5;28;01mfrom#x1B[39;00m #x1B[38;5;21;01mfmdtools#x1B[39;00m#x1B[38;5;21;01m.#x1B[39;00m#x1B[38;5;21;01manalyze#x1B[39;00m #x1B[38;5;28;01mimport#x1B[39;00m show
#x1B[0;32m     25#x1B[0m #x1B[38;5;28;01mimport#x1B[39;00m #x1B[38;5;21;01mnumpy#x1B[39;00m #x1B[38;5;28;01mas#x1B[39;00m #x1B[38;5;21;01mnp#x1B[39;00m
#x1B[0;32m     26#x1B[0m #x1B[38;5;28;01mfrom#x1B[39;00m #x1B[38;5;21;01mrecordclass#x1B[39;00m #x1B[38;5;28;01mimport#x1B[39;00m asdict

#x1B[1;31mImportError#x1B[0m: cannot import name 'show' from 'fmdtools.analyze' (c:\users\dhulse\documents\github\fmdtools\fmdtools\analyze\__init__.py)</failure></testcase><testcase classname="examples.multirotor.drone_mdl_dynamic" name="examples.multirotor.drone_mdl_dynamic.AffectDOF.inc_pos" time="0.006" /><testcase classname="examples.multirotor.drone_mdl_dynamic" name="examples.multirotor.drone_mdl_dynamic.PlanPath.assign_vectdist_to_goal" time="0.005" /><testcase classname="examples.multirotor.drone_mdl_dynamic" name="examples.multirotor.drone_mdl_dynamic.PlanPath.calc_dist_to_goal" time="0.004" /><testcase classname="examples.multirotor.drone_mdl_hierarchical" name="examples.multirotor.drone_mdl_hierarchical.AffectDOF.calc_pwr" time="0.006" /><testcase classname="examples.multirotor.drone_mdl_static" name="examples.multirotor.drone_mdl_static.AffectDOF.behavior" time="0.005" /><testcase classname="examples.multirotor.drone_mdl_static" name="examples.multirotor.drone_mdl_static.CtlDOF.behavior" time="0.005" /><testcase classname="examples.multirotor.drone_mdl_static" name="examples.multirotor.drone_mdl_static.DesTrajState.dist2d" time="0.004" /><testcase classname="examples.multirotor.drone_mdl_static" name="examples.multirotor.drone_mdl_static.DesTrajState.unit_vect2d" time="0.004" /><testcase classname="examples.multirotor.drone_mdl_static" name="examples.multirotor.drone_mdl_static.DistEE.behavior" time="0.004" /><testcase classname="examples.multirotor.drone_mdl_static" name="examples.multirotor.drone_mdl_static.HoldPayload.behavior" time="0.004" /><testcase classname="examples.multirotor.drone_mdl_static" name="examples.multirotor.drone_mdl_static.PlanPath.behavior" time="0.004" /><testcase classname="examples.pump.AST_Sampling.ipynb" name="" time="0.025"><failure message="Error - No such kernel: 'julia-1.8'">Error - No such kernel: 'julia-1.8'</failure></testcase><testcase classname="examples.pump.Optimization.ipynb" name="" time="3.405"><failure message="#x1B[1;31mModuleNotFoundError#x1B[0m: No module named 'fmdtools.sim.approach'">---------------------------------------------------------------------------
from fmdtools.sim.search import ProblemInterface
from fmdtools.sim.approach import SampleApproach
from matplotlib import pyplot as plt
import fmdtools.analyze as an
from pump_stochastic import Pump
#x1B[1;31m---------------------------------------------------------------------------#x1B[0m
#x1B[1;31mModuleNotFoundError#x1B[0m                       Traceback (most recent call last)
Cell #x1B[1;32mIn[1], line 2#x1B[0m
#x1B[0;32m      1#x1B[0m #x1B[38;5;28;01mfrom#x1B[39;00m #x1B[38;5;21;01mfmdtools#x1B[39;00m#x1B[38;5;21;01m.#x1B[39;00m#x1B[38;5;21;01msim#x1B[39;00m#x1B[38;5;21;01m.#x1B[39;00m#x1B[38;5;21;01msearch#x1B[39;00m #x1B[38;5;28;01mimport#x1B[39;00m ProblemInterface
#x1B[1;32m----&gt; 2#x1B[0m #x1B[38;5;28;01mfrom#x1B[39;00m #x1B[38;5;21;01mfmdtools#x1B[39;00m#x1B[38;5;21;01m.#x1B[39;00m#x1B[38;5;21;01msim#x1B[39;00m#x1B[38;5;21;01m.#x1B[39;00m#x1B[38;5;21;01mapproach#x1B[39;00m #x1B[38;5;28;01mimport#x1B[39;00m SampleApproach
#x1B[0;32m      3#x1B[0m #x1B[38;5;28;01mfrom#x1B[39;00m #x1B[38;5;21;01mmatplotlib#x1B[39;00m #x1B[38;5;28;01mimport#x1B[39;00m pyplot #x1B[38;5;28;01mas#x1B[39;00m plt
#x1B[0;32m      4#x1B[0m #x1B[38;5;28;01mimport#x1B[39;00m #x1B[38;5;21;01mfmdtools#x1B[39;00m#x1B[38;5;21;01m.#x1B[39;00m#x1B[38;5;21;01manalyze#x1B[39;00m #x1B[38;5;28;01mas#x1B[39;00m #x1B[38;5;21;01man#x1B[39;00m

#x1B[1;31mModuleNotFoundError#x1B[0m: No module named 'fmdtools.sim.approach'</failure></testcase><testcase classname="examples.pump.Parallelism_Tutorial.ipynb" name="" time="3.542"><failure message="#x1B[1;31mAttributeError#x1B[0m: module 'fmdtools.analyze' has no attribute 'plot'">---------------------------------------------------------------------------
fig, ax = an.plot.hist(mdlhist, 'flows.ee_1.s.current', 'flows.wat_2.s.flowrate')
#x1B[1;31m---------------------------------------------------------------------------#x1B[0m
#x1B[1;31mAttributeError#x1B[0m                            Traceback (most recent call last)
Cell #x1B[1;32mIn[5], line 1#x1B[0m
#x1B[1;32m----&gt; 1#x1B[0m fig, ax #x1B[38;5;241m=#x1B[39m #x1B[43man#x1B[49m#x1B[38;5;241;43m.#x1B[39;49m#x1B[43mplot#x1B[49m#x1B[38;5;241m.#x1B[39mhist(mdlhist, #x1B[38;5;124m'#x1B[39m#x1B[38;5;124mflows.ee_1.s.current#x1B[39m#x1B[38;5;124m'#x1B[39m, #x1B[38;5;124m'#x1B[39m#x1B[38;5;124mflows.wat_2.s.flowrate#x1B[39m#x1B[38;5;124m'#x1B[39m)

#x1B[1;31mAttributeError#x1B[0m: module 'fmdtools.analyze' has no attribute 'plot'</failure></testcase><testcase classname="examples.pump.Pump_Example_Notebook.ipynb" name="" time="13.795" /><testcase time="0.001" /></testsuite></testsuites>