<?xml version="1.0" encoding="utf-8"?><testsuites><testsuite name="pytest" errors="22" failures="10" skipped="0" tests="238" time="486.908" timestamp="2023-11-02T12:08:06.297333" hostname="starlight"><testcase classname="" name="_build.html._downloads.2d21039b77573642ec58edd287cbcd64.ex_pump" time="0.000"><error message="collection failure">#x1B[1m#x1B[31m_build\html\_downloads\2d21039b77573642ec58edd287cbcd64\ex_pump.py#x1B[0m:28: in &lt;module&gt;
    #x1B[94mfrom#x1B[39;49;00m #x1B[04m#x1B[96mfmdtools#x1B[39;49;00m#x1B[04m#x1B[96m.#x1B[39;49;00m#x1B[04m#x1B[96msim#x1B[39;49;00m#x1B[04m#x1B[96m.#x1B[39;49;00m#x1B[04m#x1B[96mapproach#x1B[39;49;00m #x1B[94mimport#x1B[39;49;00m SampleApproach, NominalApproach#x1B[90m#x1B[39;49;00m
#x1B[1m#x1B[31mE   ModuleNotFoundError: No module named 'fmdtools.sim.approach'#x1B[0m</error></testcase><testcase classname="" name="examples.multirotor.drone_mdl_urban" time="0.000"><error message="collection failure">#x1B[1m#x1B[31mexamples\multirotor\drone_mdl_urban.py#x1B[0m:5: in &lt;module&gt;
    #x1B[94mfrom#x1B[39;49;00m #x1B[04m#x1B[96mdrone_mdl_static#x1B[39;49;00m #x1B[94mimport#x1B[39;49;00m EE, Force, Control#x1B[90m#x1B[39;49;00m
#x1B[1m#x1B[31mE   ModuleNotFoundError: No module named 'drone_mdl_static'#x1B[0m</error></testcase><testcase classname="" name="examples.multirotor.opt_drone_rural" time="0.000"><error message="collection failure">#x1B[1m#x1B[31mexamples\multirotor\opt_drone_rural.py#x1B[0m:9: in &lt;module&gt;
    #x1B[94mfrom#x1B[39;49;00m #x1B[04m#x1B[96mdrone_mdl_rural#x1B[39;49;00m #x1B[94mimport#x1B[39;49;00m Drone, DroneParam#x1B[90m#x1B[39;49;00m
#x1B[1m#x1B[31mE   ModuleNotFoundError: No module named 'drone_mdl_rural'#x1B[0m</error></testcase><testcase classname="" name="examples.multirotor.test_multirotor" time="0.000"><error message="collection failure">#x1B[1m#x1B[31m..\..\..\AppData\Local\anaconda3\lib\importlib\__init__.py#x1B[0m:126: in import_module
    #x1B[94mreturn#x1B[39;49;00m _bootstrap._gcd_import(name[level:], package, level)#x1B[90m#x1B[39;49;00m
#x1B[1m#x1B[31m&lt;frozen importlib._bootstrap&gt;#x1B[0m:1050: in _gcd_import
    #x1B[04m#x1B[91m?#x1B[39;49;00m#x1B[04m#x1B[91m?#x1B[39;49;00m#x1B[04m#x1B[91m?#x1B[39;49;00m#x1B[90m#x1B[39;49;00m
#x1B[1m#x1B[31m&lt;frozen importlib._bootstrap&gt;#x1B[0m:1027: in _find_and_load
    #x1B[04m#x1B[91m?#x1B[39;49;00m#x1B[04m#x1B[91m?#x1B[39;49;00m#x1B[04m#x1B[91m?#x1B[39;49;00m#x1B[90m#x1B[39;49;00m
#x1B[1m#x1B[31m&lt;frozen importlib._bootstrap&gt;#x1B[0m:1006: in _find_and_load_unlocked
    #x1B[04m#x1B[91m?#x1B[39;49;00m#x1B[04m#x1B[91m?#x1B[39;49;00m#x1B[04m#x1B[91m?#x1B[39;49;00m#x1B[90m#x1B[39;49;00m
#x1B[1m#x1B[31m&lt;frozen importlib._bootstrap&gt;#x1B[0m:688: in _load_unlocked
    #x1B[04m#x1B[91m?#x1B[39;49;00m#x1B[04m#x1B[91m?#x1B[39;49;00m#x1B[04m#x1B[91m?#x1B[39;49;00m#x1B[90m#x1B[39;49;00m
#x1B[1m#x1B[31m..\..\..\AppData\Local\anaconda3\lib\site-packages\_pytest\assertion\rewrite.py#x1B[0m:172: in exec_module
    exec(co, module.#x1B[91m__dict__#x1B[39;49;00m)#x1B[90m#x1B[39;49;00m
#x1B[1m#x1B[31mexamples\multirotor\test_multirotor.py#x1B[0m:8: in &lt;module&gt;
    #x1B[94mfrom#x1B[39;49;00m #x1B[04m#x1B[96mexamples#x1B[39;49;00m#x1B[04m#x1B[96m.#x1B[39;49;00m#x1B[04m#x1B[96mmultirotor#x1B[39;49;00m#x1B[04m#x1B[96m.#x1B[39;49;00m#x1B[04m#x1B[96mopt_drone_rural#x1B[39;49;00m #x1B[94mimport#x1B[39;49;00m opt_prob, x_to_rcost, x_to_ocost#x1B[90m#x1B[39;49;00m
#x1B[1m#x1B[31mexamples\multirotor\opt_drone_rural.py#x1B[0m:9: in &lt;module&gt;
    #x1B[94mfrom#x1B[39;49;00m #x1B[04m#x1B[96mdrone_mdl_rural#x1B[39;49;00m #x1B[94mimport#x1B[39;49;00m Drone, DroneParam#x1B[90m#x1B[39;49;00m
#x1B[1m#x1B[31mE   ModuleNotFoundError: No module named 'drone_mdl_rural'#x1B[0m</error><error message="collection failure">#x1B[31mImportError while importing test module 'C:\Users\dhulse\Documents\GitHub\fmdtools\examples\multirotor\test_multirotor.py'.
Hint: make sure your test modules/packages have valid Python names.
Traceback:
#x1B[1m#x1B[31m..\..\..\AppData\Local\anaconda3\lib\importlib\__init__.py#x1B[0m:126: in import_module
    #x1B[94mreturn#x1B[39;49;00m _bootstrap._gcd_import(name[level:], package, level)#x1B[90m#x1B[39;49;00m
#x1B[1m#x1B[31mexamples\multirotor\test_multirotor.py#x1B[0m:8: in &lt;module&gt;
    #x1B[94mfrom#x1B[39;49;00m #x1B[04m#x1B[96mexamples#x1B[39;49;00m#x1B[04m#x1B[96m.#x1B[39;49;00m#x1B[04m#x1B[96mmultirotor#x1B[39;49;00m#x1B[04m#x1B[96m.#x1B[39;49;00m#x1B[04m#x1B[96mopt_drone_rural#x1B[39;49;00m #x1B[94mimport#x1B[39;49;00m opt_prob, x_to_rcost, x_to_ocost#x1B[90m#x1B[39;49;00m
#x1B[1m#x1B[31mexamples\multirotor\opt_drone_rural.py#x1B[0m:9: in &lt;module&gt;
    #x1B[94mfrom#x1B[39;49;00m #x1B[04m#x1B[96mdrone_mdl_rural#x1B[39;49;00m #x1B[94mimport#x1B[39;49;00m Drone, DroneParam#x1B[90m#x1B[39;49;00m
#x1B[1m#x1B[31mE   ModuleNotFoundError: No module named 'drone_mdl_rural'#x1B[0m#x1B[0m</error></testcase><testcase classname="" name="examples.pump.jointfaults_ex" time="0.000"><error message="collection failure">#x1B[1m#x1B[31mexamples\pump\jointfaults_ex.py#x1B[0m:14: in &lt;module&gt;
    #x1B[94mfrom#x1B[39;49;00m #x1B[04m#x1B[96mex_pump#x1B[39;49;00m #x1B[94mimport#x1B[39;49;00m Pump  #x1B[90m# required to import entire module#x1B[39;49;00m#x1B[90m#x1B[39;49;00m
#x1B[1m#x1B[31m_build\html\_downloads\2d21039b77573642ec58edd287cbcd64\ex_pump.py#x1B[0m:28: in &lt;module&gt;
    #x1B[94mfrom#x1B[39;49;00m #x1B[04m#x1B[96mfmdtools#x1B[39;49;00m#x1B[04m#x1B[96m.#x1B[39;49;00m#x1B[04m#x1B[96msim#x1B[39;49;00m#x1B[04m#x1B[96m.#x1B[39;49;00m#x1B[04m#x1B[96mapproach#x1B[39;49;00m #x1B[94mimport#x1B[39;49;00m SampleApproach, NominalApproach#x1B[90m#x1B[39;49;00m
#x1B[1m#x1B[31mE   ModuleNotFoundError: No module named 'fmdtools.sim.approach'#x1B[0m</error></testcase><testcase classname="" name="examples.pump.parallelism_methods" time="0.000"><error message="collection failure">#x1B[1m#x1B[31mexamples\pump\parallelism_methods.py#x1B[0m:8: in &lt;module&gt;
    #x1B[94mfrom#x1B[39;49;00m #x1B[04m#x1B[96mex_pump#x1B[39;49;00m #x1B[94mimport#x1B[39;49;00m Pump, PumpParam#x1B[90m#x1B[39;49;00m
#x1B[1m#x1B[31m_build\html\_downloads\2d21039b77573642ec58edd287cbcd64\ex_pump.py#x1B[0m:28: in &lt;module&gt;
    #x1B[94mfrom#x1B[39;49;00m #x1B[04m#x1B[96mfmdtools#x1B[39;49;00m#x1B[04m#x1B[96m.#x1B[39;49;00m#x1B[04m#x1B[96msim#x1B[39;49;00m#x1B[04m#x1B[96m.#x1B[39;49;00m#x1B[04m#x1B[96mapproach#x1B[39;49;00m #x1B[94mimport#x1B[39;49;00m SampleApproach, NominalApproach#x1B[90m#x1B[39;49;00m
#x1B[1m#x1B[31mE   ModuleNotFoundError: No module named 'fmdtools.sim.approach'#x1B[0m</error></testcase><testcase classname="" name="examples.pump.pump_indiv" time="0.000"><error message="collection failure">#x1B[1m#x1B[31mexamples\pump\pump_indiv.py#x1B[0m:11: in &lt;module&gt;
    #x1B[94mfrom#x1B[39;49;00m #x1B[04m#x1B[96mfmdtools#x1B[39;49;00m#x1B[04m#x1B[96m.#x1B[39;49;00m#x1B[04m#x1B[96manalyze#x1B[39;49;00m #x1B[94mimport#x1B[39;49;00m plot#x1B[90m#x1B[39;49;00m
#x1B[1m#x1B[31mE   ImportError: cannot import name 'plot' from 'fmdtools.analyze' (C:\Users\dhulse\Documents\GitHub\fmdtools\fmdtools\analyze\__init__.py)#x1B[0m</error></testcase><testcase classname="" name="examples.rover.opt_rover" time="0.000"><error message="collection failure">#x1B[1m#x1B[31mexamples\rover\opt_rover.py#x1B[0m:7: in &lt;module&gt;
    #x1B[94mfrom#x1B[39;49;00m #x1B[04m#x1B[96mpymoo#x1B[39;49;00m#x1B[04m#x1B[96m.#x1B[39;49;00m#x1B[04m#x1B[96moptimize#x1B[39;49;00m #x1B[94mimport#x1B[39;49;00m minimize#x1B[90m#x1B[39;49;00m
#x1B[1m#x1B[31mE   ModuleNotFoundError: No module named 'pymoo'#x1B[0m</error></testcase><testcase classname="" name="examples.rover.rover_degradation" time="0.000"><error message="collection failure">#x1B[1m#x1B[31mexamples\rover\rover_degradation.py#x1B[0m:12: in &lt;module&gt;
    #x1B[94mfrom#x1B[39;49;00m #x1B[04m#x1B[96mfmdtools#x1B[39;49;00m#x1B[04m#x1B[96m.#x1B[39;49;00m#x1B[04m#x1B[96msim#x1B[39;49;00m#x1B[04m#x1B[96m.#x1B[39;49;00m#x1B[04m#x1B[96msample#x1B[39;49;00m #x1B[94mimport#x1B[39;49;00m ParameterApproach#x1B[90m#x1B[39;49;00m
#x1B[1m#x1B[31mE   ImportError: cannot import name 'ParameterApproach' from 'fmdtools.sim.sample' (C:\Users\dhulse\Documents\GitHub\fmdtools\fmdtools\sim\sample.py)#x1B[0m</error></testcase><testcase classname="" name="examples.rover.rover_dump" time="0.000"><error message="collection failure">#x1B[1m#x1B[31mexamples\rover\rover_dump.py#x1B[0m:7: in &lt;module&gt;
    #x1B[94mfrom#x1B[39;49;00m #x1B[04m#x1B[96mrover_model#x1B[39;49;00m #x1B[94mimport#x1B[39;49;00m Rover, RoverParam#x1B[90m#x1B[39;49;00m
#x1B[1m#x1B[31mE   ModuleNotFoundError: No module named 'rover_model'#x1B[0m</error></testcase><testcase classname="" name="examples.rover.rover_mode_space" time="0.000"><error message="collection failure">#x1B[1m#x1B[31mexamples\rover\rover_mode_space.py#x1B[0m:7: in &lt;module&gt;
    #x1B[94mfrom#x1B[39;49;00m #x1B[04m#x1B[96mrover_model#x1B[39;49;00m #x1B[94mimport#x1B[39;49;00m Rover, RoverParam#x1B[90m#x1B[39;49;00m
#x1B[1m#x1B[31mE   ModuleNotFoundError: No module named 'rover_model'#x1B[0m</error></testcase><testcase classname="" name="examples.rover.rover_model_human" time="0.000"><error message="collection failure">#x1B[1m#x1B[31mexamples\rover\rover_model_human.py#x1B[0m:28: in &lt;module&gt;
    #x1B[94mfrom#x1B[39;49;00m #x1B[04m#x1B[96mfmdtools#x1B[39;49;00m#x1B[04m#x1B[96m.#x1B[39;49;00m#x1B[04m#x1B[96msim#x1B[39;49;00m#x1B[04m#x1B[96m.#x1B[39;49;00m#x1B[04m#x1B[96mapproach#x1B[39;49;00m #x1B[94mimport#x1B[39;49;00m SampleApproach, NominalApproach#x1B[90m#x1B[39;49;00m
#x1B[1m#x1B[31mE   ModuleNotFoundError: No module named 'fmdtools.sim.approach'#x1B[0m</error></testcase><testcase classname="" name="examples.rover.test_rover" time="0.000"><error message="collection failure">#x1B[1m#x1B[31m..\..\..\AppData\Local\anaconda3\lib\importlib\__init__.py#x1B[0m:126: in import_module
    #x1B[94mreturn#x1B[39;49;00m _bootstrap._gcd_import(name[level:], package, level)#x1B[90m#x1B[39;49;00m
#x1B[1m#x1B[31m&lt;frozen importlib._bootstrap&gt;#x1B[0m:1050: in _gcd_import
    #x1B[04m#x1B[91m?#x1B[39;49;00m#x1B[04m#x1B[91m?#x1B[39;49;00m#x1B[04m#x1B[91m?#x1B[39;49;00m#x1B[90m#x1B[39;49;00m
#x1B[1m#x1B[31m&lt;frozen importlib._bootstrap&gt;#x1B[0m:1027: in _find_and_load
    #x1B[04m#x1B[91m?#x1B[39;49;00m#x1B[04m#x1B[91m?#x1B[39;49;00m#x1B[04m#x1B[91m?#x1B[39;49;00m#x1B[90m#x1B[39;49;00m
#x1B[1m#x1B[31m&lt;frozen importlib._bootstrap&gt;#x1B[0m:1006: in _find_and_load_unlocked
    #x1B[04m#x1B[91m?#x1B[39;49;00m#x1B[04m#x1B[91m?#x1B[39;49;00m#x1B[04m#x1B[91m?#x1B[39;49;00m#x1B[90m#x1B[39;49;00m
#x1B[1m#x1B[31m&lt;frozen importlib._bootstrap&gt;#x1B[0m:688: in _load_unlocked
    #x1B[04m#x1B[91m?#x1B[39;49;00m#x1B[04m#x1B[91m?#x1B[39;49;00m#x1B[04m#x1B[91m?#x1B[39;49;00m#x1B[90m#x1B[39;49;00m
#x1B[1m#x1B[31m..\..\..\AppData\Local\anaconda3\lib\site-packages\_pytest\assertion\rewrite.py#x1B[0m:172: in exec_module
    exec(co, module.#x1B[91m__dict__#x1B[39;49;00m)#x1B[90m#x1B[39;49;00m
#x1B[1m#x1B[31mexamples\rover\test_rover.py#x1B[0m:8: in &lt;module&gt;
    #x1B[94mfrom#x1B[39;49;00m #x1B[04m#x1B[96mexamples#x1B[39;49;00m#x1B[04m#x1B[96m.#x1B[39;49;00m#x1B[04m#x1B[96mrover#x1B[39;49;00m#x1B[04m#x1B[96m.#x1B[39;49;00m#x1B[04m#x1B[96moptimization#x1B[39;49;00m#x1B[04m#x1B[96m.#x1B[39;49;00m#x1B[04m#x1B[96msearch_rover#x1B[39;49;00m #x1B[94mimport#x1B[39;49;00m line_dist, line_dist_faster#x1B[90m#x1B[39;49;00m
#x1B[1m#x1B[31mexamples\rover\optimization\search_rover.py#x1B[0m:10: in &lt;module&gt;
    #x1B[94mfrom#x1B[39;49;00m #x1B[04m#x1B[96mfmdtools#x1B[39;49;00m#x1B[04m#x1B[96m.#x1B[39;49;00m#x1B[04m#x1B[96msim#x1B[39;49;00m#x1B[04m#x1B[96m.#x1B[39;49;00m#x1B[04m#x1B[96mapproach#x1B[39;49;00m #x1B[94mimport#x1B[39;49;00m SampleApproach#x1B[90m#x1B[39;49;00m
#x1B[1m#x1B[31mE   ModuleNotFoundError: No module named 'fmdtools.sim.approach'#x1B[0m</error><error message="collection failure">#x1B[31mImportError while importing test module 'C:\Users\dhulse\Documents\GitHub\fmdtools\examples\rover\test_rover.py'.
Hint: make sure your test modules/packages have valid Python names.
Traceback:
#x1B[1m#x1B[31m..\..\..\AppData\Local\anaconda3\lib\importlib\__init__.py#x1B[0m:126: in import_module
    #x1B[94mreturn#x1B[39;49;00m _bootstrap._gcd_import(name[level:], package, level)#x1B[90m#x1B[39;49;00m
#x1B[1m#x1B[31mexamples\rover\test_rover.py#x1B[0m:8: in &lt;module&gt;
    #x1B[94mfrom#x1B[39;49;00m #x1B[04m#x1B[96mexamples#x1B[39;49;00m#x1B[04m#x1B[96m.#x1B[39;49;00m#x1B[04m#x1B[96mrover#x1B[39;49;00m#x1B[04m#x1B[96m.#x1B[39;49;00m#x1B[04m#x1B[96moptimization#x1B[39;49;00m#x1B[04m#x1B[96m.#x1B[39;49;00m#x1B[04m#x1B[96msearch_rover#x1B[39;49;00m #x1B[94mimport#x1B[39;49;00m line_dist, line_dist_faster#x1B[90m#x1B[39;49;00m
#x1B[1m#x1B[31mexamples\rover\optimization\search_rover.py#x1B[0m:10: in &lt;module&gt;
    #x1B[94mfrom#x1B[39;49;00m #x1B[04m#x1B[96mfmdtools#x1B[39;49;00m#x1B[04m#x1B[96m.#x1B[39;49;00m#x1B[04m#x1B[96msim#x1B[39;49;00m#x1B[04m#x1B[96m.#x1B[39;49;00m#x1B[04m#x1B[96mapproach#x1B[39;49;00m #x1B[94mimport#x1B[39;49;00m SampleApproach#x1B[90m#x1B[39;49;00m
#x1B[1m#x1B[31mE   ModuleNotFoundError: No module named 'fmdtools.sim.approach'#x1B[0m#x1B[0m</error></testcase><testcase classname="" name="examples.rover.optimization.animation" time="0.000"><error message="collection failure">#x1B[1m#x1B[31mexamples\rover\optimization\animation.py#x1B[0m:24: in &lt;module&gt;
    dfccea = pd.read_csv(#x1B[33m'#x1B[39;49;00m#x1B[33mccea_species.csv#x1B[39;49;00m#x1B[33m'#x1B[39;49;00m)#x1B[90m#x1B[39;49;00m
#x1B[1m#x1B[31m..\..\..\AppData\Roaming\Python\Python310\site-packages\pandas\io\parsers\readers.py#x1B[0m:912: in read_csv
    #x1B[94mreturn#x1B[39;49;00m _read(filepath_or_buffer, kwds)#x1B[90m#x1B[39;49;00m
#x1B[1m#x1B[31m..\..\..\AppData\Roaming\Python\Python310\site-packages\pandas\io\parsers\readers.py#x1B[0m:577: in _read
    parser = TextFileReader(filepath_or_buffer, **kwds)#x1B[90m#x1B[39;49;00m
#x1B[1m#x1B[31m..\..\..\AppData\Roaming\Python\Python310\site-packages\pandas\io\parsers\readers.py#x1B[0m:1407: in __init__
    #x1B[96mself#x1B[39;49;00m._engine = #x1B[96mself#x1B[39;49;00m._make_engine(f, #x1B[96mself#x1B[39;49;00m.engine)#x1B[90m#x1B[39;49;00m
#x1B[1m#x1B[31m..\..\..\AppData\Roaming\Python\Python310\site-packages\pandas\io\parsers\readers.py#x1B[0m:1661: in _make_engine
    #x1B[96mself#x1B[39;49;00m.handles = get_handle(#x1B[90m#x1B[39;49;00m
#x1B[1m#x1B[31m..\..\..\AppData\Roaming\Python\Python310\site-packages\pandas\io\common.py#x1B[0m:859: in get_handle
    handle = #x1B[96mopen#x1B[39;49;00m(#x1B[90m#x1B[39;49;00m
#x1B[1m#x1B[31mE   FileNotFoundError: [Errno 2] No such file or directory: 'ccea_species.csv'#x1B[0m</error></testcase><testcase classname="" name="examples.rover.optimization.ea_analysis" time="0.000"><error message="collection failure">#x1B[1m#x1B[31mexamples\rover\optimization\ea_analysis.py#x1B[0m:11: in &lt;module&gt;
    dfea = pd.read_csv(#x1B[33m'#x1B[39;49;00m#x1B[33mrslt_ea.csv#x1B[39;49;00m#x1B[33m'#x1B[39;49;00m)#x1B[90m#x1B[39;49;00m
#x1B[1m#x1B[31m..\..\..\AppData\Roaming\Python\Python310\site-packages\pandas\io\parsers\readers.py#x1B[0m:912: in read_csv
    #x1B[94mreturn#x1B[39;49;00m _read(filepath_or_buffer, kwds)#x1B[90m#x1B[39;49;00m
#x1B[1m#x1B[31m..\..\..\AppData\Roaming\Python\Python310\site-packages\pandas\io\parsers\readers.py#x1B[0m:577: in _read
    parser = TextFileReader(filepath_or_buffer, **kwds)#x1B[90m#x1B[39;49;00m
#x1B[1m#x1B[31m..\..\..\AppData\Roaming\Python\Python310\site-packages\pandas\io\parsers\readers.py#x1B[0m:1407: in __init__
    #x1B[96mself#x1B[39;49;00m._engine = #x1B[96mself#x1B[39;49;00m._make_engine(f, #x1B[96mself#x1B[39;49;00m.engine)#x1B[90m#x1B[39;49;00m
#x1B[1m#x1B[31m..\..\..\AppData\Roaming\Python\Python310\site-packages\pandas\io\parsers\readers.py#x1B[0m:1661: in _make_engine
    #x1B[96mself#x1B[39;49;00m.handles = get_handle(#x1B[90m#x1B[39;49;00m
#x1B[1m#x1B[31m..\..\..\AppData\Roaming\Python\Python310\site-packages\pandas\io\common.py#x1B[0m:859: in get_handle
    handle = #x1B[96mopen#x1B[39;49;00m(#x1B[90m#x1B[39;49;00m
#x1B[1m#x1B[31mE   FileNotFoundError: [Errno 2] No such file or directory: 'rslt_ea.csv'#x1B[0m</error></testcase><testcase classname="" name="examples.rover.optimization.search_rover" time="0.000"><error message="collection failure">#x1B[1m#x1B[31mexamples\rover\optimization\search_rover.py#x1B[0m:10: in &lt;module&gt;
    #x1B[94mfrom#x1B[39;49;00m #x1B[04m#x1B[96mfmdtools#x1B[39;49;00m#x1B[04m#x1B[96m.#x1B[39;49;00m#x1B[04m#x1B[96msim#x1B[39;49;00m#x1B[04m#x1B[96m.#x1B[39;49;00m#x1B[04m#x1B[96mapproach#x1B[39;49;00m #x1B[94mimport#x1B[39;49;00m SampleApproach#x1B[90m#x1B[39;49;00m
#x1B[1m#x1B[31mE   ModuleNotFoundError: No module named 'fmdtools.sim.approach'#x1B[0m</error></testcase><testcase classname="" name="examples.tank.tank_opt" time="0.000"><error message="collection failure">#x1B[1m#x1B[31mexamples\tank\tank_opt.py#x1B[0m:24: in &lt;module&gt;
    #x1B[94mfrom#x1B[39;49;00m #x1B[04m#x1B[96mfmdtools#x1B[39;49;00m#x1B[04m#x1B[96m.#x1B[39;49;00m#x1B[04m#x1B[96msim#x1B[39;49;00m#x1B[04m#x1B[96m.#x1B[39;49;00m#x1B[04m#x1B[96mapproach#x1B[39;49;00m #x1B[94mimport#x1B[39;49;00m SampleApproach#x1B[90m#x1B[39;49;00m
#x1B[1m#x1B[31mE   ModuleNotFoundError: No module named 'fmdtools.sim.approach'#x1B[0m</error></testcase><testcase classname="" name="examples.tank.tank_script" time="0.000"><error message="collection failure">#x1B[1m#x1B[31mexamples\tank\tank_script.py#x1B[0m:13: in &lt;module&gt;
    #x1B[94mfrom#x1B[39;49;00m #x1B[04m#x1B[96mtank_model#x1B[39;49;00m #x1B[94mimport#x1B[39;49;00m Tank#x1B[90m#x1B[39;49;00m
#x1B[1m#x1B[31mE   ModuleNotFoundError: No module named 'tank_model'#x1B[0m</error></testcase><testcase classname="" name="examples.tank.test_tank_opt" time="0.000"><error message="collection failure">#x1B[1m#x1B[31mexamples\tank\test_tank_opt.py#x1B[0m:10: in &lt;module&gt;
    #x1B[94mfrom#x1B[39;49;00m #x1B[04m#x1B[96mexamples#x1B[39;49;00m#x1B[04m#x1B[96m.#x1B[39;49;00m#x1B[04m#x1B[96mtank#x1B[39;49;00m#x1B[04m#x1B[96m.#x1B[39;49;00m#x1B[04m#x1B[96mtank_opt#x1B[39;49;00m #x1B[94mimport#x1B[39;49;00m x_to_rcost_leg, x_to_totcost_leg, x_to_descost#x1B[90m#x1B[39;49;00m
#x1B[1m#x1B[31mexamples\tank\tank_opt.py#x1B[0m:24: in &lt;module&gt;
    #x1B[94mfrom#x1B[39;49;00m #x1B[04m#x1B[96mfmdtools#x1B[39;49;00m#x1B[04m#x1B[96m.#x1B[39;49;00m#x1B[04m#x1B[96msim#x1B[39;49;00m#x1B[04m#x1B[96m.#x1B[39;49;00m#x1B[04m#x1B[96mapproach#x1B[39;49;00m #x1B[94mimport#x1B[39;49;00m SampleApproach#x1B[90m#x1B[39;49;00m
#x1B[1m#x1B[31mE   ModuleNotFoundError: No module named 'fmdtools.sim.approach'#x1B[0m</error><error message="collection failure">#x1B[31mImportError while importing test module 'C:\Users\dhulse\Documents\GitHub\fmdtools\examples\tank\test_tank_opt.py'.
Hint: make sure your test modules/packages have valid Python names.
Traceback:
#x1B[1m#x1B[31m..\..\..\AppData\Local\anaconda3\lib\importlib\__init__.py#x1B[0m:126: in import_module
    #x1B[94mreturn#x1B[39;49;00m _bootstrap._gcd_import(name[level:], package, level)#x1B[90m#x1B[39;49;00m
#x1B[1m#x1B[31mexamples\tank\test_tank_opt.py#x1B[0m:10: in &lt;module&gt;
    #x1B[94mfrom#x1B[39;49;00m #x1B[04m#x1B[96mexamples#x1B[39;49;00m#x1B[04m#x1B[96m.#x1B[39;49;00m#x1B[04m#x1B[96mtank#x1B[39;49;00m#x1B[04m#x1B[96m.#x1B[39;49;00m#x1B[04m#x1B[96mtank_opt#x1B[39;49;00m #x1B[94mimport#x1B[39;49;00m x_to_rcost_leg, x_to_totcost_leg, x_to_descost#x1B[90m#x1B[39;49;00m
#x1B[1m#x1B[31mexamples\tank\tank_opt.py#x1B[0m:24: in &lt;module&gt;
    #x1B[94mfrom#x1B[39;49;00m #x1B[04m#x1B[96mfmdtools#x1B[39;49;00m#x1B[04m#x1B[96m.#x1B[39;49;00m#x1B[04m#x1B[96msim#x1B[39;49;00m#x1B[04m#x1B[96m.#x1B[39;49;00m#x1B[04m#x1B[96mapproach#x1B[39;49;00m #x1B[94mimport#x1B[39;49;00m SampleApproach#x1B[90m#x1B[39;49;00m
#x1B[1m#x1B[31mE   ModuleNotFoundError: No module named 'fmdtools.sim.approach'#x1B[0m#x1B[0m</error></testcase><testcase classname="examples.asg_demo.Action_Sequence_Graph.ipynb" name="" time="6.615" /><testcase classname="examples.eps.EPS_Example_Notebook.ipynb" name="" time="4.266" /><testcase classname="examples.eps.test_eps.epsTests" name="test_all_faults" time="0.272" /><testcase classname="examples.eps.test_eps.epsTests" name="test_backward_fault_prop_1" time="0.011" /><testcase classname="examples.eps.test_eps.epsTests" name="test_backward_fault_prop_2" time="0.011" /><testcase classname="examples.eps.test_eps.epsTests" name="test_fault_app" time="26.745" /><testcase classname="examples.eps.test_eps.epsTests" name="test_multfault_saving" time="0.039" /><testcase classname="examples.eps.test_eps.epsTests" name="test_nominal_saving" time="0.036" /><testcase classname="examples.eps.test_eps.epsTests" name="test_pickleability" time="0.006" /><testcase classname="examples.eps.test_eps.epsTests" name="test_save_load_onefault" time="0.039" /><testcase classname="examples.eps.test_eps.epsTests" name="test_save_load_singlefaults" time="0.853" /><testcase classname="examples.multiflow_demo.Multiflow_and_Commsflow_Demonstration.ipynb" name="" time="3.201" /><testcase classname="examples.multiflow_demo.test_multiflow.define_Tests" name="test_multiflows" time="0.014" /><testcase classname="examples.multirotor.Demonstration.ipynb" name="" time="13.427" /><testcase classname="examples.multirotor.Multirotor_Optimization.ipynb" name="" time="3.268"><failure message="#x1B[1;31mModuleNotFoundError#x1B[0m: No module named 'drone_mdl_opt'">---------------------------------------------------------------------------
from drone_mdl_opt import Drone

mdl = Drone()
#x1B[1;31m---------------------------------------------------------------------------#x1B[0m
#x1B[1;31mModuleNotFoundError#x1B[0m                       Traceback (most recent call last)
Cell #x1B[1;32mIn[2], line 1#x1B[0m
#x1B[1;32m----&gt; 1#x1B[0m #x1B[38;5;28;01mfrom#x1B[39;00m #x1B[38;5;21;01mdrone_mdl_opt#x1B[39;00m #x1B[38;5;28;01mimport#x1B[39;00m Drone
#x1B[0;32m      3#x1B[0m mdl #x1B[38;5;241m=#x1B[39m Drone()

#x1B[1;31mModuleNotFoundError#x1B[0m: No module named 'drone_mdl_opt'</failure></testcase><testcase classname="examples.multirotor.Urban_Drone_Demo.ipynb" name="" time="43.975" /><testcase classname="examples.multirotor.drone_mdl_dynamic" name="examples.multirotor.drone_mdl_dynamic.AffectDOF.inc_pos" time="0.006" /><testcase classname="examples.multirotor.drone_mdl_dynamic" name="examples.multirotor.drone_mdl_dynamic.PlanPath.assign_vectdist_to_goal" time="0.005" /><testcase classname="examples.multirotor.drone_mdl_dynamic" name="examples.multirotor.drone_mdl_dynamic.PlanPath.calc_dist_to_goal" time="0.005" /><testcase classname="examples.multirotor.drone_mdl_hierarchical" name="examples.multirotor.drone_mdl_hierarchical.AffectDOF.calc_pwr" time="0.006" /><testcase classname="examples.multirotor.drone_mdl_static" name="examples.multirotor.drone_mdl_static.AffectDOF.behavior" time="0.005" /><testcase classname="examples.multirotor.drone_mdl_static" name="examples.multirotor.drone_mdl_static.CtlDOF.behavior" time="0.006" /><testcase classname="examples.multirotor.drone_mdl_static" name="examples.multirotor.drone_mdl_static.DesTrajState.dist2d" time="0.005" /><testcase classname="examples.multirotor.drone_mdl_static" name="examples.multirotor.drone_mdl_static.DesTrajState.unit_vect2d" time="0.005" /><testcase classname="examples.multirotor.drone_mdl_static" name="examples.multirotor.drone_mdl_static.DistEE.behavior" time="0.006" /><testcase classname="examples.multirotor.drone_mdl_static" name="examples.multirotor.drone_mdl_static.HoldPayload.behavior" time="0.005" /><testcase classname="examples.multirotor.drone_mdl_static" name="examples.multirotor.drone_mdl_static.PlanPath.behavior" time="0.005" /><testcase classname="examples.pump.AST_Sampling.ipynb" name="" time="0.020"><failure message="Error - No such kernel: 'julia-1.8'">Error - No such kernel: 'julia-1.8'</failure></testcase><testcase classname="examples.pump.Optimization.ipynb" name="" time="3.159"><failure message="#x1B[1;31mModuleNotFoundError#x1B[0m: No module named 'fmdtools.sim.approach'">---------------------------------------------------------------------------
from fmdtools.sim.search import ProblemInterface
from fmdtools.sim.approach import SampleApproach
from matplotlib import pyplot as plt
import fmdtools.analyze as an
from pump_stochastic import Pump
#x1B[1;31m---------------------------------------------------------------------------#x1B[0m
#x1B[1;31mModuleNotFoundError#x1B[0m                       Traceback (most recent call last)
Cell #x1B[1;32mIn[1], line 2#x1B[0m
#x1B[0;32m      1#x1B[0m #x1B[38;5;28;01mfrom#x1B[39;00m #x1B[38;5;21;01mfmdtools#x1B[39;00m#x1B[38;5;21;01m.#x1B[39;00m#x1B[38;5;21;01msim#x1B[39;00m#x1B[38;5;21;01m.#x1B[39;00m#x1B[38;5;21;01msearch#x1B[39;00m #x1B[38;5;28;01mimport#x1B[39;00m ProblemInterface
#x1B[1;32m----&gt; 2#x1B[0m #x1B[38;5;28;01mfrom#x1B[39;00m #x1B[38;5;21;01mfmdtools#x1B[39;00m#x1B[38;5;21;01m.#x1B[39;00m#x1B[38;5;21;01msim#x1B[39;00m#x1B[38;5;21;01m.#x1B[39;00m#x1B[38;5;21;01mapproach#x1B[39;00m #x1B[38;5;28;01mimport#x1B[39;00m SampleApproach
#x1B[0;32m      3#x1B[0m #x1B[38;5;28;01mfrom#x1B[39;00m #x1B[38;5;21;01mmatplotlib#x1B[39;00m #x1B[38;5;28;01mimport#x1B[39;00m pyplot #x1B[38;5;28;01mas#x1B[39;00m plt
#x1B[0;32m      4#x1B[0m #x1B[38;5;28;01mimport#x1B[39;00m #x1B[38;5;21;01mfmdtools#x1B[39;00m#x1B[38;5;21;01m.#x1B[39;00m#x1B[38;5;21;01manalyze#x1B[39;00m #x1B[38;5;28;01mas#x1B[39;00m #x1B[38;5;21;01man#x1B[39;00m

#x1B[1;31mModuleNotFoundError#x1B[0m: No module named 'fmdtools.sim.approach'</failure></testcase><testcase classname="examples.pump.Parallelism_Tutorial.ipynb" name="" time="87.756" /><testcase classname="examples.pump.Pump_Example_Notebook.ipynb" name="" time="13.078" /><testcase classname="examples.pump.Stochastic_Modelling.ipynb" name="" time="36.398" /><testcase classname="examples.pump.Tutorial_complete.ipynb" name="" time="5.325" /><testcase classname="examples.pump.Tutorial_unfilled.ipynb" name="" time="3.247"><failure message="#x1B[1;31mNameError#x1B[0m: name 'mdl' is not defined">---------------------------------------------------------------------------
mdl.fxns
#x1B[1;31m---------------------------------------------------------------------------#x1B[0m
#x1B[1;31mNameError#x1B[0m                                 Traceback (most recent call last)
Cell #x1B[1;32mIn[4], line 1#x1B[0m
#x1B[1;32m----&gt; 1#x1B[0m #x1B[43mmdl#x1B[49m#x1B[38;5;241m.#x1B[39mfxns

#x1B[1;31mNameError#x1B[0m: name 'mdl' is not defined</failure></testcase><testcase classname="examples.pump.test_pump.PumpTests" name="test_app_prop_values" time="0.056" /><testcase classname="examples.pump.test_pump.PumpTests" name="test_approach_cost_calc" time="4.523" /><testcase classname="examples.pump.test_pump.PumpTests" name="test_approach_parallelism" time="9.205" /><testcase classname="examples.pump.test_pump.PumpTests" name="test_dynamic_prop_values" time="0.054" /><testcase classname="examples.pump.test_pump.PumpTests" name="test_dynamic_prop_values_2" time="0.110" /><testcase classname="examples.pump.test_pump.PumpTests" name="test_fault_sample_isave" time="0.847" /><testcase classname="examples.pump.test_pump.PumpTests" name="test_fault_sample_save" time="0.580" /><testcase classname="examples.pump.test_pump.PumpTests" name="test_fmea_options" time="0.089" /><testcase classname="examples.pump.test_pump.PumpTests" name="test_model_copy_different" time="0.250" /><testcase classname="examples.pump.test_pump.PumpTests" name="test_model_copy_same" time="0.383" /><testcase classname="examples.pump.test_pump.PumpTests" name="test_model_reset" time="0.430" /><testcase classname="examples.pump.test_pump.PumpTests" name="test_nested_sample_isave" time="6.093" /><testcase classname="examples.pump.test_pump.PumpTests" name="test_nested_sample_save" time="5.971" /><testcase classname="examples.pump.test_pump.PumpTests" name="test_nominal_save" time="0.046" /><testcase classname="examples.pump.test_pump.PumpTests" name="test_one_run_csv" time="0.025" /><testcase classname="examples.pump.test_pump.PumpTests" name="test_one_run_json" time="0.024" /><testcase classname="examples.pump.test_pump.PumpTests" name="test_one_run_pickle" time="0.023" /><testcase classname="examples.pump.test_pump.PumpTests" name="test_onefault_save" time="0.067" /><testcase classname="examples.pump.test_pump.PumpTests" name="test_param_sample_isave" time="0.371" /><testcase classname="examples.pump.test_pump.PumpTests" name="test_param_sample_save" time="0.272" /><testcase classname="examples.pump.test_pump.PumpTests" name="test_pickleability" time="0.006" /><testcase classname="examples.pump.test_pump.PumpTests" name="test_save_load_multfault" time="0.067" /><testcase classname="examples.pump.test_pump.PumpTests" name="test_single_faults_isave" time="0.842" /><testcase classname="examples.pump.test_pump.PumpTests" name="test_single_faults_save" time="0.572" /><testcase classname="examples.pump.test_pump.PumpTests" name="test_value_setting" time="0.005" /><testcase classname="examples.pump.test_pump.PumpTests" name="test_value_setting_dict" time="0.009" /><testcase classname="examples.pump.test_pump_example.ImportEE_Tests" name="test_behave_inf_v" time="0.002" /><testcase classname="examples.pump.test_pump_example.ImportEE_Tests" name="test_behave_no_v" time="0.001" /><testcase classname="examples.pump.test_pump_example.ImportEE_Tests" name="test_behave_nom" time="0.001" /><testcase classname="examples.pump.test_pump_example.ImportEE_Tests" name="test_condfaults_hi" time="0.001" /><testcase classname="examples.pump.test_pump_example.ImportEE_Tests" name="test_condfaults_nom" time="0.001" /><testcase classname="examples.pump.test_pump_example.ImportEE_Tests" name="test_initialization" time="0.001" /><testcase classname="examples.pump.test_pump_example.MoveWat_Tests" name="test_condfaults_dynamic" time="0.002" /><testcase classname="examples.pump.test_pump_example.MoveWat_Tests" name="test_initialization" time="0.001" /><testcase classname="examples.pump.test_pump_example.MoveWat_Tests" name="test_nom" time="0.001" /><testcase classname="examples.pump.test_pump_example.Integration_Tests" name="test_blockage_results" time="0.040" /><testcase classname="examples.pump.test_pump_example.Integration_Tests" name="test_blockage_static" time="0.003" /><testcase classname="examples.pump.test_pump_example.Integration_Tests" name="test_nominal_results" time="0.023" /><testcase classname="examples.pump.test_pump_stochastic.StochasticPumpTests" name="test_mdl_pickle" time="0.607" /><testcase classname="examples.pump.test_pump_stochastic.StochasticPumpTests" name="test_model_copy_different" time="0.249" /><testcase classname="examples.pump.test_pump_stochastic.StochasticPumpTests" name="test_model_copy_same" time="0.343" /><testcase classname="examples.pump.test_pump_stochastic.StochasticPumpTests" name="test_model_reset" time="0.428" /><testcase classname="examples.pump.test_pump_stochastic.StochasticPumpTests" name="test_model_set_vars" time="0.005" /><testcase classname="examples.pump.test_pump_stochastic.StochasticPumpTests" name="test_nested_sample_isave" time="11.114" /><testcase classname="examples.pump.test_pump_stochastic.StochasticPumpTests" name="test_nested_sample_save" time="11.056" /><testcase classname="examples.pump.test_pump_stochastic.StochasticPumpTests" name="test_param_sample_isave" time="4.617" /><testcase classname="examples.pump.test_pump_stochastic.StochasticPumpTests" name="test_param_sample_save" time="4.667" /><testcase classname="examples.pump.test_pump_stochastic.StochasticPumpTests" name="test_plot_nested_hists" time="3.775" /><testcase classname="examples.pump.test_pump_stochastic.StochasticPumpTests" name="test_plot_nominal_vals" time="0.200" /><testcase classname="examples.pump.test_pump_stochastic.StochasticPumpTests" name="test_plot_nominal_vals_xd" time="11.018" /><testcase classname="examples.pump.test_pump_stochastic.StochasticPumpTests" name="test_rand_paramsample_plot" time="1.864" /><testcase classname="examples.pump.test_pump_stochastic.StochasticPumpTests" name="test_run_approach" time="11.565" /><testcase classname="examples.pump.test_pump_stochastic.StochasticPumpTests" name="test_run_safety" time="2.213" /><testcase classname="examples.pump.test_pump_stochastic.StochasticPumpTests" name="test_set_seeds" time="0.017" /><testcase classname="examples.pump.test_pump_stochastic.StochasticPumpTests" name="test_stochastic_pdf" time="0.015" /><testcase classname="examples.rover.FaultSample_Use-Cases.ipynb" name="" time="5.923" /><testcase classname="examples.rover.Model_Structure_Visualization_Tutorial.ipynb" name="" time="14.956" /><testcase classname="examples.rover.ParameterSample_Use-Cases.ipynb" name="" time="38.643" /><testcase classname="examples.rover.Rover_Setup_Notebook.ipynb" name="" time="15.763" /><testcase classname="examples.rover.rover_model" name="examples.rover.rover_model.Drive.drive_nominal" time="0.029" /><testcase classname="examples.rover.HFAC_Analyses.HFAC_Analyses.ipynb" name="" time="3.186"><failure message="#x1B[1;31mModuleNotFoundError#x1B[0m: No module named 'fmdtools.sim.approach'">---------------------------------------------------------------------------
from fmdtools.sim.approach import SampleApproach, NominalApproach
import fmdtools.analyze as an
import fmdtools.sim.propagate as prop
import numpy as np
import matplotlib.pyplot as plt
plt.rcParams['pdf.fonttype'] = 42
import multiprocessing as mp
import scipy.stats as stats


import multiprocessing as mp
#x1B[1;31m---------------------------------------------------------------------------#x1B[0m
#x1B[1;31mModuleNotFoundError#x1B[0m                       Traceback (most recent call last)
Cell #x1B[1;32mIn[1], line 1#x1B[0m
#x1B[1;32m----&gt; 1#x1B[0m #x1B[38;5;28;01mfrom#x1B[39;00m #x1B[38;5;21;01mfmdtools#x1B[39;00m#x1B[38;5;21;01m.#x1B[39;00m#x1B[38;5;21;01msim#x1B[39;00m#x1B[38;5;21;01m.#x1B[39;00m#x1B[38;5;21;01mapproach#x1B[39;00m #x1B[38;5;28;01mimport#x1B[39;00m SampleApproach, NominalApproach
#x1B[0;32m      2#x1B[0m #x1B[38;5;28;01mimport#x1B[39;00m #x1B[38;5;21;01mfmdtools#x1B[39;00m#x1B[38;5;21;01m.#x1B[39;00m#x1B[38;5;21;01manalyze#x1B[39;00m #x1B[38;5;28;01mas#x1B[39;00m #x1B[38;5;21;01man#x1B[39;00m
#x1B[0;32m      3#x1B[0m #x1B[38;5;28;01mimport#x1B[39;00m #x1B[38;5;21;01mfmdtools#x1B[39;00m#x1B[38;5;21;01m.#x1B[39;00m#x1B[38;5;21;01msim#x1B[39;00m#x1B[38;5;21;01m.#x1B[39;00m#x1B[38;5;21;01mpropagate#x1B[39;00m #x1B[38;5;28;01mas#x1B[39;00m #x1B[38;5;21;01mprop#x1B[39;00m

#x1B[1;31mModuleNotFoundError#x1B[0m: No module named 'fmdtools.sim.approach'</failure></testcase><testcase classname="examples.rover.HFAC_Analyses.IDETC_Human_Paper_Analysis.ipynb" name="" time="1.858"><failure message="#x1B[1;31mModuleNotFoundError#x1B[0m: No module named 'rover_model_human'">---------------------------------------------------------------------------
from rover_model_human import Rover, gen_params
from rover_model import plot_map, plot_trajectories
import fmdtools.analyze as an
import fmdtools.sim.propagate as prop
from fmdtools.sim.approach import SampleApproach, NominalApproach

import numpy as np
import matplotlib.pyplot as plt
#x1B[1;31m---------------------------------------------------------------------------#x1B[0m
#x1B[1;31mModuleNotFoundError#x1B[0m                       Traceback (most recent call last)
Cell #x1B[1;32mIn[1], line 1#x1B[0m
#x1B[1;32m----&gt; 1#x1B[0m #x1B[38;5;28;01mfrom#x1B[39;00m #x1B[38;5;21;01mrover_model_human#x1B[39;00m #x1B[38;5;28;01mimport#x1B[39;00m Rover, gen_params
#x1B[0;32m      2#x1B[0m #x1B[38;5;28;01mfrom#x1B[39;00m #x1B[38;5;21;01mrover_model#x1B[39;00m #x1B[38;5;28;01mimport#x1B[39;00m plot_map, plot_trajectories
#x1B[0;32m      3#x1B[0m #x1B[38;5;28;01mimport#x1B[39;00m #x1B[38;5;21;01mfmdtools#x1B[39;00m#x1B[38;5;21;01m.#x1B[39;00m#x1B[38;5;21;01manalyze#x1B[39;00m #x1B[38;5;28;01mas#x1B[39;00m #x1B[38;5;21;01man#x1B[39;00m

#x1B[1;31mModuleNotFoundError#x1B[0m: No module named 'rover_model_human'</failure></testcase><testcase classname="examples.rover.degradation_modelling.Degradation_Modelling_Notebook.ipynb" name="" time="3.111"><failure message="#x1B[1;31mModuleNotFoundError#x1B[0m: No module named 'fmdtools.sim.approach'">---------------------------------------------------------------------------
from fmdtools.sim.approach import SampleApproach, NominalApproach
import fmdtools.analyze as an
import fmdtools.sim.propagate as prop
import numpy as np
import matplotlib.pyplot as plt
import multiprocessing as mp
import scipy.stats as stats


import multiprocessing as mp
#x1B[1;31m---------------------------------------------------------------------------#x1B[0m
#x1B[1;31mModuleNotFoundError#x1B[0m                       Traceback (most recent call last)
Cell #x1B[1;32mIn[1], line 1#x1B[0m
#x1B[1;32m----&gt; 1#x1B[0m #x1B[38;5;28;01mfrom#x1B[39;00m #x1B[38;5;21;01mfmdtools#x1B[39;00m#x1B[38;5;21;01m.#x1B[39;00m#x1B[38;5;21;01msim#x1B[39;00m#x1B[38;5;21;01m.#x1B[39;00m#x1B[38;5;21;01mapproach#x1B[39;00m #x1B[38;5;28;01mimport#x1B[39;00m SampleApproach, NominalApproach
#x1B[0;32m      2#x1B[0m #x1B[38;5;28;01mimport#x1B[39;00m #x1B[38;5;21;01mfmdtools#x1B[39;00m#x1B[38;5;21;01m.#x1B[39;00m#x1B[38;5;21;01manalyze#x1B[39;00m #x1B[38;5;28;01mas#x1B[39;00m #x1B[38;5;21;01man#x1B[39;00m
#x1B[0;32m      3#x1B[0m #x1B[38;5;28;01mimport#x1B[39;00m #x1B[38;5;21;01mfmdtools#x1B[39;00m#x1B[38;5;21;01m.#x1B[39;00m#x1B[38;5;21;01msim#x1B[39;00m#x1B[38;5;21;01m.#x1B[39;00m#x1B[38;5;21;01mpropagate#x1B[39;00m #x1B[38;5;28;01mas#x1B[39;00m #x1B[38;5;21;01mprop#x1B[39;00m

#x1B[1;31mModuleNotFoundError#x1B[0m: No module named 'fmdtools.sim.approach'</failure></testcase><testcase classname="examples.rover.fault_sampling.Rover_Mode_Notebook.ipynb" name="" time="3.109"><failure message="#x1B[1;31mModuleNotFoundError#x1B[0m: No module named 'fmdtools.sim.approach'">---------------------------------------------------------------------------
from fmdtools.sim.approach import SampleApproach
import fmdtools.analyze as an
import fmdtools.sim.propagate as prop
import matplotlib.pyplot as plt
plt.rcParams['pdf.fonttype'] = 42
import multiprocessing as mp
import pandas as pd
import time
#x1B[1;31m---------------------------------------------------------------------------#x1B[0m
#x1B[1;31mModuleNotFoundError#x1B[0m                       Traceback (most recent call last)
Cell #x1B[1;32mIn[1], line 1#x1B[0m
#x1B[1;32m----&gt; 1#x1B[0m #x1B[38;5;28;01mfrom#x1B[39;00m #x1B[38;5;21;01mfmdtools#x1B[39;00m#x1B[38;5;21;01m.#x1B[39;00m#x1B[38;5;21;01msim#x1B[39;00m#x1B[38;5;21;01m.#x1B[39;00m#x1B[38;5;21;01mapproach#x1B[39;00m #x1B[38;5;28;01mimport#x1B[39;00m SampleApproach
#x1B[0;32m      2#x1B[0m #x1B[38;5;28;01mimport#x1B[39;00m #x1B[38;5;21;01mfmdtools#x1B[39;00m#x1B[38;5;21;01m.#x1B[39;00m#x1B[38;5;21;01manalyze#x1B[39;00m #x1B[38;5;28;01mas#x1B[39;00m #x1B[38;5;21;01man#x1B[39;00m
#x1B[0;32m      3#x1B[0m #x1B[38;5;28;01mimport#x1B[39;00m #x1B[38;5;21;01mfmdtools#x1B[39;00m#x1B[38;5;21;01m.#x1B[39;00m#x1B[38;5;21;01msim#x1B[39;00m#x1B[38;5;21;01m.#x1B[39;00m#x1B[38;5;21;01mpropagate#x1B[39;00m #x1B[38;5;28;01mas#x1B[39;00m #x1B[38;5;21;01mprop#x1B[39;00m

#x1B[1;31mModuleNotFoundError#x1B[0m: No module named 'fmdtools.sim.approach'</failure></testcase><testcase classname="examples.rover.optimization.Rover_Response_Optimization.ipynb" name="" time="3.115"><failure message="#x1B[1;31mModuleNotFoundError#x1B[0m: No module named 'fmdtools.sim.approach'">---------------------------------------------------------------------------
from fmdtools.sim.approach import SampleApproach
import fmdtools.analyze as an
import fmdtools.sim.propagate as prop
import fmdtools.sim.search as search
import matplotlib.pyplot as plt
import multiprocessing as mp
import time
#x1B[1;31m---------------------------------------------------------------------------#x1B[0m
#x1B[1;31mModuleNotFoundError#x1B[0m                       Traceback (most recent call last)
Cell #x1B[1;32mIn[1], line 1#x1B[0m
#x1B[1;32m----&gt; 1#x1B[0m #x1B[38;5;28;01mfrom#x1B[39;00m #x1B[38;5;21;01mfmdtools#x1B[39;00m#x1B[38;5;21;01m.#x1B[39;00m#x1B[38;5;21;01msim#x1B[39;00m#x1B[38;5;21;01m.#x1B[39;00m#x1B[38;5;21;01mapproach#x1B[39;00m #x1B[38;5;28;01mimport#x1B[39;00m SampleApproach
#x1B[0;32m      2#x1B[0m #x1B[38;5;28;01mimport#x1B[39;00m #x1B[38;5;21;01mfmdtools#x1B[39;00m#x1B[38;5;21;01m.#x1B[39;00m#x1B[38;5;21;01manalyze#x1B[39;00m #x1B[38;5;28;01mas#x1B[39;00m #x1B[38;5;21;01man#x1B[39;00m
#x1B[0;32m      3#x1B[0m #x1B[38;5;28;01mimport#x1B[39;00m #x1B[38;5;21;01mfmdtools#x1B[39;00m#x1B[38;5;21;01m.#x1B[39;00m#x1B[38;5;21;01msim#x1B[39;00m#x1B[38;5;21;01m.#x1B[39;00m#x1B[38;5;21;01mpropagate#x1B[39;00m #x1B[38;5;28;01mas#x1B[39;00m #x1B[38;5;21;01mprop#x1B[39;00m

#x1B[1;31mModuleNotFoundError#x1B[0m: No module named 'fmdtools.sim.approach'</failure></testcase><testcase classname="examples.rover.optimization.Search_Comparison.ipynb" name="" time="3.234"><failure message="#x1B[1;31mModuleNotFoundError#x1B[0m: No module named 'fmdtools.sim.approach'">---------------------------------------------------------------------------
from search_rover import *
import pandas as pd
#x1B[1;31m---------------------------------------------------------------------------#x1B[0m
#x1B[1;31mModuleNotFoundError#x1B[0m                       Traceback (most recent call last)
Cell #x1B[1;32mIn[1], line 1#x1B[0m
#x1B[1;32m----&gt; 1#x1B[0m #x1B[38;5;28;01mfrom#x1B[39;00m #x1B[38;5;21;01msearch_rover#x1B[39;00m #x1B[38;5;28;01mimport#x1B[39;00m #x1B[38;5;241m*#x1B[39m
#x1B[0;32m      2#x1B[0m #x1B[38;5;28;01mimport#x1B[39;00m #x1B[38;5;21;01mpandas#x1B[39;00m #x1B[38;5;28;01mas#x1B[39;00m #x1B[38;5;21;01mpd#x1B[39;00m

File #x1B[1;32m~\Documents\GitHub\fmdtools\examples\rover\optimization\search_rover.py:10#x1B[0m
#x1B[0;32m      8#x1B[0m #x1B[38;5;28;01mimport#x1B[39;00m #x1B[38;5;21;01mfmdtools#x1B[39;00m#x1B[38;5;21;01m.#x1B[39;00m#x1B[38;5;21;01msim#x1B[39;00m#x1B[38;5;21;01m.#x1B[39;00m#x1B[38;5;21;01mpropagate#x1B[39;00m #x1B[38;5;28;01mas#x1B[39;00m #x1B[38;5;21;01mprop#x1B[39;00m
#x1B[0;32m      9#x1B[0m #x1B[38;5;28;01mimport#x1B[39;00m #x1B[38;5;21;01mfmdtools#x1B[39;00m#x1B[38;5;21;01m.#x1B[39;00m#x1B[38;5;21;01manalyze#x1B[39;00m #x1B[38;5;28;01mas#x1B[39;00m #x1B[38;5;21;01man#x1B[39;00m
#x1B[1;32m---&gt; 10#x1B[0m #x1B[38;5;28;01mfrom#x1B[39;00m #x1B[38;5;21;01mfmdtools#x1B[39;00m#x1B[38;5;21;01m.#x1B[39;00m#x1B[38;5;21;01msim#x1B[39;00m#x1B[38;5;21;01m.#x1B[39;00m#x1B[38;5;21;01mapproach#x1B[39;00m #x1B[38;5;28;01mimport#x1B[39;00m SampleApproach
#x1B[0;32m     11#x1B[0m #x1B[38;5;28;01mfrom#x1B[39;00m #x1B[38;5;21;01mfmdtools#x1B[39;00m#x1B[38;5;21;01m.#x1B[39;00m#x1B[38;5;21;01msim#x1B[39;00m#x1B[38;5;21;01m.#x1B[39;00m#x1B[38;5;21;01msearch#x1B[39;00m #x1B[38;5;28;01mimport#x1B[39;00m ProblemInterface
#x1B[0;32m     12#x1B[0m #x1B[38;5;28;01mimport#x1B[39;00m #x1B[38;5;21;01mexamples#x1B[39;00m#x1B[38;5;21;01m.#x1B[39;00m#x1B[38;5;21;01mrover#x1B[39;00m#x1B[38;5;21;01m.#x1B[39;00m#x1B[38;5;21;01mrover_model#x1B[39;00m #x1B[38;5;28;01mas#x1B[39;00m #x1B[38;5;21;01mrvr#x1B[39;00m

#x1B[1;31mModuleNotFoundError#x1B[0m: No module named 'fmdtools.sim.approach'</failure></testcase><testcase classname="examples.tank.Tank_Analysis.ipynb" name="" time="9.112" /><testcase classname="examples.tank.Tank_Optimization.ipynb" name="" time="4.192" /><testcase classname="examples.tank.test_tank.TankTests" name="test_approach" time="0.634" /><testcase classname="examples.tank.test_tank.TankTests" name="test_approach_parallelism_0" time="3.887" /><testcase classname="examples.tank.test_tank.TankTests" name="test_approach_parallelism_1" time="5.745" /><testcase classname="examples.tank.test_tank.TankTests" name="test_approach_parallelism_notrack" time="3.643" /><testcase classname="examples.tank.test_tank.TankTests" name="test_comp_mode_inj" time="0.028" /><testcase classname="examples.tank.test_tank.TankTests" name="test_different_components" time="0.014" /><testcase classname="examples.tank.test_tank.TankTests" name="test_epc_math" time="0.007" /><testcase classname="examples.tank.test_tank.TankTests" name="test_fault_sample_isave" time="0.895" /><testcase classname="examples.tank.test_tank.TankTests" name="test_fault_sample_save" time="0.575" /><testcase classname="examples.tank.test_tank.TankTests" name="test_local_tstep" time="0.046" /><testcase classname="examples.tank.test_tank.TankTests" name="test_model_copy_different" time="0.198" /><testcase classname="examples.tank.test_tank.TankTests" name="test_model_copy_same" time="0.269" /><testcase classname="examples.tank.test_tank.TankTests" name="test_model_reset" time="0.280" /><testcase classname="examples.tank.test_tank.TankTests" name="test_nested_sample_isave" time="5.811" /><testcase classname="examples.tank.test_tank.TankTests" name="test_nested_sample_save" time="5.703" /><testcase classname="examples.tank.test_tank.TankTests" name="test_param_sample_save" time="0.299" /><testcase classname="examples.tank.test_tank.TankTests" name="test_save_load_multfault" time="0.049" /><testcase classname="examples.tank.test_tank.TankTests" name="test_save_load_nominal" time="0.040" /><testcase classname="examples.tank.test_tank.TankTests" name="test_save_load_onefault" time="0.048" /><testcase classname="examples.tank.test_tank.TankTests" name="test_save_load_singlefaults" time="1.310" /><testcase classname="examples.tank.test_tank.TankTests" name="test_singlefaults_isave" time="2.115" /><testcase classname="examples.tank.test_tank.TankTests" name="test_tank_copy_args" time="0.018" /><testcase classname="fmdtools.analyze.history" name="fmdtools.analyze.history.History" time="0.006" /><testcase classname="fmdtools.analyze.history" name="fmdtools.analyze.history.History.cut" time="0.005" /><testcase classname="fmdtools.analyze.history" name="fmdtools.analyze.history.History.get_mean_bound_errhist" time="0.005" /><testcase classname="fmdtools.analyze.phases" name="fmdtools.analyze.phases.PhaseMap.calc_modephase_time" time="0.005" /><testcase classname="fmdtools.analyze.phases" name="fmdtools.analyze.phases.PhaseMap.calc_phase_time" time="0.004" /><testcase classname="fmdtools.analyze.phases" name="fmdtools.analyze.phases.PhaseMap.calc_samples_in_phases" time="0.004" /><testcase classname="fmdtools.analyze.phases" name="fmdtools.analyze.phases.PhaseMap.find_modephase" time="0.004" /><testcase classname="fmdtools.analyze.phases" name="fmdtools.analyze.phases.PhaseMap.get_phase_times" time="0.005" /><testcase classname="fmdtools.analyze.phases" name="fmdtools.analyze.phases.PhaseMap.get_sample_times" time="0.005" /><testcase classname="fmdtools.analyze.phases" name="fmdtools.analyze.phases.find_interval_overlap" time="0.005" /><testcase classname="fmdtools.analyze.phases" name="fmdtools.analyze.phases.join_phasemaps" time="0.005" /><testcase classname="fmdtools.analyze.result" name="fmdtools.analyze.result.Result" time="0.005" /><testcase classname="fmdtools.analyze.tabulate" name="fmdtools.analyze.tabulate.Comparison.__init__" time="0.368" /><testcase classname="fmdtools.define.coords" name="fmdtools.define.coords.Coords" time="0.006" /><testcase classname="fmdtools.define.coords" name="fmdtools.define.coords.Coords.copy" time="0.005" /><testcase classname="fmdtools.define.coords" name="fmdtools.define.coords.Coords.create_hist" time="0.005" /><testcase classname="fmdtools.define.coords" name="fmdtools.define.coords.Coords.find_all" time="0.005" /><testcase classname="fmdtools.define.coords" name="fmdtools.define.coords.Coords.find_closest" time="0.005" /><testcase classname="fmdtools.define.coords" name="fmdtools.define.coords.Coords.get" time="0.005" /><testcase classname="fmdtools.define.coords" name="fmdtools.define.coords.Coords.get_properties" time="0.005" /><testcase classname="fmdtools.define.coords" name="fmdtools.define.coords.Coords.in_area" time="0.005" /><testcase classname="fmdtools.define.coords" name="fmdtools.define.coords.Coords.set" time="0.005" /><testcase classname="fmdtools.define.coords" name="fmdtools.define.coords.Coords.set_pts" time="0.005" /><testcase classname="fmdtools.define.coords" name="fmdtools.define.coords.Coords.set_rand_pts" time="0.005" /><testcase classname="fmdtools.define.coords" name="fmdtools.define.coords.Coords.set_range" time="0.005" /><testcase classname="fmdtools.define.coords" name="fmdtools.define.coords.Coords.to_gridpoint" time="0.005" /><testcase classname="fmdtools.define.coords" name="fmdtools.define.coords.Coords.to_index" time="0.005" /><testcase classname="fmdtools.define.coords" name="fmdtools.define.coords.CoordsParam" time="0.005" /><testcase classname="fmdtools.define.environment" name="fmdtools.define.environment.Environment" time="0.006" /><testcase classname="fmdtools.define.environment" name="fmdtools.define.environment.Environment.copy" time="0.006" /><testcase classname="fmdtools.define.environment" name="fmdtools.define.environment.Environment.create_hist" time="0.005" /><testcase classname="fmdtools.define.geom" name="fmdtools.define.geom.Geom.all_at" time="0.005" /><testcase classname="fmdtools.define.geom" name="fmdtools.define.geom.Geom.vect_at_shape" time="0.005" /><testcase classname="fmdtools.define.geom" name="fmdtools.define.geom.Geom.vect_to_shape" time="0.006" /><testcase classname="fmdtools.define.geom" name="fmdtools.define.geom.GeomArch" time="0.009" /><testcase classname="fmdtools.define.geom" name="fmdtools.define.geom.GeomArch.all_at" time="0.006" /><testcase classname="fmdtools.define.geom" name="fmdtools.define.geom.GeomArch.create_hist" time="0.005" /><testcase classname="fmdtools.define.geom" name="fmdtools.define.geom.GeomArch.return_mutables" time="0.005" /><testcase classname="fmdtools.define.geom" name="fmdtools.define.geom.GeomLine" time="0.004" /><testcase classname="fmdtools.define.geom" name="fmdtools.define.geom.GeomPoint" time="0.005" /><testcase classname="fmdtools.define.geom" name="fmdtools.define.geom.GeomPoly" time="0.005" /><testcase classname="fmdtools.define.geom" name="fmdtools.define.geom.LineParam" time="0.005" /><testcase classname="fmdtools.define.geom" name="fmdtools.define.geom.PointParam" time="0.005" /><testcase classname="fmdtools.define.geom" name="fmdtools.define.geom.PolyParam" time="0.006" /><testcase classname="fmdtools.define.mode" name="fmdtools.define.mode.Fault.calc_rate" time="0.005" /><testcase classname="fmdtools.define.mode" name="fmdtools.define.mode.Mode" time="0.005" /><testcase classname="fmdtools.define.parameter" name="fmdtools.define.parameter.Parameter" time="0.005" /><testcase classname="fmdtools.define.state" name="fmdtools.define.state.State" time="0.005" /><testcase classname="fmdtools.define.state" name="fmdtools.define.state.State.add" time="0.005" /><testcase classname="fmdtools.define.state" name="fmdtools.define.state.State.assign" time="0.005" /><testcase classname="fmdtools.define.state" name="fmdtools.define.state.State.div" time="0.005" /><testcase classname="fmdtools.define.state" name="fmdtools.define.state.State.get" time="0.009" /><testcase classname="fmdtools.define.state" name="fmdtools.define.state.State.inc" time="0.005" /><testcase classname="fmdtools.define.state" name="fmdtools.define.state.State.limit" time="0.004" /><testcase classname="fmdtools.define.state" name="fmdtools.define.state.State.mul" time="0.004" /><testcase classname="fmdtools.define.state" name="fmdtools.define.state.State.put" time="0.004" /><testcase classname="fmdtools.define.state" name="fmdtools.define.state.State.roundto" time="0.004" /><testcase classname="fmdtools.define.state" name="fmdtools.define.state.State.same" time="0.005" /><testcase classname="fmdtools.define.state" name="fmdtools.define.state.State.set_atts" time="0.004" /><testcase classname="fmdtools.define.state" name="fmdtools.define.state.State.sub" time="0.004" /><testcase classname="fmdtools.sim.sample" name="fmdtools.sim.sample.FaultDomain.add_all" time="0.009" /><testcase classname="fmdtools.sim.sample" name="fmdtools.sim.sample.FaultDomain.add_all_fxn_modes" time="0.008" /><testcase classname="fmdtools.sim.sample" name="fmdtools.sim.sample.FaultDomain.add_all_fxnclass_modes" time="0.008" /><testcase classname="fmdtools.sim.sample" name="fmdtools.sim.sample.FaultDomain.add_faults" time="0.014" /><testcase classname="fmdtools.sim.sample" name="fmdtools.sim.sample.FaultDomain.add_singlecomp_modes" time="0.014" /><testcase classname="fmdtools.sim.sample" name="fmdtools.sim.sample.FaultSample.add_fault_phases" time="0.009" /><testcase classname="fmdtools.sim.sample" name="fmdtools.sim.sample.FaultSample.add_fault_times" time="0.009" /><testcase classname="fmdtools.sim.sample" name="fmdtools.sim.sample.FaultSample.add_joint_fault_scenario" time="0.008" /><testcase classname="fmdtools.sim.sample" name="fmdtools.sim.sample.FaultSample.add_single_fault_scenario" time="0.008" /><testcase classname="fmdtools.sim.sample" name="fmdtools.sim.sample.ParameterDomain" time="0.005" /><testcase classname="fmdtools.sim.sample" name="fmdtools.sim.sample.ParameterDomain.get_var_iters" time="0.005" /><testcase classname="fmdtools.sim.sample" name="fmdtools.sim.sample.ParameterSample.add_variable_ranges" time="0.005" /><testcase classname="fmdtools.sim.sample" name="fmdtools.sim.sample.ParameterSample.add_variable_replicates" time="0.005" /><testcase classname="fmdtools.sim.sample" name="fmdtools.sim.sample.ParameterSample.add_variable_scenario" time="0.005" /><testcase classname="fmdtools.sim.sample" name="fmdtools.sim.sample.ParameterSample.combine_orthogonal" time="0.005" /><testcase classname="fmdtools.sim.sample" name="fmdtools.sim.sample.ParameterSample.combine_product" time="0.004" /><testcase classname="fmdtools.sim.sample" name="fmdtools.sim.sample.ParameterSample.combine_random" time="0.005" /><testcase classname="fmdtools.sim.sample" name="fmdtools.sim.sample.SampleApproach.add_faultdomain" time="0.008" /><testcase classname="fmdtools.sim.sample" name="fmdtools.sim.sample.SampleApproach.add_faultsample" time="0.009" /><testcase classname="fmdtools.sim.sample" name="fmdtools.sim.sample.combine_orthogonal" time="0.004" /><testcase classname="fmdtools.sim.sample" name="fmdtools.sim.sample.combine_random" time="0.005" /><testcase classname="fmdtools.sim.sample" name="fmdtools.sim.sample.sample_times_even" time="0.005" /><testcase classname="fmdtools.sim.sample" name="fmdtools.sim.sample.sample_times_quad" time="0.005" /><testcase classname="fmdtools.sim.scenario" name="fmdtools.sim.scenario.Sequence" time="0.005" /><testcase classname="fmdtools.sim.scenario" name="fmdtools.sim.scenario.Sequence.update_sequence" time="0.004" /><testcase classname="tests.test_graph.ModelGraphTests" name="test_fault_plot" time="0.088" /><testcase classname="tests.test_graph.ModelGraphTests" name="test_flowgraph_plot" time="0.081" /><testcase classname="tests.test_graph.ModelGraphTests" name="test_fxngraph_plot" time="0.069" /><testcase classname="tests.test_graph.ModelGraphTests" name="test_modelgraph_plot" time="0.137" /><testcase classname="tests.test_graph.ModelGraphTests" name="test_result_from_plot" time="0.072" /><testcase classname="tests.test_graph.ModelGraphTests" name="test_typegraph_plot" time="0.049" /><testcase classname="tests.test_packages.define_Tests" name="test_pdf_translation_options" time="0.003" /></testsuite></testsuites>