<?xml version="1.0" encoding="utf-8"?><testsuites><testsuite name="pytest" errors="0" failures="0" skipped="0" tests="3" time="16.275" timestamp="2024-10-22T15:27:33.574309" hostname="starlight"><testcase classname="examples.eps.test_eps.epsTests" name="test_all_faults" time="0.475" /><testcase classname="examples.eps.test_eps.epsTests" name="test_backward_fault_prop_1" time="0.034" /><testcase classname="examples.eps.test_eps.epsTests" name="test_backward_fault_prop_2" time="0.035" /><testcase time="0.000" /></testsuite></testsuites>