<?xml version="1.0" encoding="utf-8"?><testsuites><testsuite name="pytest" errors="0" failures="0" skipped="0" tests="0" time="3.913" timestamp="2024-10-22T08:39:59.527144" hostname="starlight" /></testsuites>