<?xml version="1.0" encoding="utf-8"?><testsuites><testsuite name="pytest" errors="2" failures="4" skipped="3" tests="295" time="2110.685" timestamp="2024-06-12T14:05:30.476133" hostname="starlight"><testcase classname="" name="examples.pump.jointfaults_ex" time="0.000"><error message="collection failure">#x1B[31mImportError while importing test module 'C:\Users\dhulse\Documents\GitHub\fmdtools\examples\pump\jointfaults_ex.py'.
Hint: make sure your test modules/packages have valid Python names.
Traceback:
#x1B[1m#x1B[31m..\..\..\AppData\Local\anaconda3\envs\fmdtools\Lib\importlib\__init__.py#x1B[0m:126: in import_module
    #x1B[0m#x1B[94mreturn#x1B[39;49;00m _bootstrap._gcd_import(name[level:], package, level)#x1B[90m#x1B[39;49;00m
#x1B[1m#x1B[31mexamples\pump\jointfaults_ex.py#x1B[0m:14: in &lt;module&gt;
    #x1B[0m#x1B[94mfrom#x1B[39;49;00m #x1B[04m#x1B[96mex_pump#x1B[39;49;00m #x1B[94mimport#x1B[39;49;00m Pump  #x1B[90m# required to import entire module#x1B[39;49;00m#x1B[90m#x1B[39;49;00m
#x1B[1m#x1B[31mE   ModuleNotFoundError: No module named 'ex_pump'#x1B[0m#x1B[0m</error></testcase><testcase classname="" name="examples.pump.parallelism_methods" time="0.000"><error message="collection failure">#x1B[31mImportError while importing test module 'C:\Users\dhulse\Documents\GitHub\fmdtools\examples\pump\parallelism_methods.py'.
Hint: make sure your test modules/packages have valid Python names.
Traceback:
#x1B[1m#x1B[31m..\..\..\AppData\Local\anaconda3\envs\fmdtools\Lib\importlib\__init__.py#x1B[0m:126: in import_module
    #x1B[0m#x1B[94mreturn#x1B[39;49;00m _bootstrap._gcd_import(name[level:], package, level)#x1B[90m#x1B[39;49;00m
#x1B[1m#x1B[31mexamples\pump\parallelism_methods.py#x1B[0m:8: in &lt;module&gt;
    #x1B[0m#x1B[94mfrom#x1B[39;49;00m #x1B[04m#x1B[96mex_pump#x1B[39;49;00m #x1B[94mimport#x1B[39;49;00m Pump, PumpParam#x1B[90m#x1B[39;49;00m
#x1B[1m#x1B[31mE   ModuleNotFoundError: No module named 'ex_pump'#x1B[0m#x1B[0m</error></testcase><testcase classname="examples.asg_demo.Action_Sequence_Graph.ipynb" name="" time="7.287" /><testcase classname="examples.eps.EPS_Example_Notebook.ipynb" name="" time="5.310" /><testcase classname="examples.eps.test_eps.epsTests" name="test_all_faults" time="0.391" /><testcase classname="examples.eps.test_eps.epsTests" name="test_backward_fault_prop_1" time="0.030" /><testcase classname="examples.eps.test_eps.epsTests" name="test_backward_fault_prop_2" time="0.030" /><testcase classname="examples.eps.test_eps.epsTests" name="test_fault_app" time="114.579" /><testcase classname="examples.eps.test_eps.epsTests" name="test_multfault_saving" time="0.177" /><testcase classname="examples.eps.test_eps.epsTests" name="test_nominal_saving" time="0.135" /><testcase classname="examples.eps.test_eps.epsTests" name="test_pickleability" time="0.016" /><testcase classname="examples.eps.test_eps.epsTests" name="test_save_load_onefault" time="0.151" /><testcase classname="examples.eps.test_eps.epsTests" name="test_save_load_singlefaults" time="2.117" /><testcase classname="examples.multiflow_demo.Multiflow_and_Commsflow_Demonstration.ipynb" name="" time="3.892" /><testcase classname="examples.multiflow_demo.test_multiflow.define_Tests" name="test_multiflow_combination" time="0.056" /><testcase classname="examples.multiflow_demo.test_multiflow.define_Tests" name="test_multiflow_passing" time="0.054" /><testcase classname="examples.multiflow_demo.test_multiflow.define_Tests" name="test_mutliflow_copying" time="0.065" /><testcase classname="examples.multirotor.Demonstration.ipynb" name="" time="31.092" /><testcase classname="examples.multirotor.Multirotor_Optimization.ipynb" name="" time="48.557" /><testcase classname="examples.multirotor.Urban_Drone_Demo.ipynb" name="" time="180.899" /><testcase classname="examples.multirotor.drone_mdl_dynamic" name="examples.multirotor.drone_mdl_dynamic.AffectDOF.inc_pos" time="0.015" /><testcase classname="examples.multirotor.drone_mdl_dynamic" name="examples.multirotor.drone_mdl_dynamic.PlanPath.assign_vectdist_to_goal" time="0.011" /><testcase classname="examples.multirotor.drone_mdl_dynamic" name="examples.multirotor.drone_mdl_dynamic.PlanPath.calc_dist_to_goal" time="0.011" /><testcase classname="examples.multirotor.drone_mdl_dynamic" name="examples.multirotor.drone_mdl_dynamic.SightGrid" time="0.169" /><testcase classname="examples.multirotor.drone_mdl_hierarchical" name="examples.multirotor.drone_mdl_hierarchical.AffectDOF.calc_pwr" time="0.015" /><testcase classname="examples.multirotor.drone_mdl_hierarchical" name="examples.multirotor.drone_mdl_hierarchical.LineArchParam" time="0.009" /><testcase classname="examples.multirotor.drone_mdl_static" name="examples.multirotor.drone_mdl_static.AffectDOF.static_behavior" time="0.011" /><testcase classname="examples.multirotor.drone_mdl_static" name="examples.multirotor.drone_mdl_static.CtlDOF.static_behavior" time="0.011" /><testcase classname="examples.multirotor.drone_mdl_static" name="examples.multirotor.drone_mdl_static.DesTrajState.dist2d" time="0.008" /><testcase classname="examples.multirotor.drone_mdl_static" name="examples.multirotor.drone_mdl_static.DesTrajState.unit_vect2d" time="0.009" /><testcase classname="examples.multirotor.drone_mdl_static" name="examples.multirotor.drone_mdl_static.DistEE.static_behavior" time="0.012" /><testcase classname="examples.multirotor.drone_mdl_static" name="examples.multirotor.drone_mdl_static.HoldPayload.static_behavior" time="0.011" /><testcase classname="examples.multirotor.drone_mdl_static" name="examples.multirotor.drone_mdl_static.PlanPath.static_behavior" time="0.010" /><testcase classname="examples.multirotor.test_multirotor.DroneParameterTests" name="test_objectives" time="0.272" /><testcase classname="examples.multirotor.test_multirotor.DroneParameterTests" name="test_param_domain_1" time="0.001" /><testcase classname="examples.multirotor.test_multirotor.DroneParameterTests" name="test_param_domain_2" time="0.001" /><testcase classname="examples.multirotor.test_multirotor.DroneParameterTests" name="test_set_constraints_1" time="0.001" /><testcase classname="examples.multirotor.test_multirotor.DroneParameterTests" name="test_set_constraints_2" time="0.001" /><testcase classname="examples.multirotor.test_multirotor.DroneParameterTests" name="test_sim_mdl" time="0.145" /><testcase classname="examples.multirotor.test_multirotor.DroneScenarioTest" name="test_scenprob_results" time="0.506" /><testcase classname="examples.multirotor.test_multirotor.DroneScenarioTest2" name="test_scenprob_results" time="0.322" /><testcase classname="examples.multirotor.test_multirotor.DroneScenarioTest3" name="test_scenprob_results" time="0.326" /><testcase classname="examples.multirotor.test_multirotor.DroneDisturbanceTest" name="test_disturbance_set" time="0.225" /><testcase classname="examples.pump.Optimization.ipynb" name="" time="66.457" /><testcase classname="examples.pump.Parallelism_Tutorial.ipynb" name="" time="76.272" /><testcase classname="examples.pump.Pump_Example_Notebook.ipynb" name="" time="22.837" /><testcase classname="examples.pump.Stochastic_Modelling.ipynb" name="" time="129.345" /><testcase classname="examples.pump.Tutorial_complete.ipynb" name="" time="6.836" /><testcase classname="examples.pump.ex_pump" name="examples.pump.ex_pump.accumulate" time="0.009" /><testcase classname="examples.pump.ex_pump" name="examples.pump.ex_pump.reseting_accumulate" time="0.008" /><testcase classname="examples.pump.test_pump.PumpTests" name="test_app_prop_values" time="0.295" /><testcase classname="examples.pump.test_pump.PumpTests" name="test_approach_cost_calc" time="28.480" /><testcase classname="examples.pump.test_pump.PumpTests" name="test_approach_parallelism" time="21.458" /><testcase classname="examples.pump.test_pump.PumpTests" name="test_dynamic_prop_values" time="0.286" /><testcase classname="examples.pump.test_pump.PumpTests" name="test_dynamic_prop_values_2" time="0.547" /><testcase classname="examples.pump.test_pump.PumpTests" name="test_fault_sample_isave" time="3.972" /><testcase classname="examples.pump.test_pump.PumpTests" name="test_fault_sample_save" time="3.491" /><testcase classname="examples.pump.test_pump.PumpTests" name="test_fmea_options" time="0.471" /><testcase classname="examples.pump.test_pump.PumpTests" name="test_hist_tracking_setup" time="0.038" /><testcase classname="examples.pump.test_pump.PumpTests" name="test_model_copy_different" time="1.313" /><testcase classname="examples.pump.test_pump.PumpTests" name="test_model_copy_same" time="2.502" /><testcase classname="examples.pump.test_pump.PumpTests" name="test_model_reset" time="0.001"><skipped type="pytest.skip" message="Reset not fully implemented yet and unused throughout.">C:\Users\dhulse\Documents\GitHub\fmdtools\examples\pump\test_pump.py:120: Reset not fully implemented yet and unused throughout.</skipped></testcase><testcase classname="examples.pump.test_pump.PumpTests" name="test_nested_sample_isave" time="36.325" /><testcase classname="examples.pump.test_pump.PumpTests" name="test_nested_sample_save" time="36.139" /><testcase classname="examples.pump.test_pump.PumpTests" name="test_nominal_save" time="0.207" /><testcase classname="examples.pump.test_pump.PumpTests" name="test_one_run_csv" time="0.117" /><testcase classname="examples.pump.test_pump.PumpTests" name="test_one_run_json" time="0.115" /><testcase classname="examples.pump.test_pump.PumpTests" name="test_one_run_pickle" time="0.118" /><testcase classname="examples.pump.test_pump.PumpTests" name="test_onefault_save" time="0.324" /><testcase classname="examples.pump.test_pump.PumpTests" name="test_param_sample" time="0.021" /><testcase classname="examples.pump.test_pump.PumpTests" name="test_param_sample_isave" time="1.623" /><testcase classname="examples.pump.test_pump.PumpTests" name="test_param_sample_save" time="1.428" /><testcase classname="examples.pump.test_pump.PumpTests" name="test_pickleability" time="0.026" /><testcase classname="examples.pump.test_pump.PumpTests" name="test_save_load_multfault" time="0.327" /><testcase classname="examples.pump.test_pump.PumpTests" name="test_single_faults_isave" time="1.484" /><testcase classname="examples.pump.test_pump.PumpTests" name="test_single_faults_save" time="1.311" /><testcase classname="examples.pump.test_pump.PumpTests" name="test_value_setting" time="0.020" /><testcase classname="examples.pump.test_pump.PumpTests" name="test_value_setting_dict" time="0.021" /><testcase classname="examples.pump.test_pump.IndivPumpTests" name="test_mutable_setup" time="0.024" /><testcase classname="examples.pump.test_pump_example.ImportEE_Tests" name="test_behave_inf_v" time="0.003" /><testcase classname="examples.pump.test_pump_example.ImportEE_Tests" name="test_behave_no_v" time="0.002" /><testcase classname="examples.pump.test_pump_example.ImportEE_Tests" name="test_behave_nom" time="0.002" /><testcase classname="examples.pump.test_pump_example.ImportEE_Tests" name="test_condfaults_hi" time="0.002" /><testcase classname="examples.pump.test_pump_example.ImportEE_Tests" name="test_condfaults_nom" time="0.002" /><testcase classname="examples.pump.test_pump_example.ImportEE_Tests" name="test_initialization" time="0.002" /><testcase classname="examples.pump.test_pump_example.MoveWat_Tests" name="test_condfaults_dynamic" time="0.004" /><testcase classname="examples.pump.test_pump_example.MoveWat_Tests" name="test_initialization" time="0.003" /><testcase classname="examples.pump.test_pump_example.MoveWat_Tests" name="test_nom" time="0.004" /><testcase classname="examples.pump.test_pump_example.Integration_Tests" name="test_blockage_results" time="0.182" /><testcase classname="examples.pump.test_pump_example.Integration_Tests" name="test_blockage_static" time="0.016" /><testcase classname="examples.pump.test_pump_example.Integration_Tests" name="test_nominal_results" time="0.093" /><testcase classname="examples.pump.test_pump_stochastic.StochasticPumpTests" name="test_mdl_pickle" time="0.642" /><testcase classname="examples.pump.test_pump_stochastic.StochasticPumpTests" name="test_model_copy_different" time="1.444" /><testcase classname="examples.pump.test_pump_stochastic.StochasticPumpTests" name="test_model_copy_same" time="2.329" /><testcase classname="examples.pump.test_pump_stochastic.StochasticPumpTests" name="test_model_reset" time="0.001"><skipped type="pytest.skip" message="Reset not fully implemented yet and unused throughout.">C:\Users\dhulse\Documents\GitHub\fmdtools\examples\pump\test_pump_stochastic.py:99: Reset not fully implemented yet and unused throughout.</skipped></testcase><testcase classname="examples.pump.test_pump_stochastic.StochasticPumpTests" name="test_model_set_vars" time="0.019" /><testcase classname="examples.pump.test_pump_stochastic.StochasticPumpTests" name="test_nested_sample_isave" time="77.749" /><testcase classname="examples.pump.test_pump_stochastic.StochasticPumpTests" name="test_nested_sample_save" time="78.143" /><testcase classname="examples.pump.test_pump_stochastic.StochasticPumpTests" name="test_param_sample_isave" time="8.071" /><testcase classname="examples.pump.test_pump_stochastic.StochasticPumpTests" name="test_param_sample_save" time="8.196" /><testcase classname="examples.pump.test_pump_stochastic.StochasticPumpTests" name="test_plot_nested_hists" time="9.945" /><testcase classname="examples.pump.test_pump_stochastic.StochasticPumpTests" name="test_plot_nominal_vals" time="0.969" /><testcase classname="examples.pump.test_pump_stochastic.StochasticPumpTests" name="test_plot_nominal_vals_xd" time="51.887" /><testcase classname="examples.pump.test_pump_stochastic.StochasticPumpTests" name="test_rand_paramsample_plot" time="4.870" /><testcase classname="examples.pump.test_pump_stochastic.StochasticPumpTests" name="test_run_approach" time="65.474" /><testcase classname="examples.pump.test_pump_stochastic.StochasticPumpTests" name="test_run_safety" time="5.011" /><testcase classname="examples.pump.test_pump_stochastic.StochasticPumpTests" name="test_set_seeds" time="0.064" /><testcase classname="examples.pump.test_pump_stochastic.StochasticPumpTests" name="test_stochastic_pdf" time="0.027" /><testcase classname="examples.rover.FaultSample_Use-Cases.ipynb" name="" time="5.694" /><testcase classname="examples.rover.HFAC_Analyses.HFAC_Analyses.ipynb" name="" time="160.954" /><testcase classname="examples.rover.HFAC_Analyses.IDETC_Human_Paper_Analysis.ipynb" name="" time="185.271" /><testcase classname="examples.rover.Model_Structure_Visualization_Tutorial.ipynb" name="" time="40.393" /><testcase classname="examples.rover.ParameterSample_Use-Cases.ipynb" name="" time="160.517" /><testcase classname="examples.rover.Rover_Setup_Notebook.ipynb" name="" time="32.155" /><testcase classname="examples.rover.degradation_modelling.Degradation_Modelling_Notebook.ipynb" name="" time="213.191" /><testcase classname="examples.rover.rover_model" name="examples.rover.rover_model.Drive.drive_nominal" time="0.036" /><testcase classname="examples.rover.rover_model_human" name="examples.rover.rover_model_human.Comprehend" time="0.010" /><testcase classname="examples.rover.rover_model_human" name="examples.rover.rover_model_human.Decide" time="0.010" /><testcase classname="examples.rover.rover_model_human" name="examples.rover.rover_model_human.HumanActions" time="0.019" /><testcase classname="examples.rover.rover_model_human" name="examples.rover.rover_model_human.Look" time="0.009" /><testcase classname="examples.rover.rover_model_human" name="examples.rover.rover_model_human.Percieve" time="0.011" /><testcase classname="examples.rover.rover_model_human" name="examples.rover.rover_model_human.Press" time="0.010" /><testcase classname="examples.rover.rover_model_human" name="examples.rover.rover_model_human.Project" time="0.010" /><testcase classname="examples.rover.test_rover.RoverTests" name="test_obj_values" time="2.934" /><testcase classname="examples.tank.Tank_Analysis.ipynb" name="" time="19.048" /><testcase classname="examples.tank.test_tank.TankTests" name="test_approach" time="2.528" /><testcase classname="examples.tank.test_tank.TankTests" name="test_approach_parallelism_0" time="7.104" /><testcase classname="examples.tank.test_tank.TankTests" name="test_approach_parallelism_1" time="11.420" /><testcase classname="examples.tank.test_tank.TankTests" name="test_approach_parallelism_notrack" time="7.152" /><testcase classname="examples.tank.test_tank.TankTests" name="test_comp_mode_inj" time="0.122" /><testcase classname="examples.tank.test_tank.TankTests" name="test_different_components" time="0.049" /><testcase classname="examples.tank.test_tank.TankTests" name="test_epc_math" time="0.030" /><testcase classname="examples.tank.test_tank.TankTests" name="test_fault_sample_isave" time="3.284" /><testcase classname="examples.tank.test_tank.TankTests" name="test_fault_sample_save" time="2.755" /><testcase classname="examples.tank.test_tank.TankTests" name="test_local_tstep" time="0.218" /><testcase classname="examples.tank.test_tank.TankTests" name="test_model_copy_different" time="0.800" /><testcase classname="examples.tank.test_tank.TankTests" name="test_model_copy_same" time="1.450" /><testcase classname="examples.tank.test_tank.TankTests" name="test_model_reset" time="0.001"><skipped type="pytest.skip" message="Reset not fully implemented yet and unused throughout.">C:\Users\dhulse\Documents\GitHub\fmdtools\examples\tank\test_tank.py:52: Reset not fully implemented yet and unused throughout.</skipped></testcase><testcase classname="examples.tank.test_tank.TankTests" name="test_nested_sample_isave" time="24.519" /><testcase classname="examples.tank.test_tank.TankTests" name="test_nested_sample_save" time="20.042" /><testcase classname="examples.tank.test_tank.TankTests" name="test_param_sample_save" time="0.897" /><testcase classname="examples.tank.test_tank.TankTests" name="test_save_load_multfault" time="0.182" /><testcase classname="examples.tank.test_tank.TankTests" name="test_save_load_nominal" time="0.144" /><testcase classname="examples.tank.test_tank.TankTests" name="test_save_load_onefault" time="0.194" /><testcase classname="examples.tank.test_tank.TankTests" name="test_save_load_singlefaults" time="1.213" /><testcase classname="examples.tank.test_tank.TankTests" name="test_singlefaults_isave" time="1.438" /><testcase classname="examples.tank.test_tank.TankTests" name="test_tank_copy_args" time="0.048" /><testcase classname="examples.taxiway.Paper_Notebook.ipynb" name="" time="18.037" /><testcase classname="examples.taxiway.test_asset.AssetTests" name="test_avoid" time="0.097" /><testcase classname="examples.taxiway.test_asset.AssetTests" name="test_avoid_plot" time="0.471" /><testcase classname="examples.taxiway.test_asset.AssetTests" name="test_heli_cycle" time="0.045" /><testcase classname="examples.taxiway.test_asset.AssetTests" name="test_heli_cycle_plot" time="0.317" /><testcase classname="examples.taxiway.test_asset.AssetTests" name="test_lost_sight" time="0.607" /><testcase classname="examples.taxiway.test_asset.AssetTests" name="test_lost_sight_plot" time="0.689" /><testcase classname="examples.taxiway.test_asset.AssetTests" name="test_one_cycle" time="0.066" /><testcase classname="examples.taxiway.test_asset.AssetTests" name="test_one_cycle_plot" time="0.243" /><testcase classname="examples.taxiway.test_model.ModelTests" name="test_atc_lost_ground_perception" time="2.316" /><testcase classname="examples.taxiway.test_model.ModelTests" name="test_atc_lost_ground_perception_plot" time="2.401" /><testcase classname="examples.taxiway.test_model.ModelTests" name="test_atc_wrong_land_command" time="2.590" /><testcase classname="examples.taxiway.test_model.ModelTests" name="test_atc_wrong_land_command_lost_sight" time="2.346" /><testcase classname="examples.taxiway.test_model.ModelTests" name="test_atc_wrong_land_command_sight_plot" time="3.190" /><testcase classname="examples.taxiway.test_model.ModelTests" name="test_default_plots" time="2.455" /><testcase classname="examples.taxiway.test_model.ModelTests" name="test_scen" time="0.404" /><testcase classname="fmdtools.analyze.common" name="fmdtools.analyze.common.is_bool" time="0.006" /><testcase classname="fmdtools.analyze.common" name="fmdtools.analyze.common.is_numeric" time="0.005" /><testcase classname="fmdtools.analyze.common" name="fmdtools.analyze.common.join_key" time="0.004" /><testcase classname="fmdtools.analyze.common" name="fmdtools.analyze.common.nan_to_x" time="0.004" /><testcase classname="fmdtools.analyze.common" name="fmdtools.analyze.common.to_include_keys" time="0.004"><failure message="046 &#10;047     Determine dict keys to include from Result given nested to_include dictionary.&#10;048 &#10;049     Examples&#10;050     --------&#10;051     &gt;&gt;&gt; to_include_keys({&quot;a&quot;:{&quot;b&quot;: &quot;c&quot;}})&#10;052     ('a.b.c',)&#10;053     &gt;&gt;&gt; to_include_keys({&quot;a&quot;:{&quot;b&quot;: {&quot;c&quot;, &quot;d&quot;, &quot;e&quot;}}})&#10;Expected:&#10;    ('a.b.c', 'a.b.e', 'a.b.d')&#10;Got:&#10;    ('a.b.e', 'a.b.c', 'a.b.d')&#10;&#10;#x1B[1m#x1B[31mC:\Users\dhulse\Documents\GitHub\fmdtools\fmdtools\analyze\common.py#x1B[0m:53: DocTestFailure">046 
047     Determine dict keys to include from Result given nested to_include dictionary.
048 
049     Examples
050     --------
051     &gt;&gt;&gt; to_include_keys({"a":{"b": "c"}})
052     ('a.b.c',)
053     &gt;&gt;&gt; to_include_keys({"a":{"b": {"c", "d", "e"}}})
Expected:
    ('a.b.c', 'a.b.e', 'a.b.d')
Got:
    ('a.b.e', 'a.b.c', 'a.b.d')

#x1B[1m#x1B[31mC:\Users\dhulse\Documents\GitHub\fmdtools\fmdtools\analyze\common.py#x1B[0m:53: DocTestFailure</failure></testcase><testcase classname="fmdtools.analyze.graph.base" name="fmdtools.analyze.graph.base.Graph" time="0.137"><failure message="061     Parameters&#10;062     ----------&#10;063     g: networkx.Graph&#10;064         Graph to analyze.&#10;065 &#10;066     Examples&#10;067     --------&#10;068     &gt;&gt;&gt; graph = Graph(ex_nxgraph)&#10;069     &gt;&gt;&gt; graph.set_pos(auto='kamada_kawai')&#10;070     &gt;&gt;&gt; fig, ax = graph.draw(saveas='../../../docs/figures/frdl/nx_funcdecomp.svg')&#10;UNEXPECTED EXCEPTION: FileNotFoundError(2, 'No such file or directory')&#10;Traceback (most recent call last):&#10;  File &quot;C:\Users\dhulse\AppData\Local\anaconda3\envs\fmdtools\Lib\doctest.py&quot;, line 1355, in __run&#10;    exec(compile(example.source, filename, &quot;single&quot;,&#10;  File &quot;&lt;doctest fmdtools.analyze.graph.base.Graph[2]&gt;&quot;, line 1, in &lt;module&gt;&#10;  File &quot;C:\Users\dhulse\Documents\GitHub\fmdtools\fmdtools\analyze\graph\base.py&quot;, line 338, in draw&#10;    nx_plot_ending(fig, ax, title, withlegend, saveas=saveas,&#10;  File &quot;C:\Users\dhulse\Documents\GitHub\fmdtools\fmdtools\analyze\graph\style.py&quot;, line 58, in nx_plot_ending&#10;    fig.savefig(saveas, bbox_inches='tight')&#10;  File &quot;C:\Users\dhulse\AppData\Local\anaconda3\envs\fmdtools\Lib\site-packages\matplotlib\figure.py&quot;, line 3388, in savefig&#10;    self.canvas.print_figure(fname, **kwargs)&#10;  File &quot;C:\Users\dhulse\AppData\Local\anaconda3\envs\fmdtools\Lib\site-packages\matplotlib\backend_bases.py&quot;, line 2218, in print_figure&#10;    result = print_method(&#10;             ^^^^^^^^^^^^^&#10;  File &quot;C:\Users\dhulse\AppData\Local\anaconda3\envs\fmdtools\Lib\site-packages\matplotlib\backend_bases.py&quot;, line 2068, in &lt;lambda&gt;&#10;    print_method = functools.wraps(meth)(lambda *args, **kwargs: meth(&#10;                                                                 ^^^^^&#10;  File &quot;C:\Users\dhulse\AppData\Local\anaconda3\envs\fmdtools\Lib\site-packages\matplotlib\backends\backend_svg.py&quot;, line 1328, in print_svg&#10;    with cbook.open_file_cm(filename, &quot;w&quot;, encoding=&quot;utf-8&quot;) as fh:&#10;         ^^^^^^^^^^^^^^^^^^^^^^^^^^^^^^^^^^^^^^^^^^^^^^^^^^^&#10;  File &quot;C:\Users\dhulse\AppData\Local\anaconda3\envs\fmdtools\Lib\site-packages\matplotlib\cbook.py&quot;, line 497, in open_file_cm&#10;    fh, opened = to_filehandle(path_or_file, mode, True, encoding)&#10;                 ^^^^^^^^^^^^^^^^^^^^^^^^^^^^^^^^^^^^^^^^^^^^^^^^^&#10;  File &quot;C:\Users\dhulse\AppData\Local\anaconda3\envs\fmdtools\Lib\site-packages\matplotlib\cbook.py&quot;, line 483, in to_filehandle&#10;    fh = open(fname, flag, encoding=encoding)&#10;         ^^^^^^^^^^^^^^^^^^^^^^^^^^^^^^^^^^^^&#10;FileNotFoundError: [Errno 2] No such file or directory: '../../../docs/figures/frdl/nx_funcdecomp.svg'&#10;#x1B[1m#x1B[31mC:\Users\dhulse\Documents\GitHub\fmdtools\fmdtools\analyze\graph\base.py#x1B[0m:70: UnexpectedException">061     Parameters
062     ----------
063     g: networkx.Graph
064         Graph to analyze.
065 
066     Examples
067     --------
068     &gt;&gt;&gt; graph = Graph(ex_nxgraph)
069     &gt;&gt;&gt; graph.set_pos(auto='kamada_kawai')
070     &gt;&gt;&gt; fig, ax = graph.draw(saveas='../../../docs/figures/frdl/nx_funcdecomp.svg')
UNEXPECTED EXCEPTION: FileNotFoundError(2, 'No such file or directory')
Traceback (most recent call last):
  File "C:\Users\dhulse\AppData\Local\anaconda3\envs\fmdtools\Lib\doctest.py", line 1355, in __run
    exec(compile(example.source, filename, "single",
  File "&lt;doctest fmdtools.analyze.graph.base.Graph[2]&gt;", line 1, in &lt;module&gt;
  File "C:\Users\dhulse\Documents\GitHub\fmdtools\fmdtools\analyze\graph\base.py", line 338, in draw
    nx_plot_ending(fig, ax, title, withlegend, saveas=saveas,
  File "C:\Users\dhulse\Documents\GitHub\fmdtools\fmdtools\analyze\graph\style.py", line 58, in nx_plot_ending
    fig.savefig(saveas, bbox_inches='tight')
  File "C:\Users\dhulse\AppData\Local\anaconda3\envs\fmdtools\Lib\site-packages\matplotlib\figure.py", line 3388, in savefig
    self.canvas.print_figure(fname, **kwargs)
  File "C:\Users\dhulse\AppData\Local\anaconda3\envs\fmdtools\Lib\site-packages\matplotlib\backend_bases.py", line 2218, in print_figure
    result = print_method(
             ^^^^^^^^^^^^^
  File "C:\Users\dhulse\AppData\Local\anaconda3\envs\fmdtools\Lib\site-packages\matplotlib\backend_bases.py", line 2068, in &lt;lambda&gt;
    print_method = functools.wraps(meth)(lambda *args, **kwargs: meth(
                                                                 ^^^^^
  File "C:\Users\dhulse\AppData\Local\anaconda3\envs\fmdtools\Lib\site-packages\matplotlib\backends\backend_svg.py", line 1328, in print_svg
    with cbook.open_file_cm(filename, "w", encoding="utf-8") as fh:
         ^^^^^^^^^^^^^^^^^^^^^^^^^^^^^^^^^^^^^^^^^^^^^^^^^^^
  File "C:\Users\dhulse\AppData\Local\anaconda3\envs\fmdtools\Lib\site-packages\matplotlib\cbook.py", line 497, in open_file_cm
    fh, opened = to_filehandle(path_or_file, mode, True, encoding)
                 ^^^^^^^^^^^^^^^^^^^^^^^^^^^^^^^^^^^^^^^^^^^^^^^^^
  File "C:\Users\dhulse\AppData\Local\anaconda3\envs\fmdtools\Lib\site-packages\matplotlib\cbook.py", line 483, in to_filehandle
    fh = open(fname, flag, encoding=encoding)
         ^^^^^^^^^^^^^^^^^^^^^^^^^^^^^^^^^^^^
FileNotFoundError: [Errno 2] No such file or directory: '../../../docs/figures/frdl/nx_funcdecomp.svg'
#x1B[1m#x1B[31mC:\Users\dhulse\Documents\GitHub\fmdtools\fmdtools\analyze\graph\base.py#x1B[0m:70: UnexpectedException</failure></testcase><testcase classname="fmdtools.analyze.graph.base" name="fmdtools.analyze.graph.base.Graph.add_node_groups" time="0.056" /><testcase classname="fmdtools.analyze.graph.base" name="fmdtools.analyze.graph.base.Graph.set_heatmap" time="0.054" /><testcase classname="fmdtools.analyze.graph.style" name="fmdtools.analyze.graph.style.FlowEdgeStyle" time="0.005" /><testcase classname="fmdtools.analyze.graph.style" name="fmdtools.analyze.graph.style.edge_style_factory" time="0.187"><failure message="250         Tag defining the type of edge (e.g. 'flow', 'activation', etc.)&#10;251     styles : dict&#10;252         edge_styles based on style membership&#10;253     **kwargs : kwargs&#10;254         Additional keyword arguments for the EdgeStyle&#10;255 &#10;256     Examples&#10;257     --------&#10;258     &gt;&gt;&gt; fs = edge_style_factory('flow')&#10;259     &gt;&gt;&gt; fig, ax = fs.show_nx(saveas='../../../docs/figures/frdl/nx_flowconnection.svg')&#10;UNEXPECTED EXCEPTION: FileNotFoundError(2, 'No such file or directory')&#10;Traceback (most recent call last):&#10;  File &quot;C:\Users\dhulse\AppData\Local\anaconda3\envs\fmdtools\Lib\doctest.py&quot;, line 1355, in __run&#10;    exec(compile(example.source, filename, &quot;single&quot;,&#10;  File &quot;&lt;doctest fmdtools.analyze.graph.style.edge_style_factory[1]&gt;&quot;, line 1, in &lt;module&gt;&#10;  File &quot;C:\Users\dhulse\Documents\GitHub\fmdtools\fmdtools\analyze\graph\style.py&quot;, line 154, in show_nx&#10;    nx_plot_ending(fig, ax, title=self.__class__.__name__, withlegend=withlegend,&#10;  File &quot;C:\Users\dhulse\Documents\GitHub\fmdtools\fmdtools\analyze\graph\style.py&quot;, line 58, in nx_plot_ending&#10;    fig.savefig(saveas, bbox_inches='tight')&#10;  File &quot;C:\Users\dhulse\AppData\Local\anaconda3\envs\fmdtools\Lib\site-packages\matplotlib\figure.py&quot;, line 3388, in savefig&#10;    self.canvas.print_figure(fname, **kwargs)&#10;  File &quot;C:\Users\dhulse\AppData\Local\anaconda3\envs\fmdtools\Lib\site-packages\matplotlib\backend_bases.py&quot;, line 2218, in print_figure&#10;    result = print_method(&#10;             ^^^^^^^^^^^^^&#10;  File &quot;C:\Users\dhulse\AppData\Local\anaconda3\envs\fmdtools\Lib\site-packages\matplotlib\backend_bases.py&quot;, line 2068, in &lt;lambda&gt;&#10;    print_method = functools.wraps(meth)(lambda *args, **kwargs: meth(&#10;                                                                 ^^^^^&#10;  File &quot;C:\Users\dhulse\AppData\Local\anaconda3\envs\fmdtools\Lib\site-packages\matplotlib\backends\backend_svg.py&quot;, line 1328, in print_svg&#10;    with cbook.open_file_cm(filename, &quot;w&quot;, encoding=&quot;utf-8&quot;) as fh:&#10;         ^^^^^^^^^^^^^^^^^^^^^^^^^^^^^^^^^^^^^^^^^^^^^^^^^^^&#10;  File &quot;C:\Users\dhulse\AppData\Local\anaconda3\envs\fmdtools\Lib\site-packages\matplotlib\cbook.py&quot;, line 497, in open_file_cm&#10;    fh, opened = to_filehandle(path_or_file, mode, True, encoding)&#10;                 ^^^^^^^^^^^^^^^^^^^^^^^^^^^^^^^^^^^^^^^^^^^^^^^^^&#10;  File &quot;C:\Users\dhulse\AppData\Local\anaconda3\envs\fmdtools\Lib\site-packages\matplotlib\cbook.py&quot;, line 483, in to_filehandle&#10;    fh = open(fname, flag, encoding=encoding)&#10;         ^^^^^^^^^^^^^^^^^^^^^^^^^^^^^^^^^^^^&#10;FileNotFoundError: [Errno 2] No such file or directory: '../../../docs/figures/frdl/nx_flowconnection.svg'&#10;#x1B[1m#x1B[31mC:\Users\dhulse\Documents\GitHub\fmdtools\fmdtools\analyze\graph\style.py#x1B[0m:259: UnexpectedException">250         Tag defining the type of edge (e.g. 'flow', 'activation', etc.)
251     styles : dict
252         edge_styles based on style membership
253     **kwargs : kwargs
254         Additional keyword arguments for the EdgeStyle
255 
256     Examples
257     --------
258     &gt;&gt;&gt; fs = edge_style_factory('flow')
259     &gt;&gt;&gt; fig, ax = fs.show_nx(saveas='../../../docs/figures/frdl/nx_flowconnection.svg')
UNEXPECTED EXCEPTION: FileNotFoundError(2, 'No such file or directory')
Traceback (most recent call last):
  File "C:\Users\dhulse\AppData\Local\anaconda3\envs\fmdtools\Lib\doctest.py", line 1355, in __run
    exec(compile(example.source, filename, "single",
  File "&lt;doctest fmdtools.analyze.graph.style.edge_style_factory[1]&gt;", line 1, in &lt;module&gt;
  File "C:\Users\dhulse\Documents\GitHub\fmdtools\fmdtools\analyze\graph\style.py", line 154, in show_nx
    nx_plot_ending(fig, ax, title=self.__class__.__name__, withlegend=withlegend,
  File "C:\Users\dhulse\Documents\GitHub\fmdtools\fmdtools\analyze\graph\style.py", line 58, in nx_plot_ending
    fig.savefig(saveas, bbox_inches='tight')
  File "C:\Users\dhulse\AppData\Local\anaconda3\envs\fmdtools\Lib\site-packages\matplotlib\figure.py", line 3388, in savefig
    self.canvas.print_figure(fname, **kwargs)
  File "C:\Users\dhulse\AppData\Local\anaconda3\envs\fmdtools\Lib\site-packages\matplotlib\backend_bases.py", line 2218, in print_figure
    result = print_method(
             ^^^^^^^^^^^^^
  File "C:\Users\dhulse\AppData\Local\anaconda3\envs\fmdtools\Lib\site-packages\matplotlib\backend_bases.py", line 2068, in &lt;lambda&gt;
    print_method = functools.wraps(meth)(lambda *args, **kwargs: meth(
                                                                 ^^^^^
  File "C:\Users\dhulse\AppData\Local\anaconda3\envs\fmdtools\Lib\site-packages\matplotlib\backends\backend_svg.py", line 1328, in print_svg
    with cbook.open_file_cm(filename, "w", encoding="utf-8") as fh:
         ^^^^^^^^^^^^^^^^^^^^^^^^^^^^^^^^^^^^^^^^^^^^^^^^^^^
  File "C:\Users\dhulse\AppData\Local\anaconda3\envs\fmdtools\Lib\site-packages\matplotlib\cbook.py", line 497, in open_file_cm
    fh, opened = to_filehandle(path_or_file, mode, True, encoding)
                 ^^^^^^^^^^^^^^^^^^^^^^^^^^^^^^^^^^^^^^^^^^^^^^^^^
  File "C:\Users\dhulse\AppData\Local\anaconda3\envs\fmdtools\Lib\site-packages\matplotlib\cbook.py", line 483, in to_filehandle
    fh = open(fname, flag, encoding=encoding)
         ^^^^^^^^^^^^^^^^^^^^^^^^^^^^^^^^^^^^
FileNotFoundError: [Errno 2] No such file or directory: '../../../docs/figures/frdl/nx_flowconnection.svg'
#x1B[1m#x1B[31mC:\Users\dhulse\Documents\GitHub\fmdtools\fmdtools\analyze\graph\style.py#x1B[0m:259: UnexpectedException</failure></testcase><testcase classname="fmdtools.analyze.graph.style" name="fmdtools.analyze.graph.style.node_style_factory" time="0.038"><failure message="450     ----------&#10;451     styles : dict&#10;452         edge_styles/node_styles&#10;453     label : tuple&#10;454         tuple of tag values to create the keywords for&#10;455 &#10;456     Examples&#10;457     --------&#10;458     &gt;&gt;&gt; fs = node_style_factory('flow')&#10;459     &gt;&gt;&gt; fig, ax = fs.show_nx(saveas='../../../docs/figures/frdl/nx_flow.svg')&#10;UNEXPECTED EXCEPTION: FileNotFoundError(2, 'No such file or directory')&#10;Traceback (most recent call last):&#10;  File &quot;C:\Users\dhulse\AppData\Local\anaconda3\envs\fmdtools\Lib\doctest.py&quot;, line 1355, in __run&#10;    exec(compile(example.source, filename, &quot;single&quot;,&#10;  File &quot;&lt;doctest fmdtools.analyze.graph.style.node_style_factory[1]&gt;&quot;, line 1, in &lt;module&gt;&#10;  File &quot;C:\Users\dhulse\Documents\GitHub\fmdtools\fmdtools\analyze\graph\style.py&quot;, line 349, in show_nx&#10;    nx_plot_ending(fig, ax, title=self.__class__.__name__, withlegend=withlegend,&#10;  File &quot;C:\Users\dhulse\Documents\GitHub\fmdtools\fmdtools\analyze\graph\style.py&quot;, line 58, in nx_plot_ending&#10;    fig.savefig(saveas, bbox_inches='tight')&#10;  File &quot;C:\Users\dhulse\AppData\Local\anaconda3\envs\fmdtools\Lib\site-packages\matplotlib\figure.py&quot;, line 3388, in savefig&#10;    self.canvas.print_figure(fname, **kwargs)&#10;  File &quot;C:\Users\dhulse\AppData\Local\anaconda3\envs\fmdtools\Lib\site-packages\matplotlib\backend_bases.py&quot;, line 2218, in print_figure&#10;    result = print_method(&#10;             ^^^^^^^^^^^^^&#10;  File &quot;C:\Users\dhulse\AppData\Local\anaconda3\envs\fmdtools\Lib\site-packages\matplotlib\backend_bases.py&quot;, line 2068, in &lt;lambda&gt;&#10;    print_method = functools.wraps(meth)(lambda *args, **kwargs: meth(&#10;                                                                 ^^^^^&#10;  File &quot;C:\Users\dhulse\AppData\Local\anaconda3\envs\fmdtools\Lib\site-packages\matplotlib\backends\backend_svg.py&quot;, line 1328, in print_svg&#10;    with cbook.open_file_cm(filename, &quot;w&quot;, encoding=&quot;utf-8&quot;) as fh:&#10;         ^^^^^^^^^^^^^^^^^^^^^^^^^^^^^^^^^^^^^^^^^^^^^^^^^^^&#10;  File &quot;C:\Users\dhulse\AppData\Local\anaconda3\envs\fmdtools\Lib\site-packages\matplotlib\cbook.py&quot;, line 497, in open_file_cm&#10;    fh, opened = to_filehandle(path_or_file, mode, True, encoding)&#10;                 ^^^^^^^^^^^^^^^^^^^^^^^^^^^^^^^^^^^^^^^^^^^^^^^^^&#10;  File &quot;C:\Users\dhulse\AppData\Local\anaconda3\envs\fmdtools\Lib\site-packages\matplotlib\cbook.py&quot;, line 483, in to_filehandle&#10;    fh = open(fname, flag, encoding=encoding)&#10;         ^^^^^^^^^^^^^^^^^^^^^^^^^^^^^^^^^^^^&#10;FileNotFoundError: [Errno 2] No such file or directory: '../../../docs/figures/frdl/nx_flow.svg'&#10;#x1B[1m#x1B[31mC:\Users\dhulse\Documents\GitHub\fmdtools\fmdtools\analyze\graph\style.py#x1B[0m:459: UnexpectedException">450     ----------
451     styles : dict
452         edge_styles/node_styles
453     label : tuple
454         tuple of tag values to create the keywords for
455 
456     Examples
457     --------
458     &gt;&gt;&gt; fs = node_style_factory('flow')
459     &gt;&gt;&gt; fig, ax = fs.show_nx(saveas='../../../docs/figures/frdl/nx_flow.svg')
UNEXPECTED EXCEPTION: FileNotFoundError(2, 'No such file or directory')
Traceback (most recent call last):
  File "C:\Users\dhulse\AppData\Local\anaconda3\envs\fmdtools\Lib\doctest.py", line 1355, in __run
    exec(compile(example.source, filename, "single",
  File "&lt;doctest fmdtools.analyze.graph.style.node_style_factory[1]&gt;", line 1, in &lt;module&gt;
  File "C:\Users\dhulse\Documents\GitHub\fmdtools\fmdtools\analyze\graph\style.py", line 349, in show_nx
    nx_plot_ending(fig, ax, title=self.__class__.__name__, withlegend=withlegend,
  File "C:\Users\dhulse\Documents\GitHub\fmdtools\fmdtools\analyze\graph\style.py", line 58, in nx_plot_ending
    fig.savefig(saveas, bbox_inches='tight')
  File "C:\Users\dhulse\AppData\Local\anaconda3\envs\fmdtools\Lib\site-packages\matplotlib\figure.py", line 3388, in savefig
    self.canvas.print_figure(fname, **kwargs)
  File "C:\Users\dhulse\AppData\Local\anaconda3\envs\fmdtools\Lib\site-packages\matplotlib\backend_bases.py", line 2218, in print_figure
    result = print_method(
             ^^^^^^^^^^^^^
  File "C:\Users\dhulse\AppData\Local\anaconda3\envs\fmdtools\Lib\site-packages\matplotlib\backend_bases.py", line 2068, in &lt;lambda&gt;
    print_method = functools.wraps(meth)(lambda *args, **kwargs: meth(
                                                                 ^^^^^
  File "C:\Users\dhulse\AppData\Local\anaconda3\envs\fmdtools\Lib\site-packages\matplotlib\backends\backend_svg.py", line 1328, in print_svg
    with cbook.open_file_cm(filename, "w", encoding="utf-8") as fh:
         ^^^^^^^^^^^^^^^^^^^^^^^^^^^^^^^^^^^^^^^^^^^^^^^^^^^
  File "C:\Users\dhulse\AppData\Local\anaconda3\envs\fmdtools\Lib\site-packages\matplotlib\cbook.py", line 497, in open_file_cm
    fh, opened = to_filehandle(path_or_file, mode, True, encoding)
                 ^^^^^^^^^^^^^^^^^^^^^^^^^^^^^^^^^^^^^^^^^^^^^^^^^
  File "C:\Users\dhulse\AppData\Local\anaconda3\envs\fmdtools\Lib\site-packages\matplotlib\cbook.py", line 483, in to_filehandle
    fh = open(fname, flag, encoding=encoding)
         ^^^^^^^^^^^^^^^^^^^^^^^^^^^^^^^^^^^^
FileNotFoundError: [Errno 2] No such file or directory: '../../../docs/figures/frdl/nx_flow.svg'
#x1B[1m#x1B[31mC:\Users\dhulse\Documents\GitHub\fmdtools\fmdtools\analyze\graph\style.py#x1B[0m:459: UnexpectedException</failure></testcase><testcase classname="fmdtools.analyze.graph.style" name="fmdtools.analyze.graph.style.to_legend_label" time="0.004" /><testcase classname="fmdtools.analyze.history" name="fmdtools.analyze.history.History" time="0.005" /><testcase classname="fmdtools.analyze.history" name="fmdtools.analyze.history.History.cut" time="0.004" /><testcase classname="fmdtools.analyze.history" name="fmdtools.analyze.history.History.get_mean_bound_errhist" time="0.004" /><testcase classname="fmdtools.analyze.phases" name="fmdtools.analyze.phases.PhaseMap.calc_modephase_time" time="0.004" /><testcase classname="fmdtools.analyze.phases" name="fmdtools.analyze.phases.PhaseMap.calc_phase_time" time="0.004" /><testcase classname="fmdtools.analyze.phases" name="fmdtools.analyze.phases.PhaseMap.calc_samples_in_phases" time="0.004" /><testcase classname="fmdtools.analyze.phases" name="fmdtools.analyze.phases.PhaseMap.find_modephase" time="0.004" /><testcase classname="fmdtools.analyze.phases" name="fmdtools.analyze.phases.PhaseMap.get_phase_times" time="0.004" /><testcase classname="fmdtools.analyze.phases" name="fmdtools.analyze.phases.PhaseMap.get_sample_times" time="0.004" /><testcase classname="fmdtools.analyze.phases" name="fmdtools.analyze.phases.find_interval_overlap" time="0.004" /><testcase classname="fmdtools.analyze.phases" name="fmdtools.analyze.phases.join_phasemaps" time="0.004" /><testcase classname="fmdtools.analyze.result" name="fmdtools.analyze.result.Result" time="0.005" /><testcase classname="fmdtools.analyze.tabulate" name="fmdtools.analyze.tabulate.Comparison" time="0.673" /><testcase classname="fmdtools.define.architecture.function" name="fmdtools.define.architecture.function.FunctionArchitecture" time="0.008" /><testcase classname="fmdtools.define.architecture.geom" name="fmdtools.define.architecture.geom.GeomArchitecture" time="0.006" /><testcase classname="fmdtools.define.architecture.geom" name="fmdtools.define.architecture.geom.GeomArchitecture.all_at" time="0.006" /><testcase classname="fmdtools.define.block.base" name="fmdtools.define.block.base.SimParam.get_hist_ind" time="0.005" /><testcase classname="fmdtools.define.block.base" name="fmdtools.define.block.base.SimParam.get_shift" time="0.005" /><testcase classname="fmdtools.define.block.base" name="fmdtools.define.block.base.SimParam.get_timerange" time="0.004" /><testcase classname="fmdtools.define.block.function" name="fmdtools.define.block.function.Function" time="0.005" /><testcase classname="fmdtools.define.container.base" name="fmdtools.define.container.base.BaseContainer.assign" time="0.005" /><testcase classname="fmdtools.define.container.base" name="fmdtools.define.container.base.BaseContainer.copy" time="0.004" /><testcase classname="fmdtools.define.container.base" name="fmdtools.define.container.base.BaseContainer.create_hist" time="0.004" /><testcase classname="fmdtools.define.container.base" name="fmdtools.define.container.base.BaseContainer.get_field_dict" time="0.004" /><testcase classname="fmdtools.define.container.base" name="fmdtools.define.container.base.BaseContainer.set_field" time="0.004" /><testcase classname="fmdtools.define.container.base" name="fmdtools.define.container.base.BaseContainer.to_default" time="0.004" /><testcase classname="fmdtools.define.container.mode" name="fmdtools.define.container.mode.Fault.calc_rate" time="0.005" /><testcase classname="fmdtools.define.container.mode" name="fmdtools.define.container.mode.Mode" time="0.004" /><testcase classname="fmdtools.define.container.parameter" name="fmdtools.define.container.parameter.Parameter" time="0.004" /><testcase classname="fmdtools.define.container.rand" name="fmdtools.define.container.rand.Rand" time="0.005" /><testcase classname="fmdtools.define.container.rand" name="fmdtools.define.container.rand.Rand.get_rand_states" time="0.004" /><testcase classname="fmdtools.define.container.state" name="fmdtools.define.container.state.State" time="0.004" /><testcase classname="fmdtools.define.container.state" name="fmdtools.define.container.state.State.add" time="0.004" /><testcase classname="fmdtools.define.container.state" name="fmdtools.define.container.state.State.div" time="0.004" /><testcase classname="fmdtools.define.container.state" name="fmdtools.define.container.state.State.get" time="0.005" /><testcase classname="fmdtools.define.container.state" name="fmdtools.define.container.state.State.gett" time="0.004" /><testcase classname="fmdtools.define.container.state" name="fmdtools.define.container.state.State.inc" time="0.004" /><testcase classname="fmdtools.define.container.state" name="fmdtools.define.container.state.State.limit" time="0.004" /><testcase classname="fmdtools.define.container.state" name="fmdtools.define.container.state.State.mul" time="0.004" /><testcase classname="fmdtools.define.container.state" name="fmdtools.define.container.state.State.put" time="0.004" /><testcase classname="fmdtools.define.container.state" name="fmdtools.define.container.state.State.roundto" time="0.004" /><testcase classname="fmdtools.define.container.state" name="fmdtools.define.container.state.State.same" time="0.004" /><testcase classname="fmdtools.define.container.state" name="fmdtools.define.container.state.State.set_atts" time="0.004" /><testcase classname="fmdtools.define.container.state" name="fmdtools.define.container.state.State.sub" time="0.005" /><testcase classname="fmdtools.define.container.time" name="fmdtools.define.container.time.Time" time="0.005" /><testcase classname="fmdtools.define.environment" name="fmdtools.define.environment.Environment" time="0.007" /><testcase classname="fmdtools.define.environment" name="fmdtools.define.environment.Environment.copy" time="0.011" /><testcase classname="fmdtools.define.flow.base" name="fmdtools.define.flow.base.Flow" time="0.005" /><testcase classname="fmdtools.define.object.base" name="fmdtools.define.object.base.BaseObject" time="0.005" /><testcase classname="fmdtools.define.object.base" name="fmdtools.define.object.base.BaseObject.assign_roles" time="0.004" /><testcase classname="fmdtools.define.object.coords" name="fmdtools.define.object.coords.Coords" time="0.006" /><testcase classname="fmdtools.define.object.coords" name="fmdtools.define.object.coords.Coords.copy" time="0.005" /><testcase classname="fmdtools.define.object.coords" name="fmdtools.define.object.coords.Coords.find_all" time="0.005" /><testcase classname="fmdtools.define.object.coords" name="fmdtools.define.object.coords.Coords.find_all_prop" time="0.005" /><testcase classname="fmdtools.define.object.coords" name="fmdtools.define.object.coords.Coords.find_closest" time="0.005" /><testcase classname="fmdtools.define.object.coords" name="fmdtools.define.object.coords.Coords.get" time="0.005" /><testcase classname="fmdtools.define.object.coords" name="fmdtools.define.object.coords.Coords.get_neighbors" time="0.005" /><testcase classname="fmdtools.define.object.coords" name="fmdtools.define.object.coords.Coords.get_properties" time="0.005" /><testcase classname="fmdtools.define.object.coords" name="fmdtools.define.object.coords.Coords.in_area" time="0.005" /><testcase classname="fmdtools.define.object.coords" name="fmdtools.define.object.coords.Coords.set" time="0.005" /><testcase classname="fmdtools.define.object.coords" name="fmdtools.define.object.coords.Coords.set_pts" time="0.005" /><testcase classname="fmdtools.define.object.coords" name="fmdtools.define.object.coords.Coords.set_rand_pts" time="0.005" /><testcase classname="fmdtools.define.object.coords" name="fmdtools.define.object.coords.Coords.set_range" time="0.006" /><testcase classname="fmdtools.define.object.coords" name="fmdtools.define.object.coords.Coords.to_gridpoint" time="0.005" /><testcase classname="fmdtools.define.object.coords" name="fmdtools.define.object.coords.Coords.to_index" time="0.004" /><testcase classname="fmdtools.define.object.coords" name="fmdtools.define.object.coords.CoordsParam" time="0.004" /><testcase classname="fmdtools.define.object.geom" name="fmdtools.define.object.geom.Geom.all_at" time="0.005" /><testcase classname="fmdtools.define.object.geom" name="fmdtools.define.object.geom.Geom.vect_at_shape" time="0.005" /><testcase classname="fmdtools.define.object.geom" name="fmdtools.define.object.geom.Geom.vect_to_shape" time="0.005" /><testcase classname="fmdtools.define.object.geom" name="fmdtools.define.object.geom.GeomLine" time="0.005" /><testcase classname="fmdtools.define.object.geom" name="fmdtools.define.object.geom.GeomPoint" time="0.005" /><testcase classname="fmdtools.define.object.geom" name="fmdtools.define.object.geom.GeomPoly" time="0.005" /><testcase classname="fmdtools.define.object.geom" name="fmdtools.define.object.geom.LineParam" time="0.005" /><testcase classname="fmdtools.define.object.geom" name="fmdtools.define.object.geom.PointParam" time="0.004" /><testcase classname="fmdtools.define.object.geom" name="fmdtools.define.object.geom.PolyParam" time="0.004" /><testcase classname="fmdtools.define.object.timer" name="fmdtools.define.object.timer.Timer" time="0.005" /><testcase classname="fmdtools.sim.sample" name="fmdtools.sim.sample.FaultDomain.add_all" time="0.017" /><testcase classname="fmdtools.sim.sample" name="fmdtools.sim.sample.FaultDomain.add_all_fxn_modes" time="0.017" /><testcase classname="fmdtools.sim.sample" name="fmdtools.sim.sample.FaultDomain.add_all_fxnclass_modes" time="0.013" /><testcase classname="fmdtools.sim.sample" name="fmdtools.sim.sample.FaultDomain.add_faults" time="0.016" /><testcase classname="fmdtools.sim.sample" name="fmdtools.sim.sample.FaultDomain.add_singlecomp_modes" time="0.017" /><testcase classname="fmdtools.sim.sample" name="fmdtools.sim.sample.FaultSample.add_fault_phases" time="0.018" /><testcase classname="fmdtools.sim.sample" name="fmdtools.sim.sample.FaultSample.add_fault_times" time="0.018" /><testcase classname="fmdtools.sim.sample" name="fmdtools.sim.sample.FaultSample.add_joint_fault_scenario" time="0.018" /><testcase classname="fmdtools.sim.sample" name="fmdtools.sim.sample.FaultSample.add_single_fault_scenario" time="0.017" /><testcase classname="fmdtools.sim.sample" name="fmdtools.sim.sample.ParameterDomain" time="0.005" /><testcase classname="fmdtools.sim.sample" name="fmdtools.sim.sample.ParameterDomain.get_var_iters" time="0.004" /><testcase classname="fmdtools.sim.sample" name="fmdtools.sim.sample.ParameterHistSample" time="0.005" /><testcase classname="fmdtools.sim.sample" name="fmdtools.sim.sample.ParameterResultSample" time="0.005" /><testcase classname="fmdtools.sim.sample" name="fmdtools.sim.sample.ParameterSample.add_variable_ranges" time="0.005" /><testcase classname="fmdtools.sim.sample" name="fmdtools.sim.sample.ParameterSample.add_variable_replicates" time="0.004" /><testcase classname="fmdtools.sim.sample" name="fmdtools.sim.sample.ParameterSample.add_variable_scenario" time="0.004" /><testcase classname="fmdtools.sim.sample" name="fmdtools.sim.sample.ParameterSample.combine_orthogonal" time="0.005" /><testcase classname="fmdtools.sim.sample" name="fmdtools.sim.sample.ParameterSample.combine_product" time="0.004" /><testcase classname="fmdtools.sim.sample" name="fmdtools.sim.sample.ParameterSample.combine_random" time="0.004" /><testcase classname="fmdtools.sim.sample" name="fmdtools.sim.sample.SampleApproach.add_faultdomain" time="0.017" /><testcase classname="fmdtools.sim.sample" name="fmdtools.sim.sample.SampleApproach.add_faultsample" time="0.020" /><testcase classname="fmdtools.sim.sample" name="fmdtools.sim.sample.combine_orthogonal" time="0.004" /><testcase classname="fmdtools.sim.sample" name="fmdtools.sim.sample.combine_random" time="0.004" /><testcase classname="fmdtools.sim.sample" name="fmdtools.sim.sample.sample_times_even" time="0.004" /><testcase classname="fmdtools.sim.sample" name="fmdtools.sim.sample.sample_times_quad" time="0.004" /><testcase classname="fmdtools.sim.scenario" name="fmdtools.sim.scenario.Sequence" time="0.004" /><testcase classname="fmdtools.sim.scenario" name="fmdtools.sim.scenario.Sequence.update_sequence" time="0.005" /><testcase classname="fmdtools.sim.search" name="fmdtools.sim.search.DisturbanceProblem.__init__" time="0.013" /><testcase classname="fmdtools.sim.search" name="fmdtools.sim.search.HistoryObjective" time="0.004" /><testcase classname="fmdtools.sim.search" name="fmdtools.sim.search.ParameterSimProblem" time="0.042" /><testcase classname="fmdtools.sim.search" name="fmdtools.sim.search.ProblemArchitecture" time="0.025" /><testcase classname="fmdtools.sim.search" name="fmdtools.sim.search.ProblemArchitecture.update_full_problem" time="0.019" /><testcase classname="fmdtools.sim.search" name="fmdtools.sim.search.ProblemArchitecture.update_problem" time="0.013" /><testcase classname="fmdtools.sim.search" name="fmdtools.sim.search.ResultConstraint.con_from_value" time="0.004" /><testcase classname="fmdtools.sim.search" name="fmdtools.sim.search.ResultObjective.get_result_value" time="0.005" /><testcase classname="fmdtools.sim.search" name="fmdtools.sim.search.SimpleProblem" time="0.005" /><testcase classname="fmdtools.sim.search" name="fmdtools.sim.search.SingleFaultScenarioProblem" time="0.013" /><testcase classname="tests.test_graph.ModelGraphTests" name="test_fault_plot" time="0.155" /><testcase classname="tests.test_graph.ModelGraphTests" name="test_flowgraph_plot" time="0.231" /><testcase classname="tests.test_graph.ModelGraphTests" name="test_fxngraph_plot" time="0.146" /><testcase classname="tests.test_graph.ModelGraphTests" name="test_modelgraph_plot" time="0.197" /><testcase classname="tests.test_graph.ModelGraphTests" name="test_result_from_plot" time="0.333" /><testcase classname="tests.test_graph.ModelGraphTests" name="test_typegraph_plot" time="0.064" /><testcase classname="tests.test_packages.define_Tests" name="test_pdf_translation_options" time="0.003" /></testsuite></testsuites>