<?xml version="1.0" encoding="utf-8"?><testsuites><testsuite name="pytest" errors="0" failures="0" skipped="0" tests="1" time="17.482" timestamp="2024-10-21T17:18:59.413689" hostname="starlight"><testcase classname="examples.asg_demo.Action_Sequence_Graph.ipynb" name="" time="8.322" /><testcase time="0.001" /></testsuite></testsuites>