<?xml version="1.0" encoding="utf-8"?><testsuites><testsuite name="pytest" errors="7" failures="1" skipped="3" tests="266" time="964.691" timestamp="2024-02-02T16:18:50.613808" hostname="starlight"><testcase classname="" name="examples.multirotor.opt_drone_rural" time="0.000"><error message="collection failure">#x1B[1m#x1B[31mexamples\multirotor\opt_drone_rural.py#x1B[0m:8: in &lt;module&gt;
    #x1B[94mfrom#x1B[39;49;00m #x1B[04m#x1B[96mdrone_mdl_rural#x1B[39;49;00m #x1B[94mimport#x1B[39;49;00m Drone, DroneParam, ResPolicy, DronePhysicalParameters#x1B[90m#x1B[39;49;00m
#x1B[1m#x1B[31mE   ModuleNotFoundError: No module named 'drone_mdl_rural'#x1B[0m</error></testcase><testcase classname="" name="examples.rover.rover_degradation" time="0.000"><error message="collection failure">#x1B[1m#x1B[31mexamples\rover\rover_degradation.py#x1B[0m:17: in &lt;module&gt;
    #x1B[94mfrom#x1B[39;49;00m #x1B[04m#x1B[96mrover_model#x1B[39;49;00m #x1B[94mimport#x1B[39;49;00m Rover, DegParam#x1B[90m#x1B[39;49;00m
#x1B[1m#x1B[31mE   ModuleNotFoundError: No module named 'rover_model'#x1B[0m</error></testcase><testcase classname="" name="examples.rover.rover_mode_space" time="0.000"><error message="collection failure">#x1B[1m#x1B[31mexamples\rover\rover_mode_space.py#x1B[0m:7: in &lt;module&gt;
    #x1B[94mfrom#x1B[39;49;00m #x1B[04m#x1B[96mrover_model#x1B[39;49;00m #x1B[94mimport#x1B[39;49;00m Rover, RoverParam#x1B[90m#x1B[39;49;00m
#x1B[1m#x1B[31mE   ModuleNotFoundError: No module named 'rover_model'#x1B[0m</error></testcase><testcase classname="" name="examples.rover.rover_model_human" time="0.000"><error message="collection failure">#x1B[1m#x1B[31mexamples\rover\rover_model_human.py#x1B[0m:28: in &lt;module&gt;
    #x1B[94mfrom#x1B[39;49;00m #x1B[04m#x1B[96mfmdtools#x1B[39;49;00m#x1B[04m#x1B[96m.#x1B[39;49;00m#x1B[04m#x1B[96msim#x1B[39;49;00m#x1B[04m#x1B[96m.#x1B[39;49;00m#x1B[04m#x1B[96mapproach#x1B[39;49;00m #x1B[94mimport#x1B[39;49;00m SampleApproach, NominalApproach#x1B[90m#x1B[39;49;00m
#x1B[1m#x1B[31mE   ModuleNotFoundError: No module named 'fmdtools.sim.approach'#x1B[0m</error></testcase><testcase classname="" name="examples.rover.optimization.animation" time="0.000"><error message="collection failure">#x1B[1m#x1B[31mexamples\rover\optimization\animation.py#x1B[0m:24: in &lt;module&gt;
    dfccea = pd.read_csv(#x1B[33m'#x1B[39;49;00m#x1B[33mccea_species.csv#x1B[39;49;00m#x1B[33m'#x1B[39;49;00m)#x1B[90m#x1B[39;49;00m
#x1B[1m#x1B[31m..\..\..\AppData\Roaming\Python\Python310\site-packages\pandas\io\parsers\readers.py#x1B[0m:912: in read_csv
    #x1B[94mreturn#x1B[39;49;00m _read(filepath_or_buffer, kwds)#x1B[90m#x1B[39;49;00m
#x1B[1m#x1B[31m..\..\..\AppData\Roaming\Python\Python310\site-packages\pandas\io\parsers\readers.py#x1B[0m:577: in _read
    parser = TextFileReader(filepath_or_buffer, **kwds)#x1B[90m#x1B[39;49;00m
#x1B[1m#x1B[31m..\..\..\AppData\Roaming\Python\Python310\site-packages\pandas\io\parsers\readers.py#x1B[0m:1407: in __init__
    #x1B[96mself#x1B[39;49;00m._engine = #x1B[96mself#x1B[39;49;00m._make_engine(f, #x1B[96mself#x1B[39;49;00m.engine)#x1B[90m#x1B[39;49;00m
#x1B[1m#x1B[31m..\..\..\AppData\Roaming\Python\Python310\site-packages\pandas\io\parsers\readers.py#x1B[0m:1661: in _make_engine
    #x1B[96mself#x1B[39;49;00m.handles = get_handle(#x1B[90m#x1B[39;49;00m
#x1B[1m#x1B[31m..\..\..\AppData\Roaming\Python\Python310\site-packages\pandas\io\common.py#x1B[0m:859: in get_handle
    handle = #x1B[96mopen#x1B[39;49;00m(#x1B[90m#x1B[39;49;00m
#x1B[1m#x1B[31mE   FileNotFoundError: [Errno 2] No such file or directory: 'ccea_species.csv'#x1B[0m</error></testcase><testcase classname="" name="examples.rover.optimization.ea_analysis" time="0.000"><error message="collection failure">#x1B[1m#x1B[31mexamples\rover\optimization\ea_analysis.py#x1B[0m:11: in &lt;module&gt;
    dfea = pd.read_csv(#x1B[33m'#x1B[39;49;00m#x1B[33mrslt_ea.csv#x1B[39;49;00m#x1B[33m'#x1B[39;49;00m)#x1B[90m#x1B[39;49;00m
#x1B[1m#x1B[31m..\..\..\AppData\Roaming\Python\Python310\site-packages\pandas\io\parsers\readers.py#x1B[0m:912: in read_csv
    #x1B[94mreturn#x1B[39;49;00m _read(filepath_or_buffer, kwds)#x1B[90m#x1B[39;49;00m
#x1B[1m#x1B[31m..\..\..\AppData\Roaming\Python\Python310\site-packages\pandas\io\parsers\readers.py#x1B[0m:577: in _read
    parser = TextFileReader(filepath_or_buffer, **kwds)#x1B[90m#x1B[39;49;00m
#x1B[1m#x1B[31m..\..\..\AppData\Roaming\Python\Python310\site-packages\pandas\io\parsers\readers.py#x1B[0m:1407: in __init__
    #x1B[96mself#x1B[39;49;00m._engine = #x1B[96mself#x1B[39;49;00m._make_engine(f, #x1B[96mself#x1B[39;49;00m.engine)#x1B[90m#x1B[39;49;00m
#x1B[1m#x1B[31m..\..\..\AppData\Roaming\Python\Python310\site-packages\pandas\io\parsers\readers.py#x1B[0m:1661: in _make_engine
    #x1B[96mself#x1B[39;49;00m.handles = get_handle(#x1B[90m#x1B[39;49;00m
#x1B[1m#x1B[31m..\..\..\AppData\Roaming\Python\Python310\site-packages\pandas\io\common.py#x1B[0m:859: in get_handle
    handle = #x1B[96mopen#x1B[39;49;00m(#x1B[90m#x1B[39;49;00m
#x1B[1m#x1B[31mE   FileNotFoundError: [Errno 2] No such file or directory: 'rslt_ea.csv'#x1B[0m</error></testcase><testcase classname="" name="examples.tank.tank_script" time="0.000"><error message="collection failure">#x1B[1m#x1B[31mexamples\tank\tank_script.py#x1B[0m:13: in &lt;module&gt;
    #x1B[94mfrom#x1B[39;49;00m #x1B[04m#x1B[96mtank_model#x1B[39;49;00m #x1B[94mimport#x1B[39;49;00m Tank#x1B[90m#x1B[39;49;00m
#x1B[1m#x1B[31mE   ModuleNotFoundError: No module named 'tank_model'#x1B[0m</error></testcase><testcase classname="examples.asg_demo.Action_Sequence_Graph.ipynb" name="" time="7.912" /><testcase classname="examples.eps.EPS_Example_Notebook.ipynb" name="" time="5.253" /><testcase classname="examples.eps.test_eps.epsTests" name="test_all_faults" time="0.327" /><testcase classname="examples.eps.test_eps.epsTests" name="test_backward_fault_prop_1" time="0.025" /><testcase classname="examples.eps.test_eps.epsTests" name="test_backward_fault_prop_2" time="0.025" /><testcase classname="examples.eps.test_eps.epsTests" name="test_fault_app" time="63.438" /><testcase classname="examples.eps.test_eps.epsTests" name="test_multfault_saving" time="0.093" /><testcase classname="examples.eps.test_eps.epsTests" name="test_nominal_saving" time="0.072" /><testcase classname="examples.eps.test_eps.epsTests" name="test_pickleability" time="0.009" /><testcase classname="examples.eps.test_eps.epsTests" name="test_save_load_onefault" time="0.081" /><testcase classname="examples.eps.test_eps.epsTests" name="test_save_load_singlefaults" time="1.120" /><testcase classname="examples.multiflow_demo.Multiflow_and_Commsflow_Demonstration.ipynb" name="" time="4.318" /><testcase classname="examples.multiflow_demo.test_multiflow.define_Tests" name="test_multiflow_combination" time="0.028" /><testcase classname="examples.multiflow_demo.test_multiflow.define_Tests" name="test_multiflow_passing" time="0.028" /><testcase classname="examples.multiflow_demo.test_multiflow.define_Tests" name="test_mutliflow_copying" time="0.034" /><testcase classname="examples.multirotor.Demonstration.ipynb" name="" time="20.456" /><testcase classname="examples.multirotor.Multirotor_Optimization.ipynb" name="" time="31.200" /><testcase classname="examples.multirotor.Urban_Drone_Demo.ipynb" name="" time="96.795" /><testcase classname="examples.multirotor.drone_mdl_dynamic" name="examples.multirotor.drone_mdl_dynamic.AffectDOF.inc_pos" time="0.009" /><testcase classname="examples.multirotor.drone_mdl_dynamic" name="examples.multirotor.drone_mdl_dynamic.PlanPath.assign_vectdist_to_goal" time="0.006" /><testcase classname="examples.multirotor.drone_mdl_dynamic" name="examples.multirotor.drone_mdl_dynamic.PlanPath.calc_dist_to_goal" time="0.006" /><testcase classname="examples.multirotor.drone_mdl_hierarchical" name="examples.multirotor.drone_mdl_hierarchical.AffectDOF.calc_pwr" time="0.008" /><testcase classname="examples.multirotor.drone_mdl_hierarchical" name="examples.multirotor.drone_mdl_hierarchical.LineArchParam" time="0.004" /><testcase classname="examples.multirotor.drone_mdl_static" name="examples.multirotor.drone_mdl_static.AffectDOF.behavior" time="0.007" /><testcase classname="examples.multirotor.drone_mdl_static" name="examples.multirotor.drone_mdl_static.CtlDOF.behavior" time="0.005" /><testcase classname="examples.multirotor.drone_mdl_static" name="examples.multirotor.drone_mdl_static.DesTrajState.dist2d" time="0.005" /><testcase classname="examples.multirotor.drone_mdl_static" name="examples.multirotor.drone_mdl_static.DesTrajState.unit_vect2d" time="0.005" /><testcase classname="examples.multirotor.drone_mdl_static" name="examples.multirotor.drone_mdl_static.DistEE.behavior" time="0.007" /><testcase classname="examples.multirotor.drone_mdl_static" name="examples.multirotor.drone_mdl_static.HoldPayload.behavior" time="0.005" /><testcase classname="examples.multirotor.drone_mdl_static" name="examples.multirotor.drone_mdl_static.PlanPath.behavior" time="0.006" /><testcase classname="examples.multirotor.test_multirotor.DroneParameterTests" name="test_objectives" time="0.161" /><testcase classname="examples.multirotor.test_multirotor.DroneParameterTests" name="test_param_domain_1" time="0.001" /><testcase classname="examples.multirotor.test_multirotor.DroneParameterTests" name="test_param_domain_2" time="0.001" /><testcase classname="examples.multirotor.test_multirotor.DroneParameterTests" name="test_set_constraints_1" time="0.001" /><testcase classname="examples.multirotor.test_multirotor.DroneParameterTests" name="test_set_constraints_2" time="0.001" /><testcase classname="examples.multirotor.test_multirotor.DroneParameterTests" name="test_sim_mdl" time="0.084" /><testcase classname="examples.multirotor.test_multirotor.DroneScenarioTest" name="test_scenprob_results" time="0.281" /><testcase classname="examples.multirotor.test_multirotor.DroneScenarioTest2" name="test_scenprob_results" time="0.185" /><testcase classname="examples.multirotor.test_multirotor.DroneScenarioTest3" name="test_scenprob_results" time="0.182" /><testcase classname="examples.multirotor.test_multirotor.DroneDisturbanceTest" name="test_disturbance_set" time="0.122" /><testcase classname="examples.pump.Optimization.ipynb" name="" time="38.393" /><testcase classname="examples.pump.Parallelism_Tutorial.ipynb" name="" time="65.511" /><testcase classname="examples.pump.Pump_Example_Notebook.ipynb" name="" time="17.066" /><testcase classname="examples.pump.Stochastic_Modelling.ipynb" name="" time="70.881" /><testcase classname="examples.pump.Tutorial_complete.ipynb" name="" time="7.276" /><testcase classname="examples.pump.test_pump.PumpTests" name="test_app_prop_values" time="0.148" /><testcase classname="examples.pump.test_pump.PumpTests" name="test_approach_cost_calc" time="15.211" /><testcase classname="examples.pump.test_pump.PumpTests" name="test_approach_parallelism" time="14.428" /><testcase classname="examples.pump.test_pump.PumpTests" name="test_dynamic_prop_values" time="0.165" /><testcase classname="examples.pump.test_pump.PumpTests" name="test_dynamic_prop_values_2" time="0.310" /><testcase classname="examples.pump.test_pump.PumpTests" name="test_fault_sample_isave" time="2.300" /><testcase classname="examples.pump.test_pump.PumpTests" name="test_fault_sample_save" time="1.972" /><testcase classname="examples.pump.test_pump.PumpTests" name="test_fmea_options" time="0.264" /><testcase classname="examples.pump.test_pump.PumpTests" name="test_model_copy_different" time="0.762" /><testcase classname="examples.pump.test_pump.PumpTests" name="test_model_copy_same" time="1.341" /><testcase classname="examples.pump.test_pump.PumpTests" name="test_model_reset" time="0.001"><skipped type="pytest.skip" message="Reset not fully implemented yet and unused throughout.">C:\Users\dhulse\Documents\GitHub\fmdtools\examples\pump\test_pump.py:89: Reset not fully implemented yet and unused throughout.</skipped></testcase><testcase classname="examples.pump.test_pump.PumpTests" name="test_nested_sample_isave" time="19.739" /><testcase classname="examples.pump.test_pump.PumpTests" name="test_nested_sample_save" time="19.144" /><testcase classname="examples.pump.test_pump.PumpTests" name="test_nominal_save" time="0.107" /><testcase classname="examples.pump.test_pump.PumpTests" name="test_one_run_csv" time="0.061" /><testcase classname="examples.pump.test_pump.PumpTests" name="test_one_run_json" time="0.062" /><testcase classname="examples.pump.test_pump.PumpTests" name="test_one_run_pickle" time="0.071" /><testcase classname="examples.pump.test_pump.PumpTests" name="test_onefault_save" time="0.173" /><testcase classname="examples.pump.test_pump.PumpTests" name="test_param_sample_isave" time="0.895" /><testcase classname="examples.pump.test_pump.PumpTests" name="test_param_sample_save" time="0.788" /><testcase classname="examples.pump.test_pump.PumpTests" name="test_pickleability" time="0.014" /><testcase classname="examples.pump.test_pump.PumpTests" name="test_save_load_multfault" time="0.180" /><testcase classname="examples.pump.test_pump.PumpTests" name="test_single_faults_isave" time="0.783" /><testcase classname="examples.pump.test_pump.PumpTests" name="test_single_faults_save" time="0.708" /><testcase classname="examples.pump.test_pump.PumpTests" name="test_value_setting" time="0.017" /><testcase classname="examples.pump.test_pump.PumpTests" name="test_value_setting_dict" time="0.013" /><testcase classname="examples.pump.test_pump_example.ImportEE_Tests" name="test_behave_inf_v" time="0.003" /><testcase classname="examples.pump.test_pump_example.ImportEE_Tests" name="test_behave_no_v" time="0.002" /><testcase classname="examples.pump.test_pump_example.ImportEE_Tests" name="test_behave_nom" time="0.002" /><testcase classname="examples.pump.test_pump_example.ImportEE_Tests" name="test_condfaults_hi" time="0.002" /><testcase classname="examples.pump.test_pump_example.ImportEE_Tests" name="test_condfaults_nom" time="0.003" /><testcase classname="examples.pump.test_pump_example.ImportEE_Tests" name="test_initialization" time="0.002" /><testcase classname="examples.pump.test_pump_example.MoveWat_Tests" name="test_condfaults_dynamic" time="0.003" /><testcase classname="examples.pump.test_pump_example.MoveWat_Tests" name="test_initialization" time="0.003" /><testcase classname="examples.pump.test_pump_example.MoveWat_Tests" name="test_nom" time="0.002" /><testcase classname="examples.pump.test_pump_example.Integration_Tests" name="test_blockage_results" time="0.094" /><testcase classname="examples.pump.test_pump_example.Integration_Tests" name="test_blockage_static" time="0.008" /><testcase classname="examples.pump.test_pump_example.Integration_Tests" name="test_nominal_results" time="0.046" /><testcase classname="examples.pump.test_pump_stochastic.StochasticPumpTests" name="test_mdl_pickle" time="0.667" /><testcase classname="examples.pump.test_pump_stochastic.StochasticPumpTests" name="test_model_copy_different" time="0.779" /><testcase classname="examples.pump.test_pump_stochastic.StochasticPumpTests" name="test_model_copy_same" time="1.196" /><testcase classname="examples.pump.test_pump_stochastic.StochasticPumpTests" name="test_model_reset" time="0.001"><skipped type="pytest.skip" message="Reset not fully implemented yet and unused throughout.">C:\Users\dhulse\Documents\GitHub\fmdtools\examples\pump\test_pump_stochastic.py:99: Reset not fully implemented yet and unused throughout.</skipped></testcase><testcase classname="examples.pump.test_pump_stochastic.StochasticPumpTests" name="test_model_set_vars" time="0.010" /><testcase classname="examples.pump.test_pump_stochastic.StochasticPumpTests" name="test_nested_sample_isave" time="38.967" /><testcase classname="examples.pump.test_pump_stochastic.StochasticPumpTests" name="test_nested_sample_save" time="39.018" /><testcase classname="examples.pump.test_pump_stochastic.StochasticPumpTests" name="test_param_sample_isave" time="5.706" /><testcase classname="examples.pump.test_pump_stochastic.StochasticPumpTests" name="test_param_sample_save" time="5.882" /><testcase classname="examples.pump.test_pump_stochastic.StochasticPumpTests" name="test_plot_nested_hists" time="5.120" /><testcase classname="examples.pump.test_pump_stochastic.StochasticPumpTests" name="test_plot_nominal_vals" time="0.492" /><testcase classname="examples.pump.test_pump_stochastic.StochasticPumpTests" name="test_plot_nominal_vals_xd" time="27.088" /><testcase classname="examples.pump.test_pump_stochastic.StochasticPumpTests" name="test_rand_paramsample_plot" time="1.497" /><testcase classname="examples.pump.test_pump_stochastic.StochasticPumpTests" name="test_run_approach" time="33.663" /><testcase classname="examples.pump.test_pump_stochastic.StochasticPumpTests" name="test_run_safety" time="2.487" /><testcase classname="examples.pump.test_pump_stochastic.StochasticPumpTests" name="test_set_seeds" time="0.034" /><testcase classname="examples.pump.test_pump_stochastic.StochasticPumpTests" name="test_stochastic_pdf" time="0.015" /><testcase classname="examples.rover.FaultSample_Use-Cases.ipynb" name="" time="6.487" /><testcase classname="examples.rover.Model_Structure_Visualization_Tutorial.ipynb" name="" time="23.262" /><testcase classname="examples.rover.ParameterSample_Use-Cases.ipynb" name="" time="76.140" /><testcase classname="examples.rover.Rover_Setup_Notebook.ipynb" name="" time="27.348" /><testcase classname="examples.rover.rover_model" name="examples.rover.rover_model.Drive.drive_nominal" time="0.019" /><testcase classname="examples.rover.test_rover.RoverTests" name="test_obj_values" time="1.325" /><testcase classname="examples.tank.Tank_Analysis.ipynb" name="" time="14.335" /><testcase classname="examples.tank.Tank_Optimization.ipynb" name="" time="34.762"><failure message="A cell timed out while it was being executed, after 20 seconds.">A cell timed out while it was being executed, after 20 seconds.
The message was: Cell execution timed out.
Here is a preview of the cell contents:
-------------------
result, args, fhist, thist, xdhist = alternating_opt(pa.tot_tot_cost_full, pa.des_cd, pa.res_cr, max_alts=1)
-------------------</failure></testcase><testcase classname="examples.tank.test_tank.TankTests" name="test_approach" time="1.359" /><testcase classname="examples.tank.test_tank.TankTests" name="test_approach_parallelism_0" time="5.503" /><testcase classname="examples.tank.test_tank.TankTests" name="test_approach_parallelism_1" time="8.874" /><testcase classname="examples.tank.test_tank.TankTests" name="test_approach_parallelism_notrack" time="5.660" /><testcase classname="examples.tank.test_tank.TankTests" name="test_comp_mode_inj" time="0.068" /><testcase classname="examples.tank.test_tank.TankTests" name="test_different_components" time="0.027" /><testcase classname="examples.tank.test_tank.TankTests" name="test_epc_math" time="0.016" /><testcase classname="examples.tank.test_tank.TankTests" name="test_fault_sample_isave" time="1.876" /><testcase classname="examples.tank.test_tank.TankTests" name="test_fault_sample_save" time="1.512" /><testcase classname="examples.tank.test_tank.TankTests" name="test_local_tstep" time="0.125" /><testcase classname="examples.tank.test_tank.TankTests" name="test_model_copy_different" time="0.452" /><testcase classname="examples.tank.test_tank.TankTests" name="test_model_copy_same" time="0.793" /><testcase classname="examples.tank.test_tank.TankTests" name="test_model_reset" time="0.001"><skipped type="pytest.skip" message="Reset not fully implemented yet and unused throughout.">C:\Users\dhulse\Documents\GitHub\fmdtools\examples\tank\test_tank.py:52: Reset not fully implemented yet and unused throughout.</skipped></testcase><testcase classname="examples.tank.test_tank.TankTests" name="test_nested_sample_isave" time="15.477" /><testcase classname="examples.tank.test_tank.TankTests" name="test_nested_sample_save" time="15.619" /><testcase classname="examples.tank.test_tank.TankTests" name="test_param_sample_save" time="0.619" /><testcase classname="examples.tank.test_tank.TankTests" name="test_save_load_multfault" time="0.121" /><testcase classname="examples.tank.test_tank.TankTests" name="test_save_load_nominal" time="0.094" /><testcase classname="examples.tank.test_tank.TankTests" name="test_save_load_onefault" time="0.125" /><testcase classname="examples.tank.test_tank.TankTests" name="test_save_load_singlefaults" time="0.857" /><testcase classname="examples.tank.test_tank.TankTests" name="test_singlefaults_isave" time="1.019" /><testcase classname="examples.tank.test_tank.TankTests" name="test_tank_copy_args" time="0.033" /><testcase classname="examples.taxiway.Paper_Notebook.ipynb" name="" time="14.689" /><testcase classname="examples.taxiway.test_asset.AssetTests" name="test_avoid" time="0.066" /><testcase classname="examples.taxiway.test_asset.AssetTests" name="test_avoid_plot" time="0.356" /><testcase classname="examples.taxiway.test_asset.AssetTests" name="test_heli_cycle" time="0.030" /><testcase classname="examples.taxiway.test_asset.AssetTests" name="test_heli_cycle_plot" time="0.247" /><testcase classname="examples.taxiway.test_asset.AssetTests" name="test_lost_sight" time="0.396" /><testcase classname="examples.taxiway.test_asset.AssetTests" name="test_lost_sight_plot" time="0.527" /><testcase classname="examples.taxiway.test_asset.AssetTests" name="test_one_cycle" time="0.046" /><testcase classname="examples.taxiway.test_asset.AssetTests" name="test_one_cycle_plot" time="0.171" /><testcase classname="examples.taxiway.test_model.ModelTests" name="test_atc_lost_ground_perception" time="1.559" /><testcase classname="examples.taxiway.test_model.ModelTests" name="test_atc_lost_ground_perception_plot" time="1.720" /><testcase classname="examples.taxiway.test_model.ModelTests" name="test_atc_wrong_land_command" time="1.685" /><testcase classname="examples.taxiway.test_model.ModelTests" name="test_atc_wrong_land_command_lost_sight" time="1.641" /><testcase classname="examples.taxiway.test_model.ModelTests" name="test_atc_wrong_land_command_sight_plot" time="3.110" /><testcase classname="examples.taxiway.test_model.ModelTests" name="test_default_plots" time="2.472" /><testcase classname="examples.taxiway.test_model.ModelTests" name="test_scen" time="0.378" /><testcase classname="fmdtools.analyze.history" name="fmdtools.analyze.history.History" time="0.009" /><testcase classname="fmdtools.analyze.history" name="fmdtools.analyze.history.History.cut" time="0.005" /><testcase classname="fmdtools.analyze.history" name="fmdtools.analyze.history.History.get_mean_bound_errhist" time="0.006" /><testcase classname="fmdtools.analyze.phases" name="fmdtools.analyze.phases.PhaseMap.calc_modephase_time" time="0.007" /><testcase classname="fmdtools.analyze.phases" name="fmdtools.analyze.phases.PhaseMap.calc_phase_time" time="0.005" /><testcase classname="fmdtools.analyze.phases" name="fmdtools.analyze.phases.PhaseMap.calc_samples_in_phases" time="0.005" /><testcase classname="fmdtools.analyze.phases" name="fmdtools.analyze.phases.PhaseMap.find_modephase" time="0.005" /><testcase classname="fmdtools.analyze.phases" name="fmdtools.analyze.phases.PhaseMap.get_phase_times" time="0.005" /><testcase classname="fmdtools.analyze.phases" name="fmdtools.analyze.phases.PhaseMap.get_sample_times" time="0.006" /><testcase classname="fmdtools.analyze.phases" name="fmdtools.analyze.phases.find_interval_overlap" time="0.005" /><testcase classname="fmdtools.analyze.phases" name="fmdtools.analyze.phases.join_phasemaps" time="0.005" /><testcase classname="fmdtools.analyze.result" name="fmdtools.analyze.result.Result" time="0.006" /><testcase classname="fmdtools.analyze.tabulate" name="fmdtools.analyze.tabulate.Comparison" time="0.771" /><testcase classname="fmdtools.define.environment" name="fmdtools.define.environment.Environment" time="0.010" /><testcase classname="fmdtools.define.environment" name="fmdtools.define.environment.Environment.copy" time="0.012" /><testcase classname="fmdtools.define.architecture.function" name="fmdtools.define.architecture.function.FunctionArchitecture" time="0.008" /><testcase classname="fmdtools.define.architecture.geom" name="fmdtools.define.architecture.geom.GeomArchitecture" time="0.007" /><testcase classname="fmdtools.define.architecture.geom" name="fmdtools.define.architecture.geom.GeomArchitecture.all_at" time="0.007" /><testcase classname="fmdtools.define.block.base" name="fmdtools.define.block.base.SimParam.get_hist_ind" time="0.006" /><testcase classname="fmdtools.define.block.base" name="fmdtools.define.block.base.SimParam.get_shift" time="0.006" /><testcase classname="fmdtools.define.block.base" name="fmdtools.define.block.base.SimParam.get_timerange" time="0.005" /><testcase classname="fmdtools.define.block.function" name="fmdtools.define.block.function.Function" time="0.008" /><testcase classname="fmdtools.define.container.base" name="fmdtools.define.container.base.BaseContainer.assign" time="0.006" /><testcase classname="fmdtools.define.container.base" name="fmdtools.define.container.base.BaseContainer.copy" time="0.006" /><testcase classname="fmdtools.define.container.base" name="fmdtools.define.container.base.BaseContainer.create_hist" time="0.005" /><testcase classname="fmdtools.define.container.base" name="fmdtools.define.container.base.BaseContainer.get_field_dict" time="0.005" /><testcase classname="fmdtools.define.container.base" name="fmdtools.define.container.base.BaseContainer.set_field" time="0.006" /><testcase classname="fmdtools.define.container.base" name="fmdtools.define.container.base.BaseContainer.to_default" time="0.006" /><testcase classname="fmdtools.define.container.mode" name="fmdtools.define.container.mode.Fault.calc_rate" time="0.006" /><testcase classname="fmdtools.define.container.mode" name="fmdtools.define.container.mode.Mode" time="0.006" /><testcase classname="fmdtools.define.container.parameter" name="fmdtools.define.container.parameter.Parameter" time="0.006" /><testcase classname="fmdtools.define.container.rand" name="fmdtools.define.container.rand.Rand" time="0.007" /><testcase classname="fmdtools.define.container.state" name="fmdtools.define.container.state.State" time="0.006" /><testcase classname="fmdtools.define.container.state" name="fmdtools.define.container.state.State.add" time="0.005" /><testcase classname="fmdtools.define.container.state" name="fmdtools.define.container.state.State.div" time="0.005" /><testcase classname="fmdtools.define.container.state" name="fmdtools.define.container.state.State.get" time="0.005" /><testcase classname="fmdtools.define.container.state" name="fmdtools.define.container.state.State.inc" time="0.005" /><testcase classname="fmdtools.define.container.state" name="fmdtools.define.container.state.State.limit" time="0.005" /><testcase classname="fmdtools.define.container.state" name="fmdtools.define.container.state.State.mul" time="0.005" /><testcase classname="fmdtools.define.container.state" name="fmdtools.define.container.state.State.put" time="0.005" /><testcase classname="fmdtools.define.container.state" name="fmdtools.define.container.state.State.roundto" time="0.005" /><testcase classname="fmdtools.define.container.state" name="fmdtools.define.container.state.State.same" time="0.005" /><testcase classname="fmdtools.define.container.state" name="fmdtools.define.container.state.State.set_atts" time="0.005" /><testcase classname="fmdtools.define.container.state" name="fmdtools.define.container.state.State.sub" time="0.005" /><testcase classname="fmdtools.define.container.time" name="fmdtools.define.container.time.Time" time="0.006" /><testcase classname="fmdtools.define.flow.base" name="fmdtools.define.flow.base.Flow" time="0.006" /><testcase classname="fmdtools.define.object.base" name="fmdtools.define.object.base.BaseObject" time="0.007" /><testcase classname="fmdtools.define.object.base" name="fmdtools.define.object.base.BaseObject.assign_roles" time="0.005" /><testcase classname="fmdtools.define.object.coords" name="fmdtools.define.object.coords.Coords" time="0.009" /><testcase classname="fmdtools.define.object.coords" name="fmdtools.define.object.coords.Coords.copy" time="0.006" /><testcase classname="fmdtools.define.object.coords" name="fmdtools.define.object.coords.Coords.find_all" time="0.006" /><testcase classname="fmdtools.define.object.coords" name="fmdtools.define.object.coords.Coords.find_closest" time="0.005" /><testcase classname="fmdtools.define.object.coords" name="fmdtools.define.object.coords.Coords.get" time="0.006" /><testcase classname="fmdtools.define.object.coords" name="fmdtools.define.object.coords.Coords.get_properties" time="0.006" /><testcase classname="fmdtools.define.object.coords" name="fmdtools.define.object.coords.Coords.in_area" time="0.006" /><testcase classname="fmdtools.define.object.coords" name="fmdtools.define.object.coords.Coords.set" time="0.005" /><testcase classname="fmdtools.define.object.coords" name="fmdtools.define.object.coords.Coords.set_pts" time="0.005" /><testcase classname="fmdtools.define.object.coords" name="fmdtools.define.object.coords.Coords.set_rand_pts" time="0.006" /><testcase classname="fmdtools.define.object.coords" name="fmdtools.define.object.coords.Coords.set_range" time="0.007" /><testcase classname="fmdtools.define.object.coords" name="fmdtools.define.object.coords.Coords.to_gridpoint" time="0.006" /><testcase classname="fmdtools.define.object.coords" name="fmdtools.define.object.coords.Coords.to_index" time="0.005" /><testcase classname="fmdtools.define.object.coords" name="fmdtools.define.object.coords.CoordsParam" time="0.005" /><testcase classname="fmdtools.define.object.geom" name="fmdtools.define.object.geom.Geom.all_at" time="0.006" /><testcase classname="fmdtools.define.object.geom" name="fmdtools.define.object.geom.Geom.vect_at_shape" time="0.006" /><testcase classname="fmdtools.define.object.geom" name="fmdtools.define.object.geom.Geom.vect_to_shape" time="0.006" /><testcase classname="fmdtools.define.object.geom" name="fmdtools.define.object.geom.GeomLine" time="0.006" /><testcase classname="fmdtools.define.object.geom" name="fmdtools.define.object.geom.GeomPoint" time="0.006" /><testcase classname="fmdtools.define.object.geom" name="fmdtools.define.object.geom.GeomPoly" time="0.005" /><testcase classname="fmdtools.define.object.geom" name="fmdtools.define.object.geom.LineParam" time="0.005" /><testcase classname="fmdtools.define.object.geom" name="fmdtools.define.object.geom.PointParam" time="0.005" /><testcase classname="fmdtools.define.object.geom" name="fmdtools.define.object.geom.PolyParam" time="0.005" /><testcase classname="fmdtools.sim.sample" name="fmdtools.sim.sample.FaultDomain.add_all" time="0.017" /><testcase classname="fmdtools.sim.sample" name="fmdtools.sim.sample.FaultDomain.add_all_fxn_modes" time="0.016" /><testcase classname="fmdtools.sim.sample" name="fmdtools.sim.sample.FaultDomain.add_all_fxnclass_modes" time="0.013" /><testcase classname="fmdtools.sim.sample" name="fmdtools.sim.sample.FaultDomain.add_faults" time="0.017" /><testcase classname="fmdtools.sim.sample" name="fmdtools.sim.sample.FaultDomain.add_singlecomp_modes" time="0.017" /><testcase classname="fmdtools.sim.sample" name="fmdtools.sim.sample.FaultSample.add_fault_phases" time="0.017" /><testcase classname="fmdtools.sim.sample" name="fmdtools.sim.sample.FaultSample.add_fault_times" time="0.017" /><testcase classname="fmdtools.sim.sample" name="fmdtools.sim.sample.FaultSample.add_joint_fault_scenario" time="0.017" /><testcase classname="fmdtools.sim.sample" name="fmdtools.sim.sample.FaultSample.add_single_fault_scenario" time="0.017" /><testcase classname="fmdtools.sim.sample" name="fmdtools.sim.sample.ParameterDomain" time="0.006" /><testcase classname="fmdtools.sim.sample" name="fmdtools.sim.sample.ParameterDomain.get_var_iters" time="0.005" /><testcase classname="fmdtools.sim.sample" name="fmdtools.sim.sample.ParameterSample.add_variable_ranges" time="0.006" /><testcase classname="fmdtools.sim.sample" name="fmdtools.sim.sample.ParameterSample.add_variable_replicates" time="0.005" /><testcase classname="fmdtools.sim.sample" name="fmdtools.sim.sample.ParameterSample.add_variable_scenario" time="0.005" /><testcase classname="fmdtools.sim.sample" name="fmdtools.sim.sample.ParameterSample.combine_orthogonal" time="0.005" /><testcase classname="fmdtools.sim.sample" name="fmdtools.sim.sample.ParameterSample.combine_product" time="0.005" /><testcase classname="fmdtools.sim.sample" name="fmdtools.sim.sample.ParameterSample.combine_random" time="0.005" /><testcase classname="fmdtools.sim.sample" name="fmdtools.sim.sample.SampleApproach.add_faultdomain" time="0.017" /><testcase classname="fmdtools.sim.sample" name="fmdtools.sim.sample.SampleApproach.add_faultsample" time="0.020" /><testcase classname="fmdtools.sim.sample" name="fmdtools.sim.sample.combine_orthogonal" time="0.005" /><testcase classname="fmdtools.sim.sample" name="fmdtools.sim.sample.combine_random" time="0.005" /><testcase classname="fmdtools.sim.sample" name="fmdtools.sim.sample.sample_times_even" time="0.005" /><testcase classname="fmdtools.sim.sample" name="fmdtools.sim.sample.sample_times_quad" time="0.005" /><testcase classname="fmdtools.sim.scenario" name="fmdtools.sim.scenario.Sequence" time="0.005" /><testcase classname="fmdtools.sim.scenario" name="fmdtools.sim.scenario.Sequence.update_sequence" time="0.005" /><testcase classname="fmdtools.sim.search" name="fmdtools.sim.search.DisturbanceProblem.__init__" time="0.013" /><testcase classname="fmdtools.sim.search" name="fmdtools.sim.search.HistoryObjective" time="0.006" /><testcase classname="fmdtools.sim.search" name="fmdtools.sim.search.ParameterSimProblem" time="0.043" /><testcase classname="fmdtools.sim.search" name="fmdtools.sim.search.ProblemArchitecture" time="0.020" /><testcase classname="fmdtools.sim.search" name="fmdtools.sim.search.ProblemArchitecture.update_full_problem" time="0.010" /><testcase classname="fmdtools.sim.search" name="fmdtools.sim.search.ProblemArchitecture.update_problem" time="0.006" /><testcase classname="fmdtools.sim.search" name="fmdtools.sim.search.ResultConstraint.con_from_value" time="0.005" /><testcase classname="fmdtools.sim.search" name="fmdtools.sim.search.ResultObjective.get_result_value" time="0.006" /><testcase classname="fmdtools.sim.search" name="fmdtools.sim.search.SimpleProblem" time="0.005" /><testcase classname="fmdtools.sim.search" name="fmdtools.sim.search.SingleFaultScenarioProblem" time="0.012" /><testcase classname="tests.test_graph.ModelGraphTests" name="test_fault_plot" time="0.147" /><testcase classname="tests.test_graph.ModelGraphTests" name="test_flowgraph_plot" time="0.124" /><testcase classname="tests.test_graph.ModelGraphTests" name="test_fxngraph_plot" time="0.106" /><testcase classname="tests.test_graph.ModelGraphTests" name="test_modelgraph_plot" time="0.173" /><testcase classname="tests.test_graph.ModelGraphTests" name="test_result_from_plot" time="0.105" /><testcase classname="tests.test_graph.ModelGraphTests" name="test_typegraph_plot" time="0.055" /><testcase classname="tests.test_packages.define_Tests" name="test_pdf_translation_options" time="0.004" /></testsuite></testsuites>