<?xml version="1.0" encoding="utf-8"?><testsuites><testsuite name="pytest" errors="15" failures="10" skipped="0" tests="251" time="902.885" timestamp="2023-11-22T02:47:50.691029" hostname="starlight"><testcase classname="" name="examples.multirotor.drone_mdl_urban" time="0.000"><error message="collection failure">#x1B[1m#x1B[31mexamples\multirotor\drone_mdl_urban.py#x1B[0m:5: in &lt;module&gt;
    #x1B[94mfrom#x1B[39;49;00m #x1B[04m#x1B[96mdrone_mdl_static#x1B[39;49;00m #x1B[94mimport#x1B[39;49;00m EE, Force, Control#x1B[90m#x1B[39;49;00m
#x1B[1m#x1B[31mE   ModuleNotFoundError: No module named 'drone_mdl_static'#x1B[0m</error></testcase><testcase classname="" name="examples.multirotor.opt_drone_rural" time="0.000"><error message="collection failure">#x1B[1m#x1B[31mexamples\multirotor\opt_drone_rural.py#x1B[0m:8: in &lt;module&gt;
    #x1B[94mfrom#x1B[39;49;00m #x1B[04m#x1B[96mdrone_mdl_rural#x1B[39;49;00m #x1B[94mimport#x1B[39;49;00m Drone, DroneParam, ResPolicy, DronePhysicalParameters#x1B[90m#x1B[39;49;00m
#x1B[1m#x1B[31mE   ModuleNotFoundError: No module named 'drone_mdl_rural'#x1B[0m</error></testcase><testcase classname="" name="examples.pump.jointfaults_ex" time="0.000"><error message="collection failure">#x1B[1m#x1B[31mexamples\pump\jointfaults_ex.py#x1B[0m:14: in &lt;module&gt;
    #x1B[94mfrom#x1B[39;49;00m #x1B[04m#x1B[96mex_pump#x1B[39;49;00m #x1B[94mimport#x1B[39;49;00m Pump  #x1B[90m# required to import entire module#x1B[39;49;00m#x1B[90m#x1B[39;49;00m
#x1B[1m#x1B[31mE   ModuleNotFoundError: No module named 'ex_pump'#x1B[0m</error></testcase><testcase classname="" name="examples.pump.parallelism_methods" time="0.000"><error message="collection failure">#x1B[1m#x1B[31mexamples\pump\parallelism_methods.py#x1B[0m:8: in &lt;module&gt;
    #x1B[94mfrom#x1B[39;49;00m #x1B[04m#x1B[96mex_pump#x1B[39;49;00m #x1B[94mimport#x1B[39;49;00m Pump, PumpParam#x1B[90m#x1B[39;49;00m
#x1B[1m#x1B[31mE   ModuleNotFoundError: No module named 'ex_pump'#x1B[0m</error></testcase><testcase classname="" name="examples.pump.pump_indiv" time="0.000"><error message="collection failure">#x1B[1m#x1B[31mexamples\pump\pump_indiv.py#x1B[0m:11: in &lt;module&gt;
    #x1B[94mfrom#x1B[39;49;00m #x1B[04m#x1B[96mfmdtools#x1B[39;49;00m#x1B[04m#x1B[96m.#x1B[39;49;00m#x1B[04m#x1B[96manalyze#x1B[39;49;00m #x1B[94mimport#x1B[39;49;00m plot#x1B[90m#x1B[39;49;00m
#x1B[1m#x1B[31mE   ImportError: cannot import name 'plot' from 'fmdtools.analyze' (C:\Users\dhulse\Documents\GitHub\fmdtools\fmdtools\analyze\__init__.py)#x1B[0m</error></testcase><testcase classname="" name="examples.rover.rover_degradation" time="0.000"><error message="collection failure">#x1B[1m#x1B[31mexamples\rover\rover_degradation.py#x1B[0m:12: in &lt;module&gt;
    #x1B[94mfrom#x1B[39;49;00m #x1B[04m#x1B[96mfmdtools#x1B[39;49;00m#x1B[04m#x1B[96m.#x1B[39;49;00m#x1B[04m#x1B[96msim#x1B[39;49;00m#x1B[04m#x1B[96m.#x1B[39;49;00m#x1B[04m#x1B[96msample#x1B[39;49;00m #x1B[94mimport#x1B[39;49;00m ParameterApproach#x1B[90m#x1B[39;49;00m
#x1B[1m#x1B[31mE   ImportError: cannot import name 'ParameterApproach' from 'fmdtools.sim.sample' (C:\Users\dhulse\Documents\GitHub\fmdtools\fmdtools\sim\sample.py)#x1B[0m</error></testcase><testcase classname="" name="examples.rover.rover_dump" time="0.000"><error message="collection failure">#x1B[1m#x1B[31mexamples\rover\rover_dump.py#x1B[0m:7: in &lt;module&gt;
    #x1B[94mfrom#x1B[39;49;00m #x1B[04m#x1B[96mrover_model#x1B[39;49;00m #x1B[94mimport#x1B[39;49;00m Rover, RoverParam#x1B[90m#x1B[39;49;00m
#x1B[1m#x1B[31mE   ModuleNotFoundError: No module named 'rover_model'#x1B[0m</error></testcase><testcase classname="" name="examples.rover.rover_mode_space" time="0.000"><error message="collection failure">#x1B[1m#x1B[31mexamples\rover\rover_mode_space.py#x1B[0m:7: in &lt;module&gt;
    #x1B[94mfrom#x1B[39;49;00m #x1B[04m#x1B[96mrover_model#x1B[39;49;00m #x1B[94mimport#x1B[39;49;00m Rover, RoverParam#x1B[90m#x1B[39;49;00m
#x1B[1m#x1B[31mE   ModuleNotFoundError: No module named 'rover_model'#x1B[0m</error></testcase><testcase classname="" name="examples.rover.rover_model_human" time="0.000"><error message="collection failure">#x1B[1m#x1B[31mexamples\rover\rover_model_human.py#x1B[0m:28: in &lt;module&gt;
    #x1B[94mfrom#x1B[39;49;00m #x1B[04m#x1B[96mfmdtools#x1B[39;49;00m#x1B[04m#x1B[96m.#x1B[39;49;00m#x1B[04m#x1B[96msim#x1B[39;49;00m#x1B[04m#x1B[96m.#x1B[39;49;00m#x1B[04m#x1B[96mapproach#x1B[39;49;00m #x1B[94mimport#x1B[39;49;00m SampleApproach, NominalApproach#x1B[90m#x1B[39;49;00m
#x1B[1m#x1B[31mE   ModuleNotFoundError: No module named 'fmdtools.sim.approach'#x1B[0m</error></testcase><testcase classname="" name="examples.rover.test_rover" time="0.000"><error message="collection failure">#x1B[1m#x1B[31mexamples\rover\test_rover.py#x1B[0m:8: in &lt;module&gt;
    #x1B[94mfrom#x1B[39;49;00m #x1B[04m#x1B[96mexamples#x1B[39;49;00m#x1B[04m#x1B[96m.#x1B[39;49;00m#x1B[04m#x1B[96mrover#x1B[39;49;00m#x1B[04m#x1B[96m.#x1B[39;49;00m#x1B[04m#x1B[96moptimization#x1B[39;49;00m#x1B[04m#x1B[96m.#x1B[39;49;00m#x1B[04m#x1B[96msearch_rover#x1B[39;49;00m #x1B[94mimport#x1B[39;49;00m line_dist, line_dist_faster#x1B[90m#x1B[39;49;00m
#x1B[1m#x1B[31mexamples\rover\optimization\search_rover.py#x1B[0m:10: in &lt;module&gt;
    #x1B[94mfrom#x1B[39;49;00m #x1B[04m#x1B[96mfmdtools#x1B[39;49;00m#x1B[04m#x1B[96m.#x1B[39;49;00m#x1B[04m#x1B[96msim#x1B[39;49;00m#x1B[04m#x1B[96m.#x1B[39;49;00m#x1B[04m#x1B[96mapproach#x1B[39;49;00m #x1B[94mimport#x1B[39;49;00m SampleApproach#x1B[90m#x1B[39;49;00m
#x1B[1m#x1B[31mE   ModuleNotFoundError: No module named 'fmdtools.sim.approach'#x1B[0m</error><error message="collection failure">#x1B[31mImportError while importing test module 'C:\Users\dhulse\Documents\GitHub\fmdtools\examples\rover\test_rover.py'.
Hint: make sure your test modules/packages have valid Python names.
Traceback:
#x1B[1m#x1B[31m..\..\..\AppData\Local\anaconda3\lib\importlib\__init__.py#x1B[0m:126: in import_module
    #x1B[94mreturn#x1B[39;49;00m _bootstrap._gcd_import(name[level:], package, level)#x1B[90m#x1B[39;49;00m
#x1B[1m#x1B[31mexamples\rover\test_rover.py#x1B[0m:8: in &lt;module&gt;
    #x1B[94mfrom#x1B[39;49;00m #x1B[04m#x1B[96mexamples#x1B[39;49;00m#x1B[04m#x1B[96m.#x1B[39;49;00m#x1B[04m#x1B[96mrover#x1B[39;49;00m#x1B[04m#x1B[96m.#x1B[39;49;00m#x1B[04m#x1B[96moptimization#x1B[39;49;00m#x1B[04m#x1B[96m.#x1B[39;49;00m#x1B[04m#x1B[96msearch_rover#x1B[39;49;00m #x1B[94mimport#x1B[39;49;00m line_dist, line_dist_faster#x1B[90m#x1B[39;49;00m
#x1B[1m#x1B[31mexamples\rover\optimization\search_rover.py#x1B[0m:10: in &lt;module&gt;
    #x1B[94mfrom#x1B[39;49;00m #x1B[04m#x1B[96mfmdtools#x1B[39;49;00m#x1B[04m#x1B[96m.#x1B[39;49;00m#x1B[04m#x1B[96msim#x1B[39;49;00m#x1B[04m#x1B[96m.#x1B[39;49;00m#x1B[04m#x1B[96mapproach#x1B[39;49;00m #x1B[94mimport#x1B[39;49;00m SampleApproach#x1B[90m#x1B[39;49;00m
#x1B[1m#x1B[31mE   ModuleNotFoundError: No module named 'fmdtools.sim.approach'#x1B[0m#x1B[0m</error></testcase><testcase classname="" name="examples.rover.optimization.animation" time="0.000"><error message="collection failure">#x1B[1m#x1B[31mexamples\rover\optimization\animation.py#x1B[0m:24: in &lt;module&gt;
    dfccea = pd.read_csv(#x1B[33m'#x1B[39;49;00m#x1B[33mccea_species.csv#x1B[39;49;00m#x1B[33m'#x1B[39;49;00m)#x1B[90m#x1B[39;49;00m
#x1B[1m#x1B[31m..\..\..\AppData\Roaming\Python\Python310\site-packages\pandas\io\parsers\readers.py#x1B[0m:912: in read_csv
    #x1B[94mreturn#x1B[39;49;00m _read(filepath_or_buffer, kwds)#x1B[90m#x1B[39;49;00m
#x1B[1m#x1B[31m..\..\..\AppData\Roaming\Python\Python310\site-packages\pandas\io\parsers\readers.py#x1B[0m:577: in _read
    parser = TextFileReader(filepath_or_buffer, **kwds)#x1B[90m#x1B[39;49;00m
#x1B[1m#x1B[31m..\..\..\AppData\Roaming\Python\Python310\site-packages\pandas\io\parsers\readers.py#x1B[0m:1407: in __init__
    #x1B[96mself#x1B[39;49;00m._engine = #x1B[96mself#x1B[39;49;00m._make_engine(f, #x1B[96mself#x1B[39;49;00m.engine)#x1B[90m#x1B[39;49;00m
#x1B[1m#x1B[31m..\..\..\AppData\Roaming\Python\Python310\site-packages\pandas\io\parsers\readers.py#x1B[0m:1661: in _make_engine
    #x1B[96mself#x1B[39;49;00m.handles = get_handle(#x1B[90m#x1B[39;49;00m
#x1B[1m#x1B[31m..\..\..\AppData\Roaming\Python\Python310\site-packages\pandas\io\common.py#x1B[0m:859: in get_handle
    handle = #x1B[96mopen#x1B[39;49;00m(#x1B[90m#x1B[39;49;00m
#x1B[1m#x1B[31mE   FileNotFoundError: [Errno 2] No such file or directory: 'ccea_species.csv'#x1B[0m</error></testcase><testcase classname="" name="examples.rover.optimization.ea_analysis" time="0.000"><error message="collection failure">#x1B[1m#x1B[31mexamples\rover\optimization\ea_analysis.py#x1B[0m:11: in &lt;module&gt;
    dfea = pd.read_csv(#x1B[33m'#x1B[39;49;00m#x1B[33mrslt_ea.csv#x1B[39;49;00m#x1B[33m'#x1B[39;49;00m)#x1B[90m#x1B[39;49;00m
#x1B[1m#x1B[31m..\..\..\AppData\Roaming\Python\Python310\site-packages\pandas\io\parsers\readers.py#x1B[0m:912: in read_csv
    #x1B[94mreturn#x1B[39;49;00m _read(filepath_or_buffer, kwds)#x1B[90m#x1B[39;49;00m
#x1B[1m#x1B[31m..\..\..\AppData\Roaming\Python\Python310\site-packages\pandas\io\parsers\readers.py#x1B[0m:577: in _read
    parser = TextFileReader(filepath_or_buffer, **kwds)#x1B[90m#x1B[39;49;00m
#x1B[1m#x1B[31m..\..\..\AppData\Roaming\Python\Python310\site-packages\pandas\io\parsers\readers.py#x1B[0m:1407: in __init__
    #x1B[96mself#x1B[39;49;00m._engine = #x1B[96mself#x1B[39;49;00m._make_engine(f, #x1B[96mself#x1B[39;49;00m.engine)#x1B[90m#x1B[39;49;00m
#x1B[1m#x1B[31m..\..\..\AppData\Roaming\Python\Python310\site-packages\pandas\io\parsers\readers.py#x1B[0m:1661: in _make_engine
    #x1B[96mself#x1B[39;49;00m.handles = get_handle(#x1B[90m#x1B[39;49;00m
#x1B[1m#x1B[31m..\..\..\AppData\Roaming\Python\Python310\site-packages\pandas\io\common.py#x1B[0m:859: in get_handle
    handle = #x1B[96mopen#x1B[39;49;00m(#x1B[90m#x1B[39;49;00m
#x1B[1m#x1B[31mE   FileNotFoundError: [Errno 2] No such file or directory: 'rslt_ea.csv'#x1B[0m</error></testcase><testcase classname="" name="examples.rover.optimization.search_rover" time="0.000"><error message="collection failure">#x1B[1m#x1B[31mexamples\rover\optimization\search_rover.py#x1B[0m:10: in &lt;module&gt;
    #x1B[94mfrom#x1B[39;49;00m #x1B[04m#x1B[96mfmdtools#x1B[39;49;00m#x1B[04m#x1B[96m.#x1B[39;49;00m#x1B[04m#x1B[96msim#x1B[39;49;00m#x1B[04m#x1B[96m.#x1B[39;49;00m#x1B[04m#x1B[96mapproach#x1B[39;49;00m #x1B[94mimport#x1B[39;49;00m SampleApproach#x1B[90m#x1B[39;49;00m
#x1B[1m#x1B[31mE   ModuleNotFoundError: No module named 'fmdtools.sim.approach'#x1B[0m</error></testcase><testcase classname="" name="examples.tank.tank_script" time="0.000"><error message="collection failure">#x1B[1m#x1B[31mexamples\tank\tank_script.py#x1B[0m:13: in &lt;module&gt;
    #x1B[94mfrom#x1B[39;49;00m #x1B[04m#x1B[96mtank_model#x1B[39;49;00m #x1B[94mimport#x1B[39;49;00m Tank#x1B[90m#x1B[39;49;00m
#x1B[1m#x1B[31mE   ModuleNotFoundError: No module named 'tank_model'#x1B[0m</error></testcase><testcase classname="examples.asg_demo.Action_Sequence_Graph.ipynb" name="" time="8.718" /><testcase classname="examples.eps.EPS_Example_Notebook.ipynb" name="" time="6.033" /><testcase classname="examples.eps.test_eps.epsTests" name="test_all_faults" time="0.450" /><testcase classname="examples.eps.test_eps.epsTests" name="test_backward_fault_prop_1" time="0.019" /><testcase classname="examples.eps.test_eps.epsTests" name="test_backward_fault_prop_2" time="0.018" /><testcase classname="examples.eps.test_eps.epsTests" name="test_fault_app" time="43.333" /><testcase classname="examples.eps.test_eps.epsTests" name="test_multfault_saving" time="0.073" /><testcase classname="examples.eps.test_eps.epsTests" name="test_nominal_saving" time="0.056" /><testcase classname="examples.eps.test_eps.epsTests" name="test_pickleability" time="0.006" /><testcase classname="examples.eps.test_eps.epsTests" name="test_save_load_onefault" time="0.063" /><testcase classname="examples.eps.test_eps.epsTests" name="test_save_load_singlefaults" time="1.406" /><testcase classname="examples.multiflow_demo.Multiflow_and_Commsflow_Demonstration.ipynb" name="" time="4.286" /><testcase classname="examples.multiflow_demo.test_multiflow.define_Tests" name="test_multiflows" time="0.020" /><testcase classname="examples.multirotor.Demonstration.ipynb" name="" time="9.617"><failure message="#x1B[1;31mKeyError#x1B[0m: 'expected cost'">---------------------------------------------------------------------------
print(static_fmea.sort_values('expected cost', ascending=False).to_latex())
#x1B[1;31m---------------------------------------------------------------------------#x1B[0m
#x1B[1;31mKeyError#x1B[0m                                  Traceback (most recent call last)
Cell #x1B[1;32mIn[21], line 1#x1B[0m
#x1B[1;32m----&gt; 1#x1B[0m #x1B[38;5;28mprint#x1B[39m(#x1B[43mstatic_fmea#x1B[49m#x1B[38;5;241;43m.#x1B[39;49m#x1B[43msort_values#x1B[49m#x1B[43m(#x1B[49m#x1B[38;5;124;43m'#x1B[39;49m#x1B[38;5;124;43mexpected cost#x1B[39;49m#x1B[38;5;124;43m'#x1B[39;49m#x1B[43m,#x1B[49m#x1B[43m #x1B[49m#x1B[43mascending#x1B[49m#x1B[38;5;241;43m=#x1B[39;49m#x1B[38;5;28;43;01mFalse#x1B[39;49;00m#x1B[43m)#x1B[49m#x1B[38;5;241m.#x1B[39mto_latex())

File #x1B[1;32m~\AppData\Roaming\Python\Python310\site-packages\pandas\core\frame.py:6758#x1B[0m, in #x1B[0;36mDataFrame.sort_values#x1B[1;34m(self, by, axis, ascending, inplace, kind, na_position, ignore_index, key)#x1B[0m
#x1B[0;32m   6754#x1B[0m #x1B[38;5;28;01melif#x1B[39;00m #x1B[38;5;28mlen#x1B[39m(by):
#x1B[0;32m   6755#x1B[0m     #x1B[38;5;66;03m# len(by) == 1#x1B[39;00m
#x1B[0;32m   6757#x1B[0m     by #x1B[38;5;241m=#x1B[39m by[#x1B[38;5;241m0#x1B[39m]
#x1B[1;32m-&gt; 6758#x1B[0m     k #x1B[38;5;241m=#x1B[39m #x1B[38;5;28;43mself#x1B[39;49m#x1B[38;5;241;43m.#x1B[39;49m#x1B[43m_get_label_or_level_values#x1B[49m#x1B[43m(#x1B[49m#x1B[43mby#x1B[49m#x1B[43m,#x1B[49m#x1B[43m #x1B[49m#x1B[43maxis#x1B[49m#x1B[38;5;241;43m=#x1B[39;49m#x1B[43maxis#x1B[49m#x1B[43m)#x1B[49m
#x1B[0;32m   6760#x1B[0m     #x1B[38;5;66;03m# need to rewrap column in Series to apply key function#x1B[39;00m
#x1B[0;32m   6761#x1B[0m     #x1B[38;5;28;01mif#x1B[39;00m key #x1B[38;5;129;01mis#x1B[39;00m #x1B[38;5;129;01mnot#x1B[39;00m #x1B[38;5;28;01mNone#x1B[39;00m:
#x1B[0;32m   6762#x1B[0m         #x1B[38;5;66;03m# error: Incompatible types in assignment (expression has type#x1B[39;00m
#x1B[0;32m   6763#x1B[0m         #x1B[38;5;66;03m# "Series", variable has type "ndarray")#x1B[39;00m

File #x1B[1;32m~\AppData\Roaming\Python\Python310\site-packages\pandas\core\generic.py:1778#x1B[0m, in #x1B[0;36mNDFrame._get_label_or_level_values#x1B[1;34m(self, key, axis)#x1B[0m
#x1B[0;32m   1776#x1B[0m     values #x1B[38;5;241m=#x1B[39m #x1B[38;5;28mself#x1B[39m#x1B[38;5;241m.#x1B[39maxes[axis]#x1B[38;5;241m.#x1B[39mget_level_values(key)#x1B[38;5;241m.#x1B[39m_values
#x1B[0;32m   1777#x1B[0m #x1B[38;5;28;01melse#x1B[39;00m:
#x1B[1;32m-&gt; 1778#x1B[0m     #x1B[38;5;28;01mraise#x1B[39;00m #x1B[38;5;167;01mKeyError#x1B[39;00m(key)
#x1B[0;32m   1780#x1B[0m #x1B[38;5;66;03m# Check for duplicates#x1B[39;00m
#x1B[0;32m   1781#x1B[0m #x1B[38;5;28;01mif#x1B[39;00m values#x1B[38;5;241m.#x1B[39mndim #x1B[38;5;241m&gt;#x1B[39m #x1B[38;5;241m1#x1B[39m:

#x1B[1;31mKeyError#x1B[0m: 'expected cost'</failure></testcase><testcase classname="examples.multirotor.Multirotor_Optimization.ipynb" name="" time="26.493" /><testcase classname="examples.multirotor.Urban_Drone_Demo.ipynb" name="" time="66.446" /><testcase classname="examples.multirotor.drone_mdl_dynamic" name="examples.multirotor.drone_mdl_dynamic.AffectDOF.inc_pos" time="0.007" /><testcase classname="examples.multirotor.drone_mdl_dynamic" name="examples.multirotor.drone_mdl_dynamic.PlanPath.assign_vectdist_to_goal" time="0.005" /><testcase classname="examples.multirotor.drone_mdl_dynamic" name="examples.multirotor.drone_mdl_dynamic.PlanPath.calc_dist_to_goal" time="0.006" /><testcase classname="examples.multirotor.drone_mdl_hierarchical" name="examples.multirotor.drone_mdl_hierarchical.AffectDOF.calc_pwr" time="0.007" /><testcase classname="examples.multirotor.drone_mdl_static" name="examples.multirotor.drone_mdl_static.AffectDOF.behavior" time="0.005" /><testcase classname="examples.multirotor.drone_mdl_static" name="examples.multirotor.drone_mdl_static.CtlDOF.behavior" time="0.007" /><testcase classname="examples.multirotor.drone_mdl_static" name="examples.multirotor.drone_mdl_static.DesTrajState.dist2d" time="0.006" /><testcase classname="examples.multirotor.drone_mdl_static" name="examples.multirotor.drone_mdl_static.DesTrajState.unit_vect2d" time="0.005" /><testcase classname="examples.multirotor.drone_mdl_static" name="examples.multirotor.drone_mdl_static.DistEE.behavior" time="0.008" /><testcase classname="examples.multirotor.drone_mdl_static" name="examples.multirotor.drone_mdl_static.HoldPayload.behavior" time="0.006" /><testcase classname="examples.multirotor.drone_mdl_static" name="examples.multirotor.drone_mdl_static.PlanPath.behavior" time="0.006" /><testcase classname="examples.multirotor.test_multirotor.DroneParameterTests" name="test_objectives" time="0.067" /><testcase classname="examples.multirotor.test_multirotor.DroneParameterTests" name="test_param_domain_1" time="0.001" /><testcase classname="examples.multirotor.test_multirotor.DroneParameterTests" name="test_param_domain_2" time="0.001" /><testcase classname="examples.multirotor.test_multirotor.DroneParameterTests" name="test_set_constraints_1" time="0.001" /><testcase classname="examples.multirotor.test_multirotor.DroneParameterTests" name="test_set_constraints_2" time="0.001" /><testcase classname="examples.multirotor.test_multirotor.DroneParameterTests" name="test_sim_mdl" time="0.041" /><testcase classname="examples.multirotor.test_multirotor.DroneScenarioTest" name="test_scenprob_results" time="0.156" /><testcase classname="examples.multirotor.test_multirotor.DroneScenarioTest2" name="test_scenprob_results" time="0.114" /><testcase classname="examples.multirotor.test_multirotor.DroneScenarioTest3" name="test_scenprob_results" time="0.103" /><testcase classname="examples.multirotor.test_multirotor.DroneDisturbanceTest" name="test_disturbance_set" time="0.070" /><testcase classname="examples.pump.AST_Sampling.ipynb" name="" time="0.040"><failure message="Error - No such kernel: 'julia-1.8'">Error - No such kernel: 'julia-1.8'</failure></testcase><testcase classname="examples.pump.Optimization.ipynb" name="" time="26.014" /><testcase classname="examples.pump.Parallelism_Tutorial.ipynb" name="" time="165.138" /><testcase classname="examples.pump.Pump_Example_Notebook.ipynb" name="" time="17.627" /><testcase classname="examples.pump.Stochastic_Modelling.ipynb" name="" time="52.823" /><testcase classname="examples.pump.Tutorial_complete.ipynb" name="" time="7.069" /><testcase classname="examples.pump.Tutorial_unfilled.ipynb" name="" time="4.223"><failure message="#x1B[1;31mNameError#x1B[0m: name 'mdl' is not defined">---------------------------------------------------------------------------
mdl.fxns
#x1B[1;31m---------------------------------------------------------------------------#x1B[0m
#x1B[1;31mNameError#x1B[0m                                 Traceback (most recent call last)
Cell #x1B[1;32mIn[4], line 1#x1B[0m
#x1B[1;32m----&gt; 1#x1B[0m #x1B[43mmdl#x1B[49m#x1B[38;5;241m.#x1B[39mfxns

#x1B[1;31mNameError#x1B[0m: name 'mdl' is not defined</failure></testcase><testcase classname="examples.pump.test_pump.PumpTests" name="test_app_prop_values" time="0.082" /><testcase classname="examples.pump.test_pump.PumpTests" name="test_approach_cost_calc" time="7.764" /><testcase classname="examples.pump.test_pump.PumpTests" name="test_approach_parallelism" time="13.286" /><testcase classname="examples.pump.test_pump.PumpTests" name="test_dynamic_prop_values" time="0.077" /><testcase classname="examples.pump.test_pump.PumpTests" name="test_dynamic_prop_values_2" time="0.163" /><testcase classname="examples.pump.test_pump.PumpTests" name="test_fault_sample_isave" time="1.355" /><testcase classname="examples.pump.test_pump.PumpTests" name="test_fault_sample_save" time="0.961" /><testcase classname="examples.pump.test_pump.PumpTests" name="test_fmea_options" time="0.136" /><testcase classname="examples.pump.test_pump.PumpTests" name="test_model_copy_different" time="0.346" /><testcase classname="examples.pump.test_pump.PumpTests" name="test_model_copy_same" time="0.555" /><testcase classname="examples.pump.test_pump.PumpTests" name="test_model_reset" time="0.605" /><testcase classname="examples.pump.test_pump.PumpTests" name="test_nested_sample_isave" time="9.953" /><testcase classname="examples.pump.test_pump.PumpTests" name="test_nested_sample_save" time="9.705" /><testcase classname="examples.pump.test_pump.PumpTests" name="test_nominal_save" time="0.066" /><testcase classname="examples.pump.test_pump.PumpTests" name="test_one_run_csv" time="0.036" /><testcase classname="examples.pump.test_pump.PumpTests" name="test_one_run_json" time="0.036" /><testcase classname="examples.pump.test_pump.PumpTests" name="test_one_run_pickle" time="0.036" /><testcase classname="examples.pump.test_pump.PumpTests" name="test_onefault_save" time="0.097" /><testcase classname="examples.pump.test_pump.PumpTests" name="test_param_sample_isave" time="0.567" /><testcase classname="examples.pump.test_pump.PumpTests" name="test_param_sample_save" time="0.409" /><testcase classname="examples.pump.test_pump.PumpTests" name="test_pickleability" time="0.011" /><testcase classname="examples.pump.test_pump.PumpTests" name="test_save_load_multfault" time="0.107" /><testcase classname="examples.pump.test_pump.PumpTests" name="test_single_faults_isave" time="1.339" /><testcase classname="examples.pump.test_pump.PumpTests" name="test_single_faults_save" time="0.951" /><testcase classname="examples.pump.test_pump.PumpTests" name="test_value_setting" time="0.011" /><testcase classname="examples.pump.test_pump.PumpTests" name="test_value_setting_dict" time="0.009" /><testcase classname="examples.pump.test_pump_example.ImportEE_Tests" name="test_behave_inf_v" time="0.002" /><testcase classname="examples.pump.test_pump_example.ImportEE_Tests" name="test_behave_no_v" time="0.001" /><testcase classname="examples.pump.test_pump_example.ImportEE_Tests" name="test_behave_nom" time="0.001" /><testcase classname="examples.pump.test_pump_example.ImportEE_Tests" name="test_condfaults_hi" time="0.002" /><testcase classname="examples.pump.test_pump_example.ImportEE_Tests" name="test_condfaults_nom" time="0.001" /><testcase classname="examples.pump.test_pump_example.ImportEE_Tests" name="test_initialization" time="0.002" /><testcase classname="examples.pump.test_pump_example.MoveWat_Tests" name="test_condfaults_dynamic" time="0.002" /><testcase classname="examples.pump.test_pump_example.MoveWat_Tests" name="test_initialization" time="0.001" /><testcase classname="examples.pump.test_pump_example.MoveWat_Tests" name="test_nom" time="0.002" /><testcase classname="examples.pump.test_pump_example.Integration_Tests" name="test_blockage_results" time="0.059" /><testcase classname="examples.pump.test_pump_example.Integration_Tests" name="test_blockage_static" time="0.005" /><testcase classname="examples.pump.test_pump_example.Integration_Tests" name="test_nominal_results" time="0.030" /><testcase classname="examples.pump.test_pump_stochastic.StochasticPumpTests" name="test_mdl_pickle" time="0.648" /><testcase classname="examples.pump.test_pump_stochastic.StochasticPumpTests" name="test_model_copy_different" time="0.400" /><testcase classname="examples.pump.test_pump_stochastic.StochasticPumpTests" name="test_model_copy_same" time="0.499" /><testcase classname="examples.pump.test_pump_stochastic.StochasticPumpTests" name="test_model_reset" time="0.654" /><testcase classname="examples.pump.test_pump_stochastic.StochasticPumpTests" name="test_model_set_vars" time="0.009" /><testcase classname="examples.pump.test_pump_stochastic.StochasticPumpTests" name="test_nested_sample_isave" time="24.107" /><testcase classname="examples.pump.test_pump_stochastic.StochasticPumpTests" name="test_nested_sample_save" time="24.772" /><testcase classname="examples.pump.test_pump_stochastic.StochasticPumpTests" name="test_param_sample_isave" time="5.923" /><testcase classname="examples.pump.test_pump_stochastic.StochasticPumpTests" name="test_param_sample_save" time="6.064" /><testcase classname="examples.pump.test_pump_stochastic.StochasticPumpTests" name="test_plot_nested_hists" time="6.589" /><testcase classname="examples.pump.test_pump_stochastic.StochasticPumpTests" name="test_plot_nominal_vals" time="0.842" /><testcase classname="examples.pump.test_pump_stochastic.StochasticPumpTests" name="test_plot_nominal_vals_xd" time="37.198" /><testcase classname="examples.pump.test_pump_stochastic.StochasticPumpTests" name="test_rand_paramsample_plot" time="4.913" /><testcase classname="examples.pump.test_pump_stochastic.StochasticPumpTests" name="test_run_approach" time="32.442" /><testcase classname="examples.pump.test_pump_stochastic.StochasticPumpTests" name="test_run_safety" time="4.480" /><testcase classname="examples.pump.test_pump_stochastic.StochasticPumpTests" name="test_set_seeds" time="0.032" /><testcase classname="examples.pump.test_pump_stochastic.StochasticPumpTests" name="test_stochastic_pdf" time="0.013" /><testcase classname="examples.rover.FaultSample_Use-Cases.ipynb" name="" time="8.757" /><testcase classname="examples.rover.Model_Structure_Visualization_Tutorial.ipynb" name="" time="21.736" /><testcase classname="examples.rover.ParameterSample_Use-Cases.ipynb" name="" time="74.977" /><testcase classname="examples.rover.Rover_Setup_Notebook.ipynb" name="" time="22.331" /><testcase classname="examples.rover.rover_model" name="examples.rover.rover_model.Drive.drive_nominal" time="0.016" /><testcase classname="examples.rover.HFAC_Analyses.HFAC_Analyses.ipynb" name="" time="7.117"><failure message="#x1B[1;31mModuleNotFoundError#x1B[0m: No module named 'fmdtools.sim.approach'">---------------------------------------------------------------------------
from fmdtools.sim.approach import SampleApproach, NominalApproach
import fmdtools.analyze as an
import fmdtools.sim.propagate as prop
import numpy as np
import matplotlib.pyplot as plt
plt.rcParams['pdf.fonttype'] = 42
import multiprocessing as mp
import scipy.stats as stats


import multiprocessing as mp
#x1B[1;31m---------------------------------------------------------------------------#x1B[0m
#x1B[1;31mModuleNotFoundError#x1B[0m                       Traceback (most recent call last)
Cell #x1B[1;32mIn[1], line 1#x1B[0m
#x1B[1;32m----&gt; 1#x1B[0m #x1B[38;5;28;01mfrom#x1B[39;00m #x1B[38;5;21;01mfmdtools#x1B[39;00m#x1B[38;5;21;01m.#x1B[39;00m#x1B[38;5;21;01msim#x1B[39;00m#x1B[38;5;21;01m.#x1B[39;00m#x1B[38;5;21;01mapproach#x1B[39;00m #x1B[38;5;28;01mimport#x1B[39;00m SampleApproach, NominalApproach
#x1B[0;32m      2#x1B[0m #x1B[38;5;28;01mimport#x1B[39;00m #x1B[38;5;21;01mfmdtools#x1B[39;00m#x1B[38;5;21;01m.#x1B[39;00m#x1B[38;5;21;01manalyze#x1B[39;00m #x1B[38;5;28;01mas#x1B[39;00m #x1B[38;5;21;01man#x1B[39;00m
#x1B[0;32m      3#x1B[0m #x1B[38;5;28;01mimport#x1B[39;00m #x1B[38;5;21;01mfmdtools#x1B[39;00m#x1B[38;5;21;01m.#x1B[39;00m#x1B[38;5;21;01msim#x1B[39;00m#x1B[38;5;21;01m.#x1B[39;00m#x1B[38;5;21;01mpropagate#x1B[39;00m #x1B[38;5;28;01mas#x1B[39;00m #x1B[38;5;21;01mprop#x1B[39;00m

#x1B[1;31mModuleNotFoundError#x1B[0m: No module named 'fmdtools.sim.approach'</failure></testcase><testcase classname="examples.rover.HFAC_Analyses.IDETC_Human_Paper_Analysis.ipynb" name="" time="2.674"><failure message="#x1B[1;31mModuleNotFoundError#x1B[0m: No module named 'rover_model_human'">---------------------------------------------------------------------------
from rover_model_human import Rover, gen_params
from rover_model import plot_map, plot_trajectories
import fmdtools.analyze as an
import fmdtools.sim.propagate as prop
from fmdtools.sim.approach import SampleApproach, NominalApproach

import numpy as np
import matplotlib.pyplot as plt
#x1B[1;31m---------------------------------------------------------------------------#x1B[0m
#x1B[1;31mModuleNotFoundError#x1B[0m                       Traceback (most recent call last)
Cell #x1B[1;32mIn[1], line 1#x1B[0m
#x1B[1;32m----&gt; 1#x1B[0m #x1B[38;5;28;01mfrom#x1B[39;00m #x1B[38;5;21;01mrover_model_human#x1B[39;00m #x1B[38;5;28;01mimport#x1B[39;00m Rover, gen_params
#x1B[0;32m      2#x1B[0m #x1B[38;5;28;01mfrom#x1B[39;00m #x1B[38;5;21;01mrover_model#x1B[39;00m #x1B[38;5;28;01mimport#x1B[39;00m plot_map, plot_trajectories
#x1B[0;32m      3#x1B[0m #x1B[38;5;28;01mimport#x1B[39;00m #x1B[38;5;21;01mfmdtools#x1B[39;00m#x1B[38;5;21;01m.#x1B[39;00m#x1B[38;5;21;01manalyze#x1B[39;00m #x1B[38;5;28;01mas#x1B[39;00m #x1B[38;5;21;01man#x1B[39;00m

#x1B[1;31mModuleNotFoundError#x1B[0m: No module named 'rover_model_human'</failure></testcase><testcase classname="examples.rover.degradation_modelling.Degradation_Modelling_Notebook.ipynb" name="" time="4.304"><failure message="#x1B[1;31mModuleNotFoundError#x1B[0m: No module named 'fmdtools.sim.approach'">---------------------------------------------------------------------------
from fmdtools.sim.approach import SampleApproach, NominalApproach
import fmdtools.analyze as an
import fmdtools.sim.propagate as prop
import numpy as np
import matplotlib.pyplot as plt
import multiprocessing as mp
import scipy.stats as stats


import multiprocessing as mp
#x1B[1;31m---------------------------------------------------------------------------#x1B[0m
#x1B[1;31mModuleNotFoundError#x1B[0m                       Traceback (most recent call last)
Cell #x1B[1;32mIn[1], line 1#x1B[0m
#x1B[1;32m----&gt; 1#x1B[0m #x1B[38;5;28;01mfrom#x1B[39;00m #x1B[38;5;21;01mfmdtools#x1B[39;00m#x1B[38;5;21;01m.#x1B[39;00m#x1B[38;5;21;01msim#x1B[39;00m#x1B[38;5;21;01m.#x1B[39;00m#x1B[38;5;21;01mapproach#x1B[39;00m #x1B[38;5;28;01mimport#x1B[39;00m SampleApproach, NominalApproach
#x1B[0;32m      2#x1B[0m #x1B[38;5;28;01mimport#x1B[39;00m #x1B[38;5;21;01mfmdtools#x1B[39;00m#x1B[38;5;21;01m.#x1B[39;00m#x1B[38;5;21;01manalyze#x1B[39;00m #x1B[38;5;28;01mas#x1B[39;00m #x1B[38;5;21;01man#x1B[39;00m
#x1B[0;32m      3#x1B[0m #x1B[38;5;28;01mimport#x1B[39;00m #x1B[38;5;21;01mfmdtools#x1B[39;00m#x1B[38;5;21;01m.#x1B[39;00m#x1B[38;5;21;01msim#x1B[39;00m#x1B[38;5;21;01m.#x1B[39;00m#x1B[38;5;21;01mpropagate#x1B[39;00m #x1B[38;5;28;01mas#x1B[39;00m #x1B[38;5;21;01mprop#x1B[39;00m

#x1B[1;31mModuleNotFoundError#x1B[0m: No module named 'fmdtools.sim.approach'</failure></testcase><testcase classname="examples.rover.fault_sampling.Rover_Mode_Notebook.ipynb" name="" time="4.333"><failure message="#x1B[1;31mModuleNotFoundError#x1B[0m: No module named 'fmdtools.sim.approach'">---------------------------------------------------------------------------
from fmdtools.sim.approach import SampleApproach
import fmdtools.analyze as an
import fmdtools.sim.propagate as prop
import matplotlib.pyplot as plt
plt.rcParams['pdf.fonttype'] = 42
import multiprocessing as mp
import pandas as pd
import time
#x1B[1;31m---------------------------------------------------------------------------#x1B[0m
#x1B[1;31mModuleNotFoundError#x1B[0m                       Traceback (most recent call last)
Cell #x1B[1;32mIn[1], line 1#x1B[0m
#x1B[1;32m----&gt; 1#x1B[0m #x1B[38;5;28;01mfrom#x1B[39;00m #x1B[38;5;21;01mfmdtools#x1B[39;00m#x1B[38;5;21;01m.#x1B[39;00m#x1B[38;5;21;01msim#x1B[39;00m#x1B[38;5;21;01m.#x1B[39;00m#x1B[38;5;21;01mapproach#x1B[39;00m #x1B[38;5;28;01mimport#x1B[39;00m SampleApproach
#x1B[0;32m      2#x1B[0m #x1B[38;5;28;01mimport#x1B[39;00m #x1B[38;5;21;01mfmdtools#x1B[39;00m#x1B[38;5;21;01m.#x1B[39;00m#x1B[38;5;21;01manalyze#x1B[39;00m #x1B[38;5;28;01mas#x1B[39;00m #x1B[38;5;21;01man#x1B[39;00m
#x1B[0;32m      3#x1B[0m #x1B[38;5;28;01mimport#x1B[39;00m #x1B[38;5;21;01mfmdtools#x1B[39;00m#x1B[38;5;21;01m.#x1B[39;00m#x1B[38;5;21;01msim#x1B[39;00m#x1B[38;5;21;01m.#x1B[39;00m#x1B[38;5;21;01mpropagate#x1B[39;00m #x1B[38;5;28;01mas#x1B[39;00m #x1B[38;5;21;01mprop#x1B[39;00m

#x1B[1;31mModuleNotFoundError#x1B[0m: No module named 'fmdtools.sim.approach'</failure></testcase><testcase classname="examples.rover.optimization.Rover_Response_Optimization.ipynb" name="" time="4.235"><failure message="#x1B[1;31mModuleNotFoundError#x1B[0m: No module named 'fmdtools.sim.approach'">---------------------------------------------------------------------------
from fmdtools.sim.approach import SampleApproach
import fmdtools.analyze as an
import fmdtools.sim.propagate as prop
import fmdtools.sim.search as search
import matplotlib.pyplot as plt
import multiprocessing as mp
import time
#x1B[1;31m---------------------------------------------------------------------------#x1B[0m
#x1B[1;31mModuleNotFoundError#x1B[0m                       Traceback (most recent call last)
Cell #x1B[1;32mIn[1], line 1#x1B[0m
#x1B[1;32m----&gt; 1#x1B[0m #x1B[38;5;28;01mfrom#x1B[39;00m #x1B[38;5;21;01mfmdtools#x1B[39;00m#x1B[38;5;21;01m.#x1B[39;00m#x1B[38;5;21;01msim#x1B[39;00m#x1B[38;5;21;01m.#x1B[39;00m#x1B[38;5;21;01mapproach#x1B[39;00m #x1B[38;5;28;01mimport#x1B[39;00m SampleApproach
#x1B[0;32m      2#x1B[0m #x1B[38;5;28;01mimport#x1B[39;00m #x1B[38;5;21;01mfmdtools#x1B[39;00m#x1B[38;5;21;01m.#x1B[39;00m#x1B[38;5;21;01manalyze#x1B[39;00m #x1B[38;5;28;01mas#x1B[39;00m #x1B[38;5;21;01man#x1B[39;00m
#x1B[0;32m      3#x1B[0m #x1B[38;5;28;01mimport#x1B[39;00m #x1B[38;5;21;01mfmdtools#x1B[39;00m#x1B[38;5;21;01m.#x1B[39;00m#x1B[38;5;21;01msim#x1B[39;00m#x1B[38;5;21;01m.#x1B[39;00m#x1B[38;5;21;01mpropagate#x1B[39;00m #x1B[38;5;28;01mas#x1B[39;00m #x1B[38;5;21;01mprop#x1B[39;00m

#x1B[1;31mModuleNotFoundError#x1B[0m: No module named 'fmdtools.sim.approach'</failure></testcase><testcase classname="examples.rover.optimization.Search_Comparison.ipynb" name="" time="4.476"><failure message="#x1B[1;31mModuleNotFoundError#x1B[0m: No module named 'fmdtools.sim.approach'">---------------------------------------------------------------------------
from search_rover import *
import pandas as pd
#x1B[1;31m---------------------------------------------------------------------------#x1B[0m
#x1B[1;31mModuleNotFoundError#x1B[0m                       Traceback (most recent call last)
Cell #x1B[1;32mIn[1], line 1#x1B[0m
#x1B[1;32m----&gt; 1#x1B[0m #x1B[38;5;28;01mfrom#x1B[39;00m #x1B[38;5;21;01msearch_rover#x1B[39;00m #x1B[38;5;28;01mimport#x1B[39;00m #x1B[38;5;241m*#x1B[39m
#x1B[0;32m      2#x1B[0m #x1B[38;5;28;01mimport#x1B[39;00m #x1B[38;5;21;01mpandas#x1B[39;00m #x1B[38;5;28;01mas#x1B[39;00m #x1B[38;5;21;01mpd#x1B[39;00m

File #x1B[1;32m~\Documents\GitHub\fmdtools\examples\rover\optimization\search_rover.py:10#x1B[0m
#x1B[0;32m      8#x1B[0m #x1B[38;5;28;01mimport#x1B[39;00m #x1B[38;5;21;01mfmdtools#x1B[39;00m#x1B[38;5;21;01m.#x1B[39;00m#x1B[38;5;21;01msim#x1B[39;00m#x1B[38;5;21;01m.#x1B[39;00m#x1B[38;5;21;01mpropagate#x1B[39;00m #x1B[38;5;28;01mas#x1B[39;00m #x1B[38;5;21;01mprop#x1B[39;00m
#x1B[0;32m      9#x1B[0m #x1B[38;5;28;01mimport#x1B[39;00m #x1B[38;5;21;01mfmdtools#x1B[39;00m#x1B[38;5;21;01m.#x1B[39;00m#x1B[38;5;21;01manalyze#x1B[39;00m #x1B[38;5;28;01mas#x1B[39;00m #x1B[38;5;21;01man#x1B[39;00m
#x1B[1;32m---&gt; 10#x1B[0m #x1B[38;5;28;01mfrom#x1B[39;00m #x1B[38;5;21;01mfmdtools#x1B[39;00m#x1B[38;5;21;01m.#x1B[39;00m#x1B[38;5;21;01msim#x1B[39;00m#x1B[38;5;21;01m.#x1B[39;00m#x1B[38;5;21;01mapproach#x1B[39;00m #x1B[38;5;28;01mimport#x1B[39;00m SampleApproach
#x1B[0;32m     11#x1B[0m #x1B[38;5;28;01mfrom#x1B[39;00m #x1B[38;5;21;01mfmdtools#x1B[39;00m#x1B[38;5;21;01m.#x1B[39;00m#x1B[38;5;21;01msim#x1B[39;00m#x1B[38;5;21;01m.#x1B[39;00m#x1B[38;5;21;01msearch#x1B[39;00m #x1B[38;5;28;01mimport#x1B[39;00m ProblemInterface
#x1B[0;32m     12#x1B[0m #x1B[38;5;28;01mimport#x1B[39;00m #x1B[38;5;21;01mexamples#x1B[39;00m#x1B[38;5;21;01m.#x1B[39;00m#x1B[38;5;21;01mrover#x1B[39;00m#x1B[38;5;21;01m.#x1B[39;00m#x1B[38;5;21;01mrover_model#x1B[39;00m #x1B[38;5;28;01mas#x1B[39;00m #x1B[38;5;21;01mrvr#x1B[39;00m

#x1B[1;31mModuleNotFoundError#x1B[0m: No module named 'fmdtools.sim.approach'</failure></testcase><testcase classname="examples.tank.Tank_Analysis.ipynb" name="" time="12.921" /><testcase classname="examples.tank.Tank_Optimization.ipynb" name="" time="33.567"><failure message="A cell timed out while it was being executed, after 20 seconds.">A cell timed out while it was being executed, after 20 seconds.
The message was: Cell execution timed out.
Here is a preview of the cell contents:
-------------------
result, args, fhist, thist, xdhist = alternating_opt(pa.tot_tot_cost_full, pa.des_cd, pa.res_cr, max_alts=1)
-------------------</failure></testcase><testcase classname="examples.tank.test_tank.TankTests" name="test_approach" time="0.975" /><testcase classname="examples.tank.test_tank.TankTests" name="test_approach_parallelism_0" time="5.141" /><testcase classname="examples.tank.test_tank.TankTests" name="test_approach_parallelism_1" time="7.853" /><testcase classname="examples.tank.test_tank.TankTests" name="test_approach_parallelism_notrack" time="4.706" /><testcase classname="examples.tank.test_tank.TankTests" name="test_comp_mode_inj" time="0.043" /><testcase classname="examples.tank.test_tank.TankTests" name="test_different_components" time="0.022" /><testcase classname="examples.tank.test_tank.TankTests" name="test_epc_math" time="0.012" /><testcase classname="examples.tank.test_tank.TankTests" name="test_fault_sample_isave" time="1.324" /><testcase classname="examples.tank.test_tank.TankTests" name="test_fault_sample_save" time="0.861" /><testcase classname="examples.tank.test_tank.TankTests" name="test_local_tstep" time="0.078" /><testcase classname="examples.tank.test_tank.TankTests" name="test_model_copy_different" time="0.323" /><testcase classname="examples.tank.test_tank.TankTests" name="test_model_copy_same" time="0.455" /><testcase classname="examples.tank.test_tank.TankTests" name="test_model_reset" time="0.586" /><testcase classname="examples.tank.test_tank.TankTests" name="test_nested_sample_isave" time="15.824" /><testcase classname="examples.tank.test_tank.TankTests" name="test_nested_sample_save" time="13.742" /><testcase classname="examples.tank.test_tank.TankTests" name="test_param_sample_save" time="0.450" /><testcase classname="examples.tank.test_tank.TankTests" name="test_save_load_multfault" time="0.075" /><testcase classname="examples.tank.test_tank.TankTests" name="test_save_load_nominal" time="0.062" /><testcase classname="examples.tank.test_tank.TankTests" name="test_save_load_onefault" time="0.076" /><testcase classname="examples.tank.test_tank.TankTests" name="test_save_load_singlefaults" time="1.983" /><testcase classname="examples.tank.test_tank.TankTests" name="test_singlefaults_isave" time="3.148" /><testcase classname="examples.tank.test_tank.TankTests" name="test_tank_copy_args" time="0.030" /><testcase classname="fmdtools.analyze.history" name="fmdtools.analyze.history.History" time="0.006" /><testcase classname="fmdtools.analyze.history" name="fmdtools.analyze.history.History.cut" time="0.005" /><testcase classname="fmdtools.analyze.history" name="fmdtools.analyze.history.History.get_mean_bound_errhist" time="0.005" /><testcase classname="fmdtools.analyze.phases" name="fmdtools.analyze.phases.PhaseMap.calc_modephase_time" time="0.005" /><testcase classname="fmdtools.analyze.phases" name="fmdtools.analyze.phases.PhaseMap.calc_phase_time" time="0.005" /><testcase classname="fmdtools.analyze.phases" name="fmdtools.analyze.phases.PhaseMap.calc_samples_in_phases" time="0.005" /><testcase classname="fmdtools.analyze.phases" name="fmdtools.analyze.phases.PhaseMap.find_modephase" time="0.006" /><testcase classname="fmdtools.analyze.phases" name="fmdtools.analyze.phases.PhaseMap.get_phase_times" time="0.005" /><testcase classname="fmdtools.analyze.phases" name="fmdtools.analyze.phases.PhaseMap.get_sample_times" time="0.005" /><testcase classname="fmdtools.analyze.phases" name="fmdtools.analyze.phases.find_interval_overlap" time="0.005" /><testcase classname="fmdtools.analyze.phases" name="fmdtools.analyze.phases.join_phasemaps" time="0.005" /><testcase classname="fmdtools.analyze.result" name="fmdtools.analyze.result.Result" time="0.005" /><testcase classname="fmdtools.analyze.tabulate" name="fmdtools.analyze.tabulate.Comparison.__init__" time="0.497" /><testcase classname="fmdtools.define.role.coords" name="fmdtools.define.role.coords.Coords" time="0.007" /><testcase classname="fmdtools.define.role.coords" name="fmdtools.define.role.coords.Coords.copy" time="0.006" /><testcase classname="fmdtools.define.role.coords" name="fmdtools.define.role.coords.Coords.create_hist" time="0.006" /><testcase classname="fmdtools.define.role.coords" name="fmdtools.define.role.coords.Coords.find_all" time="0.006" /><testcase classname="fmdtools.define.role.coords" name="fmdtools.define.role.coords.Coords.find_closest" time="0.006" /><testcase classname="fmdtools.define.role.coords" name="fmdtools.define.role.coords.Coords.get" time="0.006" /><testcase classname="fmdtools.define.role.coords" name="fmdtools.define.role.coords.Coords.get_properties" time="0.005" /><testcase classname="fmdtools.define.role.coords" name="fmdtools.define.role.coords.Coords.in_area" time="0.006" /><testcase classname="fmdtools.define.role.coords" name="fmdtools.define.role.coords.Coords.set" time="0.005" /><testcase classname="fmdtools.define.role.coords" name="fmdtools.define.role.coords.Coords.set_pts" time="0.005" /><testcase classname="fmdtools.define.role.coords" name="fmdtools.define.role.coords.Coords.set_rand_pts" time="0.005" /><testcase classname="fmdtools.define.role.coords" name="fmdtools.define.role.coords.Coords.set_range" time="0.008" /><testcase classname="fmdtools.define.role.coords" name="fmdtools.define.role.coords.Coords.to_gridpoint" time="0.005" /><testcase classname="fmdtools.define.role.coords" name="fmdtools.define.role.coords.Coords.to_index" time="0.005" /><testcase classname="fmdtools.define.role.coords" name="fmdtools.define.role.coords.CoordsParam" time="0.005" /><testcase classname="fmdtools.define.environment" name="fmdtools.define.environment.Environment" time="0.006" /><testcase classname="fmdtools.define.environment" name="fmdtools.define.environment.Environment.copy" time="0.007" /><testcase classname="fmdtools.define.environment" name="fmdtools.define.environment.Environment.create_hist" time="0.006" /><testcase classname="fmdtools.define.role.geom" name="fmdtools.define.role.geom.Geom.all_at" time="0.006" /><testcase classname="fmdtools.define.role.geom" name="fmdtools.define.role.geom.Geom.vect_at_shape" time="0.006" /><testcase classname="fmdtools.define.role.geom" name="fmdtools.define.role.geom.Geom.vect_to_shape" time="0.005" /><testcase classname="fmdtools.define.role.geom" name="fmdtools.define.role.geom.GeomArch" time="0.005" /><testcase classname="fmdtools.define.role.geom" name="fmdtools.define.role.geom.GeomArch.all_at" time="0.005" /><testcase classname="fmdtools.define.role.geom" name="fmdtools.define.role.geom.GeomArch.create_hist" time="0.005" /><testcase classname="fmdtools.define.role.geom" name="fmdtools.define.role.geom.GeomArch.return_mutables" time="0.005" /><testcase classname="fmdtools.define.role.geom" name="fmdtools.define.role.geom.GeomLine" time="0.005" /><testcase classname="fmdtools.define.role.geom" name="fmdtools.define.role.geom.GeomPoint" time="0.005" /><testcase classname="fmdtools.define.role.geom" name="fmdtools.define.role.geom.GeomPoly" time="0.005" /><testcase classname="fmdtools.define.role.geom" name="fmdtools.define.role.geom.LineParam" time="0.005" /><testcase classname="fmdtools.define.role.geom" name="fmdtools.define.role.geom.PointParam" time="0.005" /><testcase classname="fmdtools.define.role.geom" name="fmdtools.define.role.geom.PolyParam" time="0.005" /><testcase classname="fmdtools.define.role.mode" name="fmdtools.define.role.mode.Fault.calc_rate" time="0.005" /><testcase classname="fmdtools.define.role.mode" name="fmdtools.define.role.mode.Mode" time="0.005" /><testcase classname="fmdtools.define.role.parameter" name="fmdtools.define.role.parameter.Parameter" time="0.005" /><testcase classname="fmdtools.define.role.state" name="fmdtools.define.role.state.State" time="0.005" /><testcase classname="fmdtools.define.role.state" name="fmdtools.define.role.state.State.add" time="0.004" /><testcase classname="fmdtools.define.role.state" name="fmdtools.define.role.state.State.assign" time="0.005" /><testcase classname="fmdtools.define.role.state" name="fmdtools.define.role.state.State.div" time="0.004" /><testcase classname="fmdtools.define.role.state" name="fmdtools.define.role.state.State.get" time="0.005" /><testcase classname="fmdtools.define.role.state" name="fmdtools.define.role.state.State.inc" time="0.005" /><testcase classname="fmdtools.define.role.state" name="fmdtools.define.role.state.State.limit" time="0.005" /><testcase classname="fmdtools.define.role.state" name="fmdtools.define.role.state.State.mul" time="0.005" /><testcase classname="fmdtools.define.role.state" name="fmdtools.define.role.state.State.put" time="0.004" /><testcase classname="fmdtools.define.role.state" name="fmdtools.define.role.state.State.roundto" time="0.005" /><testcase classname="fmdtools.define.role.state" name="fmdtools.define.role.state.State.same" time="0.005" /><testcase classname="fmdtools.define.role.state" name="fmdtools.define.role.state.State.set_atts" time="0.005" /><testcase classname="fmdtools.define.role.state" name="fmdtools.define.role.state.State.sub" time="0.005" /><testcase classname="fmdtools.sim.sample" name="fmdtools.sim.sample.FaultDomain.add_all" time="0.012" /><testcase classname="fmdtools.sim.sample" name="fmdtools.sim.sample.FaultDomain.add_all_fxn_modes" time="0.010" /><testcase classname="fmdtools.sim.sample" name="fmdtools.sim.sample.FaultDomain.add_all_fxnclass_modes" time="0.010" /><testcase classname="fmdtools.sim.sample" name="fmdtools.sim.sample.FaultDomain.add_faults" time="0.010" /><testcase classname="fmdtools.sim.sample" name="fmdtools.sim.sample.FaultDomain.add_singlecomp_modes" time="0.010" /><testcase classname="fmdtools.sim.sample" name="fmdtools.sim.sample.FaultSample.add_fault_phases" time="0.011" /><testcase classname="fmdtools.sim.sample" name="fmdtools.sim.sample.FaultSample.add_fault_times" time="0.011" /><testcase classname="fmdtools.sim.sample" name="fmdtools.sim.sample.FaultSample.add_joint_fault_scenario" time="0.012" /><testcase classname="fmdtools.sim.sample" name="fmdtools.sim.sample.FaultSample.add_single_fault_scenario" time="0.010" /><testcase classname="fmdtools.sim.sample" name="fmdtools.sim.sample.ParameterDomain" time="0.006" /><testcase classname="fmdtools.sim.sample" name="fmdtools.sim.sample.ParameterDomain.get_var_iters" time="0.005" /><testcase classname="fmdtools.sim.sample" name="fmdtools.sim.sample.ParameterSample.add_variable_ranges" time="0.006" /><testcase classname="fmdtools.sim.sample" name="fmdtools.sim.sample.ParameterSample.add_variable_replicates" time="0.005" /><testcase classname="fmdtools.sim.sample" name="fmdtools.sim.sample.ParameterSample.add_variable_scenario" time="0.005" /><testcase classname="fmdtools.sim.sample" name="fmdtools.sim.sample.ParameterSample.combine_orthogonal" time="0.005" /><testcase classname="fmdtools.sim.sample" name="fmdtools.sim.sample.ParameterSample.combine_product" time="0.005" /><testcase classname="fmdtools.sim.sample" name="fmdtools.sim.sample.ParameterSample.combine_random" time="0.005" /><testcase classname="fmdtools.sim.sample" name="fmdtools.sim.sample.SampleApproach.add_faultdomain" time="0.011" /><testcase classname="fmdtools.sim.sample" name="fmdtools.sim.sample.SampleApproach.add_faultsample" time="0.013" /><testcase classname="fmdtools.sim.sample" name="fmdtools.sim.sample.combine_orthogonal" time="0.005" /><testcase classname="fmdtools.sim.sample" name="fmdtools.sim.sample.combine_random" time="0.005" /><testcase classname="fmdtools.sim.sample" name="fmdtools.sim.sample.sample_times_even" time="0.005" /><testcase classname="fmdtools.sim.sample" name="fmdtools.sim.sample.sample_times_quad" time="0.005" /><testcase classname="fmdtools.sim.scenario" name="fmdtools.sim.scenario.Sequence" time="0.005" /><testcase classname="fmdtools.sim.scenario" name="fmdtools.sim.scenario.Sequence.update_sequence" time="0.006" /><testcase classname="fmdtools.sim.search" name="fmdtools.sim.search.DisturbanceProblem.__init__" time="0.008" /><testcase classname="fmdtools.sim.search" name="fmdtools.sim.search.HistoryObjective" time="0.005" /><testcase classname="fmdtools.sim.search" name="fmdtools.sim.search.ParameterSimProblem" time="0.021" /><testcase classname="fmdtools.sim.search" name="fmdtools.sim.search.ProblemArchitecture" time="0.012" /><testcase classname="fmdtools.sim.search" name="fmdtools.sim.search.ProblemArchitecture.update_full_problem" time="0.007" /><testcase classname="fmdtools.sim.search" name="fmdtools.sim.search.ProblemArchitecture.update_problem" time="0.005" /><testcase classname="fmdtools.sim.search" name="fmdtools.sim.search.ResultConstraint.con_from_value" time="0.005" /><testcase classname="fmdtools.sim.search" name="fmdtools.sim.search.ResultObjective.get_result_value" time="0.005" /><testcase classname="fmdtools.sim.search" name="fmdtools.sim.search.SimpleProblem" time="0.005" /><testcase classname="fmdtools.sim.search" name="fmdtools.sim.search.SingleFaultScenarioProblem" time="0.008" /><testcase classname="tests.test_graph.ModelGraphTests" name="test_fault_plot" time="0.117" /><testcase classname="tests.test_graph.ModelGraphTests" name="test_flowgraph_plot" time="0.212" /><testcase classname="tests.test_graph.ModelGraphTests" name="test_fxngraph_plot" time="0.097" /><testcase classname="tests.test_graph.ModelGraphTests" name="test_modelgraph_plot" time="0.179" /><testcase classname="tests.test_graph.ModelGraphTests" name="test_result_from_plot" time="0.089" /><testcase classname="tests.test_graph.ModelGraphTests" name="test_typegraph_plot" time="0.054" /><testcase classname="tests.test_packages.define_Tests" name="test_pdf_translation_options" time="0.004" /></testsuite></testsuites>