<?xml version="1.0" encoding="utf-8"?><testsuites><testsuite name="pytest" errors="0" failures="0" skipped="3" tests="304" time="2072.383" timestamp="2024-07-29T14:36:34.689454" hostname="starlight"><testcase classname="examples.asg_demo.Action_Sequence_Graph.ipynb" name="" time="7.368" /><testcase classname="examples.eps.EPS_Example_Notebook.ipynb" name="" time="5.360" /><testcase classname="examples.eps.test_eps.epsTests" name="test_all_faults" time="0.471" /><testcase classname="examples.eps.test_eps.epsTests" name="test_backward_fault_prop_1" time="0.033" /><testcase classname="examples.eps.test_eps.epsTests" name="test_backward_fault_prop_2" time="0.034" /><testcase classname="examples.eps.test_eps.epsTests" name="test_fault_app" time="89.962" /><testcase classname="examples.eps.test_eps.epsTests" name="test_multfault_saving" time="0.116" /><testcase classname="examples.eps.test_eps.epsTests" name="test_nominal_saving" time="0.089" /><testcase classname="examples.eps.test_eps.epsTests" name="test_pickleability" time="0.011" /><testcase classname="examples.eps.test_eps.epsTests" name="test_save_load_onefault" time="0.115" /><testcase classname="examples.eps.test_eps.epsTests" name="test_save_load_singlefaults" time="1.534" /><testcase classname="examples.multiflow_demo.Multiflow_and_Commsflow_Demonstration.ipynb" name="" time="3.918" /><testcase classname="examples.multiflow_demo.test_multiflow.define_Tests" name="test_multiflow_combination" time="0.160" /><testcase classname="examples.multiflow_demo.test_multiflow.define_Tests" name="test_multiflow_passing" time="0.146" /><testcase classname="examples.multiflow_demo.test_multiflow.define_Tests" name="test_mutliflow_copying" time="0.158" /><testcase classname="examples.multirotor.Demonstration.ipynb" name="" time="27.052" /><testcase classname="examples.multirotor.Multirotor_Optimization.ipynb" name="" time="51.227" /><testcase classname="examples.multirotor.Urban_Drone_Demo.ipynb" name="" time="234.440" /><testcase classname="examples.multirotor.drone_mdl_dynamic" name="examples.multirotor.drone_mdl_dynamic.AffectDOF.inc_pos" time="0.009" /><testcase classname="examples.multirotor.drone_mdl_dynamic" name="examples.multirotor.drone_mdl_dynamic.PlanPath.assign_vectdist_to_goal" time="0.006" /><testcase classname="examples.multirotor.drone_mdl_dynamic" name="examples.multirotor.drone_mdl_dynamic.PlanPath.calc_dist_to_goal" time="0.006" /><testcase classname="examples.multirotor.drone_mdl_dynamic" name="examples.multirotor.drone_mdl_dynamic.SightGrid" time="0.156" /><testcase classname="examples.multirotor.drone_mdl_hierarchical" name="examples.multirotor.drone_mdl_hierarchical.AffectDOF.calc_pwr" time="0.009" /><testcase classname="examples.multirotor.drone_mdl_hierarchical" name="examples.multirotor.drone_mdl_hierarchical.LineArchParam" time="0.004" /><testcase classname="examples.multirotor.drone_mdl_static" name="examples.multirotor.drone_mdl_static.AffectDOF.static_behavior" time="0.007" /><testcase classname="examples.multirotor.drone_mdl_static" name="examples.multirotor.drone_mdl_static.CtlDOF.static_behavior" time="0.006" /><testcase classname="examples.multirotor.drone_mdl_static" name="examples.multirotor.drone_mdl_static.DesTrajState.dist2d" time="0.004" /><testcase classname="examples.multirotor.drone_mdl_static" name="examples.multirotor.drone_mdl_static.DesTrajState.unit_vect2d" time="0.005" /><testcase classname="examples.multirotor.drone_mdl_static" name="examples.multirotor.drone_mdl_static.DistEE.static_behavior" time="0.006" /><testcase classname="examples.multirotor.drone_mdl_static" name="examples.multirotor.drone_mdl_static.HoldPayload.static_behavior" time="0.005" /><testcase classname="examples.multirotor.drone_mdl_static" name="examples.multirotor.drone_mdl_static.PlanPath.static_behavior" time="0.005" /><testcase classname="examples.multirotor.test_multirotor.DroneParameterTests" name="test_objectives" time="0.332" /><testcase classname="examples.multirotor.test_multirotor.DroneParameterTests" name="test_param_domain_1" time="0.001" /><testcase classname="examples.multirotor.test_multirotor.DroneParameterTests" name="test_param_domain_2" time="0.001" /><testcase classname="examples.multirotor.test_multirotor.DroneParameterTests" name="test_set_constraints_1" time="0.001" /><testcase classname="examples.multirotor.test_multirotor.DroneParameterTests" name="test_set_constraints_2" time="0.001" /><testcase classname="examples.multirotor.test_multirotor.DroneParameterTests" name="test_sim_mdl" time="0.187" /><testcase classname="examples.multirotor.test_multirotor.DroneScenarioTest" name="test_scenprob_results" time="0.597" /><testcase classname="examples.multirotor.test_multirotor.DroneScenarioTest2" name="test_scenprob_results" time="0.390" /><testcase classname="examples.multirotor.test_multirotor.DroneScenarioTest3" name="test_scenprob_results" time="0.385" /><testcase classname="examples.multirotor.test_multirotor.DroneDisturbanceTest" name="test_disturbance_set" time="0.219" /><testcase classname="examples.pump.Optimization.ipynb" name="" time="70.652" /><testcase classname="examples.pump.Parallelism_Tutorial.ipynb" name="" time="79.018" /><testcase classname="examples.pump.Pump_Example_Notebook.ipynb" name="" time="17.580" /><testcase classname="examples.pump.Stochastic_Modelling.ipynb" name="" time="126.319" /><testcase classname="examples.pump.Tutorial_complete.ipynb" name="" time="8.435" /><testcase classname="examples.pump.ex_pump" name="examples.pump.ex_pump.accumulate" time="0.005" /><testcase classname="examples.pump.ex_pump" name="examples.pump.ex_pump.reseting_accumulate" time="0.004" /><testcase classname="examples.pump.test_pump.PumpTests" name="test_app_prop_values" time="0.362" /><testcase classname="examples.pump.test_pump.PumpTests" name="test_approach_cost_calc" time="36.986" /><testcase classname="examples.pump.test_pump.PumpTests" name="test_approach_parallelism" time="25.633" /><testcase classname="examples.pump.test_pump.PumpTests" name="test_dynamic_prop_values" time="0.383" /><testcase classname="examples.pump.test_pump.PumpTests" name="test_dynamic_prop_values_2" time="0.595" /><testcase classname="examples.pump.test_pump.PumpTests" name="test_fault_sample_isave" time="4.858" /><testcase classname="examples.pump.test_pump.PumpTests" name="test_fault_sample_save" time="4.546" /><testcase classname="examples.pump.test_pump.PumpTests" name="test_fmea_options" time="0.600" /><testcase classname="examples.pump.test_pump.PumpTests" name="test_hist_tracking_setup" time="0.024" /><testcase classname="examples.pump.test_pump.PumpTests" name="test_model_copy_different" time="1.904" /><testcase classname="examples.pump.test_pump.PumpTests" name="test_model_copy_same" time="3.527" /><testcase classname="examples.pump.test_pump.PumpTests" name="test_model_reset" time="0.001"><skipped type="pytest.skip" message="Reset not fully implemented yet and unused throughout.">C:\Users\dhulse\Documents\GitHub\fmdtools\examples\pump\test_pump.py:120: Reset not fully implemented yet and unused throughout.</skipped></testcase><testcase classname="examples.pump.test_pump.PumpTests" name="test_nested_sample_isave" time="46.353" /><testcase classname="examples.pump.test_pump.PumpTests" name="test_nested_sample_save" time="45.609" /><testcase classname="examples.pump.test_pump.PumpTests" name="test_nominal_save" time="0.215" /><testcase classname="examples.pump.test_pump.PumpTests" name="test_one_run_csv" time="0.130" /><testcase classname="examples.pump.test_pump.PumpTests" name="test_one_run_json" time="0.129" /><testcase classname="examples.pump.test_pump.PumpTests" name="test_one_run_pickle" time="0.144" /><testcase classname="examples.pump.test_pump.PumpTests" name="test_onefault_save" time="0.429" /><testcase classname="examples.pump.test_pump.PumpTests" name="test_param_sample" time="0.015" /><testcase classname="examples.pump.test_pump.PumpTests" name="test_param_sample_isave" time="1.910" /><testcase classname="examples.pump.test_pump.PumpTests" name="test_param_sample_save" time="1.766" /><testcase classname="examples.pump.test_pump.PumpTests" name="test_pickleability" time="0.016" /><testcase classname="examples.pump.test_pump.PumpTests" name="test_save_load_multfault" time="0.389" /><testcase classname="examples.pump.test_pump.PumpTests" name="test_single_faults_isave" time="1.711" /><testcase classname="examples.pump.test_pump.PumpTests" name="test_single_faults_save" time="1.607" /><testcase classname="examples.pump.test_pump.PumpTests" name="test_value_setting" time="0.013" /><testcase classname="examples.pump.test_pump.PumpTests" name="test_value_setting_dict" time="0.012" /><testcase classname="examples.pump.test_pump.IndivPumpTests" name="test_mutable_setup" time="0.026" /><testcase classname="examples.pump.test_pump_example.ImportEE_Tests" name="test_behave_inf_v" time="0.002" /><testcase classname="examples.pump.test_pump_example.ImportEE_Tests" name="test_behave_no_v" time="0.002" /><testcase classname="examples.pump.test_pump_example.ImportEE_Tests" name="test_behave_nom" time="0.001" /><testcase classname="examples.pump.test_pump_example.ImportEE_Tests" name="test_condfaults_hi" time="0.002" /><testcase classname="examples.pump.test_pump_example.ImportEE_Tests" name="test_condfaults_nom" time="0.001" /><testcase classname="examples.pump.test_pump_example.ImportEE_Tests" name="test_initialization" time="0.001" /><testcase classname="examples.pump.test_pump_example.MoveWat_Tests" name="test_condfaults_dynamic" time="0.002" /><testcase classname="examples.pump.test_pump_example.MoveWat_Tests" name="test_initialization" time="0.002" /><testcase classname="examples.pump.test_pump_example.MoveWat_Tests" name="test_nom" time="0.002" /><testcase classname="examples.pump.test_pump_example.Integration_Tests" name="test_blockage_results" time="0.165" /><testcase classname="examples.pump.test_pump_example.Integration_Tests" name="test_blockage_static" time="0.016" /><testcase classname="examples.pump.test_pump_example.Integration_Tests" name="test_nominal_results" time="0.083" /><testcase classname="examples.pump.test_pump_stochastic.StochasticPumpTests" name="test_mdl_pickle" time="0.630" /><testcase classname="examples.pump.test_pump_stochastic.StochasticPumpTests" name="test_model_copy_different" time="1.904" /><testcase classname="examples.pump.test_pump_stochastic.StochasticPumpTests" name="test_model_copy_same" time="3.094" /><testcase classname="examples.pump.test_pump_stochastic.StochasticPumpTests" name="test_model_reset" time="0.001"><skipped type="pytest.skip" message="Reset not fully implemented yet and unused throughout.">C:\Users\dhulse\Documents\GitHub\fmdtools\examples\pump\test_pump_stochastic.py:99: Reset not fully implemented yet and unused throughout.</skipped></testcase><testcase classname="examples.pump.test_pump_stochastic.StochasticPumpTests" name="test_model_set_vars" time="0.012" /><testcase classname="examples.pump.test_pump_stochastic.StochasticPumpTests" name="test_nested_sample_isave" time="77.304" /><testcase classname="examples.pump.test_pump_stochastic.StochasticPumpTests" name="test_nested_sample_save" time="76.664" /><testcase classname="examples.pump.test_pump_stochastic.StochasticPumpTests" name="test_param_sample_isave" time="8.316" /><testcase classname="examples.pump.test_pump_stochastic.StochasticPumpTests" name="test_param_sample_save" time="8.970" /><testcase classname="examples.pump.test_pump_stochastic.StochasticPumpTests" name="test_plot_nested_hists" time="10.597" /><testcase classname="examples.pump.test_pump_stochastic.StochasticPumpTests" name="test_plot_nominal_vals" time="1.046" /><testcase classname="examples.pump.test_pump_stochastic.StochasticPumpTests" name="test_plot_nominal_vals_xd" time="53.084" /><testcase classname="examples.pump.test_pump_stochastic.StochasticPumpTests" name="test_rand_paramsample_plot" time="3.968" /><testcase classname="examples.pump.test_pump_stochastic.StochasticPumpTests" name="test_run_approach" time="86.586" /><testcase classname="examples.pump.test_pump_stochastic.StochasticPumpTests" name="test_run_safety" time="5.229" /><testcase classname="examples.pump.test_pump_stochastic.StochasticPumpTests" name="test_set_seeds" time="0.039" /><testcase classname="examples.pump.test_pump_stochastic.StochasticPumpTests" name="test_stochastic_pdf" time="0.024" /><testcase classname="examples.rover.FaultSample_Use-Cases.ipynb" name="" time="5.839" /><testcase classname="examples.rover.HFAC_Analyses.HFAC_Analyses.ipynb" name="" time="137.842" /><testcase classname="examples.rover.HFAC_Analyses.IDETC_Human_Paper_Analysis.ipynb" name="" time="154.306" /><testcase classname="examples.rover.Model_Structure_Visualization_Tutorial.ipynb" name="" time="27.042" /><testcase classname="examples.rover.ParameterSample_Use-Cases.ipynb" name="" time="110.658" /><testcase classname="examples.rover.Rover_Setup_Notebook.ipynb" name="" time="37.351" /><testcase classname="examples.rover.degradation_modelling.Degradation_Modelling_Notebook.ipynb" name="" time="168.720" /><testcase classname="examples.rover.rover_model" name="examples.rover.rover_model.Drive.drive_nominal" time="0.030" /><testcase classname="examples.rover.rover_model_human" name="examples.rover.rover_model_human.Comprehend" time="0.006" /><testcase classname="examples.rover.rover_model_human" name="examples.rover.rover_model_human.Decide" time="0.005" /><testcase classname="examples.rover.rover_model_human" name="examples.rover.rover_model_human.HumanActions" time="0.011" /><testcase classname="examples.rover.rover_model_human" name="examples.rover.rover_model_human.Look" time="0.005" /><testcase classname="examples.rover.rover_model_human" name="examples.rover.rover_model_human.Percieve" time="0.005" /><testcase classname="examples.rover.rover_model_human" name="examples.rover.rover_model_human.Press" time="0.005" /><testcase classname="examples.rover.rover_model_human" name="examples.rover.rover_model_human.Project" time="0.005" /><testcase classname="examples.rover.test_rover.RoverTests" name="test_obj_values" time="1.974" /><testcase classname="examples.tank.Tank_Analysis.ipynb" name="" time="20.656" /><testcase classname="examples.tank.test_tank.TankTests" name="test_approach" time="3.018" /><testcase classname="examples.tank.test_tank.TankTests" name="test_approach_parallelism_0" time="7.723" /><testcase classname="examples.tank.test_tank.TankTests" name="test_approach_parallelism_1" time="13.139" /><testcase classname="examples.tank.test_tank.TankTests" name="test_approach_parallelism_notrack" time="8.368" /><testcase classname="examples.tank.test_tank.TankTests" name="test_comp_mode_inj" time="0.087" /><testcase classname="examples.tank.test_tank.TankTests" name="test_different_components" time="0.034" /><testcase classname="examples.tank.test_tank.TankTests" name="test_epc_math" time="0.020" /><testcase classname="examples.tank.test_tank.TankTests" name="test_fault_sample_isave" time="3.654" /><testcase classname="examples.tank.test_tank.TankTests" name="test_fault_sample_save" time="3.259" /><testcase classname="examples.tank.test_tank.TankTests" name="test_local_tstep" time="0.240" /><testcase classname="examples.tank.test_tank.TankTests" name="test_model_copy_different" time="1.006" /><testcase classname="examples.tank.test_tank.TankTests" name="test_model_copy_same" time="2.194" /><testcase classname="examples.tank.test_tank.TankTests" name="test_model_reset" time="0.001"><skipped type="pytest.skip" message="Reset not fully implemented yet and unused throughout.">C:\Users\dhulse\Documents\GitHub\fmdtools\examples\tank\test_tank.py:53: Reset not fully implemented yet and unused throughout.</skipped></testcase><testcase classname="examples.tank.test_tank.TankTests" name="test_nested_sample_isave" time="33.507" /><testcase classname="examples.tank.test_tank.TankTests" name="test_nested_sample_save" time="33.179" /><testcase classname="examples.tank.test_tank.TankTests" name="test_param_sample_save" time="1.179" /><testcase classname="examples.tank.test_tank.TankTests" name="test_save_load_multfault" time="0.245" /><testcase classname="examples.tank.test_tank.TankTests" name="test_save_load_nominal" time="0.163" /><testcase classname="examples.tank.test_tank.TankTests" name="test_save_load_onefault" time="0.231" /><testcase classname="examples.tank.test_tank.TankTests" name="test_save_load_singlefaults" time="1.712" /><testcase classname="examples.tank.test_tank.TankTests" name="test_singlefaults_isave" time="1.892" /><testcase classname="examples.tank.test_tank.TankTests" name="test_tank_copy_args" time="0.038" /><testcase classname="examples.taxiway.Paper_Notebook.ipynb" name="" time="17.150" /><testcase classname="examples.taxiway.test_asset.AssetTests" name="test_avoid" time="0.080" /><testcase classname="examples.taxiway.test_asset.AssetTests" name="test_avoid_plot" time="0.367" /><testcase classname="examples.taxiway.test_asset.AssetTests" name="test_heli_cycle" time="0.038" /><testcase classname="examples.taxiway.test_asset.AssetTests" name="test_heli_cycle_plot" time="0.235" /><testcase classname="examples.taxiway.test_asset.AssetTests" name="test_lost_sight" time="0.484" /><testcase classname="examples.taxiway.test_asset.AssetTests" name="test_lost_sight_plot" time="0.536" /><testcase classname="examples.taxiway.test_asset.AssetTests" name="test_one_cycle" time="0.053" /><testcase classname="examples.taxiway.test_asset.AssetTests" name="test_one_cycle_plot" time="0.188" /><testcase classname="examples.taxiway.test_model.ModelTests" name="test_atc_lost_ground_perception" time="1.831" /><testcase classname="examples.taxiway.test_model.ModelTests" name="test_atc_lost_ground_perception_plot" time="1.862" /><testcase classname="examples.taxiway.test_model.ModelTests" name="test_atc_wrong_land_command" time="1.951" /><testcase classname="examples.taxiway.test_model.ModelTests" name="test_atc_wrong_land_command_lost_sight" time="2.041" /><testcase classname="examples.taxiway.test_model.ModelTests" name="test_atc_wrong_land_command_sight_plot" time="3.537" /><testcase classname="examples.taxiway.test_model.ModelTests" name="test_default_plots" time="2.674" /><testcase classname="examples.taxiway.test_model.ModelTests" name="test_scen" time="0.449" /><testcase classname="fmdtools.analyze.common" name="fmdtools.analyze.common.is_bool" time="0.005" /><testcase classname="fmdtools.analyze.common" name="fmdtools.analyze.common.is_numeric" time="0.004" /><testcase classname="fmdtools.analyze.common" name="fmdtools.analyze.common.join_key" time="0.005" /><testcase classname="fmdtools.analyze.common" name="fmdtools.analyze.common.nan_to_x" time="0.004" /><testcase classname="fmdtools.analyze.common" name="fmdtools.analyze.common.to_include_keys" time="0.004" /><testcase classname="fmdtools.analyze.graph.base" name="fmdtools.analyze.graph.base.Graph" time="0.431" /><testcase classname="fmdtools.analyze.graph.base" name="fmdtools.analyze.graph.base.Graph.add_node_groups" time="0.059" /><testcase classname="fmdtools.analyze.graph.base" name="fmdtools.analyze.graph.base.Graph.set_heatmap" time="0.054" /><testcase classname="fmdtools.analyze.graph.style" name="fmdtools.analyze.graph.style.FlowEdgeStyle" time="0.005" /><testcase classname="fmdtools.analyze.graph.style" name="fmdtools.analyze.graph.style.edge_style_factory" time="0.423" /><testcase classname="fmdtools.analyze.graph.style" name="fmdtools.analyze.graph.style.node_style_factory" time="1.881" /><testcase classname="fmdtools.analyze.graph.style" name="fmdtools.analyze.graph.style.to_legend_label" time="0.005" /><testcase classname="fmdtools.analyze.history" name="fmdtools.analyze.history.History" time="0.005" /><testcase classname="fmdtools.analyze.history" name="fmdtools.analyze.history.History.cut" time="0.005" /><testcase classname="fmdtools.analyze.history" name="fmdtools.analyze.history.History.get_mean_bound_errhist" time="0.005" /><testcase classname="fmdtools.analyze.phases" name="fmdtools.analyze.phases.PhaseMap.calc_modephase_time" time="0.004" /><testcase classname="fmdtools.analyze.phases" name="fmdtools.analyze.phases.PhaseMap.calc_phase_time" time="0.004" /><testcase classname="fmdtools.analyze.phases" name="fmdtools.analyze.phases.PhaseMap.calc_samples_in_phases" time="0.005" /><testcase classname="fmdtools.analyze.phases" name="fmdtools.analyze.phases.PhaseMap.find_modephase" time="0.004" /><testcase classname="fmdtools.analyze.phases" name="fmdtools.analyze.phases.PhaseMap.get_phase_times" time="0.005" /><testcase classname="fmdtools.analyze.phases" name="fmdtools.analyze.phases.PhaseMap.get_sample_times" time="0.004" /><testcase classname="fmdtools.analyze.phases" name="fmdtools.analyze.phases.find_interval_overlap" time="0.004" /><testcase classname="fmdtools.analyze.phases" name="fmdtools.analyze.phases.join_phasemaps" time="0.004" /><testcase classname="fmdtools.analyze.result" name="fmdtools.analyze.result.Result" time="0.004" /><testcase classname="fmdtools.analyze.tabulate" name="fmdtools.analyze.tabulate.Comparison" time="0.739" /><testcase classname="fmdtools.define.architecture.action" name="fmdtools.define.architecture.action.ActionArchitectureActGraph" time="0.007" /><testcase classname="fmdtools.define.architecture.action" name="fmdtools.define.architecture.action.ActionArchitectureFlowGraph" time="0.006" /><testcase classname="fmdtools.define.architecture.action" name="fmdtools.define.architecture.action.ActionArchitectureGraph" time="0.007" /><testcase classname="fmdtools.define.architecture.function" name="fmdtools.define.architecture.function.FunctionArchitecture" time="0.007" /><testcase classname="fmdtools.define.architecture.function" name="fmdtools.define.architecture.function.FunctionArchitectureFlowGraph" time="0.007" /><testcase classname="fmdtools.define.architecture.function" name="fmdtools.define.architecture.function.FunctionArchitectureFxnGraph" time="0.008" /><testcase classname="fmdtools.define.architecture.function" name="fmdtools.define.architecture.function.FunctionArchitectureGraph" time="0.010" /><testcase classname="fmdtools.define.architecture.function" name="fmdtools.define.architecture.function.FunctionArchitectureTypeGraph" time="0.006" /><testcase classname="fmdtools.define.architecture.geom" name="fmdtools.define.architecture.geom.GeomArchitecture" time="0.006" /><testcase classname="fmdtools.define.architecture.geom" name="fmdtools.define.architecture.geom.GeomArchitecture.all_at" time="0.006" /><testcase classname="fmdtools.define.block.action" name="fmdtools.define.block.action.Action" time="0.005" /><testcase classname="fmdtools.define.block.base" name="fmdtools.define.block.base.SimParam.get_hist_ind" time="0.004" /><testcase classname="fmdtools.define.block.base" name="fmdtools.define.block.base.SimParam.get_shift" time="0.004" /><testcase classname="fmdtools.define.block.base" name="fmdtools.define.block.base.SimParam.get_timerange" time="0.004" /><testcase classname="fmdtools.define.block.function" name="fmdtools.define.block.function.Function" time="0.005" /><testcase classname="fmdtools.define.container.base" name="fmdtools.define.container.base.BaseContainer.assign" time="0.005" /><testcase classname="fmdtools.define.container.base" name="fmdtools.define.container.base.BaseContainer.copy" time="0.005" /><testcase classname="fmdtools.define.container.base" name="fmdtools.define.container.base.BaseContainer.create_hist" time="0.004" /><testcase classname="fmdtools.define.container.base" name="fmdtools.define.container.base.BaseContainer.get_field_dict" time="0.004" /><testcase classname="fmdtools.define.container.base" name="fmdtools.define.container.base.BaseContainer.set_field" time="0.004" /><testcase classname="fmdtools.define.container.base" name="fmdtools.define.container.base.BaseContainer.to_default" time="0.004" /><testcase classname="fmdtools.define.container.base" name="fmdtools.define.container.base.check_container_pick" time="0.004" /><testcase classname="fmdtools.define.container.mode" name="fmdtools.define.container.mode.Fault.calc_rate" time="0.004" /><testcase classname="fmdtools.define.container.mode" name="fmdtools.define.container.mode.Mode" time="0.004" /><testcase classname="fmdtools.define.container.parameter" name="fmdtools.define.container.parameter.Parameter" time="0.004" /><testcase classname="fmdtools.define.container.rand" name="fmdtools.define.container.rand.Rand" time="0.005" /><testcase classname="fmdtools.define.container.rand" name="fmdtools.define.container.rand.Rand.get_rand_states" time="0.004" /><testcase classname="fmdtools.define.container.state" name="fmdtools.define.container.state.State" time="0.004" /><testcase classname="fmdtools.define.container.state" name="fmdtools.define.container.state.State.add" time="0.004" /><testcase classname="fmdtools.define.container.state" name="fmdtools.define.container.state.State.div" time="0.004" /><testcase classname="fmdtools.define.container.state" name="fmdtools.define.container.state.State.get" time="0.004" /><testcase classname="fmdtools.define.container.state" name="fmdtools.define.container.state.State.gett" time="0.004" /><testcase classname="fmdtools.define.container.state" name="fmdtools.define.container.state.State.inc" time="0.004" /><testcase classname="fmdtools.define.container.state" name="fmdtools.define.container.state.State.limit" time="0.004" /><testcase classname="fmdtools.define.container.state" name="fmdtools.define.container.state.State.mul" time="0.005" /><testcase classname="fmdtools.define.container.state" name="fmdtools.define.container.state.State.put" time="0.004" /><testcase classname="fmdtools.define.container.state" name="fmdtools.define.container.state.State.roundto" time="0.004" /><testcase classname="fmdtools.define.container.state" name="fmdtools.define.container.state.State.same" time="0.005" /><testcase classname="fmdtools.define.container.state" name="fmdtools.define.container.state.State.set_atts" time="0.004" /><testcase classname="fmdtools.define.container.state" name="fmdtools.define.container.state.State.sub" time="0.004" /><testcase classname="fmdtools.define.container.time" name="fmdtools.define.container.time.Time" time="0.005" /><testcase classname="fmdtools.define.environment" name="fmdtools.define.environment.Environment" time="0.009" /><testcase classname="fmdtools.define.environment" name="fmdtools.define.environment.Environment.copy" time="0.016" /><testcase classname="fmdtools.define.flow.base" name="fmdtools.define.flow.base.Flow" time="0.005" /><testcase classname="fmdtools.define.object.base" name="fmdtools.define.object.base.BaseObject" time="0.006" /><testcase classname="fmdtools.define.object.base" name="fmdtools.define.object.base.BaseObject.assign_roles" time="0.005" /><testcase classname="fmdtools.define.object.base" name="fmdtools.define.object.base.BaseObject.get_att_roletype" time="0.004" /><testcase classname="fmdtools.define.object.base" name="fmdtools.define.object.base.BaseObject.get_node_attrs" time="0.005" /><testcase classname="fmdtools.define.object.coords" name="fmdtools.define.object.coords.Coords" time="0.006" /><testcase classname="fmdtools.define.object.coords" name="fmdtools.define.object.coords.Coords.copy" time="0.006" /><testcase classname="fmdtools.define.object.coords" name="fmdtools.define.object.coords.Coords.find_all" time="0.005" /><testcase classname="fmdtools.define.object.coords" name="fmdtools.define.object.coords.Coords.find_all_prop" time="0.005" /><testcase classname="fmdtools.define.object.coords" name="fmdtools.define.object.coords.Coords.find_closest" time="0.006" /><testcase classname="fmdtools.define.object.coords" name="fmdtools.define.object.coords.Coords.get" time="0.005" /><testcase classname="fmdtools.define.object.coords" name="fmdtools.define.object.coords.Coords.get_neighbors" time="0.006" /><testcase classname="fmdtools.define.object.coords" name="fmdtools.define.object.coords.Coords.get_properties" time="0.005" /><testcase classname="fmdtools.define.object.coords" name="fmdtools.define.object.coords.Coords.in_area" time="0.005" /><testcase classname="fmdtools.define.object.coords" name="fmdtools.define.object.coords.Coords.set" time="0.005" /><testcase classname="fmdtools.define.object.coords" name="fmdtools.define.object.coords.Coords.set_pts" time="0.005" /><testcase classname="fmdtools.define.object.coords" name="fmdtools.define.object.coords.Coords.set_rand_pts" time="0.006" /><testcase classname="fmdtools.define.object.coords" name="fmdtools.define.object.coords.Coords.set_range" time="0.008" /><testcase classname="fmdtools.define.object.coords" name="fmdtools.define.object.coords.Coords.to_gridpoint" time="0.006" /><testcase classname="fmdtools.define.object.coords" name="fmdtools.define.object.coords.Coords.to_index" time="0.006" /><testcase classname="fmdtools.define.object.coords" name="fmdtools.define.object.coords.CoordsParam" time="0.005" /><testcase classname="fmdtools.define.object.geom" name="fmdtools.define.object.geom.Geom.all_at" time="0.005" /><testcase classname="fmdtools.define.object.geom" name="fmdtools.define.object.geom.Geom.vect_at_shape" time="0.005" /><testcase classname="fmdtools.define.object.geom" name="fmdtools.define.object.geom.Geom.vect_to_shape" time="0.005" /><testcase classname="fmdtools.define.object.geom" name="fmdtools.define.object.geom.GeomLine" time="0.005" /><testcase classname="fmdtools.define.object.geom" name="fmdtools.define.object.geom.GeomPoint" time="0.005" /><testcase classname="fmdtools.define.object.geom" name="fmdtools.define.object.geom.GeomPoly" time="0.004" /><testcase classname="fmdtools.define.object.geom" name="fmdtools.define.object.geom.LineParam" time="0.005" /><testcase classname="fmdtools.define.object.geom" name="fmdtools.define.object.geom.PointParam" time="0.004" /><testcase classname="fmdtools.define.object.geom" name="fmdtools.define.object.geom.PolyParam" time="0.004" /><testcase classname="fmdtools.define.object.timer" name="fmdtools.define.object.timer.Timer" time="0.004" /><testcase classname="fmdtools.sim.sample" name="fmdtools.sim.sample.FaultDomain.add_all" time="0.019" /><testcase classname="fmdtools.sim.sample" name="fmdtools.sim.sample.FaultDomain.add_all_fxn_modes" time="0.019" /><testcase classname="fmdtools.sim.sample" name="fmdtools.sim.sample.FaultDomain.add_all_fxnclass_modes" time="0.014" /><testcase classname="fmdtools.sim.sample" name="fmdtools.sim.sample.FaultDomain.add_faults" time="0.019" /><testcase classname="fmdtools.sim.sample" name="fmdtools.sim.sample.FaultDomain.add_singlecomp_modes" time="0.019" /><testcase classname="fmdtools.sim.sample" name="fmdtools.sim.sample.FaultSample.add_fault_phases" time="0.021" /><testcase classname="fmdtools.sim.sample" name="fmdtools.sim.sample.FaultSample.add_fault_times" time="0.024" /><testcase classname="fmdtools.sim.sample" name="fmdtools.sim.sample.FaultSample.add_joint_fault_scenario" time="0.020" /><testcase classname="fmdtools.sim.sample" name="fmdtools.sim.sample.FaultSample.add_single_fault_scenario" time="0.019" /><testcase classname="fmdtools.sim.sample" name="fmdtools.sim.sample.ParameterDomain" time="0.006" /><testcase classname="fmdtools.sim.sample" name="fmdtools.sim.sample.ParameterDomain.get_var_iters" time="0.004" /><testcase classname="fmdtools.sim.sample" name="fmdtools.sim.sample.ParameterHistSample" time="0.005" /><testcase classname="fmdtools.sim.sample" name="fmdtools.sim.sample.ParameterResultSample" time="0.005" /><testcase classname="fmdtools.sim.sample" name="fmdtools.sim.sample.ParameterSample.add_variable_ranges" time="0.005" /><testcase classname="fmdtools.sim.sample" name="fmdtools.sim.sample.ParameterSample.add_variable_replicates" time="0.005" /><testcase classname="fmdtools.sim.sample" name="fmdtools.sim.sample.ParameterSample.add_variable_scenario" time="0.004" /><testcase classname="fmdtools.sim.sample" name="fmdtools.sim.sample.ParameterSample.combine_orthogonal" time="0.004" /><testcase classname="fmdtools.sim.sample" name="fmdtools.sim.sample.ParameterSample.combine_product" time="0.004" /><testcase classname="fmdtools.sim.sample" name="fmdtools.sim.sample.ParameterSample.combine_random" time="0.004" /><testcase classname="fmdtools.sim.sample" name="fmdtools.sim.sample.SampleApproach.add_faultdomain" time="0.018" /><testcase classname="fmdtools.sim.sample" name="fmdtools.sim.sample.SampleApproach.add_faultsample" time="0.022" /><testcase classname="fmdtools.sim.sample" name="fmdtools.sim.sample.combine_orthogonal" time="0.004" /><testcase classname="fmdtools.sim.sample" name="fmdtools.sim.sample.combine_random" time="0.004" /><testcase classname="fmdtools.sim.sample" name="fmdtools.sim.sample.sample_times_even" time="0.004" /><testcase classname="fmdtools.sim.sample" name="fmdtools.sim.sample.sample_times_quad" time="0.005" /><testcase classname="fmdtools.sim.scenario" name="fmdtools.sim.scenario.Sequence" time="0.004" /><testcase classname="fmdtools.sim.scenario" name="fmdtools.sim.scenario.Sequence.update_sequence" time="0.004" /><testcase classname="fmdtools.sim.search" name="fmdtools.sim.search.DisturbanceProblem.__init__" time="0.014" /><testcase classname="fmdtools.sim.search" name="fmdtools.sim.search.HistoryObjective" time="0.004" /><testcase classname="fmdtools.sim.search" name="fmdtools.sim.search.ParameterSimProblem" time="0.058" /><testcase classname="fmdtools.sim.search" name="fmdtools.sim.search.ProblemArchitecture" time="0.028" /><testcase classname="fmdtools.sim.search" name="fmdtools.sim.search.ProblemArchitecture.update_full_problem" time="0.022" /><testcase classname="fmdtools.sim.search" name="fmdtools.sim.search.ProblemArchitecture.update_problem" time="0.014" /><testcase classname="fmdtools.sim.search" name="fmdtools.sim.search.ResultConstraint.con_from_value" time="0.005" /><testcase classname="fmdtools.sim.search" name="fmdtools.sim.search.ResultObjective.get_result_value" time="0.005" /><testcase classname="fmdtools.sim.search" name="fmdtools.sim.search.SimpleProblem" time="0.004" /><testcase classname="fmdtools.sim.search" name="fmdtools.sim.search.SingleFaultScenarioProblem" time="0.014" /><testcase classname="tests.test_graph.ModelGraphTests" name="test_fault_plot" time="0.244" /><testcase classname="tests.test_graph.ModelGraphTests" name="test_flowgraph_plot" time="0.257" /><testcase classname="tests.test_graph.ModelGraphTests" name="test_fxngraph_plot" time="0.167" /><testcase classname="tests.test_graph.ModelGraphTests" name="test_modelgraph_plot" time="0.221" /><testcase classname="tests.test_graph.ModelGraphTests" name="test_result_from_plot" time="0.267" /><testcase classname="tests.test_graph.ModelGraphTests" name="test_typegraph_plot" time="0.074" /><testcase classname="tests.test_packages.define_Tests" name="test_pdf_translation_options" time="0.005" /></testsuite></testsuites>