<?xml version="1.0" encoding="utf-8"?><testsuites name="pytest tests"><testsuite name="pytest" errors="3" failures="59" skipped="3" tests="380" time="2155.157" timestamp="2025-09-02T13:22:21.763962-07:00" hostname="bamboo-r7.ndc.nasa.gov"><testcase classname="" name="examples.rover.optimization.search_rover" time="0.000"><error message="collection failure">fmdtools/analyze/result.py:365: in __getattr__
    return get_dict_attr(obj.data, self.__class__, *args)
           ^^^^^^^^^^^^^^^^^^^^^^^^^^^^^^^^^^^^^^^^^^^^^^
fmdtools/analyze/result.py:96: in get_dict_attr
    sub_dict = dict_in[attr[0]]
               ^^^^^^^^^^^^^^^^
E   KeyError: 'endclass'

During handling of the above exception, another exception occurred:
fmdtools/analyze/result.py:368: in __getattr__
    return self.all_with(argstr)
           ^^^^^^^^^^^^^^^^^^^^^
fmdtools/analyze/result.py:442: in all_with
    raise Exception(attr+" not in Result keys: "+str(self.keys()))
E   Exception: endclass not in Result keys: dict_keys(['nominal.tend.classify.rate', 'nominal.tend.classify.cost', 'nominal.tend.classify.prob', 'nominal.tend.classify.expected_cost', 'nominal.tend.classify.in_bound', 'nominal.tend.classify.at_finish', 'nominal.tend.classify.line_dist', 'nominal.tend.classify.num_modes', 'nominal.tend.classify.end_dist', 'nominal.tend.classify.tot_deviation', 'nominal.tend.classify.faults', 'nominal.tend.classify.classification', 'nominal.tend.classify.end_x', 'nominal.tend.classify.end_y', 'nominal.tend.classify.endpt', 'sequence.tend.classify.rate', 'sequence.tend.classify.cost', 'sequence.tend.classify.prob', 'sequence.tend.classify.expected_cost', 'sequence.tend.classify.in_bound', 'sequence.tend.classify.at_finish', 'sequence.tend.classify.line_dist', 'sequence.tend.classify.num_modes', 'sequence.tend.classify.end_dist', 'sequence.tend.classify.tot_deviation', 'sequence.tend.classify.faults', 'sequence.tend.classify.classification', 'sequence.tend.classify.end_x', 'sequence.tend.classify.end_y', 'sequence.tend.classify.endpt'])

During handling of the above exception, another exception occurred:
examples/rover/optimization/search_rover.py:760: in &lt;module&gt;
    line_dist([0, 0, 0])
examples/rover/optimization/search_rover.py:40: in line_dist
    dist = res.endclass['line_dist']
           ^^^^^^^^^^^^
fmdtools/analyze/result.py:370: in __getattr__
    raise AttributeError("Not in dict: "+str(argstr))
E   AttributeError: Not in dict: endclass</error></testcase><testcase classname="" name="examples.rover.test_rover" time="0.000"><error message="collection failure">fmdtools/analyze/result.py:365: in __getattr__
    return get_dict_attr(obj.data, self.__class__, *args)
           ^^^^^^^^^^^^^^^^^^^^^^^^^^^^^^^^^^^^^^^^^^^^^^
fmdtools/analyze/result.py:96: in get_dict_attr
    sub_dict = dict_in[attr[0]]
               ^^^^^^^^^^^^^^^^
E   KeyError: 'endclass'

During handling of the above exception, another exception occurred:
fmdtools/analyze/result.py:368: in __getattr__
    return self.all_with(argstr)
           ^^^^^^^^^^^^^^^^^^^^^
fmdtools/analyze/result.py:442: in all_with
    raise Exception(attr+" not in Result keys: "+str(self.keys()))
E   Exception: endclass not in Result keys: dict_keys(['nominal.tend.classify.rate', 'nominal.tend.classify.cost', 'nominal.tend.classify.prob', 'nominal.tend.classify.expected_cost', 'nominal.tend.classify.in_bound', 'nominal.tend.classify.at_finish', 'nominal.tend.classify.line_dist', 'nominal.tend.classify.num_modes', 'nominal.tend.classify.end_dist', 'nominal.tend.classify.tot_deviation', 'nominal.tend.classify.faults', 'nominal.tend.classify.classification', 'nominal.tend.classify.end_x', 'nominal.tend.classify.end_y', 'nominal.tend.classify.endpt', 'sequence.tend.classify.rate', 'sequence.tend.classify.cost', 'sequence.tend.classify.prob', 'sequence.tend.classify.expected_cost', 'sequence.tend.classify.in_bound', 'sequence.tend.classify.at_finish', 'sequence.tend.classify.line_dist', 'sequence.tend.classify.num_modes', 'sequence.tend.classify.end_dist', 'sequence.tend.classify.tot_deviation', 'sequence.tend.classify.faults', 'sequence.tend.classify.classification', 'sequence.tend.classify.end_x', 'sequence.tend.classify.end_y', 'sequence.tend.classify.endpt'])

During handling of the above exception, another exception occurred:
examples/rover/test_rover.py:19: in &lt;module&gt;
    from examples.rover.optimization.search_rover import line_dist, line_dist_faster
examples/rover/optimization/search_rover.py:760: in &lt;module&gt;
    line_dist([0, 0, 0])
examples/rover/optimization/search_rover.py:40: in line_dist
    dist = res.endclass['line_dist']
           ^^^^^^^^^^^^
fmdtools/analyze/result.py:370: in __getattr__
    raise AttributeError("Not in dict: "+str(argstr))
E   AttributeError: Not in dict: endclass</error><error message="collection failure">fmdtools/analyze/result.py:365: in __getattr__
    return get_dict_attr(obj.data, self.__class__, *args)
           ^^^^^^^^^^^^^^^^^^^^^^^^^^^^^^^^^^^^^^^^^^^^^^
fmdtools/analyze/result.py:96: in get_dict_attr
    sub_dict = dict_in[attr[0]]
               ^^^^^^^^^^^^^^^^
E   KeyError: 'endclass'

During handling of the above exception, another exception occurred:
fmdtools/analyze/result.py:368: in __getattr__
    return self.all_with(argstr)
           ^^^^^^^^^^^^^^^^^^^^^
fmdtools/analyze/result.py:442: in all_with
    raise Exception(attr+" not in Result keys: "+str(self.keys()))
E   Exception: endclass not in Result keys: dict_keys(['nominal.tend.classify.rate', 'nominal.tend.classify.cost', 'nominal.tend.classify.prob', 'nominal.tend.classify.expected_cost', 'nominal.tend.classify.in_bound', 'nominal.tend.classify.at_finish', 'nominal.tend.classify.line_dist', 'nominal.tend.classify.num_modes', 'nominal.tend.classify.end_dist', 'nominal.tend.classify.tot_deviation', 'nominal.tend.classify.faults', 'nominal.tend.classify.classification', 'nominal.tend.classify.end_x', 'nominal.tend.classify.end_y', 'nominal.tend.classify.endpt', 'sequence.tend.classify.rate', 'sequence.tend.classify.cost', 'sequence.tend.classify.prob', 'sequence.tend.classify.expected_cost', 'sequence.tend.classify.in_bound', 'sequence.tend.classify.at_finish', 'sequence.tend.classify.line_dist', 'sequence.tend.classify.num_modes', 'sequence.tend.classify.end_dist', 'sequence.tend.classify.tot_deviation', 'sequence.tend.classify.faults', 'sequence.tend.classify.classification', 'sequence.tend.classify.end_x', 'sequence.tend.classify.end_y', 'sequence.tend.classify.endpt'])

During handling of the above exception, another exception occurred:
examples/rover/test_rover.py:19: in &lt;module&gt;
    from examples.rover.optimization.search_rover import line_dist, line_dist_faster
examples/rover/optimization/search_rover.py:760: in &lt;module&gt;
    line_dist([0, 0, 0])
examples/rover/optimization/search_rover.py:40: in line_dist
    dist = res.endclass['line_dist']
           ^^^^^^^^^^^^
fmdtools/analyze/result.py:370: in __getattr__
    raise AttributeError("Not in dict: "+str(argstr))
E   AttributeError: Not in dict: endclass</error></testcase><testcase classname="examples.asg_demo.Action_Sequence_Graph.ipynb" name="Action_Sequence_Graph.ipynb" time="8.925"><failure message="#x1B[31mTypeError#x1B[39m: Simulable.__call__() got multiple values for argument 'time'">---------------------------------------------------------------------------
ex_fxn.aa.flows['hazard'].s.present=True
ex_fxn('dynamic', time= 1)
#x1B[31m---------------------------------------------------------------------------#x1B[39m
#x1B[31mTypeError#x1B[39m                                 Traceback (most recent call last)
#x1B[36mCell#x1B[39m#x1B[36m #x1B[39m#x1B[32mIn[16]#x1B[39m#x1B[32m, line 2#x1B[39m
#x1B[32m      1#x1B[39m ex_fxn.aa.flows[#x1B[33m'#x1B[39m#x1B[33mhazard#x1B[39m#x1B[33m'#x1B[39m].s.present=#x1B[38;5;28;01mTrue#x1B[39;00m
#x1B[32m----&gt; #x1B[39m#x1B[32m2#x1B[39m #x1B[43mex_fxn#x1B[49m#x1B[43m(#x1B[49m#x1B[33;43m'#x1B[39;49m#x1B[33;43mdynamic#x1B[39;49m#x1B[33;43m'#x1B[39;49m#x1B[43m,#x1B[49m#x1B[43m #x1B[49m#x1B[43mtime#x1B[49m#x1B[43m=#x1B[49m#x1B[43m #x1B[49m#x1B[32;43m1#x1B[39;49m#x1B[43m)#x1B[49m

#x1B[31mTypeError#x1B[39m: Simulable.__call__() got multiple values for argument 'time'</failure></testcase><testcase classname="examples.eps.EPS_Example_Notebook.ipynb" name="EPS_Example_Notebook.ipynb" time="11.050"><failure message="#x1B[31mAttributeError#x1B[39m: Not in dict: graph">---------------------------------------------------------------------------
result.graph.set_edge_labels(title='')
fig, ax = result.graph.draw(figsize=(14,10))
#x1B[31m---------------------------------------------------------------------------#x1B[39m
#x1B[31mKeyError#x1B[39m                                  Traceback (most recent call last)
#x1B[36mFile #x1B[39m#x1B[32m~/bamboo-agent-home/xml-data/build-dir/RAD-TEST-UVF/fmdtools-full/lib/python3.11/site-packages/fmdtools/analyze/result.py:365#x1B[39m, in #x1B[36mResult.__getattr__#x1B[39m#x1B[34m(self, argstr)#x1B[39m
#x1B[32m    364#x1B[39m         obj = #x1B[38;5;28mself#x1B[39m
#x1B[32m--&gt; #x1B[39m#x1B[32m365#x1B[39m     #x1B[38;5;28;01mreturn#x1B[39;00m #x1B[43mget_dict_attr#x1B[49m#x1B[43m(#x1B[49m#x1B[43mobj#x1B[49m#x1B[43m.#x1B[49m#x1B[43mdata#x1B[49m#x1B[43m,#x1B[49m#x1B[43m #x1B[49m#x1B[38;5;28;43mself#x1B[39;49m#x1B[43m.#x1B[49m#x1B[34;43m__class__#x1B[39;49m#x1B[43m,#x1B[49m#x1B[43m #x1B[49m#x1B[43m*#x1B[49m#x1B[43margs#x1B[49m#x1B[43m)#x1B[49m
#x1B[32m    366#x1B[39m #x1B[38;5;28;01mexcept#x1B[39;00m #x1B[38;5;167;01mKeyError#x1B[39;00m:

#x1B[36mFile #x1B[39m#x1B[32m~/bamboo-agent-home/xml-data/build-dir/RAD-TEST-UVF/fmdtools-full/lib/python3.11/site-packages/fmdtools/analyze/result.py:96#x1B[39m, in #x1B[36mget_dict_attr#x1B[39m#x1B[34m(dict_in, des_class, *attr)#x1B[39m
#x1B[32m     95#x1B[39m #x1B[38;5;250m#x1B[39m#x1B[33;03m"""Get attributes *attr from a given nested dict dict_in of class des_class."""#x1B[39;00m
#x1B[32m---&gt; #x1B[39m#x1B[32m96#x1B[39m sub_dict = #x1B[43mdict_in#x1B[49m#x1B[43m[#x1B[49m#x1B[43mattr#x1B[49m#x1B[43m[#x1B[49m#x1B[32;43m0#x1B[39;49m#x1B[43m]#x1B[49m#x1B[43m]#x1B[49m
#x1B[32m     97#x1B[39m #x1B[38;5;28;01mif#x1B[39;00m #x1B[38;5;28mlen#x1B[39m(attr) == #x1B[32m1#x1B[39m:

#x1B[31mKeyError#x1B[39m: 'graph'

During handling of the above exception, another exception occurred:

#x1B[31mException#x1B[39m                                 Traceback (most recent call last)
#x1B[36mFile #x1B[39m#x1B[32m~/bamboo-agent-home/xml-data/build-dir/RAD-TEST-UVF/fmdtools-full/lib/python3.11/site-packages/fmdtools/analyze/result.py:368#x1B[39m, in #x1B[36mResult.__getattr__#x1B[39m#x1B[34m(self, argstr)#x1B[39m
#x1B[32m    367#x1B[39m #x1B[38;5;28;01mtry#x1B[39;00m:
#x1B[32m--&gt; #x1B[39m#x1B[32m368#x1B[39m     #x1B[38;5;28;01mreturn#x1B[39;00m #x1B[38;5;28;43mself#x1B[39;49m#x1B[43m.#x1B[49m#x1B[43mall_with#x1B[49m#x1B[43m(#x1B[49m#x1B[43margstr#x1B[49m#x1B[43m)#x1B[49m
#x1B[32m    369#x1B[39m #x1B[38;5;28;01mexcept#x1B[39;00m #x1B[38;5;167;01mException#x1B[39;00m:

#x1B[36mFile #x1B[39m#x1B[32m~/bamboo-agent-home/xml-data/build-dir/RAD-TEST-UVF/fmdtools-full/lib/python3.11/site-packages/fmdtools/analyze/result.py:442#x1B[39m, in #x1B[36mResult.all_with#x1B[39m#x1B[34m(self, attr)#x1B[39m
#x1B[32m    441#x1B[39m #x1B[38;5;28;01melse#x1B[39;00m:
#x1B[32m--&gt; #x1B[39m#x1B[32m442#x1B[39m     #x1B[38;5;28;01mraise#x1B[39;00m #x1B[38;5;167;01mException#x1B[39;00m(attr+#x1B[33m"#x1B[39m#x1B[33m not in Result keys: #x1B[39m#x1B[33m"#x1B[39m+#x1B[38;5;28mstr#x1B[39m(#x1B[38;5;28mself#x1B[39m.keys()))

#x1B[31mException#x1B[39m: graph not in Result keys: dict_keys(['nominal.tend.classify.rate', 'nominal.tend.classify.cost', 'nominal.tend.classify.expected_cost', 'ee_to_me_toohigh_torque_t0.tend.classify.rate', 'ee_to_me_toohigh_torque_t0.tend.classify.cost', 'ee_to_me_toohigh_torque_t0.tend.classify.expected_cost'])

During handling of the above exception, another exception occurred:

#x1B[31mAttributeError#x1B[39m                            Traceback (most recent call last)
#x1B[36mCell#x1B[39m#x1B[36m #x1B[39m#x1B[32mIn[5]#x1B[39m#x1B[32m, line 1#x1B[39m
#x1B[32m----&gt; #x1B[39m#x1B[32m1#x1B[39m #x1B[43mresult#x1B[49m#x1B[43m.#x1B[49m#x1B[43mgraph#x1B[49m.set_edge_labels(title=#x1B[33m'#x1B[39m#x1B[33m'#x1B[39m)
#x1B[32m      2#x1B[39m fig, ax = result.graph.draw(figsize=(#x1B[32m14#x1B[39m,#x1B[32m10#x1B[39m))

#x1B[36mFile #x1B[39m#x1B[32m~/bamboo-agent-home/xml-data/build-dir/RAD-TEST-UVF/fmdtools-full/lib/python3.11/site-packages/fmdtools/analyze/result.py:370#x1B[39m, in #x1B[36mResult.__getattr__#x1B[39m#x1B[34m(self, argstr)#x1B[39m
#x1B[32m    368#x1B[39m     #x1B[38;5;28;01mreturn#x1B[39;00m #x1B[38;5;28mself#x1B[39m.all_with(argstr)
#x1B[32m    369#x1B[39m #x1B[38;5;28;01mexcept#x1B[39;00m #x1B[38;5;167;01mException#x1B[39;00m:
#x1B[32m--&gt; #x1B[39m#x1B[32m370#x1B[39m     #x1B[38;5;28;01mraise#x1B[39;00m #x1B[38;5;167;01mAttributeError#x1B[39;00m(#x1B[33m"#x1B[39m#x1B[33mNot in dict: #x1B[39m#x1B[33m"#x1B[39m+#x1B[38;5;28mstr#x1B[39m(argstr))

#x1B[31mAttributeError#x1B[39m: Not in dict: graph</failure></testcase><testcase classname="examples.eps.test_eps.epsTests" name="test_all_faults" time="3.602" /><testcase classname="examples.eps.test_eps.epsTests" name="test_backward_fault_prop_1" time="0.193" /><testcase classname="examples.eps.test_eps.epsTests" name="test_backward_fault_prop_2" time="0.203" /><testcase classname="examples.eps.test_eps.epsTests" name="test_fault_app" time="5.089" /><testcase classname="examples.eps.test_eps.epsTests" name="test_multfault_saving" time="0.677" /><testcase classname="examples.eps.test_eps.epsTests" name="test_nominal_saving" time="0.192" /><testcase classname="examples.eps.test_eps.epsTests" name="test_pickleability" time="6.908" /><testcase classname="examples.eps.test_eps.epsTests" name="test_save_load_onefault" time="0.638" /><testcase classname="examples.eps.test_eps.epsTests" name="test_save_load_singlefaults" time="12.162" /><testcase classname="examples.multiflow_demo.Multiflow_and_Commsflow_Demonstration.ipynb" name="Multiflow_and_Commsflow_Demonstration.ipynb" time="8.057" /><testcase classname="examples.multiflow_demo.test_multiflow.define_Tests" name="test_multiflow_combination" time="0.670" /><testcase classname="examples.multiflow_demo.test_multiflow.define_Tests" name="test_multiflow_passing" time="0.520" /><testcase classname="examples.multiflow_demo.test_multiflow.define_Tests" name="test_mutliflow_copying" time="0.487" /><testcase classname="examples.multirotor.Demonstration.ipynb" name="Demonstration.ipynb" time="19.005"><failure message="#x1B[31mAttributeError#x1B[39m: Not in dict: graph">---------------------------------------------------------------------------
static_mdl = Drone_Static()
result, mdlhist = propagate.one_fault(static_mdl,'affect_dof', 'mechbreak', t=0, to_return='graph')

result.graph.set_edge_labels(title='')
fig, ax = result.graph.draw(title = 'AffectDOF: Mechbreak at final sim time')
#fig.savefig('static_propagation.pdf', format="pdf", bbox_inches = 'tight', pad_inches = 0)
#x1B[31m---------------------------------------------------------------------------#x1B[39m
#x1B[31mKeyError#x1B[39m                                  Traceback (most recent call last)
#x1B[36mFile #x1B[39m#x1B[32m~/bamboo-agent-home/xml-data/build-dir/RAD-TEST-UVF/fmdtools-full/lib/python3.11/site-packages/fmdtools/analyze/result.py:365#x1B[39m, in #x1B[36mResult.__getattr__#x1B[39m#x1B[34m(self, argstr)#x1B[39m
#x1B[32m    364#x1B[39m         obj = #x1B[38;5;28mself#x1B[39m
#x1B[32m--&gt; #x1B[39m#x1B[32m365#x1B[39m     #x1B[38;5;28;01mreturn#x1B[39;00m #x1B[43mget_dict_attr#x1B[49m#x1B[43m(#x1B[49m#x1B[43mobj#x1B[49m#x1B[43m.#x1B[49m#x1B[43mdata#x1B[49m#x1B[43m,#x1B[49m#x1B[43m #x1B[49m#x1B[38;5;28;43mself#x1B[39;49m#x1B[43m.#x1B[49m#x1B[34;43m__class__#x1B[39;49m#x1B[43m,#x1B[49m#x1B[43m #x1B[49m#x1B[43m*#x1B[49m#x1B[43margs#x1B[49m#x1B[43m)#x1B[49m
#x1B[32m    366#x1B[39m #x1B[38;5;28;01mexcept#x1B[39;00m #x1B[38;5;167;01mKeyError#x1B[39;00m:

#x1B[36mFile #x1B[39m#x1B[32m~/bamboo-agent-home/xml-data/build-dir/RAD-TEST-UVF/fmdtools-full/lib/python3.11/site-packages/fmdtools/analyze/result.py:96#x1B[39m, in #x1B[36mget_dict_attr#x1B[39m#x1B[34m(dict_in, des_class, *attr)#x1B[39m
#x1B[32m     95#x1B[39m #x1B[38;5;250m#x1B[39m#x1B[33;03m"""Get attributes *attr from a given nested dict dict_in of class des_class."""#x1B[39;00m
#x1B[32m---&gt; #x1B[39m#x1B[32m96#x1B[39m sub_dict = #x1B[43mdict_in#x1B[49m#x1B[43m[#x1B[49m#x1B[43mattr#x1B[49m#x1B[43m[#x1B[49m#x1B[32;43m0#x1B[39;49m#x1B[43m]#x1B[49m#x1B[43m]#x1B[49m
#x1B[32m     97#x1B[39m #x1B[38;5;28;01mif#x1B[39;00m #x1B[38;5;28mlen#x1B[39m(attr) == #x1B[32m1#x1B[39m:

#x1B[31mKeyError#x1B[39m: 'graph'

During handling of the above exception, another exception occurred:

#x1B[31mException#x1B[39m                                 Traceback (most recent call last)
#x1B[36mFile #x1B[39m#x1B[32m~/bamboo-agent-home/xml-data/build-dir/RAD-TEST-UVF/fmdtools-full/lib/python3.11/site-packages/fmdtools/analyze/result.py:368#x1B[39m, in #x1B[36mResult.__getattr__#x1B[39m#x1B[34m(self, argstr)#x1B[39m
#x1B[32m    367#x1B[39m #x1B[38;5;28;01mtry#x1B[39;00m:
#x1B[32m--&gt; #x1B[39m#x1B[32m368#x1B[39m     #x1B[38;5;28;01mreturn#x1B[39;00m #x1B[38;5;28;43mself#x1B[39;49m#x1B[43m.#x1B[49m#x1B[43mall_with#x1B[49m#x1B[43m(#x1B[49m#x1B[43margstr#x1B[49m#x1B[43m)#x1B[49m
#x1B[32m    369#x1B[39m #x1B[38;5;28;01mexcept#x1B[39;00m #x1B[38;5;167;01mException#x1B[39;00m:

#x1B[36mFile #x1B[39m#x1B[32m~/bamboo-agent-home/xml-data/build-dir/RAD-TEST-UVF/fmdtools-full/lib/python3.11/site-packages/fmdtools/analyze/result.py:442#x1B[39m, in #x1B[36mResult.all_with#x1B[39m#x1B[34m(self, attr)#x1B[39m
#x1B[32m    441#x1B[39m #x1B[38;5;28;01melse#x1B[39;00m:
#x1B[32m--&gt; #x1B[39m#x1B[32m442#x1B[39m     #x1B[38;5;28;01mraise#x1B[39;00m #x1B[38;5;167;01mException#x1B[39;00m(attr+#x1B[33m"#x1B[39m#x1B[33m not in Result keys: #x1B[39m#x1B[33m"#x1B[39m+#x1B[38;5;28mstr#x1B[39m(#x1B[38;5;28mself#x1B[39m.keys()))

#x1B[31mException#x1B[39m: graph not in Result keys: dict_keys(['nominal.tend.classify.rate', 'nominal.tend.classify.cost', 'nominal.tend.classify.expected_cost', 'affect_dof_mechbreak_t0.tend.classify.rate', 'affect_dof_mechbreak_t0.tend.classify.cost', 'affect_dof_mechbreak_t0.tend.classify.expected_cost'])

During handling of the above exception, another exception occurred:

#x1B[31mAttributeError#x1B[39m                            Traceback (most recent call last)
#x1B[36mCell#x1B[39m#x1B[36m #x1B[39m#x1B[32mIn[24]#x1B[39m#x1B[32m, line 4#x1B[39m
#x1B[32m      1#x1B[39m static_mdl = Drone_Static()
#x1B[32m      2#x1B[39m result, mdlhist = propagate.one_fault(static_mdl,#x1B[33m'#x1B[39m#x1B[33maffect_dof#x1B[39m#x1B[33m'#x1B[39m, #x1B[33m'#x1B[39m#x1B[33mmechbreak#x1B[39m#x1B[33m'#x1B[39m, t=#x1B[32m0#x1B[39m, to_return=#x1B[33m'#x1B[39m#x1B[33mgraph#x1B[39m#x1B[33m'#x1B[39m)
#x1B[32m----&gt; #x1B[39m#x1B[32m4#x1B[39m #x1B[43mresult#x1B[49m#x1B[43m.#x1B[49m#x1B[43mgraph#x1B[49m.set_edge_labels(title=#x1B[33m'#x1B[39m#x1B[33m'#x1B[39m)
#x1B[32m      5#x1B[39m fig, ax = result.graph.draw(title = #x1B[33m'#x1B[39m#x1B[33mAffectDOF: Mechbreak at final sim time#x1B[39m#x1B[33m'#x1B[39m)
#x1B[32m      6#x1B[39m #x1B[38;5;66;03m#fig.savefig('static_propagation.pdf', format="pdf", bbox_inches = 'tight', pad_inches = 0)#x1B[39;00m

#x1B[36mFile #x1B[39m#x1B[32m~/bamboo-agent-home/xml-data/build-dir/RAD-TEST-UVF/fmdtools-full/lib/python3.11/site-packages/fmdtools/analyze/result.py:370#x1B[39m, in #x1B[36mResult.__getattr__#x1B[39m#x1B[34m(self, argstr)#x1B[39m
#x1B[32m    368#x1B[39m     #x1B[38;5;28;01mreturn#x1B[39;00m #x1B[38;5;28mself#x1B[39m.all_with(argstr)
#x1B[32m    369#x1B[39m #x1B[38;5;28;01mexcept#x1B[39;00m #x1B[38;5;167;01mException#x1B[39;00m:
#x1B[32m--&gt; #x1B[39m#x1B[32m370#x1B[39m     #x1B[38;5;28;01mraise#x1B[39;00m #x1B[38;5;167;01mAttributeError#x1B[39;00m(#x1B[33m"#x1B[39m#x1B[33mNot in dict: #x1B[39m#x1B[33m"#x1B[39m+#x1B[38;5;28mstr#x1B[39m(argstr))

#x1B[31mAttributeError#x1B[39m: Not in dict: graph</failure></testcase><testcase classname="examples.multirotor.Multirotor_Optimization.ipynb" name="Multirotor_Optimization.ipynb" time="10.595"><failure message="#x1B[31mException#x1B[39m: Value endclass.expected_cost not in Result keys.">---------------------------------------------------------------------------
oper_prob.co(1, 1, 100)
#x1B[31m---------------------------------------------------------------------------#x1B[39m
#x1B[31mException#x1B[39m                                 Traceback (most recent call last)
#x1B[36mCell#x1B[39m#x1B[36m #x1B[39m#x1B[32mIn[10]#x1B[39m#x1B[32m, line 1#x1B[39m
#x1B[32m----&gt; #x1B[39m#x1B[32m1#x1B[39m #x1B[43moper_prob#x1B[49m#x1B[43m.#x1B[49m#x1B[43mco#x1B[49m#x1B[43m(#x1B[49m#x1B[32;43m1#x1B[39;49m#x1B[43m,#x1B[49m#x1B[43m #x1B[49m#x1B[32;43m1#x1B[39;49m#x1B[43m,#x1B[49m#x1B[43m #x1B[49m#x1B[32;43m100#x1B[39;49m#x1B[43m)#x1B[49m

#x1B[36mFile #x1B[39m#x1B[32m~/bamboo-agent-home/xml-data/build-dir/RAD-TEST-UVF/fmdtools-full/lib/python3.11/site-packages/fmdtools/sim/search.py:233#x1B[39m, in #x1B[36mBaseProblem.add_objective_callable.&lt;locals&gt;.newobj#x1B[39m#x1B[34m(*x)#x1B[39m
#x1B[32m    232#x1B[39m #x1B[38;5;28;01mdef#x1B[39;00m#x1B[38;5;250m #x1B[39m#x1B[34mnewobj#x1B[39m(*x):
#x1B[32m--&gt; #x1B[39m#x1B[32m233#x1B[39m     #x1B[38;5;28;01mreturn#x1B[39;00m #x1B[38;5;28;43mself#x1B[39;49m#x1B[43m.#x1B[49m#x1B[43mcall_objective#x1B[49m#x1B[43m(#x1B[49m#x1B[43m*#x1B[49m#x1B[43mx#x1B[49m#x1B[43m,#x1B[49m#x1B[43m #x1B[49m#x1B[43mobjective#x1B[49m#x1B[43m=#x1B[49m#x1B[43mname#x1B[49m#x1B[43m)#x1B[49m

#x1B[36mFile #x1B[39m#x1B[32m~/bamboo-agent-home/xml-data/build-dir/RAD-TEST-UVF/fmdtools-full/lib/python3.11/site-packages/fmdtools/sim/search.py:296#x1B[39m, in #x1B[36mBaseProblem.call_objective#x1B[39m#x1B[34m(self, objective, *x)#x1B[39m
#x1B[32m    294#x1B[39m #x1B[38;5;250m#x1B[39m#x1B[33;03m"""Call a given objective at x."""#x1B[39;00m
#x1B[32m    295#x1B[39m #x1B[38;5;28;01mif#x1B[39;00m #x1B[38;5;28mself#x1B[39m.new_x(*x):
#x1B[32m--&gt; #x1B[39m#x1B[32m296#x1B[39m     #x1B[38;5;28;43mself#x1B[39;49m#x1B[43m.#x1B[49m#x1B[43mupdate_objectives#x1B[49m#x1B[43m(#x1B[49m#x1B[43m*#x1B[49m#x1B[43mx#x1B[49m#x1B[43m)#x1B[49m
#x1B[32m    297#x1B[39m #x1B[38;5;28;01mreturn#x1B[39;00m #x1B[38;5;28mself#x1B[39m.objectives[objective].value

#x1B[36mFile #x1B[39m#x1B[32m~/bamboo-agent-home/xml-data/build-dir/RAD-TEST-UVF/fmdtools-full/lib/python3.11/site-packages/fmdtools/sim/search.py:765#x1B[39m, in #x1B[36mBaseSimProblem.update_objectives#x1B[39m#x1B[34m(self, *x)#x1B[39m
#x1B[32m    763#x1B[39m         obj.update(#x1B[38;5;28mself#x1B[39m.hist)
#x1B[32m    764#x1B[39m     #x1B[38;5;28;01melif#x1B[39;00m #x1B[38;5;28misinstance#x1B[39m(obj, ResultObjective):
#x1B[32m--&gt; #x1B[39m#x1B[32m765#x1B[39m         #x1B[43mobj#x1B[49m#x1B[43m.#x1B[49m#x1B[43mupdate#x1B[49m#x1B[43m(#x1B[49m#x1B[38;5;28;43mself#x1B[39;49m#x1B[43m.#x1B[49m#x1B[43mres#x1B[49m#x1B[43m)#x1B[49m
#x1B[32m    766#x1B[39m #x1B[38;5;28mself#x1B[39m.log_hist()

#x1B[36mFile #x1B[39m#x1B[32m~/bamboo-agent-home/xml-data/build-dir/RAD-TEST-UVF/fmdtools-full/lib/python3.11/site-packages/fmdtools/sim/search.py:552#x1B[39m, in #x1B[36mResultObjective.update#x1B[39m#x1B[34m(self, res)#x1B[39m
#x1B[32m    550#x1B[39m #x1B[38;5;28;01mdef#x1B[39;00m#x1B[38;5;250m #x1B[39m#x1B[34mupdate#x1B[39m(#x1B[38;5;28mself#x1B[39m, res):
#x1B[32m    551#x1B[39m #x1B[38;5;250m    #x1B[39m#x1B[33;03m"""Update the value of the objective given the result."""#x1B[39;00m
#x1B[32m--&gt; #x1B[39m#x1B[32m552#x1B[39m     value = #x1B[38;5;28;43mself#x1B[39;49m#x1B[43m.#x1B[49m#x1B[43mget_result_value#x1B[49m#x1B[43m(#x1B[49m#x1B[43mres#x1B[49m#x1B[43m)#x1B[49m
#x1B[32m    553#x1B[39m     #x1B[38;5;28mself#x1B[39m.value = #x1B[38;5;28mself#x1B[39m.obj_from_value(value)

#x1B[36mFile #x1B[39m#x1B[32m~/bamboo-agent-home/xml-data/build-dir/RAD-TEST-UVF/fmdtools-full/lib/python3.11/site-packages/fmdtools/sim/search.py:544#x1B[39m, in #x1B[36mResultObjective.get_result_value#x1B[39m#x1B[34m(self, res)#x1B[39m
#x1B[32m    517#x1B[39m #x1B[38;5;250m#x1B[39m#x1B[33;03m"""#x1B[39;00m
#x1B[32m    518#x1B[39m #x1B[33;03mGet the value corresponding to the objective from the result.#x1B[39;00m
#x1B[32m    519#x1B[39m 
#x1B[32m   (...)#x1B[39m#x1B[32m    541#x1B[39m #x1B[33;03m22.0#x1B[39;00m
#x1B[32m    542#x1B[39m #x1B[33;03m"""#x1B[39;00m
#x1B[32m    543#x1B[39m #x1B[38;5;28;01mif#x1B[39;00m #x1B[38;5;129;01mnot#x1B[39;00m #x1B[38;5;28mself#x1B[39m.time:
#x1B[32m--&gt; #x1B[39m#x1B[32m544#x1B[39m     val = #x1B[43mres#x1B[49m#x1B[43m.#x1B[49m#x1B[43mget_metric#x1B[49m#x1B[43m(#x1B[49m#x1B[38;5;28;43mself#x1B[39;49m#x1B[43m.#x1B[49m#x1B[43mname#x1B[49m#x1B[43m,#x1B[49m#x1B[43m #x1B[49m#x1B[43mmethod#x1B[49m#x1B[43m=#x1B[49m#x1B[38;5;28;43mself#x1B[39;49m#x1B[43m.#x1B[49m#x1B[43mmethod#x1B[49m#x1B[43m)#x1B[49m
#x1B[32m    545#x1B[39m #x1B[38;5;28;01melse#x1B[39;00m:
#x1B[32m    546#x1B[39m     t = t_key(#x1B[38;5;28mfloat#x1B[39m(#x1B[38;5;28mself#x1B[39m.time))

#x1B[36mFile #x1B[39m#x1B[32m~/bamboo-agent-home/xml-data/build-dir/RAD-TEST-UVF/fmdtools-full/lib/python3.11/site-packages/fmdtools/analyze/result.py:856#x1B[39m, in #x1B[36mResult.get_metric#x1B[39m#x1B[34m(self, value, method, rates, weights, prefix, **kwargs)#x1B[39m
#x1B[32m    823#x1B[39m #x1B[38;5;28;01mdef#x1B[39;00m#x1B[38;5;250m #x1B[39m#x1B[34mget_metric#x1B[39m(#x1B[38;5;28mself#x1B[39m, value, method=np.average, rates=#x1B[38;5;28;01mNone#x1B[39;00m, weights=#x1B[38;5;28;01mNone#x1B[39;00m, prefix=#x1B[33m"#x1B[39m#x1B[33m"#x1B[39m,
#x1B[32m    824#x1B[39m                **kwargs):
#x1B[32m    825#x1B[39m #x1B[38;5;250m    #x1B[39m#x1B[33;03m"""#x1B[39;00m
#x1B[32m    826#x1B[39m #x1B[33;03m    Calculate a statistic of the value using a provided metric function.#x1B[39;00m
#x1B[32m    827#x1B[39m 
#x1B[32m   (...)#x1B[39m#x1B[32m    854#x1B[39m #x1B[33;03m    0.21000000000000002#x1B[39;00m
#x1B[32m    855#x1B[39m #x1B[33;03m    """#x1B[39;00m
#x1B[32m--&gt; #x1B[39m#x1B[32m856#x1B[39m     vals, rates, weights = #x1B[38;5;28;43mself#x1B[39;49m#x1B[43m.#x1B[49m#x1B[43mget_vals#x1B[49m#x1B[43m(#x1B[49m#x1B[43mvalue#x1B[49m#x1B[43m,#x1B[49m#x1B[43m #x1B[49m#x1B[43mprefix#x1B[49m#x1B[43m=#x1B[49m#x1B[43mprefix#x1B[49m#x1B[43m,#x1B[49m
#x1B[32m    857#x1B[39m #x1B[43m                                         #x1B[49m#x1B[43mrates#x1B[49m#x1B[43m=#x1B[49m#x1B[43mrates#x1B[49m#x1B[43m,#x1B[49m#x1B[43m #x1B[49m#x1B[43mweights#x1B[49m#x1B[43m=#x1B[49m#x1B[43mweights#x1B[49m#x1B[43m)#x1B[49m
#x1B[32m    858#x1B[39m     #x1B[38;5;28;01mreturn#x1B[39;00m calc_metric(vals, method=method, weights=weights, rates=rates, **kwargs)

#x1B[36mFile #x1B[39m#x1B[32m~/bamboo-agent-home/xml-data/build-dir/RAD-TEST-UVF/fmdtools-full/lib/python3.11/site-packages/fmdtools/analyze/result.py:491#x1B[39m, in #x1B[36mResult.get_vals#x1B[39m#x1B[34m(self, prefix, *values, **val_kwargs)#x1B[39m
#x1B[32m    478#x1B[39m #x1B[38;5;28;01mdef#x1B[39;00m#x1B[38;5;250m #x1B[39m#x1B[34mget_vals#x1B[39m(#x1B[38;5;28mself#x1B[39m, *values, prefix=#x1B[33m"#x1B[39m#x1B[33m"#x1B[39m, **val_kwargs):
#x1B[32m    479#x1B[39m #x1B[38;5;250m    #x1B[39m#x1B[33;03m"""#x1B[39;00m
#x1B[32m    480#x1B[39m #x1B[33;03m    Get *values from the dict and return as tuples.#x1B[39;00m
#x1B[32m    481#x1B[39m 
#x1B[32m   (...)#x1B[39m#x1B[32m    489#x1B[39m #x1B[33;03m    ([1, 3], [4, 5])#x1B[39;00m
#x1B[32m    490#x1B[39m #x1B[33;03m    """#x1B[39;00m
#x1B[32m--&gt; #x1B[39m#x1B[32m491#x1B[39m     get_vals = #x1B[43m[#x1B[49m#x1B[43m[#x1B[49m#x1B[43m*#x1B[49m#x1B[38;5;28;43mself#x1B[39;49m#x1B[43m.#x1B[49m#x1B[43mget_values#x1B[49m#x1B[43m(#x1B[49m#x1B[43mval#x1B[49m#x1B[43m,#x1B[49m#x1B[43m #x1B[49m#x1B[43mprefix#x1B[49m#x1B[43m=#x1B[49m#x1B[43mprefix#x1B[49m#x1B[43m)#x1B[49m#x1B[43m.#x1B[49m#x1B[43mvalues#x1B[49m#x1B[43m(#x1B[49m#x1B[43m)#x1B[49m#x1B[43m]#x1B[49m
#x1B[32m    492#x1B[39m #x1B[43m                #x1B[49m#x1B[38;5;28;43;01mfor#x1B[39;49;00m#x1B[43m #x1B[49m#x1B[43mval#x1B[49m#x1B[43m #x1B[49m#x1B[38;5;129;43;01min#x1B[39;49;00m#x1B[43m #x1B[49m#x1B[43mvalues#x1B[49m#x1B[43m]#x1B[49m
#x1B[32m    493#x1B[39m     k_vals = [[*#x1B[38;5;28mself#x1B[39m.get_values(val, prefix=prefix).values()]
#x1B[32m    494#x1B[39m               #x1B[38;5;28;01mif#x1B[39;00m #x1B[38;5;28misinstance#x1B[39m(val, #x1B[38;5;28mstr#x1B[39m) #x1B[38;5;28;01melse#x1B[39;00m
#x1B[32m    495#x1B[39m               [*#x1B[38;5;28mself#x1B[39m.align_external_dict(val).values()] #x1B[38;5;28;01mif#x1B[39;00m #x1B[38;5;28misinstance#x1B[39m(val, #x1B[38;5;28mdict#x1B[39m)
#x1B[32m    496#x1B[39m               #x1B[38;5;28;01melse#x1B[39;00m val
#x1B[32m    497#x1B[39m               #x1B[38;5;28;01mfor#x1B[39;00m val #x1B[38;5;129;01min#x1B[39;00m val_kwargs.values()]
#x1B[32m    498#x1B[39m     #x1B[38;5;28;01mreturn#x1B[39;00m #x1B[38;5;28mtuple#x1B[39m(get_vals+k_vals)

#x1B[36mFile #x1B[39m#x1B[32m~/bamboo-agent-home/xml-data/build-dir/RAD-TEST-UVF/fmdtools-full/lib/python3.11/site-packages/fmdtools/analyze/result.py:491#x1B[39m, in #x1B[36m&lt;listcomp&gt;#x1B[39m#x1B[34m(.0)#x1B[39m
#x1B[32m    478#x1B[39m #x1B[38;5;28;01mdef#x1B[39;00m#x1B[38;5;250m #x1B[39m#x1B[34mget_vals#x1B[39m(#x1B[38;5;28mself#x1B[39m, *values, prefix=#x1B[33m"#x1B[39m#x1B[33m"#x1B[39m, **val_kwargs):
#x1B[32m    479#x1B[39m #x1B[38;5;250m    #x1B[39m#x1B[33;03m"""#x1B[39;00m
#x1B[32m    480#x1B[39m #x1B[33;03m    Get *values from the dict and return as tuples.#x1B[39;00m
#x1B[32m    481#x1B[39m 
#x1B[32m   (...)#x1B[39m#x1B[32m    489#x1B[39m #x1B[33;03m    ([1, 3], [4, 5])#x1B[39;00m
#x1B[32m    490#x1B[39m #x1B[33;03m    """#x1B[39;00m
#x1B[32m--&gt; #x1B[39m#x1B[32m491#x1B[39m     get_vals = [[*#x1B[38;5;28;43mself#x1B[39;49m#x1B[43m.#x1B[49m#x1B[43mget_values#x1B[49m#x1B[43m(#x1B[49m#x1B[43mval#x1B[49m#x1B[43m,#x1B[49m#x1B[43m #x1B[49m#x1B[43mprefix#x1B[49m#x1B[43m=#x1B[49m#x1B[43mprefix#x1B[49m#x1B[43m)#x1B[49m.values()]
#x1B[32m    492#x1B[39m                 #x1B[38;5;28;01mfor#x1B[39;00m val #x1B[38;5;129;01min#x1B[39;00m values]
#x1B[32m    493#x1B[39m     k_vals = [[*#x1B[38;5;28mself#x1B[39m.get_values(val, prefix=prefix).values()]
#x1B[32m    494#x1B[39m               #x1B[38;5;28;01mif#x1B[39;00m #x1B[38;5;28misinstance#x1B[39m(val, #x1B[38;5;28mstr#x1B[39m) #x1B[38;5;28;01melse#x1B[39;00m
#x1B[32m    495#x1B[39m               [*#x1B[38;5;28mself#x1B[39m.align_external_dict(val).values()] #x1B[38;5;28;01mif#x1B[39;00m #x1B[38;5;28misinstance#x1B[39m(val, #x1B[38;5;28mdict#x1B[39m)
#x1B[32m    496#x1B[39m               #x1B[38;5;28;01melse#x1B[39;00m val
#x1B[32m    497#x1B[39m               #x1B[38;5;28;01mfor#x1B[39;00m val #x1B[38;5;129;01min#x1B[39;00m val_kwargs.values()]
#x1B[32m    498#x1B[39m     #x1B[38;5;28;01mreturn#x1B[39;00m #x1B[38;5;28mtuple#x1B[39m(get_vals+k_vals)

#x1B[36mFile #x1B[39m#x1B[32m~/bamboo-agent-home/xml-data/build-dir/RAD-TEST-UVF/fmdtools-full/lib/python3.11/site-packages/fmdtools/analyze/result.py:523#x1B[39m, in #x1B[36mResult.get_values#x1B[39m#x1B[34m(self, prefix, *values)#x1B[39m
#x1B[32m    521#x1B[39m     ks = [k #x1B[38;5;28;01mfor#x1B[39;00m k #x1B[38;5;129;01min#x1B[39;00m flatself.keys() #x1B[38;5;28;01mif#x1B[39;00m k.endswith(prefix+v)]
#x1B[32m    522#x1B[39m     #x1B[38;5;28;01mif#x1B[39;00m #x1B[38;5;129;01mnot#x1B[39;00m ks:
#x1B[32m--&gt; #x1B[39m#x1B[32m523#x1B[39m         #x1B[38;5;28;01mraise#x1B[39;00m #x1B[38;5;167;01mException#x1B[39;00m(#x1B[33m"#x1B[39m#x1B[33mValue #x1B[39m#x1B[33m"#x1B[39m+v+#x1B[33m"#x1B[39m#x1B[33m not in Result keys.#x1B[39m#x1B[33m"#x1B[39m)
#x1B[32m    524#x1B[39m     k_vs.extend(ks)
#x1B[32m    526#x1B[39m #x1B[38;5;28;01mfor#x1B[39;00m k #x1B[38;5;129;01min#x1B[39;00m k_vs:

#x1B[31mException#x1B[39m: Value endclass.expected_cost not in Result keys.</failure></testcase><testcase classname="examples.multirotor.drone_mdl_dynamic" name="examples.multirotor.drone_mdl_dynamic.AffectDOF.inc_pos" time="0.008" /><testcase classname="examples.multirotor.drone_mdl_dynamic" name="examples.multirotor.drone_mdl_dynamic.PlanPath.assign_vectdist_to_goal" time="0.006" /><testcase classname="examples.multirotor.drone_mdl_dynamic" name="examples.multirotor.drone_mdl_dynamic.PlanPath.calc_dist_to_goal" time="0.006" /><testcase classname="examples.multirotor.drone_mdl_dynamic" name="examples.multirotor.drone_mdl_dynamic.SightGrid" time="0.601" /><testcase classname="examples.multirotor.drone_mdl_hierarchical" name="examples.multirotor.drone_mdl_hierarchical.AffectDOF.calc_pwr" time="0.018" /><testcase classname="examples.multirotor.drone_mdl_hierarchical" name="examples.multirotor.drone_mdl_hierarchical.LineArchParam" time="0.004" /><testcase classname="examples.multirotor.drone_mdl_static" name="examples.multirotor.drone_mdl_static.AffectDOF.static_behavior" time="0.006" /><testcase classname="examples.multirotor.drone_mdl_static" name="examples.multirotor.drone_mdl_static.CtlDOF.static_behavior" time="0.006" /><testcase classname="examples.multirotor.drone_mdl_static" name="examples.multirotor.drone_mdl_static.DesTrajState.dist2d" time="0.002" /><testcase classname="examples.multirotor.drone_mdl_static" name="examples.multirotor.drone_mdl_static.DesTrajState.unit_vect2d" time="0.003" /><testcase classname="examples.multirotor.drone_mdl_static" name="examples.multirotor.drone_mdl_static.DistEE.static_behavior" time="0.008" /><testcase classname="examples.multirotor.drone_mdl_static" name="examples.multirotor.drone_mdl_static.HoldPayload.static_behavior" time="0.005" /><testcase classname="examples.multirotor.drone_mdl_static" name="examples.multirotor.drone_mdl_static.PlanPath.static_behavior" time="0.005" /><testcase classname="examples.multirotor.test_multirotor.DroneParameterTests" name="test_objectives" time="1.806" /><testcase classname="examples.multirotor.test_multirotor.DroneParameterTests" name="test_param_domain_1" time="0.002" /><testcase classname="examples.multirotor.test_multirotor.DroneParameterTests" name="test_param_domain_2" time="0.001" /><testcase classname="examples.multirotor.test_multirotor.DroneParameterTests" name="test_set_constraints_1" time="0.001" /><testcase classname="examples.multirotor.test_multirotor.DroneParameterTests" name="test_set_constraints_2" time="0.001" /><testcase classname="examples.multirotor.test_multirotor.DroneParameterTests" name="test_sim_mdl" time="1.474" /><testcase classname="examples.multirotor.test_multirotor.DroneScenarioTest" name="test_scenprob_results" time="4.213" /><testcase classname="examples.multirotor.test_multirotor.DroneScenarioTest2" name="test_scenprob_results" time="3.563" /><testcase classname="examples.multirotor.test_multirotor.DroneScenarioTest3" name="test_scenprob_results" time="3.228" /><testcase classname="examples.multirotor.test_multirotor.DroneDisturbanceTest" name="test_disturbance_set" time="1.067" /><testcase classname="examples.pump.Optimization.ipynb" name="Optimization.ipynb" time="9.143"><failure message="#x1B[31mException#x1B[39m: Error simulating nominal scenario(s)">---------------------------------------------------------------------------
new_problem.f1(1)
new_problem.f1(0.5)
new_problem.f1(1.5)
new_problem.f1(2)
new_problem.f1(0.3)
#x1B[31m---------------------------------------------------------------------------#x1B[39m
#x1B[31mNameError#x1B[39m                                 Traceback (most recent call last)
#x1B[36mFile #x1B[39m#x1B[32m~/bamboo-agent-home/xml-data/build-dir/RAD-TEST-UVF/fmdtools-full/lib/python3.11/site-packages/fmdtools/define/block/base.py:796#x1B[39m, in #x1B[36mSimulable.__call__#x1B[39m#x1B[34m(self, time, proptype, faults, disturbances, inc_at, end_of_simulation, copy)#x1B[39m
#x1B[32m    795#x1B[39m #x1B[38;5;28mself#x1B[39m.update_dynamic_behaviors(proptype=proptype)
#x1B[32m--&gt; #x1B[39m#x1B[32m796#x1B[39m #x1B[38;5;28;43mself#x1B[39;49m#x1B[43m.#x1B[49m#x1B[43mupdate_static_behaviors#x1B[49m#x1B[43m(#x1B[49m#x1B[43mproptype#x1B[49m#x1B[43m=#x1B[49m#x1B[43mproptype#x1B[49m#x1B[43m)#x1B[49m
#x1B[32m    797#x1B[39m #x1B[38;5;28mself#x1B[39m.set_sub_faults()

#x1B[36mFile #x1B[39m#x1B[32m~/bamboo-agent-home/xml-data/build-dir/RAD-TEST-UVF/fmdtools-full/lib/python3.11/site-packages/fmdtools/define/block/base.py:728#x1B[39m, in #x1B[36mSimulable.update_static_behaviors#x1B[39m#x1B[34m(self, proptype)#x1B[39m
#x1B[32m    727#x1B[39m #x1B[38;5;28;01melif#x1B[39;00m proptype #x1B[38;5;129;01min#x1B[39;00m [#x1B[33m'#x1B[39m#x1B[33mstatic-once#x1B[39m#x1B[33m'#x1B[39m]:
#x1B[32m--&gt; #x1B[39m#x1B[32m728#x1B[39m     #x1B[38;5;28;43mself#x1B[39;49m#x1B[43m.#x1B[49m#x1B[43mexecute_static_behaviors#x1B[49m#x1B[43m(#x1B[49m#x1B[43m)#x1B[49m

#x1B[36mFile #x1B[39m#x1B[32m~/bamboo-agent-home/xml-data/build-dir/RAD-TEST-UVF/fmdtools-full/lib/python3.11/site-packages/fmdtools/define/block/base.py:734#x1B[39m, in #x1B[36mSimulable.execute_static_behaviors#x1B[39m#x1B[34m(self)#x1B[39m
#x1B[32m    733#x1B[39m #x1B[38;5;28;01mif#x1B[39;00m #x1B[38;5;28mhasattr#x1B[39m(#x1B[38;5;28mself#x1B[39m, #x1B[33m'#x1B[39m#x1B[33mstatic_behavior#x1B[39m#x1B[33m'#x1B[39m):
#x1B[32m--&gt; #x1B[39m#x1B[32m734#x1B[39m     #x1B[38;5;28;43mself#x1B[39;49m#x1B[43m.#x1B[49m#x1B[43mstatic_behavior#x1B[49m#x1B[43m(#x1B[49m#x1B[43m)#x1B[49m
#x1B[32m    735#x1B[39m #x1B[38;5;28;01mif#x1B[39;00m #x1B[38;5;28mself#x1B[39m.sp.with_loadings #x1B[38;5;129;01mand#x1B[39;00m #x1B[38;5;28mhasattr#x1B[39m(#x1B[38;5;28mself#x1B[39m, #x1B[33m'#x1B[39m#x1B[33mstatic_loading#x1B[39m#x1B[33m'#x1B[39m):

#x1B[36mFile #x1B[39m#x1B[32m~/bamboo-agent-home/xml-data/build-dir/RAD-TEST-UVF/fmdtools/examples/pump/pump_stochastic.py:116#x1B[39m, in #x1B[36mMoveWat.static_behavior#x1B[39m#x1B[34m(self)#x1B[39m
#x1B[32m    115#x1B[39m #x1B[38;5;28mself#x1B[39m.s.eff = #x1B[38;5;28mself#x1B[39m.r.s.eff
#x1B[32m--&gt; #x1B[39m#x1B[32m116#x1B[39m #x1B[38;5;28;43msuper#x1B[39;49m#x1B[43m(#x1B[49m#x1B[43m)#x1B[49m#x1B[43m.#x1B[49m#x1B[43mstatic_behavior#x1B[49m#x1B[43m(#x1B[49m#x1B[43m)#x1B[49m
#x1B[32m    117#x1B[39m #x1B[38;5;28;01mif#x1B[39;00m #x1B[38;5;129;01mnot#x1B[39;00m #x1B[38;5;28mself#x1B[39m.t.executed_static:

#x1B[36mFile #x1B[39m#x1B[32m~/bamboo-agent-home/xml-data/build-dir/RAD-TEST-UVF/fmdtools-full/lib/python3.11/site-packages/examples/pump/ex_pump.py:436#x1B[39m, in #x1B[36mMoveWat.static_behavior#x1B[39m#x1B[34m(self)#x1B[39m
#x1B[32m    435#x1B[39m #x1B[38;5;28mself#x1B[39m.wat_in.s.assign(#x1B[38;5;28mself#x1B[39m.wat_out.s, #x1B[33m'#x1B[39m#x1B[33mpressure#x1B[39m#x1B[33m'#x1B[39m, #x1B[33m'#x1B[39m#x1B[33mflowrate#x1B[39m#x1B[33m'#x1B[39m)
#x1B[32m--&gt; #x1B[39m#x1B[32m436#x1B[39m #x1B[38;5;28mprint#x1B[39m(#x1B[43ma#x1B[49m)

#x1B[31mNameError#x1B[39m: name 'a' is not defined

The above exception was the direct cause of the following exception:

#x1B[31mException#x1B[39m                                 Traceback (most recent call last)
#x1B[36mFile #x1B[39m#x1B[32m~/bamboo-agent-home/xml-data/build-dir/RAD-TEST-UVF/fmdtools-full/lib/python3.11/site-packages/fmdtools/define/block/base.py:796#x1B[39m, in #x1B[36mSimulable.__call__#x1B[39m#x1B[34m(self, time, proptype, faults, disturbances, inc_at, end_of_simulation, copy)#x1B[39m
#x1B[32m    795#x1B[39m #x1B[38;5;28mself#x1B[39m.update_dynamic_behaviors(proptype=proptype)
#x1B[32m--&gt; #x1B[39m#x1B[32m796#x1B[39m #x1B[38;5;28;43mself#x1B[39;49m#x1B[43m.#x1B[49m#x1B[43mupdate_static_behaviors#x1B[49m#x1B[43m(#x1B[49m#x1B[43mproptype#x1B[49m#x1B[43m=#x1B[49m#x1B[43mproptype#x1B[49m#x1B[43m)#x1B[49m
#x1B[32m    797#x1B[39m #x1B[38;5;28mself#x1B[39m.set_sub_faults()

#x1B[36mFile #x1B[39m#x1B[32m~/bamboo-agent-home/xml-data/build-dir/RAD-TEST-UVF/fmdtools-full/lib/python3.11/site-packages/fmdtools/define/block/base.py:724#x1B[39m, in #x1B[36mSimulable.update_static_behaviors#x1B[39m#x1B[34m(self, proptype)#x1B[39m
#x1B[32m    723#x1B[39m #x1B[38;5;28;01mwhile#x1B[39;00m active:
#x1B[32m--&gt; #x1B[39m#x1B[32m724#x1B[39m     #x1B[38;5;28;43mself#x1B[39;49m#x1B[43m.#x1B[49m#x1B[43mexecute_static_behaviors#x1B[49m#x1B[43m(#x1B[49m#x1B[43m)#x1B[49m
#x1B[32m    725#x1B[39m     #x1B[38;5;66;03m# determine if propagation should continue due to new states#x1B[39;00m

#x1B[36mFile #x1B[39m#x1B[32m~/bamboo-agent-home/xml-data/build-dir/RAD-TEST-UVF/fmdtools-full/lib/python3.11/site-packages/fmdtools/define/block/base.py:732#x1B[39m, in #x1B[36mSimulable.execute_static_behaviors#x1B[39m#x1B[34m(self)#x1B[39m
#x1B[32m    731#x1B[39m #x1B[38;5;250m#x1B[39m#x1B[33;03m"""Execute static behaviors."""#x1B[39;00m
#x1B[32m--&gt; #x1B[39m#x1B[32m732#x1B[39m #x1B[38;5;28;43mself#x1B[39;49m#x1B[43m.#x1B[49m#x1B[43mupdate_arch_behaviors#x1B[49m#x1B[43m(#x1B[49m#x1B[33;43m"#x1B[39;49m#x1B[33;43mstatic#x1B[39;49m#x1B[33;43m"#x1B[39;49m#x1B[43m)#x1B[49m
#x1B[32m    733#x1B[39m #x1B[38;5;28;01mif#x1B[39;00m #x1B[38;5;28mhasattr#x1B[39m(#x1B[38;5;28mself#x1B[39m, #x1B[33m'#x1B[39m#x1B[33mstatic_behavior#x1B[39m#x1B[33m'#x1B[39m):

#x1B[36mFile #x1B[39m#x1B[32m~/bamboo-agent-home/xml-data/build-dir/RAD-TEST-UVF/fmdtools-full/lib/python3.11/site-packages/fmdtools/define/architecture/base.py:163#x1B[39m, in #x1B[36mArchitecture.update_arch_behaviors#x1B[39m#x1B[34m(self, proptype)#x1B[39m
#x1B[32m    162#x1B[39m #x1B[38;5;28;01mif#x1B[39;00m proptype #x1B[38;5;129;01min#x1B[39;00m [#x1B[33m"#x1B[39m#x1B[33mstatic#x1B[39m#x1B[33m"#x1B[39m, #x1B[33m"#x1B[39m#x1B[33mstatic-once#x1B[39m#x1B[33m"#x1B[39m, #x1B[33m"#x1B[39m#x1B[33mboth#x1B[39m#x1B[33m"#x1B[39m] #x1B[38;5;129;01mand#x1B[39;00m #x1B[38;5;28mhasattr#x1B[39m(#x1B[38;5;28mself#x1B[39m, #x1B[33m'#x1B[39m#x1B[33mprop_static#x1B[39m#x1B[33m'#x1B[39m):
#x1B[32m--&gt; #x1B[39m#x1B[32m163#x1B[39m     #x1B[38;5;28;43mself#x1B[39;49m#x1B[43m.#x1B[49m#x1B[43mprop_static#x1B[49m#x1B[43m(#x1B[49m#x1B[43m)#x1B[49m

#x1B[36mFile #x1B[39m#x1B[32m~/bamboo-agent-home/xml-data/build-dir/RAD-TEST-UVF/fmdtools-full/lib/python3.11/site-packages/fmdtools/define/architecture/base.py:203#x1B[39m, in #x1B[36mArchitecture.prop_static#x1B[39m#x1B[34m(self)#x1B[39m
#x1B[32m    202#x1B[39m sim.set_mutables(exclude=[*#x1B[38;5;28mself#x1B[39m.staticflows])
#x1B[32m--&gt; #x1B[39m#x1B[32m203#x1B[39m #x1B[43msim#x1B[49m#x1B[43m(#x1B[49m#x1B[43mtime#x1B[49m#x1B[43m=#x1B[49m#x1B[38;5;28;43mself#x1B[39;49m#x1B[43m.#x1B[49m#x1B[43mt#x1B[49m#x1B[43m.#x1B[49m#x1B[43mtime#x1B[49m#x1B[43m,#x1B[49m#x1B[43m #x1B[49m#x1B[43mproptype#x1B[49m#x1B[43m=#x1B[49m#x1B[33;43m'#x1B[39;49m#x1B[33;43mstatic-once#x1B[39;49m#x1B[33;43m'#x1B[39;49m#x1B[43m,#x1B[49m#x1B[43m #x1B[49m#x1B[43minc_at#x1B[49m#x1B[43m=#x1B[49m#x1B[33;43m"#x1B[39;49m#x1B[33;43m"#x1B[39;49m#x1B[43m)#x1B[49m
#x1B[32m    204#x1B[39m #x1B[38;5;28;01mif#x1B[39;00m sim.has_changed(update=#x1B[38;5;28;01mTrue#x1B[39;00m, exclude=[*#x1B[38;5;28mself#x1B[39m.staticflows]):

#x1B[36mFile #x1B[39m#x1B[32m~/bamboo-agent-home/xml-data/build-dir/RAD-TEST-UVF/fmdtools-full/lib/python3.11/site-packages/fmdtools/define/block/base.py:808#x1B[39m, in #x1B[36mSimulable.__call__#x1B[39m#x1B[34m(self, time, proptype, faults, disturbances, inc_at, end_of_simulation, copy)#x1B[39m
#x1B[32m    807#x1B[39m #x1B[38;5;28;01mexcept#x1B[39;00m #x1B[38;5;167;01mException#x1B[39;00m #x1B[38;5;28;01mas#x1B[39;00m e:
#x1B[32m--&gt; #x1B[39m#x1B[32m808#x1B[39m     #x1B[38;5;28;01mraise#x1B[39;00m #x1B[38;5;167;01mException#x1B[39;00m(#x1B[33m"#x1B[39m#x1B[33mError simulating #x1B[39m#x1B[33m"#x1B[39m + #x1B[38;5;28mself#x1B[39m.name +
#x1B[32m    809#x1B[39m                     #x1B[33m"#x1B[39m#x1B[33m of class #x1B[39m#x1B[33m"#x1B[39m + #x1B[38;5;28mself#x1B[39m.#x1B[34m__class__#x1B[39m.#x1B[34m__name__#x1B[39m +
#x1B[32m    810#x1B[39m                     #x1B[33m"#x1B[39m#x1B[33m at time=#x1B[39m#x1B[33m"#x1B[39m + #x1B[38;5;28mstr#x1B[39m(#x1B[38;5;28mself#x1B[39m.t.time)) #x1B[38;5;28;01mfrom#x1B[39;00m#x1B[38;5;250m #x1B[39m#x1B[34;01me#x1B[39;00m

#x1B[31mException#x1B[39m: Error simulating move_water of class MoveWat at time=0.0

The above exception was the direct cause of the following exception:

#x1B[31mException#x1B[39m                                 Traceback (most recent call last)
#x1B[36mFile #x1B[39m#x1B[32m~/bamboo-agent-home/xml-data/build-dir/RAD-TEST-UVF/fmdtools-full/lib/python3.11/site-packages/fmdtools/sim/propagate.py:480#x1B[39m, in #x1B[36mBaseSimulation.__call__#x1B[39m#x1B[34m(self, **kwargs)#x1B[39m
#x1B[32m    479#x1B[39m #x1B[38;5;28;01mtry#x1B[39;00m:
#x1B[32m--&gt; #x1B[39m#x1B[32m480#x1B[39m     #x1B[38;5;28;43mself#x1B[39;49m#x1B[43m.#x1B[49m#x1B[43mrun#x1B[49m#x1B[43m(#x1B[49m#x1B[43m*#x1B[49m#x1B[43m*#x1B[49m#x1B[43mkwargs#x1B[49m#x1B[43m)#x1B[49m
#x1B[32m    481#x1B[39m #x1B[38;5;28;01mexcept#x1B[39;00m #x1B[38;5;167;01mException#x1B[39;00m #x1B[38;5;28;01mas#x1B[39;00m e:

#x1B[36mFile #x1B[39m#x1B[32m~/bamboo-agent-home/xml-data/build-dir/RAD-TEST-UVF/fmdtools-full/lib/python3.11/site-packages/fmdtools/sim/propagate.py:632#x1B[39m, in #x1B[36mSimulation.run#x1B[39m#x1B[34m(self, **kwargs)#x1B[39m
#x1B[32m    631#x1B[39m #x1B[38;5;28;01mfor#x1B[39;00m simevent #x1B[38;5;129;01min#x1B[39;00m #x1B[38;5;28mself#x1B[39m.simevents:
#x1B[32m--&gt; #x1B[39m#x1B[32m632#x1B[39m     #x1B[43msimevent#x1B[49m#x1B[43m.#x1B[49m#x1B[43mrun#x1B[49m#x1B[43m(#x1B[49m#x1B[38;5;28;43mself#x1B[39;49m#x1B[43m.#x1B[49m#x1B[43mmdl#x1B[49m#x1B[43m,#x1B[49m#x1B[43m #x1B[49m#x1B[43mscen#x1B[49m#x1B[43m=#x1B[49m#x1B[38;5;28;43mself#x1B[39;49m#x1B[43m.#x1B[49m#x1B[43mscen#x1B[49m#x1B[43m,#x1B[49m#x1B[43m #x1B[49m#x1B[43m*#x1B[49m#x1B[43m*#x1B[49m#x1B[43mkwargs#x1B[49m#x1B[43m)#x1B[49m
#x1B[32m    633#x1B[39m     #x1B[38;5;28;01mif#x1B[39;00m simevent.result:

#x1B[36mFile #x1B[39m#x1B[32m~/bamboo-agent-home/xml-data/build-dir/RAD-TEST-UVF/fmdtools-full/lib/python3.11/site-packages/fmdtools/sim/propagate.py:395#x1B[39m, in #x1B[36mSimEvent.run#x1B[39m#x1B[34m(self, mdl, scen, nomhist, nomresult, **kwargs)#x1B[39m
#x1B[32m    394#x1B[39m #x1B[38;5;28;01mif#x1B[39;00m #x1B[38;5;28mself#x1B[39m.copy:
#x1B[32m--&gt; #x1B[39m#x1B[32m395#x1B[39m     #x1B[38;5;28mself#x1B[39m.mdl_copy = #x1B[43mmdl#x1B[49m#x1B[43m(#x1B[49m#x1B[43mtime#x1B[49m#x1B[43m=#x1B[49m#x1B[38;5;28;43mself#x1B[39;49m#x1B[43m.#x1B[49m#x1B[43mtime#x1B[49m#x1B[43m,#x1B[49m#x1B[43m #x1B[49m#x1B[43m*#x1B[49m#x1B[43m*#x1B[49m#x1B[43mkwar#x1B[49m#x1B[43m,#x1B[49m#x1B[43m #x1B[49m#x1B[43mcopy#x1B[49m#x1B[43m=#x1B[49m#x1B[38;5;28;43;01mTrue#x1B[39;49;00m#x1B[43m)#x1B[49m
#x1B[32m    396#x1B[39m #x1B[38;5;28;01melse#x1B[39;00m:

#x1B[36mFile #x1B[39m#x1B[32m~/bamboo-agent-home/xml-data/build-dir/RAD-TEST-UVF/fmdtools-full/lib/python3.11/site-packages/fmdtools/define/block/base.py:808#x1B[39m, in #x1B[36mSimulable.__call__#x1B[39m#x1B[34m(self, time, proptype, faults, disturbances, inc_at, end_of_simulation, copy)#x1B[39m
#x1B[32m    807#x1B[39m #x1B[38;5;28;01mexcept#x1B[39;00m #x1B[38;5;167;01mException#x1B[39;00m #x1B[38;5;28;01mas#x1B[39;00m e:
#x1B[32m--&gt; #x1B[39m#x1B[32m808#x1B[39m     #x1B[38;5;28;01mraise#x1B[39;00m #x1B[38;5;167;01mException#x1B[39;00m(#x1B[33m"#x1B[39m#x1B[33mError simulating #x1B[39m#x1B[33m"#x1B[39m + #x1B[38;5;28mself#x1B[39m.name +
#x1B[32m    809#x1B[39m                     #x1B[33m"#x1B[39m#x1B[33m of class #x1B[39m#x1B[33m"#x1B[39m + #x1B[38;5;28mself#x1B[39m.#x1B[34m__class__#x1B[39m.#x1B[34m__name__#x1B[39m +
#x1B[32m    810#x1B[39m                     #x1B[33m"#x1B[39m#x1B[33m at time=#x1B[39m#x1B[33m"#x1B[39m + #x1B[38;5;28mstr#x1B[39m(#x1B[38;5;28mself#x1B[39m.t.time)) #x1B[38;5;28;01mfrom#x1B[39;00m#x1B[38;5;250m #x1B[39m#x1B[34;01me#x1B[39;00m

#x1B[31mException#x1B[39m: Error simulating pump of class Pump at time=0.0

The above exception was the direct cause of the following exception:

#x1B[31mException#x1B[39m                                 Traceback (most recent call last)
#x1B[36mCell#x1B[39m#x1B[36m #x1B[39m#x1B[32mIn[4]#x1B[39m#x1B[32m, line 1#x1B[39m
#x1B[32m----&gt; #x1B[39m#x1B[32m1#x1B[39m #x1B[43mnew_problem#x1B[49m#x1B[43m.#x1B[49m#x1B[43mf1#x1B[49m#x1B[43m(#x1B[49m#x1B[32;43m1#x1B[39;49m#x1B[43m)#x1B[49m
#x1B[32m      2#x1B[39m new_problem.f1(#x1B[32m0.5#x1B[39m)
#x1B[32m      3#x1B[39m new_problem.f1(#x1B[32m1.5#x1B[39m)

#x1B[36mFile #x1B[39m#x1B[32m~/bamboo-agent-home/xml-data/build-dir/RAD-TEST-UVF/fmdtools-full/lib/python3.11/site-packages/fmdtools/sim/search.py:233#x1B[39m, in #x1B[36mBaseProblem.add_objective_callable.&lt;locals&gt;.newobj#x1B[39m#x1B[34m(*x)#x1B[39m
#x1B[32m    232#x1B[39m #x1B[38;5;28;01mdef#x1B[39;00m#x1B[38;5;250m #x1B[39m#x1B[34mnewobj#x1B[39m(*x):
#x1B[32m--&gt; #x1B[39m#x1B[32m233#x1B[39m     #x1B[38;5;28;01mreturn#x1B[39;00m #x1B[38;5;28;43mself#x1B[39;49m#x1B[43m.#x1B[49m#x1B[43mcall_objective#x1B[49m#x1B[43m(#x1B[49m#x1B[43m*#x1B[49m#x1B[43mx#x1B[49m#x1B[43m,#x1B[49m#x1B[43m #x1B[49m#x1B[43mobjective#x1B[49m#x1B[43m=#x1B[49m#x1B[43mname#x1B[49m#x1B[43m)#x1B[49m

#x1B[36mFile #x1B[39m#x1B[32m~/bamboo-agent-home/xml-data/build-dir/RAD-TEST-UVF/fmdtools-full/lib/python3.11/site-packages/fmdtools/sim/search.py:296#x1B[39m, in #x1B[36mBaseProblem.call_objective#x1B[39m#x1B[34m(self, objective, *x)#x1B[39m
#x1B[32m    294#x1B[39m #x1B[38;5;250m#x1B[39m#x1B[33;03m"""Call a given objective at x."""#x1B[39;00m
#x1B[32m    295#x1B[39m #x1B[38;5;28;01mif#x1B[39;00m #x1B[38;5;28mself#x1B[39m.new_x(*x):
#x1B[32m--&gt; #x1B[39m#x1B[32m296#x1B[39m     #x1B[38;5;28;43mself#x1B[39;49m#x1B[43m.#x1B[49m#x1B[43mupdate_objectives#x1B[49m#x1B[43m(#x1B[49m#x1B[43m*#x1B[49m#x1B[43mx#x1B[49m#x1B[43m)#x1B[49m
#x1B[32m    297#x1B[39m #x1B[38;5;28;01mreturn#x1B[39;00m #x1B[38;5;28mself#x1B[39m.objectives[objective].value

#x1B[36mFile #x1B[39m#x1B[32m~/bamboo-agent-home/xml-data/build-dir/RAD-TEST-UVF/fmdtools-full/lib/python3.11/site-packages/fmdtools/sim/search.py:760#x1B[39m, in #x1B[36mBaseSimProblem.update_objectives#x1B[39m#x1B[34m(self, *x)#x1B[39m
#x1B[32m    758#x1B[39m #x1B[38;5;250m#x1B[39m#x1B[33;03m"""Update objectives/constraints by simulating the model at x."""#x1B[39;00m
#x1B[32m    759#x1B[39m #x1B[38;5;28mself#x1B[39m.update_variables(*x)
#x1B[32m--&gt; #x1B[39m#x1B[32m760#x1B[39m #x1B[38;5;28mself#x1B[39m.res, #x1B[38;5;28mself#x1B[39m.hist = #x1B[38;5;28;43mself#x1B[39;49m#x1B[43m.#x1B[49m#x1B[43msim_mdl#x1B[49m#x1B[43m(#x1B[49m#x1B[43m*#x1B[49m#x1B[38;5;28;43mself#x1B[39;49m#x1B[43m.#x1B[49m#x1B[43mcurrent_x#x1B[49m#x1B[43m(#x1B[49m#x1B[43m)#x1B[49m#x1B[43m)#x1B[49m
#x1B[32m    761#x1B[39m #x1B[38;5;28;01mfor#x1B[39;00m obj #x1B[38;5;129;01min#x1B[39;00m {**#x1B[38;5;28mself#x1B[39m.objectives, **#x1B[38;5;28mself#x1B[39m.constraints}.values():
#x1B[32m    762#x1B[39m     #x1B[38;5;28;01mif#x1B[39;00m #x1B[38;5;28misinstance#x1B[39m(obj, HistoryObjective) #x1B[38;5;129;01mor#x1B[39;00m #x1B[38;5;28misinstance#x1B[39m(obj, HistoryConstraint):

#x1B[36mFile #x1B[39m#x1B[32m~/bamboo-agent-home/xml-data/build-dir/RAD-TEST-UVF/fmdtools-full/lib/python3.11/site-packages/fmdtools/sim/search.py:943#x1B[39m, in #x1B[36mScenarioProblem.sim_mdl#x1B[39m#x1B[34m(self, *x)#x1B[39m
#x1B[32m    927#x1B[39m #x1B[38;5;250m#x1B[39m#x1B[33;03m"""#x1B[39;00m
#x1B[32m    928#x1B[39m #x1B[33;03mSimulate the model at the given variable value.#x1B[39;00m
#x1B[32m    929#x1B[39m 
#x1B[32m   (...)#x1B[39m#x1B[32m    940#x1B[39m #x1B[33;03m    history for the sim.#x1B[39;00m
#x1B[32m    941#x1B[39m #x1B[33;03m"""#x1B[39;00m
#x1B[32m    942#x1B[39m #x1B[38;5;28;01mif#x1B[39;00m #x1B[38;5;129;01mnot#x1B[39;00m #x1B[38;5;28mself#x1B[39m.base_sim:
#x1B[32m--&gt; #x1B[39m#x1B[32m943#x1B[39m     #x1B[38;5;28;43mself#x1B[39;49m#x1B[43m.#x1B[49m#x1B[43mprep_sim#x1B[49m#x1B[43m(#x1B[49m#x1B[43m)#x1B[49m
#x1B[32m    945#x1B[39m kwargs = {**#x1B[38;5;28mself#x1B[39m.kwargs,
#x1B[32m    946#x1B[39m           #x1B[33m'#x1B[39m#x1B[33mscen#x1B[39m#x1B[33m'#x1B[39m: #x1B[38;5;28mself#x1B[39m.gen_scenario(*x),
#x1B[32m    947#x1B[39m           #x1B[33m'#x1B[39m#x1B[33mmdl#x1B[39m#x1B[33m'#x1B[39m: [*#x1B[38;5;28mself#x1B[39m.base_sim.get_models().values()][#x1B[32m0#x1B[39m],
#x1B[32m    948#x1B[39m           #x1B[33m'#x1B[39m#x1B[33mto_return#x1B[39m#x1B[33m'#x1B[39m: #x1B[38;5;28mself#x1B[39m.obj_con_des_res(),
#x1B[32m    949#x1B[39m           #x1B[33m'#x1B[39m#x1B[33mprotect#x1B[39m#x1B[33m'#x1B[39m: #x1B[38;5;28;01mFalse#x1B[39;00m,
#x1B[32m    950#x1B[39m           #x1B[33m'#x1B[39m#x1B[33mcopy#x1B[39m#x1B[33m'#x1B[39m: #x1B[38;5;28;01mTrue#x1B[39;00m}
#x1B[32m    951#x1B[39m sim_kwar = {#x1B[33m'#x1B[39m#x1B[33mnomhist#x1B[39m#x1B[33m'#x1B[39m: #x1B[38;5;28mself#x1B[39m.base_sim.history.copy(),
#x1B[32m    952#x1B[39m             #x1B[33m'#x1B[39m#x1B[33mnomresult#x1B[39m#x1B[33m'#x1B[39m: #x1B[38;5;28mself#x1B[39m.base_sim.result.copy()}

#x1B[36mFile #x1B[39m#x1B[32m~/bamboo-agent-home/xml-data/build-dir/RAD-TEST-UVF/fmdtools-full/lib/python3.11/site-packages/fmdtools/sim/search.py:924#x1B[39m, in #x1B[36mScenarioProblem.prep_sim#x1B[39m#x1B[34m(self)#x1B[39m
#x1B[32m    918#x1B[39m sim_kwar = {**filter_kwargs(Simulation, **#x1B[38;5;28mself#x1B[39m.kwargs),
#x1B[32m    919#x1B[39m             #x1B[33m'#x1B[39m#x1B[33mscen#x1B[39m#x1B[33m'#x1B[39m: ParameterScenario(sp={#x1B[33m'#x1B[39m#x1B[33mend_time#x1B[39m#x1B[33m'#x1B[39m: #x1B[38;5;28mself#x1B[39m.get_end_time()}),
#x1B[32m    920#x1B[39m             #x1B[33m'#x1B[39m#x1B[33mto_return#x1B[39m#x1B[33m'#x1B[39m: #x1B[38;5;28mself#x1B[39m.obj_con_des_res(),
#x1B[32m    921#x1B[39m             #x1B[33m'#x1B[39m#x1B[33mmdl#x1B[39m#x1B[33m'#x1B[39m: #x1B[38;5;28mself#x1B[39m.mdl,
#x1B[32m    922#x1B[39m             #x1B[33m'#x1B[39m#x1B[33mctimes#x1B[39m#x1B[33m'#x1B[39m: [#x1B[38;5;28mself#x1B[39m.get_start_time()]}
#x1B[32m    923#x1B[39m #x1B[38;5;28mself#x1B[39m.base_sim = Simulation(**sim_kwar)
#x1B[32m--&gt; #x1B[39m#x1B[32m924#x1B[39m #x1B[38;5;28;43mself#x1B[39;49m#x1B[43m.#x1B[49m#x1B[43mbase_sim#x1B[49m#x1B[43m(#x1B[49m#x1B[43m*#x1B[49m#x1B[43m*#x1B[49m#x1B[43mget_sim_call_kwargs#x1B[49m#x1B[43m(#x1B[49m#x1B[38;5;28;43mself#x1B[39;49m#x1B[43m.#x1B[49m#x1B[43mbase_sim#x1B[49m#x1B[43m,#x1B[49m#x1B[43m #x1B[49m#x1B[43m*#x1B[49m#x1B[43m*#x1B[49m#x1B[38;5;28;43mself#x1B[39;49m#x1B[43m.#x1B[49m#x1B[43mkwargs#x1B[49m#x1B[43m)#x1B[49m#x1B[43m)#x1B[49m

#x1B[36mFile #x1B[39m#x1B[32m~/bamboo-agent-home/xml-data/build-dir/RAD-TEST-UVF/fmdtools-full/lib/python3.11/site-packages/fmdtools/sim/propagate.py:620#x1B[39m, in #x1B[36mSimulation.__call__#x1B[39m#x1B[34m(self, with_mdls, gen_samp, **kwargs)#x1B[39m
#x1B[32m    618#x1B[39m #x1B[38;5;28;01mdef#x1B[39;00m#x1B[38;5;250m #x1B[39m#x1B[34m__call__#x1B[39m(#x1B[38;5;28mself#x1B[39m, with_mdls=#x1B[38;5;28;01mFalse#x1B[39;00m, gen_samp=#x1B[38;5;28;01mFalse#x1B[39;00m, **kwargs):
#x1B[32m    619#x1B[39m #x1B[38;5;250m    #x1B[39m#x1B[33;03m"""Call the sim. Options return copied models and generated sampleapproches."""#x1B[39;00m
#x1B[32m--&gt; #x1B[39m#x1B[32m620#x1B[39m     res, hist = #x1B[38;5;28;43msuper#x1B[39;49m#x1B[43m(#x1B[49m#x1B[43m)#x1B[49m#x1B[43m.#x1B[49m#x1B[34;43m__call__#x1B[39;49m#x1B[43m(#x1B[49m#x1B[43m*#x1B[49m#x1B[43m*#x1B[49m#x1B[43mkwargs#x1B[49m#x1B[43m)#x1B[49m
#x1B[32m    621#x1B[39m     #x1B[38;5;28mself#x1B[39m.check_faults()
#x1B[32m    622#x1B[39m     rets = [res, hist]

#x1B[36mFile #x1B[39m#x1B[32m~/bamboo-agent-home/xml-data/build-dir/RAD-TEST-UVF/fmdtools-full/lib/python3.11/site-packages/fmdtools/sim/propagate.py:482#x1B[39m, in #x1B[36mBaseSimulation.__call__#x1B[39m#x1B[34m(self, **kwargs)#x1B[39m
#x1B[32m    480#x1B[39m     #x1B[38;5;28mself#x1B[39m.run(**kwargs)
#x1B[32m    481#x1B[39m #x1B[38;5;28;01mexcept#x1B[39;00m #x1B[38;5;167;01mException#x1B[39;00m #x1B[38;5;28;01mas#x1B[39;00m e:
#x1B[32m--&gt; #x1B[39m#x1B[32m482#x1B[39m     #x1B[38;5;28;01mraise#x1B[39;00m #x1B[38;5;167;01mException#x1B[39;00m(#x1B[33m"#x1B[39m#x1B[33mError simulating #x1B[39m#x1B[33m"#x1B[39m+#x1B[38;5;28mself#x1B[39m.name+#x1B[33m"#x1B[39m#x1B[33m scenario(s)#x1B[39m#x1B[33m"#x1B[39m) #x1B[38;5;28;01mfrom#x1B[39;00m#x1B[38;5;250m #x1B[39m#x1B[34;01me#x1B[39;00m
#x1B[32m    483#x1B[39m #x1B[38;5;28;01mif#x1B[39;00m #x1B[38;5;28mself#x1B[39m.tosave:
#x1B[32m    484#x1B[39m     #x1B[38;5;28mself#x1B[39m.save(**filter_kwargs(#x1B[38;5;28mself#x1B[39m.save, **kwargs))

#x1B[31mException#x1B[39m: Error simulating nominal scenario(s)</failure></testcase><testcase classname="examples.pump.Parallelism_Tutorial.ipynb" name="Parallelism_Tutorial.ipynb" time="7.375"><failure message="#x1B[31mException#x1B[39m: Error simulating nominal scenario(s)">---------------------------------------------------------------------------
result, mdlhist = propagate.nominal(mdl, to_return='graph')

#x1B[31m---------------------------------------------------------------------------#x1B[39m
#x1B[31mNameError#x1B[39m                                 Traceback (most recent call last)
#x1B[36mFile #x1B[39m#x1B[32m~/bamboo-agent-home/xml-data/build-dir/RAD-TEST-UVF/fmdtools-full/lib/python3.11/site-packages/fmdtools/define/block/base.py:796#x1B[39m, in #x1B[36mSimulable.__call__#x1B[39m#x1B[34m(self, time, proptype, faults, disturbances, inc_at, end_of_simulation, copy)#x1B[39m
#x1B[32m    795#x1B[39m #x1B[38;5;28mself#x1B[39m.update_dynamic_behaviors(proptype=proptype)
#x1B[32m--&gt; #x1B[39m#x1B[32m796#x1B[39m #x1B[38;5;28;43mself#x1B[39;49m#x1B[43m.#x1B[49m#x1B[43mupdate_static_behaviors#x1B[49m#x1B[43m(#x1B[49m#x1B[43mproptype#x1B[49m#x1B[43m=#x1B[49m#x1B[43mproptype#x1B[49m#x1B[43m)#x1B[49m
#x1B[32m    797#x1B[39m #x1B[38;5;28mself#x1B[39m.set_sub_faults()

#x1B[36mFile #x1B[39m#x1B[32m~/bamboo-agent-home/xml-data/build-dir/RAD-TEST-UVF/fmdtools-full/lib/python3.11/site-packages/fmdtools/define/block/base.py:728#x1B[39m, in #x1B[36mSimulable.update_static_behaviors#x1B[39m#x1B[34m(self, proptype)#x1B[39m
#x1B[32m    727#x1B[39m #x1B[38;5;28;01melif#x1B[39;00m proptype #x1B[38;5;129;01min#x1B[39;00m [#x1B[33m'#x1B[39m#x1B[33mstatic-once#x1B[39m#x1B[33m'#x1B[39m]:
#x1B[32m--&gt; #x1B[39m#x1B[32m728#x1B[39m     #x1B[38;5;28;43mself#x1B[39;49m#x1B[43m.#x1B[49m#x1B[43mexecute_static_behaviors#x1B[49m#x1B[43m(#x1B[49m#x1B[43m)#x1B[49m

#x1B[36mFile #x1B[39m#x1B[32m~/bamboo-agent-home/xml-data/build-dir/RAD-TEST-UVF/fmdtools-full/lib/python3.11/site-packages/fmdtools/define/block/base.py:734#x1B[39m, in #x1B[36mSimulable.execute_static_behaviors#x1B[39m#x1B[34m(self)#x1B[39m
#x1B[32m    733#x1B[39m #x1B[38;5;28;01mif#x1B[39;00m #x1B[38;5;28mhasattr#x1B[39m(#x1B[38;5;28mself#x1B[39m, #x1B[33m'#x1B[39m#x1B[33mstatic_behavior#x1B[39m#x1B[33m'#x1B[39m):
#x1B[32m--&gt; #x1B[39m#x1B[32m734#x1B[39m     #x1B[38;5;28;43mself#x1B[39;49m#x1B[43m.#x1B[49m#x1B[43mstatic_behavior#x1B[49m#x1B[43m(#x1B[49m#x1B[43m)#x1B[49m
#x1B[32m    735#x1B[39m #x1B[38;5;28;01mif#x1B[39;00m #x1B[38;5;28mself#x1B[39m.sp.with_loadings #x1B[38;5;129;01mand#x1B[39;00m #x1B[38;5;28mhasattr#x1B[39m(#x1B[38;5;28mself#x1B[39m, #x1B[33m'#x1B[39m#x1B[33mstatic_loading#x1B[39m#x1B[33m'#x1B[39m):

#x1B[36mFile #x1B[39m#x1B[32m~/bamboo-agent-home/xml-data/build-dir/RAD-TEST-UVF/fmdtools/examples/pump/ex_pump.py:436#x1B[39m, in #x1B[36mMoveWat.static_behavior#x1B[39m#x1B[34m(self)#x1B[39m
#x1B[32m    435#x1B[39m #x1B[38;5;28mself#x1B[39m.wat_in.s.assign(#x1B[38;5;28mself#x1B[39m.wat_out.s, #x1B[33m'#x1B[39m#x1B[33mpressure#x1B[39m#x1B[33m'#x1B[39m, #x1B[33m'#x1B[39m#x1B[33mflowrate#x1B[39m#x1B[33m'#x1B[39m)
#x1B[32m--&gt; #x1B[39m#x1B[32m436#x1B[39m #x1B[38;5;28mprint#x1B[39m(#x1B[43ma#x1B[49m)

#x1B[31mNameError#x1B[39m: name 'a' is not defined

The above exception was the direct cause of the following exception:

#x1B[31mException#x1B[39m                                 Traceback (most recent call last)
#x1B[36mFile #x1B[39m#x1B[32m~/bamboo-agent-home/xml-data/build-dir/RAD-TEST-UVF/fmdtools-full/lib/python3.11/site-packages/fmdtools/define/block/base.py:796#x1B[39m, in #x1B[36mSimulable.__call__#x1B[39m#x1B[34m(self, time, proptype, faults, disturbances, inc_at, end_of_simulation, copy)#x1B[39m
#x1B[32m    795#x1B[39m #x1B[38;5;28mself#x1B[39m.update_dynamic_behaviors(proptype=proptype)
#x1B[32m--&gt; #x1B[39m#x1B[32m796#x1B[39m #x1B[38;5;28;43mself#x1B[39;49m#x1B[43m.#x1B[49m#x1B[43mupdate_static_behaviors#x1B[49m#x1B[43m(#x1B[49m#x1B[43mproptype#x1B[49m#x1B[43m=#x1B[49m#x1B[43mproptype#x1B[49m#x1B[43m)#x1B[49m
#x1B[32m    797#x1B[39m #x1B[38;5;28mself#x1B[39m.set_sub_faults()

#x1B[36mFile #x1B[39m#x1B[32m~/bamboo-agent-home/xml-data/build-dir/RAD-TEST-UVF/fmdtools-full/lib/python3.11/site-packages/fmdtools/define/block/base.py:724#x1B[39m, in #x1B[36mSimulable.update_static_behaviors#x1B[39m#x1B[34m(self, proptype)#x1B[39m
#x1B[32m    723#x1B[39m #x1B[38;5;28;01mwhile#x1B[39;00m active:
#x1B[32m--&gt; #x1B[39m#x1B[32m724#x1B[39m     #x1B[38;5;28;43mself#x1B[39;49m#x1B[43m.#x1B[49m#x1B[43mexecute_static_behaviors#x1B[49m#x1B[43m(#x1B[49m#x1B[43m)#x1B[49m
#x1B[32m    725#x1B[39m     #x1B[38;5;66;03m# determine if propagation should continue due to new states#x1B[39;00m

#x1B[36mFile #x1B[39m#x1B[32m~/bamboo-agent-home/xml-data/build-dir/RAD-TEST-UVF/fmdtools-full/lib/python3.11/site-packages/fmdtools/define/block/base.py:732#x1B[39m, in #x1B[36mSimulable.execute_static_behaviors#x1B[39m#x1B[34m(self)#x1B[39m
#x1B[32m    731#x1B[39m #x1B[38;5;250m#x1B[39m#x1B[33;03m"""Execute static behaviors."""#x1B[39;00m
#x1B[32m--&gt; #x1B[39m#x1B[32m732#x1B[39m #x1B[38;5;28;43mself#x1B[39;49m#x1B[43m.#x1B[49m#x1B[43mupdate_arch_behaviors#x1B[49m#x1B[43m(#x1B[49m#x1B[33;43m"#x1B[39;49m#x1B[33;43mstatic#x1B[39;49m#x1B[33;43m"#x1B[39;49m#x1B[43m)#x1B[49m
#x1B[32m    733#x1B[39m #x1B[38;5;28;01mif#x1B[39;00m #x1B[38;5;28mhasattr#x1B[39m(#x1B[38;5;28mself#x1B[39m, #x1B[33m'#x1B[39m#x1B[33mstatic_behavior#x1B[39m#x1B[33m'#x1B[39m):

#x1B[36mFile #x1B[39m#x1B[32m~/bamboo-agent-home/xml-data/build-dir/RAD-TEST-UVF/fmdtools-full/lib/python3.11/site-packages/fmdtools/define/architecture/base.py:163#x1B[39m, in #x1B[36mArchitecture.update_arch_behaviors#x1B[39m#x1B[34m(self, proptype)#x1B[39m
#x1B[32m    162#x1B[39m #x1B[38;5;28;01mif#x1B[39;00m proptype #x1B[38;5;129;01min#x1B[39;00m [#x1B[33m"#x1B[39m#x1B[33mstatic#x1B[39m#x1B[33m"#x1B[39m, #x1B[33m"#x1B[39m#x1B[33mstatic-once#x1B[39m#x1B[33m"#x1B[39m, #x1B[33m"#x1B[39m#x1B[33mboth#x1B[39m#x1B[33m"#x1B[39m] #x1B[38;5;129;01mand#x1B[39;00m #x1B[38;5;28mhasattr#x1B[39m(#x1B[38;5;28mself#x1B[39m, #x1B[33m'#x1B[39m#x1B[33mprop_static#x1B[39m#x1B[33m'#x1B[39m):
#x1B[32m--&gt; #x1B[39m#x1B[32m163#x1B[39m     #x1B[38;5;28;43mself#x1B[39;49m#x1B[43m.#x1B[49m#x1B[43mprop_static#x1B[49m#x1B[43m(#x1B[49m#x1B[43m)#x1B[49m

#x1B[36mFile #x1B[39m#x1B[32m~/bamboo-agent-home/xml-data/build-dir/RAD-TEST-UVF/fmdtools-full/lib/python3.11/site-packages/fmdtools/define/architecture/base.py:203#x1B[39m, in #x1B[36mArchitecture.prop_static#x1B[39m#x1B[34m(self)#x1B[39m
#x1B[32m    202#x1B[39m sim.set_mutables(exclude=[*#x1B[38;5;28mself#x1B[39m.staticflows])
#x1B[32m--&gt; #x1B[39m#x1B[32m203#x1B[39m #x1B[43msim#x1B[49m#x1B[43m(#x1B[49m#x1B[43mtime#x1B[49m#x1B[43m=#x1B[49m#x1B[38;5;28;43mself#x1B[39;49m#x1B[43m.#x1B[49m#x1B[43mt#x1B[49m#x1B[43m.#x1B[49m#x1B[43mtime#x1B[49m#x1B[43m,#x1B[49m#x1B[43m #x1B[49m#x1B[43mproptype#x1B[49m#x1B[43m=#x1B[49m#x1B[33;43m'#x1B[39;49m#x1B[33;43mstatic-once#x1B[39;49m#x1B[33;43m'#x1B[39;49m#x1B[43m,#x1B[49m#x1B[43m #x1B[49m#x1B[43minc_at#x1B[49m#x1B[43m=#x1B[49m#x1B[33;43m"#x1B[39;49m#x1B[33;43m"#x1B[39;49m#x1B[43m)#x1B[49m
#x1B[32m    204#x1B[39m #x1B[38;5;28;01mif#x1B[39;00m sim.has_changed(update=#x1B[38;5;28;01mTrue#x1B[39;00m, exclude=[*#x1B[38;5;28mself#x1B[39m.staticflows]):

#x1B[36mFile #x1B[39m#x1B[32m~/bamboo-agent-home/xml-data/build-dir/RAD-TEST-UVF/fmdtools-full/lib/python3.11/site-packages/fmdtools/define/block/base.py:808#x1B[39m, in #x1B[36mSimulable.__call__#x1B[39m#x1B[34m(self, time, proptype, faults, disturbances, inc_at, end_of_simulation, copy)#x1B[39m
#x1B[32m    807#x1B[39m #x1B[38;5;28;01mexcept#x1B[39;00m #x1B[38;5;167;01mException#x1B[39;00m #x1B[38;5;28;01mas#x1B[39;00m e:
#x1B[32m--&gt; #x1B[39m#x1B[32m808#x1B[39m     #x1B[38;5;28;01mraise#x1B[39;00m #x1B[38;5;167;01mException#x1B[39;00m(#x1B[33m"#x1B[39m#x1B[33mError simulating #x1B[39m#x1B[33m"#x1B[39m + #x1B[38;5;28mself#x1B[39m.name +
#x1B[32m    809#x1B[39m                     #x1B[33m"#x1B[39m#x1B[33m of class #x1B[39m#x1B[33m"#x1B[39m + #x1B[38;5;28mself#x1B[39m.#x1B[34m__class__#x1B[39m.#x1B[34m__name__#x1B[39m +
#x1B[32m    810#x1B[39m                     #x1B[33m"#x1B[39m#x1B[33m at time=#x1B[39m#x1B[33m"#x1B[39m + #x1B[38;5;28mstr#x1B[39m(#x1B[38;5;28mself#x1B[39m.t.time)) #x1B[38;5;28;01mfrom#x1B[39;00m#x1B[38;5;250m #x1B[39m#x1B[34;01me#x1B[39;00m

#x1B[31mException#x1B[39m: Error simulating move_water of class MoveWat at time=0.0

The above exception was the direct cause of the following exception:

#x1B[31mException#x1B[39m                                 Traceback (most recent call last)
#x1B[36mFile #x1B[39m#x1B[32m~/bamboo-agent-home/xml-data/build-dir/RAD-TEST-UVF/fmdtools-full/lib/python3.11/site-packages/fmdtools/sim/propagate.py:480#x1B[39m, in #x1B[36mBaseSimulation.__call__#x1B[39m#x1B[34m(self, **kwargs)#x1B[39m
#x1B[32m    479#x1B[39m #x1B[38;5;28;01mtry#x1B[39;00m:
#x1B[32m--&gt; #x1B[39m#x1B[32m480#x1B[39m     #x1B[38;5;28;43mself#x1B[39;49m#x1B[43m.#x1B[49m#x1B[43mrun#x1B[49m#x1B[43m(#x1B[49m#x1B[43m*#x1B[49m#x1B[43m*#x1B[49m#x1B[43mkwargs#x1B[49m#x1B[43m)#x1B[49m
#x1B[32m    481#x1B[39m #x1B[38;5;28;01mexcept#x1B[39;00m #x1B[38;5;167;01mException#x1B[39;00m #x1B[38;5;28;01mas#x1B[39;00m e:

#x1B[36mFile #x1B[39m#x1B[32m~/bamboo-agent-home/xml-data/build-dir/RAD-TEST-UVF/fmdtools-full/lib/python3.11/site-packages/fmdtools/sim/propagate.py:632#x1B[39m, in #x1B[36mSimulation.run#x1B[39m#x1B[34m(self, **kwargs)#x1B[39m
#x1B[32m    631#x1B[39m #x1B[38;5;28;01mfor#x1B[39;00m simevent #x1B[38;5;129;01min#x1B[39;00m #x1B[38;5;28mself#x1B[39m.simevents:
#x1B[32m--&gt; #x1B[39m#x1B[32m632#x1B[39m     #x1B[43msimevent#x1B[49m#x1B[43m.#x1B[49m#x1B[43mrun#x1B[49m#x1B[43m(#x1B[49m#x1B[38;5;28;43mself#x1B[39;49m#x1B[43m.#x1B[49m#x1B[43mmdl#x1B[49m#x1B[43m,#x1B[49m#x1B[43m #x1B[49m#x1B[43mscen#x1B[49m#x1B[43m=#x1B[49m#x1B[38;5;28;43mself#x1B[39;49m#x1B[43m.#x1B[49m#x1B[43mscen#x1B[49m#x1B[43m,#x1B[49m#x1B[43m #x1B[49m#x1B[43m*#x1B[49m#x1B[43m*#x1B[49m#x1B[43mkwargs#x1B[49m#x1B[43m)#x1B[49m
#x1B[32m    633#x1B[39m     #x1B[38;5;28;01mif#x1B[39;00m simevent.result:

#x1B[36mFile #x1B[39m#x1B[32m~/bamboo-agent-home/xml-data/build-dir/RAD-TEST-UVF/fmdtools-full/lib/python3.11/site-packages/fmdtools/sim/propagate.py:397#x1B[39m, in #x1B[36mSimEvent.run#x1B[39m#x1B[34m(self, mdl, scen, nomhist, nomresult, **kwargs)#x1B[39m
#x1B[32m    396#x1B[39m #x1B[38;5;28;01melse#x1B[39;00m:
#x1B[32m--&gt; #x1B[39m#x1B[32m397#x1B[39m     #x1B[43mmdl#x1B[49m#x1B[43m(#x1B[49m#x1B[43mtime#x1B[49m#x1B[43m=#x1B[49m#x1B[38;5;28;43mself#x1B[39;49m#x1B[43m.#x1B[49m#x1B[43mtime#x1B[49m#x1B[43m,#x1B[49m#x1B[43m #x1B[49m#x1B[43m*#x1B[49m#x1B[43m*#x1B[49m#x1B[43mkwar#x1B[49m#x1B[43m)#x1B[49m
#x1B[32m    398#x1B[39m #x1B[38;5;28;01mif#x1B[39;00m #x1B[38;5;28mself#x1B[39m.to_return:

#x1B[36mFile #x1B[39m#x1B[32m~/bamboo-agent-home/xml-data/build-dir/RAD-TEST-UVF/fmdtools-full/lib/python3.11/site-packages/fmdtools/define/block/base.py:808#x1B[39m, in #x1B[36mSimulable.__call__#x1B[39m#x1B[34m(self, time, proptype, faults, disturbances, inc_at, end_of_simulation, copy)#x1B[39m
#x1B[32m    807#x1B[39m #x1B[38;5;28;01mexcept#x1B[39;00m #x1B[38;5;167;01mException#x1B[39;00m #x1B[38;5;28;01mas#x1B[39;00m e:
#x1B[32m--&gt; #x1B[39m#x1B[32m808#x1B[39m     #x1B[38;5;28;01mraise#x1B[39;00m #x1B[38;5;167;01mException#x1B[39;00m(#x1B[33m"#x1B[39m#x1B[33mError simulating #x1B[39m#x1B[33m"#x1B[39m + #x1B[38;5;28mself#x1B[39m.name +
#x1B[32m    809#x1B[39m                     #x1B[33m"#x1B[39m#x1B[33m of class #x1B[39m#x1B[33m"#x1B[39m + #x1B[38;5;28mself#x1B[39m.#x1B[34m__class__#x1B[39m.#x1B[34m__name__#x1B[39m +
#x1B[32m    810#x1B[39m                     #x1B[33m"#x1B[39m#x1B[33m at time=#x1B[39m#x1B[33m"#x1B[39m + #x1B[38;5;28mstr#x1B[39m(#x1B[38;5;28mself#x1B[39m.t.time)) #x1B[38;5;28;01mfrom#x1B[39;00m#x1B[38;5;250m #x1B[39m#x1B[34;01me#x1B[39;00m

#x1B[31mException#x1B[39m: Error simulating pump of class Pump at time=0.0

The above exception was the direct cause of the following exception:

#x1B[31mException#x1B[39m                                 Traceback (most recent call last)
#x1B[36mCell#x1B[39m#x1B[36m #x1B[39m#x1B[32mIn[3]#x1B[39m#x1B[32m, line 1#x1B[39m
#x1B[32m----&gt; #x1B[39m#x1B[32m1#x1B[39m result, mdlhist = #x1B[43mpropagate#x1B[49m#x1B[43m.#x1B[49m#x1B[43mnominal#x1B[49m#x1B[43m(#x1B[49m#x1B[43mmdl#x1B[49m#x1B[43m,#x1B[49m#x1B[43m #x1B[49m#x1B[43mto_return#x1B[49m#x1B[43m=#x1B[49m#x1B[33;43m'#x1B[39;49m#x1B[33;43mgraph#x1B[39;49m#x1B[33;43m'#x1B[39;49m#x1B[43m)#x1B[49m

#x1B[36mFile #x1B[39m#x1B[32m~/bamboo-agent-home/xml-data/build-dir/RAD-TEST-UVF/fmdtools-full/lib/python3.11/site-packages/fmdtools/sim/propagate.py:92#x1B[39m, in #x1B[36mnominal#x1B[39m#x1B[34m(mdl, **kwargs)#x1B[39m
#x1B[32m     74#x1B[39m #x1B[38;5;250m#x1B[39m#x1B[33;03m"""#x1B[39;00m
#x1B[32m     75#x1B[39m #x1B[33;03mRun the model over time in the nominal scenario.#x1B[39;00m
#x1B[32m     76#x1B[39m 
#x1B[32m   (...)#x1B[39m#x1B[32m     89#x1B[39m #x1B[33;03m    A History dict with a history of tracked model properties over time.#x1B[39;00m
#x1B[32m     90#x1B[39m #x1B[33;03m"""#x1B[39;00m
#x1B[32m     91#x1B[39m sim = Simulation(mdl=mdl, **filter_kwargs(Simulation, **kwargs))
#x1B[32m---&gt; #x1B[39m#x1B[32m92#x1B[39m #x1B[38;5;28;01mreturn#x1B[39;00m #x1B[43msim#x1B[49m#x1B[43m(#x1B[49m#x1B[43m*#x1B[49m#x1B[43m*#x1B[49m#x1B[43mget_sim_call_kwargs#x1B[49m#x1B[43m(#x1B[49m#x1B[43msim#x1B[49m#x1B[43m,#x1B[49m#x1B[43m #x1B[49m#x1B[43m*#x1B[49m#x1B[43m*#x1B[49m#x1B[43mkwargs#x1B[49m#x1B[43m)#x1B[49m#x1B[43m)#x1B[49m

#x1B[36mFile #x1B[39m#x1B[32m~/bamboo-agent-home/xml-data/build-dir/RAD-TEST-UVF/fmdtools-full/lib/python3.11/site-packages/fmdtools/sim/propagate.py:620#x1B[39m, in #x1B[36mSimulation.__call__#x1B[39m#x1B[34m(self, with_mdls, gen_samp, **kwargs)#x1B[39m
#x1B[32m    618#x1B[39m #x1B[38;5;28;01mdef#x1B[39;00m#x1B[38;5;250m #x1B[39m#x1B[34m__call__#x1B[39m(#x1B[38;5;28mself#x1B[39m, with_mdls=#x1B[38;5;28;01mFalse#x1B[39;00m, gen_samp=#x1B[38;5;28;01mFalse#x1B[39;00m, **kwargs):
#x1B[32m    619#x1B[39m #x1B[38;5;250m    #x1B[39m#x1B[33;03m"""Call the sim. Options return copied models and generated sampleapproches."""#x1B[39;00m
#x1B[32m--&gt; #x1B[39m#x1B[32m620#x1B[39m     res, hist = #x1B[38;5;28;43msuper#x1B[39;49m#x1B[43m(#x1B[49m#x1B[43m)#x1B[49m#x1B[43m.#x1B[49m#x1B[34;43m__call__#x1B[39;49m#x1B[43m(#x1B[49m#x1B[43m*#x1B[49m#x1B[43m*#x1B[49m#x1B[43mkwargs#x1B[49m#x1B[43m)#x1B[49m
#x1B[32m    621#x1B[39m     #x1B[38;5;28mself#x1B[39m.check_faults()
#x1B[32m    622#x1B[39m     rets = [res, hist]

#x1B[36mFile #x1B[39m#x1B[32m~/bamboo-agent-home/xml-data/build-dir/RAD-TEST-UVF/fmdtools-full/lib/python3.11/site-packages/fmdtools/sim/propagate.py:482#x1B[39m, in #x1B[36mBaseSimulation.__call__#x1B[39m#x1B[34m(self, **kwargs)#x1B[39m
#x1B[32m    480#x1B[39m     #x1B[38;5;28mself#x1B[39m.run(**kwargs)
#x1B[32m    481#x1B[39m #x1B[38;5;28;01mexcept#x1B[39;00m #x1B[38;5;167;01mException#x1B[39;00m #x1B[38;5;28;01mas#x1B[39;00m e:
#x1B[32m--&gt; #x1B[39m#x1B[32m482#x1B[39m     #x1B[38;5;28;01mraise#x1B[39;00m #x1B[38;5;167;01mException#x1B[39;00m(#x1B[33m"#x1B[39m#x1B[33mError simulating #x1B[39m#x1B[33m"#x1B[39m+#x1B[38;5;28mself#x1B[39m.name+#x1B[33m"#x1B[39m#x1B[33m scenario(s)#x1B[39m#x1B[33m"#x1B[39m) #x1B[38;5;28;01mfrom#x1B[39;00m#x1B[38;5;250m #x1B[39m#x1B[34;01me#x1B[39;00m
#x1B[32m    483#x1B[39m #x1B[38;5;28;01mif#x1B[39;00m #x1B[38;5;28mself#x1B[39m.tosave:
#x1B[32m    484#x1B[39m     #x1B[38;5;28mself#x1B[39m.save(**filter_kwargs(#x1B[38;5;28mself#x1B[39m.save, **kwargs))

#x1B[31mException#x1B[39m: Error simulating nominal scenario(s)</failure></testcase><testcase classname="examples.pump.Pump_Example_Notebook.ipynb" name="Pump_Example_Notebook.ipynb" time="9.074"><failure message="#x1B[31mException#x1B[39m: Error simulating nominal scenario(s)">---------------------------------------------------------------------------
result, mdlhist=propagate.nominal(mdl, to_return={'graph': FunctionArchitectureGraph})

#x1B[31m---------------------------------------------------------------------------#x1B[39m
#x1B[31mNameError#x1B[39m                                 Traceback (most recent call last)
#x1B[36mFile #x1B[39m#x1B[32m~/bamboo-agent-home/xml-data/build-dir/RAD-TEST-UVF/fmdtools-full/lib/python3.11/site-packages/fmdtools/define/block/base.py:796#x1B[39m, in #x1B[36mSimulable.__call__#x1B[39m#x1B[34m(self, time, proptype, faults, disturbances, inc_at, end_of_simulation, copy)#x1B[39m
#x1B[32m    795#x1B[39m #x1B[38;5;28mself#x1B[39m.update_dynamic_behaviors(proptype=proptype)
#x1B[32m--&gt; #x1B[39m#x1B[32m796#x1B[39m #x1B[38;5;28;43mself#x1B[39;49m#x1B[43m.#x1B[49m#x1B[43mupdate_static_behaviors#x1B[49m#x1B[43m(#x1B[49m#x1B[43mproptype#x1B[49m#x1B[43m=#x1B[49m#x1B[43mproptype#x1B[49m#x1B[43m)#x1B[49m
#x1B[32m    797#x1B[39m #x1B[38;5;28mself#x1B[39m.set_sub_faults()

#x1B[36mFile #x1B[39m#x1B[32m~/bamboo-agent-home/xml-data/build-dir/RAD-TEST-UVF/fmdtools-full/lib/python3.11/site-packages/fmdtools/define/block/base.py:728#x1B[39m, in #x1B[36mSimulable.update_static_behaviors#x1B[39m#x1B[34m(self, proptype)#x1B[39m
#x1B[32m    727#x1B[39m #x1B[38;5;28;01melif#x1B[39;00m proptype #x1B[38;5;129;01min#x1B[39;00m [#x1B[33m'#x1B[39m#x1B[33mstatic-once#x1B[39m#x1B[33m'#x1B[39m]:
#x1B[32m--&gt; #x1B[39m#x1B[32m728#x1B[39m     #x1B[38;5;28;43mself#x1B[39;49m#x1B[43m.#x1B[49m#x1B[43mexecute_static_behaviors#x1B[49m#x1B[43m(#x1B[49m#x1B[43m)#x1B[49m

#x1B[36mFile #x1B[39m#x1B[32m~/bamboo-agent-home/xml-data/build-dir/RAD-TEST-UVF/fmdtools-full/lib/python3.11/site-packages/fmdtools/define/block/base.py:734#x1B[39m, in #x1B[36mSimulable.execute_static_behaviors#x1B[39m#x1B[34m(self)#x1B[39m
#x1B[32m    733#x1B[39m #x1B[38;5;28;01mif#x1B[39;00m #x1B[38;5;28mhasattr#x1B[39m(#x1B[38;5;28mself#x1B[39m, #x1B[33m'#x1B[39m#x1B[33mstatic_behavior#x1B[39m#x1B[33m'#x1B[39m):
#x1B[32m--&gt; #x1B[39m#x1B[32m734#x1B[39m     #x1B[38;5;28;43mself#x1B[39;49m#x1B[43m.#x1B[49m#x1B[43mstatic_behavior#x1B[49m#x1B[43m(#x1B[49m#x1B[43m)#x1B[49m
#x1B[32m    735#x1B[39m #x1B[38;5;28;01mif#x1B[39;00m #x1B[38;5;28mself#x1B[39m.sp.with_loadings #x1B[38;5;129;01mand#x1B[39;00m #x1B[38;5;28mhasattr#x1B[39m(#x1B[38;5;28mself#x1B[39m, #x1B[33m'#x1B[39m#x1B[33mstatic_loading#x1B[39m#x1B[33m'#x1B[39m):

#x1B[36mFile #x1B[39m#x1B[32m~/bamboo-agent-home/xml-data/build-dir/RAD-TEST-UVF/fmdtools/examples/pump/ex_pump.py:436#x1B[39m, in #x1B[36mMoveWat.static_behavior#x1B[39m#x1B[34m(self)#x1B[39m
#x1B[32m    435#x1B[39m #x1B[38;5;28mself#x1B[39m.wat_in.s.assign(#x1B[38;5;28mself#x1B[39m.wat_out.s, #x1B[33m'#x1B[39m#x1B[33mpressure#x1B[39m#x1B[33m'#x1B[39m, #x1B[33m'#x1B[39m#x1B[33mflowrate#x1B[39m#x1B[33m'#x1B[39m)
#x1B[32m--&gt; #x1B[39m#x1B[32m436#x1B[39m #x1B[38;5;28mprint#x1B[39m(#x1B[43ma#x1B[49m)

#x1B[31mNameError#x1B[39m: name 'a' is not defined

The above exception was the direct cause of the following exception:

#x1B[31mException#x1B[39m                                 Traceback (most recent call last)
#x1B[36mFile #x1B[39m#x1B[32m~/bamboo-agent-home/xml-data/build-dir/RAD-TEST-UVF/fmdtools-full/lib/python3.11/site-packages/fmdtools/define/block/base.py:796#x1B[39m, in #x1B[36mSimulable.__call__#x1B[39m#x1B[34m(self, time, proptype, faults, disturbances, inc_at, end_of_simulation, copy)#x1B[39m
#x1B[32m    795#x1B[39m #x1B[38;5;28mself#x1B[39m.update_dynamic_behaviors(proptype=proptype)
#x1B[32m--&gt; #x1B[39m#x1B[32m796#x1B[39m #x1B[38;5;28;43mself#x1B[39;49m#x1B[43m.#x1B[49m#x1B[43mupdate_static_behaviors#x1B[49m#x1B[43m(#x1B[49m#x1B[43mproptype#x1B[49m#x1B[43m=#x1B[49m#x1B[43mproptype#x1B[49m#x1B[43m)#x1B[49m
#x1B[32m    797#x1B[39m #x1B[38;5;28mself#x1B[39m.set_sub_faults()

#x1B[36mFile #x1B[39m#x1B[32m~/bamboo-agent-home/xml-data/build-dir/RAD-TEST-UVF/fmdtools-full/lib/python3.11/site-packages/fmdtools/define/block/base.py:724#x1B[39m, in #x1B[36mSimulable.update_static_behaviors#x1B[39m#x1B[34m(self, proptype)#x1B[39m
#x1B[32m    723#x1B[39m #x1B[38;5;28;01mwhile#x1B[39;00m active:
#x1B[32m--&gt; #x1B[39m#x1B[32m724#x1B[39m     #x1B[38;5;28;43mself#x1B[39;49m#x1B[43m.#x1B[49m#x1B[43mexecute_static_behaviors#x1B[49m#x1B[43m(#x1B[49m#x1B[43m)#x1B[49m
#x1B[32m    725#x1B[39m     #x1B[38;5;66;03m# determine if propagation should continue due to new states#x1B[39;00m

#x1B[36mFile #x1B[39m#x1B[32m~/bamboo-agent-home/xml-data/build-dir/RAD-TEST-UVF/fmdtools-full/lib/python3.11/site-packages/fmdtools/define/block/base.py:732#x1B[39m, in #x1B[36mSimulable.execute_static_behaviors#x1B[39m#x1B[34m(self)#x1B[39m
#x1B[32m    731#x1B[39m #x1B[38;5;250m#x1B[39m#x1B[33;03m"""Execute static behaviors."""#x1B[39;00m
#x1B[32m--&gt; #x1B[39m#x1B[32m732#x1B[39m #x1B[38;5;28;43mself#x1B[39;49m#x1B[43m.#x1B[49m#x1B[43mupdate_arch_behaviors#x1B[49m#x1B[43m(#x1B[49m#x1B[33;43m"#x1B[39;49m#x1B[33;43mstatic#x1B[39;49m#x1B[33;43m"#x1B[39;49m#x1B[43m)#x1B[49m
#x1B[32m    733#x1B[39m #x1B[38;5;28;01mif#x1B[39;00m #x1B[38;5;28mhasattr#x1B[39m(#x1B[38;5;28mself#x1B[39m, #x1B[33m'#x1B[39m#x1B[33mstatic_behavior#x1B[39m#x1B[33m'#x1B[39m):

#x1B[36mFile #x1B[39m#x1B[32m~/bamboo-agent-home/xml-data/build-dir/RAD-TEST-UVF/fmdtools-full/lib/python3.11/site-packages/fmdtools/define/architecture/base.py:163#x1B[39m, in #x1B[36mArchitecture.update_arch_behaviors#x1B[39m#x1B[34m(self, proptype)#x1B[39m
#x1B[32m    162#x1B[39m #x1B[38;5;28;01mif#x1B[39;00m proptype #x1B[38;5;129;01min#x1B[39;00m [#x1B[33m"#x1B[39m#x1B[33mstatic#x1B[39m#x1B[33m"#x1B[39m, #x1B[33m"#x1B[39m#x1B[33mstatic-once#x1B[39m#x1B[33m"#x1B[39m, #x1B[33m"#x1B[39m#x1B[33mboth#x1B[39m#x1B[33m"#x1B[39m] #x1B[38;5;129;01mand#x1B[39;00m #x1B[38;5;28mhasattr#x1B[39m(#x1B[38;5;28mself#x1B[39m, #x1B[33m'#x1B[39m#x1B[33mprop_static#x1B[39m#x1B[33m'#x1B[39m):
#x1B[32m--&gt; #x1B[39m#x1B[32m163#x1B[39m     #x1B[38;5;28;43mself#x1B[39;49m#x1B[43m.#x1B[49m#x1B[43mprop_static#x1B[49m#x1B[43m(#x1B[49m#x1B[43m)#x1B[49m

#x1B[36mFile #x1B[39m#x1B[32m~/bamboo-agent-home/xml-data/build-dir/RAD-TEST-UVF/fmdtools-full/lib/python3.11/site-packages/fmdtools/define/architecture/base.py:203#x1B[39m, in #x1B[36mArchitecture.prop_static#x1B[39m#x1B[34m(self)#x1B[39m
#x1B[32m    202#x1B[39m sim.set_mutables(exclude=[*#x1B[38;5;28mself#x1B[39m.staticflows])
#x1B[32m--&gt; #x1B[39m#x1B[32m203#x1B[39m #x1B[43msim#x1B[49m#x1B[43m(#x1B[49m#x1B[43mtime#x1B[49m#x1B[43m=#x1B[49m#x1B[38;5;28;43mself#x1B[39;49m#x1B[43m.#x1B[49m#x1B[43mt#x1B[49m#x1B[43m.#x1B[49m#x1B[43mtime#x1B[49m#x1B[43m,#x1B[49m#x1B[43m #x1B[49m#x1B[43mproptype#x1B[49m#x1B[43m=#x1B[49m#x1B[33;43m'#x1B[39;49m#x1B[33;43mstatic-once#x1B[39;49m#x1B[33;43m'#x1B[39;49m#x1B[43m,#x1B[49m#x1B[43m #x1B[49m#x1B[43minc_at#x1B[49m#x1B[43m=#x1B[49m#x1B[33;43m"#x1B[39;49m#x1B[33;43m"#x1B[39;49m#x1B[43m)#x1B[49m
#x1B[32m    204#x1B[39m #x1B[38;5;28;01mif#x1B[39;00m sim.has_changed(update=#x1B[38;5;28;01mTrue#x1B[39;00m, exclude=[*#x1B[38;5;28mself#x1B[39m.staticflows]):

#x1B[36mFile #x1B[39m#x1B[32m~/bamboo-agent-home/xml-data/build-dir/RAD-TEST-UVF/fmdtools-full/lib/python3.11/site-packages/fmdtools/define/block/base.py:808#x1B[39m, in #x1B[36mSimulable.__call__#x1B[39m#x1B[34m(self, time, proptype, faults, disturbances, inc_at, end_of_simulation, copy)#x1B[39m
#x1B[32m    807#x1B[39m #x1B[38;5;28;01mexcept#x1B[39;00m #x1B[38;5;167;01mException#x1B[39;00m #x1B[38;5;28;01mas#x1B[39;00m e:
#x1B[32m--&gt; #x1B[39m#x1B[32m808#x1B[39m     #x1B[38;5;28;01mraise#x1B[39;00m #x1B[38;5;167;01mException#x1B[39;00m(#x1B[33m"#x1B[39m#x1B[33mError simulating #x1B[39m#x1B[33m"#x1B[39m + #x1B[38;5;28mself#x1B[39m.name +
#x1B[32m    809#x1B[39m                     #x1B[33m"#x1B[39m#x1B[33m of class #x1B[39m#x1B[33m"#x1B[39m + #x1B[38;5;28mself#x1B[39m.#x1B[34m__class__#x1B[39m.#x1B[34m__name__#x1B[39m +
#x1B[32m    810#x1B[39m                     #x1B[33m"#x1B[39m#x1B[33m at time=#x1B[39m#x1B[33m"#x1B[39m + #x1B[38;5;28mstr#x1B[39m(#x1B[38;5;28mself#x1B[39m.t.time)) #x1B[38;5;28;01mfrom#x1B[39;00m#x1B[38;5;250m #x1B[39m#x1B[34;01me#x1B[39;00m

#x1B[31mException#x1B[39m: Error simulating move_water of class MoveWat at time=0.0

The above exception was the direct cause of the following exception:

#x1B[31mException#x1B[39m                                 Traceback (most recent call last)
#x1B[36mFile #x1B[39m#x1B[32m~/bamboo-agent-home/xml-data/build-dir/RAD-TEST-UVF/fmdtools-full/lib/python3.11/site-packages/fmdtools/sim/propagate.py:480#x1B[39m, in #x1B[36mBaseSimulation.__call__#x1B[39m#x1B[34m(self, **kwargs)#x1B[39m
#x1B[32m    479#x1B[39m #x1B[38;5;28;01mtry#x1B[39;00m:
#x1B[32m--&gt; #x1B[39m#x1B[32m480#x1B[39m     #x1B[38;5;28;43mself#x1B[39;49m#x1B[43m.#x1B[49m#x1B[43mrun#x1B[49m#x1B[43m(#x1B[49m#x1B[43m*#x1B[49m#x1B[43m*#x1B[49m#x1B[43mkwargs#x1B[49m#x1B[43m)#x1B[49m
#x1B[32m    481#x1B[39m #x1B[38;5;28;01mexcept#x1B[39;00m #x1B[38;5;167;01mException#x1B[39;00m #x1B[38;5;28;01mas#x1B[39;00m e:

#x1B[36mFile #x1B[39m#x1B[32m~/bamboo-agent-home/xml-data/build-dir/RAD-TEST-UVF/fmdtools-full/lib/python3.11/site-packages/fmdtools/sim/propagate.py:632#x1B[39m, in #x1B[36mSimulation.run#x1B[39m#x1B[34m(self, **kwargs)#x1B[39m
#x1B[32m    631#x1B[39m #x1B[38;5;28;01mfor#x1B[39;00m simevent #x1B[38;5;129;01min#x1B[39;00m #x1B[38;5;28mself#x1B[39m.simevents:
#x1B[32m--&gt; #x1B[39m#x1B[32m632#x1B[39m     #x1B[43msimevent#x1B[49m#x1B[43m.#x1B[49m#x1B[43mrun#x1B[49m#x1B[43m(#x1B[49m#x1B[38;5;28;43mself#x1B[39;49m#x1B[43m.#x1B[49m#x1B[43mmdl#x1B[49m#x1B[43m,#x1B[49m#x1B[43m #x1B[49m#x1B[43mscen#x1B[49m#x1B[43m=#x1B[49m#x1B[38;5;28;43mself#x1B[39;49m#x1B[43m.#x1B[49m#x1B[43mscen#x1B[49m#x1B[43m,#x1B[49m#x1B[43m #x1B[49m#x1B[43m*#x1B[49m#x1B[43m*#x1B[49m#x1B[43mkwargs#x1B[49m#x1B[43m)#x1B[49m
#x1B[32m    633#x1B[39m     #x1B[38;5;28;01mif#x1B[39;00m simevent.result:

#x1B[36mFile #x1B[39m#x1B[32m~/bamboo-agent-home/xml-data/build-dir/RAD-TEST-UVF/fmdtools-full/lib/python3.11/site-packages/fmdtools/sim/propagate.py:397#x1B[39m, in #x1B[36mSimEvent.run#x1B[39m#x1B[34m(self, mdl, scen, nomhist, nomresult, **kwargs)#x1B[39m
#x1B[32m    396#x1B[39m #x1B[38;5;28;01melse#x1B[39;00m:
#x1B[32m--&gt; #x1B[39m#x1B[32m397#x1B[39m     #x1B[43mmdl#x1B[49m#x1B[43m(#x1B[49m#x1B[43mtime#x1B[49m#x1B[43m=#x1B[49m#x1B[38;5;28;43mself#x1B[39;49m#x1B[43m.#x1B[49m#x1B[43mtime#x1B[49m#x1B[43m,#x1B[49m#x1B[43m #x1B[49m#x1B[43m*#x1B[49m#x1B[43m*#x1B[49m#x1B[43mkwar#x1B[49m#x1B[43m)#x1B[49m
#x1B[32m    398#x1B[39m #x1B[38;5;28;01mif#x1B[39;00m #x1B[38;5;28mself#x1B[39m.to_return:

#x1B[36mFile #x1B[39m#x1B[32m~/bamboo-agent-home/xml-data/build-dir/RAD-TEST-UVF/fmdtools-full/lib/python3.11/site-packages/fmdtools/define/block/base.py:808#x1B[39m, in #x1B[36mSimulable.__call__#x1B[39m#x1B[34m(self, time, proptype, faults, disturbances, inc_at, end_of_simulation, copy)#x1B[39m
#x1B[32m    807#x1B[39m #x1B[38;5;28;01mexcept#x1B[39;00m #x1B[38;5;167;01mException#x1B[39;00m #x1B[38;5;28;01mas#x1B[39;00m e:
#x1B[32m--&gt; #x1B[39m#x1B[32m808#x1B[39m     #x1B[38;5;28;01mraise#x1B[39;00m #x1B[38;5;167;01mException#x1B[39;00m(#x1B[33m"#x1B[39m#x1B[33mError simulating #x1B[39m#x1B[33m"#x1B[39m + #x1B[38;5;28mself#x1B[39m.name +
#x1B[32m    809#x1B[39m                     #x1B[33m"#x1B[39m#x1B[33m of class #x1B[39m#x1B[33m"#x1B[39m + #x1B[38;5;28mself#x1B[39m.#x1B[34m__class__#x1B[39m.#x1B[34m__name__#x1B[39m +
#x1B[32m    810#x1B[39m                     #x1B[33m"#x1B[39m#x1B[33m at time=#x1B[39m#x1B[33m"#x1B[39m + #x1B[38;5;28mstr#x1B[39m(#x1B[38;5;28mself#x1B[39m.t.time)) #x1B[38;5;28;01mfrom#x1B[39;00m#x1B[38;5;250m #x1B[39m#x1B[34;01me#x1B[39;00m

#x1B[31mException#x1B[39m: Error simulating pump of class Pump at time=0.0

The above exception was the direct cause of the following exception:

#x1B[31mException#x1B[39m                                 Traceback (most recent call last)
#x1B[36mCell#x1B[39m#x1B[36m #x1B[39m#x1B[32mIn[7]#x1B[39m#x1B[32m, line 1#x1B[39m
#x1B[32m----&gt; #x1B[39m#x1B[32m1#x1B[39m result, mdlhist=#x1B[43mpropagate#x1B[49m#x1B[43m.#x1B[49m#x1B[43mnominal#x1B[49m#x1B[43m(#x1B[49m#x1B[43mmdl#x1B[49m#x1B[43m,#x1B[49m#x1B[43m #x1B[49m#x1B[43mto_return#x1B[49m#x1B[43m=#x1B[49m#x1B[43m{#x1B[49m#x1B[33;43m'#x1B[39;49m#x1B[33;43mgraph#x1B[39;49m#x1B[33;43m'#x1B[39;49m#x1B[43m:#x1B[49m#x1B[43m #x1B[49m#x1B[43mFunctionArchitectureGraph#x1B[49m#x1B[43m}#x1B[49m#x1B[43m)#x1B[49m

#x1B[36mFile #x1B[39m#x1B[32m~/bamboo-agent-home/xml-data/build-dir/RAD-TEST-UVF/fmdtools-full/lib/python3.11/site-packages/fmdtools/sim/propagate.py:92#x1B[39m, in #x1B[36mnominal#x1B[39m#x1B[34m(mdl, **kwargs)#x1B[39m
#x1B[32m     74#x1B[39m #x1B[38;5;250m#x1B[39m#x1B[33;03m"""#x1B[39;00m
#x1B[32m     75#x1B[39m #x1B[33;03mRun the model over time in the nominal scenario.#x1B[39;00m
#x1B[32m     76#x1B[39m 
#x1B[32m   (...)#x1B[39m#x1B[32m     89#x1B[39m #x1B[33;03m    A History dict with a history of tracked model properties over time.#x1B[39;00m
#x1B[32m     90#x1B[39m #x1B[33;03m"""#x1B[39;00m
#x1B[32m     91#x1B[39m sim = Simulation(mdl=mdl, **filter_kwargs(Simulation, **kwargs))
#x1B[32m---&gt; #x1B[39m#x1B[32m92#x1B[39m #x1B[38;5;28;01mreturn#x1B[39;00m #x1B[43msim#x1B[49m#x1B[43m(#x1B[49m#x1B[43m*#x1B[49m#x1B[43m*#x1B[49m#x1B[43mget_sim_call_kwargs#x1B[49m#x1B[43m(#x1B[49m#x1B[43msim#x1B[49m#x1B[43m,#x1B[49m#x1B[43m #x1B[49m#x1B[43m*#x1B[49m#x1B[43m*#x1B[49m#x1B[43mkwargs#x1B[49m#x1B[43m)#x1B[49m#x1B[43m)#x1B[49m

#x1B[36mFile #x1B[39m#x1B[32m~/bamboo-agent-home/xml-data/build-dir/RAD-TEST-UVF/fmdtools-full/lib/python3.11/site-packages/fmdtools/sim/propagate.py:620#x1B[39m, in #x1B[36mSimulation.__call__#x1B[39m#x1B[34m(self, with_mdls, gen_samp, **kwargs)#x1B[39m
#x1B[32m    618#x1B[39m #x1B[38;5;28;01mdef#x1B[39;00m#x1B[38;5;250m #x1B[39m#x1B[34m__call__#x1B[39m(#x1B[38;5;28mself#x1B[39m, with_mdls=#x1B[38;5;28;01mFalse#x1B[39;00m, gen_samp=#x1B[38;5;28;01mFalse#x1B[39;00m, **kwargs):
#x1B[32m    619#x1B[39m #x1B[38;5;250m    #x1B[39m#x1B[33;03m"""Call the sim. Options return copied models and generated sampleapproches."""#x1B[39;00m
#x1B[32m--&gt; #x1B[39m#x1B[32m620#x1B[39m     res, hist = #x1B[38;5;28;43msuper#x1B[39;49m#x1B[43m(#x1B[49m#x1B[43m)#x1B[49m#x1B[43m.#x1B[49m#x1B[34;43m__call__#x1B[39;49m#x1B[43m(#x1B[49m#x1B[43m*#x1B[49m#x1B[43m*#x1B[49m#x1B[43mkwargs#x1B[49m#x1B[43m)#x1B[49m
#x1B[32m    621#x1B[39m     #x1B[38;5;28mself#x1B[39m.check_faults()
#x1B[32m    622#x1B[39m     rets = [res, hist]

#x1B[36mFile #x1B[39m#x1B[32m~/bamboo-agent-home/xml-data/build-dir/RAD-TEST-UVF/fmdtools-full/lib/python3.11/site-packages/fmdtools/sim/propagate.py:482#x1B[39m, in #x1B[36mBaseSimulation.__call__#x1B[39m#x1B[34m(self, **kwargs)#x1B[39m
#x1B[32m    480#x1B[39m     #x1B[38;5;28mself#x1B[39m.run(**kwargs)
#x1B[32m    481#x1B[39m #x1B[38;5;28;01mexcept#x1B[39;00m #x1B[38;5;167;01mException#x1B[39;00m #x1B[38;5;28;01mas#x1B[39;00m e:
#x1B[32m--&gt; #x1B[39m#x1B[32m482#x1B[39m     #x1B[38;5;28;01mraise#x1B[39;00m #x1B[38;5;167;01mException#x1B[39;00m(#x1B[33m"#x1B[39m#x1B[33mError simulating #x1B[39m#x1B[33m"#x1B[39m+#x1B[38;5;28mself#x1B[39m.name+#x1B[33m"#x1B[39m#x1B[33m scenario(s)#x1B[39m#x1B[33m"#x1B[39m) #x1B[38;5;28;01mfrom#x1B[39;00m#x1B[38;5;250m #x1B[39m#x1B[34;01me#x1B[39;00m
#x1B[32m    483#x1B[39m #x1B[38;5;28;01mif#x1B[39;00m #x1B[38;5;28mself#x1B[39m.tosave:
#x1B[32m    484#x1B[39m     #x1B[38;5;28mself#x1B[39m.save(**filter_kwargs(#x1B[38;5;28mself#x1B[39m.save, **kwargs))

#x1B[31mException#x1B[39m: Error simulating nominal scenario(s)</failure></testcase><testcase classname="examples.pump.Tutorial_complete.ipynb" name="Tutorial_complete.ipynb" time="8.577"><failure message="#x1B[31mAttributeError#x1B[39m: 'Pump' object has no attribute 'staticfxns'">---------------------------------------------------------------------------
mdl.staticfxns
#x1B[31m---------------------------------------------------------------------------#x1B[39m
#x1B[31mAttributeError#x1B[39m                            Traceback (most recent call last)
#x1B[36mCell#x1B[39m#x1B[36m #x1B[39m#x1B[32mIn[9]#x1B[39m#x1B[32m, line 1#x1B[39m
#x1B[32m----&gt; #x1B[39m#x1B[32m1#x1B[39m #x1B[43mmdl#x1B[49m#x1B[43m.#x1B[49m#x1B[43mstaticfxns#x1B[49m

#x1B[31mAttributeError#x1B[39m: 'Pump' object has no attribute 'staticfxns'</failure></testcase><testcase classname="examples.pump.ex_pump" name="examples.pump.ex_pump.accumulate" time="0.003" /><testcase classname="examples.pump.ex_pump" name="examples.pump.ex_pump.reseting_accumulate" time="0.002" /><testcase classname="examples.pump.test_pump.PumpTests" name="test_app_prop_values" time="0.099"><failure message="Exception: Error simulating fault sample scenario(s)">self = move_water MoveWat
- t=MoveWatTime(time=0.0, timers={'pressure_limit': Timer pressure_limit: mode= standby, time= 0.0}...(flowrate=0.0, pressure=0.0, area=1.0, level=1.0))
- wat_out=Water(s=(flowrate=0.0, pressure=0.0, area=1.0, level=1.0))
time = 0.0, proptype = 'static-once', faults = [], disturbances = {}
inc_at = '', end_of_simulation = False, copy = False

    def __call__(self, time=None, proptype="both", faults=[], disturbances={},
                 inc_at="all", end_of_simulation=False, copy=False):
        """
        Call the Simulable to propagate behavior at a single time-step.
    
        Parameters
        ----------
        time : float/'end'
            Time at which to simulate the Simulable. Default is None, which uses
            self.t.time. If 'end' is provided, will be simulated until the end of
            the simulation (sp.end_time or sp.end_condition)
        proptype : str
            Type of propagation step to update ('static', 'dynamic', or 'both')
        faults : dict/list
            Faults to inject during this propagation step. (to be injected at time.)
            With structure ['fault1', 'fault2'...]
        disturbances : dict
            Variables to change during this propagation step. (to be injected at time.)
            With structure {'var1': value}
        inc_at : bool
            When to increment the history. If "all", increment at each time the sim
            iterates through. If "time", increment only at t==time.
        end_of_simulation : bool
            Whether this is the end of the simulation (and history should be cut).
        copy : bool
            If true, returns a copy of the model just before fault injection and
            stops simulation
        """
        try:
            if time == 'end':
                time = self.sp.end_time
            start_time, end_time = self.t.get_sim_times(time)
            sim_times = self.sp.get_timerange(start_time, end_time)
            for t in sim_times:
                if t == end_time:
                    if copy:
                        return self.copy()
                    if t != self.t.time:  # faults are only injected if not run yet
                        self.set_vars(**disturbances)
                        self.inject_faults(faults)
                self.t.update_time(t)
                if self.t.executing:
                    self.update_stochastic_states()
                    self.update_dynamic_behaviors(proptype=proptype)
&gt;                   self.update_static_behaviors(proptype=proptype)

fmdtools/define/block/base.py:796: 
_ _ _ _ _ _ _ _ _ _ _ _ _ _ _ _ _ _ _ _ _ _ _ _ _ _ _ _ _ _ _ _ _ _ _ _ _ _ _ _ 
fmdtools/define/block/base.py:728: in update_static_behaviors
    self.execute_static_behaviors()
fmdtools/define/block/base.py:734: in execute_static_behaviors
    self.static_behavior()
_ _ _ _ _ _ _ _ _ _ _ _ _ _ _ _ _ _ _ _ _ _ _ _ _ _ _ _ _ _ _ _ _ _ _ _ _ _ _ _ 

self = move_water MoveWat
- t=MoveWatTime(time=0.0, timers={'pressure_limit': Timer pressure_limit: mode= standby, time= 0.0}...(flowrate=0.0, pressure=0.0, area=1.0, level=1.0))
- wat_out=Water(s=(flowrate=0.0, pressure=0.0, area=1.0, level=1.0))

    def static_behavior(self):
        """Define how the function will behave with different faults."""
        self.set_faults()
        if self.m.has_fault('short'):
            self.ee_in.s.current = 500*10/5000*self.sig_in.s.power*self.ee_in.s.voltage
            self.s.eff = 0.0
        elif self.m.has_fault('mech_break'):
            self.ee_in.s.current = 0.2*10/5000*self.sig_in.s.power*self.ee_in.s.voltage
            self.s.eff = 0.0
        else:
            self.ee_in.s.current = 10/5000*self.sig_in.s.power * \
                self.ee_in.s.voltage*min(13.0, self.wat_out.s.pressure)
            # if we wanted to enforce nominall eff state, we would include:
            # self.s.eff = 1.0
    
        velocity = self.sig_in.s.power*self.s.eff * \
            min(1000, self.ee_in.s.voltage)*self.wat_in.s.level
        self.wat_out.s.pressure = 10/500 * velocity/self.wat_out.s.area
        self.wat_out.s.flowrate = 0.3/500 * velocity*self.wat_out.s.area
    
        self.wat_in.s.assign(self.wat_out.s, 'pressure', 'flowrate')
&gt;       print(a)
              ^
E       NameError: name 'a' is not defined

examples/pump/ex_pump.py:436: NameError

The above exception was the direct cause of the following exception:

self = pump Pump
- t=Time(time=0.0, timers={})
- m=Mode(mode='nominal', faults=set(), sub_faults=False)
FLOWS:
- ee_1=Electri...minal', faults=set(), sub_faults=False))
- export_water=ExportWater(m=(mode='nominal', faults=set(), sub_faults=False))
time = 12.0, proptype = 'both', faults = [], disturbances = {}, inc_at = 'all'
end_of_simulation = False, copy = True

    def __call__(self, time=None, proptype="both", faults=[], disturbances={},
                 inc_at="all", end_of_simulation=False, copy=False):
        """
        Call the Simulable to propagate behavior at a single time-step.
    
        Parameters
        ----------
        time : float/'end'
            Time at which to simulate the Simulable. Default is None, which uses
            self.t.time. If 'end' is provided, will be simulated until the end of
            the simulation (sp.end_time or sp.end_condition)
        proptype : str
            Type of propagation step to update ('static', 'dynamic', or 'both')
        faults : dict/list
            Faults to inject during this propagation step. (to be injected at time.)
            With structure ['fault1', 'fault2'...]
        disturbances : dict
            Variables to change during this propagation step. (to be injected at time.)
            With structure {'var1': value}
        inc_at : bool
            When to increment the history. If "all", increment at each time the sim
            iterates through. If "time", increment only at t==time.
        end_of_simulation : bool
            Whether this is the end of the simulation (and history should be cut).
        copy : bool
            If true, returns a copy of the model just before fault injection and
            stops simulation
        """
        try:
            if time == 'end':
                time = self.sp.end_time
            start_time, end_time = self.t.get_sim_times(time)
            sim_times = self.sp.get_timerange(start_time, end_time)
            for t in sim_times:
                if t == end_time:
                    if copy:
                        return self.copy()
                    if t != self.t.time:  # faults are only injected if not run yet
                        self.set_vars(**disturbances)
                        self.inject_faults(faults)
                self.t.update_time(t)
                if self.t.executing:
                    self.update_stochastic_states()
                    self.update_dynamic_behaviors(proptype=proptype)
&gt;                   self.update_static_behaviors(proptype=proptype)

fmdtools/define/block/base.py:796: 
_ _ _ _ _ _ _ _ _ _ _ _ _ _ _ _ _ _ _ _ _ _ _ _ _ _ _ _ _ _ _ _ _ _ _ _ _ _ _ _ 
fmdtools/define/block/base.py:724: in update_static_behaviors
    self.execute_static_behaviors()
fmdtools/define/block/base.py:732: in execute_static_behaviors
    self.update_arch_behaviors("static")
fmdtools/define/architecture/base.py:163: in update_arch_behaviors
    self.prop_static()
fmdtools/define/architecture/base.py:203: in prop_static
    sim(time=self.t.time, proptype='static-once', inc_at="")
_ _ _ _ _ _ _ _ _ _ _ _ _ _ _ _ _ _ _ _ _ _ _ _ _ _ _ _ _ _ _ _ _ _ _ _ _ _ _ _ 

self = move_water MoveWat
- t=MoveWatTime(time=0.0, timers={'pressure_limit': Timer pressure_limit: mode= standby, time= 0.0}...(flowrate=0.0, pressure=0.0, area=1.0, level=1.0))
- wat_out=Water(s=(flowrate=0.0, pressure=0.0, area=1.0, level=1.0))
time = 0.0, proptype = 'static-once', faults = [], disturbances = {}
inc_at = '', end_of_simulation = False, copy = False

    def __call__(self, time=None, proptype="both", faults=[], disturbances={},
                 inc_at="all", end_of_simulation=False, copy=False):
        """
        Call the Simulable to propagate behavior at a single time-step.
    
        Parameters
        ----------
        time : float/'end'
            Time at which to simulate the Simulable. Default is None, which uses
            self.t.time. If 'end' is provided, will be simulated until the end of
            the simulation (sp.end_time or sp.end_condition)
        proptype : str
            Type of propagation step to update ('static', 'dynamic', or 'both')
        faults : dict/list
            Faults to inject during this propagation step. (to be injected at time.)
            With structure ['fault1', 'fault2'...]
        disturbances : dict
            Variables to change during this propagation step. (to be injected at time.)
            With structure {'var1': value}
        inc_at : bool
            When to increment the history. If "all", increment at each time the sim
            iterates through. If "time", increment only at t==time.
        end_of_simulation : bool
            Whether this is the end of the simulation (and history should be cut).
        copy : bool
            If true, returns a copy of the model just before fault injection and
            stops simulation
        """
        try:
            if time == 'end':
                time = self.sp.end_time
            start_time, end_time = self.t.get_sim_times(time)
            sim_times = self.sp.get_timerange(start_time, end_time)
            for t in sim_times:
                if t == end_time:
                    if copy:
                        return self.copy()
                    if t != self.t.time:  # faults are only injected if not run yet
                        self.set_vars(**disturbances)
                        self.inject_faults(faults)
                self.t.update_time(t)
                if self.t.executing:
                    self.update_stochastic_states()
                    self.update_dynamic_behaviors(proptype=proptype)
                    self.update_static_behaviors(proptype=proptype)
                    self.set_sub_faults()
                    if inc_at == "all" or (inc_at == "time" and t == time):
                        self.inc_sim_time()
                        self.h.log(self, self.t.t_ind, self.t.time)
                    if self.sp.end_condition:
                        if get_var(self, self.sp.end_condition)():
                            break
    
            if end_of_simulation:
                self.cut_hist()
        except Exception as e:
&gt;           raise Exception("Error simulating " + self.name +
                            " of class " + self.__class__.__name__ +
                            " at time=" + str(self.t.time)) from e
E           Exception: Error simulating move_water of class MoveWat at time=0.0

fmdtools/define/block/base.py:808: Exception

The above exception was the direct cause of the following exception:

self = Simulation with SimEvents:
- 12.0=SimEvent(copy=True)
- 20.0=SimEvent(copy=True)
- 27.0=SimEvent(copy=True)
- 34.0=SimEvent(copy=True)
- 42.0=SimEvent(copy=True)
- end=SimEvent(to_return={'classify': None})
kwargs = {}

    def __call__(self, **kwargs):
        """Run the sim, save its results (if needed), return its result and history."""
        try:
&gt;           self.run(**kwargs)

fmdtools/sim/propagate.py:480: 
_ _ _ _ _ _ _ _ _ _ _ _ _ _ _ _ _ _ _ _ _ _ _ _ _ _ _ _ _ _ _ _ _ _ _ _ _ _ _ _ 
fmdtools/sim/propagate.py:632: in run
    simevent.run(self.mdl, scen=self.scen, **kwargs)
fmdtools/sim/propagate.py:395: in run
    self.mdl_copy = mdl(time=self.time, **kwar, copy=True)
                    ^^^^^^^^^^^^^^^^^^^^^^^^^^^^^^^^^^^^^^
_ _ _ _ _ _ _ _ _ _ _ _ _ _ _ _ _ _ _ _ _ _ _ _ _ _ _ _ _ _ _ _ _ _ _ _ _ _ _ _ 

self = pump Pump
- t=Time(time=0.0, timers={})
- m=Mode(mode='nominal', faults=set(), sub_faults=False)
FLOWS:
- ee_1=Electri...minal', faults=set(), sub_faults=False))
- export_water=ExportWater(m=(mode='nominal', faults=set(), sub_faults=False))
time = 12.0, proptype = 'both', faults = [], disturbances = {}, inc_at = 'all'
end_of_simulation = False, copy = True

    def __call__(self, time=None, proptype="both", faults=[], disturbances={},
                 inc_at="all", end_of_simulation=False, copy=False):
        """
        Call the Simulable to propagate behavior at a single time-step.
    
        Parameters
        ----------
        time : float/'end'
            Time at which to simulate the Simulable. Default is None, which uses
            self.t.time. If 'end' is provided, will be simulated until the end of
            the simulation (sp.end_time or sp.end_condition)
        proptype : str
            Type of propagation step to update ('static', 'dynamic', or 'both')
        faults : dict/list
            Faults to inject during this propagation step. (to be injected at time.)
            With structure ['fault1', 'fault2'...]
        disturbances : dict
            Variables to change during this propagation step. (to be injected at time.)
            With structure {'var1': value}
        inc_at : bool
            When to increment the history. If "all", increment at each time the sim
            iterates through. If "time", increment only at t==time.
        end_of_simulation : bool
            Whether this is the end of the simulation (and history should be cut).
        copy : bool
            If true, returns a copy of the model just before fault injection and
            stops simulation
        """
        try:
            if time == 'end':
                time = self.sp.end_time
            start_time, end_time = self.t.get_sim_times(time)
            sim_times = self.sp.get_timerange(start_time, end_time)
            for t in sim_times:
                if t == end_time:
                    if copy:
                        return self.copy()
                    if t != self.t.time:  # faults are only injected if not run yet
                        self.set_vars(**disturbances)
                        self.inject_faults(faults)
                self.t.update_time(t)
                if self.t.executing:
                    self.update_stochastic_states()
                    self.update_dynamic_behaviors(proptype=proptype)
                    self.update_static_behaviors(proptype=proptype)
                    self.set_sub_faults()
                    if inc_at == "all" or (inc_at == "time" and t == time):
                        self.inc_sim_time()
                        self.h.log(self, self.t.t_ind, self.t.time)
                    if self.sp.end_condition:
                        if get_var(self, self.sp.end_condition)():
                            break
    
            if end_of_simulation:
                self.cut_hist()
        except Exception as e:
&gt;           raise Exception("Error simulating " + self.name +
                            " of class " + self.__class__.__name__ +
                            " at time=" + str(self.t.time)) from e
E           Exception: Error simulating pump of class Pump at time=0.0

fmdtools/define/block/base.py:808: Exception

The above exception was the direct cause of the following exception:

self = MultiEventSimulation of
FaultSample of scenarios: 
 - move_water_mech_break_t12p0
 - move_water_mech_break_t20p0
 - move_water_mech_break_t27p0
 - move_water_mech_break_t34p0
 - move_water_mech_break_t42p0
kwargs = {}

    def __call__(self, **kwargs):
        """Run the sim, save its results (if needed), return its result and history."""
        try:
&gt;           self.run(**kwargs)

fmdtools/sim/propagate.py:480: 
_ _ _ _ _ _ _ _ _ _ _ _ _ _ _ _ _ _ _ _ _ _ _ _ _ _ _ _ _ _ _ _ _ _ _ _ _ _ _ _ 
fmdtools/sim/propagate.py:1023: in run
    self.run_nom(with_copy=True)
fmdtools/sim/propagate.py:1008: in run_nom
    outs = nomsim(**sim_kwar)
           ^^^^^^^^^^^^^^^^^^
fmdtools/sim/propagate.py:620: in __call__
    res, hist = super().__call__(**kwargs)
                ^^^^^^^^^^^^^^^^^^^^^^^^^^
_ _ _ _ _ _ _ _ _ _ _ _ _ _ _ _ _ _ _ _ _ _ _ _ _ _ _ _ _ _ _ _ _ _ _ _ _ _ _ _ 

self = Simulation with SimEvents:
- 12.0=SimEvent(copy=True)
- 20.0=SimEvent(copy=True)
- 27.0=SimEvent(copy=True)
- 34.0=SimEvent(copy=True)
- 42.0=SimEvent(copy=True)
- end=SimEvent(to_return={'classify': None})
kwargs = {}

    def __call__(self, **kwargs):
        """Run the sim, save its results (if needed), return its result and history."""
        try:
            self.run(**kwargs)
        except Exception as e:
&gt;           raise Exception("Error simulating "+self.name+" scenario(s)") from e
E           Exception: Error simulating nominal scenario(s)

fmdtools/sim/propagate.py:482: Exception

The above exception was the direct cause of the following exception:

self = &lt;examples.pump.test_pump.PumpTests testMethod=test_app_prop_values&gt;

    def test_app_prop_values(self):
        """Test that delayed fault behavior occurs at the time specified by sample."""
        fd = FaultDomain(self.mdl)
        fd.add_fault('move_water', 'mech_break')
        fs = FaultSample(fd)
        fs.add_fault_phases("on", args=(5,))
    
&gt;       res, hist = prop.fault_sample(self.water_mdl, fs, showprogress=False)
                    ^^^^^^^^^^^^^^^^^^^^^^^^^^^^^^^^^^^^^^^^^^^^^^^^^^^^^^^^^

examples/pump/test_pump.py:122: 
_ _ _ _ _ _ _ _ _ _ _ _ _ _ _ _ _ _ _ _ _ _ _ _ _ _ _ _ _ _ _ _ _ _ _ _ _ _ _ _ 
fmdtools/sim/propagate.py:249: in fault_sample
    return sim(**get_sim_call_kwargs(sim, **kwargs))
           ^^^^^^^^^^^^^^^^^^^^^^^^^^^^^^^^^^^^^^^^^
fmdtools/sim/propagate.py:975: in __call__
    rets = super().__call__(**kwargs)
           ^^^^^^^^^^^^^^^^^^^^^^^^^^
_ _ _ _ _ _ _ _ _ _ _ _ _ _ _ _ _ _ _ _ _ _ _ _ _ _ _ _ _ _ _ _ _ _ _ _ _ _ _ _ 

self = MultiEventSimulation of
FaultSample of scenarios: 
 - move_water_mech_break_t12p0
 - move_water_mech_break_t20p0
 - move_water_mech_break_t27p0
 - move_water_mech_break_t34p0
 - move_water_mech_break_t42p0
kwargs = {}

    def __call__(self, **kwargs):
        """Run the sim, save its results (if needed), return its result and history."""
        try:
            self.run(**kwargs)
        except Exception as e:
&gt;           raise Exception("Error simulating "+self.name+" scenario(s)") from e
E           Exception: Error simulating fault sample scenario(s)

fmdtools/sim/propagate.py:482: Exception</failure></testcase><testcase classname="examples.pump.test_pump.PumpTests" name="test_approach_cost_calc" time="0.174"><failure message="Exception: Error simulating fault sample scenario(s)">self = move_water MoveWat
- t=MoveWatTime(time=0.0, timers={'pressure_limit': Timer pressure_limit: mode= standby, time= 0.0}...(flowrate=0.0, pressure=0.0, area=1.0, level=1.0))
- wat_out=Water(s=(flowrate=0.0, pressure=0.0, area=1.0, level=1.0))
time = 0.0, proptype = 'static-once', faults = [], disturbances = {}
inc_at = '', end_of_simulation = False, copy = False

    def __call__(self, time=None, proptype="both", faults=[], disturbances={},
                 inc_at="all", end_of_simulation=False, copy=False):
        """
        Call the Simulable to propagate behavior at a single time-step.
    
        Parameters
        ----------
        time : float/'end'
            Time at which to simulate the Simulable. Default is None, which uses
            self.t.time. If 'end' is provided, will be simulated until the end of
            the simulation (sp.end_time or sp.end_condition)
        proptype : str
            Type of propagation step to update ('static', 'dynamic', or 'both')
        faults : dict/list
            Faults to inject during this propagation step. (to be injected at time.)
            With structure ['fault1', 'fault2'...]
        disturbances : dict
            Variables to change during this propagation step. (to be injected at time.)
            With structure {'var1': value}
        inc_at : bool
            When to increment the history. If "all", increment at each time the sim
            iterates through. If "time", increment only at t==time.
        end_of_simulation : bool
            Whether this is the end of the simulation (and history should be cut).
        copy : bool
            If true, returns a copy of the model just before fault injection and
            stops simulation
        """
        try:
            if time == 'end':
                time = self.sp.end_time
            start_time, end_time = self.t.get_sim_times(time)
            sim_times = self.sp.get_timerange(start_time, end_time)
            for t in sim_times:
                if t == end_time:
                    if copy:
                        return self.copy()
                    if t != self.t.time:  # faults are only injected if not run yet
                        self.set_vars(**disturbances)
                        self.inject_faults(faults)
                self.t.update_time(t)
                if self.t.executing:
                    self.update_stochastic_states()
                    self.update_dynamic_behaviors(proptype=proptype)
&gt;                   self.update_static_behaviors(proptype=proptype)

fmdtools/define/block/base.py:796: 
_ _ _ _ _ _ _ _ _ _ _ _ _ _ _ _ _ _ _ _ _ _ _ _ _ _ _ _ _ _ _ _ _ _ _ _ _ _ _ _ 
fmdtools/define/block/base.py:728: in update_static_behaviors
    self.execute_static_behaviors()
fmdtools/define/block/base.py:734: in execute_static_behaviors
    self.static_behavior()
_ _ _ _ _ _ _ _ _ _ _ _ _ _ _ _ _ _ _ _ _ _ _ _ _ _ _ _ _ _ _ _ _ _ _ _ _ _ _ _ 

self = move_water MoveWat
- t=MoveWatTime(time=0.0, timers={'pressure_limit': Timer pressure_limit: mode= standby, time= 0.0}...(flowrate=0.0, pressure=0.0, area=1.0, level=1.0))
- wat_out=Water(s=(flowrate=0.0, pressure=0.0, area=1.0, level=1.0))

    def static_behavior(self):
        """Define how the function will behave with different faults."""
        self.set_faults()
        if self.m.has_fault('short'):
            self.ee_in.s.current = 500*10/5000*self.sig_in.s.power*self.ee_in.s.voltage
            self.s.eff = 0.0
        elif self.m.has_fault('mech_break'):
            self.ee_in.s.current = 0.2*10/5000*self.sig_in.s.power*self.ee_in.s.voltage
            self.s.eff = 0.0
        else:
            self.ee_in.s.current = 10/5000*self.sig_in.s.power * \
                self.ee_in.s.voltage*min(13.0, self.wat_out.s.pressure)
            # if we wanted to enforce nominall eff state, we would include:
            # self.s.eff = 1.0
    
        velocity = self.sig_in.s.power*self.s.eff * \
            min(1000, self.ee_in.s.voltage)*self.wat_in.s.level
        self.wat_out.s.pressure = 10/500 * velocity/self.wat_out.s.area
        self.wat_out.s.flowrate = 0.3/500 * velocity*self.wat_out.s.area
    
        self.wat_in.s.assign(self.wat_out.s, 'pressure', 'flowrate')
&gt;       print(a)
              ^
E       NameError: name 'a' is not defined

examples/pump/ex_pump.py:436: NameError

The above exception was the direct cause of the following exception:

self = pump Pump
- t=Time(time=0.0, timers={})
- m=Mode(mode='nominal', faults=set(), sub_faults=False)
FLOWS:
- ee_1=Electri...minal', faults=set(), sub_faults=False))
- export_water=ExportWater(m=(mode='nominal', faults=set(), sub_faults=False))
time = 1.0, proptype = 'both', faults = [], disturbances = {}, inc_at = 'all'
end_of_simulation = False, copy = True

    def __call__(self, time=None, proptype="both", faults=[], disturbances={},
                 inc_at="all", end_of_simulation=False, copy=False):
        """
        Call the Simulable to propagate behavior at a single time-step.
    
        Parameters
        ----------
        time : float/'end'
            Time at which to simulate the Simulable. Default is None, which uses
            self.t.time. If 'end' is provided, will be simulated until the end of
            the simulation (sp.end_time or sp.end_condition)
        proptype : str
            Type of propagation step to update ('static', 'dynamic', or 'both')
        faults : dict/list
            Faults to inject during this propagation step. (to be injected at time.)
            With structure ['fault1', 'fault2'...]
        disturbances : dict
            Variables to change during this propagation step. (to be injected at time.)
            With structure {'var1': value}
        inc_at : bool
            When to increment the history. If "all", increment at each time the sim
            iterates through. If "time", increment only at t==time.
        end_of_simulation : bool
            Whether this is the end of the simulation (and history should be cut).
        copy : bool
            If true, returns a copy of the model just before fault injection and
            stops simulation
        """
        try:
            if time == 'end':
                time = self.sp.end_time
            start_time, end_time = self.t.get_sim_times(time)
            sim_times = self.sp.get_timerange(start_time, end_time)
            for t in sim_times:
                if t == end_time:
                    if copy:
                        return self.copy()
                    if t != self.t.time:  # faults are only injected if not run yet
                        self.set_vars(**disturbances)
                        self.inject_faults(faults)
                self.t.update_time(t)
                if self.t.executing:
                    self.update_stochastic_states()
                    self.update_dynamic_behaviors(proptype=proptype)
&gt;                   self.update_static_behaviors(proptype=proptype)

fmdtools/define/block/base.py:796: 
_ _ _ _ _ _ _ _ _ _ _ _ _ _ _ _ _ _ _ _ _ _ _ _ _ _ _ _ _ _ _ _ _ _ _ _ _ _ _ _ 
fmdtools/define/block/base.py:724: in update_static_behaviors
    self.execute_static_behaviors()
fmdtools/define/block/base.py:732: in execute_static_behaviors
    self.update_arch_behaviors("static")
fmdtools/define/architecture/base.py:163: in update_arch_behaviors
    self.prop_static()
fmdtools/define/architecture/base.py:203: in prop_static
    sim(time=self.t.time, proptype='static-once', inc_at="")
_ _ _ _ _ _ _ _ _ _ _ _ _ _ _ _ _ _ _ _ _ _ _ _ _ _ _ _ _ _ _ _ _ _ _ _ _ _ _ _ 

self = move_water MoveWat
- t=MoveWatTime(time=0.0, timers={'pressure_limit': Timer pressure_limit: mode= standby, time= 0.0}...(flowrate=0.0, pressure=0.0, area=1.0, level=1.0))
- wat_out=Water(s=(flowrate=0.0, pressure=0.0, area=1.0, level=1.0))
time = 0.0, proptype = 'static-once', faults = [], disturbances = {}
inc_at = '', end_of_simulation = False, copy = False

    def __call__(self, time=None, proptype="both", faults=[], disturbances={},
                 inc_at="all", end_of_simulation=False, copy=False):
        """
        Call the Simulable to propagate behavior at a single time-step.
    
        Parameters
        ----------
        time : float/'end'
            Time at which to simulate the Simulable. Default is None, which uses
            self.t.time. If 'end' is provided, will be simulated until the end of
            the simulation (sp.end_time or sp.end_condition)
        proptype : str
            Type of propagation step to update ('static', 'dynamic', or 'both')
        faults : dict/list
            Faults to inject during this propagation step. (to be injected at time.)
            With structure ['fault1', 'fault2'...]
        disturbances : dict
            Variables to change during this propagation step. (to be injected at time.)
            With structure {'var1': value}
        inc_at : bool
            When to increment the history. If "all", increment at each time the sim
            iterates through. If "time", increment only at t==time.
        end_of_simulation : bool
            Whether this is the end of the simulation (and history should be cut).
        copy : bool
            If true, returns a copy of the model just before fault injection and
            stops simulation
        """
        try:
            if time == 'end':
                time = self.sp.end_time
            start_time, end_time = self.t.get_sim_times(time)
            sim_times = self.sp.get_timerange(start_time, end_time)
            for t in sim_times:
                if t == end_time:
                    if copy:
                        return self.copy()
                    if t != self.t.time:  # faults are only injected if not run yet
                        self.set_vars(**disturbances)
                        self.inject_faults(faults)
                self.t.update_time(t)
                if self.t.executing:
                    self.update_stochastic_states()
                    self.update_dynamic_behaviors(proptype=proptype)
                    self.update_static_behaviors(proptype=proptype)
                    self.set_sub_faults()
                    if inc_at == "all" or (inc_at == "time" and t == time):
                        self.inc_sim_time()
                        self.h.log(self, self.t.t_ind, self.t.time)
                    if self.sp.end_condition:
                        if get_var(self, self.sp.end_condition)():
                            break
    
            if end_of_simulation:
                self.cut_hist()
        except Exception as e:
&gt;           raise Exception("Error simulating " + self.name +
                            " of class " + self.__class__.__name__ +
                            " at time=" + str(self.t.time)) from e
E           Exception: Error simulating move_water of class MoveWat at time=0.0

fmdtools/define/block/base.py:808: Exception

The above exception was the direct cause of the following exception:

self = Simulation with SimEvents:
- 0.0=SimEvent(copy=True, simulated=True)
- 1.0=SimEvent(copy=True)
- 2.0=SimEvent(copy=Tru...0=SimEvent(copy=True)
- 12.0=SimEvent(copy=True)
- 13.0=SimEvent(copy=True)
- 14.0=SimEvent(copy=True)
- ...(57 total)

kwargs = {}

    def __call__(self, **kwargs):
        """Run the sim, save its results (if needed), return its result and history."""
        try:
&gt;           self.run(**kwargs)

fmdtools/sim/propagate.py:480: 
_ _ _ _ _ _ _ _ _ _ _ _ _ _ _ _ _ _ _ _ _ _ _ _ _ _ _ _ _ _ _ _ _ _ _ _ _ _ _ _ 
fmdtools/sim/propagate.py:632: in run
    simevent.run(self.mdl, scen=self.scen, **kwargs)
fmdtools/sim/propagate.py:395: in run
    self.mdl_copy = mdl(time=self.time, **kwar, copy=True)
                    ^^^^^^^^^^^^^^^^^^^^^^^^^^^^^^^^^^^^^^
_ _ _ _ _ _ _ _ _ _ _ _ _ _ _ _ _ _ _ _ _ _ _ _ _ _ _ _ _ _ _ _ _ _ _ _ _ _ _ _ 

self = pump Pump
- t=Time(time=0.0, timers={})
- m=Mode(mode='nominal', faults=set(), sub_faults=False)
FLOWS:
- ee_1=Electri...minal', faults=set(), sub_faults=False))
- export_water=ExportWater(m=(mode='nominal', faults=set(), sub_faults=False))
time = 1.0, proptype = 'both', faults = [], disturbances = {}, inc_at = 'all'
end_of_simulation = False, copy = True

    def __call__(self, time=None, proptype="both", faults=[], disturbances={},
                 inc_at="all", end_of_simulation=False, copy=False):
        """
        Call the Simulable to propagate behavior at a single time-step.
    
        Parameters
        ----------
        time : float/'end'
            Time at which to simulate the Simulable. Default is None, which uses
            self.t.time. If 'end' is provided, will be simulated until the end of
            the simulation (sp.end_time or sp.end_condition)
        proptype : str
            Type of propagation step to update ('static', 'dynamic', or 'both')
        faults : dict/list
            Faults to inject during this propagation step. (to be injected at time.)
            With structure ['fault1', 'fault2'...]
        disturbances : dict
            Variables to change during this propagation step. (to be injected at time.)
            With structure {'var1': value}
        inc_at : bool
            When to increment the history. If "all", increment at each time the sim
            iterates through. If "time", increment only at t==time.
        end_of_simulation : bool
            Whether this is the end of the simulation (and history should be cut).
        copy : bool
            If true, returns a copy of the model just before fault injection and
            stops simulation
        """
        try:
            if time == 'end':
                time = self.sp.end_time
            start_time, end_time = self.t.get_sim_times(time)
            sim_times = self.sp.get_timerange(start_time, end_time)
            for t in sim_times:
                if t == end_time:
                    if copy:
                        return self.copy()
                    if t != self.t.time:  # faults are only injected if not run yet
                        self.set_vars(**disturbances)
                        self.inject_faults(faults)
                self.t.update_time(t)
                if self.t.executing:
                    self.update_stochastic_states()
                    self.update_dynamic_behaviors(proptype=proptype)
                    self.update_static_behaviors(proptype=proptype)
                    self.set_sub_faults()
                    if inc_at == "all" or (inc_at == "time" and t == time):
                        self.inc_sim_time()
                        self.h.log(self, self.t.t_ind, self.t.time)
                    if self.sp.end_condition:
                        if get_var(self, self.sp.end_condition)():
                            break
    
            if end_of_simulation:
                self.cut_hist()
        except Exception as e:
&gt;           raise Exception("Error simulating " + self.name +
                            " of class " + self.__class__.__name__ +
                            " at time=" + str(self.t.time)) from e
E           Exception: Error simulating pump of class Pump at time=0.0

fmdtools/define/block/base.py:808: Exception

The above exception was the direct cause of the following exception:

self = MultiEventSimulation of
FaultSample of scenarios: 
 - pump_fxns_import_ee_inf_v_t0p0
 - pump_fxns_import_ee_inf_v_t1p0...0
 - pump_fxns_import_ee_no_v_t2p0
 - pump_fxns_import_ee_no_v_t3p0
 - pump_fxns_import_ee_no_v_t4p0
 - ... (448 total)
kwargs = {}

    def __call__(self, **kwargs):
        """Run the sim, save its results (if needed), return its result and history."""
        try:
&gt;           self.run(**kwargs)

fmdtools/sim/propagate.py:480: 
_ _ _ _ _ _ _ _ _ _ _ _ _ _ _ _ _ _ _ _ _ _ _ _ _ _ _ _ _ _ _ _ _ _ _ _ _ _ _ _ 
fmdtools/sim/propagate.py:1023: in run
    self.run_nom(with_copy=True)
fmdtools/sim/propagate.py:1008: in run_nom
    outs = nomsim(**sim_kwar)
           ^^^^^^^^^^^^^^^^^^
fmdtools/sim/propagate.py:620: in __call__
    res, hist = super().__call__(**kwargs)
                ^^^^^^^^^^^^^^^^^^^^^^^^^^
_ _ _ _ _ _ _ _ _ _ _ _ _ _ _ _ _ _ _ _ _ _ _ _ _ _ _ _ _ _ _ _ _ _ _ _ _ _ _ _ 

self = Simulation with SimEvents:
- 0.0=SimEvent(copy=True, simulated=True)
- 1.0=SimEvent(copy=True)
- 2.0=SimEvent(copy=Tru...0=SimEvent(copy=True)
- 12.0=SimEvent(copy=True)
- 13.0=SimEvent(copy=True)
- 14.0=SimEvent(copy=True)
- ...(57 total)

kwargs = {}

    def __call__(self, **kwargs):
        """Run the sim, save its results (if needed), return its result and history."""
        try:
            self.run(**kwargs)
        except Exception as e:
&gt;           raise Exception("Error simulating "+self.name+" scenario(s)") from e
E           Exception: Error simulating nominal scenario(s)

fmdtools/sim/propagate.py:482: Exception

The above exception was the direct cause of the following exception:

self = &lt;examples.pump.test_pump.PumpTests testMethod=test_approach_cost_calc&gt;

    def test_approach_cost_calc(self):
        """Test that the (linear) resilience loss function is perfectly approximated
        using the given sampling methods"""
        mdl = Pump(p={'cost': ('ee', 'repair', 'water'), 'delay': 0})
        fs_full = FaultSample(self.fd)
        fs_full.add_fault_phases(method='all')
&gt;       full_util = exp_cost_quant(fs_full, mdl)
                    ^^^^^^^^^^^^^^^^^^^^^^^^^^^^

examples/pump/test_pump.py:149: 
_ _ _ _ _ _ _ _ _ _ _ _ _ _ _ _ _ _ _ _ _ _ _ _ _ _ _ _ _ _ _ _ _ _ _ _ _ _ _ _ 
examples/pump/test_pump.py:305: in exp_cost_quant
    result, mdlhists = prop.fault_sample(mdl, fs, showprogress=False)
                       ^^^^^^^^^^^^^^^^^^^^^^^^^^^^^^^^^^^^^^^^^^^^^^
fmdtools/sim/propagate.py:249: in fault_sample
    return sim(**get_sim_call_kwargs(sim, **kwargs))
           ^^^^^^^^^^^^^^^^^^^^^^^^^^^^^^^^^^^^^^^^^
fmdtools/sim/propagate.py:975: in __call__
    rets = super().__call__(**kwargs)
           ^^^^^^^^^^^^^^^^^^^^^^^^^^
_ _ _ _ _ _ _ _ _ _ _ _ _ _ _ _ _ _ _ _ _ _ _ _ _ _ _ _ _ _ _ _ _ _ _ _ _ _ _ _ 

self = MultiEventSimulation of
FaultSample of scenarios: 
 - pump_fxns_import_ee_inf_v_t0p0
 - pump_fxns_import_ee_inf_v_t1p0...0
 - pump_fxns_import_ee_no_v_t2p0
 - pump_fxns_import_ee_no_v_t3p0
 - pump_fxns_import_ee_no_v_t4p0
 - ... (448 total)
kwargs = {}

    def __call__(self, **kwargs):
        """Run the sim, save its results (if needed), return its result and history."""
        try:
            self.run(**kwargs)
        except Exception as e:
&gt;           raise Exception("Error simulating "+self.name+" scenario(s)") from e
E           Exception: Error simulating fault sample scenario(s)

fmdtools/sim/propagate.py:482: Exception</failure></testcase><testcase classname="examples.pump.test_pump.PumpTests" name="test_approach_parallelism" time="0.050"><failure message="Exception: Error simulating fault sample scenario(s)">self = move_water MoveWat
- t=MoveWatTime(time=0.0, timers={'pressure_limit': Timer pressure_limit: mode= standby, time= 0.0}...(flowrate=0.0, pressure=0.0, area=1.0, level=1.0))
- wat_out=Water(s=(flowrate=0.0, pressure=0.0, area=1.0, level=1.0))
time = 0.0, proptype = 'static-once', faults = [], disturbances = {}
inc_at = '', end_of_simulation = False, copy = False

    def __call__(self, time=None, proptype="both", faults=[], disturbances={},
                 inc_at="all", end_of_simulation=False, copy=False):
        """
        Call the Simulable to propagate behavior at a single time-step.
    
        Parameters
        ----------
        time : float/'end'
            Time at which to simulate the Simulable. Default is None, which uses
            self.t.time. If 'end' is provided, will be simulated until the end of
            the simulation (sp.end_time or sp.end_condition)
        proptype : str
            Type of propagation step to update ('static', 'dynamic', or 'both')
        faults : dict/list
            Faults to inject during this propagation step. (to be injected at time.)
            With structure ['fault1', 'fault2'...]
        disturbances : dict
            Variables to change during this propagation step. (to be injected at time.)
            With structure {'var1': value}
        inc_at : bool
            When to increment the history. If "all", increment at each time the sim
            iterates through. If "time", increment only at t==time.
        end_of_simulation : bool
            Whether this is the end of the simulation (and history should be cut).
        copy : bool
            If true, returns a copy of the model just before fault injection and
            stops simulation
        """
        try:
            if time == 'end':
                time = self.sp.end_time
            start_time, end_time = self.t.get_sim_times(time)
            sim_times = self.sp.get_timerange(start_time, end_time)
            for t in sim_times:
                if t == end_time:
                    if copy:
                        return self.copy()
                    if t != self.t.time:  # faults are only injected if not run yet
                        self.set_vars(**disturbances)
                        self.inject_faults(faults)
                self.t.update_time(t)
                if self.t.executing:
                    self.update_stochastic_states()
                    self.update_dynamic_behaviors(proptype=proptype)
&gt;                   self.update_static_behaviors(proptype=proptype)

fmdtools/define/block/base.py:796: 
_ _ _ _ _ _ _ _ _ _ _ _ _ _ _ _ _ _ _ _ _ _ _ _ _ _ _ _ _ _ _ _ _ _ _ _ _ _ _ _ 
fmdtools/define/block/base.py:728: in update_static_behaviors
    self.execute_static_behaviors()
fmdtools/define/block/base.py:734: in execute_static_behaviors
    self.static_behavior()
_ _ _ _ _ _ _ _ _ _ _ _ _ _ _ _ _ _ _ _ _ _ _ _ _ _ _ _ _ _ _ _ _ _ _ _ _ _ _ _ 

self = move_water MoveWat
- t=MoveWatTime(time=0.0, timers={'pressure_limit': Timer pressure_limit: mode= standby, time= 0.0}...(flowrate=0.0, pressure=0.0, area=1.0, level=1.0))
- wat_out=Water(s=(flowrate=0.0, pressure=0.0, area=1.0, level=1.0))

    def static_behavior(self):
        """Define how the function will behave with different faults."""
        self.set_faults()
        if self.m.has_fault('short'):
            self.ee_in.s.current = 500*10/5000*self.sig_in.s.power*self.ee_in.s.voltage
            self.s.eff = 0.0
        elif self.m.has_fault('mech_break'):
            self.ee_in.s.current = 0.2*10/5000*self.sig_in.s.power*self.ee_in.s.voltage
            self.s.eff = 0.0
        else:
            self.ee_in.s.current = 10/5000*self.sig_in.s.power * \
                self.ee_in.s.voltage*min(13.0, self.wat_out.s.pressure)
            # if we wanted to enforce nominall eff state, we would include:
            # self.s.eff = 1.0
    
        velocity = self.sig_in.s.power*self.s.eff * \
            min(1000, self.ee_in.s.voltage)*self.wat_in.s.level
        self.wat_out.s.pressure = 10/500 * velocity/self.wat_out.s.area
        self.wat_out.s.flowrate = 0.3/500 * velocity*self.wat_out.s.area
    
        self.wat_in.s.assign(self.wat_out.s, 'pressure', 'flowrate')
&gt;       print(a)
              ^
E       NameError: name 'a' is not defined

examples/pump/ex_pump.py:436: NameError

The above exception was the direct cause of the following exception:

self = pump Pump
- t=Time(time=0.0, timers={})
- m=Mode(mode='nominal', faults=set(), sub_faults=False)
FLOWS:
- ee_1=Electri...minal', faults=set(), sub_faults=False))
- export_water=ExportWater(m=(mode='nominal', faults=set(), sub_faults=False))
time = 2.0, proptype = 'both', faults = [], disturbances = {}, inc_at = 'all'
end_of_simulation = False, copy = True

    def __call__(self, time=None, proptype="both", faults=[], disturbances={},
                 inc_at="all", end_of_simulation=False, copy=False):
        """
        Call the Simulable to propagate behavior at a single time-step.
    
        Parameters
        ----------
        time : float/'end'
            Time at which to simulate the Simulable. Default is None, which uses
            self.t.time. If 'end' is provided, will be simulated until the end of
            the simulation (sp.end_time or sp.end_condition)
        proptype : str
            Type of propagation step to update ('static', 'dynamic', or 'both')
        faults : dict/list
            Faults to inject during this propagation step. (to be injected at time.)
            With structure ['fault1', 'fault2'...]
        disturbances : dict
            Variables to change during this propagation step. (to be injected at time.)
            With structure {'var1': value}
        inc_at : bool
            When to increment the history. If "all", increment at each time the sim
            iterates through. If "time", increment only at t==time.
        end_of_simulation : bool
            Whether this is the end of the simulation (and history should be cut).
        copy : bool
            If true, returns a copy of the model just before fault injection and
            stops simulation
        """
        try:
            if time == 'end':
                time = self.sp.end_time
            start_time, end_time = self.t.get_sim_times(time)
            sim_times = self.sp.get_timerange(start_time, end_time)
            for t in sim_times:
                if t == end_time:
                    if copy:
                        return self.copy()
                    if t != self.t.time:  # faults are only injected if not run yet
                        self.set_vars(**disturbances)
                        self.inject_faults(faults)
                self.t.update_time(t)
                if self.t.executing:
                    self.update_stochastic_states()
                    self.update_dynamic_behaviors(proptype=proptype)
&gt;                   self.update_static_behaviors(proptype=proptype)

fmdtools/define/block/base.py:796: 
_ _ _ _ _ _ _ _ _ _ _ _ _ _ _ _ _ _ _ _ _ _ _ _ _ _ _ _ _ _ _ _ _ _ _ _ _ _ _ _ 
fmdtools/define/block/base.py:724: in update_static_behaviors
    self.execute_static_behaviors()
fmdtools/define/block/base.py:732: in execute_static_behaviors
    self.update_arch_behaviors("static")
fmdtools/define/architecture/base.py:163: in update_arch_behaviors
    self.prop_static()
fmdtools/define/architecture/base.py:203: in prop_static
    sim(time=self.t.time, proptype='static-once', inc_at="")
_ _ _ _ _ _ _ _ _ _ _ _ _ _ _ _ _ _ _ _ _ _ _ _ _ _ _ _ _ _ _ _ _ _ _ _ _ _ _ _ 

self = move_water MoveWat
- t=MoveWatTime(time=0.0, timers={'pressure_limit': Timer pressure_limit: mode= standby, time= 0.0}...(flowrate=0.0, pressure=0.0, area=1.0, level=1.0))
- wat_out=Water(s=(flowrate=0.0, pressure=0.0, area=1.0, level=1.0))
time = 0.0, proptype = 'static-once', faults = [], disturbances = {}
inc_at = '', end_of_simulation = False, copy = False

    def __call__(self, time=None, proptype="both", faults=[], disturbances={},
                 inc_at="all", end_of_simulation=False, copy=False):
        """
        Call the Simulable to propagate behavior at a single time-step.
    
        Parameters
        ----------
        time : float/'end'
            Time at which to simulate the Simulable. Default is None, which uses
            self.t.time. If 'end' is provided, will be simulated until the end of
            the simulation (sp.end_time or sp.end_condition)
        proptype : str
            Type of propagation step to update ('static', 'dynamic', or 'both')
        faults : dict/list
            Faults to inject during this propagation step. (to be injected at time.)
            With structure ['fault1', 'fault2'...]
        disturbances : dict
            Variables to change during this propagation step. (to be injected at time.)
            With structure {'var1': value}
        inc_at : bool
            When to increment the history. If "all", increment at each time the sim
            iterates through. If "time", increment only at t==time.
        end_of_simulation : bool
            Whether this is the end of the simulation (and history should be cut).
        copy : bool
            If true, returns a copy of the model just before fault injection and
            stops simulation
        """
        try:
            if time == 'end':
                time = self.sp.end_time
            start_time, end_time = self.t.get_sim_times(time)
            sim_times = self.sp.get_timerange(start_time, end_time)
            for t in sim_times:
                if t == end_time:
                    if copy:
                        return self.copy()
                    if t != self.t.time:  # faults are only injected if not run yet
                        self.set_vars(**disturbances)
                        self.inject_faults(faults)
                self.t.update_time(t)
                if self.t.executing:
                    self.update_stochastic_states()
                    self.update_dynamic_behaviors(proptype=proptype)
                    self.update_static_behaviors(proptype=proptype)
                    self.set_sub_faults()
                    if inc_at == "all" or (inc_at == "time" and t == time):
                        self.inc_sim_time()
                        self.h.log(self, self.t.t_ind, self.t.time)
                    if self.sp.end_condition:
                        if get_var(self, self.sp.end_condition)():
                            break
    
            if end_of_simulation:
                self.cut_hist()
        except Exception as e:
&gt;           raise Exception("Error simulating " + self.name +
                            " of class " + self.__class__.__name__ +
                            " at time=" + str(self.t.time)) from e
E           Exception: Error simulating move_water of class MoveWat at time=0.0

fmdtools/define/block/base.py:808: Exception

The above exception was the direct cause of the following exception:

self = Simulation with SimEvents:
- 2.0=SimEvent(copy=True)
- 27.0=SimEvent(copy=True)
- 52.0=SimEvent(copy=True)
- end=SimEvent(to_return={'classify': None})
kwargs = {}

    def __call__(self, **kwargs):
        """Run the sim, save its results (if needed), return its result and history."""
        try:
&gt;           self.run(**kwargs)

fmdtools/sim/propagate.py:480: 
_ _ _ _ _ _ _ _ _ _ _ _ _ _ _ _ _ _ _ _ _ _ _ _ _ _ _ _ _ _ _ _ _ _ _ _ _ _ _ _ 
fmdtools/sim/propagate.py:632: in run
    simevent.run(self.mdl, scen=self.scen, **kwargs)
fmdtools/sim/propagate.py:395: in run
    self.mdl_copy = mdl(time=self.time, **kwar, copy=True)
                    ^^^^^^^^^^^^^^^^^^^^^^^^^^^^^^^^^^^^^^
_ _ _ _ _ _ _ _ _ _ _ _ _ _ _ _ _ _ _ _ _ _ _ _ _ _ _ _ _ _ _ _ _ _ _ _ _ _ _ _ 

self = pump Pump
- t=Time(time=0.0, timers={})
- m=Mode(mode='nominal', faults=set(), sub_faults=False)
FLOWS:
- ee_1=Electri...minal', faults=set(), sub_faults=False))
- export_water=ExportWater(m=(mode='nominal', faults=set(), sub_faults=False))
time = 2.0, proptype = 'both', faults = [], disturbances = {}, inc_at = 'all'
end_of_simulation = False, copy = True

    def __call__(self, time=None, proptype="both", faults=[], disturbances={},
                 inc_at="all", end_of_simulation=False, copy=False):
        """
        Call the Simulable to propagate behavior at a single time-step.
    
        Parameters
        ----------
        time : float/'end'
            Time at which to simulate the Simulable. Default is None, which uses
            self.t.time. If 'end' is provided, will be simulated until the end of
            the simulation (sp.end_time or sp.end_condition)
        proptype : str
            Type of propagation step to update ('static', 'dynamic', or 'both')
        faults : dict/list
            Faults to inject during this propagation step. (to be injected at time.)
            With structure ['fault1', 'fault2'...]
        disturbances : dict
            Variables to change during this propagation step. (to be injected at time.)
            With structure {'var1': value}
        inc_at : bool
            When to increment the history. If "all", increment at each time the sim
            iterates through. If "time", increment only at t==time.
        end_of_simulation : bool
            Whether this is the end of the simulation (and history should be cut).
        copy : bool
            If true, returns a copy of the model just before fault injection and
            stops simulation
        """
        try:
            if time == 'end':
                time = self.sp.end_time
            start_time, end_time = self.t.get_sim_times(time)
            sim_times = self.sp.get_timerange(start_time, end_time)
            for t in sim_times:
                if t == end_time:
                    if copy:
                        return self.copy()
                    if t != self.t.time:  # faults are only injected if not run yet
                        self.set_vars(**disturbances)
                        self.inject_faults(faults)
                self.t.update_time(t)
                if self.t.executing:
                    self.update_stochastic_states()
                    self.update_dynamic_behaviors(proptype=proptype)
                    self.update_static_behaviors(proptype=proptype)
                    self.set_sub_faults()
                    if inc_at == "all" or (inc_at == "time" and t == time):
                        self.inc_sim_time()
                        self.h.log(self, self.t.t_ind, self.t.time)
                    if self.sp.end_condition:
                        if get_var(self, self.sp.end_condition)():
                            break
    
            if end_of_simulation:
                self.cut_hist()
        except Exception as e:
&gt;           raise Exception("Error simulating " + self.name +
                            " of class " + self.__class__.__name__ +
                            " at time=" + str(self.t.time)) from e
E           Exception: Error simulating pump of class Pump at time=0.0

fmdtools/define/block/base.py:808: Exception

The above exception was the direct cause of the following exception:

self = MultiEventSimulation of
FaultSample of scenarios: 
 - pump_fxns_import_ee_inf_v_t2p0
 - pump_fxns_import_ee_no_v_t2p0
...ump_fxns_export_water_block_t2p0
 - pump_fxns_import_ee_inf_v_t27p0
 - pump_fxns_import_ee_no_v_t27p0
 - ... (24 total)
kwargs = {}

    def __call__(self, **kwargs):
        """Run the sim, save its results (if needed), return its result and history."""
        try:
&gt;           self.run(**kwargs)

fmdtools/sim/propagate.py:480: 
_ _ _ _ _ _ _ _ _ _ _ _ _ _ _ _ _ _ _ _ _ _ _ _ _ _ _ _ _ _ _ _ _ _ _ _ _ _ _ _ 
fmdtools/sim/propagate.py:1023: in run
    self.run_nom(with_copy=True)
fmdtools/sim/propagate.py:1008: in run_nom
    outs = nomsim(**sim_kwar)
           ^^^^^^^^^^^^^^^^^^
fmdtools/sim/propagate.py:620: in __call__
    res, hist = super().__call__(**kwargs)
                ^^^^^^^^^^^^^^^^^^^^^^^^^^
_ _ _ _ _ _ _ _ _ _ _ _ _ _ _ _ _ _ _ _ _ _ _ _ _ _ _ _ _ _ _ _ _ _ _ _ _ _ _ _ 

self = Simulation with SimEvents:
- 2.0=SimEvent(copy=True)
- 27.0=SimEvent(copy=True)
- 52.0=SimEvent(copy=True)
- end=SimEvent(to_return={'classify': None})
kwargs = {}

    def __call__(self, **kwargs):
        """Run the sim, save its results (if needed), return its result and history."""
        try:
            self.run(**kwargs)
        except Exception as e:
&gt;           raise Exception("Error simulating "+self.name+" scenario(s)") from e
E           Exception: Error simulating nominal scenario(s)

fmdtools/sim/propagate.py:482: Exception

The above exception was the direct cause of the following exception:

self = &lt;examples.pump.test_pump.PumpTests testMethod=test_approach_parallelism&gt;

    def test_approach_parallelism(self):
        """Test whether the pump simulates the same when simulated using parallel or
        staged options"""
&gt;       self.check_fs_parallel(self.default_mdl, self.fs)

examples/pump/test_pump.py:170: 
_ _ _ _ _ _ _ _ _ _ _ _ _ _ _ _ _ _ _ _ _ _ _ _ _ _ _ _ _ _ _ _ _ _ _ _ _ _ _ _ 
tests/common.py:83: in check_fs_parallel
    res, hist = prop.fault_sample(mdl, fs, showprogress=False, pool=False,
fmdtools/sim/propagate.py:249: in fault_sample
    return sim(**get_sim_call_kwargs(sim, **kwargs))
           ^^^^^^^^^^^^^^^^^^^^^^^^^^^^^^^^^^^^^^^^^
fmdtools/sim/propagate.py:975: in __call__
    rets = super().__call__(**kwargs)
           ^^^^^^^^^^^^^^^^^^^^^^^^^^
_ _ _ _ _ _ _ _ _ _ _ _ _ _ _ _ _ _ _ _ _ _ _ _ _ _ _ _ _ _ _ _ _ _ _ _ _ _ _ _ 

self = MultiEventSimulation of
FaultSample of scenarios: 
 - pump_fxns_import_ee_inf_v_t2p0
 - pump_fxns_import_ee_no_v_t2p0
...ump_fxns_export_water_block_t2p0
 - pump_fxns_import_ee_inf_v_t27p0
 - pump_fxns_import_ee_no_v_t27p0
 - ... (24 total)
kwargs = {}

    def __call__(self, **kwargs):
        """Run the sim, save its results (if needed), return its result and history."""
        try:
            self.run(**kwargs)
        except Exception as e:
&gt;           raise Exception("Error simulating "+self.name+" scenario(s)") from e
E           Exception: Error simulating fault sample scenario(s)

fmdtools/sim/propagate.py:482: Exception</failure></testcase><testcase classname="examples.pump.test_pump.PumpTests" name="test_dynamic_prop_values" time="0.061"><failure message="Exception: Error simulating ('move_water', 'mech_break') scenario(s)">self = move_water MoveWat
- t=MoveWatTime(time=0.0, timers={'pressure_limit': Timer pressure_limit: mode= standby, time= 0.0}...(flowrate=0.0, pressure=0.0, area=1.0, level=1.0))
- wat_out=Water(s=(flowrate=0.0, pressure=0.0, area=1.0, level=1.0))
time = 0.0, proptype = 'static-once', faults = [], disturbances = {}
inc_at = '', end_of_simulation = False, copy = False

    def __call__(self, time=None, proptype="both", faults=[], disturbances={},
                 inc_at="all", end_of_simulation=False, copy=False):
        """
        Call the Simulable to propagate behavior at a single time-step.
    
        Parameters
        ----------
        time : float/'end'
            Time at which to simulate the Simulable. Default is None, which uses
            self.t.time. If 'end' is provided, will be simulated until the end of
            the simulation (sp.end_time or sp.end_condition)
        proptype : str
            Type of propagation step to update ('static', 'dynamic', or 'both')
        faults : dict/list
            Faults to inject during this propagation step. (to be injected at time.)
            With structure ['fault1', 'fault2'...]
        disturbances : dict
            Variables to change during this propagation step. (to be injected at time.)
            With structure {'var1': value}
        inc_at : bool
            When to increment the history. If "all", increment at each time the sim
            iterates through. If "time", increment only at t==time.
        end_of_simulation : bool
            Whether this is the end of the simulation (and history should be cut).
        copy : bool
            If true, returns a copy of the model just before fault injection and
            stops simulation
        """
        try:
            if time == 'end':
                time = self.sp.end_time
            start_time, end_time = self.t.get_sim_times(time)
            sim_times = self.sp.get_timerange(start_time, end_time)
            for t in sim_times:
                if t == end_time:
                    if copy:
                        return self.copy()
                    if t != self.t.time:  # faults are only injected if not run yet
                        self.set_vars(**disturbances)
                        self.inject_faults(faults)
                self.t.update_time(t)
                if self.t.executing:
                    self.update_stochastic_states()
                    self.update_dynamic_behaviors(proptype=proptype)
&gt;                   self.update_static_behaviors(proptype=proptype)

fmdtools/define/block/base.py:796: 
_ _ _ _ _ _ _ _ _ _ _ _ _ _ _ _ _ _ _ _ _ _ _ _ _ _ _ _ _ _ _ _ _ _ _ _ _ _ _ _ 
fmdtools/define/block/base.py:728: in update_static_behaviors
    self.execute_static_behaviors()
fmdtools/define/block/base.py:734: in execute_static_behaviors
    self.static_behavior()
_ _ _ _ _ _ _ _ _ _ _ _ _ _ _ _ _ _ _ _ _ _ _ _ _ _ _ _ _ _ _ _ _ _ _ _ _ _ _ _ 

self = move_water MoveWat
- t=MoveWatTime(time=0.0, timers={'pressure_limit': Timer pressure_limit: mode= standby, time= 0.0}...(flowrate=0.0, pressure=0.0, area=1.0, level=1.0))
- wat_out=Water(s=(flowrate=0.0, pressure=0.0, area=1.0, level=1.0))

    def static_behavior(self):
        """Define how the function will behave with different faults."""
        self.set_faults()
        if self.m.has_fault('short'):
            self.ee_in.s.current = 500*10/5000*self.sig_in.s.power*self.ee_in.s.voltage
            self.s.eff = 0.0
        elif self.m.has_fault('mech_break'):
            self.ee_in.s.current = 0.2*10/5000*self.sig_in.s.power*self.ee_in.s.voltage
            self.s.eff = 0.0
        else:
            self.ee_in.s.current = 10/5000*self.sig_in.s.power * \
                self.ee_in.s.voltage*min(13.0, self.wat_out.s.pressure)
            # if we wanted to enforce nominall eff state, we would include:
            # self.s.eff = 1.0
    
        velocity = self.sig_in.s.power*self.s.eff * \
            min(1000, self.ee_in.s.voltage)*self.wat_in.s.level
        self.wat_out.s.pressure = 10/500 * velocity/self.wat_out.s.area
        self.wat_out.s.flowrate = 0.3/500 * velocity*self.wat_out.s.area
    
        self.wat_in.s.assign(self.wat_out.s, 'pressure', 'flowrate')
&gt;       print(a)
              ^
E       NameError: name 'a' is not defined

examples/pump/ex_pump.py:436: NameError

The above exception was the direct cause of the following exception:

self = pump Pump
- t=Time(time=0.0, timers={})
- m=Mode(mode='nominal', faults=set(), sub_faults=False)
FLOWS:
- ee_1=Electri...minal', faults=set(), sub_faults=False))
- export_water=ExportWater(m=(mode='nominal', faults=set(), sub_faults=False))
time = 10.0, proptype = 'both', faults = [], disturbances = {}, inc_at = 'all'
end_of_simulation = False, copy = True

    def __call__(self, time=None, proptype="both", faults=[], disturbances={},
                 inc_at="all", end_of_simulation=False, copy=False):
        """
        Call the Simulable to propagate behavior at a single time-step.
    
        Parameters
        ----------
        time : float/'end'
            Time at which to simulate the Simulable. Default is None, which uses
            self.t.time. If 'end' is provided, will be simulated until the end of
            the simulation (sp.end_time or sp.end_condition)
        proptype : str
            Type of propagation step to update ('static', 'dynamic', or 'both')
        faults : dict/list
            Faults to inject during this propagation step. (to be injected at time.)
            With structure ['fault1', 'fault2'...]
        disturbances : dict
            Variables to change during this propagation step. (to be injected at time.)
            With structure {'var1': value}
        inc_at : bool
            When to increment the history. If "all", increment at each time the sim
            iterates through. If "time", increment only at t==time.
        end_of_simulation : bool
            Whether this is the end of the simulation (and history should be cut).
        copy : bool
            If true, returns a copy of the model just before fault injection and
            stops simulation
        """
        try:
            if time == 'end':
                time = self.sp.end_time
            start_time, end_time = self.t.get_sim_times(time)
            sim_times = self.sp.get_timerange(start_time, end_time)
            for t in sim_times:
                if t == end_time:
                    if copy:
                        return self.copy()
                    if t != self.t.time:  # faults are only injected if not run yet
                        self.set_vars(**disturbances)
                        self.inject_faults(faults)
                self.t.update_time(t)
                if self.t.executing:
                    self.update_stochastic_states()
                    self.update_dynamic_behaviors(proptype=proptype)
&gt;                   self.update_static_behaviors(proptype=proptype)

fmdtools/define/block/base.py:796: 
_ _ _ _ _ _ _ _ _ _ _ _ _ _ _ _ _ _ _ _ _ _ _ _ _ _ _ _ _ _ _ _ _ _ _ _ _ _ _ _ 
fmdtools/define/block/base.py:724: in update_static_behaviors
    self.execute_static_behaviors()
fmdtools/define/block/base.py:732: in execute_static_behaviors
    self.update_arch_behaviors("static")
fmdtools/define/architecture/base.py:163: in update_arch_behaviors
    self.prop_static()
fmdtools/define/architecture/base.py:203: in prop_static
    sim(time=self.t.time, proptype='static-once', inc_at="")
_ _ _ _ _ _ _ _ _ _ _ _ _ _ _ _ _ _ _ _ _ _ _ _ _ _ _ _ _ _ _ _ _ _ _ _ _ _ _ _ 

self = move_water MoveWat
- t=MoveWatTime(time=0.0, timers={'pressure_limit': Timer pressure_limit: mode= standby, time= 0.0}...(flowrate=0.0, pressure=0.0, area=1.0, level=1.0))
- wat_out=Water(s=(flowrate=0.0, pressure=0.0, area=1.0, level=1.0))
time = 0.0, proptype = 'static-once', faults = [], disturbances = {}
inc_at = '', end_of_simulation = False, copy = False

    def __call__(self, time=None, proptype="both", faults=[], disturbances={},
                 inc_at="all", end_of_simulation=False, copy=False):
        """
        Call the Simulable to propagate behavior at a single time-step.
    
        Parameters
        ----------
        time : float/'end'
            Time at which to simulate the Simulable. Default is None, which uses
            self.t.time. If 'end' is provided, will be simulated until the end of
            the simulation (sp.end_time or sp.end_condition)
        proptype : str
            Type of propagation step to update ('static', 'dynamic', or 'both')
        faults : dict/list
            Faults to inject during this propagation step. (to be injected at time.)
            With structure ['fault1', 'fault2'...]
        disturbances : dict
            Variables to change during this propagation step. (to be injected at time.)
            With structure {'var1': value}
        inc_at : bool
            When to increment the history. If "all", increment at each time the sim
            iterates through. If "time", increment only at t==time.
        end_of_simulation : bool
            Whether this is the end of the simulation (and history should be cut).
        copy : bool
            If true, returns a copy of the model just before fault injection and
            stops simulation
        """
        try:
            if time == 'end':
                time = self.sp.end_time
            start_time, end_time = self.t.get_sim_times(time)
            sim_times = self.sp.get_timerange(start_time, end_time)
            for t in sim_times:
                if t == end_time:
                    if copy:
                        return self.copy()
                    if t != self.t.time:  # faults are only injected if not run yet
                        self.set_vars(**disturbances)
                        self.inject_faults(faults)
                self.t.update_time(t)
                if self.t.executing:
                    self.update_stochastic_states()
                    self.update_dynamic_behaviors(proptype=proptype)
                    self.update_static_behaviors(proptype=proptype)
                    self.set_sub_faults()
                    if inc_at == "all" or (inc_at == "time" and t == time):
                        self.inc_sim_time()
                        self.h.log(self, self.t.t_ind, self.t.time)
                    if self.sp.end_condition:
                        if get_var(self, self.sp.end_condition)():
                            break
    
            if end_of_simulation:
                self.cut_hist()
        except Exception as e:
&gt;           raise Exception("Error simulating " + self.name +
                            " of class " + self.__class__.__name__ +
                            " at time=" + str(self.t.time)) from e
E           Exception: Error simulating move_water of class MoveWat at time=0.0

fmdtools/define/block/base.py:808: Exception

The above exception was the direct cause of the following exception:

self = Simulation with SimEvents:
- 10.0=SimEvent(copy=True)
- end=SimEvent(to_return={'classify': None})
kwargs = {}

    def __call__(self, **kwargs):
        """Run the sim, save its results (if needed), return its result and history."""
        try:
&gt;           self.run(**kwargs)

fmdtools/sim/propagate.py:480: 
_ _ _ _ _ _ _ _ _ _ _ _ _ _ _ _ _ _ _ _ _ _ _ _ _ _ _ _ _ _ _ _ _ _ _ _ _ _ _ _ 
fmdtools/sim/propagate.py:632: in run
    simevent.run(self.mdl, scen=self.scen, **kwargs)
fmdtools/sim/propagate.py:395: in run
    self.mdl_copy = mdl(time=self.time, **kwar, copy=True)
                    ^^^^^^^^^^^^^^^^^^^^^^^^^^^^^^^^^^^^^^
_ _ _ _ _ _ _ _ _ _ _ _ _ _ _ _ _ _ _ _ _ _ _ _ _ _ _ _ _ _ _ _ _ _ _ _ _ _ _ _ 

self = pump Pump
- t=Time(time=0.0, timers={})
- m=Mode(mode='nominal', faults=set(), sub_faults=False)
FLOWS:
- ee_1=Electri...minal', faults=set(), sub_faults=False))
- export_water=ExportWater(m=(mode='nominal', faults=set(), sub_faults=False))
time = 10.0, proptype = 'both', faults = [], disturbances = {}, inc_at = 'all'
end_of_simulation = False, copy = True

    def __call__(self, time=None, proptype="both", faults=[], disturbances={},
                 inc_at="all", end_of_simulation=False, copy=False):
        """
        Call the Simulable to propagate behavior at a single time-step.
    
        Parameters
        ----------
        time : float/'end'
            Time at which to simulate the Simulable. Default is None, which uses
            self.t.time. If 'end' is provided, will be simulated until the end of
            the simulation (sp.end_time or sp.end_condition)
        proptype : str
            Type of propagation step to update ('static', 'dynamic', or 'both')
        faults : dict/list
            Faults to inject during this propagation step. (to be injected at time.)
            With structure ['fault1', 'fault2'...]
        disturbances : dict
            Variables to change during this propagation step. (to be injected at time.)
            With structure {'var1': value}
        inc_at : bool
            When to increment the history. If "all", increment at each time the sim
            iterates through. If "time", increment only at t==time.
        end_of_simulation : bool
            Whether this is the end of the simulation (and history should be cut).
        copy : bool
            If true, returns a copy of the model just before fault injection and
            stops simulation
        """
        try:
            if time == 'end':
                time = self.sp.end_time
            start_time, end_time = self.t.get_sim_times(time)
            sim_times = self.sp.get_timerange(start_time, end_time)
            for t in sim_times:
                if t == end_time:
                    if copy:
                        return self.copy()
                    if t != self.t.time:  # faults are only injected if not run yet
                        self.set_vars(**disturbances)
                        self.inject_faults(faults)
                self.t.update_time(t)
                if self.t.executing:
                    self.update_stochastic_states()
                    self.update_dynamic_behaviors(proptype=proptype)
                    self.update_static_behaviors(proptype=proptype)
                    self.set_sub_faults()
                    if inc_at == "all" or (inc_at == "time" and t == time):
                        self.inc_sim_time()
                        self.h.log(self, self.t.t_ind, self.t.time)
                    if self.sp.end_condition:
                        if get_var(self, self.sp.end_condition)():
                            break
    
            if end_of_simulation:
                self.cut_hist()
        except Exception as e:
&gt;           raise Exception("Error simulating " + self.name +
                            " of class " + self.__class__.__name__ +
                            " at time=" + str(self.t.time)) from e
E           Exception: Error simulating pump of class Pump at time=0.0

fmdtools/define/block/base.py:808: Exception

The above exception was the direct cause of the following exception:

self = MultiEventSimulation of
SingleFaultScenario(sequence={10.0: Injection(faults={'move_water': ['mech_break']}, disturban...imes=(10,), function='move_water', fault='mech_break', rate=6e-06, name='move_water_mech_break_t10', time=10, phase='')
kwargs = {}

    def __call__(self, **kwargs):
        """Run the sim, save its results (if needed), return its result and history."""
        try:
&gt;           self.run(**kwargs)

fmdtools/sim/propagate.py:480: 
_ _ _ _ _ _ _ _ _ _ _ _ _ _ _ _ _ _ _ _ _ _ _ _ _ _ _ _ _ _ _ _ _ _ _ _ _ _ _ _ 
fmdtools/sim/propagate.py:1023: in run
    self.run_nom(with_copy=True)
fmdtools/sim/propagate.py:1008: in run_nom
    outs = nomsim(**sim_kwar)
           ^^^^^^^^^^^^^^^^^^
fmdtools/sim/propagate.py:620: in __call__
    res, hist = super().__call__(**kwargs)
                ^^^^^^^^^^^^^^^^^^^^^^^^^^
_ _ _ _ _ _ _ _ _ _ _ _ _ _ _ _ _ _ _ _ _ _ _ _ _ _ _ _ _ _ _ _ _ _ _ _ _ _ _ _ 

self = Simulation with SimEvents:
- 10.0=SimEvent(copy=True)
- end=SimEvent(to_return={'classify': None})
kwargs = {}

    def __call__(self, **kwargs):
        """Run the sim, save its results (if needed), return its result and history."""
        try:
            self.run(**kwargs)
        except Exception as e:
&gt;           raise Exception("Error simulating "+self.name+" scenario(s)") from e
E           Exception: Error simulating nominal scenario(s)

fmdtools/sim/propagate.py:482: Exception

The above exception was the direct cause of the following exception:

self = &lt;examples.pump.test_pump.PumpTests testMethod=test_dynamic_prop_values&gt;

    def test_dynamic_prop_values(self):
        """Test that given fault times result in the expected water/value loss"""
        faulttimes = [10, 20, 30]
        for faulttime in faulttimes:
&gt;           res, hist = prop.one_fault(self.water_mdl, "move_water", "mech_break",
                                       time=faulttime)

examples/pump/test_pump.py:98: 
_ _ _ _ _ _ _ _ _ _ _ _ _ _ _ _ _ _ _ _ _ _ _ _ _ _ _ _ _ _ _ _ _ _ _ _ _ _ _ _ 
fmdtools/sim/propagate.py:162: in one_fault
    return sequence(mdl, scen=scen, name=str((fxnname, fault)), **kwargs)
           ^^^^^^^^^^^^^^^^^^^^^^^^^^^^^^^^^^^^^^^^^^^^^^^^^^^^^^^^^^^^^^
fmdtools/sim/propagate.py:222: in sequence
    return sim(**get_sim_call_kwargs(sim, **kwargs))
           ^^^^^^^^^^^^^^^^^^^^^^^^^^^^^^^^^^^^^^^^^
fmdtools/sim/propagate.py:975: in __call__
    rets = super().__call__(**kwargs)
           ^^^^^^^^^^^^^^^^^^^^^^^^^^
_ _ _ _ _ _ _ _ _ _ _ _ _ _ _ _ _ _ _ _ _ _ _ _ _ _ _ _ _ _ _ _ _ _ _ _ _ _ _ _ 

self = MultiEventSimulation of
SingleFaultScenario(sequence={10.0: Injection(faults={'move_water': ['mech_break']}, disturban...imes=(10,), function='move_water', fault='mech_break', rate=6e-06, name='move_water_mech_break_t10', time=10, phase='')
kwargs = {}

    def __call__(self, **kwargs):
        """Run the sim, save its results (if needed), return its result and history."""
        try:
            self.run(**kwargs)
        except Exception as e:
&gt;           raise Exception("Error simulating "+self.name+" scenario(s)") from e
E           Exception: Error simulating ('move_water', 'mech_break') scenario(s)

fmdtools/sim/propagate.py:482: Exception</failure></testcase><testcase classname="examples.pump.test_pump.PumpTests" name="test_dynamic_prop_values_2" time="0.082"><failure message="Exception: Error simulating ('export_water', 'block') scenario(s)">self = move_water MoveWat
- t=MoveWatTime(time=0.0, timers={'pressure_limit': Timer pressure_limit: mode= standby, time= 0.0}...(flowrate=0.0, pressure=0.0, area=1.0, level=1.0))
- wat_out=Water(s=(flowrate=0.0, pressure=0.0, area=1.0, level=1.0))
time = 0.0, proptype = 'static-once', faults = [], disturbances = {}
inc_at = '', end_of_simulation = False, copy = False

    def __call__(self, time=None, proptype="both", faults=[], disturbances={},
                 inc_at="all", end_of_simulation=False, copy=False):
        """
        Call the Simulable to propagate behavior at a single time-step.
    
        Parameters
        ----------
        time : float/'end'
            Time at which to simulate the Simulable. Default is None, which uses
            self.t.time. If 'end' is provided, will be simulated until the end of
            the simulation (sp.end_time or sp.end_condition)
        proptype : str
            Type of propagation step to update ('static', 'dynamic', or 'both')
        faults : dict/list
            Faults to inject during this propagation step. (to be injected at time.)
            With structure ['fault1', 'fault2'...]
        disturbances : dict
            Variables to change during this propagation step. (to be injected at time.)
            With structure {'var1': value}
        inc_at : bool
            When to increment the history. If "all", increment at each time the sim
            iterates through. If "time", increment only at t==time.
        end_of_simulation : bool
            Whether this is the end of the simulation (and history should be cut).
        copy : bool
            If true, returns a copy of the model just before fault injection and
            stops simulation
        """
        try:
            if time == 'end':
                time = self.sp.end_time
            start_time, end_time = self.t.get_sim_times(time)
            sim_times = self.sp.get_timerange(start_time, end_time)
            for t in sim_times:
                if t == end_time:
                    if copy:
                        return self.copy()
                    if t != self.t.time:  # faults are only injected if not run yet
                        self.set_vars(**disturbances)
                        self.inject_faults(faults)
                self.t.update_time(t)
                if self.t.executing:
                    self.update_stochastic_states()
                    self.update_dynamic_behaviors(proptype=proptype)
&gt;                   self.update_static_behaviors(proptype=proptype)

fmdtools/define/block/base.py:796: 
_ _ _ _ _ _ _ _ _ _ _ _ _ _ _ _ _ _ _ _ _ _ _ _ _ _ _ _ _ _ _ _ _ _ _ _ _ _ _ _ 
fmdtools/define/block/base.py:728: in update_static_behaviors
    self.execute_static_behaviors()
fmdtools/define/block/base.py:734: in execute_static_behaviors
    self.static_behavior()
_ _ _ _ _ _ _ _ _ _ _ _ _ _ _ _ _ _ _ _ _ _ _ _ _ _ _ _ _ _ _ _ _ _ _ _ _ _ _ _ 

self = move_water MoveWat
- t=MoveWatTime(time=0.0, timers={'pressure_limit': Timer pressure_limit: mode= standby, time= 0.0}...(flowrate=0.0, pressure=0.0, area=1.0, level=1.0))
- wat_out=Water(s=(flowrate=0.0, pressure=0.0, area=1.0, level=1.0))

    def static_behavior(self):
        """Define how the function will behave with different faults."""
        self.set_faults()
        if self.m.has_fault('short'):
            self.ee_in.s.current = 500*10/5000*self.sig_in.s.power*self.ee_in.s.voltage
            self.s.eff = 0.0
        elif self.m.has_fault('mech_break'):
            self.ee_in.s.current = 0.2*10/5000*self.sig_in.s.power*self.ee_in.s.voltage
            self.s.eff = 0.0
        else:
            self.ee_in.s.current = 10/5000*self.sig_in.s.power * \
                self.ee_in.s.voltage*min(13.0, self.wat_out.s.pressure)
            # if we wanted to enforce nominall eff state, we would include:
            # self.s.eff = 1.0
    
        velocity = self.sig_in.s.power*self.s.eff * \
            min(1000, self.ee_in.s.voltage)*self.wat_in.s.level
        self.wat_out.s.pressure = 10/500 * velocity/self.wat_out.s.area
        self.wat_out.s.flowrate = 0.3/500 * velocity*self.wat_out.s.area
    
        self.wat_in.s.assign(self.wat_out.s, 'pressure', 'flowrate')
&gt;       print(a)
              ^
E       NameError: name 'a' is not defined

examples/pump/ex_pump.py:436: NameError

The above exception was the direct cause of the following exception:

self = pump Pump
- t=Time(time=0.0, timers={})
- m=Mode(mode='nominal', faults=set(), sub_faults=False)
FLOWS:
- ee_1=Electri...minal', faults=set(), sub_faults=False))
- export_water=ExportWater(m=(mode='nominal', faults=set(), sub_faults=False))
time = 25.0, proptype = 'both', faults = [], disturbances = {}, inc_at = 'all'
end_of_simulation = False, copy = True

    def __call__(self, time=None, proptype="both", faults=[], disturbances={},
                 inc_at="all", end_of_simulation=False, copy=False):
        """
        Call the Simulable to propagate behavior at a single time-step.
    
        Parameters
        ----------
        time : float/'end'
            Time at which to simulate the Simulable. Default is None, which uses
            self.t.time. If 'end' is provided, will be simulated until the end of
            the simulation (sp.end_time or sp.end_condition)
        proptype : str
            Type of propagation step to update ('static', 'dynamic', or 'both')
        faults : dict/list
            Faults to inject during this propagation step. (to be injected at time.)
            With structure ['fault1', 'fault2'...]
        disturbances : dict
            Variables to change during this propagation step. (to be injected at time.)
            With structure {'var1': value}
        inc_at : bool
            When to increment the history. If "all", increment at each time the sim
            iterates through. If "time", increment only at t==time.
        end_of_simulation : bool
            Whether this is the end of the simulation (and history should be cut).
        copy : bool
            If true, returns a copy of the model just before fault injection and
            stops simulation
        """
        try:
            if time == 'end':
                time = self.sp.end_time
            start_time, end_time = self.t.get_sim_times(time)
            sim_times = self.sp.get_timerange(start_time, end_time)
            for t in sim_times:
                if t == end_time:
                    if copy:
                        return self.copy()
                    if t != self.t.time:  # faults are only injected if not run yet
                        self.set_vars(**disturbances)
                        self.inject_faults(faults)
                self.t.update_time(t)
                if self.t.executing:
                    self.update_stochastic_states()
                    self.update_dynamic_behaviors(proptype=proptype)
&gt;                   self.update_static_behaviors(proptype=proptype)

fmdtools/define/block/base.py:796: 
_ _ _ _ _ _ _ _ _ _ _ _ _ _ _ _ _ _ _ _ _ _ _ _ _ _ _ _ _ _ _ _ _ _ _ _ _ _ _ _ 
fmdtools/define/block/base.py:724: in update_static_behaviors
    self.execute_static_behaviors()
fmdtools/define/block/base.py:732: in execute_static_behaviors
    self.update_arch_behaviors("static")
fmdtools/define/architecture/base.py:163: in update_arch_behaviors
    self.prop_static()
fmdtools/define/architecture/base.py:203: in prop_static
    sim(time=self.t.time, proptype='static-once', inc_at="")
_ _ _ _ _ _ _ _ _ _ _ _ _ _ _ _ _ _ _ _ _ _ _ _ _ _ _ _ _ _ _ _ _ _ _ _ _ _ _ _ 

self = move_water MoveWat
- t=MoveWatTime(time=0.0, timers={'pressure_limit': Timer pressure_limit: mode= standby, time= 0.0}...(flowrate=0.0, pressure=0.0, area=1.0, level=1.0))
- wat_out=Water(s=(flowrate=0.0, pressure=0.0, area=1.0, level=1.0))
time = 0.0, proptype = 'static-once', faults = [], disturbances = {}
inc_at = '', end_of_simulation = False, copy = False

    def __call__(self, time=None, proptype="both", faults=[], disturbances={},
                 inc_at="all", end_of_simulation=False, copy=False):
        """
        Call the Simulable to propagate behavior at a single time-step.
    
        Parameters
        ----------
        time : float/'end'
            Time at which to simulate the Simulable. Default is None, which uses
            self.t.time. If 'end' is provided, will be simulated until the end of
            the simulation (sp.end_time or sp.end_condition)
        proptype : str
            Type of propagation step to update ('static', 'dynamic', or 'both')
        faults : dict/list
            Faults to inject during this propagation step. (to be injected at time.)
            With structure ['fault1', 'fault2'...]
        disturbances : dict
            Variables to change during this propagation step. (to be injected at time.)
            With structure {'var1': value}
        inc_at : bool
            When to increment the history. If "all", increment at each time the sim
            iterates through. If "time", increment only at t==time.
        end_of_simulation : bool
            Whether this is the end of the simulation (and history should be cut).
        copy : bool
            If true, returns a copy of the model just before fault injection and
            stops simulation
        """
        try:
            if time == 'end':
                time = self.sp.end_time
            start_time, end_time = self.t.get_sim_times(time)
            sim_times = self.sp.get_timerange(start_time, end_time)
            for t in sim_times:
                if t == end_time:
                    if copy:
                        return self.copy()
                    if t != self.t.time:  # faults are only injected if not run yet
                        self.set_vars(**disturbances)
                        self.inject_faults(faults)
                self.t.update_time(t)
                if self.t.executing:
                    self.update_stochastic_states()
                    self.update_dynamic_behaviors(proptype=proptype)
                    self.update_static_behaviors(proptype=proptype)
                    self.set_sub_faults()
                    if inc_at == "all" or (inc_at == "time" and t == time):
                        self.inc_sim_time()
                        self.h.log(self, self.t.t_ind, self.t.time)
                    if self.sp.end_condition:
                        if get_var(self, self.sp.end_condition)():
                            break
    
            if end_of_simulation:
                self.cut_hist()
        except Exception as e:
&gt;           raise Exception("Error simulating " + self.name +
                            " of class " + self.__class__.__name__ +
                            " at time=" + str(self.t.time)) from e
E           Exception: Error simulating move_water of class MoveWat at time=0.0

fmdtools/define/block/base.py:808: Exception

The above exception was the direct cause of the following exception:

self = Simulation with SimEvents:
- 25.0=SimEvent(copy=True)
- end=SimEvent(to_return={'classify': None})
kwargs = {}

    def __call__(self, **kwargs):
        """Run the sim, save its results (if needed), return its result and history."""
        try:
&gt;           self.run(**kwargs)

fmdtools/sim/propagate.py:480: 
_ _ _ _ _ _ _ _ _ _ _ _ _ _ _ _ _ _ _ _ _ _ _ _ _ _ _ _ _ _ _ _ _ _ _ _ _ _ _ _ 
fmdtools/sim/propagate.py:632: in run
    simevent.run(self.mdl, scen=self.scen, **kwargs)
fmdtools/sim/propagate.py:395: in run
    self.mdl_copy = mdl(time=self.time, **kwar, copy=True)
                    ^^^^^^^^^^^^^^^^^^^^^^^^^^^^^^^^^^^^^^
_ _ _ _ _ _ _ _ _ _ _ _ _ _ _ _ _ _ _ _ _ _ _ _ _ _ _ _ _ _ _ _ _ _ _ _ _ _ _ _ 

self = pump Pump
- t=Time(time=0.0, timers={})
- m=Mode(mode='nominal', faults=set(), sub_faults=False)
FLOWS:
- ee_1=Electri...minal', faults=set(), sub_faults=False))
- export_water=ExportWater(m=(mode='nominal', faults=set(), sub_faults=False))
time = 25.0, proptype = 'both', faults = [], disturbances = {}, inc_at = 'all'
end_of_simulation = False, copy = True

    def __call__(self, time=None, proptype="both", faults=[], disturbances={},
                 inc_at="all", end_of_simulation=False, copy=False):
        """
        Call the Simulable to propagate behavior at a single time-step.
    
        Parameters
        ----------
        time : float/'end'
            Time at which to simulate the Simulable. Default is None, which uses
            self.t.time. If 'end' is provided, will be simulated until the end of
            the simulation (sp.end_time or sp.end_condition)
        proptype : str
            Type of propagation step to update ('static', 'dynamic', or 'both')
        faults : dict/list
            Faults to inject during this propagation step. (to be injected at time.)
            With structure ['fault1', 'fault2'...]
        disturbances : dict
            Variables to change during this propagation step. (to be injected at time.)
            With structure {'var1': value}
        inc_at : bool
            When to increment the history. If "all", increment at each time the sim
            iterates through. If "time", increment only at t==time.
        end_of_simulation : bool
            Whether this is the end of the simulation (and history should be cut).
        copy : bool
            If true, returns a copy of the model just before fault injection and
            stops simulation
        """
        try:
            if time == 'end':
                time = self.sp.end_time
            start_time, end_time = self.t.get_sim_times(time)
            sim_times = self.sp.get_timerange(start_time, end_time)
            for t in sim_times:
                if t == end_time:
                    if copy:
                        return self.copy()
                    if t != self.t.time:  # faults are only injected if not run yet
                        self.set_vars(**disturbances)
                        self.inject_faults(faults)
                self.t.update_time(t)
                if self.t.executing:
                    self.update_stochastic_states()
                    self.update_dynamic_behaviors(proptype=proptype)
                    self.update_static_behaviors(proptype=proptype)
                    self.set_sub_faults()
                    if inc_at == "all" or (inc_at == "time" and t == time):
                        self.inc_sim_time()
                        self.h.log(self, self.t.t_ind, self.t.time)
                    if self.sp.end_condition:
                        if get_var(self, self.sp.end_condition)():
                            break
    
            if end_of_simulation:
                self.cut_hist()
        except Exception as e:
&gt;           raise Exception("Error simulating " + self.name +
                            " of class " + self.__class__.__name__ +
                            " at time=" + str(self.t.time)) from e
E           Exception: Error simulating pump of class Pump at time=0.0

fmdtools/define/block/base.py:808: Exception

The above exception was the direct cause of the following exception:

self = MultiEventSimulation of
SingleFaultScenario(sequence={25.0: Injection(faults={'export_water': ['block']}, disturbances={})}, times=(25,), function='export_water', fault='block', rate=1e-05, name='export_water_block_t25', time=25, phase='')
kwargs = {}

    def __call__(self, **kwargs):
        """Run the sim, save its results (if needed), return its result and history."""
        try:
&gt;           self.run(**kwargs)

fmdtools/sim/propagate.py:480: 
_ _ _ _ _ _ _ _ _ _ _ _ _ _ _ _ _ _ _ _ _ _ _ _ _ _ _ _ _ _ _ _ _ _ _ _ _ _ _ _ 
fmdtools/sim/propagate.py:1023: in run
    self.run_nom(with_copy=True)
fmdtools/sim/propagate.py:1008: in run_nom
    outs = nomsim(**sim_kwar)
           ^^^^^^^^^^^^^^^^^^
fmdtools/sim/propagate.py:620: in __call__
    res, hist = super().__call__(**kwargs)
                ^^^^^^^^^^^^^^^^^^^^^^^^^^
_ _ _ _ _ _ _ _ _ _ _ _ _ _ _ _ _ _ _ _ _ _ _ _ _ _ _ _ _ _ _ _ _ _ _ _ _ _ _ _ 

self = Simulation with SimEvents:
- 25.0=SimEvent(copy=True)
- end=SimEvent(to_return={'classify': None})
kwargs = {}

    def __call__(self, **kwargs):
        """Run the sim, save its results (if needed), return its result and history."""
        try:
            self.run(**kwargs)
        except Exception as e:
&gt;           raise Exception("Error simulating "+self.name+" scenario(s)") from e
E           Exception: Error simulating nominal scenario(s)

fmdtools/sim/propagate.py:482: Exception

The above exception was the direct cause of the following exception:

self = &lt;examples.pump.test_pump.PumpTests testMethod=test_dynamic_prop_values_2&gt;

    def test_dynamic_prop_values_2(self):
        """Test that the delayed fault behavior occurs at the time specified"""
        delays = [0, 1, 5, 10]
        for delay in delays:
            mdl = Pump(p={'cost': ('water',), 'delay': delay}, track='all')
&gt;           res, hist = prop.one_fault(mdl, 'export_water', 'block', time=25)
                        ^^^^^^^^^^^^^^^^^^^^^^^^^^^^^^^^^^^^^^^^^^^^^^^^^^^^^

examples/pump/test_pump.py:108: 
_ _ _ _ _ _ _ _ _ _ _ _ _ _ _ _ _ _ _ _ _ _ _ _ _ _ _ _ _ _ _ _ _ _ _ _ _ _ _ _ 
fmdtools/sim/propagate.py:162: in one_fault
    return sequence(mdl, scen=scen, name=str((fxnname, fault)), **kwargs)
           ^^^^^^^^^^^^^^^^^^^^^^^^^^^^^^^^^^^^^^^^^^^^^^^^^^^^^^^^^^^^^^
fmdtools/sim/propagate.py:222: in sequence
    return sim(**get_sim_call_kwargs(sim, **kwargs))
           ^^^^^^^^^^^^^^^^^^^^^^^^^^^^^^^^^^^^^^^^^
fmdtools/sim/propagate.py:975: in __call__
    rets = super().__call__(**kwargs)
           ^^^^^^^^^^^^^^^^^^^^^^^^^^
_ _ _ _ _ _ _ _ _ _ _ _ _ _ _ _ _ _ _ _ _ _ _ _ _ _ _ _ _ _ _ _ _ _ _ _ _ _ _ _ 

self = MultiEventSimulation of
SingleFaultScenario(sequence={25.0: Injection(faults={'export_water': ['block']}, disturbances={})}, times=(25,), function='export_water', fault='block', rate=1e-05, name='export_water_block_t25', time=25, phase='')
kwargs = {}

    def __call__(self, **kwargs):
        """Run the sim, save its results (if needed), return its result and history."""
        try:
            self.run(**kwargs)
        except Exception as e:
&gt;           raise Exception("Error simulating "+self.name+" scenario(s)") from e
E           Exception: Error simulating ('export_water', 'block') scenario(s)

fmdtools/sim/propagate.py:482: Exception</failure></testcase><testcase classname="examples.pump.test_pump.PumpTests" name="test_fault_sample_isave" time="0.056"><failure message="Exception: Error simulating fault sample scenario(s)">self = move_water MoveWat
- t=MoveWatTime(time=0.0, timers={'pressure_limit': Timer pressure_limit: mode= standby, time= 0.0}...(flowrate=0.0, pressure=0.0, area=1.0, level=1.0))
- wat_out=Water(s=(flowrate=0.0, pressure=0.0, area=1.0, level=1.0))
time = 0.0, proptype = 'static-once', faults = [], disturbances = {}
inc_at = '', end_of_simulation = False, copy = False

    def __call__(self, time=None, proptype="both", faults=[], disturbances={},
                 inc_at="all", end_of_simulation=False, copy=False):
        """
        Call the Simulable to propagate behavior at a single time-step.
    
        Parameters
        ----------
        time : float/'end'
            Time at which to simulate the Simulable. Default is None, which uses
            self.t.time. If 'end' is provided, will be simulated until the end of
            the simulation (sp.end_time or sp.end_condition)
        proptype : str
            Type of propagation step to update ('static', 'dynamic', or 'both')
        faults : dict/list
            Faults to inject during this propagation step. (to be injected at time.)
            With structure ['fault1', 'fault2'...]
        disturbances : dict
            Variables to change during this propagation step. (to be injected at time.)
            With structure {'var1': value}
        inc_at : bool
            When to increment the history. If "all", increment at each time the sim
            iterates through. If "time", increment only at t==time.
        end_of_simulation : bool
            Whether this is the end of the simulation (and history should be cut).
        copy : bool
            If true, returns a copy of the model just before fault injection and
            stops simulation
        """
        try:
            if time == 'end':
                time = self.sp.end_time
            start_time, end_time = self.t.get_sim_times(time)
            sim_times = self.sp.get_timerange(start_time, end_time)
            for t in sim_times:
                if t == end_time:
                    if copy:
                        return self.copy()
                    if t != self.t.time:  # faults are only injected if not run yet
                        self.set_vars(**disturbances)
                        self.inject_faults(faults)
                self.t.update_time(t)
                if self.t.executing:
                    self.update_stochastic_states()
                    self.update_dynamic_behaviors(proptype=proptype)
&gt;                   self.update_static_behaviors(proptype=proptype)

fmdtools/define/block/base.py:796: 
_ _ _ _ _ _ _ _ _ _ _ _ _ _ _ _ _ _ _ _ _ _ _ _ _ _ _ _ _ _ _ _ _ _ _ _ _ _ _ _ 
fmdtools/define/block/base.py:728: in update_static_behaviors
    self.execute_static_behaviors()
fmdtools/define/block/base.py:734: in execute_static_behaviors
    self.static_behavior()
_ _ _ _ _ _ _ _ _ _ _ _ _ _ _ _ _ _ _ _ _ _ _ _ _ _ _ _ _ _ _ _ _ _ _ _ _ _ _ _ 

self = move_water MoveWat
- t=MoveWatTime(time=0.0, timers={'pressure_limit': Timer pressure_limit: mode= standby, time= 0.0}...(flowrate=0.0, pressure=0.0, area=1.0, level=1.0))
- wat_out=Water(s=(flowrate=0.0, pressure=0.0, area=1.0, level=1.0))

    def static_behavior(self):
        """Define how the function will behave with different faults."""
        self.set_faults()
        if self.m.has_fault('short'):
            self.ee_in.s.current = 500*10/5000*self.sig_in.s.power*self.ee_in.s.voltage
            self.s.eff = 0.0
        elif self.m.has_fault('mech_break'):
            self.ee_in.s.current = 0.2*10/5000*self.sig_in.s.power*self.ee_in.s.voltage
            self.s.eff = 0.0
        else:
            self.ee_in.s.current = 10/5000*self.sig_in.s.power * \
                self.ee_in.s.voltage*min(13.0, self.wat_out.s.pressure)
            # if we wanted to enforce nominall eff state, we would include:
            # self.s.eff = 1.0
    
        velocity = self.sig_in.s.power*self.s.eff * \
            min(1000, self.ee_in.s.voltage)*self.wat_in.s.level
        self.wat_out.s.pressure = 10/500 * velocity/self.wat_out.s.area
        self.wat_out.s.flowrate = 0.3/500 * velocity*self.wat_out.s.area
    
        self.wat_in.s.assign(self.wat_out.s, 'pressure', 'flowrate')
&gt;       print(a)
              ^
E       NameError: name 'a' is not defined

examples/pump/ex_pump.py:436: NameError

The above exception was the direct cause of the following exception:

self = pump Pump
- t=Time(time=0.0, timers={})
- m=Mode(mode='nominal', faults=set(), sub_faults=False)
FLOWS:
- ee_1=Electri...minal', faults=set(), sub_faults=False))
- export_water=ExportWater(m=(mode='nominal', faults=set(), sub_faults=False))
time = 2.0, proptype = 'both', faults = [], disturbances = {}, inc_at = 'all'
end_of_simulation = False, copy = True

    def __call__(self, time=None, proptype="both", faults=[], disturbances={},
                 inc_at="all", end_of_simulation=False, copy=False):
        """
        Call the Simulable to propagate behavior at a single time-step.
    
        Parameters
        ----------
        time : float/'end'
            Time at which to simulate the Simulable. Default is None, which uses
            self.t.time. If 'end' is provided, will be simulated until the end of
            the simulation (sp.end_time or sp.end_condition)
        proptype : str
            Type of propagation step to update ('static', 'dynamic', or 'both')
        faults : dict/list
            Faults to inject during this propagation step. (to be injected at time.)
            With structure ['fault1', 'fault2'...]
        disturbances : dict
            Variables to change during this propagation step. (to be injected at time.)
            With structure {'var1': value}
        inc_at : bool
            When to increment the history. If "all", increment at each time the sim
            iterates through. If "time", increment only at t==time.
        end_of_simulation : bool
            Whether this is the end of the simulation (and history should be cut).
        copy : bool
            If true, returns a copy of the model just before fault injection and
            stops simulation
        """
        try:
            if time == 'end':
                time = self.sp.end_time
            start_time, end_time = self.t.get_sim_times(time)
            sim_times = self.sp.get_timerange(start_time, end_time)
            for t in sim_times:
                if t == end_time:
                    if copy:
                        return self.copy()
                    if t != self.t.time:  # faults are only injected if not run yet
                        self.set_vars(**disturbances)
                        self.inject_faults(faults)
                self.t.update_time(t)
                if self.t.executing:
                    self.update_stochastic_states()
                    self.update_dynamic_behaviors(proptype=proptype)
&gt;                   self.update_static_behaviors(proptype=proptype)

fmdtools/define/block/base.py:796: 
_ _ _ _ _ _ _ _ _ _ _ _ _ _ _ _ _ _ _ _ _ _ _ _ _ _ _ _ _ _ _ _ _ _ _ _ _ _ _ _ 
fmdtools/define/block/base.py:724: in update_static_behaviors
    self.execute_static_behaviors()
fmdtools/define/block/base.py:732: in execute_static_behaviors
    self.update_arch_behaviors("static")
fmdtools/define/architecture/base.py:163: in update_arch_behaviors
    self.prop_static()
fmdtools/define/architecture/base.py:203: in prop_static
    sim(time=self.t.time, proptype='static-once', inc_at="")
_ _ _ _ _ _ _ _ _ _ _ _ _ _ _ _ _ _ _ _ _ _ _ _ _ _ _ _ _ _ _ _ _ _ _ _ _ _ _ _ 

self = move_water MoveWat
- t=MoveWatTime(time=0.0, timers={'pressure_limit': Timer pressure_limit: mode= standby, time= 0.0}...(flowrate=0.0, pressure=0.0, area=1.0, level=1.0))
- wat_out=Water(s=(flowrate=0.0, pressure=0.0, area=1.0, level=1.0))
time = 0.0, proptype = 'static-once', faults = [], disturbances = {}
inc_at = '', end_of_simulation = False, copy = False

    def __call__(self, time=None, proptype="both", faults=[], disturbances={},
                 inc_at="all", end_of_simulation=False, copy=False):
        """
        Call the Simulable to propagate behavior at a single time-step.
    
        Parameters
        ----------
        time : float/'end'
            Time at which to simulate the Simulable. Default is None, which uses
            self.t.time. If 'end' is provided, will be simulated until the end of
            the simulation (sp.end_time or sp.end_condition)
        proptype : str
            Type of propagation step to update ('static', 'dynamic', or 'both')
        faults : dict/list
            Faults to inject during this propagation step. (to be injected at time.)
            With structure ['fault1', 'fault2'...]
        disturbances : dict
            Variables to change during this propagation step. (to be injected at time.)
            With structure {'var1': value}
        inc_at : bool
            When to increment the history. If "all", increment at each time the sim
            iterates through. If "time", increment only at t==time.
        end_of_simulation : bool
            Whether this is the end of the simulation (and history should be cut).
        copy : bool
            If true, returns a copy of the model just before fault injection and
            stops simulation
        """
        try:
            if time == 'end':
                time = self.sp.end_time
            start_time, end_time = self.t.get_sim_times(time)
            sim_times = self.sp.get_timerange(start_time, end_time)
            for t in sim_times:
                if t == end_time:
                    if copy:
                        return self.copy()
                    if t != self.t.time:  # faults are only injected if not run yet
                        self.set_vars(**disturbances)
                        self.inject_faults(faults)
                self.t.update_time(t)
                if self.t.executing:
                    self.update_stochastic_states()
                    self.update_dynamic_behaviors(proptype=proptype)
                    self.update_static_behaviors(proptype=proptype)
                    self.set_sub_faults()
                    if inc_at == "all" or (inc_at == "time" and t == time):
                        self.inc_sim_time()
                        self.h.log(self, self.t.t_ind, self.t.time)
                    if self.sp.end_condition:
                        if get_var(self, self.sp.end_condition)():
                            break
    
            if end_of_simulation:
                self.cut_hist()
        except Exception as e:
&gt;           raise Exception("Error simulating " + self.name +
                            " of class " + self.__class__.__name__ +
                            " at time=" + str(self.t.time)) from e
E           Exception: Error simulating move_water of class MoveWat at time=0.0

fmdtools/define/block/base.py:808: Exception

The above exception was the direct cause of the following exception:

self = Simulation with SimEvents:
- 2.0=SimEvent(copy=True)
- 27.0=SimEvent(copy=True)
- 52.0=SimEvent(copy=True)
- end=SimEvent(to_return={'classify': None})
kwargs = {}

    def __call__(self, **kwargs):
        """Run the sim, save its results (if needed), return its result and history."""
        try:
&gt;           self.run(**kwargs)

fmdtools/sim/propagate.py:480: 
_ _ _ _ _ _ _ _ _ _ _ _ _ _ _ _ _ _ _ _ _ _ _ _ _ _ _ _ _ _ _ _ _ _ _ _ _ _ _ _ 
fmdtools/sim/propagate.py:632: in run
    simevent.run(self.mdl, scen=self.scen, **kwargs)
fmdtools/sim/propagate.py:395: in run
    self.mdl_copy = mdl(time=self.time, **kwar, copy=True)
                    ^^^^^^^^^^^^^^^^^^^^^^^^^^^^^^^^^^^^^^
_ _ _ _ _ _ _ _ _ _ _ _ _ _ _ _ _ _ _ _ _ _ _ _ _ _ _ _ _ _ _ _ _ _ _ _ _ _ _ _ 

self = pump Pump
- t=Time(time=0.0, timers={})
- m=Mode(mode='nominal', faults=set(), sub_faults=False)
FLOWS:
- ee_1=Electri...minal', faults=set(), sub_faults=False))
- export_water=ExportWater(m=(mode='nominal', faults=set(), sub_faults=False))
time = 2.0, proptype = 'both', faults = [], disturbances = {}, inc_at = 'all'
end_of_simulation = False, copy = True

    def __call__(self, time=None, proptype="both", faults=[], disturbances={},
                 inc_at="all", end_of_simulation=False, copy=False):
        """
        Call the Simulable to propagate behavior at a single time-step.
    
        Parameters
        ----------
        time : float/'end'
            Time at which to simulate the Simulable. Default is None, which uses
            self.t.time. If 'end' is provided, will be simulated until the end of
            the simulation (sp.end_time or sp.end_condition)
        proptype : str
            Type of propagation step to update ('static', 'dynamic', or 'both')
        faults : dict/list
            Faults to inject during this propagation step. (to be injected at time.)
            With structure ['fault1', 'fault2'...]
        disturbances : dict
            Variables to change during this propagation step. (to be injected at time.)
            With structure {'var1': value}
        inc_at : bool
            When to increment the history. If "all", increment at each time the sim
            iterates through. If "time", increment only at t==time.
        end_of_simulation : bool
            Whether this is the end of the simulation (and history should be cut).
        copy : bool
            If true, returns a copy of the model just before fault injection and
            stops simulation
        """
        try:
            if time == 'end':
                time = self.sp.end_time
            start_time, end_time = self.t.get_sim_times(time)
            sim_times = self.sp.get_timerange(start_time, end_time)
            for t in sim_times:
                if t == end_time:
                    if copy:
                        return self.copy()
                    if t != self.t.time:  # faults are only injected if not run yet
                        self.set_vars(**disturbances)
                        self.inject_faults(faults)
                self.t.update_time(t)
                if self.t.executing:
                    self.update_stochastic_states()
                    self.update_dynamic_behaviors(proptype=proptype)
                    self.update_static_behaviors(proptype=proptype)
                    self.set_sub_faults()
                    if inc_at == "all" or (inc_at == "time" and t == time):
                        self.inc_sim_time()
                        self.h.log(self, self.t.t_ind, self.t.time)
                    if self.sp.end_condition:
                        if get_var(self, self.sp.end_condition)():
                            break
    
            if end_of_simulation:
                self.cut_hist()
        except Exception as e:
&gt;           raise Exception("Error simulating " + self.name +
                            " of class " + self.__class__.__name__ +
                            " at time=" + str(self.t.time)) from e
E           Exception: Error simulating pump of class Pump at time=0.0

fmdtools/define/block/base.py:808: Exception

The above exception was the direct cause of the following exception:

self = MultiEventSimulation of
FaultSample of scenarios: 
 - pump_fxns_import_ee_inf_v_t2p0
 - pump_fxns_import_ee_no_v_t2p0
...ump_fxns_export_water_block_t2p0
 - pump_fxns_import_ee_inf_v_t27p0
 - pump_fxns_import_ee_no_v_t27p0
 - ... (24 total)
kwargs = {}

    def __call__(self, **kwargs):
        """Run the sim, save its results (if needed), return its result and history."""
        try:
&gt;           self.run(**kwargs)

fmdtools/sim/propagate.py:480: 
_ _ _ _ _ _ _ _ _ _ _ _ _ _ _ _ _ _ _ _ _ _ _ _ _ _ _ _ _ _ _ _ _ _ _ _ _ _ _ _ 
fmdtools/sim/propagate.py:1023: in run
    self.run_nom(with_copy=True)
fmdtools/sim/propagate.py:1008: in run_nom
    outs = nomsim(**sim_kwar)
           ^^^^^^^^^^^^^^^^^^
fmdtools/sim/propagate.py:620: in __call__
    res, hist = super().__call__(**kwargs)
                ^^^^^^^^^^^^^^^^^^^^^^^^^^
_ _ _ _ _ _ _ _ _ _ _ _ _ _ _ _ _ _ _ _ _ _ _ _ _ _ _ _ _ _ _ _ _ _ _ _ _ _ _ _ 

self = Simulation with SimEvents:
- 2.0=SimEvent(copy=True)
- 27.0=SimEvent(copy=True)
- 52.0=SimEvent(copy=True)
- end=SimEvent(to_return={'classify': None})
kwargs = {}

    def __call__(self, **kwargs):
        """Run the sim, save its results (if needed), return its result and history."""
        try:
            self.run(**kwargs)
        except Exception as e:
&gt;           raise Exception("Error simulating "+self.name+" scenario(s)") from e
E           Exception: Error simulating nominal scenario(s)

fmdtools/sim/propagate.py:482: Exception

The above exception was the direct cause of the following exception:

self = &lt;examples.pump.test_pump.PumpTests testMethod=test_fault_sample_isave&gt;

    def test_fault_sample_isave(self):
&gt;       self.check_fs_isave(self.mdl, self.fs, *self.filenames, "npz")

examples/pump/test_pump.py:285: 
_ _ _ _ _ _ _ _ _ _ _ _ _ _ _ _ _ _ _ _ _ _ _ _ _ _ _ _ _ _ _ _ _ _ _ _ _ _ _ _ 
tests/common.py:457: in check_fs_isave
    res, hist = prop.fault_sample(mdl, fs, **loc_kwargs)
                ^^^^^^^^^^^^^^^^^^^^^^^^^^^^^^^^^^^^^^^^
fmdtools/sim/propagate.py:249: in fault_sample
    return sim(**get_sim_call_kwargs(sim, **kwargs))
           ^^^^^^^^^^^^^^^^^^^^^^^^^^^^^^^^^^^^^^^^^
fmdtools/sim/propagate.py:975: in __call__
    rets = super().__call__(**kwargs)
           ^^^^^^^^^^^^^^^^^^^^^^^^^^
_ _ _ _ _ _ _ _ _ _ _ _ _ _ _ _ _ _ _ _ _ _ _ _ _ _ _ _ _ _ _ _ _ _ _ _ _ _ _ _ 

self = MultiEventSimulation of
FaultSample of scenarios: 
 - pump_fxns_import_ee_inf_v_t2p0
 - pump_fxns_import_ee_no_v_t2p0
...ump_fxns_export_water_block_t2p0
 - pump_fxns_import_ee_inf_v_t27p0
 - pump_fxns_import_ee_no_v_t27p0
 - ... (24 total)
kwargs = {}

    def __call__(self, **kwargs):
        """Run the sim, save its results (if needed), return its result and history."""
        try:
            self.run(**kwargs)
        except Exception as e:
&gt;           raise Exception("Error simulating "+self.name+" scenario(s)") from e
E           Exception: Error simulating fault sample scenario(s)

fmdtools/sim/propagate.py:482: Exception</failure></testcase><testcase classname="examples.pump.test_pump.PumpTests" name="test_fault_sample_save" time="0.050"><failure message="Exception: Error simulating fault sample scenario(s)">self = move_water MoveWat
- t=MoveWatTime(time=0.0, timers={'pressure_limit': Timer pressure_limit: mode= standby, time= 0.0}...(flowrate=0.0, pressure=0.0, area=1.0, level=1.0))
- wat_out=Water(s=(flowrate=0.0, pressure=0.0, area=1.0, level=1.0))
time = 0.0, proptype = 'static-once', faults = [], disturbances = {}
inc_at = '', end_of_simulation = False, copy = False

    def __call__(self, time=None, proptype="both", faults=[], disturbances={},
                 inc_at="all", end_of_simulation=False, copy=False):
        """
        Call the Simulable to propagate behavior at a single time-step.
    
        Parameters
        ----------
        time : float/'end'
            Time at which to simulate the Simulable. Default is None, which uses
            self.t.time. If 'end' is provided, will be simulated until the end of
            the simulation (sp.end_time or sp.end_condition)
        proptype : str
            Type of propagation step to update ('static', 'dynamic', or 'both')
        faults : dict/list
            Faults to inject during this propagation step. (to be injected at time.)
            With structure ['fault1', 'fault2'...]
        disturbances : dict
            Variables to change during this propagation step. (to be injected at time.)
            With structure {'var1': value}
        inc_at : bool
            When to increment the history. If "all", increment at each time the sim
            iterates through. If "time", increment only at t==time.
        end_of_simulation : bool
            Whether this is the end of the simulation (and history should be cut).
        copy : bool
            If true, returns a copy of the model just before fault injection and
            stops simulation
        """
        try:
            if time == 'end':
                time = self.sp.end_time
            start_time, end_time = self.t.get_sim_times(time)
            sim_times = self.sp.get_timerange(start_time, end_time)
            for t in sim_times:
                if t == end_time:
                    if copy:
                        return self.copy()
                    if t != self.t.time:  # faults are only injected if not run yet
                        self.set_vars(**disturbances)
                        self.inject_faults(faults)
                self.t.update_time(t)
                if self.t.executing:
                    self.update_stochastic_states()
                    self.update_dynamic_behaviors(proptype=proptype)
&gt;                   self.update_static_behaviors(proptype=proptype)

fmdtools/define/block/base.py:796: 
_ _ _ _ _ _ _ _ _ _ _ _ _ _ _ _ _ _ _ _ _ _ _ _ _ _ _ _ _ _ _ _ _ _ _ _ _ _ _ _ 
fmdtools/define/block/base.py:728: in update_static_behaviors
    self.execute_static_behaviors()
fmdtools/define/block/base.py:734: in execute_static_behaviors
    self.static_behavior()
_ _ _ _ _ _ _ _ _ _ _ _ _ _ _ _ _ _ _ _ _ _ _ _ _ _ _ _ _ _ _ _ _ _ _ _ _ _ _ _ 

self = move_water MoveWat
- t=MoveWatTime(time=0.0, timers={'pressure_limit': Timer pressure_limit: mode= standby, time= 0.0}...(flowrate=0.0, pressure=0.0, area=1.0, level=1.0))
- wat_out=Water(s=(flowrate=0.0, pressure=0.0, area=1.0, level=1.0))

    def static_behavior(self):
        """Define how the function will behave with different faults."""
        self.set_faults()
        if self.m.has_fault('short'):
            self.ee_in.s.current = 500*10/5000*self.sig_in.s.power*self.ee_in.s.voltage
            self.s.eff = 0.0
        elif self.m.has_fault('mech_break'):
            self.ee_in.s.current = 0.2*10/5000*self.sig_in.s.power*self.ee_in.s.voltage
            self.s.eff = 0.0
        else:
            self.ee_in.s.current = 10/5000*self.sig_in.s.power * \
                self.ee_in.s.voltage*min(13.0, self.wat_out.s.pressure)
            # if we wanted to enforce nominall eff state, we would include:
            # self.s.eff = 1.0
    
        velocity = self.sig_in.s.power*self.s.eff * \
            min(1000, self.ee_in.s.voltage)*self.wat_in.s.level
        self.wat_out.s.pressure = 10/500 * velocity/self.wat_out.s.area
        self.wat_out.s.flowrate = 0.3/500 * velocity*self.wat_out.s.area
    
        self.wat_in.s.assign(self.wat_out.s, 'pressure', 'flowrate')
&gt;       print(a)
              ^
E       NameError: name 'a' is not defined

examples/pump/ex_pump.py:436: NameError

The above exception was the direct cause of the following exception:

self = pump Pump
- t=Time(time=0.0, timers={})
- m=Mode(mode='nominal', faults=set(), sub_faults=False)
FLOWS:
- ee_1=Electri...minal', faults=set(), sub_faults=False))
- export_water=ExportWater(m=(mode='nominal', faults=set(), sub_faults=False))
time = 2.0, proptype = 'both', faults = [], disturbances = {}, inc_at = 'all'
end_of_simulation = False, copy = True

    def __call__(self, time=None, proptype="both", faults=[], disturbances={},
                 inc_at="all", end_of_simulation=False, copy=False):
        """
        Call the Simulable to propagate behavior at a single time-step.
    
        Parameters
        ----------
        time : float/'end'
            Time at which to simulate the Simulable. Default is None, which uses
            self.t.time. If 'end' is provided, will be simulated until the end of
            the simulation (sp.end_time or sp.end_condition)
        proptype : str
            Type of propagation step to update ('static', 'dynamic', or 'both')
        faults : dict/list
            Faults to inject during this propagation step. (to be injected at time.)
            With structure ['fault1', 'fault2'...]
        disturbances : dict
            Variables to change during this propagation step. (to be injected at time.)
            With structure {'var1': value}
        inc_at : bool
            When to increment the history. If "all", increment at each time the sim
            iterates through. If "time", increment only at t==time.
        end_of_simulation : bool
            Whether this is the end of the simulation (and history should be cut).
        copy : bool
            If true, returns a copy of the model just before fault injection and
            stops simulation
        """
        try:
            if time == 'end':
                time = self.sp.end_time
            start_time, end_time = self.t.get_sim_times(time)
            sim_times = self.sp.get_timerange(start_time, end_time)
            for t in sim_times:
                if t == end_time:
                    if copy:
                        return self.copy()
                    if t != self.t.time:  # faults are only injected if not run yet
                        self.set_vars(**disturbances)
                        self.inject_faults(faults)
                self.t.update_time(t)
                if self.t.executing:
                    self.update_stochastic_states()
                    self.update_dynamic_behaviors(proptype=proptype)
&gt;                   self.update_static_behaviors(proptype=proptype)

fmdtools/define/block/base.py:796: 
_ _ _ _ _ _ _ _ _ _ _ _ _ _ _ _ _ _ _ _ _ _ _ _ _ _ _ _ _ _ _ _ _ _ _ _ _ _ _ _ 
fmdtools/define/block/base.py:724: in update_static_behaviors
    self.execute_static_behaviors()
fmdtools/define/block/base.py:732: in execute_static_behaviors
    self.update_arch_behaviors("static")
fmdtools/define/architecture/base.py:163: in update_arch_behaviors
    self.prop_static()
fmdtools/define/architecture/base.py:203: in prop_static
    sim(time=self.t.time, proptype='static-once', inc_at="")
_ _ _ _ _ _ _ _ _ _ _ _ _ _ _ _ _ _ _ _ _ _ _ _ _ _ _ _ _ _ _ _ _ _ _ _ _ _ _ _ 

self = move_water MoveWat
- t=MoveWatTime(time=0.0, timers={'pressure_limit': Timer pressure_limit: mode= standby, time= 0.0}...(flowrate=0.0, pressure=0.0, area=1.0, level=1.0))
- wat_out=Water(s=(flowrate=0.0, pressure=0.0, area=1.0, level=1.0))
time = 0.0, proptype = 'static-once', faults = [], disturbances = {}
inc_at = '', end_of_simulation = False, copy = False

    def __call__(self, time=None, proptype="both", faults=[], disturbances={},
                 inc_at="all", end_of_simulation=False, copy=False):
        """
        Call the Simulable to propagate behavior at a single time-step.
    
        Parameters
        ----------
        time : float/'end'
            Time at which to simulate the Simulable. Default is None, which uses
            self.t.time. If 'end' is provided, will be simulated until the end of
            the simulation (sp.end_time or sp.end_condition)
        proptype : str
            Type of propagation step to update ('static', 'dynamic', or 'both')
        faults : dict/list
            Faults to inject during this propagation step. (to be injected at time.)
            With structure ['fault1', 'fault2'...]
        disturbances : dict
            Variables to change during this propagation step. (to be injected at time.)
            With structure {'var1': value}
        inc_at : bool
            When to increment the history. If "all", increment at each time the sim
            iterates through. If "time", increment only at t==time.
        end_of_simulation : bool
            Whether this is the end of the simulation (and history should be cut).
        copy : bool
            If true, returns a copy of the model just before fault injection and
            stops simulation
        """
        try:
            if time == 'end':
                time = self.sp.end_time
            start_time, end_time = self.t.get_sim_times(time)
            sim_times = self.sp.get_timerange(start_time, end_time)
            for t in sim_times:
                if t == end_time:
                    if copy:
                        return self.copy()
                    if t != self.t.time:  # faults are only injected if not run yet
                        self.set_vars(**disturbances)
                        self.inject_faults(faults)
                self.t.update_time(t)
                if self.t.executing:
                    self.update_stochastic_states()
                    self.update_dynamic_behaviors(proptype=proptype)
                    self.update_static_behaviors(proptype=proptype)
                    self.set_sub_faults()
                    if inc_at == "all" or (inc_at == "time" and t == time):
                        self.inc_sim_time()
                        self.h.log(self, self.t.t_ind, self.t.time)
                    if self.sp.end_condition:
                        if get_var(self, self.sp.end_condition)():
                            break
    
            if end_of_simulation:
                self.cut_hist()
        except Exception as e:
&gt;           raise Exception("Error simulating " + self.name +
                            " of class " + self.__class__.__name__ +
                            " at time=" + str(self.t.time)) from e
E           Exception: Error simulating move_water of class MoveWat at time=0.0

fmdtools/define/block/base.py:808: Exception

The above exception was the direct cause of the following exception:

self = Simulation with SimEvents:
- 2.0=SimEvent(copy=True)
- 27.0=SimEvent(copy=True)
- 52.0=SimEvent(copy=True)
- end=SimEvent(to_return={'classify': None})
kwargs = {}

    def __call__(self, **kwargs):
        """Run the sim, save its results (if needed), return its result and history."""
        try:
&gt;           self.run(**kwargs)

fmdtools/sim/propagate.py:480: 
_ _ _ _ _ _ _ _ _ _ _ _ _ _ _ _ _ _ _ _ _ _ _ _ _ _ _ _ _ _ _ _ _ _ _ _ _ _ _ _ 
fmdtools/sim/propagate.py:632: in run
    simevent.run(self.mdl, scen=self.scen, **kwargs)
fmdtools/sim/propagate.py:395: in run
    self.mdl_copy = mdl(time=self.time, **kwar, copy=True)
                    ^^^^^^^^^^^^^^^^^^^^^^^^^^^^^^^^^^^^^^
_ _ _ _ _ _ _ _ _ _ _ _ _ _ _ _ _ _ _ _ _ _ _ _ _ _ _ _ _ _ _ _ _ _ _ _ _ _ _ _ 

self = pump Pump
- t=Time(time=0.0, timers={})
- m=Mode(mode='nominal', faults=set(), sub_faults=False)
FLOWS:
- ee_1=Electri...minal', faults=set(), sub_faults=False))
- export_water=ExportWater(m=(mode='nominal', faults=set(), sub_faults=False))
time = 2.0, proptype = 'both', faults = [], disturbances = {}, inc_at = 'all'
end_of_simulation = False, copy = True

    def __call__(self, time=None, proptype="both", faults=[], disturbances={},
                 inc_at="all", end_of_simulation=False, copy=False):
        """
        Call the Simulable to propagate behavior at a single time-step.
    
        Parameters
        ----------
        time : float/'end'
            Time at which to simulate the Simulable. Default is None, which uses
            self.t.time. If 'end' is provided, will be simulated until the end of
            the simulation (sp.end_time or sp.end_condition)
        proptype : str
            Type of propagation step to update ('static', 'dynamic', or 'both')
        faults : dict/list
            Faults to inject during this propagation step. (to be injected at time.)
            With structure ['fault1', 'fault2'...]
        disturbances : dict
            Variables to change during this propagation step. (to be injected at time.)
            With structure {'var1': value}
        inc_at : bool
            When to increment the history. If "all", increment at each time the sim
            iterates through. If "time", increment only at t==time.
        end_of_simulation : bool
            Whether this is the end of the simulation (and history should be cut).
        copy : bool
            If true, returns a copy of the model just before fault injection and
            stops simulation
        """
        try:
            if time == 'end':
                time = self.sp.end_time
            start_time, end_time = self.t.get_sim_times(time)
            sim_times = self.sp.get_timerange(start_time, end_time)
            for t in sim_times:
                if t == end_time:
                    if copy:
                        return self.copy()
                    if t != self.t.time:  # faults are only injected if not run yet
                        self.set_vars(**disturbances)
                        self.inject_faults(faults)
                self.t.update_time(t)
                if self.t.executing:
                    self.update_stochastic_states()
                    self.update_dynamic_behaviors(proptype=proptype)
                    self.update_static_behaviors(proptype=proptype)
                    self.set_sub_faults()
                    if inc_at == "all" or (inc_at == "time" and t == time):
                        self.inc_sim_time()
                        self.h.log(self, self.t.t_ind, self.t.time)
                    if self.sp.end_condition:
                        if get_var(self, self.sp.end_condition)():
                            break
    
            if end_of_simulation:
                self.cut_hist()
        except Exception as e:
&gt;           raise Exception("Error simulating " + self.name +
                            " of class " + self.__class__.__name__ +
                            " at time=" + str(self.t.time)) from e
E           Exception: Error simulating pump of class Pump at time=0.0

fmdtools/define/block/base.py:808: Exception

The above exception was the direct cause of the following exception:

self = MultiEventSimulation of
FaultSample of scenarios: 
 - pump_fxns_import_ee_inf_v_t2p0
 - pump_fxns_import_ee_no_v_t2p0
...ump_fxns_export_water_block_t2p0
 - pump_fxns_import_ee_inf_v_t27p0
 - pump_fxns_import_ee_no_v_t27p0
 - ... (24 total)
kwargs = {}

    def __call__(self, **kwargs):
        """Run the sim, save its results (if needed), return its result and history."""
        try:
&gt;           self.run(**kwargs)

fmdtools/sim/propagate.py:480: 
_ _ _ _ _ _ _ _ _ _ _ _ _ _ _ _ _ _ _ _ _ _ _ _ _ _ _ _ _ _ _ _ _ _ _ _ _ _ _ _ 
fmdtools/sim/propagate.py:1023: in run
    self.run_nom(with_copy=True)
fmdtools/sim/propagate.py:1008: in run_nom
    outs = nomsim(**sim_kwar)
           ^^^^^^^^^^^^^^^^^^
fmdtools/sim/propagate.py:620: in __call__
    res, hist = super().__call__(**kwargs)
                ^^^^^^^^^^^^^^^^^^^^^^^^^^
_ _ _ _ _ _ _ _ _ _ _ _ _ _ _ _ _ _ _ _ _ _ _ _ _ _ _ _ _ _ _ _ _ _ _ _ _ _ _ _ 

self = Simulation with SimEvents:
- 2.0=SimEvent(copy=True)
- 27.0=SimEvent(copy=True)
- 52.0=SimEvent(copy=True)
- end=SimEvent(to_return={'classify': None})
kwargs = {}

    def __call__(self, **kwargs):
        """Run the sim, save its results (if needed), return its result and history."""
        try:
            self.run(**kwargs)
        except Exception as e:
&gt;           raise Exception("Error simulating "+self.name+" scenario(s)") from e
E           Exception: Error simulating nominal scenario(s)

fmdtools/sim/propagate.py:482: Exception

The above exception was the direct cause of the following exception:

self = &lt;examples.pump.test_pump.PumpTests testMethod=test_fault_sample_save&gt;

    def test_fault_sample_save(self):
&gt;       self.check_fs_save(self.mdl, self.fs, "pump_res.npz", "pump_hist.npz")

examples/pump/test_pump.py:280: 
_ _ _ _ _ _ _ _ _ _ _ _ _ _ _ _ _ _ _ _ _ _ _ _ _ _ _ _ _ _ _ _ _ _ _ _ _ _ _ _ 
tests/common.py:379: in check_fs_save
    res, hist = prop.fault_sample(mdl, fs, **loc_kwargs)
                ^^^^^^^^^^^^^^^^^^^^^^^^^^^^^^^^^^^^^^^^
fmdtools/sim/propagate.py:249: in fault_sample
    return sim(**get_sim_call_kwargs(sim, **kwargs))
           ^^^^^^^^^^^^^^^^^^^^^^^^^^^^^^^^^^^^^^^^^
fmdtools/sim/propagate.py:975: in __call__
    rets = super().__call__(**kwargs)
           ^^^^^^^^^^^^^^^^^^^^^^^^^^
_ _ _ _ _ _ _ _ _ _ _ _ _ _ _ _ _ _ _ _ _ _ _ _ _ _ _ _ _ _ _ _ _ _ _ _ _ _ _ _ 

self = MultiEventSimulation of
FaultSample of scenarios: 
 - pump_fxns_import_ee_inf_v_t2p0
 - pump_fxns_import_ee_no_v_t2p0
...ump_fxns_export_water_block_t2p0
 - pump_fxns_import_ee_inf_v_t27p0
 - pump_fxns_import_ee_no_v_t27p0
 - ... (24 total)
kwargs = {}

    def __call__(self, **kwargs):
        """Run the sim, save its results (if needed), return its result and history."""
        try:
            self.run(**kwargs)
        except Exception as e:
&gt;           raise Exception("Error simulating "+self.name+" scenario(s)") from e
E           Exception: Error simulating fault sample scenario(s)

fmdtools/sim/propagate.py:482: Exception</failure></testcase><testcase classname="examples.pump.test_pump.PumpTests" name="test_fmea_options" time="0.053"><failure message="Exception: Error simulating fault sample scenario(s)">self = move_water MoveWat
- t=MoveWatTime(time=0.0, timers={'pressure_limit': Timer pressure_limit: mode= standby, time= 0.0}...(flowrate=0.0, pressure=0.0, area=1.0, level=1.0))
- wat_out=Water(s=(flowrate=0.0, pressure=0.0, area=1.0, level=1.0))
time = 0.0, proptype = 'static-once', faults = [], disturbances = {}
inc_at = '', end_of_simulation = False, copy = False

    def __call__(self, time=None, proptype="both", faults=[], disturbances={},
                 inc_at="all", end_of_simulation=False, copy=False):
        """
        Call the Simulable to propagate behavior at a single time-step.
    
        Parameters
        ----------
        time : float/'end'
            Time at which to simulate the Simulable. Default is None, which uses
            self.t.time. If 'end' is provided, will be simulated until the end of
            the simulation (sp.end_time or sp.end_condition)
        proptype : str
            Type of propagation step to update ('static', 'dynamic', or 'both')
        faults : dict/list
            Faults to inject during this propagation step. (to be injected at time.)
            With structure ['fault1', 'fault2'...]
        disturbances : dict
            Variables to change during this propagation step. (to be injected at time.)
            With structure {'var1': value}
        inc_at : bool
            When to increment the history. If "all", increment at each time the sim
            iterates through. If "time", increment only at t==time.
        end_of_simulation : bool
            Whether this is the end of the simulation (and history should be cut).
        copy : bool
            If true, returns a copy of the model just before fault injection and
            stops simulation
        """
        try:
            if time == 'end':
                time = self.sp.end_time
            start_time, end_time = self.t.get_sim_times(time)
            sim_times = self.sp.get_timerange(start_time, end_time)
            for t in sim_times:
                if t == end_time:
                    if copy:
                        return self.copy()
                    if t != self.t.time:  # faults are only injected if not run yet
                        self.set_vars(**disturbances)
                        self.inject_faults(faults)
                self.t.update_time(t)
                if self.t.executing:
                    self.update_stochastic_states()
                    self.update_dynamic_behaviors(proptype=proptype)
&gt;                   self.update_static_behaviors(proptype=proptype)

fmdtools/define/block/base.py:796: 
_ _ _ _ _ _ _ _ _ _ _ _ _ _ _ _ _ _ _ _ _ _ _ _ _ _ _ _ _ _ _ _ _ _ _ _ _ _ _ _ 
fmdtools/define/block/base.py:728: in update_static_behaviors
    self.execute_static_behaviors()
fmdtools/define/block/base.py:734: in execute_static_behaviors
    self.static_behavior()
_ _ _ _ _ _ _ _ _ _ _ _ _ _ _ _ _ _ _ _ _ _ _ _ _ _ _ _ _ _ _ _ _ _ _ _ _ _ _ _ 

self = move_water MoveWat
- t=MoveWatTime(time=0.0, timers={'pressure_limit': Timer pressure_limit: mode= standby, time= 0.0}...(flowrate=0.0, pressure=0.0, area=1.0, level=1.0))
- wat_out=Water(s=(flowrate=0.0, pressure=0.0, area=1.0, level=1.0))

    def static_behavior(self):
        """Define how the function will behave with different faults."""
        self.set_faults()
        if self.m.has_fault('short'):
            self.ee_in.s.current = 500*10/5000*self.sig_in.s.power*self.ee_in.s.voltage
            self.s.eff = 0.0
        elif self.m.has_fault('mech_break'):
            self.ee_in.s.current = 0.2*10/5000*self.sig_in.s.power*self.ee_in.s.voltage
            self.s.eff = 0.0
        else:
            self.ee_in.s.current = 10/5000*self.sig_in.s.power * \
                self.ee_in.s.voltage*min(13.0, self.wat_out.s.pressure)
            # if we wanted to enforce nominall eff state, we would include:
            # self.s.eff = 1.0
    
        velocity = self.sig_in.s.power*self.s.eff * \
            min(1000, self.ee_in.s.voltage)*self.wat_in.s.level
        self.wat_out.s.pressure = 10/500 * velocity/self.wat_out.s.area
        self.wat_out.s.flowrate = 0.3/500 * velocity*self.wat_out.s.area
    
        self.wat_in.s.assign(self.wat_out.s, 'pressure', 'flowrate')
&gt;       print(a)
              ^
E       NameError: name 'a' is not defined

examples/pump/ex_pump.py:436: NameError

The above exception was the direct cause of the following exception:

self = pump Pump
- t=Time(time=0.0, timers={})
- m=Mode(mode='nominal', faults=set(), sub_faults=False)
FLOWS:
- ee_1=Electri...minal', faults=set(), sub_faults=False))
- export_water=ExportWater(m=(mode='nominal', faults=set(), sub_faults=False))
time = 12.0, proptype = 'both', faults = [], disturbances = {}, inc_at = 'all'
end_of_simulation = False, copy = True

    def __call__(self, time=None, proptype="both", faults=[], disturbances={},
                 inc_at="all", end_of_simulation=False, copy=False):
        """
        Call the Simulable to propagate behavior at a single time-step.
    
        Parameters
        ----------
        time : float/'end'
            Time at which to simulate the Simulable. Default is None, which uses
            self.t.time. If 'end' is provided, will be simulated until the end of
            the simulation (sp.end_time or sp.end_condition)
        proptype : str
            Type of propagation step to update ('static', 'dynamic', or 'both')
        faults : dict/list
            Faults to inject during this propagation step. (to be injected at time.)
            With structure ['fault1', 'fault2'...]
        disturbances : dict
            Variables to change during this propagation step. (to be injected at time.)
            With structure {'var1': value}
        inc_at : bool
            When to increment the history. If "all", increment at each time the sim
            iterates through. If "time", increment only at t==time.
        end_of_simulation : bool
            Whether this is the end of the simulation (and history should be cut).
        copy : bool
            If true, returns a copy of the model just before fault injection and
            stops simulation
        """
        try:
            if time == 'end':
                time = self.sp.end_time
            start_time, end_time = self.t.get_sim_times(time)
            sim_times = self.sp.get_timerange(start_time, end_time)
            for t in sim_times:
                if t == end_time:
                    if copy:
                        return self.copy()
                    if t != self.t.time:  # faults are only injected if not run yet
                        self.set_vars(**disturbances)
                        self.inject_faults(faults)
                self.t.update_time(t)
                if self.t.executing:
                    self.update_stochastic_states()
                    self.update_dynamic_behaviors(proptype=proptype)
&gt;                   self.update_static_behaviors(proptype=proptype)

fmdtools/define/block/base.py:796: 
_ _ _ _ _ _ _ _ _ _ _ _ _ _ _ _ _ _ _ _ _ _ _ _ _ _ _ _ _ _ _ _ _ _ _ _ _ _ _ _ 
fmdtools/define/block/base.py:724: in update_static_behaviors
    self.execute_static_behaviors()
fmdtools/define/block/base.py:732: in execute_static_behaviors
    self.update_arch_behaviors("static")
fmdtools/define/architecture/base.py:163: in update_arch_behaviors
    self.prop_static()
fmdtools/define/architecture/base.py:203: in prop_static
    sim(time=self.t.time, proptype='static-once', inc_at="")
_ _ _ _ _ _ _ _ _ _ _ _ _ _ _ _ _ _ _ _ _ _ _ _ _ _ _ _ _ _ _ _ _ _ _ _ _ _ _ _ 

self = move_water MoveWat
- t=MoveWatTime(time=0.0, timers={'pressure_limit': Timer pressure_limit: mode= standby, time= 0.0}...(flowrate=0.0, pressure=0.0, area=1.0, level=1.0))
- wat_out=Water(s=(flowrate=0.0, pressure=0.0, area=1.0, level=1.0))
time = 0.0, proptype = 'static-once', faults = [], disturbances = {}
inc_at = '', end_of_simulation = False, copy = False

    def __call__(self, time=None, proptype="both", faults=[], disturbances={},
                 inc_at="all", end_of_simulation=False, copy=False):
        """
        Call the Simulable to propagate behavior at a single time-step.
    
        Parameters
        ----------
        time : float/'end'
            Time at which to simulate the Simulable. Default is None, which uses
            self.t.time. If 'end' is provided, will be simulated until the end of
            the simulation (sp.end_time or sp.end_condition)
        proptype : str
            Type of propagation step to update ('static', 'dynamic', or 'both')
        faults : dict/list
            Faults to inject during this propagation step. (to be injected at time.)
            With structure ['fault1', 'fault2'...]
        disturbances : dict
            Variables to change during this propagation step. (to be injected at time.)
            With structure {'var1': value}
        inc_at : bool
            When to increment the history. If "all", increment at each time the sim
            iterates through. If "time", increment only at t==time.
        end_of_simulation : bool
            Whether this is the end of the simulation (and history should be cut).
        copy : bool
            If true, returns a copy of the model just before fault injection and
            stops simulation
        """
        try:
            if time == 'end':
                time = self.sp.end_time
            start_time, end_time = self.t.get_sim_times(time)
            sim_times = self.sp.get_timerange(start_time, end_time)
            for t in sim_times:
                if t == end_time:
                    if copy:
                        return self.copy()
                    if t != self.t.time:  # faults are only injected if not run yet
                        self.set_vars(**disturbances)
                        self.inject_faults(faults)
                self.t.update_time(t)
                if self.t.executing:
                    self.update_stochastic_states()
                    self.update_dynamic_behaviors(proptype=proptype)
                    self.update_static_behaviors(proptype=proptype)
                    self.set_sub_faults()
                    if inc_at == "all" or (inc_at == "time" and t == time):
                        self.inc_sim_time()
                        self.h.log(self, self.t.t_ind, self.t.time)
                    if self.sp.end_condition:
                        if get_var(self, self.sp.end_condition)():
                            break
    
            if end_of_simulation:
                self.cut_hist()
        except Exception as e:
&gt;           raise Exception("Error simulating " + self.name +
                            " of class " + self.__class__.__name__ +
                            " at time=" + str(self.t.time)) from e
E           Exception: Error simulating move_water of class MoveWat at time=0.0

fmdtools/define/block/base.py:808: Exception

The above exception was the direct cause of the following exception:

self = Simulation with SimEvents:
- 12.0=SimEvent(copy=True)
- 20.0=SimEvent(copy=True)
- 27.0=SimEvent(copy=True)
- 34.0=SimEvent(copy=True)
- 42.0=SimEvent(copy=True)
- end=SimEvent(to_return={'classify': None})
kwargs = {}

    def __call__(self, **kwargs):
        """Run the sim, save its results (if needed), return its result and history."""
        try:
&gt;           self.run(**kwargs)

fmdtools/sim/propagate.py:480: 
_ _ _ _ _ _ _ _ _ _ _ _ _ _ _ _ _ _ _ _ _ _ _ _ _ _ _ _ _ _ _ _ _ _ _ _ _ _ _ _ 
fmdtools/sim/propagate.py:632: in run
    simevent.run(self.mdl, scen=self.scen, **kwargs)
fmdtools/sim/propagate.py:395: in run
    self.mdl_copy = mdl(time=self.time, **kwar, copy=True)
                    ^^^^^^^^^^^^^^^^^^^^^^^^^^^^^^^^^^^^^^
_ _ _ _ _ _ _ _ _ _ _ _ _ _ _ _ _ _ _ _ _ _ _ _ _ _ _ _ _ _ _ _ _ _ _ _ _ _ _ _ 

self = pump Pump
- t=Time(time=0.0, timers={})
- m=Mode(mode='nominal', faults=set(), sub_faults=False)
FLOWS:
- ee_1=Electri...minal', faults=set(), sub_faults=False))
- export_water=ExportWater(m=(mode='nominal', faults=set(), sub_faults=False))
time = 12.0, proptype = 'both', faults = [], disturbances = {}, inc_at = 'all'
end_of_simulation = False, copy = True

    def __call__(self, time=None, proptype="both", faults=[], disturbances={},
                 inc_at="all", end_of_simulation=False, copy=False):
        """
        Call the Simulable to propagate behavior at a single time-step.
    
        Parameters
        ----------
        time : float/'end'
            Time at which to simulate the Simulable. Default is None, which uses
            self.t.time. If 'end' is provided, will be simulated until the end of
            the simulation (sp.end_time or sp.end_condition)
        proptype : str
            Type of propagation step to update ('static', 'dynamic', or 'both')
        faults : dict/list
            Faults to inject during this propagation step. (to be injected at time.)
            With structure ['fault1', 'fault2'...]
        disturbances : dict
            Variables to change during this propagation step. (to be injected at time.)
            With structure {'var1': value}
        inc_at : bool
            When to increment the history. If "all", increment at each time the sim
            iterates through. If "time", increment only at t==time.
        end_of_simulation : bool
            Whether this is the end of the simulation (and history should be cut).
        copy : bool
            If true, returns a copy of the model just before fault injection and
            stops simulation
        """
        try:
            if time == 'end':
                time = self.sp.end_time
            start_time, end_time = self.t.get_sim_times(time)
            sim_times = self.sp.get_timerange(start_time, end_time)
            for t in sim_times:
                if t == end_time:
                    if copy:
                        return self.copy()
                    if t != self.t.time:  # faults are only injected if not run yet
                        self.set_vars(**disturbances)
                        self.inject_faults(faults)
                self.t.update_time(t)
                if self.t.executing:
                    self.update_stochastic_states()
                    self.update_dynamic_behaviors(proptype=proptype)
                    self.update_static_behaviors(proptype=proptype)
                    self.set_sub_faults()
                    if inc_at == "all" or (inc_at == "time" and t == time):
                        self.inc_sim_time()
                        self.h.log(self, self.t.t_ind, self.t.time)
                    if self.sp.end_condition:
                        if get_var(self, self.sp.end_condition)():
                            break
    
            if end_of_simulation:
                self.cut_hist()
        except Exception as e:
&gt;           raise Exception("Error simulating " + self.name +
                            " of class " + self.__class__.__name__ +
                            " at time=" + str(self.t.time)) from e
E           Exception: Error simulating pump of class Pump at time=0.0

fmdtools/define/block/base.py:808: Exception

The above exception was the direct cause of the following exception:

self = MultiEventSimulation of
FaultSample of scenarios: 
 - move_water_mech_break_t12p0
 - move_water_mech_break_t20p0
 - move_water_mech_break_t27p0
 - move_water_mech_break_t34p0
 - move_water_mech_break_t42p0
kwargs = {}

    def __call__(self, **kwargs):
        """Run the sim, save its results (if needed), return its result and history."""
        try:
&gt;           self.run(**kwargs)

fmdtools/sim/propagate.py:480: 
_ _ _ _ _ _ _ _ _ _ _ _ _ _ _ _ _ _ _ _ _ _ _ _ _ _ _ _ _ _ _ _ _ _ _ _ _ _ _ _ 
fmdtools/sim/propagate.py:1023: in run
    self.run_nom(with_copy=True)
fmdtools/sim/propagate.py:1008: in run_nom
    outs = nomsim(**sim_kwar)
           ^^^^^^^^^^^^^^^^^^
fmdtools/sim/propagate.py:620: in __call__
    res, hist = super().__call__(**kwargs)
                ^^^^^^^^^^^^^^^^^^^^^^^^^^
_ _ _ _ _ _ _ _ _ _ _ _ _ _ _ _ _ _ _ _ _ _ _ _ _ _ _ _ _ _ _ _ _ _ _ _ _ _ _ _ 

self = Simulation with SimEvents:
- 12.0=SimEvent(copy=True)
- 20.0=SimEvent(copy=True)
- 27.0=SimEvent(copy=True)
- 34.0=SimEvent(copy=True)
- 42.0=SimEvent(copy=True)
- end=SimEvent(to_return={'classify': None})
kwargs = {}

    def __call__(self, **kwargs):
        """Run the sim, save its results (if needed), return its result and history."""
        try:
            self.run(**kwargs)
        except Exception as e:
&gt;           raise Exception("Error simulating "+self.name+" scenario(s)") from e
E           Exception: Error simulating nominal scenario(s)

fmdtools/sim/propagate.py:482: Exception

The above exception was the direct cause of the following exception:

self = &lt;examples.pump.test_pump.PumpTests testMethod=test_fmea_options&gt;

    def test_fmea_options(self):
        fd = FaultDomain(self.mdl)
        fd.add_fault('move_water', 'mech_break')
        fs = FaultSample(fd)
        fs.add_fault_phases("on", args=(5,))
    
&gt;       ec, mdlhists = prop.fault_sample(self.water_mdl, fs, showprogress=False)
                       ^^^^^^^^^^^^^^^^^^^^^^^^^^^^^^^^^^^^^^^^^^^^^^^^^^^^^^^^^

examples/pump/test_pump.py:295: 
_ _ _ _ _ _ _ _ _ _ _ _ _ _ _ _ _ _ _ _ _ _ _ _ _ _ _ _ _ _ _ _ _ _ _ _ _ _ _ _ 
fmdtools/sim/propagate.py:249: in fault_sample
    return sim(**get_sim_call_kwargs(sim, **kwargs))
           ^^^^^^^^^^^^^^^^^^^^^^^^^^^^^^^^^^^^^^^^^
fmdtools/sim/propagate.py:975: in __call__
    rets = super().__call__(**kwargs)
           ^^^^^^^^^^^^^^^^^^^^^^^^^^
_ _ _ _ _ _ _ _ _ _ _ _ _ _ _ _ _ _ _ _ _ _ _ _ _ _ _ _ _ _ _ _ _ _ _ _ _ _ _ _ 

self = MultiEventSimulation of
FaultSample of scenarios: 
 - move_water_mech_break_t12p0
 - move_water_mech_break_t20p0
 - move_water_mech_break_t27p0
 - move_water_mech_break_t34p0
 - move_water_mech_break_t42p0
kwargs = {}

    def __call__(self, **kwargs):
        """Run the sim, save its results (if needed), return its result and history."""
        try:
            self.run(**kwargs)
        except Exception as e:
&gt;           raise Exception("Error simulating "+self.name+" scenario(s)") from e
E           Exception: Error simulating fault sample scenario(s)

fmdtools/sim/propagate.py:482: Exception</failure></testcase><testcase classname="examples.pump.test_pump.PumpTests" name="test_hist_tracking_setup" time="0.066" /><testcase classname="examples.pump.test_pump.PumpTests" name="test_model_copy_different" time="0.049"><failure message="Exception: Error simulating pump of class Pump at time=0.0">self = move_water MoveWat
- t=MoveWatTime(time=0.0, timers={'pressure_limit': Timer pressure_limit: mode= standby, time= 0.0}...(flowrate=0.0, pressure=0.0, area=1.0, level=1.0))
- wat_out=Water(s=(flowrate=0.0, pressure=0.0, area=1.0, level=1.0))
time = 0.0, proptype = 'static-once', faults = [], disturbances = {}
inc_at = '', end_of_simulation = False, copy = False

    def __call__(self, time=None, proptype="both", faults=[], disturbances={},
                 inc_at="all", end_of_simulation=False, copy=False):
        """
        Call the Simulable to propagate behavior at a single time-step.
    
        Parameters
        ----------
        time : float/'end'
            Time at which to simulate the Simulable. Default is None, which uses
            self.t.time. If 'end' is provided, will be simulated until the end of
            the simulation (sp.end_time or sp.end_condition)
        proptype : str
            Type of propagation step to update ('static', 'dynamic', or 'both')
        faults : dict/list
            Faults to inject during this propagation step. (to be injected at time.)
            With structure ['fault1', 'fault2'...]
        disturbances : dict
            Variables to change during this propagation step. (to be injected at time.)
            With structure {'var1': value}
        inc_at : bool
            When to increment the history. If "all", increment at each time the sim
            iterates through. If "time", increment only at t==time.
        end_of_simulation : bool
            Whether this is the end of the simulation (and history should be cut).
        copy : bool
            If true, returns a copy of the model just before fault injection and
            stops simulation
        """
        try:
            if time == 'end':
                time = self.sp.end_time
            start_time, end_time = self.t.get_sim_times(time)
            sim_times = self.sp.get_timerange(start_time, end_time)
            for t in sim_times:
                if t == end_time:
                    if copy:
                        return self.copy()
                    if t != self.t.time:  # faults are only injected if not run yet
                        self.set_vars(**disturbances)
                        self.inject_faults(faults)
                self.t.update_time(t)
                if self.t.executing:
                    self.update_stochastic_states()
                    self.update_dynamic_behaviors(proptype=proptype)
&gt;                   self.update_static_behaviors(proptype=proptype)

fmdtools/define/block/base.py:796: 
_ _ _ _ _ _ _ _ _ _ _ _ _ _ _ _ _ _ _ _ _ _ _ _ _ _ _ _ _ _ _ _ _ _ _ _ _ _ _ _ 
fmdtools/define/block/base.py:728: in update_static_behaviors
    self.execute_static_behaviors()
fmdtools/define/block/base.py:734: in execute_static_behaviors
    self.static_behavior()
_ _ _ _ _ _ _ _ _ _ _ _ _ _ _ _ _ _ _ _ _ _ _ _ _ _ _ _ _ _ _ _ _ _ _ _ _ _ _ _ 

self = move_water MoveWat
- t=MoveWatTime(time=0.0, timers={'pressure_limit': Timer pressure_limit: mode= standby, time= 0.0}...(flowrate=0.0, pressure=0.0, area=1.0, level=1.0))
- wat_out=Water(s=(flowrate=0.0, pressure=0.0, area=1.0, level=1.0))

    def static_behavior(self):
        """Define how the function will behave with different faults."""
        self.set_faults()
        if self.m.has_fault('short'):
            self.ee_in.s.current = 500*10/5000*self.sig_in.s.power*self.ee_in.s.voltage
            self.s.eff = 0.0
        elif self.m.has_fault('mech_break'):
            self.ee_in.s.current = 0.2*10/5000*self.sig_in.s.power*self.ee_in.s.voltage
            self.s.eff = 0.0
        else:
            self.ee_in.s.current = 10/5000*self.sig_in.s.power * \
                self.ee_in.s.voltage*min(13.0, self.wat_out.s.pressure)
            # if we wanted to enforce nominall eff state, we would include:
            # self.s.eff = 1.0
    
        velocity = self.sig_in.s.power*self.s.eff * \
            min(1000, self.ee_in.s.voltage)*self.wat_in.s.level
        self.wat_out.s.pressure = 10/500 * velocity/self.wat_out.s.area
        self.wat_out.s.flowrate = 0.3/500 * velocity*self.wat_out.s.area
    
        self.wat_in.s.assign(self.wat_out.s, 'pressure', 'flowrate')
&gt;       print(a)
              ^
E       NameError: name 'a' is not defined

examples/pump/ex_pump.py:436: NameError

The above exception was the direct cause of the following exception:

self = pump Pump
- t=Time(time=0.0, timers={})
- m=Mode(mode='nominal', faults=set(), sub_faults=False)
FLOWS:
- ee_1=Electri...minal', faults=set(), sub_faults=False))
- export_water=ExportWater(m=(mode='nominal', faults=set(), sub_faults=False))
time = 0, proptype = 'both', faults = [], disturbances = {}, inc_at = 'all'
end_of_simulation = False, copy = False

    def __call__(self, time=None, proptype="both", faults=[], disturbances={},
                 inc_at="all", end_of_simulation=False, copy=False):
        """
        Call the Simulable to propagate behavior at a single time-step.
    
        Parameters
        ----------
        time : float/'end'
            Time at which to simulate the Simulable. Default is None, which uses
            self.t.time. If 'end' is provided, will be simulated until the end of
            the simulation (sp.end_time or sp.end_condition)
        proptype : str
            Type of propagation step to update ('static', 'dynamic', or 'both')
        faults : dict/list
            Faults to inject during this propagation step. (to be injected at time.)
            With structure ['fault1', 'fault2'...]
        disturbances : dict
            Variables to change during this propagation step. (to be injected at time.)
            With structure {'var1': value}
        inc_at : bool
            When to increment the history. If "all", increment at each time the sim
            iterates through. If "time", increment only at t==time.
        end_of_simulation : bool
            Whether this is the end of the simulation (and history should be cut).
        copy : bool
            If true, returns a copy of the model just before fault injection and
            stops simulation
        """
        try:
            if time == 'end':
                time = self.sp.end_time
            start_time, end_time = self.t.get_sim_times(time)
            sim_times = self.sp.get_timerange(start_time, end_time)
            for t in sim_times:
                if t == end_time:
                    if copy:
                        return self.copy()
                    if t != self.t.time:  # faults are only injected if not run yet
                        self.set_vars(**disturbances)
                        self.inject_faults(faults)
                self.t.update_time(t)
                if self.t.executing:
                    self.update_stochastic_states()
                    self.update_dynamic_behaviors(proptype=proptype)
&gt;                   self.update_static_behaviors(proptype=proptype)

fmdtools/define/block/base.py:796: 
_ _ _ _ _ _ _ _ _ _ _ _ _ _ _ _ _ _ _ _ _ _ _ _ _ _ _ _ _ _ _ _ _ _ _ _ _ _ _ _ 
fmdtools/define/block/base.py:724: in update_static_behaviors
    self.execute_static_behaviors()
fmdtools/define/block/base.py:732: in execute_static_behaviors
    self.update_arch_behaviors("static")
fmdtools/define/architecture/base.py:163: in update_arch_behaviors
    self.prop_static()
fmdtools/define/architecture/base.py:203: in prop_static
    sim(time=self.t.time, proptype='static-once', inc_at="")
_ _ _ _ _ _ _ _ _ _ _ _ _ _ _ _ _ _ _ _ _ _ _ _ _ _ _ _ _ _ _ _ _ _ _ _ _ _ _ _ 

self = move_water MoveWat
- t=MoveWatTime(time=0.0, timers={'pressure_limit': Timer pressure_limit: mode= standby, time= 0.0}...(flowrate=0.0, pressure=0.0, area=1.0, level=1.0))
- wat_out=Water(s=(flowrate=0.0, pressure=0.0, area=1.0, level=1.0))
time = 0.0, proptype = 'static-once', faults = [], disturbances = {}
inc_at = '', end_of_simulation = False, copy = False

    def __call__(self, time=None, proptype="both", faults=[], disturbances={},
                 inc_at="all", end_of_simulation=False, copy=False):
        """
        Call the Simulable to propagate behavior at a single time-step.
    
        Parameters
        ----------
        time : float/'end'
            Time at which to simulate the Simulable. Default is None, which uses
            self.t.time. If 'end' is provided, will be simulated until the end of
            the simulation (sp.end_time or sp.end_condition)
        proptype : str
            Type of propagation step to update ('static', 'dynamic', or 'both')
        faults : dict/list
            Faults to inject during this propagation step. (to be injected at time.)
            With structure ['fault1', 'fault2'...]
        disturbances : dict
            Variables to change during this propagation step. (to be injected at time.)
            With structure {'var1': value}
        inc_at : bool
            When to increment the history. If "all", increment at each time the sim
            iterates through. If "time", increment only at t==time.
        end_of_simulation : bool
            Whether this is the end of the simulation (and history should be cut).
        copy : bool
            If true, returns a copy of the model just before fault injection and
            stops simulation
        """
        try:
            if time == 'end':
                time = self.sp.end_time
            start_time, end_time = self.t.get_sim_times(time)
            sim_times = self.sp.get_timerange(start_time, end_time)
            for t in sim_times:
                if t == end_time:
                    if copy:
                        return self.copy()
                    if t != self.t.time:  # faults are only injected if not run yet
                        self.set_vars(**disturbances)
                        self.inject_faults(faults)
                self.t.update_time(t)
                if self.t.executing:
                    self.update_stochastic_states()
                    self.update_dynamic_behaviors(proptype=proptype)
                    self.update_static_behaviors(proptype=proptype)
                    self.set_sub_faults()
                    if inc_at == "all" or (inc_at == "time" and t == time):
                        self.inc_sim_time()
                        self.h.log(self, self.t.t_ind, self.t.time)
                    if self.sp.end_condition:
                        if get_var(self, self.sp.end_condition)():
                            break
    
            if end_of_simulation:
                self.cut_hist()
        except Exception as e:
&gt;           raise Exception("Error simulating " + self.name +
                            " of class " + self.__class__.__name__ +
                            " at time=" + str(self.t.time)) from e
E           Exception: Error simulating move_water of class MoveWat at time=0.0

fmdtools/define/block/base.py:808: Exception

The above exception was the direct cause of the following exception:

self = &lt;examples.pump.test_pump.PumpTests testMethod=test_model_copy_different&gt;

    def test_model_copy_different(self):
        inj_times = [10, 20, 30, 40]
&gt;       self.check_model_copy_different(self.mdl, inj_times, max_time=55)

examples/pump/test_pump.py:136: 
_ _ _ _ _ _ _ _ _ _ _ _ _ _ _ _ _ _ _ _ _ _ _ _ _ _ _ _ _ _ _ _ _ _ _ _ _ _ _ _ 
tests/common.py:186: in check_model_copy_different
    mdlc(time=t)
_ _ _ _ _ _ _ _ _ _ _ _ _ _ _ _ _ _ _ _ _ _ _ _ _ _ _ _ _ _ _ _ _ _ _ _ _ _ _ _ 

self = pump Pump
- t=Time(time=0.0, timers={})
- m=Mode(mode='nominal', faults=set(), sub_faults=False)
FLOWS:
- ee_1=Electri...minal', faults=set(), sub_faults=False))
- export_water=ExportWater(m=(mode='nominal', faults=set(), sub_faults=False))
time = 0, proptype = 'both', faults = [], disturbances = {}, inc_at = 'all'
end_of_simulation = False, copy = False

    def __call__(self, time=None, proptype="both", faults=[], disturbances={},
                 inc_at="all", end_of_simulation=False, copy=False):
        """
        Call the Simulable to propagate behavior at a single time-step.
    
        Parameters
        ----------
        time : float/'end'
            Time at which to simulate the Simulable. Default is None, which uses
            self.t.time. If 'end' is provided, will be simulated until the end of
            the simulation (sp.end_time or sp.end_condition)
        proptype : str
            Type of propagation step to update ('static', 'dynamic', or 'both')
        faults : dict/list
            Faults to inject during this propagation step. (to be injected at time.)
            With structure ['fault1', 'fault2'...]
        disturbances : dict
            Variables to change during this propagation step. (to be injected at time.)
            With structure {'var1': value}
        inc_at : bool
            When to increment the history. If "all", increment at each time the sim
            iterates through. If "time", increment only at t==time.
        end_of_simulation : bool
            Whether this is the end of the simulation (and history should be cut).
        copy : bool
            If true, returns a copy of the model just before fault injection and
            stops simulation
        """
        try:
            if time == 'end':
                time = self.sp.end_time
            start_time, end_time = self.t.get_sim_times(time)
            sim_times = self.sp.get_timerange(start_time, end_time)
            for t in sim_times:
                if t == end_time:
                    if copy:
                        return self.copy()
                    if t != self.t.time:  # faults are only injected if not run yet
                        self.set_vars(**disturbances)
                        self.inject_faults(faults)
                self.t.update_time(t)
                if self.t.executing:
                    self.update_stochastic_states()
                    self.update_dynamic_behaviors(proptype=proptype)
                    self.update_static_behaviors(proptype=proptype)
                    self.set_sub_faults()
                    if inc_at == "all" or (inc_at == "time" and t == time):
                        self.inc_sim_time()
                        self.h.log(self, self.t.t_ind, self.t.time)
                    if self.sp.end_condition:
                        if get_var(self, self.sp.end_condition)():
                            break
    
            if end_of_simulation:
                self.cut_hist()
        except Exception as e:
&gt;           raise Exception("Error simulating " + self.name +
                            " of class " + self.__class__.__name__ +
                            " at time=" + str(self.t.time)) from e
E           Exception: Error simulating pump of class Pump at time=0.0

fmdtools/define/block/base.py:808: Exception</failure></testcase><testcase classname="examples.pump.test_pump.PumpTests" name="test_model_copy_same" time="0.067"><failure message="Exception: Error simulating pump of class Pump at time=0.0">self = move_water MoveWat
- t=MoveWatTime(time=0.0, timers={'pressure_limit': Timer pressure_limit: mode= standby, time= 0.0}...(flowrate=0.0, pressure=0.0, area=1.0, level=1.0))
- wat_out=Water(s=(flowrate=0.0, pressure=0.0, area=1.0, level=1.0))
time = 0.0, proptype = 'static-once', faults = [], disturbances = {}
inc_at = '', end_of_simulation = False, copy = False

    def __call__(self, time=None, proptype="both", faults=[], disturbances={},
                 inc_at="all", end_of_simulation=False, copy=False):
        """
        Call the Simulable to propagate behavior at a single time-step.
    
        Parameters
        ----------
        time : float/'end'
            Time at which to simulate the Simulable. Default is None, which uses
            self.t.time. If 'end' is provided, will be simulated until the end of
            the simulation (sp.end_time or sp.end_condition)
        proptype : str
            Type of propagation step to update ('static', 'dynamic', or 'both')
        faults : dict/list
            Faults to inject during this propagation step. (to be injected at time.)
            With structure ['fault1', 'fault2'...]
        disturbances : dict
            Variables to change during this propagation step. (to be injected at time.)
            With structure {'var1': value}
        inc_at : bool
            When to increment the history. If "all", increment at each time the sim
            iterates through. If "time", increment only at t==time.
        end_of_simulation : bool
            Whether this is the end of the simulation (and history should be cut).
        copy : bool
            If true, returns a copy of the model just before fault injection and
            stops simulation
        """
        try:
            if time == 'end':
                time = self.sp.end_time
            start_time, end_time = self.t.get_sim_times(time)
            sim_times = self.sp.get_timerange(start_time, end_time)
            for t in sim_times:
                if t == end_time:
                    if copy:
                        return self.copy()
                    if t != self.t.time:  # faults are only injected if not run yet
                        self.set_vars(**disturbances)
                        self.inject_faults(faults)
                self.t.update_time(t)
                if self.t.executing:
                    self.update_stochastic_states()
                    self.update_dynamic_behaviors(proptype=proptype)
&gt;                   self.update_static_behaviors(proptype=proptype)

fmdtools/define/block/base.py:796: 
_ _ _ _ _ _ _ _ _ _ _ _ _ _ _ _ _ _ _ _ _ _ _ _ _ _ _ _ _ _ _ _ _ _ _ _ _ _ _ _ 
fmdtools/define/block/base.py:728: in update_static_behaviors
    self.execute_static_behaviors()
fmdtools/define/block/base.py:734: in execute_static_behaviors
    self.static_behavior()
_ _ _ _ _ _ _ _ _ _ _ _ _ _ _ _ _ _ _ _ _ _ _ _ _ _ _ _ _ _ _ _ _ _ _ _ _ _ _ _ 

self = move_water MoveWat
- t=MoveWatTime(time=0.0, timers={'pressure_limit': Timer pressure_limit: mode= standby, time= 0.0}...(flowrate=0.0, pressure=0.0, area=1.0, level=1.0))
- wat_out=Water(s=(flowrate=0.0, pressure=0.0, area=1.0, level=1.0))

    def static_behavior(self):
        """Define how the function will behave with different faults."""
        self.set_faults()
        if self.m.has_fault('short'):
            self.ee_in.s.current = 500*10/5000*self.sig_in.s.power*self.ee_in.s.voltage
            self.s.eff = 0.0
        elif self.m.has_fault('mech_break'):
            self.ee_in.s.current = 0.2*10/5000*self.sig_in.s.power*self.ee_in.s.voltage
            self.s.eff = 0.0
        else:
            self.ee_in.s.current = 10/5000*self.sig_in.s.power * \
                self.ee_in.s.voltage*min(13.0, self.wat_out.s.pressure)
            # if we wanted to enforce nominall eff state, we would include:
            # self.s.eff = 1.0
    
        velocity = self.sig_in.s.power*self.s.eff * \
            min(1000, self.ee_in.s.voltage)*self.wat_in.s.level
        self.wat_out.s.pressure = 10/500 * velocity/self.wat_out.s.area
        self.wat_out.s.flowrate = 0.3/500 * velocity*self.wat_out.s.area
    
        self.wat_in.s.assign(self.wat_out.s, 'pressure', 'flowrate')
&gt;       print(a)
              ^
E       NameError: name 'a' is not defined

examples/pump/ex_pump.py:436: NameError

The above exception was the direct cause of the following exception:

self = pump Pump
- t=Time(time=0.0, timers={})
- m=Mode(mode='nominal', faults=set(), sub_faults=False)
FLOWS:
- ee_1=Electri...minal', faults=set(), sub_faults=False))
- export_water=ExportWater(m=(mode='nominal', faults=set(), sub_faults=False))
time = 0, proptype = 'both', faults = {}, disturbances = {}, inc_at = 'all'
end_of_simulation = False, copy = False

    def __call__(self, time=None, proptype="both", faults=[], disturbances={},
                 inc_at="all", end_of_simulation=False, copy=False):
        """
        Call the Simulable to propagate behavior at a single time-step.
    
        Parameters
        ----------
        time : float/'end'
            Time at which to simulate the Simulable. Default is None, which uses
            self.t.time. If 'end' is provided, will be simulated until the end of
            the simulation (sp.end_time or sp.end_condition)
        proptype : str
            Type of propagation step to update ('static', 'dynamic', or 'both')
        faults : dict/list
            Faults to inject during this propagation step. (to be injected at time.)
            With structure ['fault1', 'fault2'...]
        disturbances : dict
            Variables to change during this propagation step. (to be injected at time.)
            With structure {'var1': value}
        inc_at : bool
            When to increment the history. If "all", increment at each time the sim
            iterates through. If "time", increment only at t==time.
        end_of_simulation : bool
            Whether this is the end of the simulation (and history should be cut).
        copy : bool
            If true, returns a copy of the model just before fault injection and
            stops simulation
        """
        try:
            if time == 'end':
                time = self.sp.end_time
            start_time, end_time = self.t.get_sim_times(time)
            sim_times = self.sp.get_timerange(start_time, end_time)
            for t in sim_times:
                if t == end_time:
                    if copy:
                        return self.copy()
                    if t != self.t.time:  # faults are only injected if not run yet
                        self.set_vars(**disturbances)
                        self.inject_faults(faults)
                self.t.update_time(t)
                if self.t.executing:
                    self.update_stochastic_states()
                    self.update_dynamic_behaviors(proptype=proptype)
&gt;                   self.update_static_behaviors(proptype=proptype)

fmdtools/define/block/base.py:796: 
_ _ _ _ _ _ _ _ _ _ _ _ _ _ _ _ _ _ _ _ _ _ _ _ _ _ _ _ _ _ _ _ _ _ _ _ _ _ _ _ 
fmdtools/define/block/base.py:724: in update_static_behaviors
    self.execute_static_behaviors()
fmdtools/define/block/base.py:732: in execute_static_behaviors
    self.update_arch_behaviors("static")
fmdtools/define/architecture/base.py:163: in update_arch_behaviors
    self.prop_static()
fmdtools/define/architecture/base.py:203: in prop_static
    sim(time=self.t.time, proptype='static-once', inc_at="")
_ _ _ _ _ _ _ _ _ _ _ _ _ _ _ _ _ _ _ _ _ _ _ _ _ _ _ _ _ _ _ _ _ _ _ _ _ _ _ _ 

self = move_water MoveWat
- t=MoveWatTime(time=0.0, timers={'pressure_limit': Timer pressure_limit: mode= standby, time= 0.0}...(flowrate=0.0, pressure=0.0, area=1.0, level=1.0))
- wat_out=Water(s=(flowrate=0.0, pressure=0.0, area=1.0, level=1.0))
time = 0.0, proptype = 'static-once', faults = [], disturbances = {}
inc_at = '', end_of_simulation = False, copy = False

    def __call__(self, time=None, proptype="both", faults=[], disturbances={},
                 inc_at="all", end_of_simulation=False, copy=False):
        """
        Call the Simulable to propagate behavior at a single time-step.
    
        Parameters
        ----------
        time : float/'end'
            Time at which to simulate the Simulable. Default is None, which uses
            self.t.time. If 'end' is provided, will be simulated until the end of
            the simulation (sp.end_time or sp.end_condition)
        proptype : str
            Type of propagation step to update ('static', 'dynamic', or 'both')
        faults : dict/list
            Faults to inject during this propagation step. (to be injected at time.)
            With structure ['fault1', 'fault2'...]
        disturbances : dict
            Variables to change during this propagation step. (to be injected at time.)
            With structure {'var1': value}
        inc_at : bool
            When to increment the history. If "all", increment at each time the sim
            iterates through. If "time", increment only at t==time.
        end_of_simulation : bool
            Whether this is the end of the simulation (and history should be cut).
        copy : bool
            If true, returns a copy of the model just before fault injection and
            stops simulation
        """
        try:
            if time == 'end':
                time = self.sp.end_time
            start_time, end_time = self.t.get_sim_times(time)
            sim_times = self.sp.get_timerange(start_time, end_time)
            for t in sim_times:
                if t == end_time:
                    if copy:
                        return self.copy()
                    if t != self.t.time:  # faults are only injected if not run yet
                        self.set_vars(**disturbances)
                        self.inject_faults(faults)
                self.t.update_time(t)
                if self.t.executing:
                    self.update_stochastic_states()
                    self.update_dynamic_behaviors(proptype=proptype)
                    self.update_static_behaviors(proptype=proptype)
                    self.set_sub_faults()
                    if inc_at == "all" or (inc_at == "time" and t == time):
                        self.inc_sim_time()
                        self.h.log(self, self.t.t_ind, self.t.time)
                    if self.sp.end_condition:
                        if get_var(self, self.sp.end_condition)():
                            break
    
            if end_of_simulation:
                self.cut_hist()
        except Exception as e:
&gt;           raise Exception("Error simulating " + self.name +
                            " of class " + self.__class__.__name__ +
                            " at time=" + str(self.t.time)) from e
E           Exception: Error simulating move_water of class MoveWat at time=0.0

fmdtools/define/block/base.py:808: Exception

The above exception was the direct cause of the following exception:

self = &lt;examples.pump.test_pump.PumpTests testMethod=test_model_copy_same&gt;

    def test_model_copy_same(self):
        inj_times = [10, 20, 30, 40]
&gt;       self.check_model_copy_same(self.mdl, Pump(), inj_times, 30, max_time=55)

examples/pump/test_pump.py:132: 
_ _ _ _ _ _ _ _ _ _ _ _ _ _ _ _ _ _ _ _ _ _ _ _ _ _ _ _ _ _ _ _ _ _ _ _ _ _ _ _ 
tests/common.py:63: in check_model_copy_same
    mdla(time=t, faults=scen)
_ _ _ _ _ _ _ _ _ _ _ _ _ _ _ _ _ _ _ _ _ _ _ _ _ _ _ _ _ _ _ _ _ _ _ _ _ _ _ _ 

self = pump Pump
- t=Time(time=0.0, timers={})
- m=Mode(mode='nominal', faults=set(), sub_faults=False)
FLOWS:
- ee_1=Electri...minal', faults=set(), sub_faults=False))
- export_water=ExportWater(m=(mode='nominal', faults=set(), sub_faults=False))
time = 0, proptype = 'both', faults = {}, disturbances = {}, inc_at = 'all'
end_of_simulation = False, copy = False

    def __call__(self, time=None, proptype="both", faults=[], disturbances={},
                 inc_at="all", end_of_simulation=False, copy=False):
        """
        Call the Simulable to propagate behavior at a single time-step.
    
        Parameters
        ----------
        time : float/'end'
            Time at which to simulate the Simulable. Default is None, which uses
            self.t.time. If 'end' is provided, will be simulated until the end of
            the simulation (sp.end_time or sp.end_condition)
        proptype : str
            Type of propagation step to update ('static', 'dynamic', or 'both')
        faults : dict/list
            Faults to inject during this propagation step. (to be injected at time.)
            With structure ['fault1', 'fault2'...]
        disturbances : dict
            Variables to change during this propagation step. (to be injected at time.)
            With structure {'var1': value}
        inc_at : bool
            When to increment the history. If "all", increment at each time the sim
            iterates through. If "time", increment only at t==time.
        end_of_simulation : bool
            Whether this is the end of the simulation (and history should be cut).
        copy : bool
            If true, returns a copy of the model just before fault injection and
            stops simulation
        """
        try:
            if time == 'end':
                time = self.sp.end_time
            start_time, end_time = self.t.get_sim_times(time)
            sim_times = self.sp.get_timerange(start_time, end_time)
            for t in sim_times:
                if t == end_time:
                    if copy:
                        return self.copy()
                    if t != self.t.time:  # faults are only injected if not run yet
                        self.set_vars(**disturbances)
                        self.inject_faults(faults)
                self.t.update_time(t)
                if self.t.executing:
                    self.update_stochastic_states()
                    self.update_dynamic_behaviors(proptype=proptype)
                    self.update_static_behaviors(proptype=proptype)
                    self.set_sub_faults()
                    if inc_at == "all" or (inc_at == "time" and t == time):
                        self.inc_sim_time()
                        self.h.log(self, self.t.t_ind, self.t.time)
                    if self.sp.end_condition:
                        if get_var(self, self.sp.end_condition)():
                            break
    
            if end_of_simulation:
                self.cut_hist()
        except Exception as e:
&gt;           raise Exception("Error simulating " + self.name +
                            " of class " + self.__class__.__name__ +
                            " at time=" + str(self.t.time)) from e
E           Exception: Error simulating pump of class Pump at time=0.0

fmdtools/define/block/base.py:808: Exception</failure></testcase><testcase classname="examples.pump.test_pump.PumpTests" name="test_model_reset" time="0.001"><skipped type="pytest.skip" message="Reset not fully implemented yet and unused throughout.">/home/bamboo/bamboo-agent-home/xml-data/build-dir/RAD-TEST-UVF/fmdtools/examples/pump/test_pump.py:138: Reset not fully implemented yet and unused throughout.</skipped></testcase><testcase classname="examples.pump.test_pump.PumpTests" name="test_nested_sample_isave" time="0.058"><failure message="Exception: Error simulating nested sample scenario(s)">self = move_water MoveWat
- t=MoveWatTime(time=0.0, timers={'pressure_limit': Timer pressure_limit: mode= standby, time= 0.0}...(flowrate=0.0, pressure=0.0, area=1.0, level=1.0))
- wat_out=Water(s=(flowrate=0.0, pressure=0.0, area=1.0, level=1.0))
time = 0.0, proptype = 'static-once', faults = [], disturbances = {}
inc_at = '', end_of_simulation = False, copy = False

    def __call__(self, time=None, proptype="both", faults=[], disturbances={},
                 inc_at="all", end_of_simulation=False, copy=False):
        """
        Call the Simulable to propagate behavior at a single time-step.
    
        Parameters
        ----------
        time : float/'end'
            Time at which to simulate the Simulable. Default is None, which uses
            self.t.time. If 'end' is provided, will be simulated until the end of
            the simulation (sp.end_time or sp.end_condition)
        proptype : str
            Type of propagation step to update ('static', 'dynamic', or 'both')
        faults : dict/list
            Faults to inject during this propagation step. (to be injected at time.)
            With structure ['fault1', 'fault2'...]
        disturbances : dict
            Variables to change during this propagation step. (to be injected at time.)
            With structure {'var1': value}
        inc_at : bool
            When to increment the history. If "all", increment at each time the sim
            iterates through. If "time", increment only at t==time.
        end_of_simulation : bool
            Whether this is the end of the simulation (and history should be cut).
        copy : bool
            If true, returns a copy of the model just before fault injection and
            stops simulation
        """
        try:
            if time == 'end':
                time = self.sp.end_time
            start_time, end_time = self.t.get_sim_times(time)
            sim_times = self.sp.get_timerange(start_time, end_time)
            for t in sim_times:
                if t == end_time:
                    if copy:
                        return self.copy()
                    if t != self.t.time:  # faults are only injected if not run yet
                        self.set_vars(**disturbances)
                        self.inject_faults(faults)
                self.t.update_time(t)
                if self.t.executing:
                    self.update_stochastic_states()
                    self.update_dynamic_behaviors(proptype=proptype)
&gt;                   self.update_static_behaviors(proptype=proptype)

fmdtools/define/block/base.py:796: 
_ _ _ _ _ _ _ _ _ _ _ _ _ _ _ _ _ _ _ _ _ _ _ _ _ _ _ _ _ _ _ _ _ _ _ _ _ _ _ _ 
fmdtools/define/block/base.py:728: in update_static_behaviors
    self.execute_static_behaviors()
fmdtools/define/block/base.py:734: in execute_static_behaviors
    self.static_behavior()
_ _ _ _ _ _ _ _ _ _ _ _ _ _ _ _ _ _ _ _ _ _ _ _ _ _ _ _ _ _ _ _ _ _ _ _ _ _ _ _ 

self = move_water MoveWat
- t=MoveWatTime(time=0.0, timers={'pressure_limit': Timer pressure_limit: mode= standby, time= 0.0}...(flowrate=0.0, pressure=0.0, area=1.0, level=1.0))
- wat_out=Water(s=(flowrate=0.0, pressure=0.0, area=1.0, level=1.0))

    def static_behavior(self):
        """Define how the function will behave with different faults."""
        self.set_faults()
        if self.m.has_fault('short'):
            self.ee_in.s.current = 500*10/5000*self.sig_in.s.power*self.ee_in.s.voltage
            self.s.eff = 0.0
        elif self.m.has_fault('mech_break'):
            self.ee_in.s.current = 0.2*10/5000*self.sig_in.s.power*self.ee_in.s.voltage
            self.s.eff = 0.0
        else:
            self.ee_in.s.current = 10/5000*self.sig_in.s.power * \
                self.ee_in.s.voltage*min(13.0, self.wat_out.s.pressure)
            # if we wanted to enforce nominall eff state, we would include:
            # self.s.eff = 1.0
    
        velocity = self.sig_in.s.power*self.s.eff * \
            min(1000, self.ee_in.s.voltage)*self.wat_in.s.level
        self.wat_out.s.pressure = 10/500 * velocity/self.wat_out.s.area
        self.wat_out.s.flowrate = 0.3/500 * velocity*self.wat_out.s.area
    
        self.wat_in.s.assign(self.wat_out.s, 'pressure', 'flowrate')
&gt;       print(a)
              ^
E       NameError: name 'a' is not defined

examples/pump/ex_pump.py:436: NameError

The above exception was the direct cause of the following exception:

self = pump Pump
- t=Time(time=0.0, timers={})
- m=Mode(mode='nominal', faults=set(), sub_faults=False)
FLOWS:
- ee_1=Electri...minal', faults=set(), sub_faults=False))
- export_water=ExportWater(m=(mode='nominal', faults=set(), sub_faults=False))
time = 55.0, proptype = 'both', faults = [], disturbances = {}, inc_at = 'all'
end_of_simulation = True, copy = False

    def __call__(self, time=None, proptype="both", faults=[], disturbances={},
                 inc_at="all", end_of_simulation=False, copy=False):
        """
        Call the Simulable to propagate behavior at a single time-step.
    
        Parameters
        ----------
        time : float/'end'
            Time at which to simulate the Simulable. Default is None, which uses
            self.t.time. If 'end' is provided, will be simulated until the end of
            the simulation (sp.end_time or sp.end_condition)
        proptype : str
            Type of propagation step to update ('static', 'dynamic', or 'both')
        faults : dict/list
            Faults to inject during this propagation step. (to be injected at time.)
            With structure ['fault1', 'fault2'...]
        disturbances : dict
            Variables to change during this propagation step. (to be injected at time.)
            With structure {'var1': value}
        inc_at : bool
            When to increment the history. If "all", increment at each time the sim
            iterates through. If "time", increment only at t==time.
        end_of_simulation : bool
            Whether this is the end of the simulation (and history should be cut).
        copy : bool
            If true, returns a copy of the model just before fault injection and
            stops simulation
        """
        try:
            if time == 'end':
                time = self.sp.end_time
            start_time, end_time = self.t.get_sim_times(time)
            sim_times = self.sp.get_timerange(start_time, end_time)
            for t in sim_times:
                if t == end_time:
                    if copy:
                        return self.copy()
                    if t != self.t.time:  # faults are only injected if not run yet
                        self.set_vars(**disturbances)
                        self.inject_faults(faults)
                self.t.update_time(t)
                if self.t.executing:
                    self.update_stochastic_states()
                    self.update_dynamic_behaviors(proptype=proptype)
&gt;                   self.update_static_behaviors(proptype=proptype)

fmdtools/define/block/base.py:796: 
_ _ _ _ _ _ _ _ _ _ _ _ _ _ _ _ _ _ _ _ _ _ _ _ _ _ _ _ _ _ _ _ _ _ _ _ _ _ _ _ 
fmdtools/define/block/base.py:724: in update_static_behaviors
    self.execute_static_behaviors()
fmdtools/define/block/base.py:732: in execute_static_behaviors
    self.update_arch_behaviors("static")
fmdtools/define/architecture/base.py:163: in update_arch_behaviors
    self.prop_static()
fmdtools/define/architecture/base.py:203: in prop_static
    sim(time=self.t.time, proptype='static-once', inc_at="")
_ _ _ _ _ _ _ _ _ _ _ _ _ _ _ _ _ _ _ _ _ _ _ _ _ _ _ _ _ _ _ _ _ _ _ _ _ _ _ _ 

self = move_water MoveWat
- t=MoveWatTime(time=0.0, timers={'pressure_limit': Timer pressure_limit: mode= standby, time= 0.0}...(flowrate=0.0, pressure=0.0, area=1.0, level=1.0))
- wat_out=Water(s=(flowrate=0.0, pressure=0.0, area=1.0, level=1.0))
time = 0.0, proptype = 'static-once', faults = [], disturbances = {}
inc_at = '', end_of_simulation = False, copy = False

    def __call__(self, time=None, proptype="both", faults=[], disturbances={},
                 inc_at="all", end_of_simulation=False, copy=False):
        """
        Call the Simulable to propagate behavior at a single time-step.
    
        Parameters
        ----------
        time : float/'end'
            Time at which to simulate the Simulable. Default is None, which uses
            self.t.time. If 'end' is provided, will be simulated until the end of
            the simulation (sp.end_time or sp.end_condition)
        proptype : str
            Type of propagation step to update ('static', 'dynamic', or 'both')
        faults : dict/list
            Faults to inject during this propagation step. (to be injected at time.)
            With structure ['fault1', 'fault2'...]
        disturbances : dict
            Variables to change during this propagation step. (to be injected at time.)
            With structure {'var1': value}
        inc_at : bool
            When to increment the history. If "all", increment at each time the sim
            iterates through. If "time", increment only at t==time.
        end_of_simulation : bool
            Whether this is the end of the simulation (and history should be cut).
        copy : bool
            If true, returns a copy of the model just before fault injection and
            stops simulation
        """
        try:
            if time == 'end':
                time = self.sp.end_time
            start_time, end_time = self.t.get_sim_times(time)
            sim_times = self.sp.get_timerange(start_time, end_time)
            for t in sim_times:
                if t == end_time:
                    if copy:
                        return self.copy()
                    if t != self.t.time:  # faults are only injected if not run yet
                        self.set_vars(**disturbances)
                        self.inject_faults(faults)
                self.t.update_time(t)
                if self.t.executing:
                    self.update_stochastic_states()
                    self.update_dynamic_behaviors(proptype=proptype)
                    self.update_static_behaviors(proptype=proptype)
                    self.set_sub_faults()
                    if inc_at == "all" or (inc_at == "time" and t == time):
                        self.inc_sim_time()
                        self.h.log(self, self.t.t_ind, self.t.time)
                    if self.sp.end_condition:
                        if get_var(self, self.sp.end_condition)():
                            break
    
            if end_of_simulation:
                self.cut_hist()
        except Exception as e:
&gt;           raise Exception("Error simulating " + self.name +
                            " of class " + self.__class__.__name__ +
                            " at time=" + str(self.t.time)) from e
E           Exception: Error simulating move_water of class MoveWat at time=0.0

fmdtools/define/block/base.py:808: Exception

The above exception was the direct cause of the following exception:

self = Simulation with SimEvents:
- end=SimEvent(to_return={'classify': None})
kwargs = {'faultdomains': {'fd': (('all',), {})}, 'faultsamples': {'fs': (('fault_phases', 'fd'), {})}, 'get_phasemap': False}

    def __call__(self, **kwargs):
        """Run the sim, save its results (if needed), return its result and history."""
        try:
&gt;           self.run(**kwargs)

fmdtools/sim/propagate.py:480: 
_ _ _ _ _ _ _ _ _ _ _ _ _ _ _ _ _ _ _ _ _ _ _ _ _ _ _ _ _ _ _ _ _ _ _ _ _ _ _ _ 
fmdtools/sim/propagate.py:632: in run
    simevent.run(self.mdl, scen=self.scen, **kwargs)
fmdtools/sim/propagate.py:397: in run
    mdl(time=self.time, **kwar)
_ _ _ _ _ _ _ _ _ _ _ _ _ _ _ _ _ _ _ _ _ _ _ _ _ _ _ _ _ _ _ _ _ _ _ _ _ _ _ _ 

self = pump Pump
- t=Time(time=0.0, timers={})
- m=Mode(mode='nominal', faults=set(), sub_faults=False)
FLOWS:
- ee_1=Electri...minal', faults=set(), sub_faults=False))
- export_water=ExportWater(m=(mode='nominal', faults=set(), sub_faults=False))
time = 55.0, proptype = 'both', faults = [], disturbances = {}, inc_at = 'all'
end_of_simulation = True, copy = False

    def __call__(self, time=None, proptype="both", faults=[], disturbances={},
                 inc_at="all", end_of_simulation=False, copy=False):
        """
        Call the Simulable to propagate behavior at a single time-step.
    
        Parameters
        ----------
        time : float/'end'
            Time at which to simulate the Simulable. Default is None, which uses
            self.t.time. If 'end' is provided, will be simulated until the end of
            the simulation (sp.end_time or sp.end_condition)
        proptype : str
            Type of propagation step to update ('static', 'dynamic', or 'both')
        faults : dict/list
            Faults to inject during this propagation step. (to be injected at time.)
            With structure ['fault1', 'fault2'...]
        disturbances : dict
            Variables to change during this propagation step. (to be injected at time.)
            With structure {'var1': value}
        inc_at : bool
            When to increment the history. If "all", increment at each time the sim
            iterates through. If "time", increment only at t==time.
        end_of_simulation : bool
            Whether this is the end of the simulation (and history should be cut).
        copy : bool
            If true, returns a copy of the model just before fault injection and
            stops simulation
        """
        try:
            if time == 'end':
                time = self.sp.end_time
            start_time, end_time = self.t.get_sim_times(time)
            sim_times = self.sp.get_timerange(start_time, end_time)
            for t in sim_times:
                if t == end_time:
                    if copy:
                        return self.copy()
                    if t != self.t.time:  # faults are only injected if not run yet
                        self.set_vars(**disturbances)
                        self.inject_faults(faults)
                self.t.update_time(t)
                if self.t.executing:
                    self.update_stochastic_states()
                    self.update_dynamic_behaviors(proptype=proptype)
                    self.update_static_behaviors(proptype=proptype)
                    self.set_sub_faults()
                    if inc_at == "all" or (inc_at == "time" and t == time):
                        self.inc_sim_time()
                        self.h.log(self, self.t.t_ind, self.t.time)
                    if self.sp.end_condition:
                        if get_var(self, self.sp.end_condition)():
                            break
    
            if end_of_simulation:
                self.cut_hist()
        except Exception as e:
&gt;           raise Exception("Error simulating " + self.name +
                            " of class " + self.__class__.__name__ +
                            " at time=" + str(self.t.time)) from e
E           Exception: Error simulating pump of class Pump at time=0.0

fmdtools/define/block/base.py:808: Exception

The above exception was the direct cause of the following exception:

self = MultiEventSimulation of
Scenario(sequence={}, times=(), rate=1.0, name='nominal', time=0.0)
kwargs = {'faultdomains': {'fd': (('all',), {})}, 'faultsamples': {'fs': (('fault_phases', 'fd'), {})}, 'get_phasemap': False}

    def __call__(self, **kwargs):
        """Run the sim, save its results (if needed), return its result and history."""
        try:
&gt;           self.run(**kwargs)

fmdtools/sim/propagate.py:480: 
_ _ _ _ _ _ _ _ _ _ _ _ _ _ _ _ _ _ _ _ _ _ _ _ _ _ _ _ _ _ _ _ _ _ _ _ _ _ _ _ 
fmdtools/sim/propagate.py:1019: in run
    self.run_nom(gen_samp=True, **kwargs)
fmdtools/sim/propagate.py:1008: in run_nom
    outs = nomsim(**sim_kwar)
           ^^^^^^^^^^^^^^^^^^
fmdtools/sim/propagate.py:620: in __call__
    res, hist = super().__call__(**kwargs)
                ^^^^^^^^^^^^^^^^^^^^^^^^^^
_ _ _ _ _ _ _ _ _ _ _ _ _ _ _ _ _ _ _ _ _ _ _ _ _ _ _ _ _ _ _ _ _ _ _ _ _ _ _ _ 

self = Simulation with SimEvents:
- end=SimEvent(to_return={'classify': None})
kwargs = {'faultdomains': {'fd': (('all',), {})}, 'faultsamples': {'fs': (('fault_phases', 'fd'), {})}, 'get_phasemap': False}

    def __call__(self, **kwargs):
        """Run the sim, save its results (if needed), return its result and history."""
        try:
            self.run(**kwargs)
        except Exception as e:
&gt;           raise Exception("Error simulating "+self.name+" scenario(s)") from e
E           Exception: Error simulating nominal scenario(s)

fmdtools/sim/propagate.py:482: Exception

The above exception was the direct cause of the following exception:

self = NestedSimulation of
ParameterSample of scenarios:
 - rep0_var_0
 - rep1_var_1
 - rep2_var_2
 - rep3_var_3
 - rep4_var_...7_var_7
 - rep8_var_8
 - rep9_var_9
 over 
SampleApproach({'fd': (('all',), {})},
{'fs': (('fault_phases', 'fd'), {})})
kwargs = {}

    def __call__(self, **kwargs):
        """Run the sim, save its results (if needed), return its result and history."""
        try:
&gt;           self.run(**kwargs)

fmdtools/sim/propagate.py:480: 
_ _ _ _ _ _ _ _ _ _ _ _ _ _ _ _ _ _ _ _ _ _ _ _ _ _ _ _ _ _ _ _ _ _ _ _ _ _ _ _ 
fmdtools/sim/propagate.py:831: in run
    res_list = list(tqdm.tqdm(runner(inputs),
../fmdtools-full/lib/python3.11/site-packages/tqdm/std.py:1169: in __iter__
    for obj in iterable:
fmdtools/sim/propagate.py:1052: in exec_fault_sim
    return sim(**args[1])
           ^^^^^^^^^^^^^^
fmdtools/sim/propagate.py:975: in __call__
    rets = super().__call__(**kwargs)
           ^^^^^^^^^^^^^^^^^^^^^^^^^^
_ _ _ _ _ _ _ _ _ _ _ _ _ _ _ _ _ _ _ _ _ _ _ _ _ _ _ _ _ _ _ _ _ _ _ _ _ _ _ _ 

self = MultiEventSimulation of
Scenario(sequence={}, times=(), rate=1.0, name='nominal', time=0.0)
kwargs = {'faultdomains': {'fd': (('all',), {})}, 'faultsamples': {'fs': (('fault_phases', 'fd'), {})}, 'get_phasemap': False}

    def __call__(self, **kwargs):
        """Run the sim, save its results (if needed), return its result and history."""
        try:
            self.run(**kwargs)
        except Exception as e:
&gt;           raise Exception("Error simulating "+self.name+" scenario(s)") from e
E           Exception: Error simulating rep0_var_0 scenario(s)

fmdtools/sim/propagate.py:482: Exception

The above exception was the direct cause of the following exception:

self = &lt;examples.pump.test_pump.PumpTests testMethod=test_nested_sample_isave&gt;

    def test_nested_sample_isave(self):
&gt;       self.check_ns_isave(self.mdl, self.ps, self.faultdomains, self.faultsamples,
                            *self.filenames, "npz")

examples/pump/test_pump.py:272: 
_ _ _ _ _ _ _ _ _ _ _ _ _ _ _ _ _ _ _ _ _ _ _ _ _ _ _ _ _ _ _ _ _ _ _ _ _ _ _ _ 
tests/common.py:475: in check_ns_isave
    res, hist, apps = prop.nested_sample(mdl, ps, **loc_kwargs)
                      ^^^^^^^^^^^^^^^^^^^^^^^^^^^^^^^^^^^^^^^^^
fmdtools/sim/propagate.py:312: in nested_sample
    res, hist = sim(**get_sim_call_kwargs(sim, **kwargs))
                ^^^^^^^^^^^^^^^^^^^^^^^^^^^^^^^^^^^^^^^^^
_ _ _ _ _ _ _ _ _ _ _ _ _ _ _ _ _ _ _ _ _ _ _ _ _ _ _ _ _ _ _ _ _ _ _ _ _ _ _ _ 

self = NestedSimulation of
ParameterSample of scenarios:
 - rep0_var_0
 - rep1_var_1
 - rep2_var_2
 - rep3_var_3
 - rep4_var_...7_var_7
 - rep8_var_8
 - rep9_var_9
 over 
SampleApproach({'fd': (('all',), {})},
{'fs': (('fault_phases', 'fd'), {})})
kwargs = {}

    def __call__(self, **kwargs):
        """Run the sim, save its results (if needed), return its result and history."""
        try:
            self.run(**kwargs)
        except Exception as e:
&gt;           raise Exception("Error simulating "+self.name+" scenario(s)") from e
E           Exception: Error simulating nested sample scenario(s)

fmdtools/sim/propagate.py:482: Exception</failure></testcase><testcase classname="examples.pump.test_pump.PumpTests" name="test_nested_sample_save" time="0.069"><failure message="Exception: Error simulating nested sample scenario(s)">self = move_water MoveWat
- t=MoveWatTime(time=0.0, timers={'pressure_limit': Timer pressure_limit: mode= standby, time= 0.0}...(flowrate=0.0, pressure=0.0, area=1.0, level=1.0))
- wat_out=Water(s=(flowrate=0.0, pressure=0.0, area=1.0, level=1.0))
time = 0.0, proptype = 'static-once', faults = [], disturbances = {}
inc_at = '', end_of_simulation = False, copy = False

    def __call__(self, time=None, proptype="both", faults=[], disturbances={},
                 inc_at="all", end_of_simulation=False, copy=False):
        """
        Call the Simulable to propagate behavior at a single time-step.
    
        Parameters
        ----------
        time : float/'end'
            Time at which to simulate the Simulable. Default is None, which uses
            self.t.time. If 'end' is provided, will be simulated until the end of
            the simulation (sp.end_time or sp.end_condition)
        proptype : str
            Type of propagation step to update ('static', 'dynamic', or 'both')
        faults : dict/list
            Faults to inject during this propagation step. (to be injected at time.)
            With structure ['fault1', 'fault2'...]
        disturbances : dict
            Variables to change during this propagation step. (to be injected at time.)
            With structure {'var1': value}
        inc_at : bool
            When to increment the history. If "all", increment at each time the sim
            iterates through. If "time", increment only at t==time.
        end_of_simulation : bool
            Whether this is the end of the simulation (and history should be cut).
        copy : bool
            If true, returns a copy of the model just before fault injection and
            stops simulation
        """
        try:
            if time == 'end':
                time = self.sp.end_time
            start_time, end_time = self.t.get_sim_times(time)
            sim_times = self.sp.get_timerange(start_time, end_time)
            for t in sim_times:
                if t == end_time:
                    if copy:
                        return self.copy()
                    if t != self.t.time:  # faults are only injected if not run yet
                        self.set_vars(**disturbances)
                        self.inject_faults(faults)
                self.t.update_time(t)
                if self.t.executing:
                    self.update_stochastic_states()
                    self.update_dynamic_behaviors(proptype=proptype)
&gt;                   self.update_static_behaviors(proptype=proptype)

fmdtools/define/block/base.py:796: 
_ _ _ _ _ _ _ _ _ _ _ _ _ _ _ _ _ _ _ _ _ _ _ _ _ _ _ _ _ _ _ _ _ _ _ _ _ _ _ _ 
fmdtools/define/block/base.py:728: in update_static_behaviors
    self.execute_static_behaviors()
fmdtools/define/block/base.py:734: in execute_static_behaviors
    self.static_behavior()
_ _ _ _ _ _ _ _ _ _ _ _ _ _ _ _ _ _ _ _ _ _ _ _ _ _ _ _ _ _ _ _ _ _ _ _ _ _ _ _ 

self = move_water MoveWat
- t=MoveWatTime(time=0.0, timers={'pressure_limit': Timer pressure_limit: mode= standby, time= 0.0}...(flowrate=0.0, pressure=0.0, area=1.0, level=1.0))
- wat_out=Water(s=(flowrate=0.0, pressure=0.0, area=1.0, level=1.0))

    def static_behavior(self):
        """Define how the function will behave with different faults."""
        self.set_faults()
        if self.m.has_fault('short'):
            self.ee_in.s.current = 500*10/5000*self.sig_in.s.power*self.ee_in.s.voltage
            self.s.eff = 0.0
        elif self.m.has_fault('mech_break'):
            self.ee_in.s.current = 0.2*10/5000*self.sig_in.s.power*self.ee_in.s.voltage
            self.s.eff = 0.0
        else:
            self.ee_in.s.current = 10/5000*self.sig_in.s.power * \
                self.ee_in.s.voltage*min(13.0, self.wat_out.s.pressure)
            # if we wanted to enforce nominall eff state, we would include:
            # self.s.eff = 1.0
    
        velocity = self.sig_in.s.power*self.s.eff * \
            min(1000, self.ee_in.s.voltage)*self.wat_in.s.level
        self.wat_out.s.pressure = 10/500 * velocity/self.wat_out.s.area
        self.wat_out.s.flowrate = 0.3/500 * velocity*self.wat_out.s.area
    
        self.wat_in.s.assign(self.wat_out.s, 'pressure', 'flowrate')
&gt;       print(a)
              ^
E       NameError: name 'a' is not defined

examples/pump/ex_pump.py:436: NameError

The above exception was the direct cause of the following exception:

self = pump Pump
- t=Time(time=0.0, timers={})
- m=Mode(mode='nominal', faults=set(), sub_faults=False)
FLOWS:
- ee_1=Electri...minal', faults=set(), sub_faults=False))
- export_water=ExportWater(m=(mode='nominal', faults=set(), sub_faults=False))
time = 55.0, proptype = 'both', faults = [], disturbances = {}, inc_at = 'all'
end_of_simulation = True, copy = False

    def __call__(self, time=None, proptype="both", faults=[], disturbances={},
                 inc_at="all", end_of_simulation=False, copy=False):
        """
        Call the Simulable to propagate behavior at a single time-step.
    
        Parameters
        ----------
        time : float/'end'
            Time at which to simulate the Simulable. Default is None, which uses
            self.t.time. If 'end' is provided, will be simulated until the end of
            the simulation (sp.end_time or sp.end_condition)
        proptype : str
            Type of propagation step to update ('static', 'dynamic', or 'both')
        faults : dict/list
            Faults to inject during this propagation step. (to be injected at time.)
            With structure ['fault1', 'fault2'...]
        disturbances : dict
            Variables to change during this propagation step. (to be injected at time.)
            With structure {'var1': value}
        inc_at : bool
            When to increment the history. If "all", increment at each time the sim
            iterates through. If "time", increment only at t==time.
        end_of_simulation : bool
            Whether this is the end of the simulation (and history should be cut).
        copy : bool
            If true, returns a copy of the model just before fault injection and
            stops simulation
        """
        try:
            if time == 'end':
                time = self.sp.end_time
            start_time, end_time = self.t.get_sim_times(time)
            sim_times = self.sp.get_timerange(start_time, end_time)
            for t in sim_times:
                if t == end_time:
                    if copy:
                        return self.copy()
                    if t != self.t.time:  # faults are only injected if not run yet
                        self.set_vars(**disturbances)
                        self.inject_faults(faults)
                self.t.update_time(t)
                if self.t.executing:
                    self.update_stochastic_states()
                    self.update_dynamic_behaviors(proptype=proptype)
&gt;                   self.update_static_behaviors(proptype=proptype)

fmdtools/define/block/base.py:796: 
_ _ _ _ _ _ _ _ _ _ _ _ _ _ _ _ _ _ _ _ _ _ _ _ _ _ _ _ _ _ _ _ _ _ _ _ _ _ _ _ 
fmdtools/define/block/base.py:724: in update_static_behaviors
    self.execute_static_behaviors()
fmdtools/define/block/base.py:732: in execute_static_behaviors
    self.update_arch_behaviors("static")
fmdtools/define/architecture/base.py:163: in update_arch_behaviors
    self.prop_static()
fmdtools/define/architecture/base.py:203: in prop_static
    sim(time=self.t.time, proptype='static-once', inc_at="")
_ _ _ _ _ _ _ _ _ _ _ _ _ _ _ _ _ _ _ _ _ _ _ _ _ _ _ _ _ _ _ _ _ _ _ _ _ _ _ _ 

self = move_water MoveWat
- t=MoveWatTime(time=0.0, timers={'pressure_limit': Timer pressure_limit: mode= standby, time= 0.0}...(flowrate=0.0, pressure=0.0, area=1.0, level=1.0))
- wat_out=Water(s=(flowrate=0.0, pressure=0.0, area=1.0, level=1.0))
time = 0.0, proptype = 'static-once', faults = [], disturbances = {}
inc_at = '', end_of_simulation = False, copy = False

    def __call__(self, time=None, proptype="both", faults=[], disturbances={},
                 inc_at="all", end_of_simulation=False, copy=False):
        """
        Call the Simulable to propagate behavior at a single time-step.
    
        Parameters
        ----------
        time : float/'end'
            Time at which to simulate the Simulable. Default is None, which uses
            self.t.time. If 'end' is provided, will be simulated until the end of
            the simulation (sp.end_time or sp.end_condition)
        proptype : str
            Type of propagation step to update ('static', 'dynamic', or 'both')
        faults : dict/list
            Faults to inject during this propagation step. (to be injected at time.)
            With structure ['fault1', 'fault2'...]
        disturbances : dict
            Variables to change during this propagation step. (to be injected at time.)
            With structure {'var1': value}
        inc_at : bool
            When to increment the history. If "all", increment at each time the sim
            iterates through. If "time", increment only at t==time.
        end_of_simulation : bool
            Whether this is the end of the simulation (and history should be cut).
        copy : bool
            If true, returns a copy of the model just before fault injection and
            stops simulation
        """
        try:
            if time == 'end':
                time = self.sp.end_time
            start_time, end_time = self.t.get_sim_times(time)
            sim_times = self.sp.get_timerange(start_time, end_time)
            for t in sim_times:
                if t == end_time:
                    if copy:
                        return self.copy()
                    if t != self.t.time:  # faults are only injected if not run yet
                        self.set_vars(**disturbances)
                        self.inject_faults(faults)
                self.t.update_time(t)
                if self.t.executing:
                    self.update_stochastic_states()
                    self.update_dynamic_behaviors(proptype=proptype)
                    self.update_static_behaviors(proptype=proptype)
                    self.set_sub_faults()
                    if inc_at == "all" or (inc_at == "time" and t == time):
                        self.inc_sim_time()
                        self.h.log(self, self.t.t_ind, self.t.time)
                    if self.sp.end_condition:
                        if get_var(self, self.sp.end_condition)():
                            break
    
            if end_of_simulation:
                self.cut_hist()
        except Exception as e:
&gt;           raise Exception("Error simulating " + self.name +
                            " of class " + self.__class__.__name__ +
                            " at time=" + str(self.t.time)) from e
E           Exception: Error simulating move_water of class MoveWat at time=0.0

fmdtools/define/block/base.py:808: Exception

The above exception was the direct cause of the following exception:

self = Simulation with SimEvents:
- end=SimEvent(to_return={'classify': None})
kwargs = {'faultdomains': {'fd': (('all',), {})}, 'faultsamples': {'fs': (('fault_phases', 'fd'), {})}, 'get_phasemap': False}

    def __call__(self, **kwargs):
        """Run the sim, save its results (if needed), return its result and history."""
        try:
&gt;           self.run(**kwargs)

fmdtools/sim/propagate.py:480: 
_ _ _ _ _ _ _ _ _ _ _ _ _ _ _ _ _ _ _ _ _ _ _ _ _ _ _ _ _ _ _ _ _ _ _ _ _ _ _ _ 
fmdtools/sim/propagate.py:632: in run
    simevent.run(self.mdl, scen=self.scen, **kwargs)
fmdtools/sim/propagate.py:397: in run
    mdl(time=self.time, **kwar)
_ _ _ _ _ _ _ _ _ _ _ _ _ _ _ _ _ _ _ _ _ _ _ _ _ _ _ _ _ _ _ _ _ _ _ _ _ _ _ _ 

self = pump Pump
- t=Time(time=0.0, timers={})
- m=Mode(mode='nominal', faults=set(), sub_faults=False)
FLOWS:
- ee_1=Electri...minal', faults=set(), sub_faults=False))
- export_water=ExportWater(m=(mode='nominal', faults=set(), sub_faults=False))
time = 55.0, proptype = 'both', faults = [], disturbances = {}, inc_at = 'all'
end_of_simulation = True, copy = False

    def __call__(self, time=None, proptype="both", faults=[], disturbances={},
                 inc_at="all", end_of_simulation=False, copy=False):
        """
        Call the Simulable to propagate behavior at a single time-step.
    
        Parameters
        ----------
        time : float/'end'
            Time at which to simulate the Simulable. Default is None, which uses
            self.t.time. If 'end' is provided, will be simulated until the end of
            the simulation (sp.end_time or sp.end_condition)
        proptype : str
            Type of propagation step to update ('static', 'dynamic', or 'both')
        faults : dict/list
            Faults to inject during this propagation step. (to be injected at time.)
            With structure ['fault1', 'fault2'...]
        disturbances : dict
            Variables to change during this propagation step. (to be injected at time.)
            With structure {'var1': value}
        inc_at : bool
            When to increment the history. If "all", increment at each time the sim
            iterates through. If "time", increment only at t==time.
        end_of_simulation : bool
            Whether this is the end of the simulation (and history should be cut).
        copy : bool
            If true, returns a copy of the model just before fault injection and
            stops simulation
        """
        try:
            if time == 'end':
                time = self.sp.end_time
            start_time, end_time = self.t.get_sim_times(time)
            sim_times = self.sp.get_timerange(start_time, end_time)
            for t in sim_times:
                if t == end_time:
                    if copy:
                        return self.copy()
                    if t != self.t.time:  # faults are only injected if not run yet
                        self.set_vars(**disturbances)
                        self.inject_faults(faults)
                self.t.update_time(t)
                if self.t.executing:
                    self.update_stochastic_states()
                    self.update_dynamic_behaviors(proptype=proptype)
                    self.update_static_behaviors(proptype=proptype)
                    self.set_sub_faults()
                    if inc_at == "all" or (inc_at == "time" and t == time):
                        self.inc_sim_time()
                        self.h.log(self, self.t.t_ind, self.t.time)
                    if self.sp.end_condition:
                        if get_var(self, self.sp.end_condition)():
                            break
    
            if end_of_simulation:
                self.cut_hist()
        except Exception as e:
&gt;           raise Exception("Error simulating " + self.name +
                            " of class " + self.__class__.__name__ +
                            " at time=" + str(self.t.time)) from e
E           Exception: Error simulating pump of class Pump at time=0.0

fmdtools/define/block/base.py:808: Exception

The above exception was the direct cause of the following exception:

self = MultiEventSimulation of
Scenario(sequence={}, times=(), rate=1.0, name='nominal', time=0.0)
kwargs = {'faultdomains': {'fd': (('all',), {})}, 'faultsamples': {'fs': (('fault_phases', 'fd'), {})}, 'get_phasemap': False}

    def __call__(self, **kwargs):
        """Run the sim, save its results (if needed), return its result and history."""
        try:
&gt;           self.run(**kwargs)

fmdtools/sim/propagate.py:480: 
_ _ _ _ _ _ _ _ _ _ _ _ _ _ _ _ _ _ _ _ _ _ _ _ _ _ _ _ _ _ _ _ _ _ _ _ _ _ _ _ 
fmdtools/sim/propagate.py:1019: in run
    self.run_nom(gen_samp=True, **kwargs)
fmdtools/sim/propagate.py:1008: in run_nom
    outs = nomsim(**sim_kwar)
           ^^^^^^^^^^^^^^^^^^
fmdtools/sim/propagate.py:620: in __call__
    res, hist = super().__call__(**kwargs)
                ^^^^^^^^^^^^^^^^^^^^^^^^^^
_ _ _ _ _ _ _ _ _ _ _ _ _ _ _ _ _ _ _ _ _ _ _ _ _ _ _ _ _ _ _ _ _ _ _ _ _ _ _ _ 

self = Simulation with SimEvents:
- end=SimEvent(to_return={'classify': None})
kwargs = {'faultdomains': {'fd': (('all',), {})}, 'faultsamples': {'fs': (('fault_phases', 'fd'), {})}, 'get_phasemap': False}

    def __call__(self, **kwargs):
        """Run the sim, save its results (if needed), return its result and history."""
        try:
            self.run(**kwargs)
        except Exception as e:
&gt;           raise Exception("Error simulating "+self.name+" scenario(s)") from e
E           Exception: Error simulating nominal scenario(s)

fmdtools/sim/propagate.py:482: Exception

The above exception was the direct cause of the following exception:

self = NestedSimulation of
ParameterSample of scenarios:
 - rep0_var_0
 - rep1_var_1
 - rep2_var_2
 - rep3_var_3
 - rep4_var_...7_var_7
 - rep8_var_8
 - rep9_var_9
 over 
SampleApproach({'fd': (('all',), {})},
{'fs': (('fault_phases', 'fd'), {})})
kwargs = {}

    def __call__(self, **kwargs):
        """Run the sim, save its results (if needed), return its result and history."""
        try:
&gt;           self.run(**kwargs)

fmdtools/sim/propagate.py:480: 
_ _ _ _ _ _ _ _ _ _ _ _ _ _ _ _ _ _ _ _ _ _ _ _ _ _ _ _ _ _ _ _ _ _ _ _ _ _ _ _ 
fmdtools/sim/propagate.py:831: in run
    res_list = list(tqdm.tqdm(runner(inputs),
../fmdtools-full/lib/python3.11/site-packages/tqdm/std.py:1169: in __iter__
    for obj in iterable:
fmdtools/sim/propagate.py:1052: in exec_fault_sim
    return sim(**args[1])
           ^^^^^^^^^^^^^^
fmdtools/sim/propagate.py:975: in __call__
    rets = super().__call__(**kwargs)
           ^^^^^^^^^^^^^^^^^^^^^^^^^^
_ _ _ _ _ _ _ _ _ _ _ _ _ _ _ _ _ _ _ _ _ _ _ _ _ _ _ _ _ _ _ _ _ _ _ _ _ _ _ _ 

self = MultiEventSimulation of
Scenario(sequence={}, times=(), rate=1.0, name='nominal', time=0.0)
kwargs = {'faultdomains': {'fd': (('all',), {})}, 'faultsamples': {'fs': (('fault_phases', 'fd'), {})}, 'get_phasemap': False}

    def __call__(self, **kwargs):
        """Run the sim, save its results (if needed), return its result and history."""
        try:
            self.run(**kwargs)
        except Exception as e:
&gt;           raise Exception("Error simulating "+self.name+" scenario(s)") from e
E           Exception: Error simulating rep0_var_0 scenario(s)

fmdtools/sim/propagate.py:482: Exception

The above exception was the direct cause of the following exception:

self = &lt;examples.pump.test_pump.PumpTests testMethod=test_nested_sample_save&gt;

    def test_nested_sample_save(self):
&gt;       self.check_ns_save(self.mdl, self.ps, self.faultdomains, self.faultsamples,
                           "pump_res.npz", "pump_hist.npz")

examples/pump/test_pump.py:264: 
_ _ _ _ _ _ _ _ _ _ _ _ _ _ _ _ _ _ _ _ _ _ _ _ _ _ _ _ _ _ _ _ _ _ _ _ _ _ _ _ 
tests/common.py:415: in check_ns_save
    res, hist, apps = prop.nested_sample(mdl, ps, **loc_kwargs)
                      ^^^^^^^^^^^^^^^^^^^^^^^^^^^^^^^^^^^^^^^^^
fmdtools/sim/propagate.py:312: in nested_sample
    res, hist = sim(**get_sim_call_kwargs(sim, **kwargs))
                ^^^^^^^^^^^^^^^^^^^^^^^^^^^^^^^^^^^^^^^^^
_ _ _ _ _ _ _ _ _ _ _ _ _ _ _ _ _ _ _ _ _ _ _ _ _ _ _ _ _ _ _ _ _ _ _ _ _ _ _ _ 

self = NestedSimulation of
ParameterSample of scenarios:
 - rep0_var_0
 - rep1_var_1
 - rep2_var_2
 - rep3_var_3
 - rep4_var_...7_var_7
 - rep8_var_8
 - rep9_var_9
 over 
SampleApproach({'fd': (('all',), {})},
{'fs': (('fault_phases', 'fd'), {})})
kwargs = {}

    def __call__(self, **kwargs):
        """Run the sim, save its results (if needed), return its result and history."""
        try:
            self.run(**kwargs)
        except Exception as e:
&gt;           raise Exception("Error simulating "+self.name+" scenario(s)") from e
E           Exception: Error simulating nested sample scenario(s)

fmdtools/sim/propagate.py:482: Exception</failure></testcase><testcase classname="examples.pump.test_pump.PumpTests" name="test_nominal_save" time="0.047"><failure message="Exception: Error simulating nominal scenario(s)">self = move_water MoveWat
- t=MoveWatTime(time=0.0, timers={'pressure_limit': Timer pressure_limit: mode= standby, time= 0.0}...(flowrate=0.0, pressure=0.0, area=1.0, level=1.0))
- wat_out=Water(s=(flowrate=0.0, pressure=0.0, area=1.0, level=1.0))
time = 0.0, proptype = 'static-once', faults = [], disturbances = {}
inc_at = '', end_of_simulation = False, copy = False

    def __call__(self, time=None, proptype="both", faults=[], disturbances={},
                 inc_at="all", end_of_simulation=False, copy=False):
        """
        Call the Simulable to propagate behavior at a single time-step.
    
        Parameters
        ----------
        time : float/'end'
            Time at which to simulate the Simulable. Default is None, which uses
            self.t.time. If 'end' is provided, will be simulated until the end of
            the simulation (sp.end_time or sp.end_condition)
        proptype : str
            Type of propagation step to update ('static', 'dynamic', or 'both')
        faults : dict/list
            Faults to inject during this propagation step. (to be injected at time.)
            With structure ['fault1', 'fault2'...]
        disturbances : dict
            Variables to change during this propagation step. (to be injected at time.)
            With structure {'var1': value}
        inc_at : bool
            When to increment the history. If "all", increment at each time the sim
            iterates through. If "time", increment only at t==time.
        end_of_simulation : bool
            Whether this is the end of the simulation (and history should be cut).
        copy : bool
            If true, returns a copy of the model just before fault injection and
            stops simulation
        """
        try:
            if time == 'end':
                time = self.sp.end_time
            start_time, end_time = self.t.get_sim_times(time)
            sim_times = self.sp.get_timerange(start_time, end_time)
            for t in sim_times:
                if t == end_time:
                    if copy:
                        return self.copy()
                    if t != self.t.time:  # faults are only injected if not run yet
                        self.set_vars(**disturbances)
                        self.inject_faults(faults)
                self.t.update_time(t)
                if self.t.executing:
                    self.update_stochastic_states()
                    self.update_dynamic_behaviors(proptype=proptype)
&gt;                   self.update_static_behaviors(proptype=proptype)

fmdtools/define/block/base.py:796: 
_ _ _ _ _ _ _ _ _ _ _ _ _ _ _ _ _ _ _ _ _ _ _ _ _ _ _ _ _ _ _ _ _ _ _ _ _ _ _ _ 
fmdtools/define/block/base.py:728: in update_static_behaviors
    self.execute_static_behaviors()
fmdtools/define/block/base.py:734: in execute_static_behaviors
    self.static_behavior()
_ _ _ _ _ _ _ _ _ _ _ _ _ _ _ _ _ _ _ _ _ _ _ _ _ _ _ _ _ _ _ _ _ _ _ _ _ _ _ _ 

self = move_water MoveWat
- t=MoveWatTime(time=0.0, timers={'pressure_limit': Timer pressure_limit: mode= standby, time= 0.0}...(flowrate=0.0, pressure=0.0, area=1.0, level=1.0))
- wat_out=Water(s=(flowrate=0.0, pressure=0.0, area=1.0, level=1.0))

    def static_behavior(self):
        """Define how the function will behave with different faults."""
        self.set_faults()
        if self.m.has_fault('short'):
            self.ee_in.s.current = 500*10/5000*self.sig_in.s.power*self.ee_in.s.voltage
            self.s.eff = 0.0
        elif self.m.has_fault('mech_break'):
            self.ee_in.s.current = 0.2*10/5000*self.sig_in.s.power*self.ee_in.s.voltage
            self.s.eff = 0.0
        else:
            self.ee_in.s.current = 10/5000*self.sig_in.s.power * \
                self.ee_in.s.voltage*min(13.0, self.wat_out.s.pressure)
            # if we wanted to enforce nominall eff state, we would include:
            # self.s.eff = 1.0
    
        velocity = self.sig_in.s.power*self.s.eff * \
            min(1000, self.ee_in.s.voltage)*self.wat_in.s.level
        self.wat_out.s.pressure = 10/500 * velocity/self.wat_out.s.area
        self.wat_out.s.flowrate = 0.3/500 * velocity*self.wat_out.s.area
    
        self.wat_in.s.assign(self.wat_out.s, 'pressure', 'flowrate')
&gt;       print(a)
              ^
E       NameError: name 'a' is not defined

examples/pump/ex_pump.py:436: NameError

The above exception was the direct cause of the following exception:

self = pump Pump
- t=Time(time=0.0, timers={})
- m=Mode(mode='nominal', faults=set(), sub_faults=False)
FLOWS:
- ee_1=Electri...minal', faults=set(), sub_faults=False))
- export_water=ExportWater(m=(mode='nominal', faults=set(), sub_faults=False))
time = 55.0, proptype = 'both', faults = [], disturbances = {}, inc_at = 'all'
end_of_simulation = True, copy = False

    def __call__(self, time=None, proptype="both", faults=[], disturbances={},
                 inc_at="all", end_of_simulation=False, copy=False):
        """
        Call the Simulable to propagate behavior at a single time-step.
    
        Parameters
        ----------
        time : float/'end'
            Time at which to simulate the Simulable. Default is None, which uses
            self.t.time. If 'end' is provided, will be simulated until the end of
            the simulation (sp.end_time or sp.end_condition)
        proptype : str
            Type of propagation step to update ('static', 'dynamic', or 'both')
        faults : dict/list
            Faults to inject during this propagation step. (to be injected at time.)
            With structure ['fault1', 'fault2'...]
        disturbances : dict
            Variables to change during this propagation step. (to be injected at time.)
            With structure {'var1': value}
        inc_at : bool
            When to increment the history. If "all", increment at each time the sim
            iterates through. If "time", increment only at t==time.
        end_of_simulation : bool
            Whether this is the end of the simulation (and history should be cut).
        copy : bool
            If true, returns a copy of the model just before fault injection and
            stops simulation
        """
        try:
            if time == 'end':
                time = self.sp.end_time
            start_time, end_time = self.t.get_sim_times(time)
            sim_times = self.sp.get_timerange(start_time, end_time)
            for t in sim_times:
                if t == end_time:
                    if copy:
                        return self.copy()
                    if t != self.t.time:  # faults are only injected if not run yet
                        self.set_vars(**disturbances)
                        self.inject_faults(faults)
                self.t.update_time(t)
                if self.t.executing:
                    self.update_stochastic_states()
                    self.update_dynamic_behaviors(proptype=proptype)
&gt;                   self.update_static_behaviors(proptype=proptype)

fmdtools/define/block/base.py:796: 
_ _ _ _ _ _ _ _ _ _ _ _ _ _ _ _ _ _ _ _ _ _ _ _ _ _ _ _ _ _ _ _ _ _ _ _ _ _ _ _ 
fmdtools/define/block/base.py:724: in update_static_behaviors
    self.execute_static_behaviors()
fmdtools/define/block/base.py:732: in execute_static_behaviors
    self.update_arch_behaviors("static")
fmdtools/define/architecture/base.py:163: in update_arch_behaviors
    self.prop_static()
fmdtools/define/architecture/base.py:203: in prop_static
    sim(time=self.t.time, proptype='static-once', inc_at="")
_ _ _ _ _ _ _ _ _ _ _ _ _ _ _ _ _ _ _ _ _ _ _ _ _ _ _ _ _ _ _ _ _ _ _ _ _ _ _ _ 

self = move_water MoveWat
- t=MoveWatTime(time=0.0, timers={'pressure_limit': Timer pressure_limit: mode= standby, time= 0.0}...(flowrate=0.0, pressure=0.0, area=1.0, level=1.0))
- wat_out=Water(s=(flowrate=0.0, pressure=0.0, area=1.0, level=1.0))
time = 0.0, proptype = 'static-once', faults = [], disturbances = {}
inc_at = '', end_of_simulation = False, copy = False

    def __call__(self, time=None, proptype="both", faults=[], disturbances={},
                 inc_at="all", end_of_simulation=False, copy=False):
        """
        Call the Simulable to propagate behavior at a single time-step.
    
        Parameters
        ----------
        time : float/'end'
            Time at which to simulate the Simulable. Default is None, which uses
            self.t.time. If 'end' is provided, will be simulated until the end of
            the simulation (sp.end_time or sp.end_condition)
        proptype : str
            Type of propagation step to update ('static', 'dynamic', or 'both')
        faults : dict/list
            Faults to inject during this propagation step. (to be injected at time.)
            With structure ['fault1', 'fault2'...]
        disturbances : dict
            Variables to change during this propagation step. (to be injected at time.)
            With structure {'var1': value}
        inc_at : bool
            When to increment the history. If "all", increment at each time the sim
            iterates through. If "time", increment only at t==time.
        end_of_simulation : bool
            Whether this is the end of the simulation (and history should be cut).
        copy : bool
            If true, returns a copy of the model just before fault injection and
            stops simulation
        """
        try:
            if time == 'end':
                time = self.sp.end_time
            start_time, end_time = self.t.get_sim_times(time)
            sim_times = self.sp.get_timerange(start_time, end_time)
            for t in sim_times:
                if t == end_time:
                    if copy:
                        return self.copy()
                    if t != self.t.time:  # faults are only injected if not run yet
                        self.set_vars(**disturbances)
                        self.inject_faults(faults)
                self.t.update_time(t)
                if self.t.executing:
                    self.update_stochastic_states()
                    self.update_dynamic_behaviors(proptype=proptype)
                    self.update_static_behaviors(proptype=proptype)
                    self.set_sub_faults()
                    if inc_at == "all" or (inc_at == "time" and t == time):
                        self.inc_sim_time()
                        self.h.log(self, self.t.t_ind, self.t.time)
                    if self.sp.end_condition:
                        if get_var(self, self.sp.end_condition)():
                            break
    
            if end_of_simulation:
                self.cut_hist()
        except Exception as e:
&gt;           raise Exception("Error simulating " + self.name +
                            " of class " + self.__class__.__name__ +
                            " at time=" + str(self.t.time)) from e
E           Exception: Error simulating move_water of class MoveWat at time=0.0

fmdtools/define/block/base.py:808: Exception

The above exception was the direct cause of the following exception:

self = Simulation with SimEvents:
- end=SimEvent(to_return={'classify': None})
kwargs = {}

    def __call__(self, **kwargs):
        """Run the sim, save its results (if needed), return its result and history."""
        try:
&gt;           self.run(**kwargs)

fmdtools/sim/propagate.py:480: 
_ _ _ _ _ _ _ _ _ _ _ _ _ _ _ _ _ _ _ _ _ _ _ _ _ _ _ _ _ _ _ _ _ _ _ _ _ _ _ _ 
fmdtools/sim/propagate.py:632: in run
    simevent.run(self.mdl, scen=self.scen, **kwargs)
fmdtools/sim/propagate.py:397: in run
    mdl(time=self.time, **kwar)
_ _ _ _ _ _ _ _ _ _ _ _ _ _ _ _ _ _ _ _ _ _ _ _ _ _ _ _ _ _ _ _ _ _ _ _ _ _ _ _ 

self = pump Pump
- t=Time(time=0.0, timers={})
- m=Mode(mode='nominal', faults=set(), sub_faults=False)
FLOWS:
- ee_1=Electri...minal', faults=set(), sub_faults=False))
- export_water=ExportWater(m=(mode='nominal', faults=set(), sub_faults=False))
time = 55.0, proptype = 'both', faults = [], disturbances = {}, inc_at = 'all'
end_of_simulation = True, copy = False

    def __call__(self, time=None, proptype="both", faults=[], disturbances={},
                 inc_at="all", end_of_simulation=False, copy=False):
        """
        Call the Simulable to propagate behavior at a single time-step.
    
        Parameters
        ----------
        time : float/'end'
            Time at which to simulate the Simulable. Default is None, which uses
            self.t.time. If 'end' is provided, will be simulated until the end of
            the simulation (sp.end_time or sp.end_condition)
        proptype : str
            Type of propagation step to update ('static', 'dynamic', or 'both')
        faults : dict/list
            Faults to inject during this propagation step. (to be injected at time.)
            With structure ['fault1', 'fault2'...]
        disturbances : dict
            Variables to change during this propagation step. (to be injected at time.)
            With structure {'var1': value}
        inc_at : bool
            When to increment the history. If "all", increment at each time the sim
            iterates through. If "time", increment only at t==time.
        end_of_simulation : bool
            Whether this is the end of the simulation (and history should be cut).
        copy : bool
            If true, returns a copy of the model just before fault injection and
            stops simulation
        """
        try:
            if time == 'end':
                time = self.sp.end_time
            start_time, end_time = self.t.get_sim_times(time)
            sim_times = self.sp.get_timerange(start_time, end_time)
            for t in sim_times:
                if t == end_time:
                    if copy:
                        return self.copy()
                    if t != self.t.time:  # faults are only injected if not run yet
                        self.set_vars(**disturbances)
                        self.inject_faults(faults)
                self.t.update_time(t)
                if self.t.executing:
                    self.update_stochastic_states()
                    self.update_dynamic_behaviors(proptype=proptype)
                    self.update_static_behaviors(proptype=proptype)
                    self.set_sub_faults()
                    if inc_at == "all" or (inc_at == "time" and t == time):
                        self.inc_sim_time()
                        self.h.log(self, self.t.t_ind, self.t.time)
                    if self.sp.end_condition:
                        if get_var(self, self.sp.end_condition)():
                            break
    
            if end_of_simulation:
                self.cut_hist()
        except Exception as e:
&gt;           raise Exception("Error simulating " + self.name +
                            " of class " + self.__class__.__name__ +
                            " at time=" + str(self.t.time)) from e
E           Exception: Error simulating pump of class Pump at time=0.0

fmdtools/define/block/base.py:808: Exception

The above exception was the direct cause of the following exception:

self = &lt;examples.pump.test_pump.PumpTests testMethod=test_nominal_save&gt;

    def test_nominal_save(self):
        for ext in [".npz", ".csv", ".json"]:
            fnames = "pump_res" + ext, "pump_hist" + ext
&gt;           self.check_onerun_save(self.mdl, "nominal", *fnames)

examples/pump/test_pump.py:229: 
_ _ _ _ _ _ _ _ _ _ _ _ _ _ _ _ _ _ _ _ _ _ _ _ _ _ _ _ _ _ _ _ _ _ _ _ _ _ _ _ 
tests/common.py:251: in check_onerun_save
    res, hist = prop.nominal(mdl, **kw)
                ^^^^^^^^^^^^^^^^^^^^^^^
fmdtools/sim/propagate.py:92: in nominal
    return sim(**get_sim_call_kwargs(sim, **kwargs))
           ^^^^^^^^^^^^^^^^^^^^^^^^^^^^^^^^^^^^^^^^^
fmdtools/sim/propagate.py:620: in __call__
    res, hist = super().__call__(**kwargs)
                ^^^^^^^^^^^^^^^^^^^^^^^^^^
_ _ _ _ _ _ _ _ _ _ _ _ _ _ _ _ _ _ _ _ _ _ _ _ _ _ _ _ _ _ _ _ _ _ _ _ _ _ _ _ 

self = Simulation with SimEvents:
- end=SimEvent(to_return={'classify': None})
kwargs = {}

    def __call__(self, **kwargs):
        """Run the sim, save its results (if needed), return its result and history."""
        try:
            self.run(**kwargs)
        except Exception as e:
&gt;           raise Exception("Error simulating "+self.name+" scenario(s)") from e
E           Exception: Error simulating nominal scenario(s)

fmdtools/sim/propagate.py:482: Exception</failure></testcase><testcase classname="examples.pump.test_pump.PumpTests" name="test_one_run_csv" time="0.051"><failure message="Exception: Error simulating ('export_water', 'block') scenario(s)">self = move_water MoveWat
- t=MoveWatTime(time=0.0, timers={'pressure_limit': Timer pressure_limit: mode= standby, time= 0.0}...(flowrate=0.0, pressure=0.0, area=1.0, level=1.0))
- wat_out=Water(s=(flowrate=0.0, pressure=0.0, area=1.0, level=1.0))
time = 0.0, proptype = 'static-once', faults = [], disturbances = {}
inc_at = '', end_of_simulation = False, copy = False

    def __call__(self, time=None, proptype="both", faults=[], disturbances={},
                 inc_at="all", end_of_simulation=False, copy=False):
        """
        Call the Simulable to propagate behavior at a single time-step.
    
        Parameters
        ----------
        time : float/'end'
            Time at which to simulate the Simulable. Default is None, which uses
            self.t.time. If 'end' is provided, will be simulated until the end of
            the simulation (sp.end_time or sp.end_condition)
        proptype : str
            Type of propagation step to update ('static', 'dynamic', or 'both')
        faults : dict/list
            Faults to inject during this propagation step. (to be injected at time.)
            With structure ['fault1', 'fault2'...]
        disturbances : dict
            Variables to change during this propagation step. (to be injected at time.)
            With structure {'var1': value}
        inc_at : bool
            When to increment the history. If "all", increment at each time the sim
            iterates through. If "time", increment only at t==time.
        end_of_simulation : bool
            Whether this is the end of the simulation (and history should be cut).
        copy : bool
            If true, returns a copy of the model just before fault injection and
            stops simulation
        """
        try:
            if time == 'end':
                time = self.sp.end_time
            start_time, end_time = self.t.get_sim_times(time)
            sim_times = self.sp.get_timerange(start_time, end_time)
            for t in sim_times:
                if t == end_time:
                    if copy:
                        return self.copy()
                    if t != self.t.time:  # faults are only injected if not run yet
                        self.set_vars(**disturbances)
                        self.inject_faults(faults)
                self.t.update_time(t)
                if self.t.executing:
                    self.update_stochastic_states()
                    self.update_dynamic_behaviors(proptype=proptype)
&gt;                   self.update_static_behaviors(proptype=proptype)

fmdtools/define/block/base.py:796: 
_ _ _ _ _ _ _ _ _ _ _ _ _ _ _ _ _ _ _ _ _ _ _ _ _ _ _ _ _ _ _ _ _ _ _ _ _ _ _ _ 
fmdtools/define/block/base.py:728: in update_static_behaviors
    self.execute_static_behaviors()
fmdtools/define/block/base.py:734: in execute_static_behaviors
    self.static_behavior()
_ _ _ _ _ _ _ _ _ _ _ _ _ _ _ _ _ _ _ _ _ _ _ _ _ _ _ _ _ _ _ _ _ _ _ _ _ _ _ _ 

self = move_water MoveWat
- t=MoveWatTime(time=0.0, timers={'pressure_limit': Timer pressure_limit: mode= standby, time= 0.0}...(flowrate=0.0, pressure=0.0, area=1.0, level=1.0))
- wat_out=Water(s=(flowrate=0.0, pressure=0.0, area=1.0, level=1.0))

    def static_behavior(self):
        """Define how the function will behave with different faults."""
        self.set_faults()
        if self.m.has_fault('short'):
            self.ee_in.s.current = 500*10/5000*self.sig_in.s.power*self.ee_in.s.voltage
            self.s.eff = 0.0
        elif self.m.has_fault('mech_break'):
            self.ee_in.s.current = 0.2*10/5000*self.sig_in.s.power*self.ee_in.s.voltage
            self.s.eff = 0.0
        else:
            self.ee_in.s.current = 10/5000*self.sig_in.s.power * \
                self.ee_in.s.voltage*min(13.0, self.wat_out.s.pressure)
            # if we wanted to enforce nominall eff state, we would include:
            # self.s.eff = 1.0
    
        velocity = self.sig_in.s.power*self.s.eff * \
            min(1000, self.ee_in.s.voltage)*self.wat_in.s.level
        self.wat_out.s.pressure = 10/500 * velocity/self.wat_out.s.area
        self.wat_out.s.flowrate = 0.3/500 * velocity*self.wat_out.s.area
    
        self.wat_in.s.assign(self.wat_out.s, 'pressure', 'flowrate')
&gt;       print(a)
              ^
E       NameError: name 'a' is not defined

examples/pump/ex_pump.py:436: NameError

The above exception was the direct cause of the following exception:

self = pump Pump
- t=Time(time=0.0, timers={})
- m=Mode(mode='nominal', faults=set(), sub_faults=False)
FLOWS:
- ee_1=Electri...minal', faults=set(), sub_faults=False))
- export_water=ExportWater(m=(mode='nominal', faults=set(), sub_faults=False))
time = 55.0, proptype = 'both', faults = [], disturbances = {}, inc_at = 'all'
end_of_simulation = True, copy = False

    def __call__(self, time=None, proptype="both", faults=[], disturbances={},
                 inc_at="all", end_of_simulation=False, copy=False):
        """
        Call the Simulable to propagate behavior at a single time-step.
    
        Parameters
        ----------
        time : float/'end'
            Time at which to simulate the Simulable. Default is None, which uses
            self.t.time. If 'end' is provided, will be simulated until the end of
            the simulation (sp.end_time or sp.end_condition)
        proptype : str
            Type of propagation step to update ('static', 'dynamic', or 'both')
        faults : dict/list
            Faults to inject during this propagation step. (to be injected at time.)
            With structure ['fault1', 'fault2'...]
        disturbances : dict
            Variables to change during this propagation step. (to be injected at time.)
            With structure {'var1': value}
        inc_at : bool
            When to increment the history. If "all", increment at each time the sim
            iterates through. If "time", increment only at t==time.
        end_of_simulation : bool
            Whether this is the end of the simulation (and history should be cut).
        copy : bool
            If true, returns a copy of the model just before fault injection and
            stops simulation
        """
        try:
            if time == 'end':
                time = self.sp.end_time
            start_time, end_time = self.t.get_sim_times(time)
            sim_times = self.sp.get_timerange(start_time, end_time)
            for t in sim_times:
                if t == end_time:
                    if copy:
                        return self.copy()
                    if t != self.t.time:  # faults are only injected if not run yet
                        self.set_vars(**disturbances)
                        self.inject_faults(faults)
                self.t.update_time(t)
                if self.t.executing:
                    self.update_stochastic_states()
                    self.update_dynamic_behaviors(proptype=proptype)
&gt;                   self.update_static_behaviors(proptype=proptype)

fmdtools/define/block/base.py:796: 
_ _ _ _ _ _ _ _ _ _ _ _ _ _ _ _ _ _ _ _ _ _ _ _ _ _ _ _ _ _ _ _ _ _ _ _ _ _ _ _ 
fmdtools/define/block/base.py:724: in update_static_behaviors
    self.execute_static_behaviors()
fmdtools/define/block/base.py:732: in execute_static_behaviors
    self.update_arch_behaviors("static")
fmdtools/define/architecture/base.py:163: in update_arch_behaviors
    self.prop_static()
fmdtools/define/architecture/base.py:203: in prop_static
    sim(time=self.t.time, proptype='static-once', inc_at="")
_ _ _ _ _ _ _ _ _ _ _ _ _ _ _ _ _ _ _ _ _ _ _ _ _ _ _ _ _ _ _ _ _ _ _ _ _ _ _ _ 

self = move_water MoveWat
- t=MoveWatTime(time=0.0, timers={'pressure_limit': Timer pressure_limit: mode= standby, time= 0.0}...(flowrate=0.0, pressure=0.0, area=1.0, level=1.0))
- wat_out=Water(s=(flowrate=0.0, pressure=0.0, area=1.0, level=1.0))
time = 0.0, proptype = 'static-once', faults = [], disturbances = {}
inc_at = '', end_of_simulation = False, copy = False

    def __call__(self, time=None, proptype="both", faults=[], disturbances={},
                 inc_at="all", end_of_simulation=False, copy=False):
        """
        Call the Simulable to propagate behavior at a single time-step.
    
        Parameters
        ----------
        time : float/'end'
            Time at which to simulate the Simulable. Default is None, which uses
            self.t.time. If 'end' is provided, will be simulated until the end of
            the simulation (sp.end_time or sp.end_condition)
        proptype : str
            Type of propagation step to update ('static', 'dynamic', or 'both')
        faults : dict/list
            Faults to inject during this propagation step. (to be injected at time.)
            With structure ['fault1', 'fault2'...]
        disturbances : dict
            Variables to change during this propagation step. (to be injected at time.)
            With structure {'var1': value}
        inc_at : bool
            When to increment the history. If "all", increment at each time the sim
            iterates through. If "time", increment only at t==time.
        end_of_simulation : bool
            Whether this is the end of the simulation (and history should be cut).
        copy : bool
            If true, returns a copy of the model just before fault injection and
            stops simulation
        """
        try:
            if time == 'end':
                time = self.sp.end_time
            start_time, end_time = self.t.get_sim_times(time)
            sim_times = self.sp.get_timerange(start_time, end_time)
            for t in sim_times:
                if t == end_time:
                    if copy:
                        return self.copy()
                    if t != self.t.time:  # faults are only injected if not run yet
                        self.set_vars(**disturbances)
                        self.inject_faults(faults)
                self.t.update_time(t)
                if self.t.executing:
                    self.update_stochastic_states()
                    self.update_dynamic_behaviors(proptype=proptype)
                    self.update_static_behaviors(proptype=proptype)
                    self.set_sub_faults()
                    if inc_at == "all" or (inc_at == "time" and t == time):
                        self.inc_sim_time()
                        self.h.log(self, self.t.t_ind, self.t.time)
                    if self.sp.end_condition:
                        if get_var(self, self.sp.end_condition)():
                            break
    
            if end_of_simulation:
                self.cut_hist()
        except Exception as e:
&gt;           raise Exception("Error simulating " + self.name +
                            " of class " + self.__class__.__name__ +
                            " at time=" + str(self.t.time)) from e
E           Exception: Error simulating move_water of class MoveWat at time=0.0

fmdtools/define/block/base.py:808: Exception

The above exception was the direct cause of the following exception:

self = Simulation with SimEvents:
- end=SimEvent(to_return={'classify': None})
kwargs = {}

    def __call__(self, **kwargs):
        """Run the sim, save its results (if needed), return its result and history."""
        try:
&gt;           self.run(**kwargs)

fmdtools/sim/propagate.py:480: 
_ _ _ _ _ _ _ _ _ _ _ _ _ _ _ _ _ _ _ _ _ _ _ _ _ _ _ _ _ _ _ _ _ _ _ _ _ _ _ _ 
fmdtools/sim/propagate.py:632: in run
    simevent.run(self.mdl, scen=self.scen, **kwargs)
fmdtools/sim/propagate.py:397: in run
    mdl(time=self.time, **kwar)
_ _ _ _ _ _ _ _ _ _ _ _ _ _ _ _ _ _ _ _ _ _ _ _ _ _ _ _ _ _ _ _ _ _ _ _ _ _ _ _ 

self = pump Pump
- t=Time(time=0.0, timers={})
- m=Mode(mode='nominal', faults=set(), sub_faults=False)
FLOWS:
- ee_1=Electri...minal', faults=set(), sub_faults=False))
- export_water=ExportWater(m=(mode='nominal', faults=set(), sub_faults=False))
time = 55.0, proptype = 'both', faults = [], disturbances = {}, inc_at = 'all'
end_of_simulation = True, copy = False

    def __call__(self, time=None, proptype="both", faults=[], disturbances={},
                 inc_at="all", end_of_simulation=False, copy=False):
        """
        Call the Simulable to propagate behavior at a single time-step.
    
        Parameters
        ----------
        time : float/'end'
            Time at which to simulate the Simulable. Default is None, which uses
            self.t.time. If 'end' is provided, will be simulated until the end of
            the simulation (sp.end_time or sp.end_condition)
        proptype : str
            Type of propagation step to update ('static', 'dynamic', or 'both')
        faults : dict/list
            Faults to inject during this propagation step. (to be injected at time.)
            With structure ['fault1', 'fault2'...]
        disturbances : dict
            Variables to change during this propagation step. (to be injected at time.)
            With structure {'var1': value}
        inc_at : bool
            When to increment the history. If "all", increment at each time the sim
            iterates through. If "time", increment only at t==time.
        end_of_simulation : bool
            Whether this is the end of the simulation (and history should be cut).
        copy : bool
            If true, returns a copy of the model just before fault injection and
            stops simulation
        """
        try:
            if time == 'end':
                time = self.sp.end_time
            start_time, end_time = self.t.get_sim_times(time)
            sim_times = self.sp.get_timerange(start_time, end_time)
            for t in sim_times:
                if t == end_time:
                    if copy:
                        return self.copy()
                    if t != self.t.time:  # faults are only injected if not run yet
                        self.set_vars(**disturbances)
                        self.inject_faults(faults)
                self.t.update_time(t)
                if self.t.executing:
                    self.update_stochastic_states()
                    self.update_dynamic_behaviors(proptype=proptype)
                    self.update_static_behaviors(proptype=proptype)
                    self.set_sub_faults()
                    if inc_at == "all" or (inc_at == "time" and t == time):
                        self.inc_sim_time()
                        self.h.log(self, self.t.t_ind, self.t.time)
                    if self.sp.end_condition:
                        if get_var(self, self.sp.end_condition)():
                            break
    
            if end_of_simulation:
                self.cut_hist()
        except Exception as e:
&gt;           raise Exception("Error simulating " + self.name +
                            " of class " + self.__class__.__name__ +
                            " at time=" + str(self.t.time)) from e
E           Exception: Error simulating pump of class Pump at time=0.0

fmdtools/define/block/base.py:808: Exception

The above exception was the direct cause of the following exception:

self = MultiEventSimulation of
SingleFaultScenario(sequence={20.0: Injection(faults={'export_water': ['block']}, disturbances={})}, times=(20,), function='export_water', fault='block', rate=1e-05, name='export_water_block_t20', time=20, phase='')
kwargs = {}

    def __call__(self, **kwargs):
        """Run the sim, save its results (if needed), return its result and history."""
        try:
&gt;           self.run(**kwargs)

fmdtools/sim/propagate.py:480: 
_ _ _ _ _ _ _ _ _ _ _ _ _ _ _ _ _ _ _ _ _ _ _ _ _ _ _ _ _ _ _ _ _ _ _ _ _ _ _ _ 
fmdtools/sim/propagate.py:1025: in run
    self.run_nom()
fmdtools/sim/propagate.py:1008: in run_nom
    outs = nomsim(**sim_kwar)
           ^^^^^^^^^^^^^^^^^^
fmdtools/sim/propagate.py:620: in __call__
    res, hist = super().__call__(**kwargs)
                ^^^^^^^^^^^^^^^^^^^^^^^^^^
_ _ _ _ _ _ _ _ _ _ _ _ _ _ _ _ _ _ _ _ _ _ _ _ _ _ _ _ _ _ _ _ _ _ _ _ _ _ _ _ 

self = Simulation with SimEvents:
- end=SimEvent(to_return={'classify': None})
kwargs = {}

    def __call__(self, **kwargs):
        """Run the sim, save its results (if needed), return its result and history."""
        try:
            self.run(**kwargs)
        except Exception as e:
&gt;           raise Exception("Error simulating "+self.name+" scenario(s)") from e
E           Exception: Error simulating nominal scenario(s)

fmdtools/sim/propagate.py:482: Exception

The above exception was the direct cause of the following exception:

self = &lt;examples.pump.test_pump.PumpTests testMethod=test_one_run_csv&gt;

    def test_one_run_csv(self):
        if os.path.exists("single_fault.csv"):
            os.remove("single_fault.csv")
&gt;       res, hist = prop.one_fault(self.mdl, 'export_water', 'block', time=20,
                                   staged=False, run_stochastic=True, sp={'seed': 10})

examples/pump/test_pump.py:201: 
_ _ _ _ _ _ _ _ _ _ _ _ _ _ _ _ _ _ _ _ _ _ _ _ _ _ _ _ _ _ _ _ _ _ _ _ _ _ _ _ 
fmdtools/sim/propagate.py:162: in one_fault
    return sequence(mdl, scen=scen, name=str((fxnname, fault)), **kwargs)
           ^^^^^^^^^^^^^^^^^^^^^^^^^^^^^^^^^^^^^^^^^^^^^^^^^^^^^^^^^^^^^^
fmdtools/sim/propagate.py:222: in sequence
    return sim(**get_sim_call_kwargs(sim, **kwargs))
           ^^^^^^^^^^^^^^^^^^^^^^^^^^^^^^^^^^^^^^^^^
fmdtools/sim/propagate.py:975: in __call__
    rets = super().__call__(**kwargs)
           ^^^^^^^^^^^^^^^^^^^^^^^^^^
_ _ _ _ _ _ _ _ _ _ _ _ _ _ _ _ _ _ _ _ _ _ _ _ _ _ _ _ _ _ _ _ _ _ _ _ _ _ _ _ 

self = MultiEventSimulation of
SingleFaultScenario(sequence={20.0: Injection(faults={'export_water': ['block']}, disturbances={})}, times=(20,), function='export_water', fault='block', rate=1e-05, name='export_water_block_t20', time=20, phase='')
kwargs = {}

    def __call__(self, **kwargs):
        """Run the sim, save its results (if needed), return its result and history."""
        try:
            self.run(**kwargs)
        except Exception as e:
&gt;           raise Exception("Error simulating "+self.name+" scenario(s)") from e
E           Exception: Error simulating ('export_water', 'block') scenario(s)

fmdtools/sim/propagate.py:482: Exception</failure></testcase><testcase classname="examples.pump.test_pump.PumpTests" name="test_one_run_json" time="0.050"><failure message="Exception: Error simulating ('export_water', 'block') scenario(s)">self = move_water MoveWat
- t=MoveWatTime(time=0.0, timers={'pressure_limit': Timer pressure_limit: mode= standby, time= 0.0}...(flowrate=0.0, pressure=0.0, area=1.0, level=1.0))
- wat_out=Water(s=(flowrate=0.0, pressure=0.0, area=1.0, level=1.0))
time = 0.0, proptype = 'static-once', faults = [], disturbances = {}
inc_at = '', end_of_simulation = False, copy = False

    def __call__(self, time=None, proptype="both", faults=[], disturbances={},
                 inc_at="all", end_of_simulation=False, copy=False):
        """
        Call the Simulable to propagate behavior at a single time-step.
    
        Parameters
        ----------
        time : float/'end'
            Time at which to simulate the Simulable. Default is None, which uses
            self.t.time. If 'end' is provided, will be simulated until the end of
            the simulation (sp.end_time or sp.end_condition)
        proptype : str
            Type of propagation step to update ('static', 'dynamic', or 'both')
        faults : dict/list
            Faults to inject during this propagation step. (to be injected at time.)
            With structure ['fault1', 'fault2'...]
        disturbances : dict
            Variables to change during this propagation step. (to be injected at time.)
            With structure {'var1': value}
        inc_at : bool
            When to increment the history. If "all", increment at each time the sim
            iterates through. If "time", increment only at t==time.
        end_of_simulation : bool
            Whether this is the end of the simulation (and history should be cut).
        copy : bool
            If true, returns a copy of the model just before fault injection and
            stops simulation
        """
        try:
            if time == 'end':
                time = self.sp.end_time
            start_time, end_time = self.t.get_sim_times(time)
            sim_times = self.sp.get_timerange(start_time, end_time)
            for t in sim_times:
                if t == end_time:
                    if copy:
                        return self.copy()
                    if t != self.t.time:  # faults are only injected if not run yet
                        self.set_vars(**disturbances)
                        self.inject_faults(faults)
                self.t.update_time(t)
                if self.t.executing:
                    self.update_stochastic_states()
                    self.update_dynamic_behaviors(proptype=proptype)
&gt;                   self.update_static_behaviors(proptype=proptype)

fmdtools/define/block/base.py:796: 
_ _ _ _ _ _ _ _ _ _ _ _ _ _ _ _ _ _ _ _ _ _ _ _ _ _ _ _ _ _ _ _ _ _ _ _ _ _ _ _ 
fmdtools/define/block/base.py:728: in update_static_behaviors
    self.execute_static_behaviors()
fmdtools/define/block/base.py:734: in execute_static_behaviors
    self.static_behavior()
_ _ _ _ _ _ _ _ _ _ _ _ _ _ _ _ _ _ _ _ _ _ _ _ _ _ _ _ _ _ _ _ _ _ _ _ _ _ _ _ 

self = move_water MoveWat
- t=MoveWatTime(time=0.0, timers={'pressure_limit': Timer pressure_limit: mode= standby, time= 0.0}...(flowrate=0.0, pressure=0.0, area=1.0, level=1.0))
- wat_out=Water(s=(flowrate=0.0, pressure=0.0, area=1.0, level=1.0))

    def static_behavior(self):
        """Define how the function will behave with different faults."""
        self.set_faults()
        if self.m.has_fault('short'):
            self.ee_in.s.current = 500*10/5000*self.sig_in.s.power*self.ee_in.s.voltage
            self.s.eff = 0.0
        elif self.m.has_fault('mech_break'):
            self.ee_in.s.current = 0.2*10/5000*self.sig_in.s.power*self.ee_in.s.voltage
            self.s.eff = 0.0
        else:
            self.ee_in.s.current = 10/5000*self.sig_in.s.power * \
                self.ee_in.s.voltage*min(13.0, self.wat_out.s.pressure)
            # if we wanted to enforce nominall eff state, we would include:
            # self.s.eff = 1.0
    
        velocity = self.sig_in.s.power*self.s.eff * \
            min(1000, self.ee_in.s.voltage)*self.wat_in.s.level
        self.wat_out.s.pressure = 10/500 * velocity/self.wat_out.s.area
        self.wat_out.s.flowrate = 0.3/500 * velocity*self.wat_out.s.area
    
        self.wat_in.s.assign(self.wat_out.s, 'pressure', 'flowrate')
&gt;       print(a)
              ^
E       NameError: name 'a' is not defined

examples/pump/ex_pump.py:436: NameError

The above exception was the direct cause of the following exception:

self = pump Pump
- t=Time(time=0.0, timers={})
- m=Mode(mode='nominal', faults=set(), sub_faults=False)
FLOWS:
- ee_1=Electri...minal', faults=set(), sub_faults=False))
- export_water=ExportWater(m=(mode='nominal', faults=set(), sub_faults=False))
time = 55.0, proptype = 'both', faults = [], disturbances = {}, inc_at = 'all'
end_of_simulation = True, copy = False

    def __call__(self, time=None, proptype="both", faults=[], disturbances={},
                 inc_at="all", end_of_simulation=False, copy=False):
        """
        Call the Simulable to propagate behavior at a single time-step.
    
        Parameters
        ----------
        time : float/'end'
            Time at which to simulate the Simulable. Default is None, which uses
            self.t.time. If 'end' is provided, will be simulated until the end of
            the simulation (sp.end_time or sp.end_condition)
        proptype : str
            Type of propagation step to update ('static', 'dynamic', or 'both')
        faults : dict/list
            Faults to inject during this propagation step. (to be injected at time.)
            With structure ['fault1', 'fault2'...]
        disturbances : dict
            Variables to change during this propagation step. (to be injected at time.)
            With structure {'var1': value}
        inc_at : bool
            When to increment the history. If "all", increment at each time the sim
            iterates through. If "time", increment only at t==time.
        end_of_simulation : bool
            Whether this is the end of the simulation (and history should be cut).
        copy : bool
            If true, returns a copy of the model just before fault injection and
            stops simulation
        """
        try:
            if time == 'end':
                time = self.sp.end_time
            start_time, end_time = self.t.get_sim_times(time)
            sim_times = self.sp.get_timerange(start_time, end_time)
            for t in sim_times:
                if t == end_time:
                    if copy:
                        return self.copy()
                    if t != self.t.time:  # faults are only injected if not run yet
                        self.set_vars(**disturbances)
                        self.inject_faults(faults)
                self.t.update_time(t)
                if self.t.executing:
                    self.update_stochastic_states()
                    self.update_dynamic_behaviors(proptype=proptype)
&gt;                   self.update_static_behaviors(proptype=proptype)

fmdtools/define/block/base.py:796: 
_ _ _ _ _ _ _ _ _ _ _ _ _ _ _ _ _ _ _ _ _ _ _ _ _ _ _ _ _ _ _ _ _ _ _ _ _ _ _ _ 
fmdtools/define/block/base.py:724: in update_static_behaviors
    self.execute_static_behaviors()
fmdtools/define/block/base.py:732: in execute_static_behaviors
    self.update_arch_behaviors("static")
fmdtools/define/architecture/base.py:163: in update_arch_behaviors
    self.prop_static()
fmdtools/define/architecture/base.py:203: in prop_static
    sim(time=self.t.time, proptype='static-once', inc_at="")
_ _ _ _ _ _ _ _ _ _ _ _ _ _ _ _ _ _ _ _ _ _ _ _ _ _ _ _ _ _ _ _ _ _ _ _ _ _ _ _ 

self = move_water MoveWat
- t=MoveWatTime(time=0.0, timers={'pressure_limit': Timer pressure_limit: mode= standby, time= 0.0}...(flowrate=0.0, pressure=0.0, area=1.0, level=1.0))
- wat_out=Water(s=(flowrate=0.0, pressure=0.0, area=1.0, level=1.0))
time = 0.0, proptype = 'static-once', faults = [], disturbances = {}
inc_at = '', end_of_simulation = False, copy = False

    def __call__(self, time=None, proptype="both", faults=[], disturbances={},
                 inc_at="all", end_of_simulation=False, copy=False):
        """
        Call the Simulable to propagate behavior at a single time-step.
    
        Parameters
        ----------
        time : float/'end'
            Time at which to simulate the Simulable. Default is None, which uses
            self.t.time. If 'end' is provided, will be simulated until the end of
            the simulation (sp.end_time or sp.end_condition)
        proptype : str
            Type of propagation step to update ('static', 'dynamic', or 'both')
        faults : dict/list
            Faults to inject during this propagation step. (to be injected at time.)
            With structure ['fault1', 'fault2'...]
        disturbances : dict
            Variables to change during this propagation step. (to be injected at time.)
            With structure {'var1': value}
        inc_at : bool
            When to increment the history. If "all", increment at each time the sim
            iterates through. If "time", increment only at t==time.
        end_of_simulation : bool
            Whether this is the end of the simulation (and history should be cut).
        copy : bool
            If true, returns a copy of the model just before fault injection and
            stops simulation
        """
        try:
            if time == 'end':
                time = self.sp.end_time
            start_time, end_time = self.t.get_sim_times(time)
            sim_times = self.sp.get_timerange(start_time, end_time)
            for t in sim_times:
                if t == end_time:
                    if copy:
                        return self.copy()
                    if t != self.t.time:  # faults are only injected if not run yet
                        self.set_vars(**disturbances)
                        self.inject_faults(faults)
                self.t.update_time(t)
                if self.t.executing:
                    self.update_stochastic_states()
                    self.update_dynamic_behaviors(proptype=proptype)
                    self.update_static_behaviors(proptype=proptype)
                    self.set_sub_faults()
                    if inc_at == "all" or (inc_at == "time" and t == time):
                        self.inc_sim_time()
                        self.h.log(self, self.t.t_ind, self.t.time)
                    if self.sp.end_condition:
                        if get_var(self, self.sp.end_condition)():
                            break
    
            if end_of_simulation:
                self.cut_hist()
        except Exception as e:
&gt;           raise Exception("Error simulating " + self.name +
                            " of class " + self.__class__.__name__ +
                            " at time=" + str(self.t.time)) from e
E           Exception: Error simulating move_water of class MoveWat at time=0.0

fmdtools/define/block/base.py:808: Exception

The above exception was the direct cause of the following exception:

self = Simulation with SimEvents:
- end=SimEvent(to_return={'classify': None})
kwargs = {}

    def __call__(self, **kwargs):
        """Run the sim, save its results (if needed), return its result and history."""
        try:
&gt;           self.run(**kwargs)

fmdtools/sim/propagate.py:480: 
_ _ _ _ _ _ _ _ _ _ _ _ _ _ _ _ _ _ _ _ _ _ _ _ _ _ _ _ _ _ _ _ _ _ _ _ _ _ _ _ 
fmdtools/sim/propagate.py:632: in run
    simevent.run(self.mdl, scen=self.scen, **kwargs)
fmdtools/sim/propagate.py:397: in run
    mdl(time=self.time, **kwar)
_ _ _ _ _ _ _ _ _ _ _ _ _ _ _ _ _ _ _ _ _ _ _ _ _ _ _ _ _ _ _ _ _ _ _ _ _ _ _ _ 

self = pump Pump
- t=Time(time=0.0, timers={})
- m=Mode(mode='nominal', faults=set(), sub_faults=False)
FLOWS:
- ee_1=Electri...minal', faults=set(), sub_faults=False))
- export_water=ExportWater(m=(mode='nominal', faults=set(), sub_faults=False))
time = 55.0, proptype = 'both', faults = [], disturbances = {}, inc_at = 'all'
end_of_simulation = True, copy = False

    def __call__(self, time=None, proptype="both", faults=[], disturbances={},
                 inc_at="all", end_of_simulation=False, copy=False):
        """
        Call the Simulable to propagate behavior at a single time-step.
    
        Parameters
        ----------
        time : float/'end'
            Time at which to simulate the Simulable. Default is None, which uses
            self.t.time. If 'end' is provided, will be simulated until the end of
            the simulation (sp.end_time or sp.end_condition)
        proptype : str
            Type of propagation step to update ('static', 'dynamic', or 'both')
        faults : dict/list
            Faults to inject during this propagation step. (to be injected at time.)
            With structure ['fault1', 'fault2'...]
        disturbances : dict
            Variables to change during this propagation step. (to be injected at time.)
            With structure {'var1': value}
        inc_at : bool
            When to increment the history. If "all", increment at each time the sim
            iterates through. If "time", increment only at t==time.
        end_of_simulation : bool
            Whether this is the end of the simulation (and history should be cut).
        copy : bool
            If true, returns a copy of the model just before fault injection and
            stops simulation
        """
        try:
            if time == 'end':
                time = self.sp.end_time
            start_time, end_time = self.t.get_sim_times(time)
            sim_times = self.sp.get_timerange(start_time, end_time)
            for t in sim_times:
                if t == end_time:
                    if copy:
                        return self.copy()
                    if t != self.t.time:  # faults are only injected if not run yet
                        self.set_vars(**disturbances)
                        self.inject_faults(faults)
                self.t.update_time(t)
                if self.t.executing:
                    self.update_stochastic_states()
                    self.update_dynamic_behaviors(proptype=proptype)
                    self.update_static_behaviors(proptype=proptype)
                    self.set_sub_faults()
                    if inc_at == "all" or (inc_at == "time" and t == time):
                        self.inc_sim_time()
                        self.h.log(self, self.t.t_ind, self.t.time)
                    if self.sp.end_condition:
                        if get_var(self, self.sp.end_condition)():
                            break
    
            if end_of_simulation:
                self.cut_hist()
        except Exception as e:
&gt;           raise Exception("Error simulating " + self.name +
                            " of class " + self.__class__.__name__ +
                            " at time=" + str(self.t.time)) from e
E           Exception: Error simulating pump of class Pump at time=0.0

fmdtools/define/block/base.py:808: Exception

The above exception was the direct cause of the following exception:

self = MultiEventSimulation of
SingleFaultScenario(sequence={20.0: Injection(faults={'export_water': ['block']}, disturbances={})}, times=(20,), function='export_water', fault='block', rate=1e-05, name='export_water_block_t20', time=20, phase='')
kwargs = {}

    def __call__(self, **kwargs):
        """Run the sim, save its results (if needed), return its result and history."""
        try:
&gt;           self.run(**kwargs)

fmdtools/sim/propagate.py:480: 
_ _ _ _ _ _ _ _ _ _ _ _ _ _ _ _ _ _ _ _ _ _ _ _ _ _ _ _ _ _ _ _ _ _ _ _ _ _ _ _ 
fmdtools/sim/propagate.py:1025: in run
    self.run_nom()
fmdtools/sim/propagate.py:1008: in run_nom
    outs = nomsim(**sim_kwar)
           ^^^^^^^^^^^^^^^^^^
fmdtools/sim/propagate.py:620: in __call__
    res, hist = super().__call__(**kwargs)
                ^^^^^^^^^^^^^^^^^^^^^^^^^^
_ _ _ _ _ _ _ _ _ _ _ _ _ _ _ _ _ _ _ _ _ _ _ _ _ _ _ _ _ _ _ _ _ _ _ _ _ _ _ _ 

self = Simulation with SimEvents:
- end=SimEvent(to_return={'classify': None})
kwargs = {}

    def __call__(self, **kwargs):
        """Run the sim, save its results (if needed), return its result and history."""
        try:
            self.run(**kwargs)
        except Exception as e:
&gt;           raise Exception("Error simulating "+self.name+" scenario(s)") from e
E           Exception: Error simulating nominal scenario(s)

fmdtools/sim/propagate.py:482: Exception

The above exception was the direct cause of the following exception:

self = &lt;examples.pump.test_pump.PumpTests testMethod=test_one_run_json&gt;

    def test_one_run_json(self):
        if os.path.exists("single_fault.json"):
            os.remove("single_fault.json")
    
&gt;       res, hist = prop.one_fault(self.mdl, 'export_water', 'block', time=20,
                                   staged=False, run_stochastic=True, sp={'seed': 10})

examples/pump/test_pump.py:215: 
_ _ _ _ _ _ _ _ _ _ _ _ _ _ _ _ _ _ _ _ _ _ _ _ _ _ _ _ _ _ _ _ _ _ _ _ _ _ _ _ 
fmdtools/sim/propagate.py:162: in one_fault
    return sequence(mdl, scen=scen, name=str((fxnname, fault)), **kwargs)
           ^^^^^^^^^^^^^^^^^^^^^^^^^^^^^^^^^^^^^^^^^^^^^^^^^^^^^^^^^^^^^^
fmdtools/sim/propagate.py:222: in sequence
    return sim(**get_sim_call_kwargs(sim, **kwargs))
           ^^^^^^^^^^^^^^^^^^^^^^^^^^^^^^^^^^^^^^^^^
fmdtools/sim/propagate.py:975: in __call__
    rets = super().__call__(**kwargs)
           ^^^^^^^^^^^^^^^^^^^^^^^^^^
_ _ _ _ _ _ _ _ _ _ _ _ _ _ _ _ _ _ _ _ _ _ _ _ _ _ _ _ _ _ _ _ _ _ _ _ _ _ _ _ 

self = MultiEventSimulation of
SingleFaultScenario(sequence={20.0: Injection(faults={'export_water': ['block']}, disturbances={})}, times=(20,), function='export_water', fault='block', rate=1e-05, name='export_water_block_t20', time=20, phase='')
kwargs = {}

    def __call__(self, **kwargs):
        """Run the sim, save its results (if needed), return its result and history."""
        try:
            self.run(**kwargs)
        except Exception as e:
&gt;           raise Exception("Error simulating "+self.name+" scenario(s)") from e
E           Exception: Error simulating ('export_water', 'block') scenario(s)

fmdtools/sim/propagate.py:482: Exception</failure></testcase><testcase classname="examples.pump.test_pump.PumpTests" name="test_one_run_pickle" time="0.049"><failure message="Exception: Error simulating ('export_water', 'block') scenario(s)">self = move_water MoveWat
- t=MoveWatTime(time=0.0, timers={'pressure_limit': Timer pressure_limit: mode= standby, time= 0.0}...(flowrate=0.0, pressure=0.0, area=1.0, level=1.0))
- wat_out=Water(s=(flowrate=0.0, pressure=0.0, area=1.0, level=1.0))
time = 0.0, proptype = 'static-once', faults = [], disturbances = {}
inc_at = '', end_of_simulation = False, copy = False

    def __call__(self, time=None, proptype="both", faults=[], disturbances={},
                 inc_at="all", end_of_simulation=False, copy=False):
        """
        Call the Simulable to propagate behavior at a single time-step.
    
        Parameters
        ----------
        time : float/'end'
            Time at which to simulate the Simulable. Default is None, which uses
            self.t.time. If 'end' is provided, will be simulated until the end of
            the simulation (sp.end_time or sp.end_condition)
        proptype : str
            Type of propagation step to update ('static', 'dynamic', or 'both')
        faults : dict/list
            Faults to inject during this propagation step. (to be injected at time.)
            With structure ['fault1', 'fault2'...]
        disturbances : dict
            Variables to change during this propagation step. (to be injected at time.)
            With structure {'var1': value}
        inc_at : bool
            When to increment the history. If "all", increment at each time the sim
            iterates through. If "time", increment only at t==time.
        end_of_simulation : bool
            Whether this is the end of the simulation (and history should be cut).
        copy : bool
            If true, returns a copy of the model just before fault injection and
            stops simulation
        """
        try:
            if time == 'end':
                time = self.sp.end_time
            start_time, end_time = self.t.get_sim_times(time)
            sim_times = self.sp.get_timerange(start_time, end_time)
            for t in sim_times:
                if t == end_time:
                    if copy:
                        return self.copy()
                    if t != self.t.time:  # faults are only injected if not run yet
                        self.set_vars(**disturbances)
                        self.inject_faults(faults)
                self.t.update_time(t)
                if self.t.executing:
                    self.update_stochastic_states()
                    self.update_dynamic_behaviors(proptype=proptype)
&gt;                   self.update_static_behaviors(proptype=proptype)

fmdtools/define/block/base.py:796: 
_ _ _ _ _ _ _ _ _ _ _ _ _ _ _ _ _ _ _ _ _ _ _ _ _ _ _ _ _ _ _ _ _ _ _ _ _ _ _ _ 
fmdtools/define/block/base.py:728: in update_static_behaviors
    self.execute_static_behaviors()
fmdtools/define/block/base.py:734: in execute_static_behaviors
    self.static_behavior()
_ _ _ _ _ _ _ _ _ _ _ _ _ _ _ _ _ _ _ _ _ _ _ _ _ _ _ _ _ _ _ _ _ _ _ _ _ _ _ _ 

self = move_water MoveWat
- t=MoveWatTime(time=0.0, timers={'pressure_limit': Timer pressure_limit: mode= standby, time= 0.0}...(flowrate=0.0, pressure=0.0, area=1.0, level=1.0))
- wat_out=Water(s=(flowrate=0.0, pressure=0.0, area=1.0, level=1.0))

    def static_behavior(self):
        """Define how the function will behave with different faults."""
        self.set_faults()
        if self.m.has_fault('short'):
            self.ee_in.s.current = 500*10/5000*self.sig_in.s.power*self.ee_in.s.voltage
            self.s.eff = 0.0
        elif self.m.has_fault('mech_break'):
            self.ee_in.s.current = 0.2*10/5000*self.sig_in.s.power*self.ee_in.s.voltage
            self.s.eff = 0.0
        else:
            self.ee_in.s.current = 10/5000*self.sig_in.s.power * \
                self.ee_in.s.voltage*min(13.0, self.wat_out.s.pressure)
            # if we wanted to enforce nominall eff state, we would include:
            # self.s.eff = 1.0
    
        velocity = self.sig_in.s.power*self.s.eff * \
            min(1000, self.ee_in.s.voltage)*self.wat_in.s.level
        self.wat_out.s.pressure = 10/500 * velocity/self.wat_out.s.area
        self.wat_out.s.flowrate = 0.3/500 * velocity*self.wat_out.s.area
    
        self.wat_in.s.assign(self.wat_out.s, 'pressure', 'flowrate')
&gt;       print(a)
              ^
E       NameError: name 'a' is not defined

examples/pump/ex_pump.py:436: NameError

The above exception was the direct cause of the following exception:

self = pump Pump
- t=Time(time=0.0, timers={})
- m=Mode(mode='nominal', faults=set(), sub_faults=False)
FLOWS:
- ee_1=Electri...minal', faults=set(), sub_faults=False))
- export_water=ExportWater(m=(mode='nominal', faults=set(), sub_faults=False))
time = 55.0, proptype = 'both', faults = [], disturbances = {}, inc_at = 'all'
end_of_simulation = True, copy = False

    def __call__(self, time=None, proptype="both", faults=[], disturbances={},
                 inc_at="all", end_of_simulation=False, copy=False):
        """
        Call the Simulable to propagate behavior at a single time-step.
    
        Parameters
        ----------
        time : float/'end'
            Time at which to simulate the Simulable. Default is None, which uses
            self.t.time. If 'end' is provided, will be simulated until the end of
            the simulation (sp.end_time or sp.end_condition)
        proptype : str
            Type of propagation step to update ('static', 'dynamic', or 'both')
        faults : dict/list
            Faults to inject during this propagation step. (to be injected at time.)
            With structure ['fault1', 'fault2'...]
        disturbances : dict
            Variables to change during this propagation step. (to be injected at time.)
            With structure {'var1': value}
        inc_at : bool
            When to increment the history. If "all", increment at each time the sim
            iterates through. If "time", increment only at t==time.
        end_of_simulation : bool
            Whether this is the end of the simulation (and history should be cut).
        copy : bool
            If true, returns a copy of the model just before fault injection and
            stops simulation
        """
        try:
            if time == 'end':
                time = self.sp.end_time
            start_time, end_time = self.t.get_sim_times(time)
            sim_times = self.sp.get_timerange(start_time, end_time)
            for t in sim_times:
                if t == end_time:
                    if copy:
                        return self.copy()
                    if t != self.t.time:  # faults are only injected if not run yet
                        self.set_vars(**disturbances)
                        self.inject_faults(faults)
                self.t.update_time(t)
                if self.t.executing:
                    self.update_stochastic_states()
                    self.update_dynamic_behaviors(proptype=proptype)
&gt;                   self.update_static_behaviors(proptype=proptype)

fmdtools/define/block/base.py:796: 
_ _ _ _ _ _ _ _ _ _ _ _ _ _ _ _ _ _ _ _ _ _ _ _ _ _ _ _ _ _ _ _ _ _ _ _ _ _ _ _ 
fmdtools/define/block/base.py:724: in update_static_behaviors
    self.execute_static_behaviors()
fmdtools/define/block/base.py:732: in execute_static_behaviors
    self.update_arch_behaviors("static")
fmdtools/define/architecture/base.py:163: in update_arch_behaviors
    self.prop_static()
fmdtools/define/architecture/base.py:203: in prop_static
    sim(time=self.t.time, proptype='static-once', inc_at="")
_ _ _ _ _ _ _ _ _ _ _ _ _ _ _ _ _ _ _ _ _ _ _ _ _ _ _ _ _ _ _ _ _ _ _ _ _ _ _ _ 

self = move_water MoveWat
- t=MoveWatTime(time=0.0, timers={'pressure_limit': Timer pressure_limit: mode= standby, time= 0.0}...(flowrate=0.0, pressure=0.0, area=1.0, level=1.0))
- wat_out=Water(s=(flowrate=0.0, pressure=0.0, area=1.0, level=1.0))
time = 0.0, proptype = 'static-once', faults = [], disturbances = {}
inc_at = '', end_of_simulation = False, copy = False

    def __call__(self, time=None, proptype="both", faults=[], disturbances={},
                 inc_at="all", end_of_simulation=False, copy=False):
        """
        Call the Simulable to propagate behavior at a single time-step.
    
        Parameters
        ----------
        time : float/'end'
            Time at which to simulate the Simulable. Default is None, which uses
            self.t.time. If 'end' is provided, will be simulated until the end of
            the simulation (sp.end_time or sp.end_condition)
        proptype : str
            Type of propagation step to update ('static', 'dynamic', or 'both')
        faults : dict/list
            Faults to inject during this propagation step. (to be injected at time.)
            With structure ['fault1', 'fault2'...]
        disturbances : dict
            Variables to change during this propagation step. (to be injected at time.)
            With structure {'var1': value}
        inc_at : bool
            When to increment the history. If "all", increment at each time the sim
            iterates through. If "time", increment only at t==time.
        end_of_simulation : bool
            Whether this is the end of the simulation (and history should be cut).
        copy : bool
            If true, returns a copy of the model just before fault injection and
            stops simulation
        """
        try:
            if time == 'end':
                time = self.sp.end_time
            start_time, end_time = self.t.get_sim_times(time)
            sim_times = self.sp.get_timerange(start_time, end_time)
            for t in sim_times:
                if t == end_time:
                    if copy:
                        return self.copy()
                    if t != self.t.time:  # faults are only injected if not run yet
                        self.set_vars(**disturbances)
                        self.inject_faults(faults)
                self.t.update_time(t)
                if self.t.executing:
                    self.update_stochastic_states()
                    self.update_dynamic_behaviors(proptype=proptype)
                    self.update_static_behaviors(proptype=proptype)
                    self.set_sub_faults()
                    if inc_at == "all" or (inc_at == "time" and t == time):
                        self.inc_sim_time()
                        self.h.log(self, self.t.t_ind, self.t.time)
                    if self.sp.end_condition:
                        if get_var(self, self.sp.end_condition)():
                            break
    
            if end_of_simulation:
                self.cut_hist()
        except Exception as e:
&gt;           raise Exception("Error simulating " + self.name +
                            " of class " + self.__class__.__name__ +
                            " at time=" + str(self.t.time)) from e
E           Exception: Error simulating move_water of class MoveWat at time=0.0

fmdtools/define/block/base.py:808: Exception

The above exception was the direct cause of the following exception:

self = Simulation with SimEvents:
- end=SimEvent(to_return={'classify': None})
kwargs = {}

    def __call__(self, **kwargs):
        """Run the sim, save its results (if needed), return its result and history."""
        try:
&gt;           self.run(**kwargs)

fmdtools/sim/propagate.py:480: 
_ _ _ _ _ _ _ _ _ _ _ _ _ _ _ _ _ _ _ _ _ _ _ _ _ _ _ _ _ _ _ _ _ _ _ _ _ _ _ _ 
fmdtools/sim/propagate.py:632: in run
    simevent.run(self.mdl, scen=self.scen, **kwargs)
fmdtools/sim/propagate.py:397: in run
    mdl(time=self.time, **kwar)
_ _ _ _ _ _ _ _ _ _ _ _ _ _ _ _ _ _ _ _ _ _ _ _ _ _ _ _ _ _ _ _ _ _ _ _ _ _ _ _ 

self = pump Pump
- t=Time(time=0.0, timers={})
- m=Mode(mode='nominal', faults=set(), sub_faults=False)
FLOWS:
- ee_1=Electri...minal', faults=set(), sub_faults=False))
- export_water=ExportWater(m=(mode='nominal', faults=set(), sub_faults=False))
time = 55.0, proptype = 'both', faults = [], disturbances = {}, inc_at = 'all'
end_of_simulation = True, copy = False

    def __call__(self, time=None, proptype="both", faults=[], disturbances={},
                 inc_at="all", end_of_simulation=False, copy=False):
        """
        Call the Simulable to propagate behavior at a single time-step.
    
        Parameters
        ----------
        time : float/'end'
            Time at which to simulate the Simulable. Default is None, which uses
            self.t.time. If 'end' is provided, will be simulated until the end of
            the simulation (sp.end_time or sp.end_condition)
        proptype : str
            Type of propagation step to update ('static', 'dynamic', or 'both')
        faults : dict/list
            Faults to inject during this propagation step. (to be injected at time.)
            With structure ['fault1', 'fault2'...]
        disturbances : dict
            Variables to change during this propagation step. (to be injected at time.)
            With structure {'var1': value}
        inc_at : bool
            When to increment the history. If "all", increment at each time the sim
            iterates through. If "time", increment only at t==time.
        end_of_simulation : bool
            Whether this is the end of the simulation (and history should be cut).
        copy : bool
            If true, returns a copy of the model just before fault injection and
            stops simulation
        """
        try:
            if time == 'end':
                time = self.sp.end_time
            start_time, end_time = self.t.get_sim_times(time)
            sim_times = self.sp.get_timerange(start_time, end_time)
            for t in sim_times:
                if t == end_time:
                    if copy:
                        return self.copy()
                    if t != self.t.time:  # faults are only injected if not run yet
                        self.set_vars(**disturbances)
                        self.inject_faults(faults)
                self.t.update_time(t)
                if self.t.executing:
                    self.update_stochastic_states()
                    self.update_dynamic_behaviors(proptype=proptype)
                    self.update_static_behaviors(proptype=proptype)
                    self.set_sub_faults()
                    if inc_at == "all" or (inc_at == "time" and t == time):
                        self.inc_sim_time()
                        self.h.log(self, self.t.t_ind, self.t.time)
                    if self.sp.end_condition:
                        if get_var(self, self.sp.end_condition)():
                            break
    
            if end_of_simulation:
                self.cut_hist()
        except Exception as e:
&gt;           raise Exception("Error simulating " + self.name +
                            " of class " + self.__class__.__name__ +
                            " at time=" + str(self.t.time)) from e
E           Exception: Error simulating pump of class Pump at time=0.0

fmdtools/define/block/base.py:808: Exception

The above exception was the direct cause of the following exception:

self = MultiEventSimulation of
SingleFaultScenario(sequence={20.0: Injection(faults={'export_water': ['block']}, disturbances={})}, times=(20,), function='export_water', fault='block', rate=1e-05, name='export_water_block_t20', time=20, phase='')
kwargs = {}

    def __call__(self, **kwargs):
        """Run the sim, save its results (if needed), return its result and history."""
        try:
&gt;           self.run(**kwargs)

fmdtools/sim/propagate.py:480: 
_ _ _ _ _ _ _ _ _ _ _ _ _ _ _ _ _ _ _ _ _ _ _ _ _ _ _ _ _ _ _ _ _ _ _ _ _ _ _ _ 
fmdtools/sim/propagate.py:1025: in run
    self.run_nom()
fmdtools/sim/propagate.py:1008: in run_nom
    outs = nomsim(**sim_kwar)
           ^^^^^^^^^^^^^^^^^^
fmdtools/sim/propagate.py:620: in __call__
    res, hist = super().__call__(**kwargs)
                ^^^^^^^^^^^^^^^^^^^^^^^^^^
_ _ _ _ _ _ _ _ _ _ _ _ _ _ _ _ _ _ _ _ _ _ _ _ _ _ _ _ _ _ _ _ _ _ _ _ _ _ _ _ 

self = Simulation with SimEvents:
- end=SimEvent(to_return={'classify': None})
kwargs = {}

    def __call__(self, **kwargs):
        """Run the sim, save its results (if needed), return its result and history."""
        try:
            self.run(**kwargs)
        except Exception as e:
&gt;           raise Exception("Error simulating "+self.name+" scenario(s)") from e
E           Exception: Error simulating nominal scenario(s)

fmdtools/sim/propagate.py:482: Exception

The above exception was the direct cause of the following exception:

self = &lt;examples.pump.test_pump.PumpTests testMethod=test_one_run_pickle&gt;

    def test_one_run_pickle(self):
        if os.path.exists("single_fault.npz"):
            os.remove("single_fault.npz")
    
&gt;       res, hist = prop.one_fault(self.mdl, 'export_water', 'block', time=20,
                                   staged=False, run_stochastic=True, sp={'seed': 10})

examples/pump/test_pump.py:183: 
_ _ _ _ _ _ _ _ _ _ _ _ _ _ _ _ _ _ _ _ _ _ _ _ _ _ _ _ _ _ _ _ _ _ _ _ _ _ _ _ 
fmdtools/sim/propagate.py:162: in one_fault
    return sequence(mdl, scen=scen, name=str((fxnname, fault)), **kwargs)
           ^^^^^^^^^^^^^^^^^^^^^^^^^^^^^^^^^^^^^^^^^^^^^^^^^^^^^^^^^^^^^^
fmdtools/sim/propagate.py:222: in sequence
    return sim(**get_sim_call_kwargs(sim, **kwargs))
           ^^^^^^^^^^^^^^^^^^^^^^^^^^^^^^^^^^^^^^^^^
fmdtools/sim/propagate.py:975: in __call__
    rets = super().__call__(**kwargs)
           ^^^^^^^^^^^^^^^^^^^^^^^^^^
_ _ _ _ _ _ _ _ _ _ _ _ _ _ _ _ _ _ _ _ _ _ _ _ _ _ _ _ _ _ _ _ _ _ _ _ _ _ _ _ 

self = MultiEventSimulation of
SingleFaultScenario(sequence={20.0: Injection(faults={'export_water': ['block']}, disturbances={})}, times=(20,), function='export_water', fault='block', rate=1e-05, name='export_water_block_t20', time=20, phase='')
kwargs = {}

    def __call__(self, **kwargs):
        """Run the sim, save its results (if needed), return its result and history."""
        try:
            self.run(**kwargs)
        except Exception as e:
&gt;           raise Exception("Error simulating "+self.name+" scenario(s)") from e
E           Exception: Error simulating ('export_water', 'block') scenario(s)

fmdtools/sim/propagate.py:482: Exception</failure></testcase><testcase classname="examples.pump.test_pump.PumpTests" name="test_onefault_save" time="0.049"><failure message="Exception: Error simulating ('export_water', 'block') scenario(s)">self = move_water MoveWat
- t=MoveWatTime(time=0.0, timers={'pressure_limit': Timer pressure_limit: mode= standby, time= 0.0}...(flowrate=0.0, pressure=0.0, area=1.0, level=1.0))
- wat_out=Water(s=(flowrate=0.0, pressure=0.0, area=1.0, level=1.0))
time = 0.0, proptype = 'static-once', faults = [], disturbances = {}
inc_at = '', end_of_simulation = False, copy = False

    def __call__(self, time=None, proptype="both", faults=[], disturbances={},
                 inc_at="all", end_of_simulation=False, copy=False):
        """
        Call the Simulable to propagate behavior at a single time-step.
    
        Parameters
        ----------
        time : float/'end'
            Time at which to simulate the Simulable. Default is None, which uses
            self.t.time. If 'end' is provided, will be simulated until the end of
            the simulation (sp.end_time or sp.end_condition)
        proptype : str
            Type of propagation step to update ('static', 'dynamic', or 'both')
        faults : dict/list
            Faults to inject during this propagation step. (to be injected at time.)
            With structure ['fault1', 'fault2'...]
        disturbances : dict
            Variables to change during this propagation step. (to be injected at time.)
            With structure {'var1': value}
        inc_at : bool
            When to increment the history. If "all", increment at each time the sim
            iterates through. If "time", increment only at t==time.
        end_of_simulation : bool
            Whether this is the end of the simulation (and history should be cut).
        copy : bool
            If true, returns a copy of the model just before fault injection and
            stops simulation
        """
        try:
            if time == 'end':
                time = self.sp.end_time
            start_time, end_time = self.t.get_sim_times(time)
            sim_times = self.sp.get_timerange(start_time, end_time)
            for t in sim_times:
                if t == end_time:
                    if copy:
                        return self.copy()
                    if t != self.t.time:  # faults are only injected if not run yet
                        self.set_vars(**disturbances)
                        self.inject_faults(faults)
                self.t.update_time(t)
                if self.t.executing:
                    self.update_stochastic_states()
                    self.update_dynamic_behaviors(proptype=proptype)
&gt;                   self.update_static_behaviors(proptype=proptype)

fmdtools/define/block/base.py:796: 
_ _ _ _ _ _ _ _ _ _ _ _ _ _ _ _ _ _ _ _ _ _ _ _ _ _ _ _ _ _ _ _ _ _ _ _ _ _ _ _ 
fmdtools/define/block/base.py:728: in update_static_behaviors
    self.execute_static_behaviors()
fmdtools/define/block/base.py:734: in execute_static_behaviors
    self.static_behavior()
_ _ _ _ _ _ _ _ _ _ _ _ _ _ _ _ _ _ _ _ _ _ _ _ _ _ _ _ _ _ _ _ _ _ _ _ _ _ _ _ 

self = move_water MoveWat
- t=MoveWatTime(time=0.0, timers={'pressure_limit': Timer pressure_limit: mode= standby, time= 0.0}...(flowrate=0.0, pressure=0.0, area=1.0, level=1.0))
- wat_out=Water(s=(flowrate=0.0, pressure=0.0, area=1.0, level=1.0))

    def static_behavior(self):
        """Define how the function will behave with different faults."""
        self.set_faults()
        if self.m.has_fault('short'):
            self.ee_in.s.current = 500*10/5000*self.sig_in.s.power*self.ee_in.s.voltage
            self.s.eff = 0.0
        elif self.m.has_fault('mech_break'):
            self.ee_in.s.current = 0.2*10/5000*self.sig_in.s.power*self.ee_in.s.voltage
            self.s.eff = 0.0
        else:
            self.ee_in.s.current = 10/5000*self.sig_in.s.power * \
                self.ee_in.s.voltage*min(13.0, self.wat_out.s.pressure)
            # if we wanted to enforce nominall eff state, we would include:
            # self.s.eff = 1.0
    
        velocity = self.sig_in.s.power*self.s.eff * \
            min(1000, self.ee_in.s.voltage)*self.wat_in.s.level
        self.wat_out.s.pressure = 10/500 * velocity/self.wat_out.s.area
        self.wat_out.s.flowrate = 0.3/500 * velocity*self.wat_out.s.area
    
        self.wat_in.s.assign(self.wat_out.s, 'pressure', 'flowrate')
&gt;       print(a)
              ^
E       NameError: name 'a' is not defined

examples/pump/ex_pump.py:436: NameError

The above exception was the direct cause of the following exception:

self = pump Pump
- t=Time(time=0.0, timers={})
- m=Mode(mode='nominal', faults=set(), sub_faults=False)
FLOWS:
- ee_1=Electri...minal', faults=set(), sub_faults=False))
- export_water=ExportWater(m=(mode='nominal', faults=set(), sub_faults=False))
time = 25.0, proptype = 'both', faults = [], disturbances = {}, inc_at = 'all'
end_of_simulation = False, copy = True

    def __call__(self, time=None, proptype="both", faults=[], disturbances={},
                 inc_at="all", end_of_simulation=False, copy=False):
        """
        Call the Simulable to propagate behavior at a single time-step.
    
        Parameters
        ----------
        time : float/'end'
            Time at which to simulate the Simulable. Default is None, which uses
            self.t.time. If 'end' is provided, will be simulated until the end of
            the simulation (sp.end_time or sp.end_condition)
        proptype : str
            Type of propagation step to update ('static', 'dynamic', or 'both')
        faults : dict/list
            Faults to inject during this propagation step. (to be injected at time.)
            With structure ['fault1', 'fault2'...]
        disturbances : dict
            Variables to change during this propagation step. (to be injected at time.)
            With structure {'var1': value}
        inc_at : bool
            When to increment the history. If "all", increment at each time the sim
            iterates through. If "time", increment only at t==time.
        end_of_simulation : bool
            Whether this is the end of the simulation (and history should be cut).
        copy : bool
            If true, returns a copy of the model just before fault injection and
            stops simulation
        """
        try:
            if time == 'end':
                time = self.sp.end_time
            start_time, end_time = self.t.get_sim_times(time)
            sim_times = self.sp.get_timerange(start_time, end_time)
            for t in sim_times:
                if t == end_time:
                    if copy:
                        return self.copy()
                    if t != self.t.time:  # faults are only injected if not run yet
                        self.set_vars(**disturbances)
                        self.inject_faults(faults)
                self.t.update_time(t)
                if self.t.executing:
                    self.update_stochastic_states()
                    self.update_dynamic_behaviors(proptype=proptype)
&gt;                   self.update_static_behaviors(proptype=proptype)

fmdtools/define/block/base.py:796: 
_ _ _ _ _ _ _ _ _ _ _ _ _ _ _ _ _ _ _ _ _ _ _ _ _ _ _ _ _ _ _ _ _ _ _ _ _ _ _ _ 
fmdtools/define/block/base.py:724: in update_static_behaviors
    self.execute_static_behaviors()
fmdtools/define/block/base.py:732: in execute_static_behaviors
    self.update_arch_behaviors("static")
fmdtools/define/architecture/base.py:163: in update_arch_behaviors
    self.prop_static()
fmdtools/define/architecture/base.py:203: in prop_static
    sim(time=self.t.time, proptype='static-once', inc_at="")
_ _ _ _ _ _ _ _ _ _ _ _ _ _ _ _ _ _ _ _ _ _ _ _ _ _ _ _ _ _ _ _ _ _ _ _ _ _ _ _ 

self = move_water MoveWat
- t=MoveWatTime(time=0.0, timers={'pressure_limit': Timer pressure_limit: mode= standby, time= 0.0}...(flowrate=0.0, pressure=0.0, area=1.0, level=1.0))
- wat_out=Water(s=(flowrate=0.0, pressure=0.0, area=1.0, level=1.0))
time = 0.0, proptype = 'static-once', faults = [], disturbances = {}
inc_at = '', end_of_simulation = False, copy = False

    def __call__(self, time=None, proptype="both", faults=[], disturbances={},
                 inc_at="all", end_of_simulation=False, copy=False):
        """
        Call the Simulable to propagate behavior at a single time-step.
    
        Parameters
        ----------
        time : float/'end'
            Time at which to simulate the Simulable. Default is None, which uses
            self.t.time. If 'end' is provided, will be simulated until the end of
            the simulation (sp.end_time or sp.end_condition)
        proptype : str
            Type of propagation step to update ('static', 'dynamic', or 'both')
        faults : dict/list
            Faults to inject during this propagation step. (to be injected at time.)
            With structure ['fault1', 'fault2'...]
        disturbances : dict
            Variables to change during this propagation step. (to be injected at time.)
            With structure {'var1': value}
        inc_at : bool
            When to increment the history. If "all", increment at each time the sim
            iterates through. If "time", increment only at t==time.
        end_of_simulation : bool
            Whether this is the end of the simulation (and history should be cut).
        copy : bool
            If true, returns a copy of the model just before fault injection and
            stops simulation
        """
        try:
            if time == 'end':
                time = self.sp.end_time
            start_time, end_time = self.t.get_sim_times(time)
            sim_times = self.sp.get_timerange(start_time, end_time)
            for t in sim_times:
                if t == end_time:
                    if copy:
                        return self.copy()
                    if t != self.t.time:  # faults are only injected if not run yet
                        self.set_vars(**disturbances)
                        self.inject_faults(faults)
                self.t.update_time(t)
                if self.t.executing:
                    self.update_stochastic_states()
                    self.update_dynamic_behaviors(proptype=proptype)
                    self.update_static_behaviors(proptype=proptype)
                    self.set_sub_faults()
                    if inc_at == "all" or (inc_at == "time" and t == time):
                        self.inc_sim_time()
                        self.h.log(self, self.t.t_ind, self.t.time)
                    if self.sp.end_condition:
                        if get_var(self, self.sp.end_condition)():
                            break
    
            if end_of_simulation:
                self.cut_hist()
        except Exception as e:
&gt;           raise Exception("Error simulating " + self.name +
                            " of class " + self.__class__.__name__ +
                            " at time=" + str(self.t.time)) from e
E           Exception: Error simulating move_water of class MoveWat at time=0.0

fmdtools/define/block/base.py:808: Exception

The above exception was the direct cause of the following exception:

self = Simulation with SimEvents:
- 25.0=SimEvent(copy=True)
- end=SimEvent(to_return={'classify': None})
kwargs = {}

    def __call__(self, **kwargs):
        """Run the sim, save its results (if needed), return its result and history."""
        try:
&gt;           self.run(**kwargs)

fmdtools/sim/propagate.py:480: 
_ _ _ _ _ _ _ _ _ _ _ _ _ _ _ _ _ _ _ _ _ _ _ _ _ _ _ _ _ _ _ _ _ _ _ _ _ _ _ _ 
fmdtools/sim/propagate.py:632: in run
    simevent.run(self.mdl, scen=self.scen, **kwargs)
fmdtools/sim/propagate.py:395: in run
    self.mdl_copy = mdl(time=self.time, **kwar, copy=True)
                    ^^^^^^^^^^^^^^^^^^^^^^^^^^^^^^^^^^^^^^
_ _ _ _ _ _ _ _ _ _ _ _ _ _ _ _ _ _ _ _ _ _ _ _ _ _ _ _ _ _ _ _ _ _ _ _ _ _ _ _ 

self = pump Pump
- t=Time(time=0.0, timers={})
- m=Mode(mode='nominal', faults=set(), sub_faults=False)
FLOWS:
- ee_1=Electri...minal', faults=set(), sub_faults=False))
- export_water=ExportWater(m=(mode='nominal', faults=set(), sub_faults=False))
time = 25.0, proptype = 'both', faults = [], disturbances = {}, inc_at = 'all'
end_of_simulation = False, copy = True

    def __call__(self, time=None, proptype="both", faults=[], disturbances={},
                 inc_at="all", end_of_simulation=False, copy=False):
        """
        Call the Simulable to propagate behavior at a single time-step.
    
        Parameters
        ----------
        time : float/'end'
            Time at which to simulate the Simulable. Default is None, which uses
            self.t.time. If 'end' is provided, will be simulated until the end of
            the simulation (sp.end_time or sp.end_condition)
        proptype : str
            Type of propagation step to update ('static', 'dynamic', or 'both')
        faults : dict/list
            Faults to inject during this propagation step. (to be injected at time.)
            With structure ['fault1', 'fault2'...]
        disturbances : dict
            Variables to change during this propagation step. (to be injected at time.)
            With structure {'var1': value}
        inc_at : bool
            When to increment the history. If "all", increment at each time the sim
            iterates through. If "time", increment only at t==time.
        end_of_simulation : bool
            Whether this is the end of the simulation (and history should be cut).
        copy : bool
            If true, returns a copy of the model just before fault injection and
            stops simulation
        """
        try:
            if time == 'end':
                time = self.sp.end_time
            start_time, end_time = self.t.get_sim_times(time)
            sim_times = self.sp.get_timerange(start_time, end_time)
            for t in sim_times:
                if t == end_time:
                    if copy:
                        return self.copy()
                    if t != self.t.time:  # faults are only injected if not run yet
                        self.set_vars(**disturbances)
                        self.inject_faults(faults)
                self.t.update_time(t)
                if self.t.executing:
                    self.update_stochastic_states()
                    self.update_dynamic_behaviors(proptype=proptype)
                    self.update_static_behaviors(proptype=proptype)
                    self.set_sub_faults()
                    if inc_at == "all" or (inc_at == "time" and t == time):
                        self.inc_sim_time()
                        self.h.log(self, self.t.t_ind, self.t.time)
                    if self.sp.end_condition:
                        if get_var(self, self.sp.end_condition)():
                            break
    
            if end_of_simulation:
                self.cut_hist()
        except Exception as e:
&gt;           raise Exception("Error simulating " + self.name +
                            " of class " + self.__class__.__name__ +
                            " at time=" + str(self.t.time)) from e
E           Exception: Error simulating pump of class Pump at time=0.0

fmdtools/define/block/base.py:808: Exception

The above exception was the direct cause of the following exception:

self = MultiEventSimulation of
SingleFaultScenario(sequence={25.0: Injection(faults={'export_water': ['block']}, disturbances={})}, times=(25,), function='export_water', fault='block', rate=1e-05, name='export_water_block_t25', time=25, phase='')
kwargs = {}

    def __call__(self, **kwargs):
        """Run the sim, save its results (if needed), return its result and history."""
        try:
&gt;           self.run(**kwargs)

fmdtools/sim/propagate.py:480: 
_ _ _ _ _ _ _ _ _ _ _ _ _ _ _ _ _ _ _ _ _ _ _ _ _ _ _ _ _ _ _ _ _ _ _ _ _ _ _ _ 
fmdtools/sim/propagate.py:1023: in run
    self.run_nom(with_copy=True)
fmdtools/sim/propagate.py:1008: in run_nom
    outs = nomsim(**sim_kwar)
           ^^^^^^^^^^^^^^^^^^
fmdtools/sim/propagate.py:620: in __call__
    res, hist = super().__call__(**kwargs)
                ^^^^^^^^^^^^^^^^^^^^^^^^^^
_ _ _ _ _ _ _ _ _ _ _ _ _ _ _ _ _ _ _ _ _ _ _ _ _ _ _ _ _ _ _ _ _ _ _ _ _ _ _ _ 

self = Simulation with SimEvents:
- 25.0=SimEvent(copy=True)
- end=SimEvent(to_return={'classify': None})
kwargs = {}

    def __call__(self, **kwargs):
        """Run the sim, save its results (if needed), return its result and history."""
        try:
            self.run(**kwargs)
        except Exception as e:
&gt;           raise Exception("Error simulating "+self.name+" scenario(s)") from e
E           Exception: Error simulating nominal scenario(s)

fmdtools/sim/propagate.py:482: Exception

The above exception was the direct cause of the following exception:

self = &lt;examples.pump.test_pump.PumpTests testMethod=test_onefault_save&gt;

    def test_onefault_save(self):
        faultscen = ('export_water', 'block', 25)
        for ext in [".npz", ".csv", ".json"]:
            fnames = "pump_res" + ext, "pump_hist" + ext
&gt;           self.check_onerun_save(self.mdl, 'one_fault', *fnames, faultscen=faultscen)

examples/pump/test_pump.py:235: 
_ _ _ _ _ _ _ _ _ _ _ _ _ _ _ _ _ _ _ _ _ _ _ _ _ _ _ _ _ _ _ _ _ _ _ _ _ _ _ _ 
tests/common.py:255: in check_onerun_save
    res, hist = prop.one_fault(mdl, fxn, mode, time, **kw)
                ^^^^^^^^^^^^^^^^^^^^^^^^^^^^^^^^^^^^^^^^^^
fmdtools/sim/propagate.py:162: in one_fault
    return sequence(mdl, scen=scen, name=str((fxnname, fault)), **kwargs)
           ^^^^^^^^^^^^^^^^^^^^^^^^^^^^^^^^^^^^^^^^^^^^^^^^^^^^^^^^^^^^^^
fmdtools/sim/propagate.py:222: in sequence
    return sim(**get_sim_call_kwargs(sim, **kwargs))
           ^^^^^^^^^^^^^^^^^^^^^^^^^^^^^^^^^^^^^^^^^
fmdtools/sim/propagate.py:975: in __call__
    rets = super().__call__(**kwargs)
           ^^^^^^^^^^^^^^^^^^^^^^^^^^
_ _ _ _ _ _ _ _ _ _ _ _ _ _ _ _ _ _ _ _ _ _ _ _ _ _ _ _ _ _ _ _ _ _ _ _ _ _ _ _ 

self = MultiEventSimulation of
SingleFaultScenario(sequence={25.0: Injection(faults={'export_water': ['block']}, disturbances={})}, times=(25,), function='export_water', fault='block', rate=1e-05, name='export_water_block_t25', time=25, phase='')
kwargs = {}

    def __call__(self, **kwargs):
        """Run the sim, save its results (if needed), return its result and history."""
        try:
            self.run(**kwargs)
        except Exception as e:
&gt;           raise Exception("Error simulating "+self.name+" scenario(s)") from e
E           Exception: Error simulating ('export_water', 'block') scenario(s)

fmdtools/sim/propagate.py:482: Exception</failure></testcase><testcase classname="examples.pump.test_pump.PumpTests" name="test_param_sample" time="0.036" /><testcase classname="examples.pump.test_pump.PumpTests" name="test_param_sample_isave" time="0.048"><failure message="Exception: Error simulating parameter sample scenario(s)">self = move_water MoveWat
- t=MoveWatTime(time=0.0, timers={'pressure_limit': Timer pressure_limit: mode= standby, time= 0.0}...(flowrate=0.0, pressure=0.0, area=1.0, level=1.0))
- wat_out=Water(s=(flowrate=0.0, pressure=0.0, area=1.0, level=1.0))
time = 0.0, proptype = 'static-once', faults = [], disturbances = {}
inc_at = '', end_of_simulation = False, copy = False

    def __call__(self, time=None, proptype="both", faults=[], disturbances={},
                 inc_at="all", end_of_simulation=False, copy=False):
        """
        Call the Simulable to propagate behavior at a single time-step.
    
        Parameters
        ----------
        time : float/'end'
            Time at which to simulate the Simulable. Default is None, which uses
            self.t.time. If 'end' is provided, will be simulated until the end of
            the simulation (sp.end_time or sp.end_condition)
        proptype : str
            Type of propagation step to update ('static', 'dynamic', or 'both')
        faults : dict/list
            Faults to inject during this propagation step. (to be injected at time.)
            With structure ['fault1', 'fault2'...]
        disturbances : dict
            Variables to change during this propagation step. (to be injected at time.)
            With structure {'var1': value}
        inc_at : bool
            When to increment the history. If "all", increment at each time the sim
            iterates through. If "time", increment only at t==time.
        end_of_simulation : bool
            Whether this is the end of the simulation (and history should be cut).
        copy : bool
            If true, returns a copy of the model just before fault injection and
            stops simulation
        """
        try:
            if time == 'end':
                time = self.sp.end_time
            start_time, end_time = self.t.get_sim_times(time)
            sim_times = self.sp.get_timerange(start_time, end_time)
            for t in sim_times:
                if t == end_time:
                    if copy:
                        return self.copy()
                    if t != self.t.time:  # faults are only injected if not run yet
                        self.set_vars(**disturbances)
                        self.inject_faults(faults)
                self.t.update_time(t)
                if self.t.executing:
                    self.update_stochastic_states()
                    self.update_dynamic_behaviors(proptype=proptype)
&gt;                   self.update_static_behaviors(proptype=proptype)

fmdtools/define/block/base.py:796: 
_ _ _ _ _ _ _ _ _ _ _ _ _ _ _ _ _ _ _ _ _ _ _ _ _ _ _ _ _ _ _ _ _ _ _ _ _ _ _ _ 
fmdtools/define/block/base.py:728: in update_static_behaviors
    self.execute_static_behaviors()
fmdtools/define/block/base.py:734: in execute_static_behaviors
    self.static_behavior()
_ _ _ _ _ _ _ _ _ _ _ _ _ _ _ _ _ _ _ _ _ _ _ _ _ _ _ _ _ _ _ _ _ _ _ _ _ _ _ _ 

self = move_water MoveWat
- t=MoveWatTime(time=0.0, timers={'pressure_limit': Timer pressure_limit: mode= standby, time= 0.0}...(flowrate=0.0, pressure=0.0, area=1.0, level=1.0))
- wat_out=Water(s=(flowrate=0.0, pressure=0.0, area=1.0, level=1.0))

    def static_behavior(self):
        """Define how the function will behave with different faults."""
        self.set_faults()
        if self.m.has_fault('short'):
            self.ee_in.s.current = 500*10/5000*self.sig_in.s.power*self.ee_in.s.voltage
            self.s.eff = 0.0
        elif self.m.has_fault('mech_break'):
            self.ee_in.s.current = 0.2*10/5000*self.sig_in.s.power*self.ee_in.s.voltage
            self.s.eff = 0.0
        else:
            self.ee_in.s.current = 10/5000*self.sig_in.s.power * \
                self.ee_in.s.voltage*min(13.0, self.wat_out.s.pressure)
            # if we wanted to enforce nominall eff state, we would include:
            # self.s.eff = 1.0
    
        velocity = self.sig_in.s.power*self.s.eff * \
            min(1000, self.ee_in.s.voltage)*self.wat_in.s.level
        self.wat_out.s.pressure = 10/500 * velocity/self.wat_out.s.area
        self.wat_out.s.flowrate = 0.3/500 * velocity*self.wat_out.s.area
    
        self.wat_in.s.assign(self.wat_out.s, 'pressure', 'flowrate')
&gt;       print(a)
              ^
E       NameError: name 'a' is not defined

examples/pump/ex_pump.py:436: NameError

The above exception was the direct cause of the following exception:

self = pump Pump
- t=Time(time=0.0, timers={})
- m=Mode(mode='nominal', faults=set(), sub_faults=False)
FLOWS:
- ee_1=Electri...minal', faults=set(), sub_faults=False))
- export_water=ExportWater(m=(mode='nominal', faults=set(), sub_faults=False))
time = 55.0, proptype = 'both', faults = [], disturbances = {}, inc_at = 'all'
end_of_simulation = True, copy = False

    def __call__(self, time=None, proptype="both", faults=[], disturbances={},
                 inc_at="all", end_of_simulation=False, copy=False):
        """
        Call the Simulable to propagate behavior at a single time-step.
    
        Parameters
        ----------
        time : float/'end'
            Time at which to simulate the Simulable. Default is None, which uses
            self.t.time. If 'end' is provided, will be simulated until the end of
            the simulation (sp.end_time or sp.end_condition)
        proptype : str
            Type of propagation step to update ('static', 'dynamic', or 'both')
        faults : dict/list
            Faults to inject during this propagation step. (to be injected at time.)
            With structure ['fault1', 'fault2'...]
        disturbances : dict
            Variables to change during this propagation step. (to be injected at time.)
            With structure {'var1': value}
        inc_at : bool
            When to increment the history. If "all", increment at each time the sim
            iterates through. If "time", increment only at t==time.
        end_of_simulation : bool
            Whether this is the end of the simulation (and history should be cut).
        copy : bool
            If true, returns a copy of the model just before fault injection and
            stops simulation
        """
        try:
            if time == 'end':
                time = self.sp.end_time
            start_time, end_time = self.t.get_sim_times(time)
            sim_times = self.sp.get_timerange(start_time, end_time)
            for t in sim_times:
                if t == end_time:
                    if copy:
                        return self.copy()
                    if t != self.t.time:  # faults are only injected if not run yet
                        self.set_vars(**disturbances)
                        self.inject_faults(faults)
                self.t.update_time(t)
                if self.t.executing:
                    self.update_stochastic_states()
                    self.update_dynamic_behaviors(proptype=proptype)
&gt;                   self.update_static_behaviors(proptype=proptype)

fmdtools/define/block/base.py:796: 
_ _ _ _ _ _ _ _ _ _ _ _ _ _ _ _ _ _ _ _ _ _ _ _ _ _ _ _ _ _ _ _ _ _ _ _ _ _ _ _ 
fmdtools/define/block/base.py:724: in update_static_behaviors
    self.execute_static_behaviors()
fmdtools/define/block/base.py:732: in execute_static_behaviors
    self.update_arch_behaviors("static")
fmdtools/define/architecture/base.py:163: in update_arch_behaviors
    self.prop_static()
fmdtools/define/architecture/base.py:203: in prop_static
    sim(time=self.t.time, proptype='static-once', inc_at="")
_ _ _ _ _ _ _ _ _ _ _ _ _ _ _ _ _ _ _ _ _ _ _ _ _ _ _ _ _ _ _ _ _ _ _ _ _ _ _ _ 

self = move_water MoveWat
- t=MoveWatTime(time=0.0, timers={'pressure_limit': Timer pressure_limit: mode= standby, time= 0.0}...(flowrate=0.0, pressure=0.0, area=1.0, level=1.0))
- wat_out=Water(s=(flowrate=0.0, pressure=0.0, area=1.0, level=1.0))
time = 0.0, proptype = 'static-once', faults = [], disturbances = {}
inc_at = '', end_of_simulation = False, copy = False

    def __call__(self, time=None, proptype="both", faults=[], disturbances={},
                 inc_at="all", end_of_simulation=False, copy=False):
        """
        Call the Simulable to propagate behavior at a single time-step.
    
        Parameters
        ----------
        time : float/'end'
            Time at which to simulate the Simulable. Default is None, which uses
            self.t.time. If 'end' is provided, will be simulated until the end of
            the simulation (sp.end_time or sp.end_condition)
        proptype : str
            Type of propagation step to update ('static', 'dynamic', or 'both')
        faults : dict/list
            Faults to inject during this propagation step. (to be injected at time.)
            With structure ['fault1', 'fault2'...]
        disturbances : dict
            Variables to change during this propagation step. (to be injected at time.)
            With structure {'var1': value}
        inc_at : bool
            When to increment the history. If "all", increment at each time the sim
            iterates through. If "time", increment only at t==time.
        end_of_simulation : bool
            Whether this is the end of the simulation (and history should be cut).
        copy : bool
            If true, returns a copy of the model just before fault injection and
            stops simulation
        """
        try:
            if time == 'end':
                time = self.sp.end_time
            start_time, end_time = self.t.get_sim_times(time)
            sim_times = self.sp.get_timerange(start_time, end_time)
            for t in sim_times:
                if t == end_time:
                    if copy:
                        return self.copy()
                    if t != self.t.time:  # faults are only injected if not run yet
                        self.set_vars(**disturbances)
                        self.inject_faults(faults)
                self.t.update_time(t)
                if self.t.executing:
                    self.update_stochastic_states()
                    self.update_dynamic_behaviors(proptype=proptype)
                    self.update_static_behaviors(proptype=proptype)
                    self.set_sub_faults()
                    if inc_at == "all" or (inc_at == "time" and t == time):
                        self.inc_sim_time()
                        self.h.log(self, self.t.t_ind, self.t.time)
                    if self.sp.end_condition:
                        if get_var(self, self.sp.end_condition)():
                            break
    
            if end_of_simulation:
                self.cut_hist()
        except Exception as e:
&gt;           raise Exception("Error simulating " + self.name +
                            " of class " + self.__class__.__name__ +
                            " at time=" + str(self.t.time)) from e
E           Exception: Error simulating move_water of class MoveWat at time=0.0

fmdtools/define/block/base.py:808: Exception

The above exception was the direct cause of the following exception:

self = Simulation with SimEvents:
- end=SimEvent(to_return={'classify': None})
kwargs = {}

    def __call__(self, **kwargs):
        """Run the sim, save its results (if needed), return its result and history."""
        try:
&gt;           self.run(**kwargs)

fmdtools/sim/propagate.py:480: 
_ _ _ _ _ _ _ _ _ _ _ _ _ _ _ _ _ _ _ _ _ _ _ _ _ _ _ _ _ _ _ _ _ _ _ _ _ _ _ _ 
fmdtools/sim/propagate.py:632: in run
    simevent.run(self.mdl, scen=self.scen, **kwargs)
fmdtools/sim/propagate.py:397: in run
    mdl(time=self.time, **kwar)
_ _ _ _ _ _ _ _ _ _ _ _ _ _ _ _ _ _ _ _ _ _ _ _ _ _ _ _ _ _ _ _ _ _ _ _ _ _ _ _ 

self = pump Pump
- t=Time(time=0.0, timers={})
- m=Mode(mode='nominal', faults=set(), sub_faults=False)
FLOWS:
- ee_1=Electri...minal', faults=set(), sub_faults=False))
- export_water=ExportWater(m=(mode='nominal', faults=set(), sub_faults=False))
time = 55.0, proptype = 'both', faults = [], disturbances = {}, inc_at = 'all'
end_of_simulation = True, copy = False

    def __call__(self, time=None, proptype="both", faults=[], disturbances={},
                 inc_at="all", end_of_simulation=False, copy=False):
        """
        Call the Simulable to propagate behavior at a single time-step.
    
        Parameters
        ----------
        time : float/'end'
            Time at which to simulate the Simulable. Default is None, which uses
            self.t.time. If 'end' is provided, will be simulated until the end of
            the simulation (sp.end_time or sp.end_condition)
        proptype : str
            Type of propagation step to update ('static', 'dynamic', or 'both')
        faults : dict/list
            Faults to inject during this propagation step. (to be injected at time.)
            With structure ['fault1', 'fault2'...]
        disturbances : dict
            Variables to change during this propagation step. (to be injected at time.)
            With structure {'var1': value}
        inc_at : bool
            When to increment the history. If "all", increment at each time the sim
            iterates through. If "time", increment only at t==time.
        end_of_simulation : bool
            Whether this is the end of the simulation (and history should be cut).
        copy : bool
            If true, returns a copy of the model just before fault injection and
            stops simulation
        """
        try:
            if time == 'end':
                time = self.sp.end_time
            start_time, end_time = self.t.get_sim_times(time)
            sim_times = self.sp.get_timerange(start_time, end_time)
            for t in sim_times:
                if t == end_time:
                    if copy:
                        return self.copy()
                    if t != self.t.time:  # faults are only injected if not run yet
                        self.set_vars(**disturbances)
                        self.inject_faults(faults)
                self.t.update_time(t)
                if self.t.executing:
                    self.update_stochastic_states()
                    self.update_dynamic_behaviors(proptype=proptype)
                    self.update_static_behaviors(proptype=proptype)
                    self.set_sub_faults()
                    if inc_at == "all" or (inc_at == "time" and t == time):
                        self.inc_sim_time()
                        self.h.log(self, self.t.t_ind, self.t.time)
                    if self.sp.end_condition:
                        if get_var(self, self.sp.end_condition)():
                            break
    
            if end_of_simulation:
                self.cut_hist()
        except Exception as e:
&gt;           raise Exception("Error simulating " + self.name +
                            " of class " + self.__class__.__name__ +
                            " at time=" + str(self.t.time)) from e
E           Exception: Error simulating pump of class Pump at time=0.0

fmdtools/define/block/base.py:808: Exception

The above exception was the direct cause of the following exception:

self = MultiSimulation of
ParameterSample of scenarios:
 - rep0_var_0
 - rep1_var_1
 - rep2_var_2
 - rep3_var_3
 - rep4_var_4
 - rep5_var_5
 - rep6_var_6
 - rep7_var_7
 - rep8_var_8
 - rep9_var_9
kwargs = {}

    def __call__(self, **kwargs):
        """Run the sim, save its results (if needed), return its result and history."""
        try:
&gt;           self.run(**kwargs)

fmdtools/sim/propagate.py:480: 
_ _ _ _ _ _ _ _ _ _ _ _ _ _ _ _ _ _ _ _ _ _ _ _ _ _ _ _ _ _ _ _ _ _ _ _ _ _ _ _ 
fmdtools/sim/propagate.py:831: in run
    res_list = list(tqdm.tqdm(runner(inputs),
../fmdtools-full/lib/python3.11/site-packages/tqdm/std.py:1169: in __iter__
    for obj in iterable:
fmdtools/sim/propagate.py:682: in exec_sim
    return sim()
           ^^^^^
fmdtools/sim/propagate.py:620: in __call__
    res, hist = super().__call__(**kwargs)
                ^^^^^^^^^^^^^^^^^^^^^^^^^^
_ _ _ _ _ _ _ _ _ _ _ _ _ _ _ _ _ _ _ _ _ _ _ _ _ _ _ _ _ _ _ _ _ _ _ _ _ _ _ _ 

self = Simulation with SimEvents:
- end=SimEvent(to_return={'classify': None})
kwargs = {}

    def __call__(self, **kwargs):
        """Run the sim, save its results (if needed), return its result and history."""
        try:
            self.run(**kwargs)
        except Exception as e:
&gt;           raise Exception("Error simulating "+self.name+" scenario(s)") from e
E           Exception: Error simulating rep0_var_0 scenario(s)

fmdtools/sim/propagate.py:482: Exception

The above exception was the direct cause of the following exception:

self = &lt;examples.pump.test_pump.PumpTests testMethod=test_param_sample_isave&gt;

    def test_param_sample_isave(self):
&gt;       self.check_ps_isave(self.mdl, self.ps, *self.filenames, "npz")

examples/pump/test_pump.py:259: 
_ _ _ _ _ _ _ _ _ _ _ _ _ _ _ _ _ _ _ _ _ _ _ _ _ _ _ _ _ _ _ _ _ _ _ _ _ _ _ _ 
tests/common.py:464: in check_ps_isave
    res, hist = prop.parameter_sample(mdl, ps, **loc_kwargs)
                ^^^^^^^^^^^^^^^^^^^^^^^^^^^^^^^^^^^^^^^^^^^^
fmdtools/sim/propagate.py:120: in parameter_sample
    return sim(**get_sim_call_kwargs(sim, **kwargs))
           ^^^^^^^^^^^^^^^^^^^^^^^^^^^^^^^^^^^^^^^^^
_ _ _ _ _ _ _ _ _ _ _ _ _ _ _ _ _ _ _ _ _ _ _ _ _ _ _ _ _ _ _ _ _ _ _ _ _ _ _ _ 

self = MultiSimulation of
ParameterSample of scenarios:
 - rep0_var_0
 - rep1_var_1
 - rep2_var_2
 - rep3_var_3
 - rep4_var_4
 - rep5_var_5
 - rep6_var_6
 - rep7_var_7
 - rep8_var_8
 - rep9_var_9
kwargs = {}

    def __call__(self, **kwargs):
        """Run the sim, save its results (if needed), return its result and history."""
        try:
            self.run(**kwargs)
        except Exception as e:
&gt;           raise Exception("Error simulating "+self.name+" scenario(s)") from e
E           Exception: Error simulating parameter sample scenario(s)

fmdtools/sim/propagate.py:482: Exception</failure></testcase><testcase classname="examples.pump.test_pump.PumpTests" name="test_param_sample_save" time="0.049"><failure message="Exception: Error simulating parameter sample scenario(s)">self = move_water MoveWat
- t=MoveWatTime(time=0.0, timers={'pressure_limit': Timer pressure_limit: mode= standby, time= 0.0}...(flowrate=0.0, pressure=0.0, area=1.0, level=1.0))
- wat_out=Water(s=(flowrate=0.0, pressure=0.0, area=1.0, level=1.0))
time = 0.0, proptype = 'static-once', faults = [], disturbances = {}
inc_at = '', end_of_simulation = False, copy = False

    def __call__(self, time=None, proptype="both", faults=[], disturbances={},
                 inc_at="all", end_of_simulation=False, copy=False):
        """
        Call the Simulable to propagate behavior at a single time-step.
    
        Parameters
        ----------
        time : float/'end'
            Time at which to simulate the Simulable. Default is None, which uses
            self.t.time. If 'end' is provided, will be simulated until the end of
            the simulation (sp.end_time or sp.end_condition)
        proptype : str
            Type of propagation step to update ('static', 'dynamic', or 'both')
        faults : dict/list
            Faults to inject during this propagation step. (to be injected at time.)
            With structure ['fault1', 'fault2'...]
        disturbances : dict
            Variables to change during this propagation step. (to be injected at time.)
            With structure {'var1': value}
        inc_at : bool
            When to increment the history. If "all", increment at each time the sim
            iterates through. If "time", increment only at t==time.
        end_of_simulation : bool
            Whether this is the end of the simulation (and history should be cut).
        copy : bool
            If true, returns a copy of the model just before fault injection and
            stops simulation
        """
        try:
            if time == 'end':
                time = self.sp.end_time
            start_time, end_time = self.t.get_sim_times(time)
            sim_times = self.sp.get_timerange(start_time, end_time)
            for t in sim_times:
                if t == end_time:
                    if copy:
                        return self.copy()
                    if t != self.t.time:  # faults are only injected if not run yet
                        self.set_vars(**disturbances)
                        self.inject_faults(faults)
                self.t.update_time(t)
                if self.t.executing:
                    self.update_stochastic_states()
                    self.update_dynamic_behaviors(proptype=proptype)
&gt;                   self.update_static_behaviors(proptype=proptype)

fmdtools/define/block/base.py:796: 
_ _ _ _ _ _ _ _ _ _ _ _ _ _ _ _ _ _ _ _ _ _ _ _ _ _ _ _ _ _ _ _ _ _ _ _ _ _ _ _ 
fmdtools/define/block/base.py:728: in update_static_behaviors
    self.execute_static_behaviors()
fmdtools/define/block/base.py:734: in execute_static_behaviors
    self.static_behavior()
_ _ _ _ _ _ _ _ _ _ _ _ _ _ _ _ _ _ _ _ _ _ _ _ _ _ _ _ _ _ _ _ _ _ _ _ _ _ _ _ 

self = move_water MoveWat
- t=MoveWatTime(time=0.0, timers={'pressure_limit': Timer pressure_limit: mode= standby, time= 0.0}...(flowrate=0.0, pressure=0.0, area=1.0, level=1.0))
- wat_out=Water(s=(flowrate=0.0, pressure=0.0, area=1.0, level=1.0))

    def static_behavior(self):
        """Define how the function will behave with different faults."""
        self.set_faults()
        if self.m.has_fault('short'):
            self.ee_in.s.current = 500*10/5000*self.sig_in.s.power*self.ee_in.s.voltage
            self.s.eff = 0.0
        elif self.m.has_fault('mech_break'):
            self.ee_in.s.current = 0.2*10/5000*self.sig_in.s.power*self.ee_in.s.voltage
            self.s.eff = 0.0
        else:
            self.ee_in.s.current = 10/5000*self.sig_in.s.power * \
                self.ee_in.s.voltage*min(13.0, self.wat_out.s.pressure)
            # if we wanted to enforce nominall eff state, we would include:
            # self.s.eff = 1.0
    
        velocity = self.sig_in.s.power*self.s.eff * \
            min(1000, self.ee_in.s.voltage)*self.wat_in.s.level
        self.wat_out.s.pressure = 10/500 * velocity/self.wat_out.s.area
        self.wat_out.s.flowrate = 0.3/500 * velocity*self.wat_out.s.area
    
        self.wat_in.s.assign(self.wat_out.s, 'pressure', 'flowrate')
&gt;       print(a)
              ^
E       NameError: name 'a' is not defined

examples/pump/ex_pump.py:436: NameError

The above exception was the direct cause of the following exception:

self = pump Pump
- t=Time(time=0.0, timers={})
- m=Mode(mode='nominal', faults=set(), sub_faults=False)
FLOWS:
- ee_1=Electri...minal', faults=set(), sub_faults=False))
- export_water=ExportWater(m=(mode='nominal', faults=set(), sub_faults=False))
time = 55.0, proptype = 'both', faults = [], disturbances = {}, inc_at = 'all'
end_of_simulation = True, copy = False

    def __call__(self, time=None, proptype="both", faults=[], disturbances={},
                 inc_at="all", end_of_simulation=False, copy=False):
        """
        Call the Simulable to propagate behavior at a single time-step.
    
        Parameters
        ----------
        time : float/'end'
            Time at which to simulate the Simulable. Default is None, which uses
            self.t.time. If 'end' is provided, will be simulated until the end of
            the simulation (sp.end_time or sp.end_condition)
        proptype : str
            Type of propagation step to update ('static', 'dynamic', or 'both')
        faults : dict/list
            Faults to inject during this propagation step. (to be injected at time.)
            With structure ['fault1', 'fault2'...]
        disturbances : dict
            Variables to change during this propagation step. (to be injected at time.)
            With structure {'var1': value}
        inc_at : bool
            When to increment the history. If "all", increment at each time the sim
            iterates through. If "time", increment only at t==time.
        end_of_simulation : bool
            Whether this is the end of the simulation (and history should be cut).
        copy : bool
            If true, returns a copy of the model just before fault injection and
            stops simulation
        """
        try:
            if time == 'end':
                time = self.sp.end_time
            start_time, end_time = self.t.get_sim_times(time)
            sim_times = self.sp.get_timerange(start_time, end_time)
            for t in sim_times:
                if t == end_time:
                    if copy:
                        return self.copy()
                    if t != self.t.time:  # faults are only injected if not run yet
                        self.set_vars(**disturbances)
                        self.inject_faults(faults)
                self.t.update_time(t)
                if self.t.executing:
                    self.update_stochastic_states()
                    self.update_dynamic_behaviors(proptype=proptype)
&gt;                   self.update_static_behaviors(proptype=proptype)

fmdtools/define/block/base.py:796: 
_ _ _ _ _ _ _ _ _ _ _ _ _ _ _ _ _ _ _ _ _ _ _ _ _ _ _ _ _ _ _ _ _ _ _ _ _ _ _ _ 
fmdtools/define/block/base.py:724: in update_static_behaviors
    self.execute_static_behaviors()
fmdtools/define/block/base.py:732: in execute_static_behaviors
    self.update_arch_behaviors("static")
fmdtools/define/architecture/base.py:163: in update_arch_behaviors
    self.prop_static()
fmdtools/define/architecture/base.py:203: in prop_static
    sim(time=self.t.time, proptype='static-once', inc_at="")
_ _ _ _ _ _ _ _ _ _ _ _ _ _ _ _ _ _ _ _ _ _ _ _ _ _ _ _ _ _ _ _ _ _ _ _ _ _ _ _ 

self = move_water MoveWat
- t=MoveWatTime(time=0.0, timers={'pressure_limit': Timer pressure_limit: mode= standby, time= 0.0}...(flowrate=0.0, pressure=0.0, area=1.0, level=1.0))
- wat_out=Water(s=(flowrate=0.0, pressure=0.0, area=1.0, level=1.0))
time = 0.0, proptype = 'static-once', faults = [], disturbances = {}
inc_at = '', end_of_simulation = False, copy = False

    def __call__(self, time=None, proptype="both", faults=[], disturbances={},
                 inc_at="all", end_of_simulation=False, copy=False):
        """
        Call the Simulable to propagate behavior at a single time-step.
    
        Parameters
        ----------
        time : float/'end'
            Time at which to simulate the Simulable. Default is None, which uses
            self.t.time. If 'end' is provided, will be simulated until the end of
            the simulation (sp.end_time or sp.end_condition)
        proptype : str
            Type of propagation step to update ('static', 'dynamic', or 'both')
        faults : dict/list
            Faults to inject during this propagation step. (to be injected at time.)
            With structure ['fault1', 'fault2'...]
        disturbances : dict
            Variables to change during this propagation step. (to be injected at time.)
            With structure {'var1': value}
        inc_at : bool
            When to increment the history. If "all", increment at each time the sim
            iterates through. If "time", increment only at t==time.
        end_of_simulation : bool
            Whether this is the end of the simulation (and history should be cut).
        copy : bool
            If true, returns a copy of the model just before fault injection and
            stops simulation
        """
        try:
            if time == 'end':
                time = self.sp.end_time
            start_time, end_time = self.t.get_sim_times(time)
            sim_times = self.sp.get_timerange(start_time, end_time)
            for t in sim_times:
                if t == end_time:
                    if copy:
                        return self.copy()
                    if t != self.t.time:  # faults are only injected if not run yet
                        self.set_vars(**disturbances)
                        self.inject_faults(faults)
                self.t.update_time(t)
                if self.t.executing:
                    self.update_stochastic_states()
                    self.update_dynamic_behaviors(proptype=proptype)
                    self.update_static_behaviors(proptype=proptype)
                    self.set_sub_faults()
                    if inc_at == "all" or (inc_at == "time" and t == time):
                        self.inc_sim_time()
                        self.h.log(self, self.t.t_ind, self.t.time)
                    if self.sp.end_condition:
                        if get_var(self, self.sp.end_condition)():
                            break
    
            if end_of_simulation:
                self.cut_hist()
        except Exception as e:
&gt;           raise Exception("Error simulating " + self.name +
                            " of class " + self.__class__.__name__ +
                            " at time=" + str(self.t.time)) from e
E           Exception: Error simulating move_water of class MoveWat at time=0.0

fmdtools/define/block/base.py:808: Exception

The above exception was the direct cause of the following exception:

self = Simulation with SimEvents:
- end=SimEvent(to_return={'classify': None})
kwargs = {}

    def __call__(self, **kwargs):
        """Run the sim, save its results (if needed), return its result and history."""
        try:
&gt;           self.run(**kwargs)

fmdtools/sim/propagate.py:480: 
_ _ _ _ _ _ _ _ _ _ _ _ _ _ _ _ _ _ _ _ _ _ _ _ _ _ _ _ _ _ _ _ _ _ _ _ _ _ _ _ 
fmdtools/sim/propagate.py:632: in run
    simevent.run(self.mdl, scen=self.scen, **kwargs)
fmdtools/sim/propagate.py:397: in run
    mdl(time=self.time, **kwar)
_ _ _ _ _ _ _ _ _ _ _ _ _ _ _ _ _ _ _ _ _ _ _ _ _ _ _ _ _ _ _ _ _ _ _ _ _ _ _ _ 

self = pump Pump
- t=Time(time=0.0, timers={})
- m=Mode(mode='nominal', faults=set(), sub_faults=False)
FLOWS:
- ee_1=Electri...minal', faults=set(), sub_faults=False))
- export_water=ExportWater(m=(mode='nominal', faults=set(), sub_faults=False))
time = 55.0, proptype = 'both', faults = [], disturbances = {}, inc_at = 'all'
end_of_simulation = True, copy = False

    def __call__(self, time=None, proptype="both", faults=[], disturbances={},
                 inc_at="all", end_of_simulation=False, copy=False):
        """
        Call the Simulable to propagate behavior at a single time-step.
    
        Parameters
        ----------
        time : float/'end'
            Time at which to simulate the Simulable. Default is None, which uses
            self.t.time. If 'end' is provided, will be simulated until the end of
            the simulation (sp.end_time or sp.end_condition)
        proptype : str
            Type of propagation step to update ('static', 'dynamic', or 'both')
        faults : dict/list
            Faults to inject during this propagation step. (to be injected at time.)
            With structure ['fault1', 'fault2'...]
        disturbances : dict
            Variables to change during this propagation step. (to be injected at time.)
            With structure {'var1': value}
        inc_at : bool
            When to increment the history. If "all", increment at each time the sim
            iterates through. If "time", increment only at t==time.
        end_of_simulation : bool
            Whether this is the end of the simulation (and history should be cut).
        copy : bool
            If true, returns a copy of the model just before fault injection and
            stops simulation
        """
        try:
            if time == 'end':
                time = self.sp.end_time
            start_time, end_time = self.t.get_sim_times(time)
            sim_times = self.sp.get_timerange(start_time, end_time)
            for t in sim_times:
                if t == end_time:
                    if copy:
                        return self.copy()
                    if t != self.t.time:  # faults are only injected if not run yet
                        self.set_vars(**disturbances)
                        self.inject_faults(faults)
                self.t.update_time(t)
                if self.t.executing:
                    self.update_stochastic_states()
                    self.update_dynamic_behaviors(proptype=proptype)
                    self.update_static_behaviors(proptype=proptype)
                    self.set_sub_faults()
                    if inc_at == "all" or (inc_at == "time" and t == time):
                        self.inc_sim_time()
                        self.h.log(self, self.t.t_ind, self.t.time)
                    if self.sp.end_condition:
                        if get_var(self, self.sp.end_condition)():
                            break
    
            if end_of_simulation:
                self.cut_hist()
        except Exception as e:
&gt;           raise Exception("Error simulating " + self.name +
                            " of class " + self.__class__.__name__ +
                            " at time=" + str(self.t.time)) from e
E           Exception: Error simulating pump of class Pump at time=0.0

fmdtools/define/block/base.py:808: Exception

The above exception was the direct cause of the following exception:

self = MultiSimulation of
ParameterSample of scenarios:
 - rep0_var_0
 - rep1_var_1
 - rep2_var_2
 - rep3_var_3
 - rep4_var_4
 - rep5_var_5
 - rep6_var_6
 - rep7_var_7
 - rep8_var_8
 - rep9_var_9
kwargs = {}

    def __call__(self, **kwargs):
        """Run the sim, save its results (if needed), return its result and history."""
        try:
&gt;           self.run(**kwargs)

fmdtools/sim/propagate.py:480: 
_ _ _ _ _ _ _ _ _ _ _ _ _ _ _ _ _ _ _ _ _ _ _ _ _ _ _ _ _ _ _ _ _ _ _ _ _ _ _ _ 
fmdtools/sim/propagate.py:831: in run
    res_list = list(tqdm.tqdm(runner(inputs),
../fmdtools-full/lib/python3.11/site-packages/tqdm/std.py:1169: in __iter__
    for obj in iterable:
fmdtools/sim/propagate.py:682: in exec_sim
    return sim()
           ^^^^^
fmdtools/sim/propagate.py:620: in __call__
    res, hist = super().__call__(**kwargs)
                ^^^^^^^^^^^^^^^^^^^^^^^^^^
_ _ _ _ _ _ _ _ _ _ _ _ _ _ _ _ _ _ _ _ _ _ _ _ _ _ _ _ _ _ _ _ _ _ _ _ _ _ _ _ 

self = Simulation with SimEvents:
- end=SimEvent(to_return={'classify': None})
kwargs = {}

    def __call__(self, **kwargs):
        """Run the sim, save its results (if needed), return its result and history."""
        try:
            self.run(**kwargs)
        except Exception as e:
&gt;           raise Exception("Error simulating "+self.name+" scenario(s)") from e
E           Exception: Error simulating rep0_var_0 scenario(s)

fmdtools/sim/propagate.py:482: Exception

The above exception was the direct cause of the following exception:

self = &lt;examples.pump.test_pump.PumpTests testMethod=test_param_sample_save&gt;

    def test_param_sample_save(self):
&gt;       self.check_ps_save(self.mdl, self.ps, "pump_res.npz", "pump_hist.npz")

examples/pump/test_pump.py:254: 
_ _ _ _ _ _ _ _ _ _ _ _ _ _ _ _ _ _ _ _ _ _ _ _ _ _ _ _ _ _ _ _ _ _ _ _ _ _ _ _ 
tests/common.py:401: in check_ps_save
    res, hist = prop.parameter_sample(mdl, ps, **loc_kwargs)
                ^^^^^^^^^^^^^^^^^^^^^^^^^^^^^^^^^^^^^^^^^^^^
fmdtools/sim/propagate.py:120: in parameter_sample
    return sim(**get_sim_call_kwargs(sim, **kwargs))
           ^^^^^^^^^^^^^^^^^^^^^^^^^^^^^^^^^^^^^^^^^
_ _ _ _ _ _ _ _ _ _ _ _ _ _ _ _ _ _ _ _ _ _ _ _ _ _ _ _ _ _ _ _ _ _ _ _ _ _ _ _ 

self = MultiSimulation of
ParameterSample of scenarios:
 - rep0_var_0
 - rep1_var_1
 - rep2_var_2
 - rep3_var_3
 - rep4_var_4
 - rep5_var_5
 - rep6_var_6
 - rep7_var_7
 - rep8_var_8
 - rep9_var_9
kwargs = {}

    def __call__(self, **kwargs):
        """Run the sim, save its results (if needed), return its result and history."""
        try:
            self.run(**kwargs)
        except Exception as e:
&gt;           raise Exception("Error simulating "+self.name+" scenario(s)") from e
E           Exception: Error simulating parameter sample scenario(s)

fmdtools/sim/propagate.py:482: Exception</failure></testcase><testcase classname="examples.pump.test_pump.PumpTests" name="test_pickleability" time="7.308" /><testcase classname="examples.pump.test_pump.PumpTests" name="test_save_load_multfault" time="0.058"><failure message="Exception: Error simulating sequence scenario(s)">self = move_water MoveWat
- t=MoveWatTime(time=0.0, timers={'pressure_limit': Timer pressure_limit: mode= standby, time= 0.0}...(flowrate=0.0, pressure=0.0, area=1.0, level=1.0))
- wat_out=Water(s=(flowrate=0.0, pressure=0.0, area=1.0, level=1.0))
time = 0.0, proptype = 'static-once', faults = [], disturbances = {}
inc_at = '', end_of_simulation = False, copy = False

    def __call__(self, time=None, proptype="both", faults=[], disturbances={},
                 inc_at="all", end_of_simulation=False, copy=False):
        """
        Call the Simulable to propagate behavior at a single time-step.
    
        Parameters
        ----------
        time : float/'end'
            Time at which to simulate the Simulable. Default is None, which uses
            self.t.time. If 'end' is provided, will be simulated until the end of
            the simulation (sp.end_time or sp.end_condition)
        proptype : str
            Type of propagation step to update ('static', 'dynamic', or 'both')
        faults : dict/list
            Faults to inject during this propagation step. (to be injected at time.)
            With structure ['fault1', 'fault2'...]
        disturbances : dict
            Variables to change during this propagation step. (to be injected at time.)
            With structure {'var1': value}
        inc_at : bool
            When to increment the history. If "all", increment at each time the sim
            iterates through. If "time", increment only at t==time.
        end_of_simulation : bool
            Whether this is the end of the simulation (and history should be cut).
        copy : bool
            If true, returns a copy of the model just before fault injection and
            stops simulation
        """
        try:
            if time == 'end':
                time = self.sp.end_time
            start_time, end_time = self.t.get_sim_times(time)
            sim_times = self.sp.get_timerange(start_time, end_time)
            for t in sim_times:
                if t == end_time:
                    if copy:
                        return self.copy()
                    if t != self.t.time:  # faults are only injected if not run yet
                        self.set_vars(**disturbances)
                        self.inject_faults(faults)
                self.t.update_time(t)
                if self.t.executing:
                    self.update_stochastic_states()
                    self.update_dynamic_behaviors(proptype=proptype)
&gt;                   self.update_static_behaviors(proptype=proptype)

fmdtools/define/block/base.py:796: 
_ _ _ _ _ _ _ _ _ _ _ _ _ _ _ _ _ _ _ _ _ _ _ _ _ _ _ _ _ _ _ _ _ _ _ _ _ _ _ _ 
fmdtools/define/block/base.py:728: in update_static_behaviors
    self.execute_static_behaviors()
fmdtools/define/block/base.py:734: in execute_static_behaviors
    self.static_behavior()
_ _ _ _ _ _ _ _ _ _ _ _ _ _ _ _ _ _ _ _ _ _ _ _ _ _ _ _ _ _ _ _ _ _ _ _ _ _ _ _ 

self = move_water MoveWat
- t=MoveWatTime(time=0.0, timers={'pressure_limit': Timer pressure_limit: mode= standby, time= 0.0}...(flowrate=0.0, pressure=0.0, area=1.0, level=1.0))
- wat_out=Water(s=(flowrate=0.0, pressure=0.0, area=1.0, level=1.0))

    def static_behavior(self):
        """Define how the function will behave with different faults."""
        self.set_faults()
        if self.m.has_fault('short'):
            self.ee_in.s.current = 500*10/5000*self.sig_in.s.power*self.ee_in.s.voltage
            self.s.eff = 0.0
        elif self.m.has_fault('mech_break'):
            self.ee_in.s.current = 0.2*10/5000*self.sig_in.s.power*self.ee_in.s.voltage
            self.s.eff = 0.0
        else:
            self.ee_in.s.current = 10/5000*self.sig_in.s.power * \
                self.ee_in.s.voltage*min(13.0, self.wat_out.s.pressure)
            # if we wanted to enforce nominall eff state, we would include:
            # self.s.eff = 1.0
    
        velocity = self.sig_in.s.power*self.s.eff * \
            min(1000, self.ee_in.s.voltage)*self.wat_in.s.level
        self.wat_out.s.pressure = 10/500 * velocity/self.wat_out.s.area
        self.wat_out.s.flowrate = 0.3/500 * velocity*self.wat_out.s.area
    
        self.wat_in.s.assign(self.wat_out.s, 'pressure', 'flowrate')
&gt;       print(a)
              ^
E       NameError: name 'a' is not defined

examples/pump/ex_pump.py:436: NameError

The above exception was the direct cause of the following exception:

self = pump Pump
- t=Time(time=0.0, timers={})
- m=Mode(mode='nominal', faults=set(), sub_faults=False)
FLOWS:
- ee_1=Electri...minal', faults=set(), sub_faults=False))
- export_water=ExportWater(m=(mode='nominal', faults=set(), sub_faults=False))
time = 10.0, proptype = 'both', faults = [], disturbances = {}, inc_at = 'all'
end_of_simulation = False, copy = True

    def __call__(self, time=None, proptype="both", faults=[], disturbances={},
                 inc_at="all", end_of_simulation=False, copy=False):
        """
        Call the Simulable to propagate behavior at a single time-step.
    
        Parameters
        ----------
        time : float/'end'
            Time at which to simulate the Simulable. Default is None, which uses
            self.t.time. If 'end' is provided, will be simulated until the end of
            the simulation (sp.end_time or sp.end_condition)
        proptype : str
            Type of propagation step to update ('static', 'dynamic', or 'both')
        faults : dict/list
            Faults to inject during this propagation step. (to be injected at time.)
            With structure ['fault1', 'fault2'...]
        disturbances : dict
            Variables to change during this propagation step. (to be injected at time.)
            With structure {'var1': value}
        inc_at : bool
            When to increment the history. If "all", increment at each time the sim
            iterates through. If "time", increment only at t==time.
        end_of_simulation : bool
            Whether this is the end of the simulation (and history should be cut).
        copy : bool
            If true, returns a copy of the model just before fault injection and
            stops simulation
        """
        try:
            if time == 'end':
                time = self.sp.end_time
            start_time, end_time = self.t.get_sim_times(time)
            sim_times = self.sp.get_timerange(start_time, end_time)
            for t in sim_times:
                if t == end_time:
                    if copy:
                        return self.copy()
                    if t != self.t.time:  # faults are only injected if not run yet
                        self.set_vars(**disturbances)
                        self.inject_faults(faults)
                self.t.update_time(t)
                if self.t.executing:
                    self.update_stochastic_states()
                    self.update_dynamic_behaviors(proptype=proptype)
&gt;                   self.update_static_behaviors(proptype=proptype)

fmdtools/define/block/base.py:796: 
_ _ _ _ _ _ _ _ _ _ _ _ _ _ _ _ _ _ _ _ _ _ _ _ _ _ _ _ _ _ _ _ _ _ _ _ _ _ _ _ 
fmdtools/define/block/base.py:724: in update_static_behaviors
    self.execute_static_behaviors()
fmdtools/define/block/base.py:732: in execute_static_behaviors
    self.update_arch_behaviors("static")
fmdtools/define/architecture/base.py:163: in update_arch_behaviors
    self.prop_static()
fmdtools/define/architecture/base.py:203: in prop_static
    sim(time=self.t.time, proptype='static-once', inc_at="")
_ _ _ _ _ _ _ _ _ _ _ _ _ _ _ _ _ _ _ _ _ _ _ _ _ _ _ _ _ _ _ _ _ _ _ _ _ _ _ _ 

self = move_water MoveWat
- t=MoveWatTime(time=0.0, timers={'pressure_limit': Timer pressure_limit: mode= standby, time= 0.0}...(flowrate=0.0, pressure=0.0, area=1.0, level=1.0))
- wat_out=Water(s=(flowrate=0.0, pressure=0.0, area=1.0, level=1.0))
time = 0.0, proptype = 'static-once', faults = [], disturbances = {}
inc_at = '', end_of_simulation = False, copy = False

    def __call__(self, time=None, proptype="both", faults=[], disturbances={},
                 inc_at="all", end_of_simulation=False, copy=False):
        """
        Call the Simulable to propagate behavior at a single time-step.
    
        Parameters
        ----------
        time : float/'end'
            Time at which to simulate the Simulable. Default is None, which uses
            self.t.time. If 'end' is provided, will be simulated until the end of
            the simulation (sp.end_time or sp.end_condition)
        proptype : str
            Type of propagation step to update ('static', 'dynamic', or 'both')
        faults : dict/list
            Faults to inject during this propagation step. (to be injected at time.)
            With structure ['fault1', 'fault2'...]
        disturbances : dict
            Variables to change during this propagation step. (to be injected at time.)
            With structure {'var1': value}
        inc_at : bool
            When to increment the history. If "all", increment at each time the sim
            iterates through. If "time", increment only at t==time.
        end_of_simulation : bool
            Whether this is the end of the simulation (and history should be cut).
        copy : bool
            If true, returns a copy of the model just before fault injection and
            stops simulation
        """
        try:
            if time == 'end':
                time = self.sp.end_time
            start_time, end_time = self.t.get_sim_times(time)
            sim_times = self.sp.get_timerange(start_time, end_time)
            for t in sim_times:
                if t == end_time:
                    if copy:
                        return self.copy()
                    if t != self.t.time:  # faults are only injected if not run yet
                        self.set_vars(**disturbances)
                        self.inject_faults(faults)
                self.t.update_time(t)
                if self.t.executing:
                    self.update_stochastic_states()
                    self.update_dynamic_behaviors(proptype=proptype)
                    self.update_static_behaviors(proptype=proptype)
                    self.set_sub_faults()
                    if inc_at == "all" or (inc_at == "time" and t == time):
                        self.inc_sim_time()
                        self.h.log(self, self.t.t_ind, self.t.time)
                    if self.sp.end_condition:
                        if get_var(self, self.sp.end_condition)():
                            break
    
            if end_of_simulation:
                self.cut_hist()
        except Exception as e:
&gt;           raise Exception("Error simulating " + self.name +
                            " of class " + self.__class__.__name__ +
                            " at time=" + str(self.t.time)) from e
E           Exception: Error simulating move_water of class MoveWat at time=0.0

fmdtools/define/block/base.py:808: Exception

The above exception was the direct cause of the following exception:

self = Simulation with SimEvents:
- 10.0=SimEvent(copy=True)
- end=SimEvent(to_return={'classify': None})
kwargs = {}

    def __call__(self, **kwargs):
        """Run the sim, save its results (if needed), return its result and history."""
        try:
&gt;           self.run(**kwargs)

fmdtools/sim/propagate.py:480: 
_ _ _ _ _ _ _ _ _ _ _ _ _ _ _ _ _ _ _ _ _ _ _ _ _ _ _ _ _ _ _ _ _ _ _ _ _ _ _ _ 
fmdtools/sim/propagate.py:632: in run
    simevent.run(self.mdl, scen=self.scen, **kwargs)
fmdtools/sim/propagate.py:395: in run
    self.mdl_copy = mdl(time=self.time, **kwar, copy=True)
                    ^^^^^^^^^^^^^^^^^^^^^^^^^^^^^^^^^^^^^^
_ _ _ _ _ _ _ _ _ _ _ _ _ _ _ _ _ _ _ _ _ _ _ _ _ _ _ _ _ _ _ _ _ _ _ _ _ _ _ _ 

self = pump Pump
- t=Time(time=0.0, timers={})
- m=Mode(mode='nominal', faults=set(), sub_faults=False)
FLOWS:
- ee_1=Electri...minal', faults=set(), sub_faults=False))
- export_water=ExportWater(m=(mode='nominal', faults=set(), sub_faults=False))
time = 10.0, proptype = 'both', faults = [], disturbances = {}, inc_at = 'all'
end_of_simulation = False, copy = True

    def __call__(self, time=None, proptype="both", faults=[], disturbances={},
                 inc_at="all", end_of_simulation=False, copy=False):
        """
        Call the Simulable to propagate behavior at a single time-step.
    
        Parameters
        ----------
        time : float/'end'
            Time at which to simulate the Simulable. Default is None, which uses
            self.t.time. If 'end' is provided, will be simulated until the end of
            the simulation (sp.end_time or sp.end_condition)
        proptype : str
            Type of propagation step to update ('static', 'dynamic', or 'both')
        faults : dict/list
            Faults to inject during this propagation step. (to be injected at time.)
            With structure ['fault1', 'fault2'...]
        disturbances : dict
            Variables to change during this propagation step. (to be injected at time.)
            With structure {'var1': value}
        inc_at : bool
            When to increment the history. If "all", increment at each time the sim
            iterates through. If "time", increment only at t==time.
        end_of_simulation : bool
            Whether this is the end of the simulation (and history should be cut).
        copy : bool
            If true, returns a copy of the model just before fault injection and
            stops simulation
        """
        try:
            if time == 'end':
                time = self.sp.end_time
            start_time, end_time = self.t.get_sim_times(time)
            sim_times = self.sp.get_timerange(start_time, end_time)
            for t in sim_times:
                if t == end_time:
                    if copy:
                        return self.copy()
                    if t != self.t.time:  # faults are only injected if not run yet
                        self.set_vars(**disturbances)
                        self.inject_faults(faults)
                self.t.update_time(t)
                if self.t.executing:
                    self.update_stochastic_states()
                    self.update_dynamic_behaviors(proptype=proptype)
                    self.update_static_behaviors(proptype=proptype)
                    self.set_sub_faults()
                    if inc_at == "all" or (inc_at == "time" and t == time):
                        self.inc_sim_time()
                        self.h.log(self, self.t.t_ind, self.t.time)
                    if self.sp.end_condition:
                        if get_var(self, self.sp.end_condition)():
                            break
    
            if end_of_simulation:
                self.cut_hist()
        except Exception as e:
&gt;           raise Exception("Error simulating " + self.name +
                            " of class " + self.__class__.__name__ +
                            " at time=" + str(self.t.time)) from e
E           Exception: Error simulating pump of class Pump at time=0.0

fmdtools/define/block/base.py:808: Exception

The above exception was the direct cause of the following exception:

self = MultiEventSimulation of
Scenario(sequence={10: Injection(faults={'export_water': ['block']}, disturbances={}), 20: Injection(faults={'move_water': ['short']}, disturbances={})}, times=(10, 20), rate=nan, name='sequence', time=10)
kwargs = {}

    def __call__(self, **kwargs):
        """Run the sim, save its results (if needed), return its result and history."""
        try:
&gt;           self.run(**kwargs)

fmdtools/sim/propagate.py:480: 
_ _ _ _ _ _ _ _ _ _ _ _ _ _ _ _ _ _ _ _ _ _ _ _ _ _ _ _ _ _ _ _ _ _ _ _ _ _ _ _ 
fmdtools/sim/propagate.py:1023: in run
    self.run_nom(with_copy=True)
fmdtools/sim/propagate.py:1008: in run_nom
    outs = nomsim(**sim_kwar)
           ^^^^^^^^^^^^^^^^^^
fmdtools/sim/propagate.py:620: in __call__
    res, hist = super().__call__(**kwargs)
                ^^^^^^^^^^^^^^^^^^^^^^^^^^
_ _ _ _ _ _ _ _ _ _ _ _ _ _ _ _ _ _ _ _ _ _ _ _ _ _ _ _ _ _ _ _ _ _ _ _ _ _ _ _ 

self = Simulation with SimEvents:
- 10.0=SimEvent(copy=True)
- end=SimEvent(to_return={'classify': None})
kwargs = {}

    def __call__(self, **kwargs):
        """Run the sim, save its results (if needed), return its result and history."""
        try:
            self.run(**kwargs)
        except Exception as e:
&gt;           raise Exception("Error simulating "+self.name+" scenario(s)") from e
E           Exception: Error simulating nominal scenario(s)

fmdtools/sim/propagate.py:482: Exception

The above exception was the direct cause of the following exception:

self = &lt;examples.pump.test_pump.PumpTests testMethod=test_save_load_multfault&gt;

    def test_save_load_multfault(self):
        faultscen = {10: {"export_water": ['block']}, 20: {"move_water": ["short"]}}
        for ext in [".npz", ".csv", ".json"]:
            fnames = "pump_res" + ext, "pump_hist" + ext
&gt;           self.check_onerun_save(self.mdl, 'sequence', *fnames, faultscen=faultscen)

examples/pump/test_pump.py:241: 
_ _ _ _ _ _ _ _ _ _ _ _ _ _ _ _ _ _ _ _ _ _ _ _ _ _ _ _ _ _ _ _ _ _ _ _ _ _ _ _ 
tests/common.py:257: in check_onerun_save
    res, hist = prop.sequence(mdl, faultseq=faultscen, **kw)
                ^^^^^^^^^^^^^^^^^^^^^^^^^^^^^^^^^^^^^^^^^^^^
fmdtools/sim/propagate.py:222: in sequence
    return sim(**get_sim_call_kwargs(sim, **kwargs))
           ^^^^^^^^^^^^^^^^^^^^^^^^^^^^^^^^^^^^^^^^^
fmdtools/sim/propagate.py:975: in __call__
    rets = super().__call__(**kwargs)
           ^^^^^^^^^^^^^^^^^^^^^^^^^^
_ _ _ _ _ _ _ _ _ _ _ _ _ _ _ _ _ _ _ _ _ _ _ _ _ _ _ _ _ _ _ _ _ _ _ _ _ _ _ _ 

self = MultiEventSimulation of
Scenario(sequence={10: Injection(faults={'export_water': ['block']}, disturbances={}), 20: Injection(faults={'move_water': ['short']}, disturbances={})}, times=(10, 20), rate=nan, name='sequence', time=10)
kwargs = {}

    def __call__(self, **kwargs):
        """Run the sim, save its results (if needed), return its result and history."""
        try:
            self.run(**kwargs)
        except Exception as e:
&gt;           raise Exception("Error simulating "+self.name+" scenario(s)") from e
E           Exception: Error simulating sequence scenario(s)

fmdtools/sim/propagate.py:482: Exception</failure></testcase><testcase classname="examples.pump.test_pump.PumpTests" name="test_single_faults_isave" time="0.079"><failure message="Exception: Error simulating single faults scenario(s)">self = move_water MoveWat
- t=MoveWatTime(time=0.0, timers={'pressure_limit': Timer pressure_limit: mode= standby, time= 0.0}...(flowrate=0.0, pressure=0.0, area=1.0, level=1.0))
- wat_out=Water(s=(flowrate=0.0, pressure=0.0, area=1.0, level=1.0))
time = 0.0, proptype = 'static-once', faults = [], disturbances = {}
inc_at = '', end_of_simulation = False, copy = False

    def __call__(self, time=None, proptype="both", faults=[], disturbances={},
                 inc_at="all", end_of_simulation=False, copy=False):
        """
        Call the Simulable to propagate behavior at a single time-step.
    
        Parameters
        ----------
        time : float/'end'
            Time at which to simulate the Simulable. Default is None, which uses
            self.t.time. If 'end' is provided, will be simulated until the end of
            the simulation (sp.end_time or sp.end_condition)
        proptype : str
            Type of propagation step to update ('static', 'dynamic', or 'both')
        faults : dict/list
            Faults to inject during this propagation step. (to be injected at time.)
            With structure ['fault1', 'fault2'...]
        disturbances : dict
            Variables to change during this propagation step. (to be injected at time.)
            With structure {'var1': value}
        inc_at : bool
            When to increment the history. If "all", increment at each time the sim
            iterates through. If "time", increment only at t==time.
        end_of_simulation : bool
            Whether this is the end of the simulation (and history should be cut).
        copy : bool
            If true, returns a copy of the model just before fault injection and
            stops simulation
        """
        try:
            if time == 'end':
                time = self.sp.end_time
            start_time, end_time = self.t.get_sim_times(time)
            sim_times = self.sp.get_timerange(start_time, end_time)
            for t in sim_times:
                if t == end_time:
                    if copy:
                        return self.copy()
                    if t != self.t.time:  # faults are only injected if not run yet
                        self.set_vars(**disturbances)
                        self.inject_faults(faults)
                self.t.update_time(t)
                if self.t.executing:
                    self.update_stochastic_states()
                    self.update_dynamic_behaviors(proptype=proptype)
&gt;                   self.update_static_behaviors(proptype=proptype)

fmdtools/define/block/base.py:796: 
_ _ _ _ _ _ _ _ _ _ _ _ _ _ _ _ _ _ _ _ _ _ _ _ _ _ _ _ _ _ _ _ _ _ _ _ _ _ _ _ 
fmdtools/define/block/base.py:728: in update_static_behaviors
    self.execute_static_behaviors()
fmdtools/define/block/base.py:734: in execute_static_behaviors
    self.static_behavior()
_ _ _ _ _ _ _ _ _ _ _ _ _ _ _ _ _ _ _ _ _ _ _ _ _ _ _ _ _ _ _ _ _ _ _ _ _ _ _ _ 

self = move_water MoveWat
- t=MoveWatTime(time=0.0, timers={'pressure_limit': Timer pressure_limit: mode= standby, time= 0.0}...(flowrate=0.0, pressure=0.0, area=1.0, level=1.0))
- wat_out=Water(s=(flowrate=0.0, pressure=0.0, area=1.0, level=1.0))

    def static_behavior(self):
        """Define how the function will behave with different faults."""
        self.set_faults()
        if self.m.has_fault('short'):
            self.ee_in.s.current = 500*10/5000*self.sig_in.s.power*self.ee_in.s.voltage
            self.s.eff = 0.0
        elif self.m.has_fault('mech_break'):
            self.ee_in.s.current = 0.2*10/5000*self.sig_in.s.power*self.ee_in.s.voltage
            self.s.eff = 0.0
        else:
            self.ee_in.s.current = 10/5000*self.sig_in.s.power * \
                self.ee_in.s.voltage*min(13.0, self.wat_out.s.pressure)
            # if we wanted to enforce nominall eff state, we would include:
            # self.s.eff = 1.0
    
        velocity = self.sig_in.s.power*self.s.eff * \
            min(1000, self.ee_in.s.voltage)*self.wat_in.s.level
        self.wat_out.s.pressure = 10/500 * velocity/self.wat_out.s.area
        self.wat_out.s.flowrate = 0.3/500 * velocity*self.wat_out.s.area
    
        self.wat_in.s.assign(self.wat_out.s, 'pressure', 'flowrate')
&gt;       print(a)
              ^
E       NameError: name 'a' is not defined

examples/pump/ex_pump.py:436: NameError

The above exception was the direct cause of the following exception:

self = pump Pump
- t=Time(time=0.0, timers={})
- m=Mode(mode='nominal', faults=set(), sub_faults=False)
FLOWS:
- ee_1=Electri...minal', faults=set(), sub_faults=False))
- export_water=ExportWater(m=(mode='nominal', faults=set(), sub_faults=False))
time = 55.0, proptype = 'both', faults = [], disturbances = {}, inc_at = 'all'
end_of_simulation = True, copy = False

    def __call__(self, time=None, proptype="both", faults=[], disturbances={},
                 inc_at="all", end_of_simulation=False, copy=False):
        """
        Call the Simulable to propagate behavior at a single time-step.
    
        Parameters
        ----------
        time : float/'end'
            Time at which to simulate the Simulable. Default is None, which uses
            self.t.time. If 'end' is provided, will be simulated until the end of
            the simulation (sp.end_time or sp.end_condition)
        proptype : str
            Type of propagation step to update ('static', 'dynamic', or 'both')
        faults : dict/list
            Faults to inject during this propagation step. (to be injected at time.)
            With structure ['fault1', 'fault2'...]
        disturbances : dict
            Variables to change during this propagation step. (to be injected at time.)
            With structure {'var1': value}
        inc_at : bool
            When to increment the history. If "all", increment at each time the sim
            iterates through. If "time", increment only at t==time.
        end_of_simulation : bool
            Whether this is the end of the simulation (and history should be cut).
        copy : bool
            If true, returns a copy of the model just before fault injection and
            stops simulation
        """
        try:
            if time == 'end':
                time = self.sp.end_time
            start_time, end_time = self.t.get_sim_times(time)
            sim_times = self.sp.get_timerange(start_time, end_time)
            for t in sim_times:
                if t == end_time:
                    if copy:
                        return self.copy()
                    if t != self.t.time:  # faults are only injected if not run yet
                        self.set_vars(**disturbances)
                        self.inject_faults(faults)
                self.t.update_time(t)
                if self.t.executing:
                    self.update_stochastic_states()
                    self.update_dynamic_behaviors(proptype=proptype)
&gt;                   self.update_static_behaviors(proptype=proptype)

fmdtools/define/block/base.py:796: 
_ _ _ _ _ _ _ _ _ _ _ _ _ _ _ _ _ _ _ _ _ _ _ _ _ _ _ _ _ _ _ _ _ _ _ _ _ _ _ _ 
fmdtools/define/block/base.py:724: in update_static_behaviors
    self.execute_static_behaviors()
fmdtools/define/block/base.py:732: in execute_static_behaviors
    self.update_arch_behaviors("static")
fmdtools/define/architecture/base.py:163: in update_arch_behaviors
    self.prop_static()
fmdtools/define/architecture/base.py:203: in prop_static
    sim(time=self.t.time, proptype='static-once', inc_at="")
_ _ _ _ _ _ _ _ _ _ _ _ _ _ _ _ _ _ _ _ _ _ _ _ _ _ _ _ _ _ _ _ _ _ _ _ _ _ _ _ 

self = move_water MoveWat
- t=MoveWatTime(time=0.0, timers={'pressure_limit': Timer pressure_limit: mode= standby, time= 0.0}...(flowrate=0.0, pressure=0.0, area=1.0, level=1.0))
- wat_out=Water(s=(flowrate=0.0, pressure=0.0, area=1.0, level=1.0))
time = 0.0, proptype = 'static-once', faults = [], disturbances = {}
inc_at = '', end_of_simulation = False, copy = False

    def __call__(self, time=None, proptype="both", faults=[], disturbances={},
                 inc_at="all", end_of_simulation=False, copy=False):
        """
        Call the Simulable to propagate behavior at a single time-step.
    
        Parameters
        ----------
        time : float/'end'
            Time at which to simulate the Simulable. Default is None, which uses
            self.t.time. If 'end' is provided, will be simulated until the end of
            the simulation (sp.end_time or sp.end_condition)
        proptype : str
            Type of propagation step to update ('static', 'dynamic', or 'both')
        faults : dict/list
            Faults to inject during this propagation step. (to be injected at time.)
            With structure ['fault1', 'fault2'...]
        disturbances : dict
            Variables to change during this propagation step. (to be injected at time.)
            With structure {'var1': value}
        inc_at : bool
            When to increment the history. If "all", increment at each time the sim
            iterates through. If "time", increment only at t==time.
        end_of_simulation : bool
            Whether this is the end of the simulation (and history should be cut).
        copy : bool
            If true, returns a copy of the model just before fault injection and
            stops simulation
        """
        try:
            if time == 'end':
                time = self.sp.end_time
            start_time, end_time = self.t.get_sim_times(time)
            sim_times = self.sp.get_timerange(start_time, end_time)
            for t in sim_times:
                if t == end_time:
                    if copy:
                        return self.copy()
                    if t != self.t.time:  # faults are only injected if not run yet
                        self.set_vars(**disturbances)
                        self.inject_faults(faults)
                self.t.update_time(t)
                if self.t.executing:
                    self.update_stochastic_states()
                    self.update_dynamic_behaviors(proptype=proptype)
                    self.update_static_behaviors(proptype=proptype)
                    self.set_sub_faults()
                    if inc_at == "all" or (inc_at == "time" and t == time):
                        self.inc_sim_time()
                        self.h.log(self, self.t.t_ind, self.t.time)
                    if self.sp.end_condition:
                        if get_var(self, self.sp.end_condition)():
                            break
    
            if end_of_simulation:
                self.cut_hist()
        except Exception as e:
&gt;           raise Exception("Error simulating " + self.name +
                            " of class " + self.__class__.__name__ +
                            " at time=" + str(self.t.time)) from e
E           Exception: Error simulating move_water of class MoveWat at time=0.0

fmdtools/define/block/base.py:808: Exception

The above exception was the direct cause of the following exception:

self = Simulation with SimEvents:
- 0.0=SimEvent(copy=True, simulated=True)
- end=SimEvent(to_return={'classify': None})
kwargs = {}

    def __call__(self, **kwargs):
        """Run the sim, save its results (if needed), return its result and history."""
        try:
&gt;           self.run(**kwargs)

fmdtools/sim/propagate.py:480: 
_ _ _ _ _ _ _ _ _ _ _ _ _ _ _ _ _ _ _ _ _ _ _ _ _ _ _ _ _ _ _ _ _ _ _ _ _ _ _ _ 
fmdtools/sim/propagate.py:632: in run
    simevent.run(self.mdl, scen=self.scen, **kwargs)
fmdtools/sim/propagate.py:397: in run
    mdl(time=self.time, **kwar)
_ _ _ _ _ _ _ _ _ _ _ _ _ _ _ _ _ _ _ _ _ _ _ _ _ _ _ _ _ _ _ _ _ _ _ _ _ _ _ _ 

self = pump Pump
- t=Time(time=0.0, timers={})
- m=Mode(mode='nominal', faults=set(), sub_faults=False)
FLOWS:
- ee_1=Electri...minal', faults=set(), sub_faults=False))
- export_water=ExportWater(m=(mode='nominal', faults=set(), sub_faults=False))
time = 55.0, proptype = 'both', faults = [], disturbances = {}, inc_at = 'all'
end_of_simulation = True, copy = False

    def __call__(self, time=None, proptype="both", faults=[], disturbances={},
                 inc_at="all", end_of_simulation=False, copy=False):
        """
        Call the Simulable to propagate behavior at a single time-step.
    
        Parameters
        ----------
        time : float/'end'
            Time at which to simulate the Simulable. Default is None, which uses
            self.t.time. If 'end' is provided, will be simulated until the end of
            the simulation (sp.end_time or sp.end_condition)
        proptype : str
            Type of propagation step to update ('static', 'dynamic', or 'both')
        faults : dict/list
            Faults to inject during this propagation step. (to be injected at time.)
            With structure ['fault1', 'fault2'...]
        disturbances : dict
            Variables to change during this propagation step. (to be injected at time.)
            With structure {'var1': value}
        inc_at : bool
            When to increment the history. If "all", increment at each time the sim
            iterates through. If "time", increment only at t==time.
        end_of_simulation : bool
            Whether this is the end of the simulation (and history should be cut).
        copy : bool
            If true, returns a copy of the model just before fault injection and
            stops simulation
        """
        try:
            if time == 'end':
                time = self.sp.end_time
            start_time, end_time = self.t.get_sim_times(time)
            sim_times = self.sp.get_timerange(start_time, end_time)
            for t in sim_times:
                if t == end_time:
                    if copy:
                        return self.copy()
                    if t != self.t.time:  # faults are only injected if not run yet
                        self.set_vars(**disturbances)
                        self.inject_faults(faults)
                self.t.update_time(t)
                if self.t.executing:
                    self.update_stochastic_states()
                    self.update_dynamic_behaviors(proptype=proptype)
                    self.update_static_behaviors(proptype=proptype)
                    self.set_sub_faults()
                    if inc_at == "all" or (inc_at == "time" and t == time):
                        self.inc_sim_time()
                        self.h.log(self, self.t.t_ind, self.t.time)
                    if self.sp.end_condition:
                        if get_var(self, self.sp.end_condition)():
                            break
    
            if end_of_simulation:
                self.cut_hist()
        except Exception as e:
&gt;           raise Exception("Error simulating " + self.name +
                            " of class " + self.__class__.__name__ +
                            " at time=" + str(self.t.time)) from e
E           Exception: Error simulating pump of class Pump at time=0.0

fmdtools/define/block/base.py:808: Exception

The above exception was the direct cause of the following exception:

self = MultiEventSimulation of
FaultSample of scenarios: 
 - pump_fxns_import_ee_inf_v_t0p0
 - pump_fxns_import_ee_no_v_t0p0
...ig_t0p0
 - pump_fxns_move_water_mech_break_t0p0
 - pump_fxns_move_water_short_t0p0
 - pump_fxns_export_water_block_t0p0
kwargs = {}

    def __call__(self, **kwargs):
        """Run the sim, save its results (if needed), return its result and history."""
        try:
&gt;           self.run(**kwargs)

fmdtools/sim/propagate.py:480: 
_ _ _ _ _ _ _ _ _ _ _ _ _ _ _ _ _ _ _ _ _ _ _ _ _ _ _ _ _ _ _ _ _ _ _ _ _ _ _ _ 
fmdtools/sim/propagate.py:1023: in run
    self.run_nom(with_copy=True)
fmdtools/sim/propagate.py:1008: in run_nom
    outs = nomsim(**sim_kwar)
           ^^^^^^^^^^^^^^^^^^
fmdtools/sim/propagate.py:620: in __call__
    res, hist = super().__call__(**kwargs)
                ^^^^^^^^^^^^^^^^^^^^^^^^^^
_ _ _ _ _ _ _ _ _ _ _ _ _ _ _ _ _ _ _ _ _ _ _ _ _ _ _ _ _ _ _ _ _ _ _ _ _ _ _ _ 

self = Simulation with SimEvents:
- 0.0=SimEvent(copy=True, simulated=True)
- end=SimEvent(to_return={'classify': None})
kwargs = {}

    def __call__(self, **kwargs):
        """Run the sim, save its results (if needed), return its result and history."""
        try:
            self.run(**kwargs)
        except Exception as e:
&gt;           raise Exception("Error simulating "+self.name+" scenario(s)") from e
E           Exception: Error simulating nominal scenario(s)

fmdtools/sim/propagate.py:482: Exception

The above exception was the direct cause of the following exception:

self = &lt;examples.pump.test_pump.PumpTests testMethod=test_single_faults_isave&gt;

    def test_single_faults_isave(self):
&gt;       self.check_sf_isave(self.mdl, *self.filenames, "npz")

examples/pump/test_pump.py:249: 
_ _ _ _ _ _ _ _ _ _ _ _ _ _ _ _ _ _ _ _ _ _ _ _ _ _ _ _ _ _ _ _ _ _ _ _ _ _ _ _ 
tests/common.py:450: in check_sf_isave
    res, hist = prop.single_faults(mdl, **loc_kwargs)
                ^^^^^^^^^^^^^^^^^^^^^^^^^^^^^^^^^^^^^
fmdtools/sim/propagate.py:280: in single_faults
    return sim(**get_sim_call_kwargs(sim, **kwargs))
           ^^^^^^^^^^^^^^^^^^^^^^^^^^^^^^^^^^^^^^^^^
fmdtools/sim/propagate.py:975: in __call__
    rets = super().__call__(**kwargs)
           ^^^^^^^^^^^^^^^^^^^^^^^^^^
_ _ _ _ _ _ _ _ _ _ _ _ _ _ _ _ _ _ _ _ _ _ _ _ _ _ _ _ _ _ _ _ _ _ _ _ _ _ _ _ 

self = MultiEventSimulation of
FaultSample of scenarios: 
 - pump_fxns_import_ee_inf_v_t0p0
 - pump_fxns_import_ee_no_v_t0p0
...ig_t0p0
 - pump_fxns_move_water_mech_break_t0p0
 - pump_fxns_move_water_short_t0p0
 - pump_fxns_export_water_block_t0p0
kwargs = {}

    def __call__(self, **kwargs):
        """Run the sim, save its results (if needed), return its result and history."""
        try:
            self.run(**kwargs)
        except Exception as e:
&gt;           raise Exception("Error simulating "+self.name+" scenario(s)") from e
E           Exception: Error simulating single faults scenario(s)

fmdtools/sim/propagate.py:482: Exception</failure></testcase><testcase classname="examples.pump.test_pump.PumpTests" name="test_single_faults_save" time="0.068"><failure message="Exception: Error simulating single faults scenario(s)">self = move_water MoveWat
- t=MoveWatTime(time=0.0, timers={'pressure_limit': Timer pressure_limit: mode= standby, time= 0.0}...(flowrate=0.0, pressure=0.0, area=1.0, level=1.0))
- wat_out=Water(s=(flowrate=0.0, pressure=0.0, area=1.0, level=1.0))
time = 0.0, proptype = 'static-once', faults = [], disturbances = {}
inc_at = '', end_of_simulation = False, copy = False

    def __call__(self, time=None, proptype="both", faults=[], disturbances={},
                 inc_at="all", end_of_simulation=False, copy=False):
        """
        Call the Simulable to propagate behavior at a single time-step.
    
        Parameters
        ----------
        time : float/'end'
            Time at which to simulate the Simulable. Default is None, which uses
            self.t.time. If 'end' is provided, will be simulated until the end of
            the simulation (sp.end_time or sp.end_condition)
        proptype : str
            Type of propagation step to update ('static', 'dynamic', or 'both')
        faults : dict/list
            Faults to inject during this propagation step. (to be injected at time.)
            With structure ['fault1', 'fault2'...]
        disturbances : dict
            Variables to change during this propagation step. (to be injected at time.)
            With structure {'var1': value}
        inc_at : bool
            When to increment the history. If "all", increment at each time the sim
            iterates through. If "time", increment only at t==time.
        end_of_simulation : bool
            Whether this is the end of the simulation (and history should be cut).
        copy : bool
            If true, returns a copy of the model just before fault injection and
            stops simulation
        """
        try:
            if time == 'end':
                time = self.sp.end_time
            start_time, end_time = self.t.get_sim_times(time)
            sim_times = self.sp.get_timerange(start_time, end_time)
            for t in sim_times:
                if t == end_time:
                    if copy:
                        return self.copy()
                    if t != self.t.time:  # faults are only injected if not run yet
                        self.set_vars(**disturbances)
                        self.inject_faults(faults)
                self.t.update_time(t)
                if self.t.executing:
                    self.update_stochastic_states()
                    self.update_dynamic_behaviors(proptype=proptype)
&gt;                   self.update_static_behaviors(proptype=proptype)

fmdtools/define/block/base.py:796: 
_ _ _ _ _ _ _ _ _ _ _ _ _ _ _ _ _ _ _ _ _ _ _ _ _ _ _ _ _ _ _ _ _ _ _ _ _ _ _ _ 
fmdtools/define/block/base.py:728: in update_static_behaviors
    self.execute_static_behaviors()
fmdtools/define/block/base.py:734: in execute_static_behaviors
    self.static_behavior()
_ _ _ _ _ _ _ _ _ _ _ _ _ _ _ _ _ _ _ _ _ _ _ _ _ _ _ _ _ _ _ _ _ _ _ _ _ _ _ _ 

self = move_water MoveWat
- t=MoveWatTime(time=0.0, timers={'pressure_limit': Timer pressure_limit: mode= standby, time= 0.0}...(flowrate=0.0, pressure=0.0, area=1.0, level=1.0))
- wat_out=Water(s=(flowrate=0.0, pressure=0.0, area=1.0, level=1.0))

    def static_behavior(self):
        """Define how the function will behave with different faults."""
        self.set_faults()
        if self.m.has_fault('short'):
            self.ee_in.s.current = 500*10/5000*self.sig_in.s.power*self.ee_in.s.voltage
            self.s.eff = 0.0
        elif self.m.has_fault('mech_break'):
            self.ee_in.s.current = 0.2*10/5000*self.sig_in.s.power*self.ee_in.s.voltage
            self.s.eff = 0.0
        else:
            self.ee_in.s.current = 10/5000*self.sig_in.s.power * \
                self.ee_in.s.voltage*min(13.0, self.wat_out.s.pressure)
            # if we wanted to enforce nominall eff state, we would include:
            # self.s.eff = 1.0
    
        velocity = self.sig_in.s.power*self.s.eff * \
            min(1000, self.ee_in.s.voltage)*self.wat_in.s.level
        self.wat_out.s.pressure = 10/500 * velocity/self.wat_out.s.area
        self.wat_out.s.flowrate = 0.3/500 * velocity*self.wat_out.s.area
    
        self.wat_in.s.assign(self.wat_out.s, 'pressure', 'flowrate')
&gt;       print(a)
              ^
E       NameError: name 'a' is not defined

examples/pump/ex_pump.py:436: NameError

The above exception was the direct cause of the following exception:

self = pump Pump
- t=Time(time=0.0, timers={})
- m=Mode(mode='nominal', faults=set(), sub_faults=False)
FLOWS:
- ee_1=Electri...minal', faults=set(), sub_faults=False))
- export_water=ExportWater(m=(mode='nominal', faults=set(), sub_faults=False))
time = 55.0, proptype = 'both', faults = [], disturbances = {}, inc_at = 'all'
end_of_simulation = True, copy = False

    def __call__(self, time=None, proptype="both", faults=[], disturbances={},
                 inc_at="all", end_of_simulation=False, copy=False):
        """
        Call the Simulable to propagate behavior at a single time-step.
    
        Parameters
        ----------
        time : float/'end'
            Time at which to simulate the Simulable. Default is None, which uses
            self.t.time. If 'end' is provided, will be simulated until the end of
            the simulation (sp.end_time or sp.end_condition)
        proptype : str
            Type of propagation step to update ('static', 'dynamic', or 'both')
        faults : dict/list
            Faults to inject during this propagation step. (to be injected at time.)
            With structure ['fault1', 'fault2'...]
        disturbances : dict
            Variables to change during this propagation step. (to be injected at time.)
            With structure {'var1': value}
        inc_at : bool
            When to increment the history. If "all", increment at each time the sim
            iterates through. If "time", increment only at t==time.
        end_of_simulation : bool
            Whether this is the end of the simulation (and history should be cut).
        copy : bool
            If true, returns a copy of the model just before fault injection and
            stops simulation
        """
        try:
            if time == 'end':
                time = self.sp.end_time
            start_time, end_time = self.t.get_sim_times(time)
            sim_times = self.sp.get_timerange(start_time, end_time)
            for t in sim_times:
                if t == end_time:
                    if copy:
                        return self.copy()
                    if t != self.t.time:  # faults are only injected if not run yet
                        self.set_vars(**disturbances)
                        self.inject_faults(faults)
                self.t.update_time(t)
                if self.t.executing:
                    self.update_stochastic_states()
                    self.update_dynamic_behaviors(proptype=proptype)
&gt;                   self.update_static_behaviors(proptype=proptype)

fmdtools/define/block/base.py:796: 
_ _ _ _ _ _ _ _ _ _ _ _ _ _ _ _ _ _ _ _ _ _ _ _ _ _ _ _ _ _ _ _ _ _ _ _ _ _ _ _ 
fmdtools/define/block/base.py:724: in update_static_behaviors
    self.execute_static_behaviors()
fmdtools/define/block/base.py:732: in execute_static_behaviors
    self.update_arch_behaviors("static")
fmdtools/define/architecture/base.py:163: in update_arch_behaviors
    self.prop_static()
fmdtools/define/architecture/base.py:203: in prop_static
    sim(time=self.t.time, proptype='static-once', inc_at="")
_ _ _ _ _ _ _ _ _ _ _ _ _ _ _ _ _ _ _ _ _ _ _ _ _ _ _ _ _ _ _ _ _ _ _ _ _ _ _ _ 

self = move_water MoveWat
- t=MoveWatTime(time=0.0, timers={'pressure_limit': Timer pressure_limit: mode= standby, time= 0.0}...(flowrate=0.0, pressure=0.0, area=1.0, level=1.0))
- wat_out=Water(s=(flowrate=0.0, pressure=0.0, area=1.0, level=1.0))
time = 0.0, proptype = 'static-once', faults = [], disturbances = {}
inc_at = '', end_of_simulation = False, copy = False

    def __call__(self, time=None, proptype="both", faults=[], disturbances={},
                 inc_at="all", end_of_simulation=False, copy=False):
        """
        Call the Simulable to propagate behavior at a single time-step.
    
        Parameters
        ----------
        time : float/'end'
            Time at which to simulate the Simulable. Default is None, which uses
            self.t.time. If 'end' is provided, will be simulated until the end of
            the simulation (sp.end_time or sp.end_condition)
        proptype : str
            Type of propagation step to update ('static', 'dynamic', or 'both')
        faults : dict/list
            Faults to inject during this propagation step. (to be injected at time.)
            With structure ['fault1', 'fault2'...]
        disturbances : dict
            Variables to change during this propagation step. (to be injected at time.)
            With structure {'var1': value}
        inc_at : bool
            When to increment the history. If "all", increment at each time the sim
            iterates through. If "time", increment only at t==time.
        end_of_simulation : bool
            Whether this is the end of the simulation (and history should be cut).
        copy : bool
            If true, returns a copy of the model just before fault injection and
            stops simulation
        """
        try:
            if time == 'end':
                time = self.sp.end_time
            start_time, end_time = self.t.get_sim_times(time)
            sim_times = self.sp.get_timerange(start_time, end_time)
            for t in sim_times:
                if t == end_time:
                    if copy:
                        return self.copy()
                    if t != self.t.time:  # faults are only injected if not run yet
                        self.set_vars(**disturbances)
                        self.inject_faults(faults)
                self.t.update_time(t)
                if self.t.executing:
                    self.update_stochastic_states()
                    self.update_dynamic_behaviors(proptype=proptype)
                    self.update_static_behaviors(proptype=proptype)
                    self.set_sub_faults()
                    if inc_at == "all" or (inc_at == "time" and t == time):
                        self.inc_sim_time()
                        self.h.log(self, self.t.t_ind, self.t.time)
                    if self.sp.end_condition:
                        if get_var(self, self.sp.end_condition)():
                            break
    
            if end_of_simulation:
                self.cut_hist()
        except Exception as e:
&gt;           raise Exception("Error simulating " + self.name +
                            " of class " + self.__class__.__name__ +
                            " at time=" + str(self.t.time)) from e
E           Exception: Error simulating move_water of class MoveWat at time=0.0

fmdtools/define/block/base.py:808: Exception

The above exception was the direct cause of the following exception:

self = Simulation with SimEvents:
- 0.0=SimEvent(copy=True, simulated=True)
- end=SimEvent(to_return={'classify': None})
kwargs = {}

    def __call__(self, **kwargs):
        """Run the sim, save its results (if needed), return its result and history."""
        try:
&gt;           self.run(**kwargs)

fmdtools/sim/propagate.py:480: 
_ _ _ _ _ _ _ _ _ _ _ _ _ _ _ _ _ _ _ _ _ _ _ _ _ _ _ _ _ _ _ _ _ _ _ _ _ _ _ _ 
fmdtools/sim/propagate.py:632: in run
    simevent.run(self.mdl, scen=self.scen, **kwargs)
fmdtools/sim/propagate.py:397: in run
    mdl(time=self.time, **kwar)
_ _ _ _ _ _ _ _ _ _ _ _ _ _ _ _ _ _ _ _ _ _ _ _ _ _ _ _ _ _ _ _ _ _ _ _ _ _ _ _ 

self = pump Pump
- t=Time(time=0.0, timers={})
- m=Mode(mode='nominal', faults=set(), sub_faults=False)
FLOWS:
- ee_1=Electri...minal', faults=set(), sub_faults=False))
- export_water=ExportWater(m=(mode='nominal', faults=set(), sub_faults=False))
time = 55.0, proptype = 'both', faults = [], disturbances = {}, inc_at = 'all'
end_of_simulation = True, copy = False

    def __call__(self, time=None, proptype="both", faults=[], disturbances={},
                 inc_at="all", end_of_simulation=False, copy=False):
        """
        Call the Simulable to propagate behavior at a single time-step.
    
        Parameters
        ----------
        time : float/'end'
            Time at which to simulate the Simulable. Default is None, which uses
            self.t.time. If 'end' is provided, will be simulated until the end of
            the simulation (sp.end_time or sp.end_condition)
        proptype : str
            Type of propagation step to update ('static', 'dynamic', or 'both')
        faults : dict/list
            Faults to inject during this propagation step. (to be injected at time.)
            With structure ['fault1', 'fault2'...]
        disturbances : dict
            Variables to change during this propagation step. (to be injected at time.)
            With structure {'var1': value}
        inc_at : bool
            When to increment the history. If "all", increment at each time the sim
            iterates through. If "time", increment only at t==time.
        end_of_simulation : bool
            Whether this is the end of the simulation (and history should be cut).
        copy : bool
            If true, returns a copy of the model just before fault injection and
            stops simulation
        """
        try:
            if time == 'end':
                time = self.sp.end_time
            start_time, end_time = self.t.get_sim_times(time)
            sim_times = self.sp.get_timerange(start_time, end_time)
            for t in sim_times:
                if t == end_time:
                    if copy:
                        return self.copy()
                    if t != self.t.time:  # faults are only injected if not run yet
                        self.set_vars(**disturbances)
                        self.inject_faults(faults)
                self.t.update_time(t)
                if self.t.executing:
                    self.update_stochastic_states()
                    self.update_dynamic_behaviors(proptype=proptype)
                    self.update_static_behaviors(proptype=proptype)
                    self.set_sub_faults()
                    if inc_at == "all" or (inc_at == "time" and t == time):
                        self.inc_sim_time()
                        self.h.log(self, self.t.t_ind, self.t.time)
                    if self.sp.end_condition:
                        if get_var(self, self.sp.end_condition)():
                            break
    
            if end_of_simulation:
                self.cut_hist()
        except Exception as e:
&gt;           raise Exception("Error simulating " + self.name +
                            " of class " + self.__class__.__name__ +
                            " at time=" + str(self.t.time)) from e
E           Exception: Error simulating pump of class Pump at time=0.0

fmdtools/define/block/base.py:808: Exception

The above exception was the direct cause of the following exception:

self = MultiEventSimulation of
FaultSample of scenarios: 
 - pump_fxns_import_ee_inf_v_t0p0
 - pump_fxns_import_ee_no_v_t0p0
...ig_t0p0
 - pump_fxns_move_water_mech_break_t0p0
 - pump_fxns_move_water_short_t0p0
 - pump_fxns_export_water_block_t0p0
kwargs = {}

    def __call__(self, **kwargs):
        """Run the sim, save its results (if needed), return its result and history."""
        try:
&gt;           self.run(**kwargs)

fmdtools/sim/propagate.py:480: 
_ _ _ _ _ _ _ _ _ _ _ _ _ _ _ _ _ _ _ _ _ _ _ _ _ _ _ _ _ _ _ _ _ _ _ _ _ _ _ _ 
fmdtools/sim/propagate.py:1023: in run
    self.run_nom(with_copy=True)
fmdtools/sim/propagate.py:1008: in run_nom
    outs = nomsim(**sim_kwar)
           ^^^^^^^^^^^^^^^^^^
fmdtools/sim/propagate.py:620: in __call__
    res, hist = super().__call__(**kwargs)
                ^^^^^^^^^^^^^^^^^^^^^^^^^^
_ _ _ _ _ _ _ _ _ _ _ _ _ _ _ _ _ _ _ _ _ _ _ _ _ _ _ _ _ _ _ _ _ _ _ _ _ _ _ _ 

self = Simulation with SimEvents:
- 0.0=SimEvent(copy=True, simulated=True)
- end=SimEvent(to_return={'classify': None})
kwargs = {}

    def __call__(self, **kwargs):
        """Run the sim, save its results (if needed), return its result and history."""
        try:
            self.run(**kwargs)
        except Exception as e:
&gt;           raise Exception("Error simulating "+self.name+" scenario(s)") from e
E           Exception: Error simulating nominal scenario(s)

fmdtools/sim/propagate.py:482: Exception

The above exception was the direct cause of the following exception:

self = &lt;examples.pump.test_pump.PumpTests testMethod=test_single_faults_save&gt;

    def test_single_faults_save(self):
&gt;       self.check_sf_save(self.mdl, "pump_res.npz", "pump_hist.npz")

examples/pump/test_pump.py:244: 
_ _ _ _ _ _ _ _ _ _ _ _ _ _ _ _ _ _ _ _ _ _ _ _ _ _ _ _ _ _ _ _ _ _ _ _ _ _ _ _ 
tests/common.py:390: in check_sf_save
    res, hist = prop.single_faults(mdl, **loc_kwargs)
                ^^^^^^^^^^^^^^^^^^^^^^^^^^^^^^^^^^^^^
fmdtools/sim/propagate.py:280: in single_faults
    return sim(**get_sim_call_kwargs(sim, **kwargs))
           ^^^^^^^^^^^^^^^^^^^^^^^^^^^^^^^^^^^^^^^^^
fmdtools/sim/propagate.py:975: in __call__
    rets = super().__call__(**kwargs)
           ^^^^^^^^^^^^^^^^^^^^^^^^^^
_ _ _ _ _ _ _ _ _ _ _ _ _ _ _ _ _ _ _ _ _ _ _ _ _ _ _ _ _ _ _ _ _ _ _ _ _ _ _ _ 

self = MultiEventSimulation of
FaultSample of scenarios: 
 - pump_fxns_import_ee_inf_v_t0p0
 - pump_fxns_import_ee_no_v_t0p0
...ig_t0p0
 - pump_fxns_move_water_mech_break_t0p0
 - pump_fxns_move_water_short_t0p0
 - pump_fxns_export_water_block_t0p0
kwargs = {}

    def __call__(self, **kwargs):
        """Run the sim, save its results (if needed), return its result and history."""
        try:
            self.run(**kwargs)
        except Exception as e:
&gt;           raise Exception("Error simulating "+self.name+" scenario(s)") from e
E           Exception: Error simulating single faults scenario(s)

fmdtools/sim/propagate.py:482: Exception</failure></testcase><testcase classname="examples.pump.test_pump.PumpTests" name="test_value_setting" time="0.047" /><testcase classname="examples.pump.test_pump.PumpTests" name="test_value_setting_dict" time="0.041" /><testcase classname="examples.pump.test_pump.IndivPumpTests" name="test_mutable_setup" time="0.011"><failure message="Exception: Error simulating nominal scenario(s)">self = movewatdynamic MoveWatDynamic
- t=MoveWatTime(time=0.0, timers={'pressure_limit': Timer pressure_limit: mode= standby,...e=0.0012, pressure=0.04, area=1.0, level=1.0))
- wat_out=Water(s=(flowrate=0.0012, pressure=0.04, area=1.0, level=1.0))
time = 50.0, proptype = 'both', faults = [], disturbances = {}, inc_at = 'all'
end_of_simulation = True, copy = False

    def __call__(self, time=None, proptype="both", faults=[], disturbances={},
                 inc_at="all", end_of_simulation=False, copy=False):
        """
        Call the Simulable to propagate behavior at a single time-step.
    
        Parameters
        ----------
        time : float/'end'
            Time at which to simulate the Simulable. Default is None, which uses
            self.t.time. If 'end' is provided, will be simulated until the end of
            the simulation (sp.end_time or sp.end_condition)
        proptype : str
            Type of propagation step to update ('static', 'dynamic', or 'both')
        faults : dict/list
            Faults to inject during this propagation step. (to be injected at time.)
            With structure ['fault1', 'fault2'...]
        disturbances : dict
            Variables to change during this propagation step. (to be injected at time.)
            With structure {'var1': value}
        inc_at : bool
            When to increment the history. If "all", increment at each time the sim
            iterates through. If "time", increment only at t==time.
        end_of_simulation : bool
            Whether this is the end of the simulation (and history should be cut).
        copy : bool
            If true, returns a copy of the model just before fault injection and
            stops simulation
        """
        try:
            if time == 'end':
                time = self.sp.end_time
            start_time, end_time = self.t.get_sim_times(time)
            sim_times = self.sp.get_timerange(start_time, end_time)
            for t in sim_times:
                if t == end_time:
                    if copy:
                        return self.copy()
                    if t != self.t.time:  # faults are only injected if not run yet
                        self.set_vars(**disturbances)
                        self.inject_faults(faults)
                self.t.update_time(t)
                if self.t.executing:
                    self.update_stochastic_states()
                    self.update_dynamic_behaviors(proptype=proptype)
&gt;                   self.update_static_behaviors(proptype=proptype)

fmdtools/define/block/base.py:796: 
_ _ _ _ _ _ _ _ _ _ _ _ _ _ _ _ _ _ _ _ _ _ _ _ _ _ _ _ _ _ _ _ _ _ _ _ _ _ _ _ 
fmdtools/define/block/base.py:724: in update_static_behaviors
    self.execute_static_behaviors()
fmdtools/define/block/base.py:734: in execute_static_behaviors
    self.static_behavior()
_ _ _ _ _ _ _ _ _ _ _ _ _ _ _ _ _ _ _ _ _ _ _ _ _ _ _ _ _ _ _ _ _ _ _ _ _ _ _ _ 

self = movewatdynamic MoveWatDynamic
- t=MoveWatTime(time=0.0, timers={'pressure_limit': Timer pressure_limit: mode= standby,...e=0.0012, pressure=0.04, area=1.0, level=1.0))
- wat_out=Water(s=(flowrate=0.0012, pressure=0.04, area=1.0, level=1.0))

    def static_behavior(self):
        """Define how the function will behave with different faults."""
        self.set_faults()
        if self.m.has_fault('short'):
            self.ee_in.s.current = 500*10/5000*self.sig_in.s.power*self.ee_in.s.voltage
            self.s.eff = 0.0
        elif self.m.has_fault('mech_break'):
            self.ee_in.s.current = 0.2*10/5000*self.sig_in.s.power*self.ee_in.s.voltage
            self.s.eff = 0.0
        else:
            self.ee_in.s.current = 10/5000*self.sig_in.s.power * \
                self.ee_in.s.voltage*min(13.0, self.wat_out.s.pressure)
            # if we wanted to enforce nominall eff state, we would include:
            # self.s.eff = 1.0
    
        velocity = self.sig_in.s.power*self.s.eff * \
            min(1000, self.ee_in.s.voltage)*self.wat_in.s.level
        self.wat_out.s.pressure = 10/500 * velocity/self.wat_out.s.area
        self.wat_out.s.flowrate = 0.3/500 * velocity*self.wat_out.s.area
    
        self.wat_in.s.assign(self.wat_out.s, 'pressure', 'flowrate')
&gt;       print(a)
              ^
E       NameError: name 'a' is not defined

examples/pump/ex_pump.py:436: NameError

The above exception was the direct cause of the following exception:

self = Simulation with SimEvents:
- end=SimEvent(to_return={'classify': None})
kwargs = {}

    def __call__(self, **kwargs):
        """Run the sim, save its results (if needed), return its result and history."""
        try:
&gt;           self.run(**kwargs)

fmdtools/sim/propagate.py:480: 
_ _ _ _ _ _ _ _ _ _ _ _ _ _ _ _ _ _ _ _ _ _ _ _ _ _ _ _ _ _ _ _ _ _ _ _ _ _ _ _ 
fmdtools/sim/propagate.py:632: in run
    simevent.run(self.mdl, scen=self.scen, **kwargs)
fmdtools/sim/propagate.py:397: in run
    mdl(time=self.time, **kwar)
_ _ _ _ _ _ _ _ _ _ _ _ _ _ _ _ _ _ _ _ _ _ _ _ _ _ _ _ _ _ _ _ _ _ _ _ _ _ _ _ 

self = movewatdynamic MoveWatDynamic
- t=MoveWatTime(time=0.0, timers={'pressure_limit': Timer pressure_limit: mode= standby,...e=0.0012, pressure=0.04, area=1.0, level=1.0))
- wat_out=Water(s=(flowrate=0.0012, pressure=0.04, area=1.0, level=1.0))
time = 50.0, proptype = 'both', faults = [], disturbances = {}, inc_at = 'all'
end_of_simulation = True, copy = False

    def __call__(self, time=None, proptype="both", faults=[], disturbances={},
                 inc_at="all", end_of_simulation=False, copy=False):
        """
        Call the Simulable to propagate behavior at a single time-step.
    
        Parameters
        ----------
        time : float/'end'
            Time at which to simulate the Simulable. Default is None, which uses
            self.t.time. If 'end' is provided, will be simulated until the end of
            the simulation (sp.end_time or sp.end_condition)
        proptype : str
            Type of propagation step to update ('static', 'dynamic', or 'both')
        faults : dict/list
            Faults to inject during this propagation step. (to be injected at time.)
            With structure ['fault1', 'fault2'...]
        disturbances : dict
            Variables to change during this propagation step. (to be injected at time.)
            With structure {'var1': value}
        inc_at : bool
            When to increment the history. If "all", increment at each time the sim
            iterates through. If "time", increment only at t==time.
        end_of_simulation : bool
            Whether this is the end of the simulation (and history should be cut).
        copy : bool
            If true, returns a copy of the model just before fault injection and
            stops simulation
        """
        try:
            if time == 'end':
                time = self.sp.end_time
            start_time, end_time = self.t.get_sim_times(time)
            sim_times = self.sp.get_timerange(start_time, end_time)
            for t in sim_times:
                if t == end_time:
                    if copy:
                        return self.copy()
                    if t != self.t.time:  # faults are only injected if not run yet
                        self.set_vars(**disturbances)
                        self.inject_faults(faults)
                self.t.update_time(t)
                if self.t.executing:
                    self.update_stochastic_states()
                    self.update_dynamic_behaviors(proptype=proptype)
                    self.update_static_behaviors(proptype=proptype)
                    self.set_sub_faults()
                    if inc_at == "all" or (inc_at == "time" and t == time):
                        self.inc_sim_time()
                        self.h.log(self, self.t.t_ind, self.t.time)
                    if self.sp.end_condition:
                        if get_var(self, self.sp.end_condition)():
                            break
    
            if end_of_simulation:
                self.cut_hist()
        except Exception as e:
&gt;           raise Exception("Error simulating " + self.name +
                            " of class " + self.__class__.__name__ +
                            " at time=" + str(self.t.time)) from e
E           Exception: Error simulating movewatdynamic of class MoveWatDynamic at time=0.0

fmdtools/define/block/base.py:808: Exception

The above exception was the direct cause of the following exception:

self = &lt;examples.pump.test_pump.IndivPumpTests testMethod=test_mutable_setup&gt;

    def test_mutable_setup(self):
        """Check that non-default state carries through to simulation."""
        mdl_diff = MoveWatDynamic(s={'eff': 2.0})
        self.assertEqual(mdl_diff.s.eff, 2.0)
&gt;       res, hist = prop.nominal(mdl_diff, showprogress=False, warn_faults=False)
                    ^^^^^^^^^^^^^^^^^^^^^^^^^^^^^^^^^^^^^^^^^^^^^^^^^^^^^^^^^^^^^

examples/pump/test_pump.py:321: 
_ _ _ _ _ _ _ _ _ _ _ _ _ _ _ _ _ _ _ _ _ _ _ _ _ _ _ _ _ _ _ _ _ _ _ _ _ _ _ _ 
fmdtools/sim/propagate.py:92: in nominal
    return sim(**get_sim_call_kwargs(sim, **kwargs))
           ^^^^^^^^^^^^^^^^^^^^^^^^^^^^^^^^^^^^^^^^^
fmdtools/sim/propagate.py:620: in __call__
    res, hist = super().__call__(**kwargs)
                ^^^^^^^^^^^^^^^^^^^^^^^^^^
_ _ _ _ _ _ _ _ _ _ _ _ _ _ _ _ _ _ _ _ _ _ _ _ _ _ _ _ _ _ _ _ _ _ _ _ _ _ _ _ 

self = Simulation with SimEvents:
- end=SimEvent(to_return={'classify': None})
kwargs = {}

    def __call__(self, **kwargs):
        """Run the sim, save its results (if needed), return its result and history."""
        try:
            self.run(**kwargs)
        except Exception as e:
&gt;           raise Exception("Error simulating "+self.name+" scenario(s)") from e
E           Exception: Error simulating nominal scenario(s)

fmdtools/sim/propagate.py:482: Exception</failure></testcase><testcase classname="examples.pump.test_pump_example.ImportEE_Tests" name="test_behave_inf_v" time="0.006" /><testcase classname="examples.pump.test_pump_example.ImportEE_Tests" name="test_behave_no_v" time="0.003" /><testcase classname="examples.pump.test_pump_example.ImportEE_Tests" name="test_behave_nom" time="0.003" /><testcase classname="examples.pump.test_pump_example.ImportEE_Tests" name="test_condfaults_hi" time="0.003" /><testcase classname="examples.pump.test_pump_example.ImportEE_Tests" name="test_condfaults_nom" time="0.003" /><testcase classname="examples.pump.test_pump_example.ImportEE_Tests" name="test_initialization" time="0.004" /><testcase classname="examples.pump.test_pump_example.MoveWat_Tests" name="test_condfaults_dynamic" time="0.005"><failure message="NameError: name 'a' is not defined">self = &lt;examples.pump.test_pump_example.MoveWat_Tests testMethod=test_condfaults_dynamic&gt;

    def test_condfaults_dynamic(self):
        """Test that blockage dynamic behavior results in a mech failure after 10 dt."""
        self.move_wat.wat_out.s.area = 0.0001
        for t in range(0, 20):
            self.move_wat.t.time = t
&gt;           self.move_wat.static_behavior()

examples/pump/test_pump_example.py:111: 
_ _ _ _ _ _ _ _ _ _ _ _ _ _ _ _ _ _ _ _ _ _ _ _ _ _ _ _ _ _ _ _ _ _ _ _ _ _ _ _ 

self = ImportWat MoveWat
- t=MoveWatTime(time=0, timers={'pressure_limit': Timer pressure_limit: mode= standby, time= 0.0})
-...e-08, pressure=200.0, area=1.0, level=1.0))
- wat_out=Water(s=(flowrate=6e-08, pressure=200.0, area=0.0001, level=1.0))

    def static_behavior(self):
        """Define how the function will behave with different faults."""
        self.set_faults()
        if self.m.has_fault('short'):
            self.ee_in.s.current = 500*10/5000*self.sig_in.s.power*self.ee_in.s.voltage
            self.s.eff = 0.0
        elif self.m.has_fault('mech_break'):
            self.ee_in.s.current = 0.2*10/5000*self.sig_in.s.power*self.ee_in.s.voltage
            self.s.eff = 0.0
        else:
            self.ee_in.s.current = 10/5000*self.sig_in.s.power * \
                self.ee_in.s.voltage*min(13.0, self.wat_out.s.pressure)
            # if we wanted to enforce nominall eff state, we would include:
            # self.s.eff = 1.0
    
        velocity = self.sig_in.s.power*self.s.eff * \
            min(1000, self.ee_in.s.voltage)*self.wat_in.s.level
        self.wat_out.s.pressure = 10/500 * velocity/self.wat_out.s.area
        self.wat_out.s.flowrate = 0.3/500 * velocity*self.wat_out.s.area
    
        self.wat_in.s.assign(self.wat_out.s, 'pressure', 'flowrate')
&gt;       print(a)
              ^
E       NameError: name 'a' is not defined

examples/pump/ex_pump.py:436: NameError</failure></testcase><testcase classname="examples.pump.test_pump_example.MoveWat_Tests" name="test_initialization" time="0.004" /><testcase classname="examples.pump.test_pump_example.MoveWat_Tests" name="test_nom" time="0.004"><failure message="NameError: name 'a' is not defined">self = &lt;examples.pump.test_pump_example.MoveWat_Tests testMethod=test_nom&gt;

    def test_nom(self):
&gt;       self.move_wat.static_behavior()

examples/pump/test_pump_example.py:100: 
_ _ _ _ _ _ _ _ _ _ _ _ _ _ _ _ _ _ _ _ _ _ _ _ _ _ _ _ _ _ _ _ _ _ _ _ _ _ _ _ 

self = ImportWat MoveWat
- t=MoveWatTime(time=-0.1, timers={'pressure_limit': Timer pressure_limit: mode= standby, time= 0.0}...e=0.0006, pressure=0.02, area=1.0, level=1.0))
- wat_out=Water(s=(flowrate=0.0006, pressure=0.02, area=1.0, level=1.0))

    def static_behavior(self):
        """Define how the function will behave with different faults."""
        self.set_faults()
        if self.m.has_fault('short'):
            self.ee_in.s.current = 500*10/5000*self.sig_in.s.power*self.ee_in.s.voltage
            self.s.eff = 0.0
        elif self.m.has_fault('mech_break'):
            self.ee_in.s.current = 0.2*10/5000*self.sig_in.s.power*self.ee_in.s.voltage
            self.s.eff = 0.0
        else:
            self.ee_in.s.current = 10/5000*self.sig_in.s.power * \
                self.ee_in.s.voltage*min(13.0, self.wat_out.s.pressure)
            # if we wanted to enforce nominall eff state, we would include:
            # self.s.eff = 1.0
    
        velocity = self.sig_in.s.power*self.s.eff * \
            min(1000, self.ee_in.s.voltage)*self.wat_in.s.level
        self.wat_out.s.pressure = 10/500 * velocity/self.wat_out.s.area
        self.wat_out.s.flowrate = 0.3/500 * velocity*self.wat_out.s.area
    
        self.wat_in.s.assign(self.wat_out.s, 'pressure', 'flowrate')
&gt;       print(a)
              ^
E       NameError: name 'a' is not defined

examples/pump/ex_pump.py:436: NameError</failure></testcase><testcase classname="examples.pump.test_pump_example.Integration_Tests" name="test_blockage_results" time="0.035"><failure message="Exception: Error simulating ('export_water', 'block') scenario(s)">self = move_water MoveWat
- t=MoveWatTime(time=0.0, timers={'pressure_limit': Timer pressure_limit: mode= standby, time= 0.0}...(flowrate=0.0, pressure=0.0, area=1.0, level=1.0))
- wat_out=Water(s=(flowrate=0.0, pressure=0.0, area=1.0, level=1.0))
time = 0.0, proptype = 'static-once', faults = [], disturbances = {}
inc_at = '', end_of_simulation = False, copy = False

    def __call__(self, time=None, proptype="both", faults=[], disturbances={},
                 inc_at="all", end_of_simulation=False, copy=False):
        """
        Call the Simulable to propagate behavior at a single time-step.
    
        Parameters
        ----------
        time : float/'end'
            Time at which to simulate the Simulable. Default is None, which uses
            self.t.time. If 'end' is provided, will be simulated until the end of
            the simulation (sp.end_time or sp.end_condition)
        proptype : str
            Type of propagation step to update ('static', 'dynamic', or 'both')
        faults : dict/list
            Faults to inject during this propagation step. (to be injected at time.)
            With structure ['fault1', 'fault2'...]
        disturbances : dict
            Variables to change during this propagation step. (to be injected at time.)
            With structure {'var1': value}
        inc_at : bool
            When to increment the history. If "all", increment at each time the sim
            iterates through. If "time", increment only at t==time.
        end_of_simulation : bool
            Whether this is the end of the simulation (and history should be cut).
        copy : bool
            If true, returns a copy of the model just before fault injection and
            stops simulation
        """
        try:
            if time == 'end':
                time = self.sp.end_time
            start_time, end_time = self.t.get_sim_times(time)
            sim_times = self.sp.get_timerange(start_time, end_time)
            for t in sim_times:
                if t == end_time:
                    if copy:
                        return self.copy()
                    if t != self.t.time:  # faults are only injected if not run yet
                        self.set_vars(**disturbances)
                        self.inject_faults(faults)
                self.t.update_time(t)
                if self.t.executing:
                    self.update_stochastic_states()
                    self.update_dynamic_behaviors(proptype=proptype)
&gt;                   self.update_static_behaviors(proptype=proptype)

fmdtools/define/block/base.py:796: 
_ _ _ _ _ _ _ _ _ _ _ _ _ _ _ _ _ _ _ _ _ _ _ _ _ _ _ _ _ _ _ _ _ _ _ _ _ _ _ _ 
fmdtools/define/block/base.py:728: in update_static_behaviors
    self.execute_static_behaviors()
fmdtools/define/block/base.py:734: in execute_static_behaviors
    self.static_behavior()
_ _ _ _ _ _ _ _ _ _ _ _ _ _ _ _ _ _ _ _ _ _ _ _ _ _ _ _ _ _ _ _ _ _ _ _ _ _ _ _ 

self = move_water MoveWat
- t=MoveWatTime(time=0.0, timers={'pressure_limit': Timer pressure_limit: mode= standby, time= 0.0}...(flowrate=0.0, pressure=0.0, area=1.0, level=1.0))
- wat_out=Water(s=(flowrate=0.0, pressure=0.0, area=1.0, level=1.0))

    def static_behavior(self):
        """Define how the function will behave with different faults."""
        self.set_faults()
        if self.m.has_fault('short'):
            self.ee_in.s.current = 500*10/5000*self.sig_in.s.power*self.ee_in.s.voltage
            self.s.eff = 0.0
        elif self.m.has_fault('mech_break'):
            self.ee_in.s.current = 0.2*10/5000*self.sig_in.s.power*self.ee_in.s.voltage
            self.s.eff = 0.0
        else:
            self.ee_in.s.current = 10/5000*self.sig_in.s.power * \
                self.ee_in.s.voltage*min(13.0, self.wat_out.s.pressure)
            # if we wanted to enforce nominall eff state, we would include:
            # self.s.eff = 1.0
    
        velocity = self.sig_in.s.power*self.s.eff * \
            min(1000, self.ee_in.s.voltage)*self.wat_in.s.level
        self.wat_out.s.pressure = 10/500 * velocity/self.wat_out.s.area
        self.wat_out.s.flowrate = 0.3/500 * velocity*self.wat_out.s.area
    
        self.wat_in.s.assign(self.wat_out.s, 'pressure', 'flowrate')
&gt;       print(a)
              ^
E       NameError: name 'a' is not defined

examples/pump/ex_pump.py:436: NameError

The above exception was the direct cause of the following exception:

self = pump Pump
- t=Time(time=0.0, timers={})
- m=Mode(mode='nominal', faults=set(), sub_faults=False)
FLOWS:
- ee_1=Electri...minal', faults=set(), sub_faults=False))
- export_water=ExportWater(m=(mode='nominal', faults=set(), sub_faults=False))
time = 10.0, proptype = 'both', faults = [], disturbances = {}, inc_at = 'all'
end_of_simulation = False, copy = True

    def __call__(self, time=None, proptype="both", faults=[], disturbances={},
                 inc_at="all", end_of_simulation=False, copy=False):
        """
        Call the Simulable to propagate behavior at a single time-step.
    
        Parameters
        ----------
        time : float/'end'
            Time at which to simulate the Simulable. Default is None, which uses
            self.t.time. If 'end' is provided, will be simulated until the end of
            the simulation (sp.end_time or sp.end_condition)
        proptype : str
            Type of propagation step to update ('static', 'dynamic', or 'both')
        faults : dict/list
            Faults to inject during this propagation step. (to be injected at time.)
            With structure ['fault1', 'fault2'...]
        disturbances : dict
            Variables to change during this propagation step. (to be injected at time.)
            With structure {'var1': value}
        inc_at : bool
            When to increment the history. If "all", increment at each time the sim
            iterates through. If "time", increment only at t==time.
        end_of_simulation : bool
            Whether this is the end of the simulation (and history should be cut).
        copy : bool
            If true, returns a copy of the model just before fault injection and
            stops simulation
        """
        try:
            if time == 'end':
                time = self.sp.end_time
            start_time, end_time = self.t.get_sim_times(time)
            sim_times = self.sp.get_timerange(start_time, end_time)
            for t in sim_times:
                if t == end_time:
                    if copy:
                        return self.copy()
                    if t != self.t.time:  # faults are only injected if not run yet
                        self.set_vars(**disturbances)
                        self.inject_faults(faults)
                self.t.update_time(t)
                if self.t.executing:
                    self.update_stochastic_states()
                    self.update_dynamic_behaviors(proptype=proptype)
&gt;                   self.update_static_behaviors(proptype=proptype)

fmdtools/define/block/base.py:796: 
_ _ _ _ _ _ _ _ _ _ _ _ _ _ _ _ _ _ _ _ _ _ _ _ _ _ _ _ _ _ _ _ _ _ _ _ _ _ _ _ 
fmdtools/define/block/base.py:724: in update_static_behaviors
    self.execute_static_behaviors()
fmdtools/define/block/base.py:732: in execute_static_behaviors
    self.update_arch_behaviors("static")
fmdtools/define/architecture/base.py:163: in update_arch_behaviors
    self.prop_static()
fmdtools/define/architecture/base.py:203: in prop_static
    sim(time=self.t.time, proptype='static-once', inc_at="")
_ _ _ _ _ _ _ _ _ _ _ _ _ _ _ _ _ _ _ _ _ _ _ _ _ _ _ _ _ _ _ _ _ _ _ _ _ _ _ _ 

self = move_water MoveWat
- t=MoveWatTime(time=0.0, timers={'pressure_limit': Timer pressure_limit: mode= standby, time= 0.0}...(flowrate=0.0, pressure=0.0, area=1.0, level=1.0))
- wat_out=Water(s=(flowrate=0.0, pressure=0.0, area=1.0, level=1.0))
time = 0.0, proptype = 'static-once', faults = [], disturbances = {}
inc_at = '', end_of_simulation = False, copy = False

    def __call__(self, time=None, proptype="both", faults=[], disturbances={},
                 inc_at="all", end_of_simulation=False, copy=False):
        """
        Call the Simulable to propagate behavior at a single time-step.
    
        Parameters
        ----------
        time : float/'end'
            Time at which to simulate the Simulable. Default is None, which uses
            self.t.time. If 'end' is provided, will be simulated until the end of
            the simulation (sp.end_time or sp.end_condition)
        proptype : str
            Type of propagation step to update ('static', 'dynamic', or 'both')
        faults : dict/list
            Faults to inject during this propagation step. (to be injected at time.)
            With structure ['fault1', 'fault2'...]
        disturbances : dict
            Variables to change during this propagation step. (to be injected at time.)
            With structure {'var1': value}
        inc_at : bool
            When to increment the history. If "all", increment at each time the sim
            iterates through. If "time", increment only at t==time.
        end_of_simulation : bool
            Whether this is the end of the simulation (and history should be cut).
        copy : bool
            If true, returns a copy of the model just before fault injection and
            stops simulation
        """
        try:
            if time == 'end':
                time = self.sp.end_time
            start_time, end_time = self.t.get_sim_times(time)
            sim_times = self.sp.get_timerange(start_time, end_time)
            for t in sim_times:
                if t == end_time:
                    if copy:
                        return self.copy()
                    if t != self.t.time:  # faults are only injected if not run yet
                        self.set_vars(**disturbances)
                        self.inject_faults(faults)
                self.t.update_time(t)
                if self.t.executing:
                    self.update_stochastic_states()
                    self.update_dynamic_behaviors(proptype=proptype)
                    self.update_static_behaviors(proptype=proptype)
                    self.set_sub_faults()
                    if inc_at == "all" or (inc_at == "time" and t == time):
                        self.inc_sim_time()
                        self.h.log(self, self.t.t_ind, self.t.time)
                    if self.sp.end_condition:
                        if get_var(self, self.sp.end_condition)():
                            break
    
            if end_of_simulation:
                self.cut_hist()
        except Exception as e:
&gt;           raise Exception("Error simulating " + self.name +
                            " of class " + self.__class__.__name__ +
                            " at time=" + str(self.t.time)) from e
E           Exception: Error simulating move_water of class MoveWat at time=0.0

fmdtools/define/block/base.py:808: Exception

The above exception was the direct cause of the following exception:

self = Simulation with SimEvents:
- 10.0=SimEvent(copy=True)
- end=SimEvent(to_return={'faults': None})
kwargs = {}

    def __call__(self, **kwargs):
        """Run the sim, save its results (if needed), return its result and history."""
        try:
&gt;           self.run(**kwargs)

fmdtools/sim/propagate.py:480: 
_ _ _ _ _ _ _ _ _ _ _ _ _ _ _ _ _ _ _ _ _ _ _ _ _ _ _ _ _ _ _ _ _ _ _ _ _ _ _ _ 
fmdtools/sim/propagate.py:632: in run
    simevent.run(self.mdl, scen=self.scen, **kwargs)
fmdtools/sim/propagate.py:395: in run
    self.mdl_copy = mdl(time=self.time, **kwar, copy=True)
                    ^^^^^^^^^^^^^^^^^^^^^^^^^^^^^^^^^^^^^^
_ _ _ _ _ _ _ _ _ _ _ _ _ _ _ _ _ _ _ _ _ _ _ _ _ _ _ _ _ _ _ _ _ _ _ _ _ _ _ _ 

self = pump Pump
- t=Time(time=0.0, timers={})
- m=Mode(mode='nominal', faults=set(), sub_faults=False)
FLOWS:
- ee_1=Electri...minal', faults=set(), sub_faults=False))
- export_water=ExportWater(m=(mode='nominal', faults=set(), sub_faults=False))
time = 10.0, proptype = 'both', faults = [], disturbances = {}, inc_at = 'all'
end_of_simulation = False, copy = True

    def __call__(self, time=None, proptype="both", faults=[], disturbances={},
                 inc_at="all", end_of_simulation=False, copy=False):
        """
        Call the Simulable to propagate behavior at a single time-step.
    
        Parameters
        ----------
        time : float/'end'
            Time at which to simulate the Simulable. Default is None, which uses
            self.t.time. If 'end' is provided, will be simulated until the end of
            the simulation (sp.end_time or sp.end_condition)
        proptype : str
            Type of propagation step to update ('static', 'dynamic', or 'both')
        faults : dict/list
            Faults to inject during this propagation step. (to be injected at time.)
            With structure ['fault1', 'fault2'...]
        disturbances : dict
            Variables to change during this propagation step. (to be injected at time.)
            With structure {'var1': value}
        inc_at : bool
            When to increment the history. If "all", increment at each time the sim
            iterates through. If "time", increment only at t==time.
        end_of_simulation : bool
            Whether this is the end of the simulation (and history should be cut).
        copy : bool
            If true, returns a copy of the model just before fault injection and
            stops simulation
        """
        try:
            if time == 'end':
                time = self.sp.end_time
            start_time, end_time = self.t.get_sim_times(time)
            sim_times = self.sp.get_timerange(start_time, end_time)
            for t in sim_times:
                if t == end_time:
                    if copy:
                        return self.copy()
                    if t != self.t.time:  # faults are only injected if not run yet
                        self.set_vars(**disturbances)
                        self.inject_faults(faults)
                self.t.update_time(t)
                if self.t.executing:
                    self.update_stochastic_states()
                    self.update_dynamic_behaviors(proptype=proptype)
                    self.update_static_behaviors(proptype=proptype)
                    self.set_sub_faults()
                    if inc_at == "all" or (inc_at == "time" and t == time):
                        self.inc_sim_time()
                        self.h.log(self, self.t.t_ind, self.t.time)
                    if self.sp.end_condition:
                        if get_var(self, self.sp.end_condition)():
                            break
    
            if end_of_simulation:
                self.cut_hist()
        except Exception as e:
&gt;           raise Exception("Error simulating " + self.name +
                            " of class " + self.__class__.__name__ +
                            " at time=" + str(self.t.time)) from e
E           Exception: Error simulating pump of class Pump at time=0.0

fmdtools/define/block/base.py:808: Exception

The above exception was the direct cause of the following exception:

self = MultiEventSimulation of
SingleFaultScenario(sequence={10.0: Injection(faults={'export_water': ['block']}, disturbances={})}, times=(10,), function='export_water', fault='block', rate=1e-05, name='export_water_block_t10', time=10, phase='')
kwargs = {}

    def __call__(self, **kwargs):
        """Run the sim, save its results (if needed), return its result and history."""
        try:
&gt;           self.run(**kwargs)

fmdtools/sim/propagate.py:480: 
_ _ _ _ _ _ _ _ _ _ _ _ _ _ _ _ _ _ _ _ _ _ _ _ _ _ _ _ _ _ _ _ _ _ _ _ _ _ _ _ 
fmdtools/sim/propagate.py:1023: in run
    self.run_nom(with_copy=True)
fmdtools/sim/propagate.py:1008: in run_nom
    outs = nomsim(**sim_kwar)
           ^^^^^^^^^^^^^^^^^^
fmdtools/sim/propagate.py:620: in __call__
    res, hist = super().__call__(**kwargs)
                ^^^^^^^^^^^^^^^^^^^^^^^^^^
_ _ _ _ _ _ _ _ _ _ _ _ _ _ _ _ _ _ _ _ _ _ _ _ _ _ _ _ _ _ _ _ _ _ _ _ _ _ _ _ 

self = Simulation with SimEvents:
- 10.0=SimEvent(copy=True)
- end=SimEvent(to_return={'faults': None})
kwargs = {}

    def __call__(self, **kwargs):
        """Run the sim, save its results (if needed), return its result and history."""
        try:
            self.run(**kwargs)
        except Exception as e:
&gt;           raise Exception("Error simulating "+self.name+" scenario(s)") from e
E           Exception: Error simulating nominal scenario(s)

fmdtools/sim/propagate.py:482: Exception

The above exception was the direct cause of the following exception:

self = &lt;examples.pump.test_pump_example.Integration_Tests testMethod=test_blockage_results&gt;

    def test_blockage_results(self):
        """Tests the output of the model when integrated in a faulty scenario."""
&gt;       res, mdlhist = propagate.one_fault(self.mdl, 'export_water', 'block',
                                           time=10, to_return='faults')

examples/pump/test_pump_example.py:151: 
_ _ _ _ _ _ _ _ _ _ _ _ _ _ _ _ _ _ _ _ _ _ _ _ _ _ _ _ _ _ _ _ _ _ _ _ _ _ _ _ 
fmdtools/sim/propagate.py:162: in one_fault
    return sequence(mdl, scen=scen, name=str((fxnname, fault)), **kwargs)
           ^^^^^^^^^^^^^^^^^^^^^^^^^^^^^^^^^^^^^^^^^^^^^^^^^^^^^^^^^^^^^^
fmdtools/sim/propagate.py:222: in sequence
    return sim(**get_sim_call_kwargs(sim, **kwargs))
           ^^^^^^^^^^^^^^^^^^^^^^^^^^^^^^^^^^^^^^^^^
fmdtools/sim/propagate.py:975: in __call__
    rets = super().__call__(**kwargs)
           ^^^^^^^^^^^^^^^^^^^^^^^^^^
_ _ _ _ _ _ _ _ _ _ _ _ _ _ _ _ _ _ _ _ _ _ _ _ _ _ _ _ _ _ _ _ _ _ _ _ _ _ _ _ 

self = MultiEventSimulation of
SingleFaultScenario(sequence={10.0: Injection(faults={'export_water': ['block']}, disturbances={})}, times=(10,), function='export_water', fault='block', rate=1e-05, name='export_water_block_t10', time=10, phase='')
kwargs = {}

    def __call__(self, **kwargs):
        """Run the sim, save its results (if needed), return its result and history."""
        try:
            self.run(**kwargs)
        except Exception as e:
&gt;           raise Exception("Error simulating "+self.name+" scenario(s)") from e
E           Exception: Error simulating ('export_water', 'block') scenario(s)

fmdtools/sim/propagate.py:482: Exception</failure></testcase><testcase classname="examples.pump.test_pump_example.Integration_Tests" name="test_blockage_static" time="0.017"><failure message="Exception: Error simulating pump of class Pump at time=0.0">self = move_water MoveWat
- t=MoveWatTime(time=0.0, timers={'pressure_limit': Timer pressure_limit: mode= standby, time= 0.0}...(flowrate=0.0, pressure=0.0, area=1.0, level=1.0))
- wat_out=Water(s=(flowrate=0.0, pressure=0.0, area=1.0, level=1.0))
time = 0.0, proptype = 'static-once', faults = [], disturbances = {}
inc_at = '', end_of_simulation = False, copy = False

    def __call__(self, time=None, proptype="both", faults=[], disturbances={},
                 inc_at="all", end_of_simulation=False, copy=False):
        """
        Call the Simulable to propagate behavior at a single time-step.
    
        Parameters
        ----------
        time : float/'end'
            Time at which to simulate the Simulable. Default is None, which uses
            self.t.time. If 'end' is provided, will be simulated until the end of
            the simulation (sp.end_time or sp.end_condition)
        proptype : str
            Type of propagation step to update ('static', 'dynamic', or 'both')
        faults : dict/list
            Faults to inject during this propagation step. (to be injected at time.)
            With structure ['fault1', 'fault2'...]
        disturbances : dict
            Variables to change during this propagation step. (to be injected at time.)
            With structure {'var1': value}
        inc_at : bool
            When to increment the history. If "all", increment at each time the sim
            iterates through. If "time", increment only at t==time.
        end_of_simulation : bool
            Whether this is the end of the simulation (and history should be cut).
        copy : bool
            If true, returns a copy of the model just before fault injection and
            stops simulation
        """
        try:
            if time == 'end':
                time = self.sp.end_time
            start_time, end_time = self.t.get_sim_times(time)
            sim_times = self.sp.get_timerange(start_time, end_time)
            for t in sim_times:
                if t == end_time:
                    if copy:
                        return self.copy()
                    if t != self.t.time:  # faults are only injected if not run yet
                        self.set_vars(**disturbances)
                        self.inject_faults(faults)
                self.t.update_time(t)
                if self.t.executing:
                    self.update_stochastic_states()
                    self.update_dynamic_behaviors(proptype=proptype)
&gt;                   self.update_static_behaviors(proptype=proptype)

fmdtools/define/block/base.py:796: 
_ _ _ _ _ _ _ _ _ _ _ _ _ _ _ _ _ _ _ _ _ _ _ _ _ _ _ _ _ _ _ _ _ _ _ _ _ _ _ _ 
fmdtools/define/block/base.py:728: in update_static_behaviors
    self.execute_static_behaviors()
fmdtools/define/block/base.py:734: in execute_static_behaviors
    self.static_behavior()
_ _ _ _ _ _ _ _ _ _ _ _ _ _ _ _ _ _ _ _ _ _ _ _ _ _ _ _ _ _ _ _ _ _ _ _ _ _ _ _ 

self = move_water MoveWat
- t=MoveWatTime(time=0.0, timers={'pressure_limit': Timer pressure_limit: mode= standby, time= 0.0}...(flowrate=0.0, pressure=0.0, area=1.0, level=1.0))
- wat_out=Water(s=(flowrate=0.0, pressure=0.0, area=1.0, level=1.0))

    def static_behavior(self):
        """Define how the function will behave with different faults."""
        self.set_faults()
        if self.m.has_fault('short'):
            self.ee_in.s.current = 500*10/5000*self.sig_in.s.power*self.ee_in.s.voltage
            self.s.eff = 0.0
        elif self.m.has_fault('mech_break'):
            self.ee_in.s.current = 0.2*10/5000*self.sig_in.s.power*self.ee_in.s.voltage
            self.s.eff = 0.0
        else:
            self.ee_in.s.current = 10/5000*self.sig_in.s.power * \
                self.ee_in.s.voltage*min(13.0, self.wat_out.s.pressure)
            # if we wanted to enforce nominall eff state, we would include:
            # self.s.eff = 1.0
    
        velocity = self.sig_in.s.power*self.s.eff * \
            min(1000, self.ee_in.s.voltage)*self.wat_in.s.level
        self.wat_out.s.pressure = 10/500 * velocity/self.wat_out.s.area
        self.wat_out.s.flowrate = 0.3/500 * velocity*self.wat_out.s.area
    
        self.wat_in.s.assign(self.wat_out.s, 'pressure', 'flowrate')
&gt;       print(a)
              ^
E       NameError: name 'a' is not defined

examples/pump/ex_pump.py:436: NameError

The above exception was the direct cause of the following exception:

self = pump Pump
- t=Time(time=0.0, timers={})
- m=Mode(mode='nominal', faults=set(), sub_faults=False)
FLOWS:
- ee_1=Electri...minal', faults=set(), sub_faults=False))
- export_water=ExportWater(m=(mode='nominal', faults=set(), sub_faults=False))
time = 0, proptype = 'both', faults = [], disturbances = {}, inc_at = 'all'
end_of_simulation = False, copy = False

    def __call__(self, time=None, proptype="both", faults=[], disturbances={},
                 inc_at="all", end_of_simulation=False, copy=False):
        """
        Call the Simulable to propagate behavior at a single time-step.
    
        Parameters
        ----------
        time : float/'end'
            Time at which to simulate the Simulable. Default is None, which uses
            self.t.time. If 'end' is provided, will be simulated until the end of
            the simulation (sp.end_time or sp.end_condition)
        proptype : str
            Type of propagation step to update ('static', 'dynamic', or 'both')
        faults : dict/list
            Faults to inject during this propagation step. (to be injected at time.)
            With structure ['fault1', 'fault2'...]
        disturbances : dict
            Variables to change during this propagation step. (to be injected at time.)
            With structure {'var1': value}
        inc_at : bool
            When to increment the history. If "all", increment at each time the sim
            iterates through. If "time", increment only at t==time.
        end_of_simulation : bool
            Whether this is the end of the simulation (and history should be cut).
        copy : bool
            If true, returns a copy of the model just before fault injection and
            stops simulation
        """
        try:
            if time == 'end':
                time = self.sp.end_time
            start_time, end_time = self.t.get_sim_times(time)
            sim_times = self.sp.get_timerange(start_time, end_time)
            for t in sim_times:
                if t == end_time:
                    if copy:
                        return self.copy()
                    if t != self.t.time:  # faults are only injected if not run yet
                        self.set_vars(**disturbances)
                        self.inject_faults(faults)
                self.t.update_time(t)
                if self.t.executing:
                    self.update_stochastic_states()
                    self.update_dynamic_behaviors(proptype=proptype)
&gt;                   self.update_static_behaviors(proptype=proptype)

fmdtools/define/block/base.py:796: 
_ _ _ _ _ _ _ _ _ _ _ _ _ _ _ _ _ _ _ _ _ _ _ _ _ _ _ _ _ _ _ _ _ _ _ _ _ _ _ _ 
fmdtools/define/block/base.py:724: in update_static_behaviors
    self.execute_static_behaviors()
fmdtools/define/block/base.py:732: in execute_static_behaviors
    self.update_arch_behaviors("static")
fmdtools/define/architecture/base.py:163: in update_arch_behaviors
    self.prop_static()
fmdtools/define/architecture/base.py:203: in prop_static
    sim(time=self.t.time, proptype='static-once', inc_at="")
_ _ _ _ _ _ _ _ _ _ _ _ _ _ _ _ _ _ _ _ _ _ _ _ _ _ _ _ _ _ _ _ _ _ _ _ _ _ _ _ 

self = move_water MoveWat
- t=MoveWatTime(time=0.0, timers={'pressure_limit': Timer pressure_limit: mode= standby, time= 0.0}...(flowrate=0.0, pressure=0.0, area=1.0, level=1.0))
- wat_out=Water(s=(flowrate=0.0, pressure=0.0, area=1.0, level=1.0))
time = 0.0, proptype = 'static-once', faults = [], disturbances = {}
inc_at = '', end_of_simulation = False, copy = False

    def __call__(self, time=None, proptype="both", faults=[], disturbances={},
                 inc_at="all", end_of_simulation=False, copy=False):
        """
        Call the Simulable to propagate behavior at a single time-step.
    
        Parameters
        ----------
        time : float/'end'
            Time at which to simulate the Simulable. Default is None, which uses
            self.t.time. If 'end' is provided, will be simulated until the end of
            the simulation (sp.end_time or sp.end_condition)
        proptype : str
            Type of propagation step to update ('static', 'dynamic', or 'both')
        faults : dict/list
            Faults to inject during this propagation step. (to be injected at time.)
            With structure ['fault1', 'fault2'...]
        disturbances : dict
            Variables to change during this propagation step. (to be injected at time.)
            With structure {'var1': value}
        inc_at : bool
            When to increment the history. If "all", increment at each time the sim
            iterates through. If "time", increment only at t==time.
        end_of_simulation : bool
            Whether this is the end of the simulation (and history should be cut).
        copy : bool
            If true, returns a copy of the model just before fault injection and
            stops simulation
        """
        try:
            if time == 'end':
                time = self.sp.end_time
            start_time, end_time = self.t.get_sim_times(time)
            sim_times = self.sp.get_timerange(start_time, end_time)
            for t in sim_times:
                if t == end_time:
                    if copy:
                        return self.copy()
                    if t != self.t.time:  # faults are only injected if not run yet
                        self.set_vars(**disturbances)
                        self.inject_faults(faults)
                self.t.update_time(t)
                if self.t.executing:
                    self.update_stochastic_states()
                    self.update_dynamic_behaviors(proptype=proptype)
                    self.update_static_behaviors(proptype=proptype)
                    self.set_sub_faults()
                    if inc_at == "all" or (inc_at == "time" and t == time):
                        self.inc_sim_time()
                        self.h.log(self, self.t.t_ind, self.t.time)
                    if self.sp.end_condition:
                        if get_var(self, self.sp.end_condition)():
                            break
    
            if end_of_simulation:
                self.cut_hist()
        except Exception as e:
&gt;           raise Exception("Error simulating " + self.name +
                            " of class " + self.__class__.__name__ +
                            " at time=" + str(self.t.time)) from e
E           Exception: Error simulating move_water of class MoveWat at time=0.0

fmdtools/define/block/base.py:808: Exception

The above exception was the direct cause of the following exception:

self = &lt;examples.pump.test_pump_example.Integration_Tests testMethod=test_blockage_static&gt;

    def test_blockage_static(self):
        """
        Check state of the model itself at a particular time-step.
    
        Useful when the model has states which are not recorded.
        """
        for t in range(0, 10):
&gt;           self.mdl(time=t)  # simulate time up until t=10
            ^^^^^^^^^^^^^^^^

examples/pump/test_pump_example.py:194: 
_ _ _ _ _ _ _ _ _ _ _ _ _ _ _ _ _ _ _ _ _ _ _ _ _ _ _ _ _ _ _ _ _ _ _ _ _ _ _ _ 

self = pump Pump
- t=Time(time=0.0, timers={})
- m=Mode(mode='nominal', faults=set(), sub_faults=False)
FLOWS:
- ee_1=Electri...minal', faults=set(), sub_faults=False))
- export_water=ExportWater(m=(mode='nominal', faults=set(), sub_faults=False))
time = 0, proptype = 'both', faults = [], disturbances = {}, inc_at = 'all'
end_of_simulation = False, copy = False

    def __call__(self, time=None, proptype="both", faults=[], disturbances={},
                 inc_at="all", end_of_simulation=False, copy=False):
        """
        Call the Simulable to propagate behavior at a single time-step.
    
        Parameters
        ----------
        time : float/'end'
            Time at which to simulate the Simulable. Default is None, which uses
            self.t.time. If 'end' is provided, will be simulated until the end of
            the simulation (sp.end_time or sp.end_condition)
        proptype : str
            Type of propagation step to update ('static', 'dynamic', or 'both')
        faults : dict/list
            Faults to inject during this propagation step. (to be injected at time.)
            With structure ['fault1', 'fault2'...]
        disturbances : dict
            Variables to change during this propagation step. (to be injected at time.)
            With structure {'var1': value}
        inc_at : bool
            When to increment the history. If "all", increment at each time the sim
            iterates through. If "time", increment only at t==time.
        end_of_simulation : bool
            Whether this is the end of the simulation (and history should be cut).
        copy : bool
            If true, returns a copy of the model just before fault injection and
            stops simulation
        """
        try:
            if time == 'end':
                time = self.sp.end_time
            start_time, end_time = self.t.get_sim_times(time)
            sim_times = self.sp.get_timerange(start_time, end_time)
            for t in sim_times:
                if t == end_time:
                    if copy:
                        return self.copy()
                    if t != self.t.time:  # faults are only injected if not run yet
                        self.set_vars(**disturbances)
                        self.inject_faults(faults)
                self.t.update_time(t)
                if self.t.executing:
                    self.update_stochastic_states()
                    self.update_dynamic_behaviors(proptype=proptype)
                    self.update_static_behaviors(proptype=proptype)
                    self.set_sub_faults()
                    if inc_at == "all" or (inc_at == "time" and t == time):
                        self.inc_sim_time()
                        self.h.log(self, self.t.t_ind, self.t.time)
                    if self.sp.end_condition:
                        if get_var(self, self.sp.end_condition)():
                            break
    
            if end_of_simulation:
                self.cut_hist()
        except Exception as e:
&gt;           raise Exception("Error simulating " + self.name +
                            " of class " + self.__class__.__name__ +
                            " at time=" + str(self.t.time)) from e
E           Exception: Error simulating pump of class Pump at time=0.0

fmdtools/define/block/base.py:808: Exception</failure></testcase><testcase classname="examples.pump.test_pump_example.Integration_Tests" name="test_nominal_results" time="0.017"><failure message="Exception: Error simulating nominal scenario(s)">self = move_water MoveWat
- t=MoveWatTime(time=0.0, timers={'pressure_limit': Timer pressure_limit: mode= standby, time= 0.0}...(flowrate=0.0, pressure=0.0, area=1.0, level=1.0))
- wat_out=Water(s=(flowrate=0.0, pressure=0.0, area=1.0, level=1.0))
time = 0.0, proptype = 'static-once', faults = [], disturbances = {}
inc_at = '', end_of_simulation = False, copy = False

    def __call__(self, time=None, proptype="both", faults=[], disturbances={},
                 inc_at="all", end_of_simulation=False, copy=False):
        """
        Call the Simulable to propagate behavior at a single time-step.
    
        Parameters
        ----------
        time : float/'end'
            Time at which to simulate the Simulable. Default is None, which uses
            self.t.time. If 'end' is provided, will be simulated until the end of
            the simulation (sp.end_time or sp.end_condition)
        proptype : str
            Type of propagation step to update ('static', 'dynamic', or 'both')
        faults : dict/list
            Faults to inject during this propagation step. (to be injected at time.)
            With structure ['fault1', 'fault2'...]
        disturbances : dict
            Variables to change during this propagation step. (to be injected at time.)
            With structure {'var1': value}
        inc_at : bool
            When to increment the history. If "all", increment at each time the sim
            iterates through. If "time", increment only at t==time.
        end_of_simulation : bool
            Whether this is the end of the simulation (and history should be cut).
        copy : bool
            If true, returns a copy of the model just before fault injection and
            stops simulation
        """
        try:
            if time == 'end':
                time = self.sp.end_time
            start_time, end_time = self.t.get_sim_times(time)
            sim_times = self.sp.get_timerange(start_time, end_time)
            for t in sim_times:
                if t == end_time:
                    if copy:
                        return self.copy()
                    if t != self.t.time:  # faults are only injected if not run yet
                        self.set_vars(**disturbances)
                        self.inject_faults(faults)
                self.t.update_time(t)
                if self.t.executing:
                    self.update_stochastic_states()
                    self.update_dynamic_behaviors(proptype=proptype)
&gt;                   self.update_static_behaviors(proptype=proptype)

fmdtools/define/block/base.py:796: 
_ _ _ _ _ _ _ _ _ _ _ _ _ _ _ _ _ _ _ _ _ _ _ _ _ _ _ _ _ _ _ _ _ _ _ _ _ _ _ _ 
fmdtools/define/block/base.py:728: in update_static_behaviors
    self.execute_static_behaviors()
fmdtools/define/block/base.py:734: in execute_static_behaviors
    self.static_behavior()
_ _ _ _ _ _ _ _ _ _ _ _ _ _ _ _ _ _ _ _ _ _ _ _ _ _ _ _ _ _ _ _ _ _ _ _ _ _ _ _ 

self = move_water MoveWat
- t=MoveWatTime(time=0.0, timers={'pressure_limit': Timer pressure_limit: mode= standby, time= 0.0}...(flowrate=0.0, pressure=0.0, area=1.0, level=1.0))
- wat_out=Water(s=(flowrate=0.0, pressure=0.0, area=1.0, level=1.0))

    def static_behavior(self):
        """Define how the function will behave with different faults."""
        self.set_faults()
        if self.m.has_fault('short'):
            self.ee_in.s.current = 500*10/5000*self.sig_in.s.power*self.ee_in.s.voltage
            self.s.eff = 0.0
        elif self.m.has_fault('mech_break'):
            self.ee_in.s.current = 0.2*10/5000*self.sig_in.s.power*self.ee_in.s.voltage
            self.s.eff = 0.0
        else:
            self.ee_in.s.current = 10/5000*self.sig_in.s.power * \
                self.ee_in.s.voltage*min(13.0, self.wat_out.s.pressure)
            # if we wanted to enforce nominall eff state, we would include:
            # self.s.eff = 1.0
    
        velocity = self.sig_in.s.power*self.s.eff * \
            min(1000, self.ee_in.s.voltage)*self.wat_in.s.level
        self.wat_out.s.pressure = 10/500 * velocity/self.wat_out.s.area
        self.wat_out.s.flowrate = 0.3/500 * velocity*self.wat_out.s.area
    
        self.wat_in.s.assign(self.wat_out.s, 'pressure', 'flowrate')
&gt;       print(a)
              ^
E       NameError: name 'a' is not defined

examples/pump/ex_pump.py:436: NameError

The above exception was the direct cause of the following exception:

self = pump Pump
- t=Time(time=0.0, timers={})
- m=Mode(mode='nominal', faults=set(), sub_faults=False)
FLOWS:
- ee_1=Electri...minal', faults=set(), sub_faults=False))
- export_water=ExportWater(m=(mode='nominal', faults=set(), sub_faults=False))
time = 55.0, proptype = 'both', faults = [], disturbances = {}, inc_at = 'all'
end_of_simulation = True, copy = False

    def __call__(self, time=None, proptype="both", faults=[], disturbances={},
                 inc_at="all", end_of_simulation=False, copy=False):
        """
        Call the Simulable to propagate behavior at a single time-step.
    
        Parameters
        ----------
        time : float/'end'
            Time at which to simulate the Simulable. Default is None, which uses
            self.t.time. If 'end' is provided, will be simulated until the end of
            the simulation (sp.end_time or sp.end_condition)
        proptype : str
            Type of propagation step to update ('static', 'dynamic', or 'both')
        faults : dict/list
            Faults to inject during this propagation step. (to be injected at time.)
            With structure ['fault1', 'fault2'...]
        disturbances : dict
            Variables to change during this propagation step. (to be injected at time.)
            With structure {'var1': value}
        inc_at : bool
            When to increment the history. If "all", increment at each time the sim
            iterates through. If "time", increment only at t==time.
        end_of_simulation : bool
            Whether this is the end of the simulation (and history should be cut).
        copy : bool
            If true, returns a copy of the model just before fault injection and
            stops simulation
        """
        try:
            if time == 'end':
                time = self.sp.end_time
            start_time, end_time = self.t.get_sim_times(time)
            sim_times = self.sp.get_timerange(start_time, end_time)
            for t in sim_times:
                if t == end_time:
                    if copy:
                        return self.copy()
                    if t != self.t.time:  # faults are only injected if not run yet
                        self.set_vars(**disturbances)
                        self.inject_faults(faults)
                self.t.update_time(t)
                if self.t.executing:
                    self.update_stochastic_states()
                    self.update_dynamic_behaviors(proptype=proptype)
&gt;                   self.update_static_behaviors(proptype=proptype)

fmdtools/define/block/base.py:796: 
_ _ _ _ _ _ _ _ _ _ _ _ _ _ _ _ _ _ _ _ _ _ _ _ _ _ _ _ _ _ _ _ _ _ _ _ _ _ _ _ 
fmdtools/define/block/base.py:724: in update_static_behaviors
    self.execute_static_behaviors()
fmdtools/define/block/base.py:732: in execute_static_behaviors
    self.update_arch_behaviors("static")
fmdtools/define/architecture/base.py:163: in update_arch_behaviors
    self.prop_static()
fmdtools/define/architecture/base.py:203: in prop_static
    sim(time=self.t.time, proptype='static-once', inc_at="")
_ _ _ _ _ _ _ _ _ _ _ _ _ _ _ _ _ _ _ _ _ _ _ _ _ _ _ _ _ _ _ _ _ _ _ _ _ _ _ _ 

self = move_water MoveWat
- t=MoveWatTime(time=0.0, timers={'pressure_limit': Timer pressure_limit: mode= standby, time= 0.0}...(flowrate=0.0, pressure=0.0, area=1.0, level=1.0))
- wat_out=Water(s=(flowrate=0.0, pressure=0.0, area=1.0, level=1.0))
time = 0.0, proptype = 'static-once', faults = [], disturbances = {}
inc_at = '', end_of_simulation = False, copy = False

    def __call__(self, time=None, proptype="both", faults=[], disturbances={},
                 inc_at="all", end_of_simulation=False, copy=False):
        """
        Call the Simulable to propagate behavior at a single time-step.
    
        Parameters
        ----------
        time : float/'end'
            Time at which to simulate the Simulable. Default is None, which uses
            self.t.time. If 'end' is provided, will be simulated until the end of
            the simulation (sp.end_time or sp.end_condition)
        proptype : str
            Type of propagation step to update ('static', 'dynamic', or 'both')
        faults : dict/list
            Faults to inject during this propagation step. (to be injected at time.)
            With structure ['fault1', 'fault2'...]
        disturbances : dict
            Variables to change during this propagation step. (to be injected at time.)
            With structure {'var1': value}
        inc_at : bool
            When to increment the history. If "all", increment at each time the sim
            iterates through. If "time", increment only at t==time.
        end_of_simulation : bool
            Whether this is the end of the simulation (and history should be cut).
        copy : bool
            If true, returns a copy of the model just before fault injection and
            stops simulation
        """
        try:
            if time == 'end':
                time = self.sp.end_time
            start_time, end_time = self.t.get_sim_times(time)
            sim_times = self.sp.get_timerange(start_time, end_time)
            for t in sim_times:
                if t == end_time:
                    if copy:
                        return self.copy()
                    if t != self.t.time:  # faults are only injected if not run yet
                        self.set_vars(**disturbances)
                        self.inject_faults(faults)
                self.t.update_time(t)
                if self.t.executing:
                    self.update_stochastic_states()
                    self.update_dynamic_behaviors(proptype=proptype)
                    self.update_static_behaviors(proptype=proptype)
                    self.set_sub_faults()
                    if inc_at == "all" or (inc_at == "time" and t == time):
                        self.inc_sim_time()
                        self.h.log(self, self.t.t_ind, self.t.time)
                    if self.sp.end_condition:
                        if get_var(self, self.sp.end_condition)():
                            break
    
            if end_of_simulation:
                self.cut_hist()
        except Exception as e:
&gt;           raise Exception("Error simulating " + self.name +
                            " of class " + self.__class__.__name__ +
                            " at time=" + str(self.t.time)) from e
E           Exception: Error simulating move_water of class MoveWat at time=0.0

fmdtools/define/block/base.py:808: Exception

The above exception was the direct cause of the following exception:

self = Simulation with SimEvents:
- end=SimEvent(to_return={'classify': None})
kwargs = {}

    def __call__(self, **kwargs):
        """Run the sim, save its results (if needed), return its result and history."""
        try:
&gt;           self.run(**kwargs)

fmdtools/sim/propagate.py:480: 
_ _ _ _ _ _ _ _ _ _ _ _ _ _ _ _ _ _ _ _ _ _ _ _ _ _ _ _ _ _ _ _ _ _ _ _ _ _ _ _ 
fmdtools/sim/propagate.py:632: in run
    simevent.run(self.mdl, scen=self.scen, **kwargs)
fmdtools/sim/propagate.py:397: in run
    mdl(time=self.time, **kwar)
_ _ _ _ _ _ _ _ _ _ _ _ _ _ _ _ _ _ _ _ _ _ _ _ _ _ _ _ _ _ _ _ _ _ _ _ _ _ _ _ 

self = pump Pump
- t=Time(time=0.0, timers={})
- m=Mode(mode='nominal', faults=set(), sub_faults=False)
FLOWS:
- ee_1=Electri...minal', faults=set(), sub_faults=False))
- export_water=ExportWater(m=(mode='nominal', faults=set(), sub_faults=False))
time = 55.0, proptype = 'both', faults = [], disturbances = {}, inc_at = 'all'
end_of_simulation = True, copy = False

    def __call__(self, time=None, proptype="both", faults=[], disturbances={},
                 inc_at="all", end_of_simulation=False, copy=False):
        """
        Call the Simulable to propagate behavior at a single time-step.
    
        Parameters
        ----------
        time : float/'end'
            Time at which to simulate the Simulable. Default is None, which uses
            self.t.time. If 'end' is provided, will be simulated until the end of
            the simulation (sp.end_time or sp.end_condition)
        proptype : str
            Type of propagation step to update ('static', 'dynamic', or 'both')
        faults : dict/list
            Faults to inject during this propagation step. (to be injected at time.)
            With structure ['fault1', 'fault2'...]
        disturbances : dict
            Variables to change during this propagation step. (to be injected at time.)
            With structure {'var1': value}
        inc_at : bool
            When to increment the history. If "all", increment at each time the sim
            iterates through. If "time", increment only at t==time.
        end_of_simulation : bool
            Whether this is the end of the simulation (and history should be cut).
        copy : bool
            If true, returns a copy of the model just before fault injection and
            stops simulation
        """
        try:
            if time == 'end':
                time = self.sp.end_time
            start_time, end_time = self.t.get_sim_times(time)
            sim_times = self.sp.get_timerange(start_time, end_time)
            for t in sim_times:
                if t == end_time:
                    if copy:
                        return self.copy()
                    if t != self.t.time:  # faults are only injected if not run yet
                        self.set_vars(**disturbances)
                        self.inject_faults(faults)
                self.t.update_time(t)
                if self.t.executing:
                    self.update_stochastic_states()
                    self.update_dynamic_behaviors(proptype=proptype)
                    self.update_static_behaviors(proptype=proptype)
                    self.set_sub_faults()
                    if inc_at == "all" or (inc_at == "time" and t == time):
                        self.inc_sim_time()
                        self.h.log(self, self.t.t_ind, self.t.time)
                    if self.sp.end_condition:
                        if get_var(self, self.sp.end_condition)():
                            break
    
            if end_of_simulation:
                self.cut_hist()
        except Exception as e:
&gt;           raise Exception("Error simulating " + self.name +
                            " of class " + self.__class__.__name__ +
                            " at time=" + str(self.t.time)) from e
E           Exception: Error simulating pump of class Pump at time=0.0

fmdtools/define/block/base.py:808: Exception

The above exception was the direct cause of the following exception:

self = &lt;examples.pump.test_pump_example.Integration_Tests testMethod=test_nominal_results&gt;

    def test_nominal_results(self):
        """Tests the output of the model when integrated in the nominal scenario"""
&gt;       endresult, mdlhist = propagate.nominal(self.mdl, protect=False)
                             ^^^^^^^^^^^^^^^^^^^^^^^^^^^^^^^^^^^^^^^^^^

examples/pump/test_pump_example.py:130: 
_ _ _ _ _ _ _ _ _ _ _ _ _ _ _ _ _ _ _ _ _ _ _ _ _ _ _ _ _ _ _ _ _ _ _ _ _ _ _ _ 
fmdtools/sim/propagate.py:92: in nominal
    return sim(**get_sim_call_kwargs(sim, **kwargs))
           ^^^^^^^^^^^^^^^^^^^^^^^^^^^^^^^^^^^^^^^^^
fmdtools/sim/propagate.py:620: in __call__
    res, hist = super().__call__(**kwargs)
                ^^^^^^^^^^^^^^^^^^^^^^^^^^
_ _ _ _ _ _ _ _ _ _ _ _ _ _ _ _ _ _ _ _ _ _ _ _ _ _ _ _ _ _ _ _ _ _ _ _ _ _ _ _ 

self = Simulation with SimEvents:
- end=SimEvent(to_return={'classify': None})
kwargs = {}

    def __call__(self, **kwargs):
        """Run the sim, save its results (if needed), return its result and history."""
        try:
            self.run(**kwargs)
        except Exception as e:
&gt;           raise Exception("Error simulating "+self.name+" scenario(s)") from e
E           Exception: Error simulating nominal scenario(s)

fmdtools/sim/propagate.py:482: Exception</failure></testcase><testcase classname="examples.pump.test_pump_stochastic.StochasticPumpTests" name="test_mdl_pickle" time="74.878" /><testcase classname="examples.pump.test_pump_stochastic.StochasticPumpTests" name="test_model_copy_different" time="0.042"><failure message="Exception: Error simulating pump of class Pump at time=0.0">self = move_water MoveWat
- t=MoveWatTime(time=0.0, timers={'pressure_limit': Timer pressure_limit: mode= standby, time= 0.0}...(flowrate=0.0, pressure=0.0, area=1.0, level=1.0))
- wat_out=Water(s=(flowrate=0.0, pressure=0.0, area=1.0, level=1.0))
time = 0.0, proptype = 'static-once', faults = [], disturbances = {}
inc_at = '', end_of_simulation = False, copy = False

    def __call__(self, time=None, proptype="both", faults=[], disturbances={},
                 inc_at="all", end_of_simulation=False, copy=False):
        """
        Call the Simulable to propagate behavior at a single time-step.
    
        Parameters
        ----------
        time : float/'end'
            Time at which to simulate the Simulable. Default is None, which uses
            self.t.time. If 'end' is provided, will be simulated until the end of
            the simulation (sp.end_time or sp.end_condition)
        proptype : str
            Type of propagation step to update ('static', 'dynamic', or 'both')
        faults : dict/list
            Faults to inject during this propagation step. (to be injected at time.)
            With structure ['fault1', 'fault2'...]
        disturbances : dict
            Variables to change during this propagation step. (to be injected at time.)
            With structure {'var1': value}
        inc_at : bool
            When to increment the history. If "all", increment at each time the sim
            iterates through. If "time", increment only at t==time.
        end_of_simulation : bool
            Whether this is the end of the simulation (and history should be cut).
        copy : bool
            If true, returns a copy of the model just before fault injection and
            stops simulation
        """
        try:
            if time == 'end':
                time = self.sp.end_time
            start_time, end_time = self.t.get_sim_times(time)
            sim_times = self.sp.get_timerange(start_time, end_time)
            for t in sim_times:
                if t == end_time:
                    if copy:
                        return self.copy()
                    if t != self.t.time:  # faults are only injected if not run yet
                        self.set_vars(**disturbances)
                        self.inject_faults(faults)
                self.t.update_time(t)
                if self.t.executing:
                    self.update_stochastic_states()
                    self.update_dynamic_behaviors(proptype=proptype)
&gt;                   self.update_static_behaviors(proptype=proptype)

fmdtools/define/block/base.py:796: 
_ _ _ _ _ _ _ _ _ _ _ _ _ _ _ _ _ _ _ _ _ _ _ _ _ _ _ _ _ _ _ _ _ _ _ _ _ _ _ _ 
fmdtools/define/block/base.py:728: in update_static_behaviors
    self.execute_static_behaviors()
fmdtools/define/block/base.py:734: in execute_static_behaviors
    self.static_behavior()
examples/pump/pump_stochastic.py:116: in static_behavior
    super().static_behavior()
_ _ _ _ _ _ _ _ _ _ _ _ _ _ _ _ _ _ _ _ _ _ _ _ _ _ _ _ _ _ _ _ _ _ _ _ _ _ _ _ 

self = move_water MoveWat
- t=MoveWatTime(time=0.0, timers={'pressure_limit': Timer pressure_limit: mode= standby, time= 0.0}...(flowrate=0.0, pressure=0.0, area=1.0, level=1.0))
- wat_out=Water(s=(flowrate=0.0, pressure=0.0, area=1.0, level=1.0))

    def static_behavior(self):
        """Define how the function will behave with different faults."""
        self.set_faults()
        if self.m.has_fault('short'):
            self.ee_in.s.current = 500*10/5000*self.sig_in.s.power*self.ee_in.s.voltage
            self.s.eff = 0.0
        elif self.m.has_fault('mech_break'):
            self.ee_in.s.current = 0.2*10/5000*self.sig_in.s.power*self.ee_in.s.voltage
            self.s.eff = 0.0
        else:
            self.ee_in.s.current = 10/5000*self.sig_in.s.power * \
                self.ee_in.s.voltage*min(13.0, self.wat_out.s.pressure)
            # if we wanted to enforce nominall eff state, we would include:
            # self.s.eff = 1.0
    
        velocity = self.sig_in.s.power*self.s.eff * \
            min(1000, self.ee_in.s.voltage)*self.wat_in.s.level
        self.wat_out.s.pressure = 10/500 * velocity/self.wat_out.s.area
        self.wat_out.s.flowrate = 0.3/500 * velocity*self.wat_out.s.area
    
        self.wat_in.s.assign(self.wat_out.s, 'pressure', 'flowrate')
&gt;       print(a)
              ^
E       NameError: name 'a' is not defined

examples/pump/ex_pump.py:436: NameError

The above exception was the direct cause of the following exception:

self = pump Pump
- t=Time(time=0.0, timers={})
- m=Mode(mode='nominal', faults=set(), sub_faults=False)
- r=Rand(seed=42)
FLO...minal', faults=set(), sub_faults=False))
- export_water=ExportWater(m=(mode='nominal', faults=set(), sub_faults=False))
time = 0, proptype = 'both', faults = [], disturbances = {}, inc_at = 'all'
end_of_simulation = False, copy = False

    def __call__(self, time=None, proptype="both", faults=[], disturbances={},
                 inc_at="all", end_of_simulation=False, copy=False):
        """
        Call the Simulable to propagate behavior at a single time-step.
    
        Parameters
        ----------
        time : float/'end'
            Time at which to simulate the Simulable. Default is None, which uses
            self.t.time. If 'end' is provided, will be simulated until the end of
            the simulation (sp.end_time or sp.end_condition)
        proptype : str
            Type of propagation step to update ('static', 'dynamic', or 'both')
        faults : dict/list
            Faults to inject during this propagation step. (to be injected at time.)
            With structure ['fault1', 'fault2'...]
        disturbances : dict
            Variables to change during this propagation step. (to be injected at time.)
            With structure {'var1': value}
        inc_at : bool
            When to increment the history. If "all", increment at each time the sim
            iterates through. If "time", increment only at t==time.
        end_of_simulation : bool
            Whether this is the end of the simulation (and history should be cut).
        copy : bool
            If true, returns a copy of the model just before fault injection and
            stops simulation
        """
        try:
            if time == 'end':
                time = self.sp.end_time
            start_time, end_time = self.t.get_sim_times(time)
            sim_times = self.sp.get_timerange(start_time, end_time)
            for t in sim_times:
                if t == end_time:
                    if copy:
                        return self.copy()
                    if t != self.t.time:  # faults are only injected if not run yet
                        self.set_vars(**disturbances)
                        self.inject_faults(faults)
                self.t.update_time(t)
                if self.t.executing:
                    self.update_stochastic_states()
                    self.update_dynamic_behaviors(proptype=proptype)
&gt;                   self.update_static_behaviors(proptype=proptype)

fmdtools/define/block/base.py:796: 
_ _ _ _ _ _ _ _ _ _ _ _ _ _ _ _ _ _ _ _ _ _ _ _ _ _ _ _ _ _ _ _ _ _ _ _ _ _ _ _ 
fmdtools/define/block/base.py:724: in update_static_behaviors
    self.execute_static_behaviors()
fmdtools/define/block/base.py:732: in execute_static_behaviors
    self.update_arch_behaviors("static")
fmdtools/define/architecture/base.py:163: in update_arch_behaviors
    self.prop_static()
fmdtools/define/architecture/base.py:203: in prop_static
    sim(time=self.t.time, proptype='static-once', inc_at="")
_ _ _ _ _ _ _ _ _ _ _ _ _ _ _ _ _ _ _ _ _ _ _ _ _ _ _ _ _ _ _ _ _ _ _ _ _ _ _ _ 

self = move_water MoveWat
- t=MoveWatTime(time=0.0, timers={'pressure_limit': Timer pressure_limit: mode= standby, time= 0.0}...(flowrate=0.0, pressure=0.0, area=1.0, level=1.0))
- wat_out=Water(s=(flowrate=0.0, pressure=0.0, area=1.0, level=1.0))
time = 0.0, proptype = 'static-once', faults = [], disturbances = {}
inc_at = '', end_of_simulation = False, copy = False

    def __call__(self, time=None, proptype="both", faults=[], disturbances={},
                 inc_at="all", end_of_simulation=False, copy=False):
        """
        Call the Simulable to propagate behavior at a single time-step.
    
        Parameters
        ----------
        time : float/'end'
            Time at which to simulate the Simulable. Default is None, which uses
            self.t.time. If 'end' is provided, will be simulated until the end of
            the simulation (sp.end_time or sp.end_condition)
        proptype : str
            Type of propagation step to update ('static', 'dynamic', or 'both')
        faults : dict/list
            Faults to inject during this propagation step. (to be injected at time.)
            With structure ['fault1', 'fault2'...]
        disturbances : dict
            Variables to change during this propagation step. (to be injected at time.)
            With structure {'var1': value}
        inc_at : bool
            When to increment the history. If "all", increment at each time the sim
            iterates through. If "time", increment only at t==time.
        end_of_simulation : bool
            Whether this is the end of the simulation (and history should be cut).
        copy : bool
            If true, returns a copy of the model just before fault injection and
            stops simulation
        """
        try:
            if time == 'end':
                time = self.sp.end_time
            start_time, end_time = self.t.get_sim_times(time)
            sim_times = self.sp.get_timerange(start_time, end_time)
            for t in sim_times:
                if t == end_time:
                    if copy:
                        return self.copy()
                    if t != self.t.time:  # faults are only injected if not run yet
                        self.set_vars(**disturbances)
                        self.inject_faults(faults)
                self.t.update_time(t)
                if self.t.executing:
                    self.update_stochastic_states()
                    self.update_dynamic_behaviors(proptype=proptype)
                    self.update_static_behaviors(proptype=proptype)
                    self.set_sub_faults()
                    if inc_at == "all" or (inc_at == "time" and t == time):
                        self.inc_sim_time()
                        self.h.log(self, self.t.t_ind, self.t.time)
                    if self.sp.end_condition:
                        if get_var(self, self.sp.end_condition)():
                            break
    
            if end_of_simulation:
                self.cut_hist()
        except Exception as e:
&gt;           raise Exception("Error simulating " + self.name +
                            " of class " + self.__class__.__name__ +
                            " at time=" + str(self.t.time)) from e
E           Exception: Error simulating move_water of class MoveWat at time=0.0

fmdtools/define/block/base.py:808: Exception

The above exception was the direct cause of the following exception:

self = &lt;examples.pump.test_pump_stochastic.StochasticPumpTests testMethod=test_model_copy_different&gt;

    def test_model_copy_different(self):
&gt;       self.check_model_copy_different(self.mdl, [10, 20, 30], max_time=55)

examples/pump/test_pump_stochastic.py:110: 
_ _ _ _ _ _ _ _ _ _ _ _ _ _ _ _ _ _ _ _ _ _ _ _ _ _ _ _ _ _ _ _ _ _ _ _ _ _ _ _ 
tests/common.py:186: in check_model_copy_different
    mdlc(time=t)
_ _ _ _ _ _ _ _ _ _ _ _ _ _ _ _ _ _ _ _ _ _ _ _ _ _ _ _ _ _ _ _ _ _ _ _ _ _ _ _ 

self = pump Pump
- t=Time(time=0.0, timers={})
- m=Mode(mode='nominal', faults=set(), sub_faults=False)
- r=Rand(seed=42)
FLO...minal', faults=set(), sub_faults=False))
- export_water=ExportWater(m=(mode='nominal', faults=set(), sub_faults=False))
time = 0, proptype = 'both', faults = [], disturbances = {}, inc_at = 'all'
end_of_simulation = False, copy = False

    def __call__(self, time=None, proptype="both", faults=[], disturbances={},
                 inc_at="all", end_of_simulation=False, copy=False):
        """
        Call the Simulable to propagate behavior at a single time-step.
    
        Parameters
        ----------
        time : float/'end'
            Time at which to simulate the Simulable. Default is None, which uses
            self.t.time. If 'end' is provided, will be simulated until the end of
            the simulation (sp.end_time or sp.end_condition)
        proptype : str
            Type of propagation step to update ('static', 'dynamic', or 'both')
        faults : dict/list
            Faults to inject during this propagation step. (to be injected at time.)
            With structure ['fault1', 'fault2'...]
        disturbances : dict
            Variables to change during this propagation step. (to be injected at time.)
            With structure {'var1': value}
        inc_at : bool
            When to increment the history. If "all", increment at each time the sim
            iterates through. If "time", increment only at t==time.
        end_of_simulation : bool
            Whether this is the end of the simulation (and history should be cut).
        copy : bool
            If true, returns a copy of the model just before fault injection and
            stops simulation
        """
        try:
            if time == 'end':
                time = self.sp.end_time
            start_time, end_time = self.t.get_sim_times(time)
            sim_times = self.sp.get_timerange(start_time, end_time)
            for t in sim_times:
                if t == end_time:
                    if copy:
                        return self.copy()
                    if t != self.t.time:  # faults are only injected if not run yet
                        self.set_vars(**disturbances)
                        self.inject_faults(faults)
                self.t.update_time(t)
                if self.t.executing:
                    self.update_stochastic_states()
                    self.update_dynamic_behaviors(proptype=proptype)
                    self.update_static_behaviors(proptype=proptype)
                    self.set_sub_faults()
                    if inc_at == "all" or (inc_at == "time" and t == time):
                        self.inc_sim_time()
                        self.h.log(self, self.t.t_ind, self.t.time)
                    if self.sp.end_condition:
                        if get_var(self, self.sp.end_condition)():
                            break
    
            if end_of_simulation:
                self.cut_hist()
        except Exception as e:
&gt;           raise Exception("Error simulating " + self.name +
                            " of class " + self.__class__.__name__ +
                            " at time=" + str(self.t.time)) from e
E           Exception: Error simulating pump of class Pump at time=0.0

fmdtools/define/block/base.py:808: Exception</failure></testcase><testcase classname="examples.pump.test_pump_stochastic.StochasticPumpTests" name="test_model_copy_same" time="0.107"><failure message="Exception: Error simulating pump of class Pump at time=0.0">self = move_water MoveWat
- t=MoveWatTime(time=0.0, timers={'pressure_limit': Timer pressure_limit: mode= standby, time= 0.0}...(flowrate=0.0, pressure=0.0, area=1.0, level=1.0))
- wat_out=Water(s=(flowrate=0.0, pressure=0.0, area=1.0, level=1.0))
time = 0.0, proptype = 'static-once', faults = [], disturbances = {}
inc_at = '', end_of_simulation = False, copy = False

    def __call__(self, time=None, proptype="both", faults=[], disturbances={},
                 inc_at="all", end_of_simulation=False, copy=False):
        """
        Call the Simulable to propagate behavior at a single time-step.
    
        Parameters
        ----------
        time : float/'end'
            Time at which to simulate the Simulable. Default is None, which uses
            self.t.time. If 'end' is provided, will be simulated until the end of
            the simulation (sp.end_time or sp.end_condition)
        proptype : str
            Type of propagation step to update ('static', 'dynamic', or 'both')
        faults : dict/list
            Faults to inject during this propagation step. (to be injected at time.)
            With structure ['fault1', 'fault2'...]
        disturbances : dict
            Variables to change during this propagation step. (to be injected at time.)
            With structure {'var1': value}
        inc_at : bool
            When to increment the history. If "all", increment at each time the sim
            iterates through. If "time", increment only at t==time.
        end_of_simulation : bool
            Whether this is the end of the simulation (and history should be cut).
        copy : bool
            If true, returns a copy of the model just before fault injection and
            stops simulation
        """
        try:
            if time == 'end':
                time = self.sp.end_time
            start_time, end_time = self.t.get_sim_times(time)
            sim_times = self.sp.get_timerange(start_time, end_time)
            for t in sim_times:
                if t == end_time:
                    if copy:
                        return self.copy()
                    if t != self.t.time:  # faults are only injected if not run yet
                        self.set_vars(**disturbances)
                        self.inject_faults(faults)
                self.t.update_time(t)
                if self.t.executing:
                    self.update_stochastic_states()
                    self.update_dynamic_behaviors(proptype=proptype)
&gt;                   self.update_static_behaviors(proptype=proptype)

fmdtools/define/block/base.py:796: 
_ _ _ _ _ _ _ _ _ _ _ _ _ _ _ _ _ _ _ _ _ _ _ _ _ _ _ _ _ _ _ _ _ _ _ _ _ _ _ _ 
fmdtools/define/block/base.py:728: in update_static_behaviors
    self.execute_static_behaviors()
fmdtools/define/block/base.py:734: in execute_static_behaviors
    self.static_behavior()
examples/pump/pump_stochastic.py:116: in static_behavior
    super().static_behavior()
_ _ _ _ _ _ _ _ _ _ _ _ _ _ _ _ _ _ _ _ _ _ _ _ _ _ _ _ _ _ _ _ _ _ _ _ _ _ _ _ 

self = move_water MoveWat
- t=MoveWatTime(time=0.0, timers={'pressure_limit': Timer pressure_limit: mode= standby, time= 0.0}...(flowrate=0.0, pressure=0.0, area=1.0, level=1.0))
- wat_out=Water(s=(flowrate=0.0, pressure=0.0, area=1.0, level=1.0))

    def static_behavior(self):
        """Define how the function will behave with different faults."""
        self.set_faults()
        if self.m.has_fault('short'):
            self.ee_in.s.current = 500*10/5000*self.sig_in.s.power*self.ee_in.s.voltage
            self.s.eff = 0.0
        elif self.m.has_fault('mech_break'):
            self.ee_in.s.current = 0.2*10/5000*self.sig_in.s.power*self.ee_in.s.voltage
            self.s.eff = 0.0
        else:
            self.ee_in.s.current = 10/5000*self.sig_in.s.power * \
                self.ee_in.s.voltage*min(13.0, self.wat_out.s.pressure)
            # if we wanted to enforce nominall eff state, we would include:
            # self.s.eff = 1.0
    
        velocity = self.sig_in.s.power*self.s.eff * \
            min(1000, self.ee_in.s.voltage)*self.wat_in.s.level
        self.wat_out.s.pressure = 10/500 * velocity/self.wat_out.s.area
        self.wat_out.s.flowrate = 0.3/500 * velocity*self.wat_out.s.area
    
        self.wat_in.s.assign(self.wat_out.s, 'pressure', 'flowrate')
&gt;       print(a)
              ^
E       NameError: name 'a' is not defined

examples/pump/ex_pump.py:436: NameError

The above exception was the direct cause of the following exception:

self = pump Pump
- t=Time(time=0.0, timers={})
- m=Mode(mode='nominal', faults=set(), sub_faults=False)
- r=Rand(seed=42)
FLO...minal', faults=set(), sub_faults=False))
- export_water=ExportWater(m=(mode='nominal', faults=set(), sub_faults=False))
time = 0, proptype = 'both', faults = {}, disturbances = {}, inc_at = 'all'
end_of_simulation = False, copy = False

    def __call__(self, time=None, proptype="both", faults=[], disturbances={},
                 inc_at="all", end_of_simulation=False, copy=False):
        """
        Call the Simulable to propagate behavior at a single time-step.
    
        Parameters
        ----------
        time : float/'end'
            Time at which to simulate the Simulable. Default is None, which uses
            self.t.time. If 'end' is provided, will be simulated until the end of
            the simulation (sp.end_time or sp.end_condition)
        proptype : str
            Type of propagation step to update ('static', 'dynamic', or 'both')
        faults : dict/list
            Faults to inject during this propagation step. (to be injected at time.)
            With structure ['fault1', 'fault2'...]
        disturbances : dict
            Variables to change during this propagation step. (to be injected at time.)
            With structure {'var1': value}
        inc_at : bool
            When to increment the history. If "all", increment at each time the sim
            iterates through. If "time", increment only at t==time.
        end_of_simulation : bool
            Whether this is the end of the simulation (and history should be cut).
        copy : bool
            If true, returns a copy of the model just before fault injection and
            stops simulation
        """
        try:
            if time == 'end':
                time = self.sp.end_time
            start_time, end_time = self.t.get_sim_times(time)
            sim_times = self.sp.get_timerange(start_time, end_time)
            for t in sim_times:
                if t == end_time:
                    if copy:
                        return self.copy()
                    if t != self.t.time:  # faults are only injected if not run yet
                        self.set_vars(**disturbances)
                        self.inject_faults(faults)
                self.t.update_time(t)
                if self.t.executing:
                    self.update_stochastic_states()
                    self.update_dynamic_behaviors(proptype=proptype)
&gt;                   self.update_static_behaviors(proptype=proptype)

fmdtools/define/block/base.py:796: 
_ _ _ _ _ _ _ _ _ _ _ _ _ _ _ _ _ _ _ _ _ _ _ _ _ _ _ _ _ _ _ _ _ _ _ _ _ _ _ _ 
fmdtools/define/block/base.py:724: in update_static_behaviors
    self.execute_static_behaviors()
fmdtools/define/block/base.py:732: in execute_static_behaviors
    self.update_arch_behaviors("static")
fmdtools/define/architecture/base.py:163: in update_arch_behaviors
    self.prop_static()
fmdtools/define/architecture/base.py:203: in prop_static
    sim(time=self.t.time, proptype='static-once', inc_at="")
_ _ _ _ _ _ _ _ _ _ _ _ _ _ _ _ _ _ _ _ _ _ _ _ _ _ _ _ _ _ _ _ _ _ _ _ _ _ _ _ 

self = move_water MoveWat
- t=MoveWatTime(time=0.0, timers={'pressure_limit': Timer pressure_limit: mode= standby, time= 0.0}...(flowrate=0.0, pressure=0.0, area=1.0, level=1.0))
- wat_out=Water(s=(flowrate=0.0, pressure=0.0, area=1.0, level=1.0))
time = 0.0, proptype = 'static-once', faults = [], disturbances = {}
inc_at = '', end_of_simulation = False, copy = False

    def __call__(self, time=None, proptype="both", faults=[], disturbances={},
                 inc_at="all", end_of_simulation=False, copy=False):
        """
        Call the Simulable to propagate behavior at a single time-step.
    
        Parameters
        ----------
        time : float/'end'
            Time at which to simulate the Simulable. Default is None, which uses
            self.t.time. If 'end' is provided, will be simulated until the end of
            the simulation (sp.end_time or sp.end_condition)
        proptype : str
            Type of propagation step to update ('static', 'dynamic', or 'both')
        faults : dict/list
            Faults to inject during this propagation step. (to be injected at time.)
            With structure ['fault1', 'fault2'...]
        disturbances : dict
            Variables to change during this propagation step. (to be injected at time.)
            With structure {'var1': value}
        inc_at : bool
            When to increment the history. If "all", increment at each time the sim
            iterates through. If "time", increment only at t==time.
        end_of_simulation : bool
            Whether this is the end of the simulation (and history should be cut).
        copy : bool
            If true, returns a copy of the model just before fault injection and
            stops simulation
        """
        try:
            if time == 'end':
                time = self.sp.end_time
            start_time, end_time = self.t.get_sim_times(time)
            sim_times = self.sp.get_timerange(start_time, end_time)
            for t in sim_times:
                if t == end_time:
                    if copy:
                        return self.copy()
                    if t != self.t.time:  # faults are only injected if not run yet
                        self.set_vars(**disturbances)
                        self.inject_faults(faults)
                self.t.update_time(t)
                if self.t.executing:
                    self.update_stochastic_states()
                    self.update_dynamic_behaviors(proptype=proptype)
                    self.update_static_behaviors(proptype=proptype)
                    self.set_sub_faults()
                    if inc_at == "all" or (inc_at == "time" and t == time):
                        self.inc_sim_time()
                        self.h.log(self, self.t.t_ind, self.t.time)
                    if self.sp.end_condition:
                        if get_var(self, self.sp.end_condition)():
                            break
    
            if end_of_simulation:
                self.cut_hist()
        except Exception as e:
&gt;           raise Exception("Error simulating " + self.name +
                            " of class " + self.__class__.__name__ +
                            " at time=" + str(self.t.time)) from e
E           Exception: Error simulating move_water of class MoveWat at time=0.0

fmdtools/define/block/base.py:808: Exception

The above exception was the direct cause of the following exception:

self = &lt;examples.pump.test_pump_stochastic.StochasticPumpTests testMethod=test_model_copy_same&gt;

    def test_model_copy_same(self):
&gt;       self.check_model_copy_same(self.mdl, Pump(sp=dict(run_stochastic=True)),
                                   [10, 20, 30], 25, max_time=55)

examples/pump/test_pump_stochastic.py:106: 
_ _ _ _ _ _ _ _ _ _ _ _ _ _ _ _ _ _ _ _ _ _ _ _ _ _ _ _ _ _ _ _ _ _ _ _ _ _ _ _ 
tests/common.py:63: in check_model_copy_same
    mdla(time=t, faults=scen)
_ _ _ _ _ _ _ _ _ _ _ _ _ _ _ _ _ _ _ _ _ _ _ _ _ _ _ _ _ _ _ _ _ _ _ _ _ _ _ _ 

self = pump Pump
- t=Time(time=0.0, timers={})
- m=Mode(mode='nominal', faults=set(), sub_faults=False)
- r=Rand(seed=42)
FLO...minal', faults=set(), sub_faults=False))
- export_water=ExportWater(m=(mode='nominal', faults=set(), sub_faults=False))
time = 0, proptype = 'both', faults = {}, disturbances = {}, inc_at = 'all'
end_of_simulation = False, copy = False

    def __call__(self, time=None, proptype="both", faults=[], disturbances={},
                 inc_at="all", end_of_simulation=False, copy=False):
        """
        Call the Simulable to propagate behavior at a single time-step.
    
        Parameters
        ----------
        time : float/'end'
            Time at which to simulate the Simulable. Default is None, which uses
            self.t.time. If 'end' is provided, will be simulated until the end of
            the simulation (sp.end_time or sp.end_condition)
        proptype : str
            Type of propagation step to update ('static', 'dynamic', or 'both')
        faults : dict/list
            Faults to inject during this propagation step. (to be injected at time.)
            With structure ['fault1', 'fault2'...]
        disturbances : dict
            Variables to change during this propagation step. (to be injected at time.)
            With structure {'var1': value}
        inc_at : bool
            When to increment the history. If "all", increment at each time the sim
            iterates through. If "time", increment only at t==time.
        end_of_simulation : bool
            Whether this is the end of the simulation (and history should be cut).
        copy : bool
            If true, returns a copy of the model just before fault injection and
            stops simulation
        """
        try:
            if time == 'end':
                time = self.sp.end_time
            start_time, end_time = self.t.get_sim_times(time)
            sim_times = self.sp.get_timerange(start_time, end_time)
            for t in sim_times:
                if t == end_time:
                    if copy:
                        return self.copy()
                    if t != self.t.time:  # faults are only injected if not run yet
                        self.set_vars(**disturbances)
                        self.inject_faults(faults)
                self.t.update_time(t)
                if self.t.executing:
                    self.update_stochastic_states()
                    self.update_dynamic_behaviors(proptype=proptype)
                    self.update_static_behaviors(proptype=proptype)
                    self.set_sub_faults()
                    if inc_at == "all" or (inc_at == "time" and t == time):
                        self.inc_sim_time()
                        self.h.log(self, self.t.t_ind, self.t.time)
                    if self.sp.end_condition:
                        if get_var(self, self.sp.end_condition)():
                            break
    
            if end_of_simulation:
                self.cut_hist()
        except Exception as e:
&gt;           raise Exception("Error simulating " + self.name +
                            " of class " + self.__class__.__name__ +
                            " at time=" + str(self.t.time)) from e
E           Exception: Error simulating pump of class Pump at time=0.0

fmdtools/define/block/base.py:808: Exception</failure></testcase><testcase classname="examples.pump.test_pump_stochastic.StochasticPumpTests" name="test_model_reset" time="0.001"><skipped type="pytest.skip" message="Reset not fully implemented yet and unused throughout.">/home/bamboo/bamboo-agent-home/xml-data/build-dir/RAD-TEST-UVF/fmdtools/examples/pump/test_pump_stochastic.py:112: Reset not fully implemented yet and unused throughout.</skipped></testcase><testcase classname="examples.pump.test_pump_stochastic.StochasticPumpTests" name="test_model_set_vars" time="0.036" /><testcase classname="examples.pump.test_pump_stochastic.StochasticPumpTests" name="test_nested_sample_isave" time="0.163"><failure message="Exception: Error simulating nested sample scenario(s)">multiprocessing.pool.RemoteTraceback: 
"""
Traceback (most recent call last):
  File "/home/bamboo/bamboo-agent-home/xml-data/build-dir/RAD-TEST-UVF/fmdtools/fmdtools/define/block/base.py", line 796, in __call__
    self.update_static_behaviors(proptype=proptype)
  File "/home/bamboo/bamboo-agent-home/xml-data/build-dir/RAD-TEST-UVF/fmdtools/fmdtools/define/block/base.py", line 728, in update_static_behaviors
    self.execute_static_behaviors()
  File "/home/bamboo/bamboo-agent-home/xml-data/build-dir/RAD-TEST-UVF/fmdtools/fmdtools/define/block/base.py", line 734, in execute_static_behaviors
    self.static_behavior()
  File "/home/bamboo/bamboo-agent-home/xml-data/build-dir/RAD-TEST-UVF/fmdtools/examples/pump/pump_stochastic.py", line 116, in static_behavior
    super().static_behavior()
  File "/home/bamboo/bamboo-agent-home/xml-data/build-dir/RAD-TEST-UVF/fmdtools/examples/pump/ex_pump.py", line 436, in static_behavior
    print(a)
          ^
NameError: name 'a' is not defined

The above exception was the direct cause of the following exception:

Traceback (most recent call last):
  File "/home/bamboo/bamboo-agent-home/xml-data/build-dir/RAD-TEST-UVF/fmdtools/fmdtools/define/block/base.py", line 796, in __call__
    self.update_static_behaviors(proptype=proptype)
  File "/home/bamboo/bamboo-agent-home/xml-data/build-dir/RAD-TEST-UVF/fmdtools/fmdtools/define/block/base.py", line 724, in update_static_behaviors
    self.execute_static_behaviors()
  File "/home/bamboo/bamboo-agent-home/xml-data/build-dir/RAD-TEST-UVF/fmdtools/fmdtools/define/block/base.py", line 732, in execute_static_behaviors
    self.update_arch_behaviors("static")
  File "/home/bamboo/bamboo-agent-home/xml-data/build-dir/RAD-TEST-UVF/fmdtools/fmdtools/define/architecture/base.py", line 163, in update_arch_behaviors
    self.prop_static()
  File "/home/bamboo/bamboo-agent-home/xml-data/build-dir/RAD-TEST-UVF/fmdtools/fmdtools/define/architecture/base.py", line 203, in prop_static
    sim(time=self.t.time, proptype='static-once', inc_at="")
  File "/home/bamboo/bamboo-agent-home/xml-data/build-dir/RAD-TEST-UVF/fmdtools/fmdtools/define/block/base.py", line 808, in __call__
    raise Exception("Error simulating " + self.name +
Exception: Error simulating move_water of class MoveWat at time=0.0

The above exception was the direct cause of the following exception:

Traceback (most recent call last):
  File "/home/bamboo/bamboo-agent-home/xml-data/build-dir/RAD-TEST-UVF/fmdtools/fmdtools/sim/propagate.py", line 480, in __call__
    self.run(**kwargs)
  File "/home/bamboo/bamboo-agent-home/xml-data/build-dir/RAD-TEST-UVF/fmdtools/fmdtools/sim/propagate.py", line 632, in run
    simevent.run(self.mdl, scen=self.scen, **kwargs)
  File "/home/bamboo/bamboo-agent-home/xml-data/build-dir/RAD-TEST-UVF/fmdtools/fmdtools/sim/propagate.py", line 397, in run
    mdl(time=self.time, **kwar)
  File "/home/bamboo/bamboo-agent-home/xml-data/build-dir/RAD-TEST-UVF/fmdtools/fmdtools/define/block/base.py", line 808, in __call__
    raise Exception("Error simulating " + self.name +
Exception: Error simulating pump of class Pump at time=0.0

The above exception was the direct cause of the following exception:

Traceback (most recent call last):
  File "/home/bamboo/bamboo-agent-home/xml-data/build-dir/RAD-TEST-UVF/fmdtools/fmdtools/sim/propagate.py", line 480, in __call__
    self.run(**kwargs)
  File "/home/bamboo/bamboo-agent-home/xml-data/build-dir/RAD-TEST-UVF/fmdtools/fmdtools/sim/propagate.py", line 1019, in run
    self.run_nom(gen_samp=True, **kwargs)
  File "/home/bamboo/bamboo-agent-home/xml-data/build-dir/RAD-TEST-UVF/fmdtools/fmdtools/sim/propagate.py", line 1008, in run_nom
    outs = nomsim(**sim_kwar)
           ^^^^^^^^^^^^^^^^^^
  File "/home/bamboo/bamboo-agent-home/xml-data/build-dir/RAD-TEST-UVF/fmdtools/fmdtools/sim/propagate.py", line 620, in __call__
    res, hist = super().__call__(**kwargs)
                ^^^^^^^^^^^^^^^^^^^^^^^^^^
  File "/home/bamboo/bamboo-agent-home/xml-data/build-dir/RAD-TEST-UVF/fmdtools/fmdtools/sim/propagate.py", line 482, in __call__
    raise Exception("Error simulating "+self.name+" scenario(s)") from e
Exception: Error simulating nominal scenario(s)

The above exception was the direct cause of the following exception:

Traceback (most recent call last):
  File "/home/bamboo/.local/share/uv/python/cpython-3.11.11-linux-x86_64-gnu/lib/python3.11/multiprocessing/pool.py", line 125, in worker
    result = (True, func(*args, **kwds))
                    ^^^^^^^^^^^^^^^^^^^
  File "/home/bamboo/bamboo-agent-home/xml-data/build-dir/RAD-TEST-UVF/fmdtools/fmdtools/sim/propagate.py", line 1052, in exec_fault_sim
    return sim(**args[1])
           ^^^^^^^^^^^^^^
  File "/home/bamboo/bamboo-agent-home/xml-data/build-dir/RAD-TEST-UVF/fmdtools/fmdtools/sim/propagate.py", line 975, in __call__
    rets = super().__call__(**kwargs)
           ^^^^^^^^^^^^^^^^^^^^^^^^^^
  File "/home/bamboo/bamboo-agent-home/xml-data/build-dir/RAD-TEST-UVF/fmdtools/fmdtools/sim/propagate.py", line 482, in __call__
    raise Exception("Error simulating "+self.name+" scenario(s)") from e
Exception: Error simulating rep0_var_0 scenario(s)
"""

The above exception was the direct cause of the following exception:

self = NestedSimulation of
ParameterSample of scenarios:
 - rep0_var_0
 - rep1_var_1
 - rep2_var_2
 - rep3_var_3
 - rep4_var_...7_var_7
 - rep8_var_8
 - rep9_var_9
 over 
SampleApproach({'fd': (('all',), {})},
{'fs': (('fault_phases', 'fd'), {})})
kwargs = {}

    def __call__(self, **kwargs):
        """Run the sim, save its results (if needed), return its result and history."""
        try:
&gt;           self.run(**kwargs)

fmdtools/sim/propagate.py:480: 
_ _ _ _ _ _ _ _ _ _ _ _ _ _ _ _ _ _ _ _ _ _ _ _ _ _ _ _ _ _ _ _ _ _ _ _ _ _ _ _ 
fmdtools/sim/propagate.py:831: in run
    res_list = list(tqdm.tqdm(runner(inputs),
../fmdtools-full/lib/python3.11/site-packages/tqdm/std.py:1169: in __iter__
    for obj in iterable:
_ _ _ _ _ _ _ _ _ _ _ _ _ _ _ _ _ _ _ _ _ _ _ _ _ _ _ _ _ _ _ _ _ _ _ _ _ _ _ _ 

self = &lt;multiprocessing.pool.IMapIterator object at 0x7fdc23863250&gt;
timeout = None

    def next(self, timeout=None):
        with self._cond:
            try:
                item = self._items.popleft()
            except IndexError:
                if self._index == self._length:
                    self._pool = None
                    raise StopIteration from None
                self._cond.wait(timeout)
                try:
                    item = self._items.popleft()
                except IndexError:
                    if self._index == self._length:
                        self._pool = None
                        raise StopIteration from None
                    raise TimeoutError from None
    
        success, value = item
        if success:
            return value
&gt;       raise value
E       Exception: Error simulating rep0_var_0 scenario(s)

/home/bamboo/.local/share/uv/python/cpython-3.11.11-linux-x86_64-gnu/lib/python3.11/multiprocessing/pool.py:873: Exception

The above exception was the direct cause of the following exception:

self = &lt;examples.pump.test_pump_stochastic.StochasticPumpTests testMethod=test_nested_sample_isave&gt;

    def test_nested_sample_isave(self):
        ps = ParameterSample()
        ps.add_variable_replicates([], replicates=10)
        faultdomains = {'fd': (('all', ), {})}
        faultsamples = {'fs': (('fault_phases', 'fd'), {})}
        fnames = ("spump_res", "spump_hist")
&gt;       self.check_ns_isave(self.mdl, ps, faultdomains, faultsamples, *fnames, "npz", pool=mp.Pool(4))

examples/pump/test_pump_stochastic.py:152: 
_ _ _ _ _ _ _ _ _ _ _ _ _ _ _ _ _ _ _ _ _ _ _ _ _ _ _ _ _ _ _ _ _ _ _ _ _ _ _ _ 
tests/common.py:475: in check_ns_isave
    res, hist, apps = prop.nested_sample(mdl, ps, **loc_kwargs)
                      ^^^^^^^^^^^^^^^^^^^^^^^^^^^^^^^^^^^^^^^^^
fmdtools/sim/propagate.py:312: in nested_sample
    res, hist = sim(**get_sim_call_kwargs(sim, **kwargs))
                ^^^^^^^^^^^^^^^^^^^^^^^^^^^^^^^^^^^^^^^^^
_ _ _ _ _ _ _ _ _ _ _ _ _ _ _ _ _ _ _ _ _ _ _ _ _ _ _ _ _ _ _ _ _ _ _ _ _ _ _ _ 

self = NestedSimulation of
ParameterSample of scenarios:
 - rep0_var_0
 - rep1_var_1
 - rep2_var_2
 - rep3_var_3
 - rep4_var_...7_var_7
 - rep8_var_8
 - rep9_var_9
 over 
SampleApproach({'fd': (('all',), {})},
{'fs': (('fault_phases', 'fd'), {})})
kwargs = {}

    def __call__(self, **kwargs):
        """Run the sim, save its results (if needed), return its result and history."""
        try:
            self.run(**kwargs)
        except Exception as e:
&gt;           raise Exception("Error simulating "+self.name+" scenario(s)") from e
E           Exception: Error simulating nested sample scenario(s)

fmdtools/sim/propagate.py:482: Exception</failure></testcase><testcase classname="examples.pump.test_pump_stochastic.StochasticPumpTests" name="test_nested_sample_save" time="0.141"><failure message="Exception: Error simulating nested sample scenario(s)">multiprocessing.pool.RemoteTraceback: 
"""
Traceback (most recent call last):
  File "/home/bamboo/bamboo-agent-home/xml-data/build-dir/RAD-TEST-UVF/fmdtools/fmdtools/define/block/base.py", line 796, in __call__
    self.update_static_behaviors(proptype=proptype)
  File "/home/bamboo/bamboo-agent-home/xml-data/build-dir/RAD-TEST-UVF/fmdtools/fmdtools/define/block/base.py", line 728, in update_static_behaviors
    self.execute_static_behaviors()
  File "/home/bamboo/bamboo-agent-home/xml-data/build-dir/RAD-TEST-UVF/fmdtools/fmdtools/define/block/base.py", line 734, in execute_static_behaviors
    self.static_behavior()
  File "/home/bamboo/bamboo-agent-home/xml-data/build-dir/RAD-TEST-UVF/fmdtools/examples/pump/pump_stochastic.py", line 116, in static_behavior
    super().static_behavior()
  File "/home/bamboo/bamboo-agent-home/xml-data/build-dir/RAD-TEST-UVF/fmdtools/examples/pump/ex_pump.py", line 436, in static_behavior
    print(a)
          ^
NameError: name 'a' is not defined

The above exception was the direct cause of the following exception:

Traceback (most recent call last):
  File "/home/bamboo/bamboo-agent-home/xml-data/build-dir/RAD-TEST-UVF/fmdtools/fmdtools/define/block/base.py", line 796, in __call__
    self.update_static_behaviors(proptype=proptype)
  File "/home/bamboo/bamboo-agent-home/xml-data/build-dir/RAD-TEST-UVF/fmdtools/fmdtools/define/block/base.py", line 724, in update_static_behaviors
    self.execute_static_behaviors()
  File "/home/bamboo/bamboo-agent-home/xml-data/build-dir/RAD-TEST-UVF/fmdtools/fmdtools/define/block/base.py", line 732, in execute_static_behaviors
    self.update_arch_behaviors("static")
  File "/home/bamboo/bamboo-agent-home/xml-data/build-dir/RAD-TEST-UVF/fmdtools/fmdtools/define/architecture/base.py", line 163, in update_arch_behaviors
    self.prop_static()
  File "/home/bamboo/bamboo-agent-home/xml-data/build-dir/RAD-TEST-UVF/fmdtools/fmdtools/define/architecture/base.py", line 203, in prop_static
    sim(time=self.t.time, proptype='static-once', inc_at="")
  File "/home/bamboo/bamboo-agent-home/xml-data/build-dir/RAD-TEST-UVF/fmdtools/fmdtools/define/block/base.py", line 808, in __call__
    raise Exception("Error simulating " + self.name +
Exception: Error simulating move_water of class MoveWat at time=0.0

The above exception was the direct cause of the following exception:

Traceback (most recent call last):
  File "/home/bamboo/bamboo-agent-home/xml-data/build-dir/RAD-TEST-UVF/fmdtools/fmdtools/sim/propagate.py", line 480, in __call__
    self.run(**kwargs)
  File "/home/bamboo/bamboo-agent-home/xml-data/build-dir/RAD-TEST-UVF/fmdtools/fmdtools/sim/propagate.py", line 632, in run
    simevent.run(self.mdl, scen=self.scen, **kwargs)
  File "/home/bamboo/bamboo-agent-home/xml-data/build-dir/RAD-TEST-UVF/fmdtools/fmdtools/sim/propagate.py", line 397, in run
    mdl(time=self.time, **kwar)
  File "/home/bamboo/bamboo-agent-home/xml-data/build-dir/RAD-TEST-UVF/fmdtools/fmdtools/define/block/base.py", line 808, in __call__
    raise Exception("Error simulating " + self.name +
Exception: Error simulating pump of class Pump at time=0.0

The above exception was the direct cause of the following exception:

Traceback (most recent call last):
  File "/home/bamboo/bamboo-agent-home/xml-data/build-dir/RAD-TEST-UVF/fmdtools/fmdtools/sim/propagate.py", line 480, in __call__
    self.run(**kwargs)
  File "/home/bamboo/bamboo-agent-home/xml-data/build-dir/RAD-TEST-UVF/fmdtools/fmdtools/sim/propagate.py", line 1019, in run
    self.run_nom(gen_samp=True, **kwargs)
  File "/home/bamboo/bamboo-agent-home/xml-data/build-dir/RAD-TEST-UVF/fmdtools/fmdtools/sim/propagate.py", line 1008, in run_nom
    outs = nomsim(**sim_kwar)
           ^^^^^^^^^^^^^^^^^^
  File "/home/bamboo/bamboo-agent-home/xml-data/build-dir/RAD-TEST-UVF/fmdtools/fmdtools/sim/propagate.py", line 620, in __call__
    res, hist = super().__call__(**kwargs)
                ^^^^^^^^^^^^^^^^^^^^^^^^^^
  File "/home/bamboo/bamboo-agent-home/xml-data/build-dir/RAD-TEST-UVF/fmdtools/fmdtools/sim/propagate.py", line 482, in __call__
    raise Exception("Error simulating "+self.name+" scenario(s)") from e
Exception: Error simulating nominal scenario(s)

The above exception was the direct cause of the following exception:

Traceback (most recent call last):
  File "/home/bamboo/.local/share/uv/python/cpython-3.11.11-linux-x86_64-gnu/lib/python3.11/multiprocessing/pool.py", line 125, in worker
    result = (True, func(*args, **kwds))
                    ^^^^^^^^^^^^^^^^^^^
  File "/home/bamboo/bamboo-agent-home/xml-data/build-dir/RAD-TEST-UVF/fmdtools/fmdtools/sim/propagate.py", line 1052, in exec_fault_sim
    return sim(**args[1])
           ^^^^^^^^^^^^^^
  File "/home/bamboo/bamboo-agent-home/xml-data/build-dir/RAD-TEST-UVF/fmdtools/fmdtools/sim/propagate.py", line 975, in __call__
    rets = super().__call__(**kwargs)
           ^^^^^^^^^^^^^^^^^^^^^^^^^^
  File "/home/bamboo/bamboo-agent-home/xml-data/build-dir/RAD-TEST-UVF/fmdtools/fmdtools/sim/propagate.py", line 482, in __call__
    raise Exception("Error simulating "+self.name+" scenario(s)") from e
Exception: Error simulating rep0_var_0 scenario(s)
"""

The above exception was the direct cause of the following exception:

self = NestedSimulation of
ParameterSample of scenarios:
 - rep0_var_0
 - rep1_var_1
 - rep2_var_2
 - rep3_var_3
 - rep4_var_...7_var_7
 - rep8_var_8
 - rep9_var_9
 over 
SampleApproach({'fd': (('all',), {})},
{'fs': (('fault_phases', 'fd'), {})})
kwargs = {}

    def __call__(self, **kwargs):
        """Run the sim, save its results (if needed), return its result and history."""
        try:
&gt;           self.run(**kwargs)

fmdtools/sim/propagate.py:480: 
_ _ _ _ _ _ _ _ _ _ _ _ _ _ _ _ _ _ _ _ _ _ _ _ _ _ _ _ _ _ _ _ _ _ _ _ _ _ _ _ 
fmdtools/sim/propagate.py:831: in run
    res_list = list(tqdm.tqdm(runner(inputs),
../fmdtools-full/lib/python3.11/site-packages/tqdm/std.py:1169: in __iter__
    for obj in iterable:
_ _ _ _ _ _ _ _ _ _ _ _ _ _ _ _ _ _ _ _ _ _ _ _ _ _ _ _ _ _ _ _ _ _ _ _ _ _ _ _ 

self = &lt;multiprocessing.pool.IMapIterator object at 0x7fdc21b72390&gt;
timeout = None

    def next(self, timeout=None):
        with self._cond:
            try:
                item = self._items.popleft()
            except IndexError:
                if self._index == self._length:
                    self._pool = None
                    raise StopIteration from None
                self._cond.wait(timeout)
                try:
                    item = self._items.popleft()
                except IndexError:
                    if self._index == self._length:
                        self._pool = None
                        raise StopIteration from None
                    raise TimeoutError from None
    
        success, value = item
        if success:
            return value
&gt;       raise value
E       Exception: Error simulating rep0_var_0 scenario(s)

/home/bamboo/.local/share/uv/python/cpython-3.11.11-linux-x86_64-gnu/lib/python3.11/multiprocessing/pool.py:873: Exception

The above exception was the direct cause of the following exception:

self = &lt;examples.pump.test_pump_stochastic.StochasticPumpTests testMethod=test_nested_sample_save&gt;

    def test_nested_sample_save(self):
        ps = ParameterSample()
        ps.add_variable_replicates([], replicates=10)
        faultdomains = {'fd': (('all', ), {})}
        faultsamples = {'fs': (('fault_phases', 'fd'), {})}
&gt;       self.check_ns_save(self.mdl, ps, faultdomains, faultsamples, "spump_res.npz", "spump_hist.npz", pool=mp.Pool(4))

examples/pump/test_pump_stochastic.py:142: 
_ _ _ _ _ _ _ _ _ _ _ _ _ _ _ _ _ _ _ _ _ _ _ _ _ _ _ _ _ _ _ _ _ _ _ _ _ _ _ _ 
tests/common.py:415: in check_ns_save
    res, hist, apps = prop.nested_sample(mdl, ps, **loc_kwargs)
                      ^^^^^^^^^^^^^^^^^^^^^^^^^^^^^^^^^^^^^^^^^
fmdtools/sim/propagate.py:312: in nested_sample
    res, hist = sim(**get_sim_call_kwargs(sim, **kwargs))
                ^^^^^^^^^^^^^^^^^^^^^^^^^^^^^^^^^^^^^^^^^
_ _ _ _ _ _ _ _ _ _ _ _ _ _ _ _ _ _ _ _ _ _ _ _ _ _ _ _ _ _ _ _ _ _ _ _ _ _ _ _ 

self = NestedSimulation of
ParameterSample of scenarios:
 - rep0_var_0
 - rep1_var_1
 - rep2_var_2
 - rep3_var_3
 - rep4_var_...7_var_7
 - rep8_var_8
 - rep9_var_9
 over 
SampleApproach({'fd': (('all',), {})},
{'fs': (('fault_phases', 'fd'), {})})
kwargs = {}

    def __call__(self, **kwargs):
        """Run the sim, save its results (if needed), return its result and history."""
        try:
            self.run(**kwargs)
        except Exception as e:
&gt;           raise Exception("Error simulating "+self.name+" scenario(s)") from e
E           Exception: Error simulating nested sample scenario(s)

fmdtools/sim/propagate.py:482: Exception</failure></testcase><testcase classname="examples.pump.test_pump_stochastic.StochasticPumpTests" name="test_param_sample_isave" time="0.093"><failure message="Exception: Error simulating parameter sample scenario(s)">multiprocessing.pool.RemoteTraceback: 
"""
Traceback (most recent call last):
  File "/home/bamboo/bamboo-agent-home/xml-data/build-dir/RAD-TEST-UVF/fmdtools/fmdtools/define/block/base.py", line 796, in __call__
    self.update_static_behaviors(proptype=proptype)
  File "/home/bamboo/bamboo-agent-home/xml-data/build-dir/RAD-TEST-UVF/fmdtools/fmdtools/define/block/base.py", line 728, in update_static_behaviors
    self.execute_static_behaviors()
  File "/home/bamboo/bamboo-agent-home/xml-data/build-dir/RAD-TEST-UVF/fmdtools/fmdtools/define/block/base.py", line 734, in execute_static_behaviors
    self.static_behavior()
  File "/home/bamboo/bamboo-agent-home/xml-data/build-dir/RAD-TEST-UVF/fmdtools/examples/pump/pump_stochastic.py", line 116, in static_behavior
    super().static_behavior()
  File "/home/bamboo/bamboo-agent-home/xml-data/build-dir/RAD-TEST-UVF/fmdtools/examples/pump/ex_pump.py", line 436, in static_behavior
    print(a)
          ^
NameError: name 'a' is not defined

The above exception was the direct cause of the following exception:

Traceback (most recent call last):
  File "/home/bamboo/bamboo-agent-home/xml-data/build-dir/RAD-TEST-UVF/fmdtools/fmdtools/define/block/base.py", line 796, in __call__
    self.update_static_behaviors(proptype=proptype)
  File "/home/bamboo/bamboo-agent-home/xml-data/build-dir/RAD-TEST-UVF/fmdtools/fmdtools/define/block/base.py", line 724, in update_static_behaviors
    self.execute_static_behaviors()
  File "/home/bamboo/bamboo-agent-home/xml-data/build-dir/RAD-TEST-UVF/fmdtools/fmdtools/define/block/base.py", line 732, in execute_static_behaviors
    self.update_arch_behaviors("static")
  File "/home/bamboo/bamboo-agent-home/xml-data/build-dir/RAD-TEST-UVF/fmdtools/fmdtools/define/architecture/base.py", line 163, in update_arch_behaviors
    self.prop_static()
  File "/home/bamboo/bamboo-agent-home/xml-data/build-dir/RAD-TEST-UVF/fmdtools/fmdtools/define/architecture/base.py", line 203, in prop_static
    sim(time=self.t.time, proptype='static-once', inc_at="")
  File "/home/bamboo/bamboo-agent-home/xml-data/build-dir/RAD-TEST-UVF/fmdtools/fmdtools/define/block/base.py", line 808, in __call__
    raise Exception("Error simulating " + self.name +
Exception: Error simulating move_water of class MoveWat at time=0.0

The above exception was the direct cause of the following exception:

Traceback (most recent call last):
  File "/home/bamboo/bamboo-agent-home/xml-data/build-dir/RAD-TEST-UVF/fmdtools/fmdtools/sim/propagate.py", line 480, in __call__
    self.run(**kwargs)
  File "/home/bamboo/bamboo-agent-home/xml-data/build-dir/RAD-TEST-UVF/fmdtools/fmdtools/sim/propagate.py", line 632, in run
    simevent.run(self.mdl, scen=self.scen, **kwargs)
  File "/home/bamboo/bamboo-agent-home/xml-data/build-dir/RAD-TEST-UVF/fmdtools/fmdtools/sim/propagate.py", line 397, in run
    mdl(time=self.time, **kwar)
  File "/home/bamboo/bamboo-agent-home/xml-data/build-dir/RAD-TEST-UVF/fmdtools/fmdtools/define/block/base.py", line 808, in __call__
    raise Exception("Error simulating " + self.name +
Exception: Error simulating pump of class Pump at time=0.0

The above exception was the direct cause of the following exception:

Traceback (most recent call last):
  File "/home/bamboo/.local/share/uv/python/cpython-3.11.11-linux-x86_64-gnu/lib/python3.11/multiprocessing/pool.py", line 125, in worker
    result = (True, func(*args, **kwds))
                    ^^^^^^^^^^^^^^^^^^^
  File "/home/bamboo/bamboo-agent-home/xml-data/build-dir/RAD-TEST-UVF/fmdtools/fmdtools/sim/propagate.py", line 682, in exec_sim
    return sim()
           ^^^^^
  File "/home/bamboo/bamboo-agent-home/xml-data/build-dir/RAD-TEST-UVF/fmdtools/fmdtools/sim/propagate.py", line 620, in __call__
    res, hist = super().__call__(**kwargs)
                ^^^^^^^^^^^^^^^^^^^^^^^^^^
  File "/home/bamboo/bamboo-agent-home/xml-data/build-dir/RAD-TEST-UVF/fmdtools/fmdtools/sim/propagate.py", line 482, in __call__
    raise Exception("Error simulating "+self.name+" scenario(s)") from e
Exception: Error simulating rep0_var_0 scenario(s)
"""

The above exception was the direct cause of the following exception:

self = MultiSimulation of
ParameterSample of scenarios:
 - rep0_var_0
 - rep1_var_1
 - rep2_var_2
 - rep3_var_3
 - rep4_var_4
 - rep5_var_5
 - rep6_var_6
 - rep7_var_7
 - rep8_var_8
 - rep9_var_9
kwargs = {}

    def __call__(self, **kwargs):
        """Run the sim, save its results (if needed), return its result and history."""
        try:
&gt;           self.run(**kwargs)

fmdtools/sim/propagate.py:480: 
_ _ _ _ _ _ _ _ _ _ _ _ _ _ _ _ _ _ _ _ _ _ _ _ _ _ _ _ _ _ _ _ _ _ _ _ _ _ _ _ 
fmdtools/sim/propagate.py:831: in run
    res_list = list(tqdm.tqdm(runner(inputs),
../fmdtools-full/lib/python3.11/site-packages/tqdm/std.py:1169: in __iter__
    for obj in iterable:
_ _ _ _ _ _ _ _ _ _ _ _ _ _ _ _ _ _ _ _ _ _ _ _ _ _ _ _ _ _ _ _ _ _ _ _ _ _ _ _ 

self = &lt;multiprocessing.pool.IMapIterator object at 0x7fdc234cb410&gt;
timeout = None

    def next(self, timeout=None):
        with self._cond:
            try:
                item = self._items.popleft()
            except IndexError:
                if self._index == self._length:
                    self._pool = None
                    raise StopIteration from None
                self._cond.wait(timeout)
                try:
                    item = self._items.popleft()
                except IndexError:
                    if self._index == self._length:
                        self._pool = None
                        raise StopIteration from None
                    raise TimeoutError from None
    
        success, value = item
        if success:
            return value
&gt;       raise value
E       Exception: Error simulating rep0_var_0 scenario(s)

/home/bamboo/.local/share/uv/python/cpython-3.11.11-linux-x86_64-gnu/lib/python3.11/multiprocessing/pool.py:873: Exception

The above exception was the direct cause of the following exception:

self = &lt;examples.pump.test_pump_stochastic.StochasticPumpTests testMethod=test_param_sample_isave&gt;

    def test_param_sample_isave(self):
        ps = ParameterSample()
        ps.add_variable_replicates([], replicates=10)
        fnames = ("spump_res", "spump_hist")
&gt;       self.check_ps_isave(self.mdl, ps, *fnames, "npz", pool=mp.Pool(4))

examples/pump/test_pump_stochastic.py:133: 
_ _ _ _ _ _ _ _ _ _ _ _ _ _ _ _ _ _ _ _ _ _ _ _ _ _ _ _ _ _ _ _ _ _ _ _ _ _ _ _ 
tests/common.py:464: in check_ps_isave
    res, hist = prop.parameter_sample(mdl, ps, **loc_kwargs)
                ^^^^^^^^^^^^^^^^^^^^^^^^^^^^^^^^^^^^^^^^^^^^
fmdtools/sim/propagate.py:120: in parameter_sample
    return sim(**get_sim_call_kwargs(sim, **kwargs))
           ^^^^^^^^^^^^^^^^^^^^^^^^^^^^^^^^^^^^^^^^^
_ _ _ _ _ _ _ _ _ _ _ _ _ _ _ _ _ _ _ _ _ _ _ _ _ _ _ _ _ _ _ _ _ _ _ _ _ _ _ _ 

self = MultiSimulation of
ParameterSample of scenarios:
 - rep0_var_0
 - rep1_var_1
 - rep2_var_2
 - rep3_var_3
 - rep4_var_4
 - rep5_var_5
 - rep6_var_6
 - rep7_var_7
 - rep8_var_8
 - rep9_var_9
kwargs = {}

    def __call__(self, **kwargs):
        """Run the sim, save its results (if needed), return its result and history."""
        try:
            self.run(**kwargs)
        except Exception as e:
&gt;           raise Exception("Error simulating "+self.name+" scenario(s)") from e
E           Exception: Error simulating parameter sample scenario(s)

fmdtools/sim/propagate.py:482: Exception</failure></testcase><testcase classname="examples.pump.test_pump_stochastic.StochasticPumpTests" name="test_param_sample_save" time="0.105"><failure message="Exception: Error simulating parameter sample scenario(s)">multiprocessing.pool.RemoteTraceback: 
"""
Traceback (most recent call last):
  File "/home/bamboo/bamboo-agent-home/xml-data/build-dir/RAD-TEST-UVF/fmdtools/fmdtools/define/block/base.py", line 796, in __call__
    self.update_static_behaviors(proptype=proptype)
  File "/home/bamboo/bamboo-agent-home/xml-data/build-dir/RAD-TEST-UVF/fmdtools/fmdtools/define/block/base.py", line 728, in update_static_behaviors
    self.execute_static_behaviors()
  File "/home/bamboo/bamboo-agent-home/xml-data/build-dir/RAD-TEST-UVF/fmdtools/fmdtools/define/block/base.py", line 734, in execute_static_behaviors
    self.static_behavior()
  File "/home/bamboo/bamboo-agent-home/xml-data/build-dir/RAD-TEST-UVF/fmdtools/examples/pump/pump_stochastic.py", line 116, in static_behavior
    super().static_behavior()
  File "/home/bamboo/bamboo-agent-home/xml-data/build-dir/RAD-TEST-UVF/fmdtools/examples/pump/ex_pump.py", line 436, in static_behavior
    print(a)
          ^
NameError: name 'a' is not defined

The above exception was the direct cause of the following exception:

Traceback (most recent call last):
  File "/home/bamboo/bamboo-agent-home/xml-data/build-dir/RAD-TEST-UVF/fmdtools/fmdtools/define/block/base.py", line 796, in __call__
    self.update_static_behaviors(proptype=proptype)
  File "/home/bamboo/bamboo-agent-home/xml-data/build-dir/RAD-TEST-UVF/fmdtools/fmdtools/define/block/base.py", line 724, in update_static_behaviors
    self.execute_static_behaviors()
  File "/home/bamboo/bamboo-agent-home/xml-data/build-dir/RAD-TEST-UVF/fmdtools/fmdtools/define/block/base.py", line 732, in execute_static_behaviors
    self.update_arch_behaviors("static")
  File "/home/bamboo/bamboo-agent-home/xml-data/build-dir/RAD-TEST-UVF/fmdtools/fmdtools/define/architecture/base.py", line 163, in update_arch_behaviors
    self.prop_static()
  File "/home/bamboo/bamboo-agent-home/xml-data/build-dir/RAD-TEST-UVF/fmdtools/fmdtools/define/architecture/base.py", line 203, in prop_static
    sim(time=self.t.time, proptype='static-once', inc_at="")
  File "/home/bamboo/bamboo-agent-home/xml-data/build-dir/RAD-TEST-UVF/fmdtools/fmdtools/define/block/base.py", line 808, in __call__
    raise Exception("Error simulating " + self.name +
Exception: Error simulating move_water of class MoveWat at time=0.0

The above exception was the direct cause of the following exception:

Traceback (most recent call last):
  File "/home/bamboo/bamboo-agent-home/xml-data/build-dir/RAD-TEST-UVF/fmdtools/fmdtools/sim/propagate.py", line 480, in __call__
    self.run(**kwargs)
  File "/home/bamboo/bamboo-agent-home/xml-data/build-dir/RAD-TEST-UVF/fmdtools/fmdtools/sim/propagate.py", line 632, in run
    simevent.run(self.mdl, scen=self.scen, **kwargs)
  File "/home/bamboo/bamboo-agent-home/xml-data/build-dir/RAD-TEST-UVF/fmdtools/fmdtools/sim/propagate.py", line 397, in run
    mdl(time=self.time, **kwar)
  File "/home/bamboo/bamboo-agent-home/xml-data/build-dir/RAD-TEST-UVF/fmdtools/fmdtools/define/block/base.py", line 808, in __call__
    raise Exception("Error simulating " + self.name +
Exception: Error simulating pump of class Pump at time=0.0

The above exception was the direct cause of the following exception:

Traceback (most recent call last):
  File "/home/bamboo/.local/share/uv/python/cpython-3.11.11-linux-x86_64-gnu/lib/python3.11/multiprocessing/pool.py", line 125, in worker
    result = (True, func(*args, **kwds))
                    ^^^^^^^^^^^^^^^^^^^
  File "/home/bamboo/bamboo-agent-home/xml-data/build-dir/RAD-TEST-UVF/fmdtools/fmdtools/sim/propagate.py", line 682, in exec_sim
    return sim()
           ^^^^^
  File "/home/bamboo/bamboo-agent-home/xml-data/build-dir/RAD-TEST-UVF/fmdtools/fmdtools/sim/propagate.py", line 620, in __call__
    res, hist = super().__call__(**kwargs)
                ^^^^^^^^^^^^^^^^^^^^^^^^^^
  File "/home/bamboo/bamboo-agent-home/xml-data/build-dir/RAD-TEST-UVF/fmdtools/fmdtools/sim/propagate.py", line 482, in __call__
    raise Exception("Error simulating "+self.name+" scenario(s)") from e
Exception: Error simulating rep0_var_0 scenario(s)
"""

The above exception was the direct cause of the following exception:

self = MultiSimulation of
ParameterSample of scenarios:
 - rep0_var_0
 - rep1_var_1
 - rep2_var_2
 - rep3_var_3
 - rep4_var_4
 - rep5_var_5
 - rep6_var_6
 - rep7_var_7
 - rep8_var_8
 - rep9_var_9
kwargs = {}

    def __call__(self, **kwargs):
        """Run the sim, save its results (if needed), return its result and history."""
        try:
&gt;           self.run(**kwargs)

fmdtools/sim/propagate.py:480: 
_ _ _ _ _ _ _ _ _ _ _ _ _ _ _ _ _ _ _ _ _ _ _ _ _ _ _ _ _ _ _ _ _ _ _ _ _ _ _ _ 
fmdtools/sim/propagate.py:831: in run
    res_list = list(tqdm.tqdm(runner(inputs),
../fmdtools-full/lib/python3.11/site-packages/tqdm/std.py:1169: in __iter__
    for obj in iterable:
_ _ _ _ _ _ _ _ _ _ _ _ _ _ _ _ _ _ _ _ _ _ _ _ _ _ _ _ _ _ _ _ _ _ _ _ _ _ _ _ 

self = &lt;multiprocessing.pool.IMapIterator object at 0x7fdc234df950&gt;
timeout = None

    def next(self, timeout=None):
        with self._cond:
            try:
                item = self._items.popleft()
            except IndexError:
                if self._index == self._length:
                    self._pool = None
                    raise StopIteration from None
                self._cond.wait(timeout)
                try:
                    item = self._items.popleft()
                except IndexError:
                    if self._index == self._length:
                        self._pool = None
                        raise StopIteration from None
                    raise TimeoutError from None
    
        success, value = item
        if success:
            return value
&gt;       raise value
E       Exception: Error simulating rep0_var_0 scenario(s)

/home/bamboo/.local/share/uv/python/cpython-3.11.11-linux-x86_64-gnu/lib/python3.11/multiprocessing/pool.py:873: Exception

The above exception was the direct cause of the following exception:

self = &lt;examples.pump.test_pump_stochastic.StochasticPumpTests testMethod=test_param_sample_save&gt;

    def test_param_sample_save(self):
        ps = ParameterSample()
        ps.add_variable_replicates([], replicates=10)
&gt;       self.check_ps_save(self.mdl, ps, "stochpump_res.npz", "spump_hist.npz",
                           pool=mp.Pool(4))

examples/pump/test_pump_stochastic.py:122: 
_ _ _ _ _ _ _ _ _ _ _ _ _ _ _ _ _ _ _ _ _ _ _ _ _ _ _ _ _ _ _ _ _ _ _ _ _ _ _ _ 
tests/common.py:401: in check_ps_save
    res, hist = prop.parameter_sample(mdl, ps, **loc_kwargs)
                ^^^^^^^^^^^^^^^^^^^^^^^^^^^^^^^^^^^^^^^^^^^^
fmdtools/sim/propagate.py:120: in parameter_sample
    return sim(**get_sim_call_kwargs(sim, **kwargs))
           ^^^^^^^^^^^^^^^^^^^^^^^^^^^^^^^^^^^^^^^^^
_ _ _ _ _ _ _ _ _ _ _ _ _ _ _ _ _ _ _ _ _ _ _ _ _ _ _ _ _ _ _ _ _ _ _ _ _ _ _ _ 

self = MultiSimulation of
ParameterSample of scenarios:
 - rep0_var_0
 - rep1_var_1
 - rep2_var_2
 - rep3_var_3
 - rep4_var_4
 - rep5_var_5
 - rep6_var_6
 - rep7_var_7
 - rep8_var_8
 - rep9_var_9
kwargs = {}

    def __call__(self, **kwargs):
        """Run the sim, save its results (if needed), return its result and history."""
        try:
            self.run(**kwargs)
        except Exception as e:
&gt;           raise Exception("Error simulating "+self.name+" scenario(s)") from e
E           Exception: Error simulating parameter sample scenario(s)

fmdtools/sim/propagate.py:482: Exception</failure></testcase><testcase classname="examples.pump.test_pump_stochastic.StochasticPumpTests" name="test_plot_nested_hists" time="0.165"><failure message="Exception: Error simulating nested sample scenario(s)">multiprocessing.pool.RemoteTraceback: 
"""
Traceback (most recent call last):
  File "/home/bamboo/bamboo-agent-home/xml-data/build-dir/RAD-TEST-UVF/fmdtools/fmdtools/define/block/base.py", line 796, in __call__
    self.update_static_behaviors(proptype=proptype)
  File "/home/bamboo/bamboo-agent-home/xml-data/build-dir/RAD-TEST-UVF/fmdtools/fmdtools/define/block/base.py", line 728, in update_static_behaviors
    self.execute_static_behaviors()
  File "/home/bamboo/bamboo-agent-home/xml-data/build-dir/RAD-TEST-UVF/fmdtools/fmdtools/define/block/base.py", line 734, in execute_static_behaviors
    self.static_behavior()
  File "/home/bamboo/bamboo-agent-home/xml-data/build-dir/RAD-TEST-UVF/fmdtools/examples/pump/pump_stochastic.py", line 116, in static_behavior
    super().static_behavior()
  File "/home/bamboo/bamboo-agent-home/xml-data/build-dir/RAD-TEST-UVF/fmdtools/examples/pump/ex_pump.py", line 436, in static_behavior
    print(a)
          ^
NameError: name 'a' is not defined

The above exception was the direct cause of the following exception:

Traceback (most recent call last):
  File "/home/bamboo/bamboo-agent-home/xml-data/build-dir/RAD-TEST-UVF/fmdtools/fmdtools/define/block/base.py", line 796, in __call__
    self.update_static_behaviors(proptype=proptype)
  File "/home/bamboo/bamboo-agent-home/xml-data/build-dir/RAD-TEST-UVF/fmdtools/fmdtools/define/block/base.py", line 724, in update_static_behaviors
    self.execute_static_behaviors()
  File "/home/bamboo/bamboo-agent-home/xml-data/build-dir/RAD-TEST-UVF/fmdtools/fmdtools/define/block/base.py", line 732, in execute_static_behaviors
    self.update_arch_behaviors("static")
  File "/home/bamboo/bamboo-agent-home/xml-data/build-dir/RAD-TEST-UVF/fmdtools/fmdtools/define/architecture/base.py", line 163, in update_arch_behaviors
    self.prop_static()
  File "/home/bamboo/bamboo-agent-home/xml-data/build-dir/RAD-TEST-UVF/fmdtools/fmdtools/define/architecture/base.py", line 203, in prop_static
    sim(time=self.t.time, proptype='static-once', inc_at="")
  File "/home/bamboo/bamboo-agent-home/xml-data/build-dir/RAD-TEST-UVF/fmdtools/fmdtools/define/block/base.py", line 808, in __call__
    raise Exception("Error simulating " + self.name +
Exception: Error simulating move_water of class MoveWat at time=0.0

The above exception was the direct cause of the following exception:

Traceback (most recent call last):
  File "/home/bamboo/bamboo-agent-home/xml-data/build-dir/RAD-TEST-UVF/fmdtools/fmdtools/sim/propagate.py", line 480, in __call__
    self.run(**kwargs)
  File "/home/bamboo/bamboo-agent-home/xml-data/build-dir/RAD-TEST-UVF/fmdtools/fmdtools/sim/propagate.py", line 632, in run
    simevent.run(self.mdl, scen=self.scen, **kwargs)
  File "/home/bamboo/bamboo-agent-home/xml-data/build-dir/RAD-TEST-UVF/fmdtools/fmdtools/sim/propagate.py", line 397, in run
    mdl(time=self.time, **kwar)
  File "/home/bamboo/bamboo-agent-home/xml-data/build-dir/RAD-TEST-UVF/fmdtools/fmdtools/define/block/base.py", line 808, in __call__
    raise Exception("Error simulating " + self.name +
Exception: Error simulating pump of class Pump at time=0.0

The above exception was the direct cause of the following exception:

Traceback (most recent call last):
  File "/home/bamboo/bamboo-agent-home/xml-data/build-dir/RAD-TEST-UVF/fmdtools/fmdtools/sim/propagate.py", line 480, in __call__
    self.run(**kwargs)
  File "/home/bamboo/bamboo-agent-home/xml-data/build-dir/RAD-TEST-UVF/fmdtools/fmdtools/sim/propagate.py", line 1019, in run
    self.run_nom(gen_samp=True, **kwargs)
  File "/home/bamboo/bamboo-agent-home/xml-data/build-dir/RAD-TEST-UVF/fmdtools/fmdtools/sim/propagate.py", line 1008, in run_nom
    outs = nomsim(**sim_kwar)
           ^^^^^^^^^^^^^^^^^^
  File "/home/bamboo/bamboo-agent-home/xml-data/build-dir/RAD-TEST-UVF/fmdtools/fmdtools/sim/propagate.py", line 620, in __call__
    res, hist = super().__call__(**kwargs)
                ^^^^^^^^^^^^^^^^^^^^^^^^^^
  File "/home/bamboo/bamboo-agent-home/xml-data/build-dir/RAD-TEST-UVF/fmdtools/fmdtools/sim/propagate.py", line 482, in __call__
    raise Exception("Error simulating "+self.name+" scenario(s)") from e
Exception: Error simulating nominal scenario(s)

The above exception was the direct cause of the following exception:

Traceback (most recent call last):
  File "/home/bamboo/.local/share/uv/python/cpython-3.11.11-linux-x86_64-gnu/lib/python3.11/multiprocessing/pool.py", line 125, in worker
    result = (True, func(*args, **kwds))
                    ^^^^^^^^^^^^^^^^^^^
  File "/home/bamboo/bamboo-agent-home/xml-data/build-dir/RAD-TEST-UVF/fmdtools/fmdtools/sim/propagate.py", line 1052, in exec_fault_sim
    return sim(**args[1])
           ^^^^^^^^^^^^^^
  File "/home/bamboo/bamboo-agent-home/xml-data/build-dir/RAD-TEST-UVF/fmdtools/fmdtools/sim/propagate.py", line 975, in __call__
    rets = super().__call__(**kwargs)
           ^^^^^^^^^^^^^^^^^^^^^^^^^^
  File "/home/bamboo/bamboo-agent-home/xml-data/build-dir/RAD-TEST-UVF/fmdtools/fmdtools/sim/propagate.py", line 482, in __call__
    raise Exception("Error simulating "+self.name+" scenario(s)") from e
Exception: Error simulating rep0_delay5_0 scenario(s)
"""

The above exception was the direct cause of the following exception:

self = NestedSimulation of
ParameterSample of scenarios:
 - rep0_delay5_0
 - rep1_delay5_1
 - rep2_delay5_2
 - rep3_delay5_3
...20 total)
 over 
SampleApproach({'fd': (('fault', 'export_water', 'block'), {})},
{'fs': (('fault_phases', 'fd'), {})})
kwargs = {}

    def __call__(self, **kwargs):
        """Run the sim, save its results (if needed), return its result and history."""
        try:
&gt;           self.run(**kwargs)

fmdtools/sim/propagate.py:480: 
_ _ _ _ _ _ _ _ _ _ _ _ _ _ _ _ _ _ _ _ _ _ _ _ _ _ _ _ _ _ _ _ _ _ _ _ _ _ _ _ 
fmdtools/sim/propagate.py:831: in run
    res_list = list(tqdm.tqdm(runner(inputs),
../fmdtools-full/lib/python3.11/site-packages/tqdm/std.py:1169: in __iter__
    for obj in iterable:
_ _ _ _ _ _ _ _ _ _ _ _ _ _ _ _ _ _ _ _ _ _ _ _ _ _ _ _ _ _ _ _ _ _ _ _ _ _ _ _ 

self = &lt;multiprocessing.pool.IMapIterator object at 0x7fdc234da510&gt;
timeout = None

    def next(self, timeout=None):
        with self._cond:
            try:
                item = self._items.popleft()
            except IndexError:
                if self._index == self._length:
                    self._pool = None
                    raise StopIteration from None
                self._cond.wait(timeout)
                try:
                    item = self._items.popleft()
                except IndexError:
                    if self._index == self._length:
                        self._pool = None
                        raise StopIteration from None
                    raise TimeoutError from None
    
        success, value = item
        if success:
            return value
&gt;       raise value
E       Exception: Error simulating rep0_delay5_0 scenario(s)

/home/bamboo/.local/share/uv/python/cpython-3.11.11-linux-x86_64-gnu/lib/python3.11/multiprocessing/pool.py:873: Exception

The above exception was the direct cause of the following exception:

self = &lt;examples.pump.test_pump_stochastic.StochasticPumpTests testMethod=test_plot_nested_hists&gt;

    def test_plot_nested_hists(self):
        """Qualitative test to show that distributions carry over to fault scenarios
        in a nested approach."""
        mdl = Pump(sp=dict(run_stochastic=True))
        pd = ParameterDomain(PumpParam)
        pd.add_variable("delay")
    
        ps = ParameterSample(pd)
        ps.add_variable_replicates([[5]], replicates=10, name="delay5")
        ps.add_variable_replicates([[15]], replicates=10, name="delay15")
    
        faultdomains = {'fd': (('fault', 'export_water', 'block'), {})}
        faultsamples = {'fs': (('fault_phases', 'fd'), {})}
    
&gt;       ecs, hists, apps = prop.nested_sample(mdl, ps,
                                              showprogress=False,
                                              faultdomains=faultdomains,
                                              faultsamples=faultsamples,
                                              pool=mp.Pool(4))

examples/pump/test_pump_stochastic.py:212: 
_ _ _ _ _ _ _ _ _ _ _ _ _ _ _ _ _ _ _ _ _ _ _ _ _ _ _ _ _ _ _ _ _ _ _ _ _ _ _ _ 
fmdtools/sim/propagate.py:312: in nested_sample
    res, hist = sim(**get_sim_call_kwargs(sim, **kwargs))
                ^^^^^^^^^^^^^^^^^^^^^^^^^^^^^^^^^^^^^^^^^
_ _ _ _ _ _ _ _ _ _ _ _ _ _ _ _ _ _ _ _ _ _ _ _ _ _ _ _ _ _ _ _ _ _ _ _ _ _ _ _ 

self = NestedSimulation of
ParameterSample of scenarios:
 - rep0_delay5_0
 - rep1_delay5_1
 - rep2_delay5_2
 - rep3_delay5_3
...20 total)
 over 
SampleApproach({'fd': (('fault', 'export_water', 'block'), {})},
{'fs': (('fault_phases', 'fd'), {})})
kwargs = {}

    def __call__(self, **kwargs):
        """Run the sim, save its results (if needed), return its result and history."""
        try:
            self.run(**kwargs)
        except Exception as e:
&gt;           raise Exception("Error simulating "+self.name+" scenario(s)") from e
E           Exception: Error simulating nested sample scenario(s)

fmdtools/sim/propagate.py:482: Exception</failure></testcase><testcase classname="examples.pump.test_pump_stochastic.StochasticPumpTests" name="test_plot_nominal_vals" time="0.072"><failure message="Exception: Error simulating parameter sample scenario(s)">self = move_water MoveWat
- t=MoveWatTime(time=0.0, timers={'pressure_limit': Timer pressure_limit: mode= standby, time= 0.0}...(flowrate=0.0, pressure=0.0, area=1.0, level=1.0))
- wat_out=Water(s=(flowrate=0.0, pressure=0.0, area=1.0, level=1.0))
time = 0.0, proptype = 'static-once', faults = [], disturbances = {}
inc_at = '', end_of_simulation = False, copy = False

    def __call__(self, time=None, proptype="both", faults=[], disturbances={},
                 inc_at="all", end_of_simulation=False, copy=False):
        """
        Call the Simulable to propagate behavior at a single time-step.
    
        Parameters
        ----------
        time : float/'end'
            Time at which to simulate the Simulable. Default is None, which uses
            self.t.time. If 'end' is provided, will be simulated until the end of
            the simulation (sp.end_time or sp.end_condition)
        proptype : str
            Type of propagation step to update ('static', 'dynamic', or 'both')
        faults : dict/list
            Faults to inject during this propagation step. (to be injected at time.)
            With structure ['fault1', 'fault2'...]
        disturbances : dict
            Variables to change during this propagation step. (to be injected at time.)
            With structure {'var1': value}
        inc_at : bool
            When to increment the history. If "all", increment at each time the sim
            iterates through. If "time", increment only at t==time.
        end_of_simulation : bool
            Whether this is the end of the simulation (and history should be cut).
        copy : bool
            If true, returns a copy of the model just before fault injection and
            stops simulation
        """
        try:
            if time == 'end':
                time = self.sp.end_time
            start_time, end_time = self.t.get_sim_times(time)
            sim_times = self.sp.get_timerange(start_time, end_time)
            for t in sim_times:
                if t == end_time:
                    if copy:
                        return self.copy()
                    if t != self.t.time:  # faults are only injected if not run yet
                        self.set_vars(**disturbances)
                        self.inject_faults(faults)
                self.t.update_time(t)
                if self.t.executing:
                    self.update_stochastic_states()
                    self.update_dynamic_behaviors(proptype=proptype)
&gt;                   self.update_static_behaviors(proptype=proptype)

fmdtools/define/block/base.py:796: 
_ _ _ _ _ _ _ _ _ _ _ _ _ _ _ _ _ _ _ _ _ _ _ _ _ _ _ _ _ _ _ _ _ _ _ _ _ _ _ _ 
fmdtools/define/block/base.py:728: in update_static_behaviors
    self.execute_static_behaviors()
fmdtools/define/block/base.py:734: in execute_static_behaviors
    self.static_behavior()
examples/pump/pump_stochastic.py:116: in static_behavior
    super().static_behavior()
_ _ _ _ _ _ _ _ _ _ _ _ _ _ _ _ _ _ _ _ _ _ _ _ _ _ _ _ _ _ _ _ _ _ _ _ _ _ _ _ 

self = move_water MoveWat
- t=MoveWatTime(time=0.0, timers={'pressure_limit': Timer pressure_limit: mode= standby, time= 0.0}...(flowrate=0.0, pressure=0.0, area=1.0, level=1.0))
- wat_out=Water(s=(flowrate=0.0, pressure=0.0, area=1.0, level=1.0))

    def static_behavior(self):
        """Define how the function will behave with different faults."""
        self.set_faults()
        if self.m.has_fault('short'):
            self.ee_in.s.current = 500*10/5000*self.sig_in.s.power*self.ee_in.s.voltage
            self.s.eff = 0.0
        elif self.m.has_fault('mech_break'):
            self.ee_in.s.current = 0.2*10/5000*self.sig_in.s.power*self.ee_in.s.voltage
            self.s.eff = 0.0
        else:
            self.ee_in.s.current = 10/5000*self.sig_in.s.power * \
                self.ee_in.s.voltage*min(13.0, self.wat_out.s.pressure)
            # if we wanted to enforce nominall eff state, we would include:
            # self.s.eff = 1.0
    
        velocity = self.sig_in.s.power*self.s.eff * \
            min(1000, self.ee_in.s.voltage)*self.wat_in.s.level
        self.wat_out.s.pressure = 10/500 * velocity/self.wat_out.s.area
        self.wat_out.s.flowrate = 0.3/500 * velocity*self.wat_out.s.area
    
        self.wat_in.s.assign(self.wat_out.s, 'pressure', 'flowrate')
&gt;       print(a)
              ^
E       NameError: name 'a' is not defined

examples/pump/ex_pump.py:436: NameError

The above exception was the direct cause of the following exception:

self = pump Pump
- t=Time(time=0.0, timers={})
- m=Mode(mode='nominal', faults=set(), sub_faults=False)
- r=Rand(seed=6952332...minal', faults=set(), sub_faults=False))
- export_water=ExportWater(m=(mode='nominal', faults=set(), sub_faults=False))
time = 55.0, proptype = 'both', faults = [], disturbances = {}, inc_at = 'all'
end_of_simulation = True, copy = False

    def __call__(self, time=None, proptype="both", faults=[], disturbances={},
                 inc_at="all", end_of_simulation=False, copy=False):
        """
        Call the Simulable to propagate behavior at a single time-step.
    
        Parameters
        ----------
        time : float/'end'
            Time at which to simulate the Simulable. Default is None, which uses
            self.t.time. If 'end' is provided, will be simulated until the end of
            the simulation (sp.end_time or sp.end_condition)
        proptype : str
            Type of propagation step to update ('static', 'dynamic', or 'both')
        faults : dict/list
            Faults to inject during this propagation step. (to be injected at time.)
            With structure ['fault1', 'fault2'...]
        disturbances : dict
            Variables to change during this propagation step. (to be injected at time.)
            With structure {'var1': value}
        inc_at : bool
            When to increment the history. If "all", increment at each time the sim
            iterates through. If "time", increment only at t==time.
        end_of_simulation : bool
            Whether this is the end of the simulation (and history should be cut).
        copy : bool
            If true, returns a copy of the model just before fault injection and
            stops simulation
        """
        try:
            if time == 'end':
                time = self.sp.end_time
            start_time, end_time = self.t.get_sim_times(time)
            sim_times = self.sp.get_timerange(start_time, end_time)
            for t in sim_times:
                if t == end_time:
                    if copy:
                        return self.copy()
                    if t != self.t.time:  # faults are only injected if not run yet
                        self.set_vars(**disturbances)
                        self.inject_faults(faults)
                self.t.update_time(t)
                if self.t.executing:
                    self.update_stochastic_states()
                    self.update_dynamic_behaviors(proptype=proptype)
&gt;                   self.update_static_behaviors(proptype=proptype)

fmdtools/define/block/base.py:796: 
_ _ _ _ _ _ _ _ _ _ _ _ _ _ _ _ _ _ _ _ _ _ _ _ _ _ _ _ _ _ _ _ _ _ _ _ _ _ _ _ 
fmdtools/define/block/base.py:724: in update_static_behaviors
    self.execute_static_behaviors()
fmdtools/define/block/base.py:732: in execute_static_behaviors
    self.update_arch_behaviors("static")
fmdtools/define/architecture/base.py:163: in update_arch_behaviors
    self.prop_static()
fmdtools/define/architecture/base.py:203: in prop_static
    sim(time=self.t.time, proptype='static-once', inc_at="")
_ _ _ _ _ _ _ _ _ _ _ _ _ _ _ _ _ _ _ _ _ _ _ _ _ _ _ _ _ _ _ _ _ _ _ _ _ _ _ _ 

self = move_water MoveWat
- t=MoveWatTime(time=0.0, timers={'pressure_limit': Timer pressure_limit: mode= standby, time= 0.0}...(flowrate=0.0, pressure=0.0, area=1.0, level=1.0))
- wat_out=Water(s=(flowrate=0.0, pressure=0.0, area=1.0, level=1.0))
time = 0.0, proptype = 'static-once', faults = [], disturbances = {}
inc_at = '', end_of_simulation = False, copy = False

    def __call__(self, time=None, proptype="both", faults=[], disturbances={},
                 inc_at="all", end_of_simulation=False, copy=False):
        """
        Call the Simulable to propagate behavior at a single time-step.
    
        Parameters
        ----------
        time : float/'end'
            Time at which to simulate the Simulable. Default is None, which uses
            self.t.time. If 'end' is provided, will be simulated until the end of
            the simulation (sp.end_time or sp.end_condition)
        proptype : str
            Type of propagation step to update ('static', 'dynamic', or 'both')
        faults : dict/list
            Faults to inject during this propagation step. (to be injected at time.)
            With structure ['fault1', 'fault2'...]
        disturbances : dict
            Variables to change during this propagation step. (to be injected at time.)
            With structure {'var1': value}
        inc_at : bool
            When to increment the history. If "all", increment at each time the sim
            iterates through. If "time", increment only at t==time.
        end_of_simulation : bool
            Whether this is the end of the simulation (and history should be cut).
        copy : bool
            If true, returns a copy of the model just before fault injection and
            stops simulation
        """
        try:
            if time == 'end':
                time = self.sp.end_time
            start_time, end_time = self.t.get_sim_times(time)
            sim_times = self.sp.get_timerange(start_time, end_time)
            for t in sim_times:
                if t == end_time:
                    if copy:
                        return self.copy()
                    if t != self.t.time:  # faults are only injected if not run yet
                        self.set_vars(**disturbances)
                        self.inject_faults(faults)
                self.t.update_time(t)
                if self.t.executing:
                    self.update_stochastic_states()
                    self.update_dynamic_behaviors(proptype=proptype)
                    self.update_static_behaviors(proptype=proptype)
                    self.set_sub_faults()
                    if inc_at == "all" or (inc_at == "time" and t == time):
                        self.inc_sim_time()
                        self.h.log(self, self.t.t_ind, self.t.time)
                    if self.sp.end_condition:
                        if get_var(self, self.sp.end_condition)():
                            break
    
            if end_of_simulation:
                self.cut_hist()
        except Exception as e:
&gt;           raise Exception("Error simulating " + self.name +
                            " of class " + self.__class__.__name__ +
                            " at time=" + str(self.t.time)) from e
E           Exception: Error simulating move_water of class MoveWat at time=0.0

fmdtools/define/block/base.py:808: Exception

The above exception was the direct cause of the following exception:

self = Simulation with SimEvents:
- end=SimEvent(to_return={'classify': None})
kwargs = {}

    def __call__(self, **kwargs):
        """Run the sim, save its results (if needed), return its result and history."""
        try:
&gt;           self.run(**kwargs)

fmdtools/sim/propagate.py:480: 
_ _ _ _ _ _ _ _ _ _ _ _ _ _ _ _ _ _ _ _ _ _ _ _ _ _ _ _ _ _ _ _ _ _ _ _ _ _ _ _ 
fmdtools/sim/propagate.py:632: in run
    simevent.run(self.mdl, scen=self.scen, **kwargs)
fmdtools/sim/propagate.py:397: in run
    mdl(time=self.time, **kwar)
_ _ _ _ _ _ _ _ _ _ _ _ _ _ _ _ _ _ _ _ _ _ _ _ _ _ _ _ _ _ _ _ _ _ _ _ _ _ _ _ 

self = pump Pump
- t=Time(time=0.0, timers={})
- m=Mode(mode='nominal', faults=set(), sub_faults=False)
- r=Rand(seed=6952332...minal', faults=set(), sub_faults=False))
- export_water=ExportWater(m=(mode='nominal', faults=set(), sub_faults=False))
time = 55.0, proptype = 'both', faults = [], disturbances = {}, inc_at = 'all'
end_of_simulation = True, copy = False

    def __call__(self, time=None, proptype="both", faults=[], disturbances={},
                 inc_at="all", end_of_simulation=False, copy=False):
        """
        Call the Simulable to propagate behavior at a single time-step.
    
        Parameters
        ----------
        time : float/'end'
            Time at which to simulate the Simulable. Default is None, which uses
            self.t.time. If 'end' is provided, will be simulated until the end of
            the simulation (sp.end_time or sp.end_condition)
        proptype : str
            Type of propagation step to update ('static', 'dynamic', or 'both')
        faults : dict/list
            Faults to inject during this propagation step. (to be injected at time.)
            With structure ['fault1', 'fault2'...]
        disturbances : dict
            Variables to change during this propagation step. (to be injected at time.)
            With structure {'var1': value}
        inc_at : bool
            When to increment the history. If "all", increment at each time the sim
            iterates through. If "time", increment only at t==time.
        end_of_simulation : bool
            Whether this is the end of the simulation (and history should be cut).
        copy : bool
            If true, returns a copy of the model just before fault injection and
            stops simulation
        """
        try:
            if time == 'end':
                time = self.sp.end_time
            start_time, end_time = self.t.get_sim_times(time)
            sim_times = self.sp.get_timerange(start_time, end_time)
            for t in sim_times:
                if t == end_time:
                    if copy:
                        return self.copy()
                    if t != self.t.time:  # faults are only injected if not run yet
                        self.set_vars(**disturbances)
                        self.inject_faults(faults)
                self.t.update_time(t)
                if self.t.executing:
                    self.update_stochastic_states()
                    self.update_dynamic_behaviors(proptype=proptype)
                    self.update_static_behaviors(proptype=proptype)
                    self.set_sub_faults()
                    if inc_at == "all" or (inc_at == "time" and t == time):
                        self.inc_sim_time()
                        self.h.log(self, self.t.t_ind, self.t.time)
                    if self.sp.end_condition:
                        if get_var(self, self.sp.end_condition)():
                            break
    
            if end_of_simulation:
                self.cut_hist()
        except Exception as e:
&gt;           raise Exception("Error simulating " + self.name +
                            " of class " + self.__class__.__name__ +
                            " at time=" + str(self.t.time)) from e
E           Exception: Error simulating pump of class Pump at time=0.0

fmdtools/define/block/base.py:808: Exception

The above exception was the direct cause of the following exception:

self = MultiSimulation of
ParameterSample of scenarios:
 - rep0_var_0
 - rep1_var_1
 - rep2_var_2
 - rep3_var_3
 - rep4_var_4
 - rep5_var_5
 - rep6_var_6
 - rep7_var_7
 - rep8_var_8
 - rep9_var_9
kwargs = {}

    def __call__(self, **kwargs):
        """Run the sim, save its results (if needed), return its result and history."""
        try:
&gt;           self.run(**kwargs)

fmdtools/sim/propagate.py:480: 
_ _ _ _ _ _ _ _ _ _ _ _ _ _ _ _ _ _ _ _ _ _ _ _ _ _ _ _ _ _ _ _ _ _ _ _ _ _ _ _ 
fmdtools/sim/propagate.py:831: in run
    res_list = list(tqdm.tqdm(runner(inputs),
../fmdtools-full/lib/python3.11/site-packages/tqdm/std.py:1169: in __iter__
    for obj in iterable:
fmdtools/sim/propagate.py:682: in exec_sim
    return sim()
           ^^^^^
fmdtools/sim/propagate.py:620: in __call__
    res, hist = super().__call__(**kwargs)
                ^^^^^^^^^^^^^^^^^^^^^^^^^^
_ _ _ _ _ _ _ _ _ _ _ _ _ _ _ _ _ _ _ _ _ _ _ _ _ _ _ _ _ _ _ _ _ _ _ _ _ _ _ _ 

self = Simulation with SimEvents:
- end=SimEvent(to_return={'classify': None})
kwargs = {}

    def __call__(self, **kwargs):
        """Run the sim, save its results (if needed), return its result and history."""
        try:
            self.run(**kwargs)
        except Exception as e:
&gt;           raise Exception("Error simulating "+self.name+" scenario(s)") from e
E           Exception: Error simulating rep0_var_0 scenario(s)

fmdtools/sim/propagate.py:482: Exception

The above exception was the direct cause of the following exception:

self = &lt;examples.pump.test_pump_stochastic.StochasticPumpTests testMethod=test_plot_nominal_vals&gt;

    def test_plot_nominal_vals(self):
        """tests nominal_vals_1d"""
        mdl = Pump(sp=dict(run_stochastic=True))
        ps = ParameterSample()
        ps.add_variable_replicates([], replicates=10)
&gt;       res, hist = prop.parameter_sample(mdl, ps,
                                          showprogress=False, warn_faults=False)

examples/pump/test_pump_stochastic.py:161: 
_ _ _ _ _ _ _ _ _ _ _ _ _ _ _ _ _ _ _ _ _ _ _ _ _ _ _ _ _ _ _ _ _ _ _ _ _ _ _ _ 
fmdtools/sim/propagate.py:120: in parameter_sample
    return sim(**get_sim_call_kwargs(sim, **kwargs))
           ^^^^^^^^^^^^^^^^^^^^^^^^^^^^^^^^^^^^^^^^^
_ _ _ _ _ _ _ _ _ _ _ _ _ _ _ _ _ _ _ _ _ _ _ _ _ _ _ _ _ _ _ _ _ _ _ _ _ _ _ _ 

self = MultiSimulation of
ParameterSample of scenarios:
 - rep0_var_0
 - rep1_var_1
 - rep2_var_2
 - rep3_var_3
 - rep4_var_4
 - rep5_var_5
 - rep6_var_6
 - rep7_var_7
 - rep8_var_8
 - rep9_var_9
kwargs = {}

    def __call__(self, **kwargs):
        """Run the sim, save its results (if needed), return its result and history."""
        try:
            self.run(**kwargs)
        except Exception as e:
&gt;           raise Exception("Error simulating "+self.name+" scenario(s)") from e
E           Exception: Error simulating parameter sample scenario(s)

fmdtools/sim/propagate.py:482: Exception</failure></testcase><testcase classname="examples.pump.test_pump_stochastic.StochasticPumpTests" name="test_plot_nominal_vals_xd" time="0.064"><failure message="Exception: Error simulating parameter sample scenario(s)">self = move_water MoveWat
- t=MoveWatTime(time=0.0, timers={'pressure_limit': Timer pressure_limit: mode= standby, time= 0.0}...(flowrate=0.0, pressure=0.0, area=1.0, level=1.0))
- wat_out=Water(s=(flowrate=0.0, pressure=0.0, area=1.0, level=1.0))
time = 0.0, proptype = 'static-once', faults = [], disturbances = {}
inc_at = '', end_of_simulation = False, copy = False

    def __call__(self, time=None, proptype="both", faults=[], disturbances={},
                 inc_at="all", end_of_simulation=False, copy=False):
        """
        Call the Simulable to propagate behavior at a single time-step.
    
        Parameters
        ----------
        time : float/'end'
            Time at which to simulate the Simulable. Default is None, which uses
            self.t.time. If 'end' is provided, will be simulated until the end of
            the simulation (sp.end_time or sp.end_condition)
        proptype : str
            Type of propagation step to update ('static', 'dynamic', or 'both')
        faults : dict/list
            Faults to inject during this propagation step. (to be injected at time.)
            With structure ['fault1', 'fault2'...]
        disturbances : dict
            Variables to change during this propagation step. (to be injected at time.)
            With structure {'var1': value}
        inc_at : bool
            When to increment the history. If "all", increment at each time the sim
            iterates through. If "time", increment only at t==time.
        end_of_simulation : bool
            Whether this is the end of the simulation (and history should be cut).
        copy : bool
            If true, returns a copy of the model just before fault injection and
            stops simulation
        """
        try:
            if time == 'end':
                time = self.sp.end_time
            start_time, end_time = self.t.get_sim_times(time)
            sim_times = self.sp.get_timerange(start_time, end_time)
            for t in sim_times:
                if t == end_time:
                    if copy:
                        return self.copy()
                    if t != self.t.time:  # faults are only injected if not run yet
                        self.set_vars(**disturbances)
                        self.inject_faults(faults)
                self.t.update_time(t)
                if self.t.executing:
                    self.update_stochastic_states()
                    self.update_dynamic_behaviors(proptype=proptype)
&gt;                   self.update_static_behaviors(proptype=proptype)

fmdtools/define/block/base.py:796: 
_ _ _ _ _ _ _ _ _ _ _ _ _ _ _ _ _ _ _ _ _ _ _ _ _ _ _ _ _ _ _ _ _ _ _ _ _ _ _ _ 
fmdtools/define/block/base.py:728: in update_static_behaviors
    self.execute_static_behaviors()
fmdtools/define/block/base.py:734: in execute_static_behaviors
    self.static_behavior()
examples/pump/pump_stochastic.py:116: in static_behavior
    super().static_behavior()
_ _ _ _ _ _ _ _ _ _ _ _ _ _ _ _ _ _ _ _ _ _ _ _ _ _ _ _ _ _ _ _ _ _ _ _ _ _ _ _ 

self = move_water MoveWat
- t=MoveWatTime(time=0.0, timers={'pressure_limit': Timer pressure_limit: mode= standby, time= 0.0}...(flowrate=0.0, pressure=0.0, area=1.0, level=1.0))
- wat_out=Water(s=(flowrate=0.0, pressure=0.0, area=1.0, level=1.0))

    def static_behavior(self):
        """Define how the function will behave with different faults."""
        self.set_faults()
        if self.m.has_fault('short'):
            self.ee_in.s.current = 500*10/5000*self.sig_in.s.power*self.ee_in.s.voltage
            self.s.eff = 0.0
        elif self.m.has_fault('mech_break'):
            self.ee_in.s.current = 0.2*10/5000*self.sig_in.s.power*self.ee_in.s.voltage
            self.s.eff = 0.0
        else:
            self.ee_in.s.current = 10/5000*self.sig_in.s.power * \
                self.ee_in.s.voltage*min(13.0, self.wat_out.s.pressure)
            # if we wanted to enforce nominall eff state, we would include:
            # self.s.eff = 1.0
    
        velocity = self.sig_in.s.power*self.s.eff * \
            min(1000, self.ee_in.s.voltage)*self.wat_in.s.level
        self.wat_out.s.pressure = 10/500 * velocity/self.wat_out.s.area
        self.wat_out.s.flowrate = 0.3/500 * velocity*self.wat_out.s.area
    
        self.wat_in.s.assign(self.wat_out.s, 'pressure', 'flowrate')
&gt;       print(a)
              ^
E       NameError: name 'a' is not defined

examples/pump/ex_pump.py:436: NameError

The above exception was the direct cause of the following exception:

self = pump Pump
- t=Time(time=0.0, timers={})
- m=Mode(mode='nominal', faults=set(), sub_faults=False)
- r=Rand(seed=1996411...minal', faults=set(), sub_faults=False))
- export_water=ExportWater(m=(mode='nominal', faults=set(), sub_faults=False))
time = 55.0, proptype = 'both', faults = [], disturbances = {}, inc_at = 'all'
end_of_simulation = True, copy = False

    def __call__(self, time=None, proptype="both", faults=[], disturbances={},
                 inc_at="all", end_of_simulation=False, copy=False):
        """
        Call the Simulable to propagate behavior at a single time-step.
    
        Parameters
        ----------
        time : float/'end'
            Time at which to simulate the Simulable. Default is None, which uses
            self.t.time. If 'end' is provided, will be simulated until the end of
            the simulation (sp.end_time or sp.end_condition)
        proptype : str
            Type of propagation step to update ('static', 'dynamic', or 'both')
        faults : dict/list
            Faults to inject during this propagation step. (to be injected at time.)
            With structure ['fault1', 'fault2'...]
        disturbances : dict
            Variables to change during this propagation step. (to be injected at time.)
            With structure {'var1': value}
        inc_at : bool
            When to increment the history. If "all", increment at each time the sim
            iterates through. If "time", increment only at t==time.
        end_of_simulation : bool
            Whether this is the end of the simulation (and history should be cut).
        copy : bool
            If true, returns a copy of the model just before fault injection and
            stops simulation
        """
        try:
            if time == 'end':
                time = self.sp.end_time
            start_time, end_time = self.t.get_sim_times(time)
            sim_times = self.sp.get_timerange(start_time, end_time)
            for t in sim_times:
                if t == end_time:
                    if copy:
                        return self.copy()
                    if t != self.t.time:  # faults are only injected if not run yet
                        self.set_vars(**disturbances)
                        self.inject_faults(faults)
                self.t.update_time(t)
                if self.t.executing:
                    self.update_stochastic_states()
                    self.update_dynamic_behaviors(proptype=proptype)
&gt;                   self.update_static_behaviors(proptype=proptype)

fmdtools/define/block/base.py:796: 
_ _ _ _ _ _ _ _ _ _ _ _ _ _ _ _ _ _ _ _ _ _ _ _ _ _ _ _ _ _ _ _ _ _ _ _ _ _ _ _ 
fmdtools/define/block/base.py:724: in update_static_behaviors
    self.execute_static_behaviors()
fmdtools/define/block/base.py:732: in execute_static_behaviors
    self.update_arch_behaviors("static")
fmdtools/define/architecture/base.py:163: in update_arch_behaviors
    self.prop_static()
fmdtools/define/architecture/base.py:203: in prop_static
    sim(time=self.t.time, proptype='static-once', inc_at="")
_ _ _ _ _ _ _ _ _ _ _ _ _ _ _ _ _ _ _ _ _ _ _ _ _ _ _ _ _ _ _ _ _ _ _ _ _ _ _ _ 

self = move_water MoveWat
- t=MoveWatTime(time=0.0, timers={'pressure_limit': Timer pressure_limit: mode= standby, time= 0.0}...(flowrate=0.0, pressure=0.0, area=1.0, level=1.0))
- wat_out=Water(s=(flowrate=0.0, pressure=0.0, area=1.0, level=1.0))
time = 0.0, proptype = 'static-once', faults = [], disturbances = {}
inc_at = '', end_of_simulation = False, copy = False

    def __call__(self, time=None, proptype="both", faults=[], disturbances={},
                 inc_at="all", end_of_simulation=False, copy=False):
        """
        Call the Simulable to propagate behavior at a single time-step.
    
        Parameters
        ----------
        time : float/'end'
            Time at which to simulate the Simulable. Default is None, which uses
            self.t.time. If 'end' is provided, will be simulated until the end of
            the simulation (sp.end_time or sp.end_condition)
        proptype : str
            Type of propagation step to update ('static', 'dynamic', or 'both')
        faults : dict/list
            Faults to inject during this propagation step. (to be injected at time.)
            With structure ['fault1', 'fault2'...]
        disturbances : dict
            Variables to change during this propagation step. (to be injected at time.)
            With structure {'var1': value}
        inc_at : bool
            When to increment the history. If "all", increment at each time the sim
            iterates through. If "time", increment only at t==time.
        end_of_simulation : bool
            Whether this is the end of the simulation (and history should be cut).
        copy : bool
            If true, returns a copy of the model just before fault injection and
            stops simulation
        """
        try:
            if time == 'end':
                time = self.sp.end_time
            start_time, end_time = self.t.get_sim_times(time)
            sim_times = self.sp.get_timerange(start_time, end_time)
            for t in sim_times:
                if t == end_time:
                    if copy:
                        return self.copy()
                    if t != self.t.time:  # faults are only injected if not run yet
                        self.set_vars(**disturbances)
                        self.inject_faults(faults)
                self.t.update_time(t)
                if self.t.executing:
                    self.update_stochastic_states()
                    self.update_dynamic_behaviors(proptype=proptype)
                    self.update_static_behaviors(proptype=proptype)
                    self.set_sub_faults()
                    if inc_at == "all" or (inc_at == "time" and t == time):
                        self.inc_sim_time()
                        self.h.log(self, self.t.t_ind, self.t.time)
                    if self.sp.end_condition:
                        if get_var(self, self.sp.end_condition)():
                            break
    
            if end_of_simulation:
                self.cut_hist()
        except Exception as e:
&gt;           raise Exception("Error simulating " + self.name +
                            " of class " + self.__class__.__name__ +
                            " at time=" + str(self.t.time)) from e
E           Exception: Error simulating move_water of class MoveWat at time=0.0

fmdtools/define/block/base.py:808: Exception

The above exception was the direct cause of the following exception:

self = Simulation with SimEvents:
- end=SimEvent(to_return={'classify': None})
kwargs = {}

    def __call__(self, **kwargs):
        """Run the sim, save its results (if needed), return its result and history."""
        try:
&gt;           self.run(**kwargs)

fmdtools/sim/propagate.py:480: 
_ _ _ _ _ _ _ _ _ _ _ _ _ _ _ _ _ _ _ _ _ _ _ _ _ _ _ _ _ _ _ _ _ _ _ _ _ _ _ _ 
fmdtools/sim/propagate.py:632: in run
    simevent.run(self.mdl, scen=self.scen, **kwargs)
fmdtools/sim/propagate.py:397: in run
    mdl(time=self.time, **kwar)
_ _ _ _ _ _ _ _ _ _ _ _ _ _ _ _ _ _ _ _ _ _ _ _ _ _ _ _ _ _ _ _ _ _ _ _ _ _ _ _ 

self = pump Pump
- t=Time(time=0.0, timers={})
- m=Mode(mode='nominal', faults=set(), sub_faults=False)
- r=Rand(seed=1996411...minal', faults=set(), sub_faults=False))
- export_water=ExportWater(m=(mode='nominal', faults=set(), sub_faults=False))
time = 55.0, proptype = 'both', faults = [], disturbances = {}, inc_at = 'all'
end_of_simulation = True, copy = False

    def __call__(self, time=None, proptype="both", faults=[], disturbances={},
                 inc_at="all", end_of_simulation=False, copy=False):
        """
        Call the Simulable to propagate behavior at a single time-step.
    
        Parameters
        ----------
        time : float/'end'
            Time at which to simulate the Simulable. Default is None, which uses
            self.t.time. If 'end' is provided, will be simulated until the end of
            the simulation (sp.end_time or sp.end_condition)
        proptype : str
            Type of propagation step to update ('static', 'dynamic', or 'both')
        faults : dict/list
            Faults to inject during this propagation step. (to be injected at time.)
            With structure ['fault1', 'fault2'...]
        disturbances : dict
            Variables to change during this propagation step. (to be injected at time.)
            With structure {'var1': value}
        inc_at : bool
            When to increment the history. If "all", increment at each time the sim
            iterates through. If "time", increment only at t==time.
        end_of_simulation : bool
            Whether this is the end of the simulation (and history should be cut).
        copy : bool
            If true, returns a copy of the model just before fault injection and
            stops simulation
        """
        try:
            if time == 'end':
                time = self.sp.end_time
            start_time, end_time = self.t.get_sim_times(time)
            sim_times = self.sp.get_timerange(start_time, end_time)
            for t in sim_times:
                if t == end_time:
                    if copy:
                        return self.copy()
                    if t != self.t.time:  # faults are only injected if not run yet
                        self.set_vars(**disturbances)
                        self.inject_faults(faults)
                self.t.update_time(t)
                if self.t.executing:
                    self.update_stochastic_states()
                    self.update_dynamic_behaviors(proptype=proptype)
                    self.update_static_behaviors(proptype=proptype)
                    self.set_sub_faults()
                    if inc_at == "all" or (inc_at == "time" and t == time):
                        self.inc_sim_time()
                        self.h.log(self, self.t.t_ind, self.t.time)
                    if self.sp.end_condition:
                        if get_var(self, self.sp.end_condition)():
                            break
    
            if end_of_simulation:
                self.cut_hist()
        except Exception as e:
&gt;           raise Exception("Error simulating " + self.name +
                            " of class " + self.__class__.__name__ +
                            " at time=" + str(self.t.time)) from e
E           Exception: Error simulating pump of class Pump at time=0.0

fmdtools/define/block/base.py:808: Exception

The above exception was the direct cause of the following exception:

self = MultiSimulation of
ParameterSample of scenarios:
 - rep0_nodelay_0
 - rep1_nodelay_1
 - rep2_nodelay_2
 - rep3_nodelay..._nodelay_4
 - rep5_nodelay_5
 - rep6_nodelay_6
 - rep7_nodelay_7
 - rep8_nodelay_8
 - rep9_nodelay_9
 - ... (300 total)
kwargs = {}

    def __call__(self, **kwargs):
        """Run the sim, save its results (if needed), return its result and history."""
        try:
&gt;           self.run(**kwargs)

fmdtools/sim/propagate.py:480: 
_ _ _ _ _ _ _ _ _ _ _ _ _ _ _ _ _ _ _ _ _ _ _ _ _ _ _ _ _ _ _ _ _ _ _ _ _ _ _ _ 
fmdtools/sim/propagate.py:831: in run
    res_list = list(tqdm.tqdm(runner(inputs),
../fmdtools-full/lib/python3.11/site-packages/tqdm/std.py:1169: in __iter__
    for obj in iterable:
fmdtools/sim/propagate.py:682: in exec_sim
    return sim()
           ^^^^^
fmdtools/sim/propagate.py:620: in __call__
    res, hist = super().__call__(**kwargs)
                ^^^^^^^^^^^^^^^^^^^^^^^^^^
_ _ _ _ _ _ _ _ _ _ _ _ _ _ _ _ _ _ _ _ _ _ _ _ _ _ _ _ _ _ _ _ _ _ _ _ _ _ _ _ 

self = Simulation with SimEvents:
- end=SimEvent(to_return={'classify': None})
kwargs = {}

    def __call__(self, **kwargs):
        """Run the sim, save its results (if needed), return its result and history."""
        try:
            self.run(**kwargs)
        except Exception as e:
&gt;           raise Exception("Error simulating "+self.name+" scenario(s)") from e
E           Exception: Error simulating rep0_nodelay_0 scenario(s)

fmdtools/sim/propagate.py:482: Exception

The above exception was the direct cause of the following exception:

self = &lt;examples.pump.test_pump_stochastic.StochasticPumpTests testMethod=test_plot_nominal_vals_xd&gt;

    def test_plot_nominal_vals_xd(self):
        """tests nominal_vals_2d and nominal_vals_3d"""
        mdl = Pump(sp=dict(run_stochastic=True))
    
        pd = ParameterDomain(PumpParam)
        pd.add_variable("delay")
    
        ps2 = ParameterSample(pd)
        ps2.add_variable_replicates([[0]], replicates=100, name="nodelay")
        ps2.add_variable_replicates([[10]], replicates=100, name="delay10")
        ps2.add_variable_replicates([[15]], replicates=100, name="delay15")
&gt;       nomres, nomhist = prop.parameter_sample(mdl, ps2, warn_faults=False,
                                                showprogress=False)

examples/pump/test_pump_stochastic.py:181: 
_ _ _ _ _ _ _ _ _ _ _ _ _ _ _ _ _ _ _ _ _ _ _ _ _ _ _ _ _ _ _ _ _ _ _ _ _ _ _ _ 
fmdtools/sim/propagate.py:120: in parameter_sample
    return sim(**get_sim_call_kwargs(sim, **kwargs))
           ^^^^^^^^^^^^^^^^^^^^^^^^^^^^^^^^^^^^^^^^^
_ _ _ _ _ _ _ _ _ _ _ _ _ _ _ _ _ _ _ _ _ _ _ _ _ _ _ _ _ _ _ _ _ _ _ _ _ _ _ _ 

self = MultiSimulation of
ParameterSample of scenarios:
 - rep0_nodelay_0
 - rep1_nodelay_1
 - rep2_nodelay_2
 - rep3_nodelay..._nodelay_4
 - rep5_nodelay_5
 - rep6_nodelay_6
 - rep7_nodelay_7
 - rep8_nodelay_8
 - rep9_nodelay_9
 - ... (300 total)
kwargs = {}

    def __call__(self, **kwargs):
        """Run the sim, save its results (if needed), return its result and history."""
        try:
            self.run(**kwargs)
        except Exception as e:
&gt;           raise Exception("Error simulating "+self.name+" scenario(s)") from e
E           Exception: Error simulating parameter sample scenario(s)

fmdtools/sim/propagate.py:482: Exception</failure></testcase><testcase classname="examples.pump.test_pump_stochastic.StochasticPumpTests" name="test_rand_paramsample_plot" time="0.053"><failure message="Exception: Error simulating parameter sample scenario(s)">self = move_water MoveWat
- t=MoveWatTime(time=0.0, timers={'pressure_limit': Timer pressure_limit: mode= standby, time= 0.0}...(flowrate=0.0, pressure=0.0, area=1.0, level=1.0))
- wat_out=Water(s=(flowrate=0.0, pressure=0.0, area=1.0, level=1.0))
time = 0.0, proptype = 'static-once', faults = [], disturbances = {}
inc_at = '', end_of_simulation = False, copy = False

    def __call__(self, time=None, proptype="both", faults=[], disturbances={},
                 inc_at="all", end_of_simulation=False, copy=False):
        """
        Call the Simulable to propagate behavior at a single time-step.
    
        Parameters
        ----------
        time : float/'end'
            Time at which to simulate the Simulable. Default is None, which uses
            self.t.time. If 'end' is provided, will be simulated until the end of
            the simulation (sp.end_time or sp.end_condition)
        proptype : str
            Type of propagation step to update ('static', 'dynamic', or 'both')
        faults : dict/list
            Faults to inject during this propagation step. (to be injected at time.)
            With structure ['fault1', 'fault2'...]
        disturbances : dict
            Variables to change during this propagation step. (to be injected at time.)
            With structure {'var1': value}
        inc_at : bool
            When to increment the history. If "all", increment at each time the sim
            iterates through. If "time", increment only at t==time.
        end_of_simulation : bool
            Whether this is the end of the simulation (and history should be cut).
        copy : bool
            If true, returns a copy of the model just before fault injection and
            stops simulation
        """
        try:
            if time == 'end':
                time = self.sp.end_time
            start_time, end_time = self.t.get_sim_times(time)
            sim_times = self.sp.get_timerange(start_time, end_time)
            for t in sim_times:
                if t == end_time:
                    if copy:
                        return self.copy()
                    if t != self.t.time:  # faults are only injected if not run yet
                        self.set_vars(**disturbances)
                        self.inject_faults(faults)
                self.t.update_time(t)
                if self.t.executing:
                    self.update_stochastic_states()
                    self.update_dynamic_behaviors(proptype=proptype)
&gt;                   self.update_static_behaviors(proptype=proptype)

fmdtools/define/block/base.py:796: 
_ _ _ _ _ _ _ _ _ _ _ _ _ _ _ _ _ _ _ _ _ _ _ _ _ _ _ _ _ _ _ _ _ _ _ _ _ _ _ _ 
fmdtools/define/block/base.py:728: in update_static_behaviors
    self.execute_static_behaviors()
fmdtools/define/block/base.py:734: in execute_static_behaviors
    self.static_behavior()
examples/pump/pump_stochastic.py:116: in static_behavior
    super().static_behavior()
_ _ _ _ _ _ _ _ _ _ _ _ _ _ _ _ _ _ _ _ _ _ _ _ _ _ _ _ _ _ _ _ _ _ _ _ _ _ _ _ 

self = move_water MoveWat
- t=MoveWatTime(time=0.0, timers={'pressure_limit': Timer pressure_limit: mode= standby, time= 0.0}...(flowrate=0.0, pressure=0.0, area=1.0, level=1.0))
- wat_out=Water(s=(flowrate=0.0, pressure=0.0, area=1.0, level=1.0))

    def static_behavior(self):
        """Define how the function will behave with different faults."""
        self.set_faults()
        if self.m.has_fault('short'):
            self.ee_in.s.current = 500*10/5000*self.sig_in.s.power*self.ee_in.s.voltage
            self.s.eff = 0.0
        elif self.m.has_fault('mech_break'):
            self.ee_in.s.current = 0.2*10/5000*self.sig_in.s.power*self.ee_in.s.voltage
            self.s.eff = 0.0
        else:
            self.ee_in.s.current = 10/5000*self.sig_in.s.power * \
                self.ee_in.s.voltage*min(13.0, self.wat_out.s.pressure)
            # if we wanted to enforce nominall eff state, we would include:
            # self.s.eff = 1.0
    
        velocity = self.sig_in.s.power*self.s.eff * \
            min(1000, self.ee_in.s.voltage)*self.wat_in.s.level
        self.wat_out.s.pressure = 10/500 * velocity/self.wat_out.s.area
        self.wat_out.s.flowrate = 0.3/500 * velocity*self.wat_out.s.area
    
        self.wat_in.s.assign(self.wat_out.s, 'pressure', 'flowrate')
&gt;       print(a)
              ^
E       NameError: name 'a' is not defined

examples/pump/ex_pump.py:436: NameError

The above exception was the direct cause of the following exception:

self = pump Pump
- t=Time(time=0.0, timers={})
- m=Mode(mode='nominal', faults=set(), sub_faults=False)
- r=Rand(seed=9068466...minal', faults=set(), sub_faults=False))
- export_water=ExportWater(m=(mode='nominal', faults=set(), sub_faults=False))
time = 55.0, proptype = 'both', faults = [], disturbances = {}, inc_at = 'all'
end_of_simulation = True, copy = False

    def __call__(self, time=None, proptype="both", faults=[], disturbances={},
                 inc_at="all", end_of_simulation=False, copy=False):
        """
        Call the Simulable to propagate behavior at a single time-step.
    
        Parameters
        ----------
        time : float/'end'
            Time at which to simulate the Simulable. Default is None, which uses
            self.t.time. If 'end' is provided, will be simulated until the end of
            the simulation (sp.end_time or sp.end_condition)
        proptype : str
            Type of propagation step to update ('static', 'dynamic', or 'both')
        faults : dict/list
            Faults to inject during this propagation step. (to be injected at time.)
            With structure ['fault1', 'fault2'...]
        disturbances : dict
            Variables to change during this propagation step. (to be injected at time.)
            With structure {'var1': value}
        inc_at : bool
            When to increment the history. If "all", increment at each time the sim
            iterates through. If "time", increment only at t==time.
        end_of_simulation : bool
            Whether this is the end of the simulation (and history should be cut).
        copy : bool
            If true, returns a copy of the model just before fault injection and
            stops simulation
        """
        try:
            if time == 'end':
                time = self.sp.end_time
            start_time, end_time = self.t.get_sim_times(time)
            sim_times = self.sp.get_timerange(start_time, end_time)
            for t in sim_times:
                if t == end_time:
                    if copy:
                        return self.copy()
                    if t != self.t.time:  # faults are only injected if not run yet
                        self.set_vars(**disturbances)
                        self.inject_faults(faults)
                self.t.update_time(t)
                if self.t.executing:
                    self.update_stochastic_states()
                    self.update_dynamic_behaviors(proptype=proptype)
&gt;                   self.update_static_behaviors(proptype=proptype)

fmdtools/define/block/base.py:796: 
_ _ _ _ _ _ _ _ _ _ _ _ _ _ _ _ _ _ _ _ _ _ _ _ _ _ _ _ _ _ _ _ _ _ _ _ _ _ _ _ 
fmdtools/define/block/base.py:724: in update_static_behaviors
    self.execute_static_behaviors()
fmdtools/define/block/base.py:732: in execute_static_behaviors
    self.update_arch_behaviors("static")
fmdtools/define/architecture/base.py:163: in update_arch_behaviors
    self.prop_static()
fmdtools/define/architecture/base.py:203: in prop_static
    sim(time=self.t.time, proptype='static-once', inc_at="")
_ _ _ _ _ _ _ _ _ _ _ _ _ _ _ _ _ _ _ _ _ _ _ _ _ _ _ _ _ _ _ _ _ _ _ _ _ _ _ _ 

self = move_water MoveWat
- t=MoveWatTime(time=0.0, timers={'pressure_limit': Timer pressure_limit: mode= standby, time= 0.0}...(flowrate=0.0, pressure=0.0, area=1.0, level=1.0))
- wat_out=Water(s=(flowrate=0.0, pressure=0.0, area=1.0, level=1.0))
time = 0.0, proptype = 'static-once', faults = [], disturbances = {}
inc_at = '', end_of_simulation = False, copy = False

    def __call__(self, time=None, proptype="both", faults=[], disturbances={},
                 inc_at="all", end_of_simulation=False, copy=False):
        """
        Call the Simulable to propagate behavior at a single time-step.
    
        Parameters
        ----------
        time : float/'end'
            Time at which to simulate the Simulable. Default is None, which uses
            self.t.time. If 'end' is provided, will be simulated until the end of
            the simulation (sp.end_time or sp.end_condition)
        proptype : str
            Type of propagation step to update ('static', 'dynamic', or 'both')
        faults : dict/list
            Faults to inject during this propagation step. (to be injected at time.)
            With structure ['fault1', 'fault2'...]
        disturbances : dict
            Variables to change during this propagation step. (to be injected at time.)
            With structure {'var1': value}
        inc_at : bool
            When to increment the history. If "all", increment at each time the sim
            iterates through. If "time", increment only at t==time.
        end_of_simulation : bool
            Whether this is the end of the simulation (and history should be cut).
        copy : bool
            If true, returns a copy of the model just before fault injection and
            stops simulation
        """
        try:
            if time == 'end':
                time = self.sp.end_time
            start_time, end_time = self.t.get_sim_times(time)
            sim_times = self.sp.get_timerange(start_time, end_time)
            for t in sim_times:
                if t == end_time:
                    if copy:
                        return self.copy()
                    if t != self.t.time:  # faults are only injected if not run yet
                        self.set_vars(**disturbances)
                        self.inject_faults(faults)
                self.t.update_time(t)
                if self.t.executing:
                    self.update_stochastic_states()
                    self.update_dynamic_behaviors(proptype=proptype)
                    self.update_static_behaviors(proptype=proptype)
                    self.set_sub_faults()
                    if inc_at == "all" or (inc_at == "time" and t == time):
                        self.inc_sim_time()
                        self.h.log(self, self.t.t_ind, self.t.time)
                    if self.sp.end_condition:
                        if get_var(self, self.sp.end_condition)():
                            break
    
            if end_of_simulation:
                self.cut_hist()
        except Exception as e:
&gt;           raise Exception("Error simulating " + self.name +
                            " of class " + self.__class__.__name__ +
                            " at time=" + str(self.t.time)) from e
E           Exception: Error simulating move_water of class MoveWat at time=0.0

fmdtools/define/block/base.py:808: Exception

The above exception was the direct cause of the following exception:

self = Simulation with SimEvents:
- end=SimEvent(to_return={'classify': None})
kwargs = {}

    def __call__(self, **kwargs):
        """Run the sim, save its results (if needed), return its result and history."""
        try:
&gt;           self.run(**kwargs)

fmdtools/sim/propagate.py:480: 
_ _ _ _ _ _ _ _ _ _ _ _ _ _ _ _ _ _ _ _ _ _ _ _ _ _ _ _ _ _ _ _ _ _ _ _ _ _ _ _ 
fmdtools/sim/propagate.py:632: in run
    simevent.run(self.mdl, scen=self.scen, **kwargs)
fmdtools/sim/propagate.py:397: in run
    mdl(time=self.time, **kwar)
_ _ _ _ _ _ _ _ _ _ _ _ _ _ _ _ _ _ _ _ _ _ _ _ _ _ _ _ _ _ _ _ _ _ _ _ _ _ _ _ 

self = pump Pump
- t=Time(time=0.0, timers={})
- m=Mode(mode='nominal', faults=set(), sub_faults=False)
- r=Rand(seed=9068466...minal', faults=set(), sub_faults=False))
- export_water=ExportWater(m=(mode='nominal', faults=set(), sub_faults=False))
time = 55.0, proptype = 'both', faults = [], disturbances = {}, inc_at = 'all'
end_of_simulation = True, copy = False

    def __call__(self, time=None, proptype="both", faults=[], disturbances={},
                 inc_at="all", end_of_simulation=False, copy=False):
        """
        Call the Simulable to propagate behavior at a single time-step.
    
        Parameters
        ----------
        time : float/'end'
            Time at which to simulate the Simulable. Default is None, which uses
            self.t.time. If 'end' is provided, will be simulated until the end of
            the simulation (sp.end_time or sp.end_condition)
        proptype : str
            Type of propagation step to update ('static', 'dynamic', or 'both')
        faults : dict/list
            Faults to inject during this propagation step. (to be injected at time.)
            With structure ['fault1', 'fault2'...]
        disturbances : dict
            Variables to change during this propagation step. (to be injected at time.)
            With structure {'var1': value}
        inc_at : bool
            When to increment the history. If "all", increment at each time the sim
            iterates through. If "time", increment only at t==time.
        end_of_simulation : bool
            Whether this is the end of the simulation (and history should be cut).
        copy : bool
            If true, returns a copy of the model just before fault injection and
            stops simulation
        """
        try:
            if time == 'end':
                time = self.sp.end_time
            start_time, end_time = self.t.get_sim_times(time)
            sim_times = self.sp.get_timerange(start_time, end_time)
            for t in sim_times:
                if t == end_time:
                    if copy:
                        return self.copy()
                    if t != self.t.time:  # faults are only injected if not run yet
                        self.set_vars(**disturbances)
                        self.inject_faults(faults)
                self.t.update_time(t)
                if self.t.executing:
                    self.update_stochastic_states()
                    self.update_dynamic_behaviors(proptype=proptype)
                    self.update_static_behaviors(proptype=proptype)
                    self.set_sub_faults()
                    if inc_at == "all" or (inc_at == "time" and t == time):
                        self.inc_sim_time()
                        self.h.log(self, self.t.t_ind, self.t.time)
                    if self.sp.end_condition:
                        if get_var(self, self.sp.end_condition)():
                            break
    
            if end_of_simulation:
                self.cut_hist()
        except Exception as e:
&gt;           raise Exception("Error simulating " + self.name +
                            " of class " + self.__class__.__name__ +
                            " at time=" + str(self.t.time)) from e
E           Exception: Error simulating pump of class Pump at time=0.0

fmdtools/define/block/base.py:808: Exception

The above exception was the direct cause of the following exception:

self = MultiSimulation of
ParameterSample of scenarios:
 - rep0_var_0
 - rep1_var_1
 - rep2_var_2
 - rep3_var_3
 - rep4_var_4
 - rep5_var_5
 - rep6_var_6
 - rep7_var_7
 - rep8_var_8
 - rep9_var_9
 - ... (20 total)
kwargs = {}

    def __call__(self, **kwargs):
        """Run the sim, save its results (if needed), return its result and history."""
        try:
&gt;           self.run(**kwargs)

fmdtools/sim/propagate.py:480: 
_ _ _ _ _ _ _ _ _ _ _ _ _ _ _ _ _ _ _ _ _ _ _ _ _ _ _ _ _ _ _ _ _ _ _ _ _ _ _ _ 
fmdtools/sim/propagate.py:831: in run
    res_list = list(tqdm.tqdm(runner(inputs),
../fmdtools-full/lib/python3.11/site-packages/tqdm/std.py:1169: in __iter__
    for obj in iterable:
fmdtools/sim/propagate.py:682: in exec_sim
    return sim()
           ^^^^^
fmdtools/sim/propagate.py:620: in __call__
    res, hist = super().__call__(**kwargs)
                ^^^^^^^^^^^^^^^^^^^^^^^^^^
_ _ _ _ _ _ _ _ _ _ _ _ _ _ _ _ _ _ _ _ _ _ _ _ _ _ _ _ _ _ _ _ _ _ _ _ _ _ _ _ 

self = Simulation with SimEvents:
- end=SimEvent(to_return={'classify': None})
kwargs = {}

    def __call__(self, **kwargs):
        """Run the sim, save its results (if needed), return its result and history."""
        try:
            self.run(**kwargs)
        except Exception as e:
&gt;           raise Exception("Error simulating "+self.name+" scenario(s)") from e
E           Exception: Error simulating rep0_var_0 scenario(s)

fmdtools/sim/propagate.py:482: Exception

The above exception was the direct cause of the following exception:

self = &lt;examples.pump.test_pump_stochastic.StochasticPumpTests testMethod=test_rand_paramsample_plot&gt;

    def test_rand_paramsample_plot(self):
        ps = ParameterSample()
        ps.add_variable_replicates([], 20)
        mdl = Pump(sp=dict(run_stochastic=True))
&gt;       res, hist = prop.parameter_sample(mdl, ps, warn_faults=False, showprogress=False)
                    ^^^^^^^^^^^^^^^^^^^^^^^^^^^^^^^^^^^^^^^^^^^^^^^^^^^^^^^^^^^^^^^^^^^^^

examples/pump/test_pump_stochastic.py:244: 
_ _ _ _ _ _ _ _ _ _ _ _ _ _ _ _ _ _ _ _ _ _ _ _ _ _ _ _ _ _ _ _ _ _ _ _ _ _ _ _ 
fmdtools/sim/propagate.py:120: in parameter_sample
    return sim(**get_sim_call_kwargs(sim, **kwargs))
           ^^^^^^^^^^^^^^^^^^^^^^^^^^^^^^^^^^^^^^^^^
_ _ _ _ _ _ _ _ _ _ _ _ _ _ _ _ _ _ _ _ _ _ _ _ _ _ _ _ _ _ _ _ _ _ _ _ _ _ _ _ 

self = MultiSimulation of
ParameterSample of scenarios:
 - rep0_var_0
 - rep1_var_1
 - rep2_var_2
 - rep3_var_3
 - rep4_var_4
 - rep5_var_5
 - rep6_var_6
 - rep7_var_7
 - rep8_var_8
 - rep9_var_9
 - ... (20 total)
kwargs = {}

    def __call__(self, **kwargs):
        """Run the sim, save its results (if needed), return its result and history."""
        try:
            self.run(**kwargs)
        except Exception as e:
&gt;           raise Exception("Error simulating "+self.name+" scenario(s)") from e
E           Exception: Error simulating parameter sample scenario(s)

fmdtools/sim/propagate.py:482: Exception</failure></testcase><testcase classname="examples.pump.test_pump_stochastic.StochasticPumpTests" name="test_run_approach" time="0.079"><failure message="Exception: Error simulating parameter sample scenario(s)">self = move_water MoveWat
- t=MoveWatTime(time=0.0, timers={'pressure_limit': Timer pressure_limit: mode= standby, time= 0.0}...(flowrate=0.0, pressure=0.0, area=1.0, level=1.0))
- wat_out=Water(s=(flowrate=0.0, pressure=0.0, area=1.0, level=1.0))
time = 0.0, proptype = 'static-once', faults = [], disturbances = {}
inc_at = '', end_of_simulation = False, copy = False

    def __call__(self, time=None, proptype="both", faults=[], disturbances={},
                 inc_at="all", end_of_simulation=False, copy=False):
        """
        Call the Simulable to propagate behavior at a single time-step.
    
        Parameters
        ----------
        time : float/'end'
            Time at which to simulate the Simulable. Default is None, which uses
            self.t.time. If 'end' is provided, will be simulated until the end of
            the simulation (sp.end_time or sp.end_condition)
        proptype : str
            Type of propagation step to update ('static', 'dynamic', or 'both')
        faults : dict/list
            Faults to inject during this propagation step. (to be injected at time.)
            With structure ['fault1', 'fault2'...]
        disturbances : dict
            Variables to change during this propagation step. (to be injected at time.)
            With structure {'var1': value}
        inc_at : bool
            When to increment the history. If "all", increment at each time the sim
            iterates through. If "time", increment only at t==time.
        end_of_simulation : bool
            Whether this is the end of the simulation (and history should be cut).
        copy : bool
            If true, returns a copy of the model just before fault injection and
            stops simulation
        """
        try:
            if time == 'end':
                time = self.sp.end_time
            start_time, end_time = self.t.get_sim_times(time)
            sim_times = self.sp.get_timerange(start_time, end_time)
            for t in sim_times:
                if t == end_time:
                    if copy:
                        return self.copy()
                    if t != self.t.time:  # faults are only injected if not run yet
                        self.set_vars(**disturbances)
                        self.inject_faults(faults)
                self.t.update_time(t)
                if self.t.executing:
                    self.update_stochastic_states()
                    self.update_dynamic_behaviors(proptype=proptype)
&gt;                   self.update_static_behaviors(proptype=proptype)

fmdtools/define/block/base.py:796: 
_ _ _ _ _ _ _ _ _ _ _ _ _ _ _ _ _ _ _ _ _ _ _ _ _ _ _ _ _ _ _ _ _ _ _ _ _ _ _ _ 
fmdtools/define/block/base.py:728: in update_static_behaviors
    self.execute_static_behaviors()
fmdtools/define/block/base.py:734: in execute_static_behaviors
    self.static_behavior()
examples/pump/pump_stochastic.py:116: in static_behavior
    super().static_behavior()
_ _ _ _ _ _ _ _ _ _ _ _ _ _ _ _ _ _ _ _ _ _ _ _ _ _ _ _ _ _ _ _ _ _ _ _ _ _ _ _ 

self = move_water MoveWat
- t=MoveWatTime(time=0.0, timers={'pressure_limit': Timer pressure_limit: mode= standby, time= 0.0}...(flowrate=0.0, pressure=0.0, area=1.0, level=1.0))
- wat_out=Water(s=(flowrate=0.0, pressure=0.0, area=1.0, level=1.0))

    def static_behavior(self):
        """Define how the function will behave with different faults."""
        self.set_faults()
        if self.m.has_fault('short'):
            self.ee_in.s.current = 500*10/5000*self.sig_in.s.power*self.ee_in.s.voltage
            self.s.eff = 0.0
        elif self.m.has_fault('mech_break'):
            self.ee_in.s.current = 0.2*10/5000*self.sig_in.s.power*self.ee_in.s.voltage
            self.s.eff = 0.0
        else:
            self.ee_in.s.current = 10/5000*self.sig_in.s.power * \
                self.ee_in.s.voltage*min(13.0, self.wat_out.s.pressure)
            # if we wanted to enforce nominall eff state, we would include:
            # self.s.eff = 1.0
    
        velocity = self.sig_in.s.power*self.s.eff * \
            min(1000, self.ee_in.s.voltage)*self.wat_in.s.level
        self.wat_out.s.pressure = 10/500 * velocity/self.wat_out.s.area
        self.wat_out.s.flowrate = 0.3/500 * velocity*self.wat_out.s.area
    
        self.wat_in.s.assign(self.wat_out.s, 'pressure', 'flowrate')
&gt;       print(a)
              ^
E       NameError: name 'a' is not defined

examples/pump/ex_pump.py:436: NameError

The above exception was the direct cause of the following exception:

self = pump Pump
- t=Time(time=0.0, timers={})
- m=Mode(mode='nominal', faults=set(), sub_faults=False)
- r=Rand(seed=6848322...minal', faults=set(), sub_faults=False))
- export_water=ExportWater(m=(mode='nominal', faults=set(), sub_faults=False))
time = 55.0, proptype = 'both', faults = [], disturbances = {}, inc_at = 'all'
end_of_simulation = True, copy = False

    def __call__(self, time=None, proptype="both", faults=[], disturbances={},
                 inc_at="all", end_of_simulation=False, copy=False):
        """
        Call the Simulable to propagate behavior at a single time-step.
    
        Parameters
        ----------
        time : float/'end'
            Time at which to simulate the Simulable. Default is None, which uses
            self.t.time. If 'end' is provided, will be simulated until the end of
            the simulation (sp.end_time or sp.end_condition)
        proptype : str
            Type of propagation step to update ('static', 'dynamic', or 'both')
        faults : dict/list
            Faults to inject during this propagation step. (to be injected at time.)
            With structure ['fault1', 'fault2'...]
        disturbances : dict
            Variables to change during this propagation step. (to be injected at time.)
            With structure {'var1': value}
        inc_at : bool
            When to increment the history. If "all", increment at each time the sim
            iterates through. If "time", increment only at t==time.
        end_of_simulation : bool
            Whether this is the end of the simulation (and history should be cut).
        copy : bool
            If true, returns a copy of the model just before fault injection and
            stops simulation
        """
        try:
            if time == 'end':
                time = self.sp.end_time
            start_time, end_time = self.t.get_sim_times(time)
            sim_times = self.sp.get_timerange(start_time, end_time)
            for t in sim_times:
                if t == end_time:
                    if copy:
                        return self.copy()
                    if t != self.t.time:  # faults are only injected if not run yet
                        self.set_vars(**disturbances)
                        self.inject_faults(faults)
                self.t.update_time(t)
                if self.t.executing:
                    self.update_stochastic_states()
                    self.update_dynamic_behaviors(proptype=proptype)
&gt;                   self.update_static_behaviors(proptype=proptype)

fmdtools/define/block/base.py:796: 
_ _ _ _ _ _ _ _ _ _ _ _ _ _ _ _ _ _ _ _ _ _ _ _ _ _ _ _ _ _ _ _ _ _ _ _ _ _ _ _ 
fmdtools/define/block/base.py:724: in update_static_behaviors
    self.execute_static_behaviors()
fmdtools/define/block/base.py:732: in execute_static_behaviors
    self.update_arch_behaviors("static")
fmdtools/define/architecture/base.py:163: in update_arch_behaviors
    self.prop_static()
fmdtools/define/architecture/base.py:203: in prop_static
    sim(time=self.t.time, proptype='static-once', inc_at="")
_ _ _ _ _ _ _ _ _ _ _ _ _ _ _ _ _ _ _ _ _ _ _ _ _ _ _ _ _ _ _ _ _ _ _ _ _ _ _ _ 

self = move_water MoveWat
- t=MoveWatTime(time=0.0, timers={'pressure_limit': Timer pressure_limit: mode= standby, time= 0.0}...(flowrate=0.0, pressure=0.0, area=1.0, level=1.0))
- wat_out=Water(s=(flowrate=0.0, pressure=0.0, area=1.0, level=1.0))
time = 0.0, proptype = 'static-once', faults = [], disturbances = {}
inc_at = '', end_of_simulation = False, copy = False

    def __call__(self, time=None, proptype="both", faults=[], disturbances={},
                 inc_at="all", end_of_simulation=False, copy=False):
        """
        Call the Simulable to propagate behavior at a single time-step.
    
        Parameters
        ----------
        time : float/'end'
            Time at which to simulate the Simulable. Default is None, which uses
            self.t.time. If 'end' is provided, will be simulated until the end of
            the simulation (sp.end_time or sp.end_condition)
        proptype : str
            Type of propagation step to update ('static', 'dynamic', or 'both')
        faults : dict/list
            Faults to inject during this propagation step. (to be injected at time.)
            With structure ['fault1', 'fault2'...]
        disturbances : dict
            Variables to change during this propagation step. (to be injected at time.)
            With structure {'var1': value}
        inc_at : bool
            When to increment the history. If "all", increment at each time the sim
            iterates through. If "time", increment only at t==time.
        end_of_simulation : bool
            Whether this is the end of the simulation (and history should be cut).
        copy : bool
            If true, returns a copy of the model just before fault injection and
            stops simulation
        """
        try:
            if time == 'end':
                time = self.sp.end_time
            start_time, end_time = self.t.get_sim_times(time)
            sim_times = self.sp.get_timerange(start_time, end_time)
            for t in sim_times:
                if t == end_time:
                    if copy:
                        return self.copy()
                    if t != self.t.time:  # faults are only injected if not run yet
                        self.set_vars(**disturbances)
                        self.inject_faults(faults)
                self.t.update_time(t)
                if self.t.executing:
                    self.update_stochastic_states()
                    self.update_dynamic_behaviors(proptype=proptype)
                    self.update_static_behaviors(proptype=proptype)
                    self.set_sub_faults()
                    if inc_at == "all" or (inc_at == "time" and t == time):
                        self.inc_sim_time()
                        self.h.log(self, self.t.t_ind, self.t.time)
                    if self.sp.end_condition:
                        if get_var(self, self.sp.end_condition)():
                            break
    
            if end_of_simulation:
                self.cut_hist()
        except Exception as e:
&gt;           raise Exception("Error simulating " + self.name +
                            " of class " + self.__class__.__name__ +
                            " at time=" + str(self.t.time)) from e
E           Exception: Error simulating move_water of class MoveWat at time=0.0

fmdtools/define/block/base.py:808: Exception

The above exception was the direct cause of the following exception:

self = Simulation with SimEvents:
- end=SimEvent(), kwargs = {}

    def __call__(self, **kwargs):
        """Run the sim, save its results (if needed), return its result and history."""
        try:
&gt;           self.run(**kwargs)

fmdtools/sim/propagate.py:480: 
_ _ _ _ _ _ _ _ _ _ _ _ _ _ _ _ _ _ _ _ _ _ _ _ _ _ _ _ _ _ _ _ _ _ _ _ _ _ _ _ 
fmdtools/sim/propagate.py:632: in run
    simevent.run(self.mdl, scen=self.scen, **kwargs)
fmdtools/sim/propagate.py:397: in run
    mdl(time=self.time, **kwar)
_ _ _ _ _ _ _ _ _ _ _ _ _ _ _ _ _ _ _ _ _ _ _ _ _ _ _ _ _ _ _ _ _ _ _ _ _ _ _ _ 

self = pump Pump
- t=Time(time=0.0, timers={})
- m=Mode(mode='nominal', faults=set(), sub_faults=False)
- r=Rand(seed=6848322...minal', faults=set(), sub_faults=False))
- export_water=ExportWater(m=(mode='nominal', faults=set(), sub_faults=False))
time = 55.0, proptype = 'both', faults = [], disturbances = {}, inc_at = 'all'
end_of_simulation = True, copy = False

    def __call__(self, time=None, proptype="both", faults=[], disturbances={},
                 inc_at="all", end_of_simulation=False, copy=False):
        """
        Call the Simulable to propagate behavior at a single time-step.
    
        Parameters
        ----------
        time : float/'end'
            Time at which to simulate the Simulable. Default is None, which uses
            self.t.time. If 'end' is provided, will be simulated until the end of
            the simulation (sp.end_time or sp.end_condition)
        proptype : str
            Type of propagation step to update ('static', 'dynamic', or 'both')
        faults : dict/list
            Faults to inject during this propagation step. (to be injected at time.)
            With structure ['fault1', 'fault2'...]
        disturbances : dict
            Variables to change during this propagation step. (to be injected at time.)
            With structure {'var1': value}
        inc_at : bool
            When to increment the history. If "all", increment at each time the sim
            iterates through. If "time", increment only at t==time.
        end_of_simulation : bool
            Whether this is the end of the simulation (and history should be cut).
        copy : bool
            If true, returns a copy of the model just before fault injection and
            stops simulation
        """
        try:
            if time == 'end':
                time = self.sp.end_time
            start_time, end_time = self.t.get_sim_times(time)
            sim_times = self.sp.get_timerange(start_time, end_time)
            for t in sim_times:
                if t == end_time:
                    if copy:
                        return self.copy()
                    if t != self.t.time:  # faults are only injected if not run yet
                        self.set_vars(**disturbances)
                        self.inject_faults(faults)
                self.t.update_time(t)
                if self.t.executing:
                    self.update_stochastic_states()
                    self.update_dynamic_behaviors(proptype=proptype)
                    self.update_static_behaviors(proptype=proptype)
                    self.set_sub_faults()
                    if inc_at == "all" or (inc_at == "time" and t == time):
                        self.inc_sim_time()
                        self.h.log(self, self.t.t_ind, self.t.time)
                    if self.sp.end_condition:
                        if get_var(self, self.sp.end_condition)():
                            break
    
            if end_of_simulation:
                self.cut_hist()
        except Exception as e:
&gt;           raise Exception("Error simulating " + self.name +
                            " of class " + self.__class__.__name__ +
                            " at time=" + str(self.t.time)) from e
E           Exception: Error simulating pump of class Pump at time=0.0

fmdtools/define/block/base.py:808: Exception

The above exception was the direct cause of the following exception:

self = MultiSimulation of
ParameterSample of scenarios:
 - rep0_var_0
 - rep1_var_1
 - rep2_var_2
 - rep3_var_3
 - rep4_var_4
 - rep5_var_5
 - rep6_var_6
 - rep7_var_7
 - rep8_var_8
 - rep9_var_9
 - ... (1000 total)
kwargs = {}

    def __call__(self, **kwargs):
        """Run the sim, save its results (if needed), return its result and history."""
        try:
&gt;           self.run(**kwargs)

fmdtools/sim/propagate.py:480: 
_ _ _ _ _ _ _ _ _ _ _ _ _ _ _ _ _ _ _ _ _ _ _ _ _ _ _ _ _ _ _ _ _ _ _ _ _ _ _ _ 
fmdtools/sim/propagate.py:831: in run
    res_list = list(tqdm.tqdm(runner(inputs),
../fmdtools-full/lib/python3.11/site-packages/tqdm/std.py:1169: in __iter__
    for obj in iterable:
fmdtools/sim/propagate.py:682: in exec_sim
    return sim()
           ^^^^^
fmdtools/sim/propagate.py:620: in __call__
    res, hist = super().__call__(**kwargs)
                ^^^^^^^^^^^^^^^^^^^^^^^^^^
_ _ _ _ _ _ _ _ _ _ _ _ _ _ _ _ _ _ _ _ _ _ _ _ _ _ _ _ _ _ _ _ _ _ _ _ _ _ _ _ 

self = Simulation with SimEvents:
- end=SimEvent(), kwargs = {}

    def __call__(self, **kwargs):
        """Run the sim, save its results (if needed), return its result and history."""
        try:
            self.run(**kwargs)
        except Exception as e:
&gt;           raise Exception("Error simulating "+self.name+" scenario(s)") from e
E           Exception: Error simulating rep0_var_0 scenario(s)

fmdtools/sim/propagate.py:482: Exception

The above exception was the direct cause of the following exception:

self = &lt;examples.pump.test_pump_stochastic.StochasticPumpTests testMethod=test_run_approach&gt;

    def test_run_approach(self):
        """Test that random behaviors average out."""
        mdl = Pump(track={'fxns': {'move_water': "r"}}, sp=dict(run_stochastic=True))
        ps = ParameterSample()
        ps.add_variable_replicates([], replicates=1000)
&gt;       res, hist = prop.parameter_sample(mdl, ps, showprogress=False,
                                          warn_faults=False,
                                          to_return={})

examples/pump/test_pump_stochastic.py:91: 
_ _ _ _ _ _ _ _ _ _ _ _ _ _ _ _ _ _ _ _ _ _ _ _ _ _ _ _ _ _ _ _ _ _ _ _ _ _ _ _ 
fmdtools/sim/propagate.py:120: in parameter_sample
    return sim(**get_sim_call_kwargs(sim, **kwargs))
           ^^^^^^^^^^^^^^^^^^^^^^^^^^^^^^^^^^^^^^^^^
_ _ _ _ _ _ _ _ _ _ _ _ _ _ _ _ _ _ _ _ _ _ _ _ _ _ _ _ _ _ _ _ _ _ _ _ _ _ _ _ 

self = MultiSimulation of
ParameterSample of scenarios:
 - rep0_var_0
 - rep1_var_1
 - rep2_var_2
 - rep3_var_3
 - rep4_var_4
 - rep5_var_5
 - rep6_var_6
 - rep7_var_7
 - rep8_var_8
 - rep9_var_9
 - ... (1000 total)
kwargs = {}

    def __call__(self, **kwargs):
        """Run the sim, save its results (if needed), return its result and history."""
        try:
            self.run(**kwargs)
        except Exception as e:
&gt;           raise Exception("Error simulating "+self.name+" scenario(s)") from e
E           Exception: Error simulating parameter sample scenario(s)

fmdtools/sim/propagate.py:482: Exception</failure></testcase><testcase classname="examples.pump.test_pump_stochastic.StochasticPumpTests" name="test_run_safety" time="0.064"><failure message="Exception: Error simulating nominal scenario(s)">self = move_water MoveWat
- t=MoveWatTime(time=0.0, timers={'pressure_limit': Timer pressure_limit: mode= standby, time= 0.0}...(flowrate=0.0, pressure=0.0, area=1.0, level=1.0))
- wat_out=Water(s=(flowrate=0.0, pressure=0.0, area=1.0, level=1.0))
time = 0.0, proptype = 'static-once', faults = [], disturbances = {}
inc_at = '', end_of_simulation = False, copy = False

    def __call__(self, time=None, proptype="both", faults=[], disturbances={},
                 inc_at="all", end_of_simulation=False, copy=False):
        """
        Call the Simulable to propagate behavior at a single time-step.
    
        Parameters
        ----------
        time : float/'end'
            Time at which to simulate the Simulable. Default is None, which uses
            self.t.time. If 'end' is provided, will be simulated until the end of
            the simulation (sp.end_time or sp.end_condition)
        proptype : str
            Type of propagation step to update ('static', 'dynamic', or 'both')
        faults : dict/list
            Faults to inject during this propagation step. (to be injected at time.)
            With structure ['fault1', 'fault2'...]
        disturbances : dict
            Variables to change during this propagation step. (to be injected at time.)
            With structure {'var1': value}
        inc_at : bool
            When to increment the history. If "all", increment at each time the sim
            iterates through. If "time", increment only at t==time.
        end_of_simulation : bool
            Whether this is the end of the simulation (and history should be cut).
        copy : bool
            If true, returns a copy of the model just before fault injection and
            stops simulation
        """
        try:
            if time == 'end':
                time = self.sp.end_time
            start_time, end_time = self.t.get_sim_times(time)
            sim_times = self.sp.get_timerange(start_time, end_time)
            for t in sim_times:
                if t == end_time:
                    if copy:
                        return self.copy()
                    if t != self.t.time:  # faults are only injected if not run yet
                        self.set_vars(**disturbances)
                        self.inject_faults(faults)
                self.t.update_time(t)
                if self.t.executing:
                    self.update_stochastic_states()
                    self.update_dynamic_behaviors(proptype=proptype)
&gt;                   self.update_static_behaviors(proptype=proptype)

fmdtools/define/block/base.py:796: 
_ _ _ _ _ _ _ _ _ _ _ _ _ _ _ _ _ _ _ _ _ _ _ _ _ _ _ _ _ _ _ _ _ _ _ _ _ _ _ _ 
fmdtools/define/block/base.py:728: in update_static_behaviors
    self.execute_static_behaviors()
fmdtools/define/block/base.py:734: in execute_static_behaviors
    self.static_behavior()
examples/pump/pump_stochastic.py:116: in static_behavior
    super().static_behavior()
_ _ _ _ _ _ _ _ _ _ _ _ _ _ _ _ _ _ _ _ _ _ _ _ _ _ _ _ _ _ _ _ _ _ _ _ _ _ _ _ 

self = move_water MoveWat
- t=MoveWatTime(time=0.0, timers={'pressure_limit': Timer pressure_limit: mode= standby, time= 0.0}...(flowrate=0.0, pressure=0.0, area=1.0, level=1.0))
- wat_out=Water(s=(flowrate=0.0, pressure=0.0, area=1.0, level=1.0))

    def static_behavior(self):
        """Define how the function will behave with different faults."""
        self.set_faults()
        if self.m.has_fault('short'):
            self.ee_in.s.current = 500*10/5000*self.sig_in.s.power*self.ee_in.s.voltage
            self.s.eff = 0.0
        elif self.m.has_fault('mech_break'):
            self.ee_in.s.current = 0.2*10/5000*self.sig_in.s.power*self.ee_in.s.voltage
            self.s.eff = 0.0
        else:
            self.ee_in.s.current = 10/5000*self.sig_in.s.power * \
                self.ee_in.s.voltage*min(13.0, self.wat_out.s.pressure)
            # if we wanted to enforce nominall eff state, we would include:
            # self.s.eff = 1.0
    
        velocity = self.sig_in.s.power*self.s.eff * \
            min(1000, self.ee_in.s.voltage)*self.wat_in.s.level
        self.wat_out.s.pressure = 10/500 * velocity/self.wat_out.s.area
        self.wat_out.s.flowrate = 0.3/500 * velocity*self.wat_out.s.area
    
        self.wat_in.s.assign(self.wat_out.s, 'pressure', 'flowrate')
&gt;       print(a)
              ^
E       NameError: name 'a' is not defined

examples/pump/ex_pump.py:436: NameError

The above exception was the direct cause of the following exception:

self = pump Pump
- t=Time(time=0.0, timers={})
- m=Mode(mode='nominal', faults=set(), sub_faults=False)
- r=Rand(seed=1)
FLOW...minal', faults=set(), sub_faults=False))
- export_water=ExportWater(m=(mode='nominal', faults=set(), sub_faults=False))
time = 55.0, proptype = 'both', faults = [], disturbances = {}, inc_at = 'all'
end_of_simulation = True, copy = False

    def __call__(self, time=None, proptype="both", faults=[], disturbances={},
                 inc_at="all", end_of_simulation=False, copy=False):
        """
        Call the Simulable to propagate behavior at a single time-step.
    
        Parameters
        ----------
        time : float/'end'
            Time at which to simulate the Simulable. Default is None, which uses
            self.t.time. If 'end' is provided, will be simulated until the end of
            the simulation (sp.end_time or sp.end_condition)
        proptype : str
            Type of propagation step to update ('static', 'dynamic', or 'both')
        faults : dict/list
            Faults to inject during this propagation step. (to be injected at time.)
            With structure ['fault1', 'fault2'...]
        disturbances : dict
            Variables to change during this propagation step. (to be injected at time.)
            With structure {'var1': value}
        inc_at : bool
            When to increment the history. If "all", increment at each time the sim
            iterates through. If "time", increment only at t==time.
        end_of_simulation : bool
            Whether this is the end of the simulation (and history should be cut).
        copy : bool
            If true, returns a copy of the model just before fault injection and
            stops simulation
        """
        try:
            if time == 'end':
                time = self.sp.end_time
            start_time, end_time = self.t.get_sim_times(time)
            sim_times = self.sp.get_timerange(start_time, end_time)
            for t in sim_times:
                if t == end_time:
                    if copy:
                        return self.copy()
                    if t != self.t.time:  # faults are only injected if not run yet
                        self.set_vars(**disturbances)
                        self.inject_faults(faults)
                self.t.update_time(t)
                if self.t.executing:
                    self.update_stochastic_states()
                    self.update_dynamic_behaviors(proptype=proptype)
&gt;                   self.update_static_behaviors(proptype=proptype)

fmdtools/define/block/base.py:796: 
_ _ _ _ _ _ _ _ _ _ _ _ _ _ _ _ _ _ _ _ _ _ _ _ _ _ _ _ _ _ _ _ _ _ _ _ _ _ _ _ 
fmdtools/define/block/base.py:724: in update_static_behaviors
    self.execute_static_behaviors()
fmdtools/define/block/base.py:732: in execute_static_behaviors
    self.update_arch_behaviors("static")
fmdtools/define/architecture/base.py:163: in update_arch_behaviors
    self.prop_static()
fmdtools/define/architecture/base.py:203: in prop_static
    sim(time=self.t.time, proptype='static-once', inc_at="")
_ _ _ _ _ _ _ _ _ _ _ _ _ _ _ _ _ _ _ _ _ _ _ _ _ _ _ _ _ _ _ _ _ _ _ _ _ _ _ _ 

self = move_water MoveWat
- t=MoveWatTime(time=0.0, timers={'pressure_limit': Timer pressure_limit: mode= standby, time= 0.0}...(flowrate=0.0, pressure=0.0, area=1.0, level=1.0))
- wat_out=Water(s=(flowrate=0.0, pressure=0.0, area=1.0, level=1.0))
time = 0.0, proptype = 'static-once', faults = [], disturbances = {}
inc_at = '', end_of_simulation = False, copy = False

    def __call__(self, time=None, proptype="both", faults=[], disturbances={},
                 inc_at="all", end_of_simulation=False, copy=False):
        """
        Call the Simulable to propagate behavior at a single time-step.
    
        Parameters
        ----------
        time : float/'end'
            Time at which to simulate the Simulable. Default is None, which uses
            self.t.time. If 'end' is provided, will be simulated until the end of
            the simulation (sp.end_time or sp.end_condition)
        proptype : str
            Type of propagation step to update ('static', 'dynamic', or 'both')
        faults : dict/list
            Faults to inject during this propagation step. (to be injected at time.)
            With structure ['fault1', 'fault2'...]
        disturbances : dict
            Variables to change during this propagation step. (to be injected at time.)
            With structure {'var1': value}
        inc_at : bool
            When to increment the history. If "all", increment at each time the sim
            iterates through. If "time", increment only at t==time.
        end_of_simulation : bool
            Whether this is the end of the simulation (and history should be cut).
        copy : bool
            If true, returns a copy of the model just before fault injection and
            stops simulation
        """
        try:
            if time == 'end':
                time = self.sp.end_time
            start_time, end_time = self.t.get_sim_times(time)
            sim_times = self.sp.get_timerange(start_time, end_time)
            for t in sim_times:
                if t == end_time:
                    if copy:
                        return self.copy()
                    if t != self.t.time:  # faults are only injected if not run yet
                        self.set_vars(**disturbances)
                        self.inject_faults(faults)
                self.t.update_time(t)
                if self.t.executing:
                    self.update_stochastic_states()
                    self.update_dynamic_behaviors(proptype=proptype)
                    self.update_static_behaviors(proptype=proptype)
                    self.set_sub_faults()
                    if inc_at == "all" or (inc_at == "time" and t == time):
                        self.inc_sim_time()
                        self.h.log(self, self.t.t_ind, self.t.time)
                    if self.sp.end_condition:
                        if get_var(self, self.sp.end_condition)():
                            break
    
            if end_of_simulation:
                self.cut_hist()
        except Exception as e:
&gt;           raise Exception("Error simulating " + self.name +
                            " of class " + self.__class__.__name__ +
                            " at time=" + str(self.t.time)) from e
E           Exception: Error simulating move_water of class MoveWat at time=0.0

fmdtools/define/block/base.py:808: Exception

The above exception was the direct cause of the following exception:

self = Simulation with SimEvents:
- end=SimEvent(to_return={'classify': None})
kwargs = {}

    def __call__(self, **kwargs):
        """Run the sim, save its results (if needed), return its result and history."""
        try:
&gt;           self.run(**kwargs)

fmdtools/sim/propagate.py:480: 
_ _ _ _ _ _ _ _ _ _ _ _ _ _ _ _ _ _ _ _ _ _ _ _ _ _ _ _ _ _ _ _ _ _ _ _ _ _ _ _ 
fmdtools/sim/propagate.py:632: in run
    simevent.run(self.mdl, scen=self.scen, **kwargs)
fmdtools/sim/propagate.py:397: in run
    mdl(time=self.time, **kwar)
_ _ _ _ _ _ _ _ _ _ _ _ _ _ _ _ _ _ _ _ _ _ _ _ _ _ _ _ _ _ _ _ _ _ _ _ _ _ _ _ 

self = pump Pump
- t=Time(time=0.0, timers={})
- m=Mode(mode='nominal', faults=set(), sub_faults=False)
- r=Rand(seed=1)
FLOW...minal', faults=set(), sub_faults=False))
- export_water=ExportWater(m=(mode='nominal', faults=set(), sub_faults=False))
time = 55.0, proptype = 'both', faults = [], disturbances = {}, inc_at = 'all'
end_of_simulation = True, copy = False

    def __call__(self, time=None, proptype="both", faults=[], disturbances={},
                 inc_at="all", end_of_simulation=False, copy=False):
        """
        Call the Simulable to propagate behavior at a single time-step.
    
        Parameters
        ----------
        time : float/'end'
            Time at which to simulate the Simulable. Default is None, which uses
            self.t.time. If 'end' is provided, will be simulated until the end of
            the simulation (sp.end_time or sp.end_condition)
        proptype : str
            Type of propagation step to update ('static', 'dynamic', or 'both')
        faults : dict/list
            Faults to inject during this propagation step. (to be injected at time.)
            With structure ['fault1', 'fault2'...]
        disturbances : dict
            Variables to change during this propagation step. (to be injected at time.)
            With structure {'var1': value}
        inc_at : bool
            When to increment the history. If "all", increment at each time the sim
            iterates through. If "time", increment only at t==time.
        end_of_simulation : bool
            Whether this is the end of the simulation (and history should be cut).
        copy : bool
            If true, returns a copy of the model just before fault injection and
            stops simulation
        """
        try:
            if time == 'end':
                time = self.sp.end_time
            start_time, end_time = self.t.get_sim_times(time)
            sim_times = self.sp.get_timerange(start_time, end_time)
            for t in sim_times:
                if t == end_time:
                    if copy:
                        return self.copy()
                    if t != self.t.time:  # faults are only injected if not run yet
                        self.set_vars(**disturbances)
                        self.inject_faults(faults)
                self.t.update_time(t)
                if self.t.executing:
                    self.update_stochastic_states()
                    self.update_dynamic_behaviors(proptype=proptype)
                    self.update_static_behaviors(proptype=proptype)
                    self.set_sub_faults()
                    if inc_at == "all" or (inc_at == "time" and t == time):
                        self.inc_sim_time()
                        self.h.log(self, self.t.t_ind, self.t.time)
                    if self.sp.end_condition:
                        if get_var(self, self.sp.end_condition)():
                            break
    
            if end_of_simulation:
                self.cut_hist()
        except Exception as e:
&gt;           raise Exception("Error simulating " + self.name +
                            " of class " + self.__class__.__name__ +
                            " at time=" + str(self.t.time)) from e
E           Exception: Error simulating pump of class Pump at time=0.0

fmdtools/define/block/base.py:808: Exception

The above exception was the direct cause of the following exception:

self = &lt;examples.pump.test_pump_stochastic.StochasticPumpTests testMethod=test_run_safety&gt;

    def test_run_safety(self):
        """Test so models with the same seed will run the same/produce same results."""
        for seed in [1, 10, 209840]:
            mdl = Pump(r={'seed': seed}, sp=dict(run_stochastic=True))
&gt;           res_1, hist_1 = prop.nominal(mdl, showprogress=False, warn_faults=False)
                            ^^^^^^^^^^^^^^^^^^^^^^^^^^^^^^^^^^^^^^^^^^^^^^^^^^^^^^^^

examples/pump/test_pump_stochastic.py:67: 
_ _ _ _ _ _ _ _ _ _ _ _ _ _ _ _ _ _ _ _ _ _ _ _ _ _ _ _ _ _ _ _ _ _ _ _ _ _ _ _ 
fmdtools/sim/propagate.py:92: in nominal
    return sim(**get_sim_call_kwargs(sim, **kwargs))
           ^^^^^^^^^^^^^^^^^^^^^^^^^^^^^^^^^^^^^^^^^
fmdtools/sim/propagate.py:620: in __call__
    res, hist = super().__call__(**kwargs)
                ^^^^^^^^^^^^^^^^^^^^^^^^^^
_ _ _ _ _ _ _ _ _ _ _ _ _ _ _ _ _ _ _ _ _ _ _ _ _ _ _ _ _ _ _ _ _ _ _ _ _ _ _ _ 

self = Simulation with SimEvents:
- end=SimEvent(to_return={'classify': None})
kwargs = {}

    def __call__(self, **kwargs):
        """Run the sim, save its results (if needed), return its result and history."""
        try:
            self.run(**kwargs)
        except Exception as e:
&gt;           raise Exception("Error simulating "+self.name+" scenario(s)") from e
E           Exception: Error simulating nominal scenario(s)

fmdtools/sim/propagate.py:482: Exception</failure></testcase><testcase classname="examples.pump.test_pump_stochastic.StochasticPumpTests" name="test_set_seeds" time="0.126" /><testcase classname="examples.pump.test_pump_stochastic.StochasticPumpTests" name="test_stochastic_pdf" time="0.042"><failure message="Exception: Error simulating pump of class Pump at time=0.0">self = move_water MoveWat
- t=MoveWatTime(time=0.0, timers={'pressure_limit': Timer pressure_limit: mode= standby, time= 0.0}...(flowrate=0.0, pressure=0.0, area=1.0, level=1.0))
- wat_out=Water(s=(flowrate=0.0, pressure=0.0, area=1.0, level=1.0))
time = 0.0, proptype = 'static-once', faults = [], disturbances = {}
inc_at = '', end_of_simulation = False, copy = False

    def __call__(self, time=None, proptype="both", faults=[], disturbances={},
                 inc_at="all", end_of_simulation=False, copy=False):
        """
        Call the Simulable to propagate behavior at a single time-step.
    
        Parameters
        ----------
        time : float/'end'
            Time at which to simulate the Simulable. Default is None, which uses
            self.t.time. If 'end' is provided, will be simulated until the end of
            the simulation (sp.end_time or sp.end_condition)
        proptype : str
            Type of propagation step to update ('static', 'dynamic', or 'both')
        faults : dict/list
            Faults to inject during this propagation step. (to be injected at time.)
            With structure ['fault1', 'fault2'...]
        disturbances : dict
            Variables to change during this propagation step. (to be injected at time.)
            With structure {'var1': value}
        inc_at : bool
            When to increment the history. If "all", increment at each time the sim
            iterates through. If "time", increment only at t==time.
        end_of_simulation : bool
            Whether this is the end of the simulation (and history should be cut).
        copy : bool
            If true, returns a copy of the model just before fault injection and
            stops simulation
        """
        try:
            if time == 'end':
                time = self.sp.end_time
            start_time, end_time = self.t.get_sim_times(time)
            sim_times = self.sp.get_timerange(start_time, end_time)
            for t in sim_times:
                if t == end_time:
                    if copy:
                        return self.copy()
                    if t != self.t.time:  # faults are only injected if not run yet
                        self.set_vars(**disturbances)
                        self.inject_faults(faults)
                self.t.update_time(t)
                if self.t.executing:
                    self.update_stochastic_states()
                    self.update_dynamic_behaviors(proptype=proptype)
&gt;                   self.update_static_behaviors(proptype=proptype)

fmdtools/define/block/base.py:796: 
_ _ _ _ _ _ _ _ _ _ _ _ _ _ _ _ _ _ _ _ _ _ _ _ _ _ _ _ _ _ _ _ _ _ _ _ _ _ _ _ 
fmdtools/define/block/base.py:728: in update_static_behaviors
    self.execute_static_behaviors()
fmdtools/define/block/base.py:734: in execute_static_behaviors
    self.static_behavior()
examples/pump/pump_stochastic.py:116: in static_behavior
    super().static_behavior()
_ _ _ _ _ _ _ _ _ _ _ _ _ _ _ _ _ _ _ _ _ _ _ _ _ _ _ _ _ _ _ _ _ _ _ _ _ _ _ _ 

self = move_water MoveWat
- t=MoveWatTime(time=0.0, timers={'pressure_limit': Timer pressure_limit: mode= standby, time= 0.0}...(flowrate=0.0, pressure=0.0, area=1.0, level=1.0))
- wat_out=Water(s=(flowrate=0.0, pressure=0.0, area=1.0, level=1.0))

    def static_behavior(self):
        """Define how the function will behave with different faults."""
        self.set_faults()
        if self.m.has_fault('short'):
            self.ee_in.s.current = 500*10/5000*self.sig_in.s.power*self.ee_in.s.voltage
            self.s.eff = 0.0
        elif self.m.has_fault('mech_break'):
            self.ee_in.s.current = 0.2*10/5000*self.sig_in.s.power*self.ee_in.s.voltage
            self.s.eff = 0.0
        else:
            self.ee_in.s.current = 10/5000*self.sig_in.s.power * \
                self.ee_in.s.voltage*min(13.0, self.wat_out.s.pressure)
            # if we wanted to enforce nominall eff state, we would include:
            # self.s.eff = 1.0
    
        velocity = self.sig_in.s.power*self.s.eff * \
            min(1000, self.ee_in.s.voltage)*self.wat_in.s.level
        self.wat_out.s.pressure = 10/500 * velocity/self.wat_out.s.area
        self.wat_out.s.flowrate = 0.3/500 * velocity*self.wat_out.s.area
    
        self.wat_in.s.assign(self.wat_out.s, 'pressure', 'flowrate')
&gt;       print(a)
              ^
E       NameError: name 'a' is not defined

examples/pump/ex_pump.py:436: NameError

The above exception was the direct cause of the following exception:

self = pump Pump
- t=Time(time=0.0, timers={})
- m=Mode(mode='nominal', faults=set(), sub_faults=False)
- r=Rand(seed=1)
FLOW...minal', faults=set(), sub_faults=False))
- export_water=ExportWater(m=(mode='nominal', faults=set(), sub_faults=False))
time = 1, proptype = 'both', faults = [], disturbances = {}, inc_at = 'all'
end_of_simulation = False, copy = False

    def __call__(self, time=None, proptype="both", faults=[], disturbances={},
                 inc_at="all", end_of_simulation=False, copy=False):
        """
        Call the Simulable to propagate behavior at a single time-step.
    
        Parameters
        ----------
        time : float/'end'
            Time at which to simulate the Simulable. Default is None, which uses
            self.t.time. If 'end' is provided, will be simulated until the end of
            the simulation (sp.end_time or sp.end_condition)
        proptype : str
            Type of propagation step to update ('static', 'dynamic', or 'both')
        faults : dict/list
            Faults to inject during this propagation step. (to be injected at time.)
            With structure ['fault1', 'fault2'...]
        disturbances : dict
            Variables to change during this propagation step. (to be injected at time.)
            With structure {'var1': value}
        inc_at : bool
            When to increment the history. If "all", increment at each time the sim
            iterates through. If "time", increment only at t==time.
        end_of_simulation : bool
            Whether this is the end of the simulation (and history should be cut).
        copy : bool
            If true, returns a copy of the model just before fault injection and
            stops simulation
        """
        try:
            if time == 'end':
                time = self.sp.end_time
            start_time, end_time = self.t.get_sim_times(time)
            sim_times = self.sp.get_timerange(start_time, end_time)
            for t in sim_times:
                if t == end_time:
                    if copy:
                        return self.copy()
                    if t != self.t.time:  # faults are only injected if not run yet
                        self.set_vars(**disturbances)
                        self.inject_faults(faults)
                self.t.update_time(t)
                if self.t.executing:
                    self.update_stochastic_states()
                    self.update_dynamic_behaviors(proptype=proptype)
&gt;                   self.update_static_behaviors(proptype=proptype)

fmdtools/define/block/base.py:796: 
_ _ _ _ _ _ _ _ _ _ _ _ _ _ _ _ _ _ _ _ _ _ _ _ _ _ _ _ _ _ _ _ _ _ _ _ _ _ _ _ 
fmdtools/define/block/base.py:724: in update_static_behaviors
    self.execute_static_behaviors()
fmdtools/define/block/base.py:732: in execute_static_behaviors
    self.update_arch_behaviors("static")
fmdtools/define/architecture/base.py:163: in update_arch_behaviors
    self.prop_static()
fmdtools/define/architecture/base.py:203: in prop_static
    sim(time=self.t.time, proptype='static-once', inc_at="")
_ _ _ _ _ _ _ _ _ _ _ _ _ _ _ _ _ _ _ _ _ _ _ _ _ _ _ _ _ _ _ _ _ _ _ _ _ _ _ _ 

self = move_water MoveWat
- t=MoveWatTime(time=0.0, timers={'pressure_limit': Timer pressure_limit: mode= standby, time= 0.0}...(flowrate=0.0, pressure=0.0, area=1.0, level=1.0))
- wat_out=Water(s=(flowrate=0.0, pressure=0.0, area=1.0, level=1.0))
time = 0.0, proptype = 'static-once', faults = [], disturbances = {}
inc_at = '', end_of_simulation = False, copy = False

    def __call__(self, time=None, proptype="both", faults=[], disturbances={},
                 inc_at="all", end_of_simulation=False, copy=False):
        """
        Call the Simulable to propagate behavior at a single time-step.
    
        Parameters
        ----------
        time : float/'end'
            Time at which to simulate the Simulable. Default is None, which uses
            self.t.time. If 'end' is provided, will be simulated until the end of
            the simulation (sp.end_time or sp.end_condition)
        proptype : str
            Type of propagation step to update ('static', 'dynamic', or 'both')
        faults : dict/list
            Faults to inject during this propagation step. (to be injected at time.)
            With structure ['fault1', 'fault2'...]
        disturbances : dict
            Variables to change during this propagation step. (to be injected at time.)
            With structure {'var1': value}
        inc_at : bool
            When to increment the history. If "all", increment at each time the sim
            iterates through. If "time", increment only at t==time.
        end_of_simulation : bool
            Whether this is the end of the simulation (and history should be cut).
        copy : bool
            If true, returns a copy of the model just before fault injection and
            stops simulation
        """
        try:
            if time == 'end':
                time = self.sp.end_time
            start_time, end_time = self.t.get_sim_times(time)
            sim_times = self.sp.get_timerange(start_time, end_time)
            for t in sim_times:
                if t == end_time:
                    if copy:
                        return self.copy()
                    if t != self.t.time:  # faults are only injected if not run yet
                        self.set_vars(**disturbances)
                        self.inject_faults(faults)
                self.t.update_time(t)
                if self.t.executing:
                    self.update_stochastic_states()
                    self.update_dynamic_behaviors(proptype=proptype)
                    self.update_static_behaviors(proptype=proptype)
                    self.set_sub_faults()
                    if inc_at == "all" or (inc_at == "time" and t == time):
                        self.inc_sim_time()
                        self.h.log(self, self.t.t_ind, self.t.time)
                    if self.sp.end_condition:
                        if get_var(self, self.sp.end_condition)():
                            break
    
            if end_of_simulation:
                self.cut_hist()
        except Exception as e:
&gt;           raise Exception("Error simulating " + self.name +
                            " of class " + self.__class__.__name__ +
                            " at time=" + str(self.t.time)) from e
E           Exception: Error simulating move_water of class MoveWat at time=0.0

fmdtools/define/block/base.py:808: Exception

The above exception was the direct cause of the following exception:

self = &lt;examples.pump.test_pump_stochastic.StochasticPumpTests testMethod=test_stochastic_pdf&gt;

    def test_stochastic_pdf(self):
        """Tests that (1) track_pdf option runs and (2) gives repeated
        probability density results under the same seed(s)"""
        testvals = [8.695319186944289,
                    49.32124529702974,
                    0.31327201999190035,
                    21.386958080811567,
                    3.3311929677576186,
                    9.066120598345039,
                    131.79987407014573,
                    5.81402243889764,
                    19.01081621541118]
        mdl = Pump(sp={'run_stochastic': True, 'track_pdf': True})
        for i in range(1, 10):
            mdl.update_seed(i)
&gt;           mdl(time=i)

examples/pump/test_pump_stochastic.py:59: 
_ _ _ _ _ _ _ _ _ _ _ _ _ _ _ _ _ _ _ _ _ _ _ _ _ _ _ _ _ _ _ _ _ _ _ _ _ _ _ _ 

self = pump Pump
- t=Time(time=0.0, timers={})
- m=Mode(mode='nominal', faults=set(), sub_faults=False)
- r=Rand(seed=1)
FLOW...minal', faults=set(), sub_faults=False))
- export_water=ExportWater(m=(mode='nominal', faults=set(), sub_faults=False))
time = 1, proptype = 'both', faults = [], disturbances = {}, inc_at = 'all'
end_of_simulation = False, copy = False

    def __call__(self, time=None, proptype="both", faults=[], disturbances={},
                 inc_at="all", end_of_simulation=False, copy=False):
        """
        Call the Simulable to propagate behavior at a single time-step.
    
        Parameters
        ----------
        time : float/'end'
            Time at which to simulate the Simulable. Default is None, which uses
            self.t.time. If 'end' is provided, will be simulated until the end of
            the simulation (sp.end_time or sp.end_condition)
        proptype : str
            Type of propagation step to update ('static', 'dynamic', or 'both')
        faults : dict/list
            Faults to inject during this propagation step. (to be injected at time.)
            With structure ['fault1', 'fault2'...]
        disturbances : dict
            Variables to change during this propagation step. (to be injected at time.)
            With structure {'var1': value}
        inc_at : bool
            When to increment the history. If "all", increment at each time the sim
            iterates through. If "time", increment only at t==time.
        end_of_simulation : bool
            Whether this is the end of the simulation (and history should be cut).
        copy : bool
            If true, returns a copy of the model just before fault injection and
            stops simulation
        """
        try:
            if time == 'end':
                time = self.sp.end_time
            start_time, end_time = self.t.get_sim_times(time)
            sim_times = self.sp.get_timerange(start_time, end_time)
            for t in sim_times:
                if t == end_time:
                    if copy:
                        return self.copy()
                    if t != self.t.time:  # faults are only injected if not run yet
                        self.set_vars(**disturbances)
                        self.inject_faults(faults)
                self.t.update_time(t)
                if self.t.executing:
                    self.update_stochastic_states()
                    self.update_dynamic_behaviors(proptype=proptype)
                    self.update_static_behaviors(proptype=proptype)
                    self.set_sub_faults()
                    if inc_at == "all" or (inc_at == "time" and t == time):
                        self.inc_sim_time()
                        self.h.log(self, self.t.t_ind, self.t.time)
                    if self.sp.end_condition:
                        if get_var(self, self.sp.end_condition)():
                            break
    
            if end_of_simulation:
                self.cut_hist()
        except Exception as e:
&gt;           raise Exception("Error simulating " + self.name +
                            " of class " + self.__class__.__name__ +
                            " at time=" + str(self.t.time)) from e
E           Exception: Error simulating pump of class Pump at time=0.0

fmdtools/define/block/base.py:808: Exception</failure></testcase><testcase classname="examples.rover.FaultSample_Use-Cases.ipynb" name="FaultSample_Use-Cases.ipynb" time="26.107" /><testcase classname="examples.rover.HFAC_Analyses.IDETC_Human_Paper_Analysis.ipynb" name="IDETC_Human_Paper_Analysis.ipynb" time="386.729"><failure message="A cell timed out while it was being executed, after 300 seconds.">A cell timed out while it was being executed, after 300 seconds.
The message was: Cell execution timed out.
Here is a preview of the cell contents:
-------------------
ers, hists = prop.parameter_sample(mdl, ps)
-------------------</failure></testcase><testcase classname="examples.rover.Model_Structure_Visualization_Tutorial.ipynb" name="Model_Structure_Visualization_Tutorial.ipynb" time="9.309"><failure message="#x1B[31mException#x1B[39m: Local timestep: 0.5 doesn't line up with global timestep: 1.0">---------------------------------------------------------------------------
mdl = Rover()
mtg = FunctionArchitectureTypeGraph(mdl)
fig, ax = mtg.draw()
#x1B[31m---------------------------------------------------------------------------#x1B[39m
#x1B[31mException#x1B[39m                                 Traceback (most recent call last)
#x1B[36mCell#x1B[39m#x1B[36m #x1B[39m#x1B[32mIn[10]#x1B[39m#x1B[32m, line 1#x1B[39m
#x1B[32m----&gt; #x1B[39m#x1B[32m1#x1B[39m mdl = #x1B[43mRover#x1B[49m#x1B[43m(#x1B[49m#x1B[43m)#x1B[49m
#x1B[32m      2#x1B[39m mtg = FunctionArchitectureTypeGraph(mdl)
#x1B[32m      3#x1B[39m fig, ax = mtg.draw()

#x1B[36mFile #x1B[39m#x1B[32m~/bamboo-agent-home/xml-data/build-dir/RAD-TEST-UVF/fmdtools-full/lib/python3.11/site-packages/fmdtools/define/architecture/base.py:109#x1B[39m, in #x1B[36mArchitecture.__init__#x1B[39m#x1B[34m(self, as_copy, h, *args, **kwargs)#x1B[39m
#x1B[32m    107#x1B[39m #x1B[38;5;28mself#x1B[39m._init_flexroles = []
#x1B[32m    108#x1B[39m #x1B[38;5;28mself#x1B[39m.init_flexible_roles(**kwargs)
#x1B[32m--&gt; #x1B[39m#x1B[32m109#x1B[39m #x1B[38;5;28;43mself#x1B[39;49m#x1B[43m.#x1B[49m#x1B[43minit_architecture#x1B[49m#x1B[43m(#x1B[49m#x1B[43m*#x1B[49m#x1B[43m*#x1B[49m#x1B[43mkwargs#x1B[49m#x1B[43m)#x1B[49m
#x1B[32m    110#x1B[39m #x1B[38;5;28mself#x1B[39m.build(**kwargs)
#x1B[32m    111#x1B[39m #x1B[38;5;28mself#x1B[39m.mut_kwargs = {role: kwargs.get(role)
#x1B[32m    112#x1B[39m                    #x1B[38;5;28;01mfor#x1B[39;00m role #x1B[38;5;129;01min#x1B[39;00m #x1B[38;5;28mself#x1B[39m.get_roles(#x1B[33m'#x1B[39m#x1B[33mcontainer#x1B[39m#x1B[33m'#x1B[39m, with_immutable=#x1B[38;5;28;01mFalse#x1B[39;00m)
#x1B[32m    113#x1B[39m                    #x1B[38;5;28;01mif#x1B[39;00m role #x1B[38;5;129;01min#x1B[39;00m kwargs}

#x1B[36mCell#x1B[39m#x1B[36m #x1B[39m#x1B[32mIn[8]#x1B[39m#x1B[32m, line 31#x1B[39m, in #x1B[36mRover.init_architecture#x1B[39m#x1B[34m(self, **kwargs)#x1B[39m
#x1B[32m     28#x1B[39m #x1B[38;5;28mself#x1B[39m.add_flow(#x1B[33m'#x1B[39m#x1B[33mcomms#x1B[39m#x1B[33m'#x1B[39m, Flow) #x1B[38;5;66;03m#{'x':0,'y':0}#x1B[39;00m
#x1B[32m     30#x1B[39m #x1B[38;5;28mself#x1B[39m.add_fxn(#x1B[33m"#x1B[39m#x1B[33mcontrol_rover#x1B[39m#x1B[33m"#x1B[39m, ControlRover, #x1B[33m"#x1B[39m#x1B[33mcontrol#x1B[39m#x1B[33m"#x1B[39m)
#x1B[32m---&gt; #x1B[39m#x1B[32m31#x1B[39m #x1B[38;5;28;43mself#x1B[39;49m#x1B[43m.#x1B[49m#x1B[43madd_fxn#x1B[49m#x1B[43m(#x1B[49m#x1B[33;43m"#x1B[39;49m#x1B[33;43mstore_energy#x1B[39;49m#x1B[33;43m"#x1B[39;49m#x1B[43m,#x1B[49m#x1B[43m #x1B[49m#x1B[43mStoreEnergy#x1B[49m#x1B[43m,#x1B[49m#x1B[43m  #x1B[49m#x1B[33;43m"#x1B[39;49m#x1B[33;43mee#x1B[39;49m#x1B[33;43m"#x1B[39;49m#x1B[43m,#x1B[49m#x1B[43m #x1B[49m#x1B[33;43m"#x1B[39;49m#x1B[33;43mcontrol#x1B[39;49m#x1B[33;43m"#x1B[39;49m#x1B[43m)#x1B[49m
#x1B[32m     32#x1B[39m #x1B[38;5;28mself#x1B[39m.add_fxn(#x1B[33m"#x1B[39m#x1B[33mmove_rover#x1B[39m#x1B[33m"#x1B[39m, MoveRover, #x1B[33m"#x1B[39m#x1B[33mground#x1B[39m#x1B[33m"#x1B[39m,#x1B[33m"#x1B[39m#x1B[33mee#x1B[39m#x1B[33m"#x1B[39m, #x1B[33m"#x1B[39m#x1B[33mcontrol#x1B[39m#x1B[33m"#x1B[39m, #x1B[33m"#x1B[39m#x1B[33mforce#x1B[39m#x1B[33m"#x1B[39m)
#x1B[32m     33#x1B[39m #x1B[38;5;28mself#x1B[39m.add_fxn(#x1B[33m"#x1B[39m#x1B[33mview_ground#x1B[39m#x1B[33m"#x1B[39m, ViewGround, #x1B[33m"#x1B[39m#x1B[33mground#x1B[39m#x1B[33m"#x1B[39m, #x1B[33m"#x1B[39m#x1B[33mee#x1B[39m#x1B[33m"#x1B[39m, #x1B[33m"#x1B[39m#x1B[33mvideo#x1B[39m#x1B[33m"#x1B[39m,#x1B[33m"#x1B[39m#x1B[33mforce#x1B[39m#x1B[33m"#x1B[39m)

#x1B[36mFile #x1B[39m#x1B[32m~/bamboo-agent-home/xml-data/build-dir/RAD-TEST-UVF/fmdtools-full/lib/python3.11/site-packages/fmdtools/define/architecture/function.py:508#x1B[39m, in #x1B[36mFunctionArchitecture.add_fxn#x1B[39m#x1B[34m(self, name, fclass, *flownames, **fkwargs)#x1B[39m
#x1B[32m    490#x1B[39m #x1B[38;5;28;01mdef#x1B[39;00m#x1B[38;5;250m #x1B[39m#x1B[34madd_fxn#x1B[39m(#x1B[38;5;28mself#x1B[39m, name, fclass, *flownames, **fkwargs):
#x1B[32m    491#x1B[39m #x1B[38;5;250m    #x1B[39m#x1B[33;03m"""#x1B[39;00m
#x1B[32m    492#x1B[39m #x1B[33;03m    Instantiate a given function in the model.#x1B[39;00m
#x1B[32m    493#x1B[39m 
#x1B[32m   (...)#x1B[39m#x1B[32m    506#x1B[39m #x1B[33;03m        Parameters to send to __init__ method of the Function superclass#x1B[39;00m
#x1B[32m    507#x1B[39m #x1B[33;03m    """#x1B[39;00m
#x1B[32m--&gt; #x1B[39m#x1B[32m508#x1B[39m     #x1B[38;5;28;43mself#x1B[39;49m#x1B[43m.#x1B[49m#x1B[43madd_sim#x1B[49m#x1B[43m(#x1B[49m#x1B[33;43m'#x1B[39;49m#x1B[33;43mfxns#x1B[39;49m#x1B[33;43m'#x1B[39;49m#x1B[43m,#x1B[49m#x1B[43m #x1B[49m#x1B[43mname#x1B[49m#x1B[43m,#x1B[49m#x1B[43m #x1B[49m#x1B[43mfclass#x1B[49m#x1B[43m,#x1B[49m#x1B[43m #x1B[49m#x1B[43m*#x1B[49m#x1B[43mflownames#x1B[49m#x1B[43m,#x1B[49m#x1B[43m #x1B[49m#x1B[43m*#x1B[49m#x1B[43m*#x1B[49m#x1B[43mfkwargs#x1B[49m#x1B[43m)#x1B[49m

#x1B[36mFile #x1B[39m#x1B[32m~/bamboo-agent-home/xml-data/build-dir/RAD-TEST-UVF/fmdtools-full/lib/python3.11/site-packages/fmdtools/define/architecture/base.py:393#x1B[39m, in #x1B[36mArchitecture.add_sim#x1B[39m#x1B[34m(self, flex_role, name, simclass, *flownames, **kwargs)#x1B[39m
#x1B[32m    376#x1B[39m #x1B[38;5;250m#x1B[39m#x1B[33;03m"""#x1B[39;00m
#x1B[32m    377#x1B[39m #x1B[33;03mAdd a Simulable to the given flex_role.#x1B[39;00m
#x1B[32m    378#x1B[39m 
#x1B[32m   (...)#x1B[39m#x1B[32m    390#x1B[39m #x1B[33;03m    Flows, dicts for non-default values to p, s, etc.#x1B[39;00m
#x1B[32m    391#x1B[39m #x1B[33;03m"""#x1B[39;00m
#x1B[32m    392#x1B[39m flows = #x1B[38;5;28mself#x1B[39m.get_flows(*flownames, all_if_empty=#x1B[38;5;28;01mFalse#x1B[39;00m)
#x1B[32m--&gt; #x1B[39m#x1B[32m393#x1B[39m #x1B[38;5;28;43mself#x1B[39;49m#x1B[43m.#x1B[49m#x1B[43madd_flex_role_obj#x1B[49m#x1B[43m(#x1B[49m#x1B[43mflex_role#x1B[49m#x1B[43m,#x1B[49m#x1B[43m #x1B[49m#x1B[43mname#x1B[49m#x1B[43m,#x1B[49m
#x1B[32m    394#x1B[39m #x1B[43m                       #x1B[49m#x1B[43mobjclass#x1B[49m#x1B[43m=#x1B[49m#x1B[43msimclass#x1B[49m#x1B[43m,#x1B[49m#x1B[43m #x1B[49m#x1B[43mflows#x1B[49m#x1B[43m=#x1B[49m#x1B[43mflows#x1B[49m#x1B[43m,#x1B[49m#x1B[43m #x1B[49m#x1B[43m*#x1B[49m#x1B[43m*#x1B[49m#x1B[43mkwargs#x1B[49m#x1B[43m)#x1B[49m
#x1B[32m    395#x1B[39m #x1B[38;5;28;01mfor#x1B[39;00m flowname #x1B[38;5;129;01min#x1B[39;00m flownames:
#x1B[32m    396#x1B[39m     #x1B[38;5;28mself#x1B[39m._simflows.append((name, flowname))

#x1B[36mFile #x1B[39m#x1B[32m~/bamboo-agent-home/xml-data/build-dir/RAD-TEST-UVF/fmdtools-full/lib/python3.11/site-packages/fmdtools/define/architecture/base.py:319#x1B[39m, in #x1B[36mArchitecture.add_flex_role_obj#x1B[39m#x1B[34m(self, flex_role, name, objclass, use_copy, **kwargs)#x1B[39m
#x1B[32m    317#x1B[39m track = get_sub_include(name, get_sub_include(flex_role, #x1B[38;5;28mself#x1B[39m.track))
#x1B[32m    318#x1B[39m kwargs = #x1B[38;5;28mself#x1B[39m.get_flex_role_kwargs(objclass, **kwargs)
#x1B[32m--&gt; #x1B[39m#x1B[32m319#x1B[39m obj = #x1B[43minit_obj#x1B[49m#x1B[43m(#x1B[49m#x1B[43mname#x1B[49m#x1B[43m=#x1B[49m#x1B[43mname#x1B[49m#x1B[43m,#x1B[49m#x1B[43m #x1B[49m#x1B[43mobjclass#x1B[49m#x1B[43m=#x1B[49m#x1B[43mobjclass#x1B[49m#x1B[43m,#x1B[49m#x1B[43m #x1B[49m#x1B[43mtrack#x1B[49m#x1B[43m=#x1B[49m#x1B[43mtrack#x1B[49m#x1B[43m,#x1B[49m
#x1B[32m    320#x1B[39m #x1B[43m               #x1B[49m#x1B[43mas_copy#x1B[49m#x1B[43m=#x1B[49m#x1B[43mas_copy#x1B[49m#x1B[43m,#x1B[49m#x1B[43m #x1B[49m#x1B[43mroot#x1B[49m#x1B[43m=#x1B[49m#x1B[38;5;28;43mself#x1B[39;49m#x1B[43m.#x1B[49m#x1B[43mget_full_name#x1B[49m#x1B[43m(#x1B[49m#x1B[43m)#x1B[49m#x1B[43m+#x1B[49m#x1B[33;43m"#x1B[39;49m#x1B[33;43m.#x1B[39;49m#x1B[33;43m"#x1B[39;49m#x1B[43m+#x1B[49m#x1B[43mflex_role#x1B[49m#x1B[43m,#x1B[49m
#x1B[32m    321#x1B[39m #x1B[43m               #x1B[49m#x1B[43m*#x1B[49m#x1B[43m*#x1B[49m#x1B[43mkwargs#x1B[49m#x1B[43m)#x1B[49m
#x1B[32m    323#x1B[39m #x1B[38;5;28;01mif#x1B[39;00m #x1B[38;5;28mhasattr#x1B[39m(obj, #x1B[33m'#x1B[39m#x1B[33mh#x1B[39m#x1B[33m'#x1B[39m) #x1B[38;5;129;01mand#x1B[39;00m obj.h:
#x1B[32m    324#x1B[39m     hist = obj.h

#x1B[36mFile #x1B[39m#x1B[32m~/bamboo-agent-home/xml-data/build-dir/RAD-TEST-UVF/fmdtools-full/lib/python3.11/site-packages/fmdtools/define/object/base.py:1183#x1B[39m, in #x1B[36minit_obj#x1B[39m#x1B[34m(name, objclass, track, as_copy, **kwargs)#x1B[39m
#x1B[32m   1181#x1B[39m #x1B[38;5;28;01melse#x1B[39;00m:
#x1B[32m   1182#x1B[39m     #x1B[38;5;28;01mtry#x1B[39;00m:
#x1B[32m-&gt; #x1B[39m#x1B[32m1183#x1B[39m         fl = #x1B[43mobjclass#x1B[49m#x1B[43m(#x1B[49m#x1B[43mname#x1B[49m#x1B[43m=#x1B[49m#x1B[43mname#x1B[49m#x1B[43m,#x1B[49m#x1B[43m #x1B[49m#x1B[43mtrack#x1B[49m#x1B[43m=#x1B[49m#x1B[43mtrack#x1B[49m#x1B[43m,#x1B[49m#x1B[43m #x1B[49m#x1B[43m*#x1B[49m#x1B[43m*#x1B[49m#x1B[43mkwargs#x1B[49m#x1B[43m)#x1B[49m
#x1B[32m   1184#x1B[39m     #x1B[38;5;28;01mexcept#x1B[39;00m #x1B[38;5;167;01mTypeError#x1B[39;00m #x1B[38;5;28;01mas#x1B[39;00m e:
#x1B[32m   1185#x1B[39m         #x1B[38;5;28;01mraise#x1B[39;00m #x1B[38;5;167;01mTypeError#x1B[39;00m(#x1B[33m"#x1B[39m#x1B[33mPoorly specified class #x1B[39m#x1B[33m"#x1B[39m+#x1B[38;5;28mstr#x1B[39m(objclass) +
#x1B[32m   1186#x1B[39m                         #x1B[33m"#x1B[39m#x1B[33m (or poor arguments) #x1B[39m#x1B[33m"#x1B[39m+#x1B[38;5;28mstr#x1B[39m(kwargs)) #x1B[38;5;28;01mfrom#x1B[39;00m#x1B[38;5;250m #x1B[39m#x1B[34;01me#x1B[39;00m

#x1B[36mFile #x1B[39m#x1B[32m~/bamboo-agent-home/xml-data/build-dir/RAD-TEST-UVF/fmdtools-full/lib/python3.11/site-packages/fmdtools/define/block/function.py:90#x1B[39m, in #x1B[36mFunction.__init__#x1B[39m#x1B[34m(self, name, args_f, **kwargs)#x1B[39m
#x1B[32m     81#x1B[39m #x1B[38;5;28;01mdef#x1B[39;00m#x1B[38;5;250m #x1B[39m#x1B[34m__init__#x1B[39m(#x1B[38;5;28mself#x1B[39m, name=#x1B[38;5;28;01mNone#x1B[39;00m, args_f=#x1B[38;5;28mdict#x1B[39m(), **kwargs):
#x1B[32m     82#x1B[39m #x1B[38;5;250m    #x1B[39m#x1B[33;03m"""#x1B[39;00m
#x1B[32m     83#x1B[39m #x1B[33;03m    Instantiate the function superclass with the relevant parameters.#x1B[39;00m
#x1B[32m     84#x1B[39m 
#x1B[32m   (...)#x1B[39m#x1B[32m     88#x1B[39m #x1B[33;03m        arguments to pass to custom __init__ function.#x1B[39;00m
#x1B[32m     89#x1B[39m #x1B[33;03m    """#x1B[39;00m
#x1B[32m---&gt; #x1B[39m#x1B[32m90#x1B[39m     #x1B[38;5;28;43msuper#x1B[39;49m#x1B[43m(#x1B[49m#x1B[43m)#x1B[49m#x1B[43m.#x1B[49m#x1B[34;43m__init__#x1B[39;49m#x1B[43m(#x1B[49m#x1B[43mname#x1B[49m#x1B[43m=#x1B[49m#x1B[43mname#x1B[49m#x1B[43m,#x1B[49m#x1B[43m #x1B[49m#x1B[43m*#x1B[49m#x1B[43m*#x1B[49m#x1B[43mkwargs#x1B[49m#x1B[43m)#x1B[49m
#x1B[32m     91#x1B[39m     #x1B[38;5;28mself#x1B[39m.args_f = args_f
#x1B[32m     92#x1B[39m     #x1B[38;5;28;01mif#x1B[39;00m #x1B[38;5;28mhasattr#x1B[39m(#x1B[38;5;28mself#x1B[39m, #x1B[33m'#x1B[39m#x1B[33mbehavior#x1B[39m#x1B[33m'#x1B[39m):

#x1B[36mFile #x1B[39m#x1B[32m~/bamboo-agent-home/xml-data/build-dir/RAD-TEST-UVF/fmdtools-full/lib/python3.11/site-packages/fmdtools/define/block/base.py:860#x1B[39m, in #x1B[36mBlock.__init__#x1B[39m#x1B[34m(self, name, flows, h, **kwargs)#x1B[39m
#x1B[32m    857#x1B[39m     flows = {#x1B[38;5;28mself#x1B[39m.flownames.get(fn, fn): flow #x1B[38;5;28;01mfor#x1B[39;00m fn, flow #x1B[38;5;129;01min#x1B[39;00m flows.items()}
#x1B[32m    858#x1B[39m flows = {**flows}
#x1B[32m--&gt; #x1B[39m#x1B[32m860#x1B[39m #x1B[43mSimulable#x1B[49m#x1B[43m.#x1B[49m#x1B[34;43m__init__#x1B[39;49m#x1B[43m(#x1B[49m#x1B[38;5;28;43mself#x1B[39;49m#x1B[43m,#x1B[49m#x1B[43m #x1B[49m#x1B[43mname#x1B[49m#x1B[43m=#x1B[49m#x1B[43mname#x1B[49m#x1B[43m,#x1B[49m#x1B[43m #x1B[49m#x1B[43mroletypes#x1B[49m#x1B[43m=#x1B[49m#x1B[43m[#x1B[49m#x1B[33;43m'#x1B[39;49m#x1B[33;43mcontainer#x1B[39;49m#x1B[33;43m'#x1B[39;49m#x1B[43m,#x1B[49m#x1B[43m #x1B[49m#x1B[33;43m'#x1B[39;49m#x1B[33;43mflow#x1B[39;49m#x1B[33;43m'#x1B[39;49m#x1B[43m]#x1B[49m#x1B[43m,#x1B[49m
#x1B[32m    861#x1B[39m #x1B[43m                   #x1B[49m#x1B[43m*#x1B[49m#x1B[43m*#x1B[49m#x1B[43mflows#x1B[49m#x1B[43m,#x1B[49m#x1B[43m #x1B[49m#x1B[43m*#x1B[49m#x1B[43m*#x1B[49m#x1B[43mkwargs#x1B[49m#x1B[43m)#x1B[49m
#x1B[32m    862#x1B[39m #x1B[38;5;66;03m# send flows from block level to arch level#x1B[39;00m
#x1B[32m    863#x1B[39m #x1B[38;5;28;01mif#x1B[39;00m #x1B[33m'#x1B[39m#x1B[33march#x1B[39m#x1B[33m'#x1B[39m #x1B[38;5;129;01min#x1B[39;00m #x1B[38;5;28mself#x1B[39m.roletypes:

#x1B[36mFile #x1B[39m#x1B[32m~/bamboo-agent-home/xml-data/build-dir/RAD-TEST-UVF/fmdtools-full/lib/python3.11/site-packages/fmdtools/define/block/base.py:226#x1B[39m, in #x1B[36mSimulable.__init__#x1B[39m#x1B[34m(self, **kwargs)#x1B[39m
#x1B[32m    215#x1B[39m #x1B[38;5;28;01mdef#x1B[39;00m#x1B[38;5;250m #x1B[39m#x1B[34m__init__#x1B[39m(#x1B[38;5;28mself#x1B[39m, **kwargs):
#x1B[32m    216#x1B[39m #x1B[38;5;250m    #x1B[39m#x1B[33;03m"""#x1B[39;00m
#x1B[32m    217#x1B[39m #x1B[33;03m    Instantiate internal Simulable attributes.#x1B[39;00m
#x1B[32m    218#x1B[39m 
#x1B[32m   (...)#x1B[39m#x1B[32m    224#x1B[39m #x1B[33;03m        Keyword arguments to BaseObject#x1B[39;00m
#x1B[32m    225#x1B[39m #x1B[33;03m    """#x1B[39;00m
#x1B[32m--&gt; #x1B[39m#x1B[32m226#x1B[39m     #x1B[43mBaseObject#x1B[49m#x1B[43m.#x1B[49m#x1B[34;43m__init__#x1B[39;49m#x1B[43m(#x1B[49m#x1B[38;5;28;43mself#x1B[39;49m#x1B[43m,#x1B[49m#x1B[43m #x1B[49m#x1B[43m*#x1B[49m#x1B[43m*#x1B[49m#x1B[43mkwargs#x1B[49m#x1B[43m)#x1B[49m
#x1B[32m    227#x1B[39m     #x1B[38;5;28mself#x1B[39m.set_time()

#x1B[36mFile #x1B[39m#x1B[32m~/bamboo-agent-home/xml-data/build-dir/RAD-TEST-UVF/fmdtools-full/lib/python3.11/site-packages/fmdtools/define/object/base.py:246#x1B[39m, in #x1B[36mBaseObject.__init__#x1B[39m#x1B[34m(self, name, roletypes, track, root, **kwargs)#x1B[39m
#x1B[32m    244#x1B[39m #x1B[38;5;28mself#x1B[39m.init_indicators()
#x1B[32m    245#x1B[39m #x1B[38;5;28mself#x1B[39m.init_track(track)
#x1B[32m--&gt; #x1B[39m#x1B[32m246#x1B[39m #x1B[38;5;28;43mself#x1B[39;49m#x1B[43m.#x1B[49m#x1B[43minit_roletypes#x1B[49m#x1B[43m(#x1B[49m#x1B[43m*#x1B[49m#x1B[43mroletypes#x1B[49m#x1B[43m,#x1B[49m#x1B[43m #x1B[49m#x1B[43m*#x1B[49m#x1B[43m*#x1B[49m#x1B[43mkwargs#x1B[49m#x1B[43m)#x1B[49m
#x1B[32m    247#x1B[39m #x1B[38;5;28mself#x1B[39m.check_slots()
#x1B[32m    248#x1B[39m #x1B[38;5;28mself#x1B[39m.mutables = ()

#x1B[36mFile #x1B[39m#x1B[32m~/bamboo-agent-home/xml-data/build-dir/RAD-TEST-UVF/fmdtools-full/lib/python3.11/site-packages/fmdtools/define/object/base.py:345#x1B[39m, in #x1B[36mBaseObject.init_roletypes#x1B[39m#x1B[34m(self, initializer, *roletypes, **kwargs)#x1B[39m
#x1B[32m    342#x1B[39m #x1B[38;5;28;01mif#x1B[39;00m roletype #x1B[38;5;129;01mnot#x1B[39;00m #x1B[38;5;129;01min#x1B[39;00m #x1B[38;5;28mself#x1B[39m.roletypes:
#x1B[32m    343#x1B[39m     #x1B[38;5;28;01mraise#x1B[39;00m #x1B[38;5;167;01mException#x1B[39;00m(#x1B[33m"#x1B[39m#x1B[33mRoletype: #x1B[39m#x1B[33m"#x1B[39m + roletype + #x1B[33m"#x1B[39m#x1B[33m not in class variable#x1B[39m#x1B[33m"#x1B[39m +
#x1B[32m    344#x1B[39m                     #x1B[33m"#x1B[39m#x1B[33m self.roletypes: #x1B[39m#x1B[33m"#x1B[39m + #x1B[38;5;28mstr#x1B[39m(#x1B[38;5;28mself#x1B[39m.roletypes))
#x1B[32m--&gt; #x1B[39m#x1B[32m345#x1B[39m #x1B[38;5;28;43mself#x1B[39;49m#x1B[43m.#x1B[49m#x1B[43minit_roles#x1B[49m#x1B[43m(#x1B[49m#x1B[43mroletype#x1B[49m#x1B[43m,#x1B[49m#x1B[43m #x1B[49m#x1B[43minitializer#x1B[49m#x1B[43m=#x1B[49m#x1B[43minitializer#x1B[49m#x1B[43m,#x1B[49m#x1B[43m #x1B[49m#x1B[43m*#x1B[49m#x1B[43m*#x1B[49m#x1B[43mkwargs#x1B[49m#x1B[43m)#x1B[49m

#x1B[36mFile #x1B[39m#x1B[32m~/bamboo-agent-home/xml-data/build-dir/RAD-TEST-UVF/fmdtools-full/lib/python3.11/site-packages/fmdtools/define/object/base.py:394#x1B[39m, in #x1B[36mBaseObject.init_roles#x1B[39m#x1B[34m(self, roletype, initializer, **kwargs)#x1B[39m
#x1B[32m    392#x1B[39m     obj_args[#x1B[33m'#x1B[39m#x1B[33mtrack#x1B[39m#x1B[33m'#x1B[39m] = get_sub_include(rolename, #x1B[38;5;28mself#x1B[39m.track)
#x1B[32m    393#x1B[39m #x1B[38;5;28;01mtry#x1B[39;00m:
#x1B[32m--&gt; #x1B[39m#x1B[32m394#x1B[39m     obj = #x1B[43mobj_initializer#x1B[49m#x1B[43m(#x1B[49m#x1B[43m*#x1B[49m#x1B[43m*#x1B[49m#x1B[43mobj_args#x1B[49m#x1B[43m)#x1B[49m
#x1B[32m    395#x1B[39m #x1B[38;5;28;01mexcept#x1B[39;00m #x1B[38;5;167;01mAttributeError#x1B[39;00m #x1B[38;5;28;01mas#x1B[39;00m ae:
#x1B[32m    396#x1B[39m     #x1B[38;5;28;01mraise#x1B[39;00m #x1B[38;5;167;01mException#x1B[39;00m(#x1B[33m"#x1B[39m#x1B[33mProblem initializing #x1B[39m#x1B[33m"#x1B[39m + roletype + #x1B[33m"#x1B[39m#x1B[33m_#x1B[39m#x1B[33m"#x1B[39m + rolename
#x1B[32m    397#x1B[39m                     + #x1B[33m"#x1B[39m#x1B[33m: #x1B[39m#x1B[33m"#x1B[39m + #x1B[38;5;28mstr#x1B[39m(initializer)) #x1B[38;5;28;01mfrom#x1B[39;00m#x1B[38;5;250m #x1B[39m#x1B[34;01mae#x1B[39;00m

#x1B[36mFile #x1B[39m#x1B[32m~/bamboo-agent-home/xml-data/build-dir/RAD-TEST-UVF/fmdtools-full/lib/python3.11/site-packages/fmdtools/define/container/time.py:101#x1B[39m, in #x1B[36mTime.__init__#x1B[39m#x1B[34m(self, *args, **kwargs)#x1B[39m
#x1B[32m     99#x1B[39m #x1B[38;5;28;01mfor#x1B[39;00m timername #x1B[38;5;129;01min#x1B[39;00m #x1B[38;5;28mself#x1B[39m.timernames:
#x1B[32m    100#x1B[39m     #x1B[38;5;28mself#x1B[39m.timers[timername] = Timer(timername)
#x1B[32m--&gt; #x1B[39m#x1B[32m101#x1B[39m #x1B[38;5;28;43mself#x1B[39;49m#x1B[43m.#x1B[49m#x1B[43mset_timestep#x1B[49m#x1B[43m(#x1B[49m#x1B[43m)#x1B[49m

#x1B[36mFile #x1B[39m#x1B[32m~/bamboo-agent-home/xml-data/build-dir/RAD-TEST-UVF/fmdtools-full/lib/python3.11/site-packages/fmdtools/define/container/time.py:150#x1B[39m, in #x1B[36mTime.set_timestep#x1B[39m#x1B[34m(self, **kwargs)#x1B[39m
#x1B[32m    148#x1B[39m     dt = local_tstep
#x1B[32m    149#x1B[39m     #x1B[38;5;28;01mif#x1B[39;00m (dt &lt; global_tstep #x1B[38;5;129;01mand#x1B[39;00m global_tstep % dt) #x1B[38;5;129;01mor#x1B[39;00m dt % global_tstep:
#x1B[32m--&gt; #x1B[39m#x1B[32m150#x1B[39m         #x1B[38;5;28;01mraise#x1B[39;00m #x1B[38;5;167;01mException#x1B[39;00m(#x1B[33m"#x1B[39m#x1B[33mLocal timestep: #x1B[39m#x1B[33m"#x1B[39m + #x1B[38;5;28mstr#x1B[39m(dt) +
#x1B[32m    151#x1B[39m                         #x1B[33m"#x1B[39m#x1B[33m doesn#x1B[39m#x1B[33m'#x1B[39m#x1B[33mt line up with global timestep: #x1B[39m#x1B[33m"#x1B[39m +
#x1B[32m    152#x1B[39m                         #x1B[38;5;28mstr#x1B[39m(global_tstep))
#x1B[32m    153#x1B[39m #x1B[38;5;28;01melse#x1B[39;00m:
#x1B[32m    154#x1B[39m     dt = global_tstep

#x1B[31mException#x1B[39m: Local timestep: 0.5 doesn't line up with global timestep: 1.0</failure></testcase><testcase classname="examples.rover.Rover_Setup_Notebook.ipynb" name="Rover_Setup_Notebook.ipynb" time="109.232" /><testcase classname="examples.rover.degradation_modelling.Degradation_Modelling_Notebook.ipynb" name="Degradation_Modelling_Notebook.ipynb" time="174.773"><failure message="#x1B[31mException#x1B[39m: Error simulating nested sample scenario(s)">---------------------------------------------------------------------------
fd = {'drive_faults':  (('faults', ('drive', 'elec_open'), ('drive', 'stuck'), ('drive', 'stuck_left'), ('drive', 'stuck_right')), {})}
fs = {'drive_faults': (('fault_phases', 'drive_faults', "start"), {})}
ec_nest, hist_nest, app_nest = prop.nested_sample(mdl, phs, faultdomains=fd, faultsamples=fs, pool=mp.Pool(5))

#x1B[31m---------------------------------------------------------------------------#x1B[39m
#x1B[31mRemoteTraceback#x1B[39m                           Traceback (most recent call last)
#x1B[31mRemoteTraceback#x1B[39m: 
"""
Traceback (most recent call last):
  File "/home/bamboo/bamboo-agent-home/xml-data/build-dir/RAD-TEST-UVF/fmdtools-full/lib/python3.11/site-packages/fmdtools/sim/propagate.py", line 828, in run
    inputs = self.gen_inputs(scenlist)
             ^^^^^^^^^^^^^^^^^^^^^^^^^
  File "/home/bamboo/bamboo-agent-home/xml-data/build-dir/RAD-TEST-UVF/fmdtools-full/lib/python3.11/site-packages/fmdtools/sim/propagate.py", line 1039, in gen_inputs
    return [({**sim_kwar, 'scen': scen, 'mdl': self.mdls[scen.time].copy()},
           ^^^^^^^^^^^^^^^^^^^^^^^^^^^^^^^^^^^^^^^^^^^^^^^^^^^^^^^^^^^^^^^^^
  File "/home/bamboo/bamboo-agent-home/xml-data/build-dir/RAD-TEST-UVF/fmdtools-full/lib/python3.11/site-packages/fmdtools/sim/propagate.py", line 1039, in &lt;listcomp&gt;
    return [({**sim_kwar, 'scen': scen, 'mdl': self.mdls[scen.time].copy()},
                                               ~~~~~~~~~^^^^^^^^^^^
KeyError: 15.0

The above exception was the direct cause of the following exception:

Traceback (most recent call last):
  File "/home/bamboo/bamboo-agent-home/xml-data/build-dir/RAD-TEST-UVF/fmdtools-full/lib/python3.11/site-packages/fmdtools/sim/propagate.py", line 480, in __call__
    self.run(**kwargs)
  File "/home/bamboo/bamboo-agent-home/xml-data/build-dir/RAD-TEST-UVF/fmdtools-full/lib/python3.11/site-packages/fmdtools/sim/propagate.py", line 1027, in run
    super().run(**kwargs)
  File "/home/bamboo/bamboo-agent-home/xml-data/build-dir/RAD-TEST-UVF/fmdtools-full/lib/python3.11/site-packages/fmdtools/sim/propagate.py", line 830, in run
    raise Exception("Not enough models: "+str(self.mdls)) from e
Exception: Not enough models: {}

The above exception was the direct cause of the following exception:

Traceback (most recent call last):
  File "/home/bamboo/.local/share/uv/python/cpython-3.11.11-linux-x86_64-gnu/lib/python3.11/multiprocessing/pool.py", line 125, in worker
    result = (True, func(*args, **kwds))
                    ^^^^^^^^^^^^^^^^^^^
  File "/home/bamboo/bamboo-agent-home/xml-data/build-dir/RAD-TEST-UVF/fmdtools-full/lib/python3.11/site-packages/fmdtools/sim/propagate.py", line 1052, in exec_fault_sim
    return sim(**args[1])
           ^^^^^^^^^^^^^^
  File "/home/bamboo/bamboo-agent-home/xml-data/build-dir/RAD-TEST-UVF/fmdtools-full/lib/python3.11/site-packages/fmdtools/sim/propagate.py", line 975, in __call__
    rets = super().__call__(**kwargs)
           ^^^^^^^^^^^^^^^^^^^^^^^^^^
  File "/home/bamboo/bamboo-agent-home/xml-data/build-dir/RAD-TEST-UVF/fmdtools-full/lib/python3.11/site-packages/fmdtools/sim/propagate.py", line 482, in __call__
    raise Exception("Error simulating "+self.name+" scenario(s)") from e
Exception: Error simulating hist_2 scenario(s)
"""

The above exception was the direct cause of the following exception:

#x1B[31mException#x1B[39m                                 Traceback (most recent call last)
#x1B[36mFile #x1B[39m#x1B[32m~/bamboo-agent-home/xml-data/build-dir/RAD-TEST-UVF/fmdtools-full/lib/python3.11/site-packages/fmdtools/sim/propagate.py:480#x1B[39m, in #x1B[36mBaseSimulation.__call__#x1B[39m#x1B[34m(self, **kwargs)#x1B[39m
#x1B[32m    479#x1B[39m #x1B[38;5;28;01mtry#x1B[39;00m:
#x1B[32m--&gt; #x1B[39m#x1B[32m480#x1B[39m     #x1B[38;5;28;43mself#x1B[39;49m#x1B[43m.#x1B[49m#x1B[43mrun#x1B[49m#x1B[43m(#x1B[49m#x1B[43m*#x1B[49m#x1B[43m*#x1B[49m#x1B[43mkwargs#x1B[49m#x1B[43m)#x1B[49m
#x1B[32m    481#x1B[39m #x1B[38;5;28;01mexcept#x1B[39;00m #x1B[38;5;167;01mException#x1B[39;00m #x1B[38;5;28;01mas#x1B[39;00m e:

#x1B[36mFile #x1B[39m#x1B[32m~/bamboo-agent-home/xml-data/build-dir/RAD-TEST-UVF/fmdtools-full/lib/python3.11/site-packages/fmdtools/sim/propagate.py:831#x1B[39m, in #x1B[36mMultiSimulation.run#x1B[39m#x1B[34m(self, **kwargs)#x1B[39m
#x1B[32m    830#x1B[39m     #x1B[38;5;28;01mraise#x1B[39;00m #x1B[38;5;167;01mException#x1B[39;00m(#x1B[33m"#x1B[39m#x1B[33mNot enough models: #x1B[39m#x1B[33m"#x1B[39m+#x1B[38;5;28mstr#x1B[39m(#x1B[38;5;28mself#x1B[39m.mdls)) #x1B[38;5;28;01mfrom#x1B[39;00m#x1B[38;5;250m #x1B[39m#x1B[34;01me#x1B[39;00m
#x1B[32m--&gt; #x1B[39m#x1B[32m831#x1B[39m res_list = #x1B[38;5;28;43mlist#x1B[39;49m#x1B[43m(#x1B[49m#x1B[43mtqdm#x1B[49m#x1B[43m.#x1B[49m#x1B[43mtqdm#x1B[49m#x1B[43m(#x1B[49m#x1B[43mrunner#x1B[49m#x1B[43m(#x1B[49m#x1B[43minputs#x1B[49m#x1B[43m)#x1B[49m#x1B[43m,#x1B[49m
#x1B[32m    832#x1B[39m #x1B[43m                          #x1B[49m#x1B[43mtotal#x1B[49m#x1B[43m=#x1B[49m#x1B[38;5;28;43mlen#x1B[39;49m#x1B[43m(#x1B[49m#x1B[43minputs#x1B[49m#x1B[43m)#x1B[49m#x1B[43m,#x1B[49m
#x1B[32m    833#x1B[39m #x1B[43m                          #x1B[49m#x1B[43mdisable#x1B[49m#x1B[43m=#x1B[49m#x1B[38;5;129;43;01mnot#x1B[39;49;00m#x1B[43m #x1B[49m#x1B[43m(#x1B[49m#x1B[38;5;28;43mself#x1B[39;49m#x1B[43m.#x1B[49m#x1B[43mshowprogress#x1B[49m#x1B[43m)#x1B[49m#x1B[43m,#x1B[49m
#x1B[32m    834#x1B[39m #x1B[43m                          #x1B[49m#x1B[43mdesc#x1B[49m#x1B[43m=#x1B[49m#x1B[33;43m"#x1B[39;49m#x1B[33;43mSCENARIOS COMPLETE#x1B[39;49m#x1B[33;43m"#x1B[39;49m#x1B[43m)#x1B[49m#x1B[43m)#x1B[49m
#x1B[32m    835#x1B[39m #x1B[38;5;28;01mfor#x1B[39;00m i, scen #x1B[38;5;129;01min#x1B[39;00m #x1B[38;5;28menumerate#x1B[39m(scenlist):

#x1B[36mFile #x1B[39m#x1B[32m~/bamboo-agent-home/xml-data/build-dir/RAD-TEST-UVF/fmdtools-full/lib/python3.11/site-packages/tqdm/std.py:1181#x1B[39m, in #x1B[36mtqdm.__iter__#x1B[39m#x1B[34m(self)#x1B[39m
#x1B[32m   1180#x1B[39m #x1B[38;5;28;01mtry#x1B[39;00m:
#x1B[32m-&gt; #x1B[39m#x1B[32m1181#x1B[39m #x1B[43m    #x1B[49m#x1B[38;5;28;43;01mfor#x1B[39;49;00m#x1B[43m #x1B[49m#x1B[43mobj#x1B[49m#x1B[43m #x1B[49m#x1B[38;5;129;43;01min#x1B[39;49;00m#x1B[43m #x1B[49m#x1B[43miterable#x1B[49m#x1B[43m:#x1B[49m
#x1B[32m   1182#x1B[39m #x1B[43m        #x1B[49m#x1B[38;5;28;43;01myield#x1B[39;49;00m#x1B[43m #x1B[49m#x1B[43mobj#x1B[49m

#x1B[36mFile #x1B[39m#x1B[32m~/.local/share/uv/python/cpython-3.11.11-linux-x86_64-gnu/lib/python3.11/multiprocessing/pool.py:873#x1B[39m, in #x1B[36mIMapIterator.next#x1B[39m#x1B[34m(self, timeout)#x1B[39m
#x1B[32m    872#x1B[39m     #x1B[38;5;28;01mreturn#x1B[39;00m value
#x1B[32m--&gt; #x1B[39m#x1B[32m873#x1B[39m #x1B[38;5;28;01mraise#x1B[39;00m value

#x1B[31mException#x1B[39m: Error simulating hist_2 scenario(s)

The above exception was the direct cause of the following exception:

#x1B[31mException#x1B[39m                                 Traceback (most recent call last)
#x1B[36mCell#x1B[39m#x1B[36m #x1B[39m#x1B[32mIn[32]#x1B[39m#x1B[32m, line 3#x1B[39m
#x1B[32m      1#x1B[39m fd = {#x1B[33m'#x1B[39m#x1B[33mdrive_faults#x1B[39m#x1B[33m'#x1B[39m:  ((#x1B[33m'#x1B[39m#x1B[33mfaults#x1B[39m#x1B[33m'#x1B[39m, (#x1B[33m'#x1B[39m#x1B[33mdrive#x1B[39m#x1B[33m'#x1B[39m, #x1B[33m'#x1B[39m#x1B[33melec_open#x1B[39m#x1B[33m'#x1B[39m), (#x1B[33m'#x1B[39m#x1B[33mdrive#x1B[39m#x1B[33m'#x1B[39m, #x1B[33m'#x1B[39m#x1B[33mstuck#x1B[39m#x1B[33m'#x1B[39m), (#x1B[33m'#x1B[39m#x1B[33mdrive#x1B[39m#x1B[33m'#x1B[39m, #x1B[33m'#x1B[39m#x1B[33mstuck_left#x1B[39m#x1B[33m'#x1B[39m), (#x1B[33m'#x1B[39m#x1B[33mdrive#x1B[39m#x1B[33m'#x1B[39m, #x1B[33m'#x1B[39m#x1B[33mstuck_right#x1B[39m#x1B[33m'#x1B[39m)), {})}
#x1B[32m      2#x1B[39m fs = {#x1B[33m'#x1B[39m#x1B[33mdrive_faults#x1B[39m#x1B[33m'#x1B[39m: ((#x1B[33m'#x1B[39m#x1B[33mfault_phases#x1B[39m#x1B[33m'#x1B[39m, #x1B[33m'#x1B[39m#x1B[33mdrive_faults#x1B[39m#x1B[33m'#x1B[39m, #x1B[33m"#x1B[39m#x1B[33mstart#x1B[39m#x1B[33m"#x1B[39m), {})}
#x1B[32m----&gt; #x1B[39m#x1B[32m3#x1B[39m ec_nest, hist_nest, app_nest = #x1B[43mprop#x1B[49m#x1B[43m.#x1B[49m#x1B[43mnested_sample#x1B[49m#x1B[43m(#x1B[49m#x1B[43mmdl#x1B[49m#x1B[43m,#x1B[49m#x1B[43m #x1B[49m#x1B[43mphs#x1B[49m#x1B[43m,#x1B[49m#x1B[43m #x1B[49m#x1B[43mfaultdomains#x1B[49m#x1B[43m=#x1B[49m#x1B[43mfd#x1B[49m#x1B[43m,#x1B[49m#x1B[43m #x1B[49m#x1B[43mfaultsamples#x1B[49m#x1B[43m=#x1B[49m#x1B[43mfs#x1B[49m#x1B[43m,#x1B[49m#x1B[43m #x1B[49m#x1B[43mpool#x1B[49m#x1B[43m=#x1B[49m#x1B[43mmp#x1B[49m#x1B[43m.#x1B[49m#x1B[43mPool#x1B[49m#x1B[43m(#x1B[49m#x1B[32;43m5#x1B[39;49m#x1B[43m)#x1B[49m#x1B[43m)#x1B[49m

#x1B[36mFile #x1B[39m#x1B[32m~/bamboo-agent-home/xml-data/build-dir/RAD-TEST-UVF/fmdtools-full/lib/python3.11/site-packages/fmdtools/sim/propagate.py:312#x1B[39m, in #x1B[36mnested_sample#x1B[39m#x1B[34m(mdl, ps, **kwargs)#x1B[39m
#x1B[32m    284#x1B[39m #x1B[38;5;250m#x1B[39m#x1B[33;03m"""#x1B[39;00m
#x1B[32m    285#x1B[39m #x1B[33;03mSimulate a set of fault scenarios within a ParameterSample.#x1B[39;00m
#x1B[32m    286#x1B[39m 
#x1B[32m   (...)#x1B[39m#x1B[32m    308#x1B[39m #x1B[33;03m    scenario with structure {'nomscen1': app1}#x1B[39;00m
#x1B[32m    309#x1B[39m #x1B[33;03m"""#x1B[39;00m
#x1B[32m    310#x1B[39m sim = NestedSimulation(mdl=mdl, samp=ps, name=#x1B[33m"#x1B[39m#x1B[33mnested sample#x1B[39m#x1B[33m"#x1B[39m,
#x1B[32m    311#x1B[39m                        **filter_kwargs(NestedSimulation, **kwargs))
#x1B[32m--&gt; #x1B[39m#x1B[32m312#x1B[39m res, hist = #x1B[43msim#x1B[49m#x1B[43m(#x1B[49m#x1B[43m*#x1B[49m#x1B[43m*#x1B[49m#x1B[43mget_sim_call_kwargs#x1B[49m#x1B[43m(#x1B[49m#x1B[43msim#x1B[49m#x1B[43m,#x1B[49m#x1B[43m #x1B[49m#x1B[43m*#x1B[49m#x1B[43m*#x1B[49m#x1B[43mkwargs#x1B[49m#x1B[43m)#x1B[49m#x1B[43m)#x1B[49m
#x1B[32m    313#x1B[39m #x1B[38;5;28;01mreturn#x1B[39;00m res, hist, sim.apps

#x1B[36mFile #x1B[39m#x1B[32m~/bamboo-agent-home/xml-data/build-dir/RAD-TEST-UVF/fmdtools-full/lib/python3.11/site-packages/fmdtools/sim/propagate.py:482#x1B[39m, in #x1B[36mBaseSimulation.__call__#x1B[39m#x1B[34m(self, **kwargs)#x1B[39m
#x1B[32m    480#x1B[39m     #x1B[38;5;28mself#x1B[39m.run(**kwargs)
#x1B[32m    481#x1B[39m #x1B[38;5;28;01mexcept#x1B[39;00m #x1B[38;5;167;01mException#x1B[39;00m #x1B[38;5;28;01mas#x1B[39;00m e:
#x1B[32m--&gt; #x1B[39m#x1B[32m482#x1B[39m     #x1B[38;5;28;01mraise#x1B[39;00m #x1B[38;5;167;01mException#x1B[39;00m(#x1B[33m"#x1B[39m#x1B[33mError simulating #x1B[39m#x1B[33m"#x1B[39m+#x1B[38;5;28mself#x1B[39m.name+#x1B[33m"#x1B[39m#x1B[33m scenario(s)#x1B[39m#x1B[33m"#x1B[39m) #x1B[38;5;28;01mfrom#x1B[39;00m#x1B[38;5;250m #x1B[39m#x1B[34;01me#x1B[39;00m
#x1B[32m    483#x1B[39m #x1B[38;5;28;01mif#x1B[39;00m #x1B[38;5;28mself#x1B[39m.tosave:
#x1B[32m    484#x1B[39m     #x1B[38;5;28mself#x1B[39m.save(**filter_kwargs(#x1B[38;5;28mself#x1B[39m.save, **kwargs))

#x1B[31mException#x1B[39m: Error simulating nested sample scenario(s)</failure></testcase><testcase classname="examples.rover.rover_model" name="examples.rover.rover_model.Drive.drive_nominal" time="0.068" /><testcase classname="examples.rover.rover_model_human" name="examples.rover.rover_model_human.Comprehend" time="0.006" /><testcase classname="examples.rover.rover_model_human" name="examples.rover.rover_model_human.Decide" time="0.005" /><testcase classname="examples.rover.rover_model_human" name="examples.rover.rover_model_human.HumanActions" time="0.028" /><testcase classname="examples.rover.rover_model_human" name="examples.rover.rover_model_human.Look" time="0.004" /><testcase classname="examples.rover.rover_model_human" name="examples.rover.rover_model_human.Percieve" time="0.005" /><testcase classname="examples.rover.rover_model_human" name="examples.rover.rover_model_human.Press" time="0.004" /><testcase classname="examples.rover.rover_model_human" name="examples.rover.rover_model_human.Project" time="0.005" /><testcase classname="examples.tank.Tank_Analysis.ipynb" name="Tank_Analysis.ipynb" time="8.714"><failure message="#x1B[31mAttributeError#x1B[39m: Not in dict: graph">---------------------------------------------------------------------------

fig = result.graph.draw(figsize=(8,6))
#x1B[31m---------------------------------------------------------------------------#x1B[39m
#x1B[31mKeyError#x1B[39m                                  Traceback (most recent call last)
#x1B[36mFile #x1B[39m#x1B[32m~/bamboo-agent-home/xml-data/build-dir/RAD-TEST-UVF/fmdtools-full/lib/python3.11/site-packages/fmdtools/analyze/result.py:365#x1B[39m, in #x1B[36mResult.__getattr__#x1B[39m#x1B[34m(self, argstr)#x1B[39m
#x1B[32m    364#x1B[39m         obj = #x1B[38;5;28mself#x1B[39m
#x1B[32m--&gt; #x1B[39m#x1B[32m365#x1B[39m     #x1B[38;5;28;01mreturn#x1B[39;00m #x1B[43mget_dict_attr#x1B[49m#x1B[43m(#x1B[49m#x1B[43mobj#x1B[49m#x1B[43m.#x1B[49m#x1B[43mdata#x1B[49m#x1B[43m,#x1B[49m#x1B[43m #x1B[49m#x1B[38;5;28;43mself#x1B[39;49m#x1B[43m.#x1B[49m#x1B[34;43m__class__#x1B[39;49m#x1B[43m,#x1B[49m#x1B[43m #x1B[49m#x1B[43m*#x1B[49m#x1B[43margs#x1B[49m#x1B[43m)#x1B[49m
#x1B[32m    366#x1B[39m #x1B[38;5;28;01mexcept#x1B[39;00m #x1B[38;5;167;01mKeyError#x1B[39;00m:

#x1B[36mFile #x1B[39m#x1B[32m~/bamboo-agent-home/xml-data/build-dir/RAD-TEST-UVF/fmdtools-full/lib/python3.11/site-packages/fmdtools/analyze/result.py:96#x1B[39m, in #x1B[36mget_dict_attr#x1B[39m#x1B[34m(dict_in, des_class, *attr)#x1B[39m
#x1B[32m     95#x1B[39m #x1B[38;5;250m#x1B[39m#x1B[33;03m"""Get attributes *attr from a given nested dict dict_in of class des_class."""#x1B[39;00m
#x1B[32m---&gt; #x1B[39m#x1B[32m96#x1B[39m sub_dict = #x1B[43mdict_in#x1B[49m#x1B[43m[#x1B[49m#x1B[43mattr#x1B[49m#x1B[43m[#x1B[49m#x1B[32;43m0#x1B[39;49m#x1B[43m]#x1B[49m#x1B[43m]#x1B[49m
#x1B[32m     97#x1B[39m #x1B[38;5;28;01mif#x1B[39;00m #x1B[38;5;28mlen#x1B[39m(attr) == #x1B[32m1#x1B[39m:

#x1B[31mKeyError#x1B[39m: 'graph'

During handling of the above exception, another exception occurred:

#x1B[31mException#x1B[39m                                 Traceback (most recent call last)
#x1B[36mFile #x1B[39m#x1B[32m~/bamboo-agent-home/xml-data/build-dir/RAD-TEST-UVF/fmdtools-full/lib/python3.11/site-packages/fmdtools/analyze/result.py:368#x1B[39m, in #x1B[36mResult.__getattr__#x1B[39m#x1B[34m(self, argstr)#x1B[39m
#x1B[32m    367#x1B[39m #x1B[38;5;28;01mtry#x1B[39;00m:
#x1B[32m--&gt; #x1B[39m#x1B[32m368#x1B[39m     #x1B[38;5;28;01mreturn#x1B[39;00m #x1B[38;5;28;43mself#x1B[39;49m#x1B[43m.#x1B[49m#x1B[43mall_with#x1B[49m#x1B[43m(#x1B[49m#x1B[43margstr#x1B[49m#x1B[43m)#x1B[49m
#x1B[32m    369#x1B[39m #x1B[38;5;28;01mexcept#x1B[39;00m #x1B[38;5;167;01mException#x1B[39;00m:

#x1B[36mFile #x1B[39m#x1B[32m~/bamboo-agent-home/xml-data/build-dir/RAD-TEST-UVF/fmdtools-full/lib/python3.11/site-packages/fmdtools/analyze/result.py:442#x1B[39m, in #x1B[36mResult.all_with#x1B[39m#x1B[34m(self, attr)#x1B[39m
#x1B[32m    441#x1B[39m #x1B[38;5;28;01melse#x1B[39;00m:
#x1B[32m--&gt; #x1B[39m#x1B[32m442#x1B[39m     #x1B[38;5;28;01mraise#x1B[39;00m #x1B[38;5;167;01mException#x1B[39;00m(attr+#x1B[33m"#x1B[39m#x1B[33m not in Result keys: #x1B[39m#x1B[33m"#x1B[39m+#x1B[38;5;28mstr#x1B[39m(#x1B[38;5;28mself#x1B[39m.keys()))

#x1B[31mException#x1B[39m: graph not in Result keys: dict_keys(['tend.classify.rate', 'tend.classify.cost', 'tend.classify.expected_cost'])

During handling of the above exception, another exception occurred:

#x1B[31mAttributeError#x1B[39m                            Traceback (most recent call last)
#x1B[36mCell#x1B[39m#x1B[36m #x1B[39m#x1B[32mIn[6]#x1B[39m#x1B[32m, line 1#x1B[39m
#x1B[32m----&gt; #x1B[39m#x1B[32m1#x1B[39m fig = #x1B[43mresult#x1B[49m#x1B[43m.#x1B[49m#x1B[43mgraph#x1B[49m.draw(figsize=(#x1B[32m8#x1B[39m,#x1B[32m6#x1B[39m))

#x1B[36mFile #x1B[39m#x1B[32m~/bamboo-agent-home/xml-data/build-dir/RAD-TEST-UVF/fmdtools-full/lib/python3.11/site-packages/fmdtools/analyze/result.py:370#x1B[39m, in #x1B[36mResult.__getattr__#x1B[39m#x1B[34m(self, argstr)#x1B[39m
#x1B[32m    368#x1B[39m     #x1B[38;5;28;01mreturn#x1B[39;00m #x1B[38;5;28mself#x1B[39m.all_with(argstr)
#x1B[32m    369#x1B[39m #x1B[38;5;28;01mexcept#x1B[39;00m #x1B[38;5;167;01mException#x1B[39;00m:
#x1B[32m--&gt; #x1B[39m#x1B[32m370#x1B[39m     #x1B[38;5;28;01mraise#x1B[39;00m #x1B[38;5;167;01mAttributeError#x1B[39;00m(#x1B[33m"#x1B[39m#x1B[33mNot in dict: #x1B[39m#x1B[33m"#x1B[39m+#x1B[38;5;28mstr#x1B[39m(argstr))

#x1B[31mAttributeError#x1B[39m: Not in dict: graph</failure></testcase><testcase classname="examples.tank.test_tank.TankTests" name="test_approach" time="28.640" /><testcase classname="examples.tank.test_tank.TankTests" name="test_approach_parallelism_0" time="24.023" /><testcase classname="examples.tank.test_tank.TankTests" name="test_approach_parallelism_1" time="63.335" /><testcase classname="examples.tank.test_tank.TankTests" name="test_approach_parallelism_notrack" time="24.362" /><testcase classname="examples.tank.test_tank.TankTests" name="test_comp_mode_inj" time="0.362" /><testcase classname="examples.tank.test_tank.TankTests" name="test_different_components" time="0.095" /><testcase classname="examples.tank.test_tank.TankTests" name="test_epc_math" time="0.069" /><testcase classname="examples.tank.test_tank.TankTests" name="test_fault_sample_isave" time="26.827" /><testcase classname="examples.tank.test_tank.TankTests" name="test_fault_sample_save" time="27.285" /><testcase classname="examples.tank.test_tank.TankTests" name="test_local_tstep" time="2.494" /><testcase classname="examples.tank.test_tank.TankTests" name="test_model_copy_different" time="7.018" /><testcase classname="examples.tank.test_tank.TankTests" name="test_model_copy_same" time="15.351" /><testcase classname="examples.tank.test_tank.TankTests" name="test_model_reset" time="0.001"><skipped type="pytest.skip" message="Reset not fully implemented yet and unused throughout.">/home/bamboo/bamboo-agent-home/xml-data/build-dir/RAD-TEST-UVF/fmdtools/examples/tank/test_tank.py:69: Reset not fully implemented yet and unused throughout.</skipped></testcase><testcase classname="examples.tank.test_tank.TankTests" name="test_nested_sample_isave" time="285.939" /><testcase classname="examples.tank.test_tank.TankTests" name="test_nested_sample_save" time="284.690" /><testcase classname="examples.tank.test_tank.TankTests" name="test_param_sample_isave" time="8.774" /><testcase classname="examples.tank.test_tank.TankTests" name="test_param_sample_save" time="8.460" /><testcase classname="examples.tank.test_tank.TankTests" name="test_save_load_multfault" time="1.805" /><testcase classname="examples.tank.test_tank.TankTests" name="test_save_load_nominal" time="0.879" /><testcase classname="examples.tank.test_tank.TankTests" name="test_save_load_onefault" time="1.762" /><testcase classname="examples.tank.test_tank.TankTests" name="test_save_load_singlefaults" time="18.138" /><testcase classname="examples.tank.test_tank.TankTests" name="test_singlefaults_isave" time="18.721" /><testcase classname="examples.tank.test_tank.TankTests" name="test_tank_copy_args" time="0.114" /><testcase classname="examples.taxiway.Paper_Notebook.ipynb" name="Paper_Notebook.ipynb" time="43.540"><failure message="#x1B[31mAttributeError#x1B[39m: Not in dict: t120p0">---------------------------------------------------------------------------
endresults.t120p0.endclass #table should also include local, global metrics
#x1B[31m---------------------------------------------------------------------------#x1B[39m
#x1B[31mKeyError#x1B[39m                                  Traceback (most recent call last)
#x1B[36mFile #x1B[39m#x1B[32m~/bamboo-agent-home/xml-data/build-dir/RAD-TEST-UVF/fmdtools-full/lib/python3.11/site-packages/fmdtools/analyze/result.py:365#x1B[39m, in #x1B[36mResult.__getattr__#x1B[39m#x1B[34m(self, argstr)#x1B[39m
#x1B[32m    364#x1B[39m         obj = #x1B[38;5;28mself#x1B[39m
#x1B[32m--&gt; #x1B[39m#x1B[32m365#x1B[39m     #x1B[38;5;28;01mreturn#x1B[39;00m #x1B[43mget_dict_attr#x1B[49m#x1B[43m(#x1B[49m#x1B[43mobj#x1B[49m#x1B[43m.#x1B[49m#x1B[43mdata#x1B[49m#x1B[43m,#x1B[49m#x1B[43m #x1B[49m#x1B[38;5;28;43mself#x1B[39;49m#x1B[43m.#x1B[49m#x1B[34;43m__class__#x1B[39;49m#x1B[43m,#x1B[49m#x1B[43m #x1B[49m#x1B[43m*#x1B[49m#x1B[43margs#x1B[49m#x1B[43m)#x1B[49m
#x1B[32m    366#x1B[39m #x1B[38;5;28;01mexcept#x1B[39;00m #x1B[38;5;167;01mKeyError#x1B[39;00m:

#x1B[36mFile #x1B[39m#x1B[32m~/bamboo-agent-home/xml-data/build-dir/RAD-TEST-UVF/fmdtools-full/lib/python3.11/site-packages/fmdtools/analyze/result.py:96#x1B[39m, in #x1B[36mget_dict_attr#x1B[39m#x1B[34m(dict_in, des_class, *attr)#x1B[39m
#x1B[32m     95#x1B[39m #x1B[38;5;250m#x1B[39m#x1B[33;03m"""Get attributes *attr from a given nested dict dict_in of class des_class."""#x1B[39;00m
#x1B[32m---&gt; #x1B[39m#x1B[32m96#x1B[39m sub_dict = #x1B[43mdict_in#x1B[49m#x1B[43m[#x1B[49m#x1B[43mattr#x1B[49m#x1B[43m[#x1B[49m#x1B[32;43m0#x1B[39;49m#x1B[43m]#x1B[49m#x1B[43m]#x1B[49m
#x1B[32m     97#x1B[39m #x1B[38;5;28;01mif#x1B[39;00m #x1B[38;5;28mlen#x1B[39m(attr) == #x1B[32m1#x1B[39m:

#x1B[31mKeyError#x1B[39m: 't120p0'

During handling of the above exception, another exception occurred:

#x1B[31mException#x1B[39m                                 Traceback (most recent call last)
#x1B[36mFile #x1B[39m#x1B[32m~/bamboo-agent-home/xml-data/build-dir/RAD-TEST-UVF/fmdtools-full/lib/python3.11/site-packages/fmdtools/analyze/result.py:368#x1B[39m, in #x1B[36mResult.__getattr__#x1B[39m#x1B[34m(self, argstr)#x1B[39m
#x1B[32m    367#x1B[39m #x1B[38;5;28;01mtry#x1B[39;00m:
#x1B[32m--&gt; #x1B[39m#x1B[32m368#x1B[39m     #x1B[38;5;28;01mreturn#x1B[39;00m #x1B[38;5;28;43mself#x1B[39;49m#x1B[43m.#x1B[49m#x1B[43mall_with#x1B[49m#x1B[43m(#x1B[49m#x1B[43margstr#x1B[49m#x1B[43m)#x1B[49m
#x1B[32m    369#x1B[39m #x1B[38;5;28;01mexcept#x1B[39;00m #x1B[38;5;167;01mException#x1B[39;00m:

#x1B[36mFile #x1B[39m#x1B[32m~/bamboo-agent-home/xml-data/build-dir/RAD-TEST-UVF/fmdtools-full/lib/python3.11/site-packages/fmdtools/analyze/result.py:442#x1B[39m, in #x1B[36mResult.all_with#x1B[39m#x1B[34m(self, attr)#x1B[39m
#x1B[32m    441#x1B[39m #x1B[38;5;28;01melse#x1B[39;00m:
#x1B[32m--&gt; #x1B[39m#x1B[32m442#x1B[39m     #x1B[38;5;28;01mraise#x1B[39;00m #x1B[38;5;167;01mException#x1B[39;00m(attr+#x1B[33m"#x1B[39m#x1B[33m not in Result keys: #x1B[39m#x1B[33m"#x1B[39m+#x1B[38;5;28mstr#x1B[39m(#x1B[38;5;28mself#x1B[39m.keys()))

#x1B[31mException#x1B[39m: t120p0 not in Result keys: dict_keys(['nominal.tend.classify.num_cycled', 'nominal.tend.classify.perc_cycled', 'nominal.tend.classify.num_crashed', 'ma3_lost_sight_t0.tend.classify.num_cycled', 'ma3_lost_sight_t0.tend.classify.perc_cycled', 'ma3_lost_sight_t0.tend.classify.num_crashed'])

During handling of the above exception, another exception occurred:

#x1B[31mAttributeError#x1B[39m                            Traceback (most recent call last)
#x1B[36mCell#x1B[39m#x1B[36m #x1B[39m#x1B[32mIn[23]#x1B[39m#x1B[32m, line 1#x1B[39m
#x1B[32m----&gt; #x1B[39m#x1B[32m1#x1B[39m #x1B[43mendresults#x1B[49m#x1B[43m.#x1B[49m#x1B[43mt120p0#x1B[49m.endclass #x1B[38;5;66;03m#table should also include local, global metrics#x1B[39;00m

#x1B[36mFile #x1B[39m#x1B[32m~/bamboo-agent-home/xml-data/build-dir/RAD-TEST-UVF/fmdtools-full/lib/python3.11/site-packages/fmdtools/analyze/result.py:370#x1B[39m, in #x1B[36mResult.__getattr__#x1B[39m#x1B[34m(self, argstr)#x1B[39m
#x1B[32m    368#x1B[39m     #x1B[38;5;28;01mreturn#x1B[39;00m #x1B[38;5;28mself#x1B[39m.all_with(argstr)
#x1B[32m    369#x1B[39m #x1B[38;5;28;01mexcept#x1B[39;00m #x1B[38;5;167;01mException#x1B[39;00m:
#x1B[32m--&gt; #x1B[39m#x1B[32m370#x1B[39m     #x1B[38;5;28;01mraise#x1B[39;00m #x1B[38;5;167;01mAttributeError#x1B[39;00m(#x1B[33m"#x1B[39m#x1B[33mNot in dict: #x1B[39m#x1B[33m"#x1B[39m+#x1B[38;5;28mstr#x1B[39m(argstr))

#x1B[31mAttributeError#x1B[39m: Not in dict: t120p0</failure></testcase><testcase classname="examples.taxiway.test_asset.AssetTests" name="test_avoid" time="2.140" /><testcase classname="examples.taxiway.test_asset.AssetTests" name="test_avoid_plot" time="2.783" /><testcase classname="examples.taxiway.test_asset.AssetTests" name="test_heli_cycle" time="1.064" /><testcase classname="examples.taxiway.test_asset.AssetTests" name="test_heli_cycle_plot" time="1.479" /><testcase classname="examples.taxiway.test_asset.AssetTests" name="test_lost_sight" time="5.853" /><testcase classname="examples.taxiway.test_asset.AssetTests" name="test_lost_sight_plot" time="5.636" /><testcase classname="examples.taxiway.test_asset.AssetTests" name="test_one_cycle" time="1.216" /><testcase classname="examples.taxiway.test_asset.AssetTests" name="test_one_cycle_plot" time="1.873" /><testcase classname="examples.taxiway.test_model.ModelTests" name="test_atc_lost_ground_perception" time="34.459" /><testcase classname="examples.taxiway.test_model.ModelTests" name="test_atc_lost_ground_perception_plot" time="37.320" /><testcase classname="examples.taxiway.test_model.ModelTests" name="test_atc_wrong_land_command" time="36.038" /><testcase classname="examples.taxiway.test_model.ModelTests" name="test_atc_wrong_land_command_lost_sight" time="36.396" /><testcase classname="examples.taxiway.test_model.ModelTests" name="test_atc_wrong_land_command_sight_plot" time="39.043" /><testcase classname="examples.taxiway.test_model.ModelTests" name="test_default_plots" time="22.997" /><testcase classname="examples.taxiway.test_model.ModelTests" name="test_scen" time="18.128" /><testcase classname="fmdtools.analyze.common" name="fmdtools.analyze.common.auto_filetype" time="0.006" /><testcase classname="fmdtools.analyze.common" name="fmdtools.analyze.common.calc_average" time="0.003" /><testcase classname="fmdtools.analyze.common" name="fmdtools.analyze.common.calc_expected" time="0.003" /><testcase classname="fmdtools.analyze.common" name="fmdtools.analyze.common.calc_metric" time="0.004" /><testcase classname="fmdtools.analyze.common" name="fmdtools.analyze.common.calc_metric_ci" time="0.025" /><testcase classname="fmdtools.analyze.common" name="fmdtools.analyze.common.calc_percent" time="0.003" /><testcase classname="fmdtools.analyze.common" name="fmdtools.analyze.common.calc_rate" time="0.003" /><testcase classname="fmdtools.analyze.common" name="fmdtools.analyze.common.calc_sum" time="0.003" /><testcase classname="fmdtools.analyze.common" name="fmdtools.analyze.common.calc_total" time="0.003" /><testcase classname="fmdtools.analyze.common" name="fmdtools.analyze.common.create_indiv_filename" time="0.002" /><testcase classname="fmdtools.analyze.common" name="fmdtools.analyze.common.diff" time="0.003" /><testcase classname="fmdtools.analyze.common" name="fmdtools.analyze.common.join_key" time="0.003" /><testcase classname="fmdtools.analyze.common" name="fmdtools.analyze.common.to_include_keys" time="0.003" /><testcase classname="fmdtools.analyze.graph.base" name="fmdtools.analyze.graph.base.Graph" time="0.619" /><testcase classname="fmdtools.analyze.graph.base" name="fmdtools.analyze.graph.base.Graph._get_edge_style" time="0.003" /><testcase classname="fmdtools.analyze.graph.base" name="fmdtools.analyze.graph.base.Graph._get_node_style" time="0.003" /><testcase classname="fmdtools.analyze.graph.base" name="fmdtools.analyze.graph.base.Graph.add_node_groups" time="0.138" /><testcase classname="fmdtools.analyze.graph.base" name="fmdtools.analyze.graph.base.Graph.draw_drawio" time="0.017" /><testcase classname="fmdtools.analyze.graph.base" name="fmdtools.analyze.graph.base.Graph.set_heatmap" time="0.144" /><testcase classname="fmdtools.analyze.graph.model" name="fmdtools.analyze.graph.model.ModelGraph" time="0.011"><failure message="211     get_states: bool&#10;212         whether to get states for the graph&#10;213     **kwargs:&#10;214         keyword arguments for self.nx_from_obj&#10;215 &#10;216     Examples&#10;217     --------&#10;218     &gt;&gt;&gt; from fmdtools.define.block.function import ExampleFunction&#10;219     &gt;&gt;&gt; mg = ModelGraph(ExampleFunction())&#10;220     &gt;&gt;&gt; mg.get_nodes()&#10;Expected:&#10;    ['examplefunction', 'examplefunction.m', 'examplefunction.p', 'examplefunction.s', 'examplefunction.sp', 'examplefunction.t', 'examplefunction.exampleflow', 'examplefunction.dynamic_behavior']&#10;Got:&#10;    ['examplefunction', 'examplefunction.t', 'examplefunction.sp', 'examplefunction.p', 'examplefunction.s', 'examplefunction.m', 'examplefunction.exampleflow', 'examplefunction.dynamic_behavior']&#10;&#10;/home/bamboo/bamboo-agent-home/xml-data/build-dir/RAD-TEST-UVF/fmdtools/fmdtools/analyze/graph/model.py:220: DocTestFailure">211     get_states: bool
212         whether to get states for the graph
213     **kwargs:
214         keyword arguments for self.nx_from_obj
215 
216     Examples
217     --------
218     &gt;&gt;&gt; from fmdtools.define.block.function import ExampleFunction
219     &gt;&gt;&gt; mg = ModelGraph(ExampleFunction())
220     &gt;&gt;&gt; mg.get_nodes()
Expected:
    ['examplefunction', 'examplefunction.m', 'examplefunction.p', 'examplefunction.s', 'examplefunction.sp', 'examplefunction.t', 'examplefunction.exampleflow', 'examplefunction.dynamic_behavior']
Got:
    ['examplefunction', 'examplefunction.t', 'examplefunction.sp', 'examplefunction.p', 'examplefunction.s', 'examplefunction.m', 'examplefunction.exampleflow', 'examplefunction.dynamic_behavior']

/home/bamboo/bamboo-agent-home/xml-data/build-dir/RAD-TEST-UVF/fmdtools/fmdtools/analyze/graph/model.py:220: DocTestFailure</failure></testcase><testcase classname="fmdtools.analyze.graph.model" name="fmdtools.analyze.graph.model.create_inheritance_subgraph" time="0.005" /><testcase classname="fmdtools.analyze.graph.style" name="fmdtools.analyze.graph.style.FlowEdgeStyle" time="0.003" /><testcase classname="fmdtools.analyze.graph.style" name="fmdtools.analyze.graph.style.edge_style_factory" time="0.779" /><testcase classname="fmdtools.analyze.graph.style" name="fmdtools.analyze.graph.style.node_style_factory" time="1.328" /><testcase classname="fmdtools.analyze.graph.style" name="fmdtools.analyze.graph.style.to_legend_label" time="0.004" /><testcase classname="fmdtools.analyze.history" name="fmdtools.analyze.history.History" time="0.004" /><testcase classname="fmdtools.analyze.history" name="fmdtools.analyze.history.History.cut" time="0.003" /><testcase classname="fmdtools.analyze.history" name="fmdtools.analyze.history.History.get_degraded_hist" time="0.003" /><testcase classname="fmdtools.analyze.history" name="fmdtools.analyze.history.History.get_fault_time" time="0.003" /><testcase classname="fmdtools.analyze.history" name="fmdtools.analyze.history.History.get_faulty_hist" time="0.004" /><testcase classname="fmdtools.analyze.history" name="fmdtools.analyze.history.History.get_mean_bound_errhist" time="0.004" /><testcase classname="fmdtools.analyze.history" name="fmdtools.analyze.history.History.get_mean_ci_errhist" time="0.012" /><testcase classname="fmdtools.analyze.history" name="fmdtools.analyze.history.History.get_mean_std_errhist" time="0.003" /><testcase classname="fmdtools.analyze.history" name="fmdtools.analyze.history.History.get_percentile_errhist" time="0.011" /><testcase classname="fmdtools.analyze.history" name="fmdtools.analyze.history.History.get_slice" time="0.003" /><testcase classname="fmdtools.analyze.phases" name="fmdtools.analyze.phases.PhaseMap.calc_modephase_time" time="0.002" /><testcase classname="fmdtools.analyze.phases" name="fmdtools.analyze.phases.PhaseMap.calc_phase_time" time="0.002" /><testcase classname="fmdtools.analyze.phases" name="fmdtools.analyze.phases.PhaseMap.calc_samples_in_phases" time="0.003" /><testcase classname="fmdtools.analyze.phases" name="fmdtools.analyze.phases.PhaseMap.find_modephase" time="0.002" /><testcase classname="fmdtools.analyze.phases" name="fmdtools.analyze.phases.PhaseMap.get_phase_times" time="0.003" /><testcase classname="fmdtools.analyze.phases" name="fmdtools.analyze.phases.PhaseMap.get_sample_times" time="0.003" /><testcase classname="fmdtools.analyze.phases" name="fmdtools.analyze.phases.find_interval_overlap" time="0.003" /><testcase classname="fmdtools.analyze.phases" name="fmdtools.analyze.phases.from_hist" time="0.003" /><testcase classname="fmdtools.analyze.phases" name="fmdtools.analyze.phases.join_phasemaps" time="0.003" /><testcase classname="fmdtools.analyze.result" name="fmdtools.analyze.result.Result" time="0.003" /><testcase classname="fmdtools.analyze.result" name="fmdtools.analyze.result.Result.__eq__" time="0.003" /><testcase classname="fmdtools.analyze.result" name="fmdtools.analyze.result.Result.__sub__" time="0.003" /><testcase classname="fmdtools.analyze.result" name="fmdtools.analyze.result.Result.align_external_dict" time="0.003" /><testcase classname="fmdtools.analyze.result" name="fmdtools.analyze.result.Result.fromdict" time="0.002" /><testcase classname="fmdtools.analyze.result" name="fmdtools.analyze.result.Result.get" time="0.003" /><testcase classname="fmdtools.analyze.result" name="fmdtools.analyze.result.Result.get_metric" time="0.005" /><testcase classname="fmdtools.analyze.result" name="fmdtools.analyze.result.Result.get_metric_ci" time="0.010" /><testcase classname="fmdtools.analyze.result" name="fmdtools.analyze.result.Result.get_vals" time="0.003" /><testcase classname="fmdtools.analyze.result" name="fmdtools.analyze.result.Result.is_flat" time="0.002" /><testcase classname="fmdtools.analyze.tabulate" name="fmdtools.analyze.tabulate.Comparison" time="1.680" /><testcase classname="fmdtools.analyze.tabulate" name="fmdtools.analyze.tabulate.FMEA" time="0.051" /><testcase classname="fmdtools.analyze.tabulate" name="fmdtools.analyze.tabulate.result_summary" time="0.466" /><testcase classname="fmdtools.analyze.tabulate" name="fmdtools.analyze.tabulate.result_summary_fmea" time="1.841" /><testcase classname="fmdtools.define.architecture.action" name="fmdtools.define.architecture.action.ActionArchitecture" time="0.015" /><testcase classname="fmdtools.define.architecture.action" name="fmdtools.define.architecture.action.ActionArchitectureActGraph" time="0.006" /><testcase classname="fmdtools.define.architecture.action" name="fmdtools.define.architecture.action.ActionArchitectureFlowGraph" time="0.006" /><testcase classname="fmdtools.define.architecture.action" name="fmdtools.define.architecture.action.ActionArchitectureGraph" time="0.007" /><testcase classname="fmdtools.define.architecture.base" name="fmdtools.define.architecture.base.Architecture.as_drawio" time="0.031" /><testcase classname="fmdtools.define.architecture.component" name="fmdtools.define.architecture.component.ComponentArchitecture" time="0.015" /><testcase classname="fmdtools.define.architecture.function" name="fmdtools.define.architecture.function.FunctionArchitecture" time="0.016" /><testcase classname="fmdtools.define.architecture.function" name="fmdtools.define.architecture.function.FunctionArchitectureFlowGraph" time="0.010" /><testcase classname="fmdtools.define.architecture.function" name="fmdtools.define.architecture.function.FunctionArchitectureFxnGraph" time="0.011" /><testcase classname="fmdtools.define.architecture.function" name="fmdtools.define.architecture.function.FunctionArchitectureGraph" time="0.015" /><testcase classname="fmdtools.define.architecture.function" name="fmdtools.define.architecture.function.FunctionArchitectureTypeGraph" time="0.008" /><testcase classname="fmdtools.define.architecture.geom" name="fmdtools.define.architecture.geom.GeomArchitecture" time="0.009" /><testcase classname="fmdtools.define.architecture.geom" name="fmdtools.define.architecture.geom.GeomArchitecture.all_at" time="0.011" /><testcase classname="fmdtools.define.base" name="fmdtools.define.base.is_bool" time="0.002" /><testcase classname="fmdtools.define.base" name="fmdtools.define.base.is_numeric" time="0.002" /><testcase classname="fmdtools.define.base" name="fmdtools.define.base.nan_to_x" time="0.002" /><testcase classname="fmdtools.define.block.action" name="fmdtools.define.block.action.Action" time="0.005" /><testcase classname="fmdtools.define.block.base" name="fmdtools.define.block.base.SimParam.get_hist_ind" time="0.003" /><testcase classname="fmdtools.define.block.base" name="fmdtools.define.block.base.SimParam.get_shift" time="0.003" /><testcase classname="fmdtools.define.block.base" name="fmdtools.define.block.base.SimParam.get_timerange" time="0.003" /><testcase classname="fmdtools.define.block.component" name="fmdtools.define.block.component.Component" time="0.008" /><testcase classname="fmdtools.define.block.function" name="fmdtools.define.block.function.Function" time="0.007" /><testcase classname="fmdtools.define.container.base" name="fmdtools.define.container.base.BaseContainer.assign" time="0.003" /><testcase classname="fmdtools.define.container.base" name="fmdtools.define.container.base.BaseContainer.copy" time="0.003" /><testcase classname="fmdtools.define.container.base" name="fmdtools.define.container.base.BaseContainer.create_hist" time="0.002" /><testcase classname="fmdtools.define.container.base" name="fmdtools.define.container.base.BaseContainer.get_field_dict" time="0.002" /><testcase classname="fmdtools.define.container.base" name="fmdtools.define.container.base.BaseContainer.set_field" time="0.002" /><testcase classname="fmdtools.define.container.base" name="fmdtools.define.container.base.BaseContainer.to_default" time="0.002" /><testcase classname="fmdtools.define.container.base" name="fmdtools.define.container.base.check_container_pick" time="0.004" /><testcase classname="fmdtools.define.container.mode" name="fmdtools.define.container.mode.Fault.calc_rate" time="0.003" /><testcase classname="fmdtools.define.container.mode" name="fmdtools.define.container.mode.HumanErrorMode" time="0.003" /><testcase classname="fmdtools.define.container.mode" name="fmdtools.define.container.mode.Mode" time="0.003" /><testcase classname="fmdtools.define.container.mode" name="fmdtools.define.container.mode.Mode.add_fault" time="0.003" /><testcase classname="fmdtools.define.container.mode" name="fmdtools.define.container.mode.Mode.get_fault" time="0.003" /><testcase classname="fmdtools.define.container.parameter" name="fmdtools.define.container.parameter.Parameter" time="0.003" /><testcase classname="fmdtools.define.container.rand" name="fmdtools.define.container.rand.Rand" time="0.005" /><testcase classname="fmdtools.define.container.rand" name="fmdtools.define.container.rand.Rand.get_rand_states" time="0.003" /><testcase classname="fmdtools.define.container.rand" name="fmdtools.define.container.rand.calc_prob_density_for_random" time="0.002" /><testcase classname="fmdtools.define.container.rand" name="fmdtools.define.container.rand.calc_prob_for_choice" time="0.003" /><testcase classname="fmdtools.define.container.rand" name="fmdtools.define.container.rand.calc_prob_for_integers" time="0.002" /><testcase classname="fmdtools.define.container.rand" name="fmdtools.define.container.rand.calc_prob_for_permuted" time="0.003" /><testcase classname="fmdtools.define.container.rand" name="fmdtools.define.container.rand.calc_prob_for_shuffle_permutation" time="0.002" /><testcase classname="fmdtools.define.container.rand" name="fmdtools.define.container.rand.get_exp_ray_pdf" time="0.003" /><testcase classname="fmdtools.define.container.rand" name="fmdtools.define.container.rand.get_hypergeometric_pmf" time="0.002" /><testcase classname="fmdtools.define.container.rand" name="fmdtools.define.container.rand.get_lognormal_pdf" time="0.003" /><testcase classname="fmdtools.define.container.rand" name="fmdtools.define.container.rand.get_prob_for_rand" time="0.003" /><testcase classname="fmdtools.define.container.rand" name="fmdtools.define.container.rand.get_standard_t_pdf" time="0.003" /><testcase classname="fmdtools.define.container.rand" name="fmdtools.define.container.rand.get_triangular_pdf" time="0.004" /><testcase classname="fmdtools.define.container.state" name="fmdtools.define.container.state.State" time="0.003" /><testcase classname="fmdtools.define.container.state" name="fmdtools.define.container.state.State.add" time="0.002" /><testcase classname="fmdtools.define.container.state" name="fmdtools.define.container.state.State.div" time="0.002" /><testcase classname="fmdtools.define.container.state" name="fmdtools.define.container.state.State.get" time="0.003" /><testcase classname="fmdtools.define.container.state" name="fmdtools.define.container.state.State.gett" time="0.002" /><testcase classname="fmdtools.define.container.state" name="fmdtools.define.container.state.State.inc" time="0.002" /><testcase classname="fmdtools.define.container.state" name="fmdtools.define.container.state.State.limit" time="0.002" /><testcase classname="fmdtools.define.container.state" name="fmdtools.define.container.state.State.mul" time="0.002" /><testcase classname="fmdtools.define.container.state" name="fmdtools.define.container.state.State.put" time="0.002" /><testcase classname="fmdtools.define.container.state" name="fmdtools.define.container.state.State.roundto" time="0.002" /><testcase classname="fmdtools.define.container.state" name="fmdtools.define.container.state.State.same" time="0.003" /><testcase classname="fmdtools.define.container.state" name="fmdtools.define.container.state.State.set_atts" time="0.002" /><testcase classname="fmdtools.define.container.state" name="fmdtools.define.container.state.State.sub" time="0.002" /><testcase classname="fmdtools.define.container.time" name="fmdtools.define.container.time.Time" time="0.004" /><testcase classname="fmdtools.define.environment" name="fmdtools.define.environment.Environment" time="0.018" /><testcase classname="fmdtools.define.environment" name="fmdtools.define.environment.Environment.copy" time="0.033" /><testcase classname="fmdtools.define.flow.base" name="fmdtools.define.flow.base.Flow" time="0.004" /><testcase classname="fmdtools.define.flow.commsflow" name="fmdtools.define.flow.commsflow.CommsFlow" time="0.004" /><testcase classname="fmdtools.define.flow.multiflow" name="fmdtools.define.flow.multiflow.MultiFlow" time="0.004" /><testcase classname="fmdtools.define.flow.multiflow" name="fmdtools.define.flow.multiflow.MultiFlow.create_hist" time="0.003" /><testcase classname="fmdtools.define.flow.multiflow" name="fmdtools.define.flow.multiflow.MultiFlow.get_view" time="0.003" /><testcase classname="fmdtools.define.object.base" name="fmdtools.define.object.base.BaseObject" time="0.005" /><testcase classname="fmdtools.define.object.base" name="fmdtools.define.object.base.BaseObject.assign_roles" time="0.003" /><testcase classname="fmdtools.define.object.base" name="fmdtools.define.object.base.BaseObject.get_att_roletype" time="0.002" /><testcase classname="fmdtools.define.object.base" name="fmdtools.define.object.base.BaseObject.get_node_attrs" time="0.003" /><testcase classname="fmdtools.define.object.coords" name="fmdtools.define.object.coords.BaseCoords.find_all_prop" time="0.004" /><testcase classname="fmdtools.define.object.coords" name="fmdtools.define.object.coords.BaseCoords.find_all_props" time="0.005" /><testcase classname="fmdtools.define.object.coords" name="fmdtools.define.object.coords.BaseCoords.get" time="0.004" /><testcase classname="fmdtools.define.object.coords" name="fmdtools.define.object.coords.BaseCoords.get_neighbors" time="0.007" /><testcase classname="fmdtools.define.object.coords" name="fmdtools.define.object.coords.BaseCoords.get_properties" time="0.003" /><testcase classname="fmdtools.define.object.coords" name="fmdtools.define.object.coords.BaseCoords.set" time="0.003" /><testcase classname="fmdtools.define.object.coords" name="fmdtools.define.object.coords.BaseCoords.set_pts" time="0.003" /><testcase classname="fmdtools.define.object.coords" name="fmdtools.define.object.coords.BaseCoords.set_range" time="0.007" /><testcase classname="fmdtools.define.object.coords" name="fmdtools.define.object.coords.BaseCoords.to_gridpoint" time="0.004" /><testcase classname="fmdtools.define.object.coords" name="fmdtools.define.object.coords.BaseCoords.to_index" time="0.003" /><testcase classname="fmdtools.define.object.coords" name="fmdtools.define.object.coords.Coords" time="0.007" /><testcase classname="fmdtools.define.object.coords" name="fmdtools.define.object.coords.Coords.copy" time="0.005" /><testcase classname="fmdtools.define.object.coords" name="fmdtools.define.object.coords.Coords.find_all" time="0.005" /><testcase classname="fmdtools.define.object.coords" name="fmdtools.define.object.coords.Coords.find_closest" time="0.004" /><testcase classname="fmdtools.define.object.coords" name="fmdtools.define.object.coords.Coords.in_area" time="0.004" /><testcase classname="fmdtools.define.object.coords" name="fmdtools.define.object.coords.Coords.set_rand_pts" time="0.003" /><testcase classname="fmdtools.define.object.coords" name="fmdtools.define.object.coords.MetricCoords" time="0.004" /><testcase classname="fmdtools.define.object.geom" name="fmdtools.define.object.geom.Geom.all_at" time="0.005" /><testcase classname="fmdtools.define.object.geom" name="fmdtools.define.object.geom.Geom.vect_at_shape" time="0.004" /><testcase classname="fmdtools.define.object.geom" name="fmdtools.define.object.geom.Geom.vect_to_shape" time="0.004" /><testcase classname="fmdtools.define.object.geom" name="fmdtools.define.object.geom.GeomLine" time="0.004" /><testcase classname="fmdtools.define.object.geom" name="fmdtools.define.object.geom.GeomLine.get_args" time="0.002" /><testcase classname="fmdtools.define.object.geom" name="fmdtools.define.object.geom.GeomPoint" time="0.005" /><testcase classname="fmdtools.define.object.geom" name="fmdtools.define.object.geom.GeomPoint.get_args" time="0.002" /><testcase classname="fmdtools.define.object.geom" name="fmdtools.define.object.geom.GeomPoly" time="0.004" /><testcase classname="fmdtools.define.object.geom" name="fmdtools.define.object.geom.GeomPoly.get_args" time="0.002" /><testcase classname="fmdtools.define.object.geom" name="fmdtools.define.object.geom.LineParam" time="0.003" /><testcase classname="fmdtools.define.object.geom" name="fmdtools.define.object.geom.PointParam" time="0.003" /><testcase classname="fmdtools.define.object.geom" name="fmdtools.define.object.geom.PolyParam" time="0.003" /><testcase classname="fmdtools.define.object.timer" name="fmdtools.define.object.timer.Timer" time="0.002" /><testcase classname="fmdtools.sim.propagate" name="fmdtools.sim.propagate.MultiEventSimulation" time="3.757" /><testcase classname="fmdtools.sim.propagate" name="fmdtools.sim.propagate.MultiSimulation" time="2.487" /><testcase classname="fmdtools.sim.propagate" name="fmdtools.sim.propagate.NestedSimulation" time="1.151" /><testcase classname="fmdtools.sim.propagate" name="fmdtools.sim.propagate.SimEvent" time="0.011"><failure message="337         Whether the event has simulated. Default is False.&#10;338 &#10;339     Examples&#10;340     --------&#10;341     &gt;&gt;&gt; from fmdtools.define.block.function import ExampleFunction&#10;342     &gt;&gt;&gt; se = SimEvent(time=5.0, copy=True, to_return=[&quot;classify&quot;])&#10;343     &gt;&gt;&gt; se&#10;344     SimEvent(time=5.0, copy=True, to_return=['classify'])&#10;345     &gt;&gt;&gt; se.run(ExampleFunction())&#10;346     &gt;&gt;&gt; se.mdl_copy # note that copied models are gotten just before the simulation&#10;Differences (unified diff with -expected +actual):&#10;    @@ -1,5 +1,5 @@&#10;     examplefunction ExampleFunction&#10;    +- t=Time(time=4.0, timers={})&#10;    +- s=ExampleState(x=4.0, y=0.0)&#10;     - m=ExampleMode(mode='standby', faults=set(), sub_faults=False)&#10;    -- s=ExampleState(x=4.0, y=0.0)&#10;    -- t=Time(time=4.0, timers={})&#10;     - exf=ExampleFlow(s=(x=1.0, y=1.0))&#10;&#10;/home/bamboo/bamboo-agent-home/xml-data/build-dir/RAD-TEST-UVF/fmdtools/fmdtools/sim/propagate.py:346: DocTestFailure">337         Whether the event has simulated. Default is False.
338 
339     Examples
340     --------
341     &gt;&gt;&gt; from fmdtools.define.block.function import ExampleFunction
342     &gt;&gt;&gt; se = SimEvent(time=5.0, copy=True, to_return=["classify"])
343     &gt;&gt;&gt; se
344     SimEvent(time=5.0, copy=True, to_return=['classify'])
345     &gt;&gt;&gt; se.run(ExampleFunction())
346     &gt;&gt;&gt; se.mdl_copy # note that copied models are gotten just before the simulation
Differences (unified diff with -expected +actual):
    @@ -1,5 +1,5 @@
     examplefunction ExampleFunction
    +- t=Time(time=4.0, timers={})
    +- s=ExampleState(x=4.0, y=0.0)
     - m=ExampleMode(mode='standby', faults=set(), sub_faults=False)
    -- s=ExampleState(x=4.0, y=0.0)
    -- t=Time(time=4.0, timers={})
     - exf=ExampleFlow(s=(x=1.0, y=1.0))

/home/bamboo/bamboo-agent-home/xml-data/build-dir/RAD-TEST-UVF/fmdtools/fmdtools/sim/propagate.py:346: DocTestFailure</failure></testcase><testcase classname="fmdtools.sim.propagate" name="fmdtools.sim.propagate.Simulation" time="0.135"><failure message="534     &gt;&gt;&gt; sim = Simulation(mdl=esf, scen=s, ctimes = [2, 4], to_return={1.0: 's.x', &quot;end&quot;: [&quot;classify&quot;, &quot;graph&quot;]})&#10;535     &gt;&gt;&gt; sim&#10;536     Simulation with SimEvents:&#10;537     - 1.0=SimEvent(to_return={'s.x': None})&#10;538     - 2.0=SimEvent(copy=True)&#10;539     - 3.0=SimEvent(injection=Injection(faults={'examplefunction': ['low']}, disturbances={}))&#10;540     - 4.0=SimEvent(copy=True)&#10;541     - end=SimEvent(to_return={'classify': None, 'graph': None})&#10;542     &gt;&gt;&gt; res, hist = sim()&#10;543     &gt;&gt;&gt; sim.mdl&#10;Differences (unified diff with -expected +actual):&#10;    @@ -1,5 +1,5 @@&#10;     examplefunction ExampleFunction&#10;    +- t=Time(time=100.0, timers={})&#10;    +- s=ExampleState(x=20.0, y=294.0)&#10;     - m=ExampleMode(mode='low', faults={'low'}, sub_faults=False)&#10;    -- s=ExampleState(x=20.0, y=294.0)&#10;    -- t=Time(time=100.0, timers={})&#10;     - exf=ExampleFlow(s=(x=1964.0, y=1.0))&#10;&#10;/home/bamboo/bamboo-agent-home/xml-data/build-dir/RAD-TEST-UVF/fmdtools/fmdtools/sim/propagate.py:543: DocTestFailure">534     &gt;&gt;&gt; sim = Simulation(mdl=esf, scen=s, ctimes = [2, 4], to_return={1.0: 's.x', "end": ["classify", "graph"]})
535     &gt;&gt;&gt; sim
536     Simulation with SimEvents:
537     - 1.0=SimEvent(to_return={'s.x': None})
538     - 2.0=SimEvent(copy=True)
539     - 3.0=SimEvent(injection=Injection(faults={'examplefunction': ['low']}, disturbances={}))
540     - 4.0=SimEvent(copy=True)
541     - end=SimEvent(to_return={'classify': None, 'graph': None})
542     &gt;&gt;&gt; res, hist = sim()
543     &gt;&gt;&gt; sim.mdl
Differences (unified diff with -expected +actual):
    @@ -1,5 +1,5 @@
     examplefunction ExampleFunction
    +- t=Time(time=100.0, timers={})
    +- s=ExampleState(x=20.0, y=294.0)
     - m=ExampleMode(mode='low', faults={'low'}, sub_faults=False)
    -- s=ExampleState(x=20.0, y=294.0)
    -- t=Time(time=100.0, timers={})
     - exf=ExampleFlow(s=(x=1964.0, y=1.0))

/home/bamboo/bamboo-agent-home/xml-data/build-dir/RAD-TEST-UVF/fmdtools/fmdtools/sim/propagate.py:543: DocTestFailure</failure></testcase><testcase classname="fmdtools.sim.sample" name="fmdtools.sim.sample.BaseSample.get_metric" time="0.007" /><testcase classname="fmdtools.sim.sample" name="fmdtools.sim.sample.FaultDomain.add_all" time="0.009" /><testcase classname="fmdtools.sim.sample" name="fmdtools.sim.sample.FaultDomain.add_all_fxn_modes" time="0.008" /><testcase classname="fmdtools.sim.sample" name="fmdtools.sim.sample.FaultDomain.add_all_fxnclass_modes" time="0.008" /><testcase classname="fmdtools.sim.sample" name="fmdtools.sim.sample.FaultDomain.add_fault" time="0.008" /><testcase classname="fmdtools.sim.sample" name="fmdtools.sim.sample.FaultDomain.add_fault_space" time="0.009" /><testcase classname="fmdtools.sim.sample" name="fmdtools.sim.sample.FaultDomain.add_faults" time="0.008" /><testcase classname="fmdtools.sim.sample" name="fmdtools.sim.sample.FaultDomain.add_singlecomp_modes" time="0.048" /><testcase classname="fmdtools.sim.sample" name="fmdtools.sim.sample.FaultSample" time="0.004" /><testcase classname="fmdtools.sim.sample" name="fmdtools.sim.sample.FaultSample.add_fault_phases" time="0.046" /><testcase classname="fmdtools.sim.sample" name="fmdtools.sim.sample.FaultSample.add_fault_times" time="0.048" /><testcase classname="fmdtools.sim.sample" name="fmdtools.sim.sample.FaultSample.add_joint_fault_scenario" time="0.047" /><testcase classname="fmdtools.sim.sample" name="fmdtools.sim.sample.FaultSample.add_single_fault_scenario" time="0.046" /><testcase classname="fmdtools.sim.sample" name="fmdtools.sim.sample.ParameterDomain" time="0.005" /><testcase classname="fmdtools.sim.sample" name="fmdtools.sim.sample.ParameterDomain.get_var_iters" time="0.002" /><testcase classname="fmdtools.sim.sample" name="fmdtools.sim.sample.ParameterHistSample" time="0.004" /><testcase classname="fmdtools.sim.sample" name="fmdtools.sim.sample.ParameterResultSample" time="0.004" /><testcase classname="fmdtools.sim.sample" name="fmdtools.sim.sample.ParameterSample.add_variable_ranges" time="0.004" /><testcase classname="fmdtools.sim.sample" name="fmdtools.sim.sample.ParameterSample.add_variable_replicates" time="0.003" /><testcase classname="fmdtools.sim.sample" name="fmdtools.sim.sample.ParameterSample.add_variable_scenario" time="0.002" /><testcase classname="fmdtools.sim.sample" name="fmdtools.sim.sample.ParameterSample.combine_orthogonal" time="0.002" /><testcase classname="fmdtools.sim.sample" name="fmdtools.sim.sample.ParameterSample.combine_product" time="0.002" /><testcase classname="fmdtools.sim.sample" name="fmdtools.sim.sample.ParameterSample.combine_random" time="0.002" /><testcase classname="fmdtools.sim.sample" name="fmdtools.sim.sample.SampleApproach.add_faultdomain" time="0.063" /><testcase classname="fmdtools.sim.sample" name="fmdtools.sim.sample.SampleApproach.add_faultsample" time="0.097" /><testcase classname="fmdtools.sim.sample" name="fmdtools.sim.sample.combine_orthogonal" time="0.003" /><testcase classname="fmdtools.sim.sample" name="fmdtools.sim.sample.combine_random" time="0.002" /><testcase classname="fmdtools.sim.sample" name="fmdtools.sim.sample.sample_times_even" time="0.003" /><testcase classname="fmdtools.sim.sample" name="fmdtools.sim.sample.sample_times_quad" time="0.002" /><testcase classname="fmdtools.sim.scenario" name="fmdtools.sim.scenario.Sequence" time="0.002" /><testcase classname="fmdtools.sim.scenario" name="fmdtools.sim.scenario.Sequence.update_sequence" time="0.002" /><testcase classname="fmdtools.sim.scenario" name="fmdtools.sim.scenario.SingleFaultScenario.from_fault" time="0.002" /><testcase classname="fmdtools.sim.search" name="fmdtools.sim.search.BaseProblem.get_opt_hist" time="0.003" /><testcase classname="fmdtools.sim.search" name="fmdtools.sim.search.DisturbanceProblem" time="0.026" /><testcase classname="fmdtools.sim.search" name="fmdtools.sim.search.HistoryObjective" time="0.003" /><testcase classname="fmdtools.sim.search" name="fmdtools.sim.search.ParameterSimProblem" time="0.171" /><testcase classname="fmdtools.sim.search" name="fmdtools.sim.search.ProblemArchitecture" time="0.065" /><testcase classname="fmdtools.sim.search" name="fmdtools.sim.search.ProblemArchitecture.update_full_problem" time="0.043" /><testcase classname="fmdtools.sim.search" name="fmdtools.sim.search.ProblemArchitecture.update_problem" time="0.026" /><testcase classname="fmdtools.sim.search" name="fmdtools.sim.search.ResultConstraint.con_from_value" time="0.002" /><testcase classname="fmdtools.sim.search" name="fmdtools.sim.search.ResultObjective.get_result_value" time="0.003" /><testcase classname="fmdtools.sim.search" name="fmdtools.sim.search.SimpleProblem" time="0.002" /><testcase classname="fmdtools.sim.search" name="fmdtools.sim.search.SingleFaultScenarioProblem" time="0.030" /><testcase classname="tests.test_graph.ModelGraphTests" name="test_fault_plot" time="0.060"><failure message="Exception: Error simulating ('move_water', 'short') scenario(s)">self = move_water MoveWat
- t=MoveWatTime(time=0.0, timers={'pressure_limit': Timer pressure_limit: mode= standby, time= 0.0}...(flowrate=0.0, pressure=0.0, area=1.0, level=1.0))
- wat_out=Water(s=(flowrate=0.0, pressure=0.0, area=1.0, level=1.0))
time = 0.0, proptype = 'static-once', faults = [], disturbances = {}
inc_at = '', end_of_simulation = False, copy = False

    def __call__(self, time=None, proptype="both", faults=[], disturbances={},
                 inc_at="all", end_of_simulation=False, copy=False):
        """
        Call the Simulable to propagate behavior at a single time-step.
    
        Parameters
        ----------
        time : float/'end'
            Time at which to simulate the Simulable. Default is None, which uses
            self.t.time. If 'end' is provided, will be simulated until the end of
            the simulation (sp.end_time or sp.end_condition)
        proptype : str
            Type of propagation step to update ('static', 'dynamic', or 'both')
        faults : dict/list
            Faults to inject during this propagation step. (to be injected at time.)
            With structure ['fault1', 'fault2'...]
        disturbances : dict
            Variables to change during this propagation step. (to be injected at time.)
            With structure {'var1': value}
        inc_at : bool
            When to increment the history. If "all", increment at each time the sim
            iterates through. If "time", increment only at t==time.
        end_of_simulation : bool
            Whether this is the end of the simulation (and history should be cut).
        copy : bool
            If true, returns a copy of the model just before fault injection and
            stops simulation
        """
        try:
            if time == 'end':
                time = self.sp.end_time
            start_time, end_time = self.t.get_sim_times(time)
            sim_times = self.sp.get_timerange(start_time, end_time)
            for t in sim_times:
                if t == end_time:
                    if copy:
                        return self.copy()
                    if t != self.t.time:  # faults are only injected if not run yet
                        self.set_vars(**disturbances)
                        self.inject_faults(faults)
                self.t.update_time(t)
                if self.t.executing:
                    self.update_stochastic_states()
                    self.update_dynamic_behaviors(proptype=proptype)
&gt;                   self.update_static_behaviors(proptype=proptype)

fmdtools/define/block/base.py:796: 
_ _ _ _ _ _ _ _ _ _ _ _ _ _ _ _ _ _ _ _ _ _ _ _ _ _ _ _ _ _ _ _ _ _ _ _ _ _ _ _ 
fmdtools/define/block/base.py:728: in update_static_behaviors
    self.execute_static_behaviors()
fmdtools/define/block/base.py:734: in execute_static_behaviors
    self.static_behavior()
_ _ _ _ _ _ _ _ _ _ _ _ _ _ _ _ _ _ _ _ _ _ _ _ _ _ _ _ _ _ _ _ _ _ _ _ _ _ _ _ 

self = move_water MoveWat
- t=MoveWatTime(time=0.0, timers={'pressure_limit': Timer pressure_limit: mode= standby, time= 0.0}...(flowrate=0.0, pressure=0.0, area=1.0, level=1.0))
- wat_out=Water(s=(flowrate=0.0, pressure=0.0, area=1.0, level=1.0))

    def static_behavior(self):
        """Define how the function will behave with different faults."""
        self.set_faults()
        if self.m.has_fault('short'):
            self.ee_in.s.current = 500*10/5000*self.sig_in.s.power*self.ee_in.s.voltage
            self.s.eff = 0.0
        elif self.m.has_fault('mech_break'):
            self.ee_in.s.current = 0.2*10/5000*self.sig_in.s.power*self.ee_in.s.voltage
            self.s.eff = 0.0
        else:
            self.ee_in.s.current = 10/5000*self.sig_in.s.power * \
                self.ee_in.s.voltage*min(13.0, self.wat_out.s.pressure)
            # if we wanted to enforce nominall eff state, we would include:
            # self.s.eff = 1.0
    
        velocity = self.sig_in.s.power*self.s.eff * \
            min(1000, self.ee_in.s.voltage)*self.wat_in.s.level
        self.wat_out.s.pressure = 10/500 * velocity/self.wat_out.s.area
        self.wat_out.s.flowrate = 0.3/500 * velocity*self.wat_out.s.area
    
        self.wat_in.s.assign(self.wat_out.s, 'pressure', 'flowrate')
&gt;       print(a)
              ^
E       NameError: name 'a' is not defined

examples/pump/ex_pump.py:436: NameError

The above exception was the direct cause of the following exception:

self = pump Pump
- t=Time(time=0.0, timers={})
- m=Mode(mode='nominal', faults=set(), sub_faults=False)
FLOWS:
- ee_1=Electri...minal', faults=set(), sub_faults=False))
- export_water=ExportWater(m=(mode='nominal', faults=set(), sub_faults=False))
time = 10.0, proptype = 'both', faults = [], disturbances = {}, inc_at = 'all'
end_of_simulation = False, copy = True

    def __call__(self, time=None, proptype="both", faults=[], disturbances={},
                 inc_at="all", end_of_simulation=False, copy=False):
        """
        Call the Simulable to propagate behavior at a single time-step.
    
        Parameters
        ----------
        time : float/'end'
            Time at which to simulate the Simulable. Default is None, which uses
            self.t.time. If 'end' is provided, will be simulated until the end of
            the simulation (sp.end_time or sp.end_condition)
        proptype : str
            Type of propagation step to update ('static', 'dynamic', or 'both')
        faults : dict/list
            Faults to inject during this propagation step. (to be injected at time.)
            With structure ['fault1', 'fault2'...]
        disturbances : dict
            Variables to change during this propagation step. (to be injected at time.)
            With structure {'var1': value}
        inc_at : bool
            When to increment the history. If "all", increment at each time the sim
            iterates through. If "time", increment only at t==time.
        end_of_simulation : bool
            Whether this is the end of the simulation (and history should be cut).
        copy : bool
            If true, returns a copy of the model just before fault injection and
            stops simulation
        """
        try:
            if time == 'end':
                time = self.sp.end_time
            start_time, end_time = self.t.get_sim_times(time)
            sim_times = self.sp.get_timerange(start_time, end_time)
            for t in sim_times:
                if t == end_time:
                    if copy:
                        return self.copy()
                    if t != self.t.time:  # faults are only injected if not run yet
                        self.set_vars(**disturbances)
                        self.inject_faults(faults)
                self.t.update_time(t)
                if self.t.executing:
                    self.update_stochastic_states()
                    self.update_dynamic_behaviors(proptype=proptype)
&gt;                   self.update_static_behaviors(proptype=proptype)

fmdtools/define/block/base.py:796: 
_ _ _ _ _ _ _ _ _ _ _ _ _ _ _ _ _ _ _ _ _ _ _ _ _ _ _ _ _ _ _ _ _ _ _ _ _ _ _ _ 
fmdtools/define/block/base.py:724: in update_static_behaviors
    self.execute_static_behaviors()
fmdtools/define/block/base.py:732: in execute_static_behaviors
    self.update_arch_behaviors("static")
fmdtools/define/architecture/base.py:163: in update_arch_behaviors
    self.prop_static()
fmdtools/define/architecture/base.py:203: in prop_static
    sim(time=self.t.time, proptype='static-once', inc_at="")
_ _ _ _ _ _ _ _ _ _ _ _ _ _ _ _ _ _ _ _ _ _ _ _ _ _ _ _ _ _ _ _ _ _ _ _ _ _ _ _ 

self = move_water MoveWat
- t=MoveWatTime(time=0.0, timers={'pressure_limit': Timer pressure_limit: mode= standby, time= 0.0}...(flowrate=0.0, pressure=0.0, area=1.0, level=1.0))
- wat_out=Water(s=(flowrate=0.0, pressure=0.0, area=1.0, level=1.0))
time = 0.0, proptype = 'static-once', faults = [], disturbances = {}
inc_at = '', end_of_simulation = False, copy = False

    def __call__(self, time=None, proptype="both", faults=[], disturbances={},
                 inc_at="all", end_of_simulation=False, copy=False):
        """
        Call the Simulable to propagate behavior at a single time-step.
    
        Parameters
        ----------
        time : float/'end'
            Time at which to simulate the Simulable. Default is None, which uses
            self.t.time. If 'end' is provided, will be simulated until the end of
            the simulation (sp.end_time or sp.end_condition)
        proptype : str
            Type of propagation step to update ('static', 'dynamic', or 'both')
        faults : dict/list
            Faults to inject during this propagation step. (to be injected at time.)
            With structure ['fault1', 'fault2'...]
        disturbances : dict
            Variables to change during this propagation step. (to be injected at time.)
            With structure {'var1': value}
        inc_at : bool
            When to increment the history. If "all", increment at each time the sim
            iterates through. If "time", increment only at t==time.
        end_of_simulation : bool
            Whether this is the end of the simulation (and history should be cut).
        copy : bool
            If true, returns a copy of the model just before fault injection and
            stops simulation
        """
        try:
            if time == 'end':
                time = self.sp.end_time
            start_time, end_time = self.t.get_sim_times(time)
            sim_times = self.sp.get_timerange(start_time, end_time)
            for t in sim_times:
                if t == end_time:
                    if copy:
                        return self.copy()
                    if t != self.t.time:  # faults are only injected if not run yet
                        self.set_vars(**disturbances)
                        self.inject_faults(faults)
                self.t.update_time(t)
                if self.t.executing:
                    self.update_stochastic_states()
                    self.update_dynamic_behaviors(proptype=proptype)
                    self.update_static_behaviors(proptype=proptype)
                    self.set_sub_faults()
                    if inc_at == "all" or (inc_at == "time" and t == time):
                        self.inc_sim_time()
                        self.h.log(self, self.t.t_ind, self.t.time)
                    if self.sp.end_condition:
                        if get_var(self, self.sp.end_condition)():
                            break
    
            if end_of_simulation:
                self.cut_hist()
        except Exception as e:
&gt;           raise Exception("Error simulating " + self.name +
                            " of class " + self.__class__.__name__ +
                            " at time=" + str(self.t.time)) from e
E           Exception: Error simulating move_water of class MoveWat at time=0.0

fmdtools/define/block/base.py:808: Exception

The above exception was the direct cause of the following exception:

self = Simulation with SimEvents:
- 10.0=SimEvent(copy=True)
- end=SimEvent(to_return={'graph': None, 'classify': None, 'faults': None})
kwargs = {}

    def __call__(self, **kwargs):
        """Run the sim, save its results (if needed), return its result and history."""
        try:
&gt;           self.run(**kwargs)

fmdtools/sim/propagate.py:480: 
_ _ _ _ _ _ _ _ _ _ _ _ _ _ _ _ _ _ _ _ _ _ _ _ _ _ _ _ _ _ _ _ _ _ _ _ _ _ _ _ 
fmdtools/sim/propagate.py:632: in run
    simevent.run(self.mdl, scen=self.scen, **kwargs)
fmdtools/sim/propagate.py:395: in run
    self.mdl_copy = mdl(time=self.time, **kwar, copy=True)
                    ^^^^^^^^^^^^^^^^^^^^^^^^^^^^^^^^^^^^^^
_ _ _ _ _ _ _ _ _ _ _ _ _ _ _ _ _ _ _ _ _ _ _ _ _ _ _ _ _ _ _ _ _ _ _ _ _ _ _ _ 

self = pump Pump
- t=Time(time=0.0, timers={})
- m=Mode(mode='nominal', faults=set(), sub_faults=False)
FLOWS:
- ee_1=Electri...minal', faults=set(), sub_faults=False))
- export_water=ExportWater(m=(mode='nominal', faults=set(), sub_faults=False))
time = 10.0, proptype = 'both', faults = [], disturbances = {}, inc_at = 'all'
end_of_simulation = False, copy = True

    def __call__(self, time=None, proptype="both", faults=[], disturbances={},
                 inc_at="all", end_of_simulation=False, copy=False):
        """
        Call the Simulable to propagate behavior at a single time-step.
    
        Parameters
        ----------
        time : float/'end'
            Time at which to simulate the Simulable. Default is None, which uses
            self.t.time. If 'end' is provided, will be simulated until the end of
            the simulation (sp.end_time or sp.end_condition)
        proptype : str
            Type of propagation step to update ('static', 'dynamic', or 'both')
        faults : dict/list
            Faults to inject during this propagation step. (to be injected at time.)
            With structure ['fault1', 'fault2'...]
        disturbances : dict
            Variables to change during this propagation step. (to be injected at time.)
            With structure {'var1': value}
        inc_at : bool
            When to increment the history. If "all", increment at each time the sim
            iterates through. If "time", increment only at t==time.
        end_of_simulation : bool
            Whether this is the end of the simulation (and history should be cut).
        copy : bool
            If true, returns a copy of the model just before fault injection and
            stops simulation
        """
        try:
            if time == 'end':
                time = self.sp.end_time
            start_time, end_time = self.t.get_sim_times(time)
            sim_times = self.sp.get_timerange(start_time, end_time)
            for t in sim_times:
                if t == end_time:
                    if copy:
                        return self.copy()
                    if t != self.t.time:  # faults are only injected if not run yet
                        self.set_vars(**disturbances)
                        self.inject_faults(faults)
                self.t.update_time(t)
                if self.t.executing:
                    self.update_stochastic_states()
                    self.update_dynamic_behaviors(proptype=proptype)
                    self.update_static_behaviors(proptype=proptype)
                    self.set_sub_faults()
                    if inc_at == "all" or (inc_at == "time" and t == time):
                        self.inc_sim_time()
                        self.h.log(self, self.t.t_ind, self.t.time)
                    if self.sp.end_condition:
                        if get_var(self, self.sp.end_condition)():
                            break
    
            if end_of_simulation:
                self.cut_hist()
        except Exception as e:
&gt;           raise Exception("Error simulating " + self.name +
                            " of class " + self.__class__.__name__ +
                            " at time=" + str(self.t.time)) from e
E           Exception: Error simulating pump of class Pump at time=0.0

fmdtools/define/block/base.py:808: Exception

The above exception was the direct cause of the following exception:

self = MultiEventSimulation of
SingleFaultScenario(sequence={10.0: Injection(faults={'move_water': ['short']}, disturbances={})}, times=(10,), function='move_water', fault='short', rate=1e-05, name='move_water_short_t10', time=10, phase='')
kwargs = {}

    def __call__(self, **kwargs):
        """Run the sim, save its results (if needed), return its result and history."""
        try:
&gt;           self.run(**kwargs)

fmdtools/sim/propagate.py:480: 
_ _ _ _ _ _ _ _ _ _ _ _ _ _ _ _ _ _ _ _ _ _ _ _ _ _ _ _ _ _ _ _ _ _ _ _ _ _ _ _ 
fmdtools/sim/propagate.py:1023: in run
    self.run_nom(with_copy=True)
fmdtools/sim/propagate.py:1008: in run_nom
    outs = nomsim(**sim_kwar)
           ^^^^^^^^^^^^^^^^^^
fmdtools/sim/propagate.py:620: in __call__
    res, hist = super().__call__(**kwargs)
                ^^^^^^^^^^^^^^^^^^^^^^^^^^
_ _ _ _ _ _ _ _ _ _ _ _ _ _ _ _ _ _ _ _ _ _ _ _ _ _ _ _ _ _ _ _ _ _ _ _ _ _ _ _ 

self = Simulation with SimEvents:
- 10.0=SimEvent(copy=True)
- end=SimEvent(to_return={'graph': None, 'classify': None, 'faults': None})
kwargs = {}

    def __call__(self, **kwargs):
        """Run the sim, save its results (if needed), return its result and history."""
        try:
            self.run(**kwargs)
        except Exception as e:
&gt;           raise Exception("Error simulating "+self.name+" scenario(s)") from e
E           Exception: Error simulating nominal scenario(s)

fmdtools/sim/propagate.py:482: Exception

The above exception was the direct cause of the following exception:

self = &lt;tests.test_graph.ModelGraphTests testMethod=test_fault_plot&gt;

    def test_fault_plot(self):
&gt;       er, mh = propagate.one_fault(self.mdl, 'move_water', 'short', time=10,
                                     to_return=['graph', 'classify', 'faults'])

tests/test_graph.py:74: 
_ _ _ _ _ _ _ _ _ _ _ _ _ _ _ _ _ _ _ _ _ _ _ _ _ _ _ _ _ _ _ _ _ _ _ _ _ _ _ _ 
fmdtools/sim/propagate.py:162: in one_fault
    return sequence(mdl, scen=scen, name=str((fxnname, fault)), **kwargs)
           ^^^^^^^^^^^^^^^^^^^^^^^^^^^^^^^^^^^^^^^^^^^^^^^^^^^^^^^^^^^^^^
fmdtools/sim/propagate.py:222: in sequence
    return sim(**get_sim_call_kwargs(sim, **kwargs))
           ^^^^^^^^^^^^^^^^^^^^^^^^^^^^^^^^^^^^^^^^^
fmdtools/sim/propagate.py:975: in __call__
    rets = super().__call__(**kwargs)
           ^^^^^^^^^^^^^^^^^^^^^^^^^^
_ _ _ _ _ _ _ _ _ _ _ _ _ _ _ _ _ _ _ _ _ _ _ _ _ _ _ _ _ _ _ _ _ _ _ _ _ _ _ _ 

self = MultiEventSimulation of
SingleFaultScenario(sequence={10.0: Injection(faults={'move_water': ['short']}, disturbances={})}, times=(10,), function='move_water', fault='short', rate=1e-05, name='move_water_short_t10', time=10, phase='')
kwargs = {}

    def __call__(self, **kwargs):
        """Run the sim, save its results (if needed), return its result and history."""
        try:
            self.run(**kwargs)
        except Exception as e:
&gt;           raise Exception("Error simulating "+self.name+" scenario(s)") from e
E           Exception: Error simulating ('move_water', 'short') scenario(s)

fmdtools/sim/propagate.py:482: Exception</failure></testcase><testcase classname="tests.test_graph.ModelGraphTests" name="test_flowgraph_plot" time="1.184" /><testcase classname="tests.test_graph.ModelGraphTests" name="test_fxngraph_plot" time="0.430" /><testcase classname="tests.test_graph.ModelGraphTests" name="test_modelgraph_plot" time="0.613" /><testcase classname="tests.test_graph.ModelGraphTests" name="test_result_from_plot" time="0.065"><failure message="Exception: Error simulating ('move_water', 'short') scenario(s)">self = move_water MoveWat
- t=MoveWatTime(time=0.0, timers={'pressure_limit': Timer pressure_limit: mode= standby, time= 0.0}...(flowrate=0.0, pressure=0.0, area=1.0, level=1.0))
- wat_out=Water(s=(flowrate=0.0, pressure=0.0, area=1.0, level=1.0))
time = 0.0, proptype = 'static-once', faults = [], disturbances = {}
inc_at = '', end_of_simulation = False, copy = False

    def __call__(self, time=None, proptype="both", faults=[], disturbances={},
                 inc_at="all", end_of_simulation=False, copy=False):
        """
        Call the Simulable to propagate behavior at a single time-step.
    
        Parameters
        ----------
        time : float/'end'
            Time at which to simulate the Simulable. Default is None, which uses
            self.t.time. If 'end' is provided, will be simulated until the end of
            the simulation (sp.end_time or sp.end_condition)
        proptype : str
            Type of propagation step to update ('static', 'dynamic', or 'both')
        faults : dict/list
            Faults to inject during this propagation step. (to be injected at time.)
            With structure ['fault1', 'fault2'...]
        disturbances : dict
            Variables to change during this propagation step. (to be injected at time.)
            With structure {'var1': value}
        inc_at : bool
            When to increment the history. If "all", increment at each time the sim
            iterates through. If "time", increment only at t==time.
        end_of_simulation : bool
            Whether this is the end of the simulation (and history should be cut).
        copy : bool
            If true, returns a copy of the model just before fault injection and
            stops simulation
        """
        try:
            if time == 'end':
                time = self.sp.end_time
            start_time, end_time = self.t.get_sim_times(time)
            sim_times = self.sp.get_timerange(start_time, end_time)
            for t in sim_times:
                if t == end_time:
                    if copy:
                        return self.copy()
                    if t != self.t.time:  # faults are only injected if not run yet
                        self.set_vars(**disturbances)
                        self.inject_faults(faults)
                self.t.update_time(t)
                if self.t.executing:
                    self.update_stochastic_states()
                    self.update_dynamic_behaviors(proptype=proptype)
&gt;                   self.update_static_behaviors(proptype=proptype)

fmdtools/define/block/base.py:796: 
_ _ _ _ _ _ _ _ _ _ _ _ _ _ _ _ _ _ _ _ _ _ _ _ _ _ _ _ _ _ _ _ _ _ _ _ _ _ _ _ 
fmdtools/define/block/base.py:728: in update_static_behaviors
    self.execute_static_behaviors()
fmdtools/define/block/base.py:734: in execute_static_behaviors
    self.static_behavior()
_ _ _ _ _ _ _ _ _ _ _ _ _ _ _ _ _ _ _ _ _ _ _ _ _ _ _ _ _ _ _ _ _ _ _ _ _ _ _ _ 

self = move_water MoveWat
- t=MoveWatTime(time=0.0, timers={'pressure_limit': Timer pressure_limit: mode= standby, time= 0.0}...(flowrate=0.0, pressure=0.0, area=1.0, level=1.0))
- wat_out=Water(s=(flowrate=0.0, pressure=0.0, area=1.0, level=1.0))

    def static_behavior(self):
        """Define how the function will behave with different faults."""
        self.set_faults()
        if self.m.has_fault('short'):
            self.ee_in.s.current = 500*10/5000*self.sig_in.s.power*self.ee_in.s.voltage
            self.s.eff = 0.0
        elif self.m.has_fault('mech_break'):
            self.ee_in.s.current = 0.2*10/5000*self.sig_in.s.power*self.ee_in.s.voltage
            self.s.eff = 0.0
        else:
            self.ee_in.s.current = 10/5000*self.sig_in.s.power * \
                self.ee_in.s.voltage*min(13.0, self.wat_out.s.pressure)
            # if we wanted to enforce nominall eff state, we would include:
            # self.s.eff = 1.0
    
        velocity = self.sig_in.s.power*self.s.eff * \
            min(1000, self.ee_in.s.voltage)*self.wat_in.s.level
        self.wat_out.s.pressure = 10/500 * velocity/self.wat_out.s.area
        self.wat_out.s.flowrate = 0.3/500 * velocity*self.wat_out.s.area
    
        self.wat_in.s.assign(self.wat_out.s, 'pressure', 'flowrate')
&gt;       print(a)
              ^
E       NameError: name 'a' is not defined

examples/pump/ex_pump.py:436: NameError

The above exception was the direct cause of the following exception:

self = pump Pump
- t=Time(time=0.0, timers={})
- m=Mode(mode='nominal', faults=set(), sub_faults=False)
FLOWS:
- ee_1=Electri...minal', faults=set(), sub_faults=False))
- export_water=ExportWater(m=(mode='nominal', faults=set(), sub_faults=False))
time = 10.0, proptype = 'both', faults = [], disturbances = {}, inc_at = 'all'
end_of_simulation = False, copy = True

    def __call__(self, time=None, proptype="both", faults=[], disturbances={},
                 inc_at="all", end_of_simulation=False, copy=False):
        """
        Call the Simulable to propagate behavior at a single time-step.
    
        Parameters
        ----------
        time : float/'end'
            Time at which to simulate the Simulable. Default is None, which uses
            self.t.time. If 'end' is provided, will be simulated until the end of
            the simulation (sp.end_time or sp.end_condition)
        proptype : str
            Type of propagation step to update ('static', 'dynamic', or 'both')
        faults : dict/list
            Faults to inject during this propagation step. (to be injected at time.)
            With structure ['fault1', 'fault2'...]
        disturbances : dict
            Variables to change during this propagation step. (to be injected at time.)
            With structure {'var1': value}
        inc_at : bool
            When to increment the history. If "all", increment at each time the sim
            iterates through. If "time", increment only at t==time.
        end_of_simulation : bool
            Whether this is the end of the simulation (and history should be cut).
        copy : bool
            If true, returns a copy of the model just before fault injection and
            stops simulation
        """
        try:
            if time == 'end':
                time = self.sp.end_time
            start_time, end_time = self.t.get_sim_times(time)
            sim_times = self.sp.get_timerange(start_time, end_time)
            for t in sim_times:
                if t == end_time:
                    if copy:
                        return self.copy()
                    if t != self.t.time:  # faults are only injected if not run yet
                        self.set_vars(**disturbances)
                        self.inject_faults(faults)
                self.t.update_time(t)
                if self.t.executing:
                    self.update_stochastic_states()
                    self.update_dynamic_behaviors(proptype=proptype)
&gt;                   self.update_static_behaviors(proptype=proptype)

fmdtools/define/block/base.py:796: 
_ _ _ _ _ _ _ _ _ _ _ _ _ _ _ _ _ _ _ _ _ _ _ _ _ _ _ _ _ _ _ _ _ _ _ _ _ _ _ _ 
fmdtools/define/block/base.py:724: in update_static_behaviors
    self.execute_static_behaviors()
fmdtools/define/block/base.py:732: in execute_static_behaviors
    self.update_arch_behaviors("static")
fmdtools/define/architecture/base.py:163: in update_arch_behaviors
    self.prop_static()
fmdtools/define/architecture/base.py:203: in prop_static
    sim(time=self.t.time, proptype='static-once', inc_at="")
_ _ _ _ _ _ _ _ _ _ _ _ _ _ _ _ _ _ _ _ _ _ _ _ _ _ _ _ _ _ _ _ _ _ _ _ _ _ _ _ 

self = move_water MoveWat
- t=MoveWatTime(time=0.0, timers={'pressure_limit': Timer pressure_limit: mode= standby, time= 0.0}...(flowrate=0.0, pressure=0.0, area=1.0, level=1.0))
- wat_out=Water(s=(flowrate=0.0, pressure=0.0, area=1.0, level=1.0))
time = 0.0, proptype = 'static-once', faults = [], disturbances = {}
inc_at = '', end_of_simulation = False, copy = False

    def __call__(self, time=None, proptype="both", faults=[], disturbances={},
                 inc_at="all", end_of_simulation=False, copy=False):
        """
        Call the Simulable to propagate behavior at a single time-step.
    
        Parameters
        ----------
        time : float/'end'
            Time at which to simulate the Simulable. Default is None, which uses
            self.t.time. If 'end' is provided, will be simulated until the end of
            the simulation (sp.end_time or sp.end_condition)
        proptype : str
            Type of propagation step to update ('static', 'dynamic', or 'both')
        faults : dict/list
            Faults to inject during this propagation step. (to be injected at time.)
            With structure ['fault1', 'fault2'...]
        disturbances : dict
            Variables to change during this propagation step. (to be injected at time.)
            With structure {'var1': value}
        inc_at : bool
            When to increment the history. If "all", increment at each time the sim
            iterates through. If "time", increment only at t==time.
        end_of_simulation : bool
            Whether this is the end of the simulation (and history should be cut).
        copy : bool
            If true, returns a copy of the model just before fault injection and
            stops simulation
        """
        try:
            if time == 'end':
                time = self.sp.end_time
            start_time, end_time = self.t.get_sim_times(time)
            sim_times = self.sp.get_timerange(start_time, end_time)
            for t in sim_times:
                if t == end_time:
                    if copy:
                        return self.copy()
                    if t != self.t.time:  # faults are only injected if not run yet
                        self.set_vars(**disturbances)
                        self.inject_faults(faults)
                self.t.update_time(t)
                if self.t.executing:
                    self.update_stochastic_states()
                    self.update_dynamic_behaviors(proptype=proptype)
                    self.update_static_behaviors(proptype=proptype)
                    self.set_sub_faults()
                    if inc_at == "all" or (inc_at == "time" and t == time):
                        self.inc_sim_time()
                        self.h.log(self, self.t.t_ind, self.t.time)
                    if self.sp.end_condition:
                        if get_var(self, self.sp.end_condition)():
                            break
    
            if end_of_simulation:
                self.cut_hist()
        except Exception as e:
&gt;           raise Exception("Error simulating " + self.name +
                            " of class " + self.__class__.__name__ +
                            " at time=" + str(self.t.time)) from e
E           Exception: Error simulating move_water of class MoveWat at time=0.0

fmdtools/define/block/base.py:808: Exception

The above exception was the direct cause of the following exception:

self = Simulation with SimEvents:
- 10.0=SimEvent(copy=True)
- end=SimEvent(to_return={'graph': None, 'classify': None, 'faults': None})
kwargs = {}

    def __call__(self, **kwargs):
        """Run the sim, save its results (if needed), return its result and history."""
        try:
&gt;           self.run(**kwargs)

fmdtools/sim/propagate.py:480: 
_ _ _ _ _ _ _ _ _ _ _ _ _ _ _ _ _ _ _ _ _ _ _ _ _ _ _ _ _ _ _ _ _ _ _ _ _ _ _ _ 
fmdtools/sim/propagate.py:632: in run
    simevent.run(self.mdl, scen=self.scen, **kwargs)
fmdtools/sim/propagate.py:395: in run
    self.mdl_copy = mdl(time=self.time, **kwar, copy=True)
                    ^^^^^^^^^^^^^^^^^^^^^^^^^^^^^^^^^^^^^^
_ _ _ _ _ _ _ _ _ _ _ _ _ _ _ _ _ _ _ _ _ _ _ _ _ _ _ _ _ _ _ _ _ _ _ _ _ _ _ _ 

self = pump Pump
- t=Time(time=0.0, timers={})
- m=Mode(mode='nominal', faults=set(), sub_faults=False)
FLOWS:
- ee_1=Electri...minal', faults=set(), sub_faults=False))
- export_water=ExportWater(m=(mode='nominal', faults=set(), sub_faults=False))
time = 10.0, proptype = 'both', faults = [], disturbances = {}, inc_at = 'all'
end_of_simulation = False, copy = True

    def __call__(self, time=None, proptype="both", faults=[], disturbances={},
                 inc_at="all", end_of_simulation=False, copy=False):
        """
        Call the Simulable to propagate behavior at a single time-step.
    
        Parameters
        ----------
        time : float/'end'
            Time at which to simulate the Simulable. Default is None, which uses
            self.t.time. If 'end' is provided, will be simulated until the end of
            the simulation (sp.end_time or sp.end_condition)
        proptype : str
            Type of propagation step to update ('static', 'dynamic', or 'both')
        faults : dict/list
            Faults to inject during this propagation step. (to be injected at time.)
            With structure ['fault1', 'fault2'...]
        disturbances : dict
            Variables to change during this propagation step. (to be injected at time.)
            With structure {'var1': value}
        inc_at : bool
            When to increment the history. If "all", increment at each time the sim
            iterates through. If "time", increment only at t==time.
        end_of_simulation : bool
            Whether this is the end of the simulation (and history should be cut).
        copy : bool
            If true, returns a copy of the model just before fault injection and
            stops simulation
        """
        try:
            if time == 'end':
                time = self.sp.end_time
            start_time, end_time = self.t.get_sim_times(time)
            sim_times = self.sp.get_timerange(start_time, end_time)
            for t in sim_times:
                if t == end_time:
                    if copy:
                        return self.copy()
                    if t != self.t.time:  # faults are only injected if not run yet
                        self.set_vars(**disturbances)
                        self.inject_faults(faults)
                self.t.update_time(t)
                if self.t.executing:
                    self.update_stochastic_states()
                    self.update_dynamic_behaviors(proptype=proptype)
                    self.update_static_behaviors(proptype=proptype)
                    self.set_sub_faults()
                    if inc_at == "all" or (inc_at == "time" and t == time):
                        self.inc_sim_time()
                        self.h.log(self, self.t.t_ind, self.t.time)
                    if self.sp.end_condition:
                        if get_var(self, self.sp.end_condition)():
                            break
    
            if end_of_simulation:
                self.cut_hist()
        except Exception as e:
&gt;           raise Exception("Error simulating " + self.name +
                            " of class " + self.__class__.__name__ +
                            " at time=" + str(self.t.time)) from e
E           Exception: Error simulating pump of class Pump at time=0.0

fmdtools/define/block/base.py:808: Exception

The above exception was the direct cause of the following exception:

self = MultiEventSimulation of
SingleFaultScenario(sequence={10.0: Injection(faults={'move_water': ['short']}, disturbances={})}, times=(10,), function='move_water', fault='short', rate=1e-05, name='move_water_short_t10', time=10, phase='')
kwargs = {}

    def __call__(self, **kwargs):
        """Run the sim, save its results (if needed), return its result and history."""
        try:
&gt;           self.run(**kwargs)

fmdtools/sim/propagate.py:480: 
_ _ _ _ _ _ _ _ _ _ _ _ _ _ _ _ _ _ _ _ _ _ _ _ _ _ _ _ _ _ _ _ _ _ _ _ _ _ _ _ 
fmdtools/sim/propagate.py:1023: in run
    self.run_nom(with_copy=True)
fmdtools/sim/propagate.py:1008: in run_nom
    outs = nomsim(**sim_kwar)
           ^^^^^^^^^^^^^^^^^^
fmdtools/sim/propagate.py:620: in __call__
    res, hist = super().__call__(**kwargs)
                ^^^^^^^^^^^^^^^^^^^^^^^^^^
_ _ _ _ _ _ _ _ _ _ _ _ _ _ _ _ _ _ _ _ _ _ _ _ _ _ _ _ _ _ _ _ _ _ _ _ _ _ _ _ 

self = Simulation with SimEvents:
- 10.0=SimEvent(copy=True)
- end=SimEvent(to_return={'graph': None, 'classify': None, 'faults': None})
kwargs = {}

    def __call__(self, **kwargs):
        """Run the sim, save its results (if needed), return its result and history."""
        try:
            self.run(**kwargs)
        except Exception as e:
&gt;           raise Exception("Error simulating "+self.name+" scenario(s)") from e
E           Exception: Error simulating nominal scenario(s)

fmdtools/sim/propagate.py:482: Exception

The above exception was the direct cause of the following exception:

self = &lt;tests.test_graph.ModelGraphTests testMethod=test_result_from_plot&gt;

    def test_result_from_plot(self):
        des_res = ['graph', 'classify', 'faults']
&gt;       er, hist = propagate.one_fault(self.mdl, 'move_water', 'short',
                                       time=10, track='all', to_return=des_res)

tests/test_graph.py:88: 
_ _ _ _ _ _ _ _ _ _ _ _ _ _ _ _ _ _ _ _ _ _ _ _ _ _ _ _ _ _ _ _ _ _ _ _ _ _ _ _ 
fmdtools/sim/propagate.py:162: in one_fault
    return sequence(mdl, scen=scen, name=str((fxnname, fault)), **kwargs)
           ^^^^^^^^^^^^^^^^^^^^^^^^^^^^^^^^^^^^^^^^^^^^^^^^^^^^^^^^^^^^^^
fmdtools/sim/propagate.py:222: in sequence
    return sim(**get_sim_call_kwargs(sim, **kwargs))
           ^^^^^^^^^^^^^^^^^^^^^^^^^^^^^^^^^^^^^^^^^
fmdtools/sim/propagate.py:975: in __call__
    rets = super().__call__(**kwargs)
           ^^^^^^^^^^^^^^^^^^^^^^^^^^
_ _ _ _ _ _ _ _ _ _ _ _ _ _ _ _ _ _ _ _ _ _ _ _ _ _ _ _ _ _ _ _ _ _ _ _ _ _ _ _ 

self = MultiEventSimulation of
SingleFaultScenario(sequence={10.0: Injection(faults={'move_water': ['short']}, disturbances={})}, times=(10,), function='move_water', fault='short', rate=1e-05, name='move_water_short_t10', time=10, phase='')
kwargs = {}

    def __call__(self, **kwargs):
        """Run the sim, save its results (if needed), return its result and history."""
        try:
            self.run(**kwargs)
        except Exception as e:
&gt;           raise Exception("Error simulating "+self.name+" scenario(s)") from e
E           Exception: Error simulating ('move_water', 'short') scenario(s)

fmdtools/sim/propagate.py:482: Exception</failure></testcase><testcase classname="tests.test_graph.ModelGraphTests" name="test_typegraph_plot" time="0.180" /><testcase classname="tests.test_hierarchical.define_Tests" name="test_arg_passdown" time="0.024" /><testcase classname="tests.test_hierarchical.define_Tests" name="test_fault_injection" time="0.009" /><testcase classname="tests.test_hierarchical.define_Tests" name="test_prop_method" time="0.887" /><testcase classname="tests.test_hierarchical.define_Tests" name="test_propagation" time="0.022" /><testcase classname="tests.test_packages.define_Tests" name="test_pdf_translation_options" time="0.009" /></testsuite></testsuites>