<?xml version="1.0" encoding="utf-8"?><testsuites name="pytest tests"><testsuite name="pytest" errors="0" failures="2" skipped="3" tests="377" time="4578.840" timestamp="2025-09-03T11:25:16.829818-07:00" hostname="bamboo-r4.ndc.nasa.gov"><testcase classname="examples.asg_demo.Action_Sequence_Graph.ipynb" name="Action_Sequence_Graph.ipynb" time="19.504" /><testcase classname="examples.eps.EPS_Example_Notebook.ipynb" name="EPS_Example_Notebook.ipynb" time="14.264" /><testcase classname="examples.eps.test_eps.epsTests" name="test_all_faults" time="3.442" /><testcase classname="examples.eps.test_eps.epsTests" name="test_backward_fault_prop_1" time="0.287" /><testcase classname="examples.eps.test_eps.epsTests" name="test_backward_fault_prop_2" time="0.233" /><testcase classname="examples.eps.test_eps.epsTests" name="test_fault_app" time="5.733" /><testcase classname="examples.eps.test_eps.epsTests" name="test_multfault_saving" time="0.692" /><testcase classname="examples.eps.test_eps.epsTests" name="test_nominal_saving" time="0.202" /><testcase classname="examples.eps.test_eps.epsTests" name="test_pickleability" time="7.379" /><testcase classname="examples.eps.test_eps.epsTests" name="test_save_load_onefault" time="0.842" /><testcase classname="examples.eps.test_eps.epsTests" name="test_save_load_singlefaults" time="9.970" /><testcase classname="examples.multiflow_demo.Multiflow_and_Commsflow_Demonstration.ipynb" name="Multiflow_and_Commsflow_Demonstration.ipynb" time="8.212" /><testcase classname="examples.multiflow_demo.test_multiflow.define_Tests" name="test_multiflow_combination" time="0.530" /><testcase classname="examples.multiflow_demo.test_multiflow.define_Tests" name="test_multiflow_passing" time="0.579" /><testcase classname="examples.multiflow_demo.test_multiflow.define_Tests" name="test_mutliflow_copying" time="0.412" /><testcase classname="examples.multirotor.Demonstration.ipynb" name="Demonstration.ipynb" time="97.754" /><testcase classname="examples.multirotor.Multirotor_Optimization.ipynb" name="Multirotor_Optimization.ipynb" time="301.396" /><testcase classname="examples.multirotor.drone_mdl_dynamic" name="examples.multirotor.drone_mdl_dynamic.AffectDOF.inc_pos" time="0.010" /><testcase classname="examples.multirotor.drone_mdl_dynamic" name="examples.multirotor.drone_mdl_dynamic.PlanPath.assign_vectdist_to_goal" time="0.010" /><testcase classname="examples.multirotor.drone_mdl_dynamic" name="examples.multirotor.drone_mdl_dynamic.PlanPath.calc_dist_to_goal" time="0.010" /><testcase classname="examples.multirotor.drone_mdl_dynamic" name="examples.multirotor.drone_mdl_dynamic.SightGrid" time="0.619" /><testcase classname="examples.multirotor.drone_mdl_hierarchical" name="examples.multirotor.drone_mdl_hierarchical.AffectDOF.calc_pwr" time="0.035" /><testcase classname="examples.multirotor.drone_mdl_hierarchical" name="examples.multirotor.drone_mdl_hierarchical.LineArchParam" time="0.007" /><testcase classname="examples.multirotor.drone_mdl_static" name="examples.multirotor.drone_mdl_static.AffectDOF.static_behavior" time="0.011" /><testcase classname="examples.multirotor.drone_mdl_static" name="examples.multirotor.drone_mdl_static.CtlDOF.static_behavior" time="0.012" /><testcase classname="examples.multirotor.drone_mdl_static" name="examples.multirotor.drone_mdl_static.DesTrajState.dist2d" time="0.005" /><testcase classname="examples.multirotor.drone_mdl_static" name="examples.multirotor.drone_mdl_static.DesTrajState.unit_vect2d" time="0.005" /><testcase classname="examples.multirotor.drone_mdl_static" name="examples.multirotor.drone_mdl_static.DistEE.static_behavior" time="0.016" /><testcase classname="examples.multirotor.drone_mdl_static" name="examples.multirotor.drone_mdl_static.HoldPayload.static_behavior" time="0.011" /><testcase classname="examples.multirotor.drone_mdl_static" name="examples.multirotor.drone_mdl_static.PlanPath.static_behavior" time="0.010" /><testcase classname="examples.multirotor.test_multirotor.DroneParameterTests" name="test_objectives" time="1.421" /><testcase classname="examples.multirotor.test_multirotor.DroneParameterTests" name="test_param_domain_1" time="0.002" /><testcase classname="examples.multirotor.test_multirotor.DroneParameterTests" name="test_param_domain_2" time="0.001" /><testcase classname="examples.multirotor.test_multirotor.DroneParameterTests" name="test_set_constraints_1" time="0.001" /><testcase classname="examples.multirotor.test_multirotor.DroneParameterTests" name="test_set_constraints_2" time="0.001" /><testcase classname="examples.multirotor.test_multirotor.DroneParameterTests" name="test_sim_mdl" time="0.668" /><testcase classname="examples.multirotor.test_multirotor.DroneScenarioTest" name="test_scenprob_results" time="2.562" /><testcase classname="examples.multirotor.test_multirotor.DroneScenarioTest2" name="test_scenprob_results" time="2.452" /><testcase classname="examples.multirotor.test_multirotor.DroneScenarioTest3" name="test_scenprob_results" time="2.335" /><testcase classname="examples.multirotor.test_multirotor.DroneDisturbanceTest" name="test_disturbance_set" time="0.768" /><testcase classname="examples.pump.Optimization.ipynb" name="Optimization.ipynb" time="184.233" /><testcase classname="examples.pump.Parallelism_Tutorial.ipynb" name="Parallelism_Tutorial.ipynb" time="226.412" /><testcase classname="examples.pump.Pump_Example_Notebook.ipynb" name="Pump_Example_Notebook.ipynb" time="47.094" /><testcase classname="examples.pump.Tutorial_complete.ipynb" name="Tutorial_complete.ipynb" time="19.352" /><testcase classname="examples.pump.ex_pump" name="examples.pump.ex_pump.accumulate" time="0.003" /><testcase classname="examples.pump.ex_pump" name="examples.pump.ex_pump.reseting_accumulate" time="0.002" /><testcase classname="examples.pump.test_pump.PumpTests" name="test_app_prop_values" time="1.340" /><testcase classname="examples.pump.test_pump.PumpTests" name="test_approach_cost_calc" time="118.372" /><testcase classname="examples.pump.test_pump.PumpTests" name="test_approach_parallelism" time="75.414" /><testcase classname="examples.pump.test_pump.PumpTests" name="test_dynamic_prop_values" time="1.598" /><testcase classname="examples.pump.test_pump.PumpTests" name="test_dynamic_prop_values_2" time="2.238" /><testcase classname="examples.pump.test_pump.PumpTests" name="test_fault_sample_isave" time="16.145" /><testcase classname="examples.pump.test_pump.PumpTests" name="test_fault_sample_save" time="14.341" /><testcase classname="examples.pump.test_pump.PumpTests" name="test_fmea_options" time="2.108" /><testcase classname="examples.pump.test_pump.PumpTests" name="test_hist_tracking_setup" time="0.068" /><testcase classname="examples.pump.test_pump.PumpTests" name="test_model_copy_different" time="9.469" /><testcase classname="examples.pump.test_pump.PumpTests" name="test_model_copy_same" time="21.059" /><testcase classname="examples.pump.test_pump.PumpTests" name="test_model_reset" time="0.002"><skipped type="pytest.skip" message="Reset not fully implemented yet and unused throughout.">/home/bamboo/bamboo-agent-home/xml-data/build-dir/RAD-TEST-UVF/fmdtools/examples/pump/test_pump.py:138: Reset not fully implemented yet and unused throughout.</skipped></testcase><testcase classname="examples.pump.test_pump.PumpTests" name="test_nested_sample_isave" time="153.679" /><testcase classname="examples.pump.test_pump.PumpTests" name="test_nested_sample_save" time="153.739" /><testcase classname="examples.pump.test_pump.PumpTests" name="test_nominal_save" time="0.965" /><testcase classname="examples.pump.test_pump.PumpTests" name="test_one_run_csv" time="0.777" /><testcase classname="examples.pump.test_pump.PumpTests" name="test_one_run_json" time="0.818" /><testcase classname="examples.pump.test_pump.PumpTests" name="test_one_run_pickle" time="0.827" /><testcase classname="examples.pump.test_pump.PumpTests" name="test_onefault_save" time="1.575" /><testcase classname="examples.pump.test_pump.PumpTests" name="test_param_sample" time="0.039" /><testcase classname="examples.pump.test_pump.PumpTests" name="test_param_sample_isave" time="9.536" /><testcase classname="examples.pump.test_pump.PumpTests" name="test_param_sample_save" time="8.909" /><testcase classname="examples.pump.test_pump.PumpTests" name="test_pickleability" time="7.730" /><testcase classname="examples.pump.test_pump.PumpTests" name="test_save_load_multfault" time="2.142" /><testcase classname="examples.pump.test_pump.PumpTests" name="test_single_faults_isave" time="9.182" /><testcase classname="examples.pump.test_pump.PumpTests" name="test_single_faults_save" time="9.185" /><testcase classname="examples.pump.test_pump.PumpTests" name="test_value_setting" time="0.040" /><testcase classname="examples.pump.test_pump.PumpTests" name="test_value_setting_dict" time="0.040" /><testcase classname="examples.pump.test_pump.IndivPumpTests" name="test_mutable_setup" time="0.043" /><testcase classname="examples.pump.test_pump_example.ImportEE_Tests" name="test_behave_inf_v" time="0.004" /><testcase classname="examples.pump.test_pump_example.ImportEE_Tests" name="test_behave_no_v" time="0.003" /><testcase classname="examples.pump.test_pump_example.ImportEE_Tests" name="test_behave_nom" time="0.003" /><testcase classname="examples.pump.test_pump_example.ImportEE_Tests" name="test_condfaults_hi" time="0.004" /><testcase classname="examples.pump.test_pump_example.ImportEE_Tests" name="test_condfaults_nom" time="0.004" /><testcase classname="examples.pump.test_pump_example.ImportEE_Tests" name="test_initialization" time="0.004" /><testcase classname="examples.pump.test_pump_example.MoveWat_Tests" name="test_condfaults_dynamic" time="0.007" /><testcase classname="examples.pump.test_pump_example.MoveWat_Tests" name="test_initialization" time="0.005" /><testcase classname="examples.pump.test_pump_example.MoveWat_Tests" name="test_nom" time="0.007" /><testcase classname="examples.pump.test_pump_example.Integration_Tests" name="test_blockage_results" time="0.719" /><testcase classname="examples.pump.test_pump_example.Integration_Tests" name="test_blockage_static" time="0.080" /><testcase classname="examples.pump.test_pump_example.Integration_Tests" name="test_nominal_results" time="0.350" /><testcase classname="examples.pump.test_pump_stochastic.StochasticPumpTests" name="test_mdl_pickle" time="79.738" /><testcase classname="examples.pump.test_pump_stochastic.StochasticPumpTests" name="test_model_copy_different" time="12.018" /><testcase classname="examples.pump.test_pump_stochastic.StochasticPumpTests" name="test_model_copy_same" time="22.007" /><testcase classname="examples.pump.test_pump_stochastic.StochasticPumpTests" name="test_model_reset" time="0.001"><skipped type="pytest.skip" message="Reset not fully implemented yet and unused throughout.">/home/bamboo/bamboo-agent-home/xml-data/build-dir/RAD-TEST-UVF/fmdtools/examples/pump/test_pump_stochastic.py:112: Reset not fully implemented yet and unused throughout.</skipped></testcase><testcase classname="examples.pump.test_pump_stochastic.StochasticPumpTests" name="test_model_set_vars" time="0.035" /><testcase classname="examples.pump.test_pump_stochastic.StochasticPumpTests" name="test_nested_sample_isave" time="78.815" /><testcase classname="examples.pump.test_pump_stochastic.StochasticPumpTests" name="test_nested_sample_save" time="82.477" /><testcase classname="examples.pump.test_pump_stochastic.StochasticPumpTests" name="test_param_sample_isave" time="5.043" /><testcase classname="examples.pump.test_pump_stochastic.StochasticPumpTests" name="test_param_sample_save" time="5.665" /><testcase classname="examples.pump.test_pump_stochastic.StochasticPumpTests" name="test_plot_nested_hists" time="11.497" /><testcase classname="examples.pump.test_pump_stochastic.StochasticPumpTests" name="test_plot_nominal_vals" time="4.083" /><testcase classname="examples.pump.test_pump_stochastic.StochasticPumpTests" name="test_plot_nominal_vals_xd" time="255.908" /><testcase classname="examples.pump.test_pump_stochastic.StochasticPumpTests" name="test_rand_paramsample_plot" time="10.740" /><testcase classname="examples.pump.test_pump_stochastic.StochasticPumpTests" name="test_run_approach" time="387.361" /><testcase classname="examples.pump.test_pump_stochastic.StochasticPumpTests" name="test_run_safety" time="27.158" /><testcase classname="examples.pump.test_pump_stochastic.StochasticPumpTests" name="test_set_seeds" time="0.136" /><testcase classname="examples.pump.test_pump_stochastic.StochasticPumpTests" name="test_stochastic_pdf" time="0.150" /><testcase classname="examples.rover.FaultSample_Use-Cases.ipynb" name="FaultSample_Use-Cases.ipynb" time="24.936" /><testcase classname="examples.rover.HFAC_Analyses.IDETC_Human_Paper_Analysis.ipynb" name="IDETC_Human_Paper_Analysis.ipynb" time="361.780"><failure message="A cell timed out while it was being executed, after 300 seconds.">A cell timed out while it was being executed, after 300 seconds.
The message was: Cell execution timed out.
Here is a preview of the cell contents:
-------------------
ers, hists = prop.parameter_sample(mdl, ps)
-------------------</failure></testcase><testcase classname="examples.rover.Model_Structure_Visualization_Tutorial.ipynb" name="Model_Structure_Visualization_Tutorial.ipynb" time="8.494"><failure message="#x1B[31mException#x1B[39m: Local timestep: 0.5 doesn't line up with global timestep: 1.0">---------------------------------------------------------------------------
mdl = Rover()
mtg = FunctionArchitectureTypeGraph(mdl)
fig, ax = mtg.draw()
#x1B[31m---------------------------------------------------------------------------#x1B[39m
#x1B[31mException#x1B[39m                                 Traceback (most recent call last)
#x1B[36mCell#x1B[39m#x1B[36m #x1B[39m#x1B[32mIn[10]#x1B[39m#x1B[32m, line 1#x1B[39m
#x1B[32m----&gt; #x1B[39m#x1B[32m1#x1B[39m mdl = #x1B[43mRover#x1B[49m#x1B[43m(#x1B[49m#x1B[43m)#x1B[49m
#x1B[32m      2#x1B[39m mtg = FunctionArchitectureTypeGraph(mdl)
#x1B[32m      3#x1B[39m fig, ax = mtg.draw()

#x1B[36mFile #x1B[39m#x1B[32m~/bamboo-agent-home/xml-data/build-dir/RAD-TEST-UVF/fmdtools-full/lib/python3.11/site-packages/fmdtools/define/architecture/base.py:109#x1B[39m, in #x1B[36mArchitecture.__init__#x1B[39m#x1B[34m(self, as_copy, h, *args, **kwargs)#x1B[39m
#x1B[32m    107#x1B[39m #x1B[38;5;28mself#x1B[39m._init_flexroles = []
#x1B[32m    108#x1B[39m #x1B[38;5;28mself#x1B[39m.init_flexible_roles(**kwargs)
#x1B[32m--&gt; #x1B[39m#x1B[32m109#x1B[39m #x1B[38;5;28;43mself#x1B[39;49m#x1B[43m.#x1B[49m#x1B[43minit_architecture#x1B[49m#x1B[43m(#x1B[49m#x1B[43m*#x1B[49m#x1B[43m*#x1B[49m#x1B[43mkwargs#x1B[49m#x1B[43m)#x1B[49m
#x1B[32m    110#x1B[39m #x1B[38;5;28mself#x1B[39m.build(**kwargs)
#x1B[32m    111#x1B[39m #x1B[38;5;28mself#x1B[39m.mut_kwargs = {role: kwargs.get(role)
#x1B[32m    112#x1B[39m                    #x1B[38;5;28;01mfor#x1B[39;00m role #x1B[38;5;129;01min#x1B[39;00m #x1B[38;5;28mself#x1B[39m.get_roles(#x1B[33m'#x1B[39m#x1B[33mcontainer#x1B[39m#x1B[33m'#x1B[39m, with_immutable=#x1B[38;5;28;01mFalse#x1B[39;00m)
#x1B[32m    113#x1B[39m                    #x1B[38;5;28;01mif#x1B[39;00m role #x1B[38;5;129;01min#x1B[39;00m kwargs}

#x1B[36mCell#x1B[39m#x1B[36m #x1B[39m#x1B[32mIn[8]#x1B[39m#x1B[32m, line 31#x1B[39m, in #x1B[36mRover.init_architecture#x1B[39m#x1B[34m(self, **kwargs)#x1B[39m
#x1B[32m     28#x1B[39m #x1B[38;5;28mself#x1B[39m.add_flow(#x1B[33m'#x1B[39m#x1B[33mcomms#x1B[39m#x1B[33m'#x1B[39m, Flow) #x1B[38;5;66;03m#{'x':0,'y':0}#x1B[39;00m
#x1B[32m     30#x1B[39m #x1B[38;5;28mself#x1B[39m.add_fxn(#x1B[33m"#x1B[39m#x1B[33mcontrol_rover#x1B[39m#x1B[33m"#x1B[39m, ControlRover, #x1B[33m"#x1B[39m#x1B[33mcontrol#x1B[39m#x1B[33m"#x1B[39m)
#x1B[32m---&gt; #x1B[39m#x1B[32m31#x1B[39m #x1B[38;5;28;43mself#x1B[39;49m#x1B[43m.#x1B[49m#x1B[43madd_fxn#x1B[49m#x1B[43m(#x1B[49m#x1B[33;43m"#x1B[39;49m#x1B[33;43mstore_energy#x1B[39;49m#x1B[33;43m"#x1B[39;49m#x1B[43m,#x1B[49m#x1B[43m #x1B[49m#x1B[43mStoreEnergy#x1B[49m#x1B[43m,#x1B[49m#x1B[43m  #x1B[49m#x1B[33;43m"#x1B[39;49m#x1B[33;43mee#x1B[39;49m#x1B[33;43m"#x1B[39;49m#x1B[43m,#x1B[49m#x1B[43m #x1B[49m#x1B[33;43m"#x1B[39;49m#x1B[33;43mcontrol#x1B[39;49m#x1B[33;43m"#x1B[39;49m#x1B[43m)#x1B[49m
#x1B[32m     32#x1B[39m #x1B[38;5;28mself#x1B[39m.add_fxn(#x1B[33m"#x1B[39m#x1B[33mmove_rover#x1B[39m#x1B[33m"#x1B[39m, MoveRover, #x1B[33m"#x1B[39m#x1B[33mground#x1B[39m#x1B[33m"#x1B[39m,#x1B[33m"#x1B[39m#x1B[33mee#x1B[39m#x1B[33m"#x1B[39m, #x1B[33m"#x1B[39m#x1B[33mcontrol#x1B[39m#x1B[33m"#x1B[39m, #x1B[33m"#x1B[39m#x1B[33mforce#x1B[39m#x1B[33m"#x1B[39m)
#x1B[32m     33#x1B[39m #x1B[38;5;28mself#x1B[39m.add_fxn(#x1B[33m"#x1B[39m#x1B[33mview_ground#x1B[39m#x1B[33m"#x1B[39m, ViewGround, #x1B[33m"#x1B[39m#x1B[33mground#x1B[39m#x1B[33m"#x1B[39m, #x1B[33m"#x1B[39m#x1B[33mee#x1B[39m#x1B[33m"#x1B[39m, #x1B[33m"#x1B[39m#x1B[33mvideo#x1B[39m#x1B[33m"#x1B[39m,#x1B[33m"#x1B[39m#x1B[33mforce#x1B[39m#x1B[33m"#x1B[39m)

#x1B[36mFile #x1B[39m#x1B[32m~/bamboo-agent-home/xml-data/build-dir/RAD-TEST-UVF/fmdtools-full/lib/python3.11/site-packages/fmdtools/define/architecture/function.py:508#x1B[39m, in #x1B[36mFunctionArchitecture.add_fxn#x1B[39m#x1B[34m(self, name, fclass, *flownames, **fkwargs)#x1B[39m
#x1B[32m    490#x1B[39m #x1B[38;5;28;01mdef#x1B[39;00m#x1B[38;5;250m #x1B[39m#x1B[34madd_fxn#x1B[39m(#x1B[38;5;28mself#x1B[39m, name, fclass, *flownames, **fkwargs):
#x1B[32m    491#x1B[39m #x1B[38;5;250m    #x1B[39m#x1B[33;03m"""#x1B[39;00m
#x1B[32m    492#x1B[39m #x1B[33;03m    Instantiate a given function in the model.#x1B[39;00m
#x1B[32m    493#x1B[39m 
#x1B[32m   (...)#x1B[39m#x1B[32m    506#x1B[39m #x1B[33;03m        Parameters to send to __init__ method of the Function superclass#x1B[39;00m
#x1B[32m    507#x1B[39m #x1B[33;03m    """#x1B[39;00m
#x1B[32m--&gt; #x1B[39m#x1B[32m508#x1B[39m     #x1B[38;5;28;43mself#x1B[39;49m#x1B[43m.#x1B[49m#x1B[43madd_sim#x1B[49m#x1B[43m(#x1B[49m#x1B[33;43m'#x1B[39;49m#x1B[33;43mfxns#x1B[39;49m#x1B[33;43m'#x1B[39;49m#x1B[43m,#x1B[49m#x1B[43m #x1B[49m#x1B[43mname#x1B[49m#x1B[43m,#x1B[49m#x1B[43m #x1B[49m#x1B[43mfclass#x1B[49m#x1B[43m,#x1B[49m#x1B[43m #x1B[49m#x1B[43m*#x1B[49m#x1B[43mflownames#x1B[49m#x1B[43m,#x1B[49m#x1B[43m #x1B[49m#x1B[43m*#x1B[49m#x1B[43m*#x1B[49m#x1B[43mfkwargs#x1B[49m#x1B[43m)#x1B[49m

#x1B[36mFile #x1B[39m#x1B[32m~/bamboo-agent-home/xml-data/build-dir/RAD-TEST-UVF/fmdtools-full/lib/python3.11/site-packages/fmdtools/define/architecture/base.py:388#x1B[39m, in #x1B[36mArchitecture.add_sim#x1B[39m#x1B[34m(self, flex_role, name, simclass, *flownames, **kwargs)#x1B[39m
#x1B[32m    371#x1B[39m #x1B[38;5;250m#x1B[39m#x1B[33;03m"""#x1B[39;00m
#x1B[32m    372#x1B[39m #x1B[33;03mAdd a Simulable to the given flex_role.#x1B[39;00m
#x1B[32m    373#x1B[39m 
#x1B[32m   (...)#x1B[39m#x1B[32m    385#x1B[39m #x1B[33;03m    Flows, dicts for non-default values to p, s, etc.#x1B[39;00m
#x1B[32m    386#x1B[39m #x1B[33;03m"""#x1B[39;00m
#x1B[32m    387#x1B[39m flows = #x1B[38;5;28mself#x1B[39m.get_flows(*flownames, all_if_empty=#x1B[38;5;28;01mFalse#x1B[39;00m)
#x1B[32m--&gt; #x1B[39m#x1B[32m388#x1B[39m #x1B[38;5;28;43mself#x1B[39;49m#x1B[43m.#x1B[49m#x1B[43madd_flex_role_obj#x1B[49m#x1B[43m(#x1B[49m#x1B[43mflex_role#x1B[49m#x1B[43m,#x1B[49m#x1B[43m #x1B[49m#x1B[43mname#x1B[49m#x1B[43m,#x1B[49m
#x1B[32m    389#x1B[39m #x1B[43m                       #x1B[49m#x1B[43mobjclass#x1B[49m#x1B[43m=#x1B[49m#x1B[43msimclass#x1B[49m#x1B[43m,#x1B[49m#x1B[43m #x1B[49m#x1B[43mflows#x1B[49m#x1B[43m=#x1B[49m#x1B[43mflows#x1B[49m#x1B[43m,#x1B[49m#x1B[43m #x1B[49m#x1B[43m*#x1B[49m#x1B[43m*#x1B[49m#x1B[43mkwargs#x1B[49m#x1B[43m)#x1B[49m
#x1B[32m    390#x1B[39m #x1B[38;5;28;01mfor#x1B[39;00m flowname #x1B[38;5;129;01min#x1B[39;00m flownames:
#x1B[32m    391#x1B[39m     #x1B[38;5;28mself#x1B[39m._simflows.append((name, flowname))

#x1B[36mFile #x1B[39m#x1B[32m~/bamboo-agent-home/xml-data/build-dir/RAD-TEST-UVF/fmdtools-full/lib/python3.11/site-packages/fmdtools/define/architecture/base.py:314#x1B[39m, in #x1B[36mArchitecture.add_flex_role_obj#x1B[39m#x1B[34m(self, flex_role, name, objclass, use_copy, **kwargs)#x1B[39m
#x1B[32m    312#x1B[39m track = get_sub_include(name, get_sub_include(flex_role, #x1B[38;5;28mself#x1B[39m.track))
#x1B[32m    313#x1B[39m kwargs = #x1B[38;5;28mself#x1B[39m.get_flex_role_kwargs(objclass, **kwargs)
#x1B[32m--&gt; #x1B[39m#x1B[32m314#x1B[39m obj = #x1B[43minit_obj#x1B[49m#x1B[43m(#x1B[49m#x1B[43mname#x1B[49m#x1B[43m=#x1B[49m#x1B[43mname#x1B[49m#x1B[43m,#x1B[49m#x1B[43m #x1B[49m#x1B[43mobjclass#x1B[49m#x1B[43m=#x1B[49m#x1B[43mobjclass#x1B[49m#x1B[43m,#x1B[49m#x1B[43m #x1B[49m#x1B[43mtrack#x1B[49m#x1B[43m=#x1B[49m#x1B[43mtrack#x1B[49m#x1B[43m,#x1B[49m
#x1B[32m    315#x1B[39m #x1B[43m               #x1B[49m#x1B[43mas_copy#x1B[49m#x1B[43m=#x1B[49m#x1B[43mas_copy#x1B[49m#x1B[43m,#x1B[49m#x1B[43m #x1B[49m#x1B[43mroot#x1B[49m#x1B[43m=#x1B[49m#x1B[38;5;28;43mself#x1B[39;49m#x1B[43m.#x1B[49m#x1B[43mget_full_name#x1B[49m#x1B[43m(#x1B[49m#x1B[43m)#x1B[49m#x1B[43m+#x1B[49m#x1B[33;43m"#x1B[39;49m#x1B[33;43m.#x1B[39;49m#x1B[33;43m"#x1B[39;49m#x1B[43m+#x1B[49m#x1B[43mflex_role#x1B[49m#x1B[43m,#x1B[49m
#x1B[32m    316#x1B[39m #x1B[43m               #x1B[49m#x1B[43m*#x1B[49m#x1B[43m*#x1B[49m#x1B[43mkwargs#x1B[49m#x1B[43m)#x1B[49m
#x1B[32m    318#x1B[39m #x1B[38;5;28;01mif#x1B[39;00m #x1B[38;5;28mhasattr#x1B[39m(obj, #x1B[33m'#x1B[39m#x1B[33mh#x1B[39m#x1B[33m'#x1B[39m) #x1B[38;5;129;01mand#x1B[39;00m obj.h:
#x1B[32m    319#x1B[39m     hist = obj.h

#x1B[36mFile #x1B[39m#x1B[32m~/bamboo-agent-home/xml-data/build-dir/RAD-TEST-UVF/fmdtools-full/lib/python3.11/site-packages/fmdtools/define/object/base.py:1201#x1B[39m, in #x1B[36minit_obj#x1B[39m#x1B[34m(name, objclass, track, as_copy, **kwargs)#x1B[39m
#x1B[32m   1199#x1B[39m #x1B[38;5;28;01melse#x1B[39;00m:
#x1B[32m   1200#x1B[39m     #x1B[38;5;28;01mtry#x1B[39;00m:
#x1B[32m-&gt; #x1B[39m#x1B[32m1201#x1B[39m         fl = #x1B[43mobjclass#x1B[49m#x1B[43m(#x1B[49m#x1B[43mname#x1B[49m#x1B[43m=#x1B[49m#x1B[43mname#x1B[49m#x1B[43m,#x1B[49m#x1B[43m #x1B[49m#x1B[43mtrack#x1B[49m#x1B[43m=#x1B[49m#x1B[43mtrack#x1B[49m#x1B[43m,#x1B[49m#x1B[43m #x1B[49m#x1B[43m*#x1B[49m#x1B[43m*#x1B[49m#x1B[43mkwargs#x1B[49m#x1B[43m)#x1B[49m
#x1B[32m   1202#x1B[39m     #x1B[38;5;28;01mexcept#x1B[39;00m #x1B[38;5;167;01mTypeError#x1B[39;00m #x1B[38;5;28;01mas#x1B[39;00m e:
#x1B[32m   1203#x1B[39m         #x1B[38;5;28;01mraise#x1B[39;00m #x1B[38;5;167;01mTypeError#x1B[39;00m(#x1B[33m"#x1B[39m#x1B[33mPoorly specified class #x1B[39m#x1B[33m"#x1B[39m+#x1B[38;5;28mstr#x1B[39m(objclass) +
#x1B[32m   1204#x1B[39m                         #x1B[33m"#x1B[39m#x1B[33m (or poor arguments) #x1B[39m#x1B[33m"#x1B[39m+#x1B[38;5;28mstr#x1B[39m(kwargs)) #x1B[38;5;28;01mfrom#x1B[39;00m#x1B[38;5;250m #x1B[39m#x1B[34;01me#x1B[39;00m

#x1B[36mFile #x1B[39m#x1B[32m~/bamboo-agent-home/xml-data/build-dir/RAD-TEST-UVF/fmdtools-full/lib/python3.11/site-packages/fmdtools/define/block/function.py:90#x1B[39m, in #x1B[36mFunction.__init__#x1B[39m#x1B[34m(self, name, args_f, **kwargs)#x1B[39m
#x1B[32m     81#x1B[39m #x1B[38;5;28;01mdef#x1B[39;00m#x1B[38;5;250m #x1B[39m#x1B[34m__init__#x1B[39m(#x1B[38;5;28mself#x1B[39m, name=#x1B[38;5;28;01mNone#x1B[39;00m, args_f=#x1B[38;5;28mdict#x1B[39m(), **kwargs):
#x1B[32m     82#x1B[39m #x1B[38;5;250m    #x1B[39m#x1B[33;03m"""#x1B[39;00m
#x1B[32m     83#x1B[39m #x1B[33;03m    Instantiate the function superclass with the relevant parameters.#x1B[39;00m
#x1B[32m     84#x1B[39m 
#x1B[32m   (...)#x1B[39m#x1B[32m     88#x1B[39m #x1B[33;03m        arguments to pass to custom __init__ function.#x1B[39;00m
#x1B[32m     89#x1B[39m #x1B[33;03m    """#x1B[39;00m
#x1B[32m---&gt; #x1B[39m#x1B[32m90#x1B[39m     #x1B[38;5;28;43msuper#x1B[39;49m#x1B[43m(#x1B[49m#x1B[43m)#x1B[49m#x1B[43m.#x1B[49m#x1B[34;43m__init__#x1B[39;49m#x1B[43m(#x1B[49m#x1B[43mname#x1B[49m#x1B[43m=#x1B[49m#x1B[43mname#x1B[49m#x1B[43m,#x1B[49m#x1B[43m #x1B[49m#x1B[43m*#x1B[49m#x1B[43m*#x1B[49m#x1B[43mkwargs#x1B[49m#x1B[43m)#x1B[49m
#x1B[32m     91#x1B[39m     #x1B[38;5;28mself#x1B[39m.args_f = args_f
#x1B[32m     92#x1B[39m     #x1B[38;5;28;01mif#x1B[39;00m #x1B[38;5;28mhasattr#x1B[39m(#x1B[38;5;28mself#x1B[39m, #x1B[33m'#x1B[39m#x1B[33mbehavior#x1B[39m#x1B[33m'#x1B[39m):

#x1B[36mFile #x1B[39m#x1B[32m~/bamboo-agent-home/xml-data/build-dir/RAD-TEST-UVF/fmdtools-full/lib/python3.11/site-packages/fmdtools/define/block/base.py:843#x1B[39m, in #x1B[36mBlock.__init__#x1B[39m#x1B[34m(self, name, flows, h, **kwargs)#x1B[39m
#x1B[32m    840#x1B[39m     flows = {#x1B[38;5;28mself#x1B[39m.flownames.get(fn, fn): flow #x1B[38;5;28;01mfor#x1B[39;00m fn, flow #x1B[38;5;129;01min#x1B[39;00m flows.items()}
#x1B[32m    841#x1B[39m flows = {**flows}
#x1B[32m--&gt; #x1B[39m#x1B[32m843#x1B[39m #x1B[43mSimulable#x1B[49m#x1B[43m.#x1B[49m#x1B[34;43m__init__#x1B[39;49m#x1B[43m(#x1B[49m#x1B[38;5;28;43mself#x1B[39;49m#x1B[43m,#x1B[49m#x1B[43m #x1B[49m#x1B[43mname#x1B[49m#x1B[43m=#x1B[49m#x1B[43mname#x1B[49m#x1B[43m,#x1B[49m#x1B[43m #x1B[49m#x1B[43mroletypes#x1B[49m#x1B[43m=#x1B[49m#x1B[43m[#x1B[49m#x1B[33;43m'#x1B[39;49m#x1B[33;43mcontainer#x1B[39;49m#x1B[33;43m'#x1B[39;49m#x1B[43m,#x1B[49m#x1B[43m #x1B[49m#x1B[33;43m'#x1B[39;49m#x1B[33;43mflow#x1B[39;49m#x1B[33;43m'#x1B[39;49m#x1B[43m]#x1B[49m#x1B[43m,#x1B[49m
#x1B[32m    844#x1B[39m #x1B[43m                   #x1B[49m#x1B[43m*#x1B[49m#x1B[43m*#x1B[49m#x1B[43mflows#x1B[49m#x1B[43m,#x1B[49m#x1B[43m #x1B[49m#x1B[43m*#x1B[49m#x1B[43m*#x1B[49m#x1B[43mkwargs#x1B[49m#x1B[43m)#x1B[49m
#x1B[32m    845#x1B[39m #x1B[38;5;66;03m# send flows from block level to arch level#x1B[39;00m
#x1B[32m    846#x1B[39m #x1B[38;5;28;01mif#x1B[39;00m #x1B[33m'#x1B[39m#x1B[33march#x1B[39m#x1B[33m'#x1B[39m #x1B[38;5;129;01min#x1B[39;00m #x1B[38;5;28mself#x1B[39m.roletypes:

#x1B[36mFile #x1B[39m#x1B[32m~/bamboo-agent-home/xml-data/build-dir/RAD-TEST-UVF/fmdtools-full/lib/python3.11/site-packages/fmdtools/define/block/base.py:206#x1B[39m, in #x1B[36mSimulable.__init__#x1B[39m#x1B[34m(self, **kwargs)#x1B[39m
#x1B[32m    195#x1B[39m #x1B[38;5;28;01mdef#x1B[39;00m#x1B[38;5;250m #x1B[39m#x1B[34m__init__#x1B[39m(#x1B[38;5;28mself#x1B[39m, **kwargs):
#x1B[32m    196#x1B[39m #x1B[38;5;250m    #x1B[39m#x1B[33;03m"""#x1B[39;00m
#x1B[32m    197#x1B[39m #x1B[33;03m    Instantiate internal Simulable attributes.#x1B[39;00m
#x1B[32m    198#x1B[39m 
#x1B[32m   (...)#x1B[39m#x1B[32m    204#x1B[39m #x1B[33;03m        Keyword arguments to BaseObject#x1B[39;00m
#x1B[32m    205#x1B[39m #x1B[33;03m    """#x1B[39;00m
#x1B[32m--&gt; #x1B[39m#x1B[32m206#x1B[39m     #x1B[43mBaseObject#x1B[49m#x1B[43m.#x1B[49m#x1B[34;43m__init__#x1B[39;49m#x1B[43m(#x1B[49m#x1B[38;5;28;43mself#x1B[39;49m#x1B[43m,#x1B[49m#x1B[43m #x1B[49m#x1B[43m*#x1B[49m#x1B[43m*#x1B[49m#x1B[43mkwargs#x1B[49m#x1B[43m)#x1B[49m
#x1B[32m    207#x1B[39m     #x1B[38;5;28mself#x1B[39m.set_time()
#x1B[32m    208#x1B[39m     #x1B[38;5;28mself#x1B[39m._sims = {}

#x1B[36mFile #x1B[39m#x1B[32m~/bamboo-agent-home/xml-data/build-dir/RAD-TEST-UVF/fmdtools-full/lib/python3.11/site-packages/fmdtools/define/object/base.py:246#x1B[39m, in #x1B[36mBaseObject.__init__#x1B[39m#x1B[34m(self, name, roletypes, track, root, **kwargs)#x1B[39m
#x1B[32m    244#x1B[39m #x1B[38;5;28mself#x1B[39m.init_indicators()
#x1B[32m    245#x1B[39m #x1B[38;5;28mself#x1B[39m.init_track(track)
#x1B[32m--&gt; #x1B[39m#x1B[32m246#x1B[39m #x1B[38;5;28;43mself#x1B[39;49m#x1B[43m.#x1B[49m#x1B[43minit_roletypes#x1B[49m#x1B[43m(#x1B[49m#x1B[43m*#x1B[49m#x1B[43mroletypes#x1B[49m#x1B[43m,#x1B[49m#x1B[43m #x1B[49m#x1B[43m*#x1B[49m#x1B[43m*#x1B[49m#x1B[43mkwargs#x1B[49m#x1B[43m)#x1B[49m
#x1B[32m    247#x1B[39m #x1B[38;5;28mself#x1B[39m.check_slots()
#x1B[32m    248#x1B[39m #x1B[38;5;28mself#x1B[39m._mutobjs = []

#x1B[36mFile #x1B[39m#x1B[32m~/bamboo-agent-home/xml-data/build-dir/RAD-TEST-UVF/fmdtools-full/lib/python3.11/site-packages/fmdtools/define/object/base.py:346#x1B[39m, in #x1B[36mBaseObject.init_roletypes#x1B[39m#x1B[34m(self, initializer, *roletypes, **kwargs)#x1B[39m
#x1B[32m    343#x1B[39m #x1B[38;5;28;01mif#x1B[39;00m roletype #x1B[38;5;129;01mnot#x1B[39;00m #x1B[38;5;129;01min#x1B[39;00m #x1B[38;5;28mself#x1B[39m.roletypes:
#x1B[32m    344#x1B[39m     #x1B[38;5;28;01mraise#x1B[39;00m #x1B[38;5;167;01mException#x1B[39;00m(#x1B[33m"#x1B[39m#x1B[33mRoletype: #x1B[39m#x1B[33m"#x1B[39m + roletype + #x1B[33m"#x1B[39m#x1B[33m not in class variable#x1B[39m#x1B[33m"#x1B[39m +
#x1B[32m    345#x1B[39m                     #x1B[33m"#x1B[39m#x1B[33m self.roletypes: #x1B[39m#x1B[33m"#x1B[39m + #x1B[38;5;28mstr#x1B[39m(#x1B[38;5;28mself#x1B[39m.roletypes))
#x1B[32m--&gt; #x1B[39m#x1B[32m346#x1B[39m #x1B[38;5;28;43mself#x1B[39;49m#x1B[43m.#x1B[49m#x1B[43minit_roles#x1B[49m#x1B[43m(#x1B[49m#x1B[43mroletype#x1B[49m#x1B[43m,#x1B[49m#x1B[43m #x1B[49m#x1B[43minitializer#x1B[49m#x1B[43m=#x1B[49m#x1B[43minitializer#x1B[49m#x1B[43m,#x1B[49m#x1B[43m #x1B[49m#x1B[43m*#x1B[49m#x1B[43m*#x1B[49m#x1B[43mkwargs#x1B[49m#x1B[43m)#x1B[49m

#x1B[36mFile #x1B[39m#x1B[32m~/bamboo-agent-home/xml-data/build-dir/RAD-TEST-UVF/fmdtools-full/lib/python3.11/site-packages/fmdtools/define/object/base.py:395#x1B[39m, in #x1B[36mBaseObject.init_roles#x1B[39m#x1B[34m(self, roletype, initializer, **kwargs)#x1B[39m
#x1B[32m    393#x1B[39m     obj_args[#x1B[33m'#x1B[39m#x1B[33mtrack#x1B[39m#x1B[33m'#x1B[39m] = get_sub_include(rolename, #x1B[38;5;28mself#x1B[39m.track)
#x1B[32m    394#x1B[39m #x1B[38;5;28;01mtry#x1B[39;00m:
#x1B[32m--&gt; #x1B[39m#x1B[32m395#x1B[39m     obj = #x1B[43mobj_initializer#x1B[49m#x1B[43m(#x1B[49m#x1B[43m*#x1B[49m#x1B[43m*#x1B[49m#x1B[43mobj_args#x1B[49m#x1B[43m)#x1B[49m
#x1B[32m    396#x1B[39m #x1B[38;5;28;01mexcept#x1B[39;00m #x1B[38;5;167;01mAttributeError#x1B[39;00m #x1B[38;5;28;01mas#x1B[39;00m ae:
#x1B[32m    397#x1B[39m     #x1B[38;5;28;01mraise#x1B[39;00m #x1B[38;5;167;01mException#x1B[39;00m(#x1B[33m"#x1B[39m#x1B[33mProblem initializing #x1B[39m#x1B[33m"#x1B[39m + roletype + #x1B[33m"#x1B[39m#x1B[33m_#x1B[39m#x1B[33m"#x1B[39m + rolename
#x1B[32m    398#x1B[39m                     + #x1B[33m"#x1B[39m#x1B[33m: #x1B[39m#x1B[33m"#x1B[39m + #x1B[38;5;28mstr#x1B[39m(initializer)) #x1B[38;5;28;01mfrom#x1B[39;00m#x1B[38;5;250m #x1B[39m#x1B[34;01mae#x1B[39;00m

#x1B[36mFile #x1B[39m#x1B[32m~/bamboo-agent-home/xml-data/build-dir/RAD-TEST-UVF/fmdtools-full/lib/python3.11/site-packages/fmdtools/define/container/time.py:101#x1B[39m, in #x1B[36mTime.__init__#x1B[39m#x1B[34m(self, *args, **kwargs)#x1B[39m
#x1B[32m     99#x1B[39m #x1B[38;5;28;01mfor#x1B[39;00m timername #x1B[38;5;129;01min#x1B[39;00m #x1B[38;5;28mself#x1B[39m.timernames:
#x1B[32m    100#x1B[39m     #x1B[38;5;28mself#x1B[39m.timers[timername] = Timer(timername)
#x1B[32m--&gt; #x1B[39m#x1B[32m101#x1B[39m #x1B[38;5;28;43mself#x1B[39;49m#x1B[43m.#x1B[49m#x1B[43mset_timestep#x1B[49m#x1B[43m(#x1B[49m#x1B[43m)#x1B[49m

#x1B[36mFile #x1B[39m#x1B[32m~/bamboo-agent-home/xml-data/build-dir/RAD-TEST-UVF/fmdtools-full/lib/python3.11/site-packages/fmdtools/define/container/time.py:150#x1B[39m, in #x1B[36mTime.set_timestep#x1B[39m#x1B[34m(self, **kwargs)#x1B[39m
#x1B[32m    148#x1B[39m     dt = local_tstep
#x1B[32m    149#x1B[39m     #x1B[38;5;28;01mif#x1B[39;00m (dt &lt; global_tstep #x1B[38;5;129;01mand#x1B[39;00m global_tstep % dt) #x1B[38;5;129;01mor#x1B[39;00m dt % global_tstep:
#x1B[32m--&gt; #x1B[39m#x1B[32m150#x1B[39m         #x1B[38;5;28;01mraise#x1B[39;00m #x1B[38;5;167;01mException#x1B[39;00m(#x1B[33m"#x1B[39m#x1B[33mLocal timestep: #x1B[39m#x1B[33m"#x1B[39m + #x1B[38;5;28mstr#x1B[39m(dt) +
#x1B[32m    151#x1B[39m                         #x1B[33m"#x1B[39m#x1B[33m doesn#x1B[39m#x1B[33m'#x1B[39m#x1B[33mt line up with global timestep: #x1B[39m#x1B[33m"#x1B[39m +
#x1B[32m    152#x1B[39m                         #x1B[38;5;28mstr#x1B[39m(global_tstep))
#x1B[32m    153#x1B[39m #x1B[38;5;28;01melse#x1B[39;00m:
#x1B[32m    154#x1B[39m     dt = global_tstep

#x1B[31mException#x1B[39m: Local timestep: 0.5 doesn't line up with global timestep: 1.0</failure></testcase><testcase classname="examples.rover.Rover_Setup_Notebook.ipynb" name="Rover_Setup_Notebook.ipynb" time="94.110" /><testcase classname="examples.rover.degradation_modelling.Degradation_Modelling_Notebook.ipynb" name="Degradation_Modelling_Notebook.ipynb" time="606.434" /><testcase classname="examples.rover.rover_model" name="examples.rover.rover_model.Drive.drive_nominal" time="0.075" /><testcase classname="examples.rover.rover_model_human" name="examples.rover.rover_model_human.Comprehend" time="0.008" /><testcase classname="examples.rover.rover_model_human" name="examples.rover.rover_model_human.Decide" time="0.006" /><testcase classname="examples.rover.rover_model_human" name="examples.rover.rover_model_human.HumanActions" time="0.028" /><testcase classname="examples.rover.rover_model_human" name="examples.rover.rover_model_human.Look" time="0.004" /><testcase classname="examples.rover.rover_model_human" name="examples.rover.rover_model_human.Percieve" time="0.005" /><testcase classname="examples.rover.rover_model_human" name="examples.rover.rover_model_human.Press" time="0.005" /><testcase classname="examples.rover.rover_model_human" name="examples.rover.rover_model_human.Project" time="0.005" /><testcase classname="examples.rover.test_rover.RoverTests" name="test_obj_values" time="11.315" /><testcase classname="examples.tank.Tank_Analysis.ipynb" name="Tank_Analysis.ipynb" time="74.700" /><testcase classname="examples.tank.test_tank.TankTests" name="test_approach" time="19.720" /><testcase classname="examples.tank.test_tank.TankTests" name="test_approach_parallelism_0" time="18.587" /><testcase classname="examples.tank.test_tank.TankTests" name="test_approach_parallelism_1" time="47.589" /><testcase classname="examples.tank.test_tank.TankTests" name="test_approach_parallelism_notrack" time="18.773" /><testcase classname="examples.tank.test_tank.TankTests" name="test_comp_mode_inj" time="0.279" /><testcase classname="examples.tank.test_tank.TankTests" name="test_different_components" time="0.122" /><testcase classname="examples.tank.test_tank.TankTests" name="test_epc_math" time="0.084" /><testcase classname="examples.tank.test_tank.TankTests" name="test_fault_sample_isave" time="21.335" /><testcase classname="examples.tank.test_tank.TankTests" name="test_fault_sample_save" time="20.220" /><testcase classname="examples.tank.test_tank.TankTests" name="test_local_tstep" time="1.481" /><testcase classname="examples.tank.test_tank.TankTests" name="test_model_copy_different" time="4.358" /><testcase classname="examples.tank.test_tank.TankTests" name="test_model_copy_same" time="9.432" /><testcase classname="examples.tank.test_tank.TankTests" name="test_model_reset" time="0.001"><skipped type="pytest.skip" message="Reset not fully implemented yet and unused throughout.">/home/bamboo/bamboo-agent-home/xml-data/build-dir/RAD-TEST-UVF/fmdtools/examples/tank/test_tank.py:69: Reset not fully implemented yet and unused throughout.</skipped></testcase><testcase classname="examples.tank.test_tank.TankTests" name="test_nested_sample_isave" time="201.964" /><testcase classname="examples.tank.test_tank.TankTests" name="test_nested_sample_save" time="204.191" /><testcase classname="examples.tank.test_tank.TankTests" name="test_param_sample_isave" time="5.379" /><testcase classname="examples.tank.test_tank.TankTests" name="test_param_sample_save" time="5.413" /><testcase classname="examples.tank.test_tank.TankTests" name="test_save_load_multfault" time="1.400" /><testcase classname="examples.tank.test_tank.TankTests" name="test_save_load_nominal" time="0.624" /><testcase classname="examples.tank.test_tank.TankTests" name="test_save_load_onefault" time="1.246" /><testcase classname="examples.tank.test_tank.TankTests" name="test_save_load_singlefaults" time="11.495" /><testcase classname="examples.tank.test_tank.TankTests" name="test_singlefaults_isave" time="12.266" /><testcase classname="examples.tank.test_tank.TankTests" name="test_tank_copy_args" time="0.124" /><testcase classname="examples.taxiway.Paper_Notebook.ipynb" name="Paper_Notebook.ipynb" time="51.166" /><testcase classname="examples.taxiway.test_asset.AssetTests" name="test_avoid" time="1.324" /><testcase classname="examples.taxiway.test_asset.AssetTests" name="test_avoid_plot" time="1.948" /><testcase classname="examples.taxiway.test_asset.AssetTests" name="test_heli_cycle" time="0.827" /><testcase classname="examples.taxiway.test_asset.AssetTests" name="test_heli_cycle_plot" time="1.161" /><testcase classname="examples.taxiway.test_asset.AssetTests" name="test_lost_sight" time="3.061" /><testcase classname="examples.taxiway.test_asset.AssetTests" name="test_lost_sight_plot" time="3.774" /><testcase classname="examples.taxiway.test_asset.AssetTests" name="test_one_cycle" time="0.845" /><testcase classname="examples.taxiway.test_asset.AssetTests" name="test_one_cycle_plot" time="0.893" /><testcase classname="examples.taxiway.test_model.ModelTests" name="test_atc_lost_ground_perception" time="15.253" /><testcase classname="examples.taxiway.test_model.ModelTests" name="test_atc_lost_ground_perception_plot" time="16.379" /><testcase classname="examples.taxiway.test_model.ModelTests" name="test_atc_wrong_land_command" time="19.039" /><testcase classname="examples.taxiway.test_model.ModelTests" name="test_atc_wrong_land_command_lost_sight" time="17.218" /><testcase classname="examples.taxiway.test_model.ModelTests" name="test_atc_wrong_land_command_sight_plot" time="20.843" /><testcase classname="examples.taxiway.test_model.ModelTests" name="test_default_plots" time="12.603" /><testcase classname="examples.taxiway.test_model.ModelTests" name="test_scen" time="8.286" /><testcase classname="fmdtools.analyze.common" name="fmdtools.analyze.common.auto_filetype" time="0.006" /><testcase classname="fmdtools.analyze.common" name="fmdtools.analyze.common.calc_average" time="0.004" /><testcase classname="fmdtools.analyze.common" name="fmdtools.analyze.common.calc_expected" time="0.003" /><testcase classname="fmdtools.analyze.common" name="fmdtools.analyze.common.calc_metric" time="0.006" /><testcase classname="fmdtools.analyze.common" name="fmdtools.analyze.common.calc_metric_ci" time="0.028" /><testcase classname="fmdtools.analyze.common" name="fmdtools.analyze.common.calc_percent" time="0.003" /><testcase classname="fmdtools.analyze.common" name="fmdtools.analyze.common.calc_rate" time="0.003" /><testcase classname="fmdtools.analyze.common" name="fmdtools.analyze.common.calc_sum" time="0.003" /><testcase classname="fmdtools.analyze.common" name="fmdtools.analyze.common.calc_total" time="0.003" /><testcase classname="fmdtools.analyze.common" name="fmdtools.analyze.common.create_indiv_filename" time="0.002" /><testcase classname="fmdtools.analyze.common" name="fmdtools.analyze.common.diff" time="0.003" /><testcase classname="fmdtools.analyze.common" name="fmdtools.analyze.common.join_key" time="0.002" /><testcase classname="fmdtools.analyze.common" name="fmdtools.analyze.common.to_include_keys" time="0.003" /><testcase classname="fmdtools.analyze.graph.base" name="fmdtools.analyze.graph.base.Graph" time="0.697" /><testcase classname="fmdtools.analyze.graph.base" name="fmdtools.analyze.graph.base.Graph._get_edge_style" time="0.005" /><testcase classname="fmdtools.analyze.graph.base" name="fmdtools.analyze.graph.base.Graph._get_node_style" time="0.004" /><testcase classname="fmdtools.analyze.graph.base" name="fmdtools.analyze.graph.base.Graph.add_node_groups" time="0.146" /><testcase classname="fmdtools.analyze.graph.base" name="fmdtools.analyze.graph.base.Graph.draw_drawio" time="0.021" /><testcase classname="fmdtools.analyze.graph.base" name="fmdtools.analyze.graph.base.Graph.set_heatmap" time="0.180" /><testcase classname="fmdtools.analyze.graph.model" name="fmdtools.analyze.graph.model.ModelGraph" time="0.016" /><testcase classname="fmdtools.analyze.graph.model" name="fmdtools.analyze.graph.model.create_inheritance_subgraph" time="0.008" /><testcase classname="fmdtools.analyze.graph.style" name="fmdtools.analyze.graph.style.FlowEdgeStyle" time="0.004" /><testcase classname="fmdtools.analyze.graph.style" name="fmdtools.analyze.graph.style.edge_style_factory" time="0.912" /><testcase classname="fmdtools.analyze.graph.style" name="fmdtools.analyze.graph.style.node_style_factory" time="1.480" /><testcase classname="fmdtools.analyze.graph.style" name="fmdtools.analyze.graph.style.to_legend_label" time="0.004" /><testcase classname="fmdtools.analyze.history" name="fmdtools.analyze.history.History" time="0.007" /><testcase classname="fmdtools.analyze.history" name="fmdtools.analyze.history.History.cut" time="0.004" /><testcase classname="fmdtools.analyze.history" name="fmdtools.analyze.history.History.get_degraded_hist" time="0.006" /><testcase classname="fmdtools.analyze.history" name="fmdtools.analyze.history.History.get_fault_time" time="0.003" /><testcase classname="fmdtools.analyze.history" name="fmdtools.analyze.history.History.get_faulty_hist" time="0.004" /><testcase classname="fmdtools.analyze.history" name="fmdtools.analyze.history.History.get_mean_bound_errhist" time="0.005" /><testcase classname="fmdtools.analyze.history" name="fmdtools.analyze.history.History.get_mean_ci_errhist" time="0.016" /><testcase classname="fmdtools.analyze.history" name="fmdtools.analyze.history.History.get_mean_std_errhist" time="0.005" /><testcase classname="fmdtools.analyze.history" name="fmdtools.analyze.history.History.get_percentile_errhist" time="0.008" /><testcase classname="fmdtools.analyze.history" name="fmdtools.analyze.history.History.get_slice" time="0.003" /><testcase classname="fmdtools.analyze.phases" name="fmdtools.analyze.phases.PhaseMap.calc_modephase_time" time="0.002" /><testcase classname="fmdtools.analyze.phases" name="fmdtools.analyze.phases.PhaseMap.calc_phase_time" time="0.002" /><testcase classname="fmdtools.analyze.phases" name="fmdtools.analyze.phases.PhaseMap.calc_samples_in_phases" time="0.003" /><testcase classname="fmdtools.analyze.phases" name="fmdtools.analyze.phases.PhaseMap.find_modephase" time="0.002" /><testcase classname="fmdtools.analyze.phases" name="fmdtools.analyze.phases.PhaseMap.get_phase_times" time="0.003" /><testcase classname="fmdtools.analyze.phases" name="fmdtools.analyze.phases.PhaseMap.get_sample_times" time="0.003" /><testcase classname="fmdtools.analyze.phases" name="fmdtools.analyze.phases.find_interval_overlap" time="0.004" /><testcase classname="fmdtools.analyze.phases" name="fmdtools.analyze.phases.from_hist" time="0.005" /><testcase classname="fmdtools.analyze.phases" name="fmdtools.analyze.phases.join_phasemaps" time="0.005" /><testcase classname="fmdtools.analyze.result" name="fmdtools.analyze.result.Result" time="0.005" /><testcase classname="fmdtools.analyze.result" name="fmdtools.analyze.result.Result.__eq__" time="0.004" /><testcase classname="fmdtools.analyze.result" name="fmdtools.analyze.result.Result.__sub__" time="0.004" /><testcase classname="fmdtools.analyze.result" name="fmdtools.analyze.result.Result.align_external_dict" time="0.004" /><testcase classname="fmdtools.analyze.result" name="fmdtools.analyze.result.Result.fromdict" time="0.004" /><testcase classname="fmdtools.analyze.result" name="fmdtools.analyze.result.Result.get" time="0.004" /><testcase classname="fmdtools.analyze.result" name="fmdtools.analyze.result.Result.get_metric" time="0.007" /><testcase classname="fmdtools.analyze.result" name="fmdtools.analyze.result.Result.get_metric_ci" time="0.010" /><testcase classname="fmdtools.analyze.result" name="fmdtools.analyze.result.Result.get_vals" time="0.003" /><testcase classname="fmdtools.analyze.result" name="fmdtools.analyze.result.Result.is_flat" time="0.003" /><testcase classname="fmdtools.analyze.tabulate" name="fmdtools.analyze.tabulate.Comparison" time="1.734" /><testcase classname="fmdtools.analyze.tabulate" name="fmdtools.analyze.tabulate.FMEA" time="0.062" /><testcase classname="fmdtools.analyze.tabulate" name="fmdtools.analyze.tabulate.result_summary" time="0.379" /><testcase classname="fmdtools.analyze.tabulate" name="fmdtools.analyze.tabulate.result_summary_fmea" time="1.767" /><testcase classname="fmdtools.define.architecture.action" name="fmdtools.define.architecture.action.ActionArchitecture" time="0.014" /><testcase classname="fmdtools.define.architecture.action" name="fmdtools.define.architecture.action.ActionArchitectureActGraph" time="0.008" /><testcase classname="fmdtools.define.architecture.action" name="fmdtools.define.architecture.action.ActionArchitectureFlowGraph" time="0.007" /><testcase classname="fmdtools.define.architecture.action" name="fmdtools.define.architecture.action.ActionArchitectureGraph" time="0.008" /><testcase classname="fmdtools.define.architecture.base" name="fmdtools.define.architecture.base.Architecture.as_drawio" time="0.038" /><testcase classname="fmdtools.define.architecture.component" name="fmdtools.define.architecture.component.ComponentArchitecture" time="0.014" /><testcase classname="fmdtools.define.architecture.function" name="fmdtools.define.architecture.function.FunctionArchitecture" time="0.016" /><testcase classname="fmdtools.define.architecture.function" name="fmdtools.define.architecture.function.FunctionArchitectureFlowGraph" time="0.012" /><testcase classname="fmdtools.define.architecture.function" name="fmdtools.define.architecture.function.FunctionArchitectureFxnGraph" time="0.013" /><testcase classname="fmdtools.define.architecture.function" name="fmdtools.define.architecture.function.FunctionArchitectureGraph" time="0.018" /><testcase classname="fmdtools.define.architecture.function" name="fmdtools.define.architecture.function.FunctionArchitectureTypeGraph" time="0.010" /><testcase classname="fmdtools.define.architecture.geom" name="fmdtools.define.architecture.geom.GeomArchitecture" time="0.011" /><testcase classname="fmdtools.define.architecture.geom" name="fmdtools.define.architecture.geom.GeomArchitecture.all_at" time="0.013" /><testcase classname="fmdtools.define.base" name="fmdtools.define.base.is_bool" time="0.003" /><testcase classname="fmdtools.define.base" name="fmdtools.define.base.is_numeric" time="0.003" /><testcase classname="fmdtools.define.base" name="fmdtools.define.base.nan_to_x" time="0.002" /><testcase classname="fmdtools.define.block.action" name="fmdtools.define.block.action.Action" time="0.007" /><testcase classname="fmdtools.define.block.base" name="fmdtools.define.block.base.SimParam.get_hist_ind" time="0.004" /><testcase classname="fmdtools.define.block.base" name="fmdtools.define.block.base.SimParam.get_timerange" time="0.003" /><testcase classname="fmdtools.define.block.component" name="fmdtools.define.block.component.Component" time="0.010" /><testcase classname="fmdtools.define.block.function" name="fmdtools.define.block.function.Function" time="0.008" /><testcase classname="fmdtools.define.container.base" name="fmdtools.define.container.base.BaseContainer.assign" time="0.004" /><testcase classname="fmdtools.define.container.base" name="fmdtools.define.container.base.BaseContainer.copy" time="0.003" /><testcase classname="fmdtools.define.container.base" name="fmdtools.define.container.base.BaseContainer.create_hist" time="0.003" /><testcase classname="fmdtools.define.container.base" name="fmdtools.define.container.base.BaseContainer.get_field_dict" time="0.003" /><testcase classname="fmdtools.define.container.base" name="fmdtools.define.container.base.BaseContainer.set_field" time="0.003" /><testcase classname="fmdtools.define.container.base" name="fmdtools.define.container.base.BaseContainer.to_default" time="0.003" /><testcase classname="fmdtools.define.container.base" name="fmdtools.define.container.base.check_container_pick" time="0.003" /><testcase classname="fmdtools.define.container.mode" name="fmdtools.define.container.mode.Fault.calc_rate" time="0.003" /><testcase classname="fmdtools.define.container.mode" name="fmdtools.define.container.mode.HumanErrorMode" time="0.004" /><testcase classname="fmdtools.define.container.mode" name="fmdtools.define.container.mode.Mode" time="0.004" /><testcase classname="fmdtools.define.container.mode" name="fmdtools.define.container.mode.Mode.add_fault" time="0.003" /><testcase classname="fmdtools.define.container.mode" name="fmdtools.define.container.mode.Mode.get_fault" time="0.003" /><testcase classname="fmdtools.define.container.parameter" name="fmdtools.define.container.parameter.Parameter" time="0.004" /><testcase classname="fmdtools.define.container.rand" name="fmdtools.define.container.rand.Rand" time="0.006" /><testcase classname="fmdtools.define.container.rand" name="fmdtools.define.container.rand.Rand.get_rand_states" time="0.003" /><testcase classname="fmdtools.define.container.rand" name="fmdtools.define.container.rand.calc_prob_density_for_random" time="0.003" /><testcase classname="fmdtools.define.container.rand" name="fmdtools.define.container.rand.calc_prob_for_choice" time="0.003" /><testcase classname="fmdtools.define.container.rand" name="fmdtools.define.container.rand.calc_prob_for_integers" time="0.003" /><testcase classname="fmdtools.define.container.rand" name="fmdtools.define.container.rand.calc_prob_for_permuted" time="0.003" /><testcase classname="fmdtools.define.container.rand" name="fmdtools.define.container.rand.calc_prob_for_shuffle_permutation" time="0.003" /><testcase classname="fmdtools.define.container.rand" name="fmdtools.define.container.rand.get_exp_ray_pdf" time="0.004" /><testcase classname="fmdtools.define.container.rand" name="fmdtools.define.container.rand.get_hypergeometric_pmf" time="0.003" /><testcase classname="fmdtools.define.container.rand" name="fmdtools.define.container.rand.get_lognormal_pdf" time="0.003" /><testcase classname="fmdtools.define.container.rand" name="fmdtools.define.container.rand.get_prob_for_rand" time="0.003" /><testcase classname="fmdtools.define.container.rand" name="fmdtools.define.container.rand.get_standard_t_pdf" time="0.003" /><testcase classname="fmdtools.define.container.rand" name="fmdtools.define.container.rand.get_triangular_pdf" time="0.005" /><testcase classname="fmdtools.define.container.state" name="fmdtools.define.container.state.State" time="0.003" /><testcase classname="fmdtools.define.container.state" name="fmdtools.define.container.state.State.add" time="0.002" /><testcase classname="fmdtools.define.container.state" name="fmdtools.define.container.state.State.div" time="0.002" /><testcase classname="fmdtools.define.container.state" name="fmdtools.define.container.state.State.get" time="0.003" /><testcase classname="fmdtools.define.container.state" name="fmdtools.define.container.state.State.gett" time="0.002" /><testcase classname="fmdtools.define.container.state" name="fmdtools.define.container.state.State.inc" time="0.003" /><testcase classname="fmdtools.define.container.state" name="fmdtools.define.container.state.State.limit" time="0.002" /><testcase classname="fmdtools.define.container.state" name="fmdtools.define.container.state.State.mul" time="0.002" /><testcase classname="fmdtools.define.container.state" name="fmdtools.define.container.state.State.put" time="0.002" /><testcase classname="fmdtools.define.container.state" name="fmdtools.define.container.state.State.roundto" time="0.002" /><testcase classname="fmdtools.define.container.state" name="fmdtools.define.container.state.State.same" time="0.003" /><testcase classname="fmdtools.define.container.state" name="fmdtools.define.container.state.State.set_atts" time="0.002" /><testcase classname="fmdtools.define.container.state" name="fmdtools.define.container.state.State.sub" time="0.002" /><testcase classname="fmdtools.define.container.time" name="fmdtools.define.container.time.Time" time="0.004" /><testcase classname="fmdtools.define.environment" name="fmdtools.define.environment.Environment" time="0.021" /><testcase classname="fmdtools.define.environment" name="fmdtools.define.environment.Environment.copy" time="0.040" /><testcase classname="fmdtools.define.flow.base" name="fmdtools.define.flow.base.Flow" time="0.004" /><testcase classname="fmdtools.define.flow.commsflow" name="fmdtools.define.flow.commsflow.CommsFlow" time="0.005" /><testcase classname="fmdtools.define.flow.multiflow" name="fmdtools.define.flow.multiflow.MultiFlow" time="0.004" /><testcase classname="fmdtools.define.flow.multiflow" name="fmdtools.define.flow.multiflow.MultiFlow.create_hist" time="0.004" /><testcase classname="fmdtools.define.flow.multiflow" name="fmdtools.define.flow.multiflow.MultiFlow.get_view" time="0.004" /><testcase classname="fmdtools.define.object.base" name="fmdtools.define.object.base.BaseObject" time="0.006" /><testcase classname="fmdtools.define.object.base" name="fmdtools.define.object.base.BaseObject.assign_roles" time="0.004" /><testcase classname="fmdtools.define.object.base" name="fmdtools.define.object.base.BaseObject.get_att_roletype" time="0.003" /><testcase classname="fmdtools.define.object.base" name="fmdtools.define.object.base.BaseObject.get_node_attrs" time="0.003" /><testcase classname="fmdtools.define.object.coords" name="fmdtools.define.object.coords.BaseCoords.find_all_prop" time="0.004" /><testcase classname="fmdtools.define.object.coords" name="fmdtools.define.object.coords.BaseCoords.find_all_props" time="0.005" /><testcase classname="fmdtools.define.object.coords" name="fmdtools.define.object.coords.BaseCoords.get" time="0.004" /><testcase classname="fmdtools.define.object.coords" name="fmdtools.define.object.coords.BaseCoords.get_neighbors" time="0.008" /><testcase classname="fmdtools.define.object.coords" name="fmdtools.define.object.coords.BaseCoords.get_properties" time="0.004" /><testcase classname="fmdtools.define.object.coords" name="fmdtools.define.object.coords.BaseCoords.set" time="0.004" /><testcase classname="fmdtools.define.object.coords" name="fmdtools.define.object.coords.BaseCoords.set_pts" time="0.004" /><testcase classname="fmdtools.define.object.coords" name="fmdtools.define.object.coords.BaseCoords.set_range" time="0.008" /><testcase classname="fmdtools.define.object.coords" name="fmdtools.define.object.coords.BaseCoords.to_gridpoint" time="0.005" /><testcase classname="fmdtools.define.object.coords" name="fmdtools.define.object.coords.BaseCoords.to_index" time="0.004" /><testcase classname="fmdtools.define.object.coords" name="fmdtools.define.object.coords.Coords" time="0.008" /><testcase classname="fmdtools.define.object.coords" name="fmdtools.define.object.coords.Coords.copy" time="0.005" /><testcase classname="fmdtools.define.object.coords" name="fmdtools.define.object.coords.Coords.find_all" time="0.006" /><testcase classname="fmdtools.define.object.coords" name="fmdtools.define.object.coords.Coords.find_closest" time="0.004" /><testcase classname="fmdtools.define.object.coords" name="fmdtools.define.object.coords.Coords.in_area" time="0.004" /><testcase classname="fmdtools.define.object.coords" name="fmdtools.define.object.coords.Coords.set_rand_pts" time="0.004" /><testcase classname="fmdtools.define.object.coords" name="fmdtools.define.object.coords.MetricCoords" time="0.005" /><testcase classname="fmdtools.define.object.geom" name="fmdtools.define.object.geom.Geom.all_at" time="0.006" /><testcase classname="fmdtools.define.object.geom" name="fmdtools.define.object.geom.Geom.vect_at_shape" time="0.005" /><testcase classname="fmdtools.define.object.geom" name="fmdtools.define.object.geom.Geom.vect_to_shape" time="0.006" /><testcase classname="fmdtools.define.object.geom" name="fmdtools.define.object.geom.GeomLine" time="0.005" /><testcase classname="fmdtools.define.object.geom" name="fmdtools.define.object.geom.GeomLine.get_args" time="0.003" /><testcase classname="fmdtools.define.object.geom" name="fmdtools.define.object.geom.GeomPoint" time="0.005" /><testcase classname="fmdtools.define.object.geom" name="fmdtools.define.object.geom.GeomPoint.get_args" time="0.003" /><testcase classname="fmdtools.define.object.geom" name="fmdtools.define.object.geom.GeomPoly" time="0.004" /><testcase classname="fmdtools.define.object.geom" name="fmdtools.define.object.geom.GeomPoly.get_args" time="0.003" /><testcase classname="fmdtools.define.object.geom" name="fmdtools.define.object.geom.LineParam" time="0.003" /><testcase classname="fmdtools.define.object.geom" name="fmdtools.define.object.geom.PointParam" time="0.003" /><testcase classname="fmdtools.define.object.geom" name="fmdtools.define.object.geom.PolyParam" time="0.004" /><testcase classname="fmdtools.define.object.timer" name="fmdtools.define.object.timer.Timer" time="0.003" /><testcase classname="fmdtools.sim.propagate" name="fmdtools.sim.propagate.MultiEventSimulation" time="2.772" /><testcase classname="fmdtools.sim.propagate" name="fmdtools.sim.propagate.MultiSimulation" time="2.194" /><testcase classname="fmdtools.sim.propagate" name="fmdtools.sim.propagate.NestedSimulation" time="0.937" /><testcase classname="fmdtools.sim.propagate" name="fmdtools.sim.propagate.SimEvent" time="0.011" /><testcase classname="fmdtools.sim.propagate" name="fmdtools.sim.propagate.Simulation" time="0.108" /><testcase classname="fmdtools.sim.sample" name="fmdtools.sim.sample.BaseSample.get_metric" time="0.007" /><testcase classname="fmdtools.sim.sample" name="fmdtools.sim.sample.FaultDomain.add_all" time="0.009" /><testcase classname="fmdtools.sim.sample" name="fmdtools.sim.sample.FaultDomain.add_all_fxn_modes" time="0.009" /><testcase classname="fmdtools.sim.sample" name="fmdtools.sim.sample.FaultDomain.add_all_fxnclass_modes" time="0.009" /><testcase classname="fmdtools.sim.sample" name="fmdtools.sim.sample.FaultDomain.add_fault" time="0.009" /><testcase classname="fmdtools.sim.sample" name="fmdtools.sim.sample.FaultDomain.add_fault_space" time="0.011" /><testcase classname="fmdtools.sim.sample" name="fmdtools.sim.sample.FaultDomain.add_faults" time="0.008" /><testcase classname="fmdtools.sim.sample" name="fmdtools.sim.sample.FaultDomain.add_singlecomp_modes" time="0.050" /><testcase classname="fmdtools.sim.sample" name="fmdtools.sim.sample.FaultSample" time="0.004" /><testcase classname="fmdtools.sim.sample" name="fmdtools.sim.sample.FaultSample.add_fault_phases" time="0.047" /><testcase classname="fmdtools.sim.sample" name="fmdtools.sim.sample.FaultSample.add_fault_times" time="0.051" /><testcase classname="fmdtools.sim.sample" name="fmdtools.sim.sample.FaultSample.add_joint_fault_scenario" time="0.049" /><testcase classname="fmdtools.sim.sample" name="fmdtools.sim.sample.FaultSample.add_single_fault_scenario" time="0.048" /><testcase classname="fmdtools.sim.sample" name="fmdtools.sim.sample.ParameterDomain" time="0.005" /><testcase classname="fmdtools.sim.sample" name="fmdtools.sim.sample.ParameterDomain.get_var_iters" time="0.003" /><testcase classname="fmdtools.sim.sample" name="fmdtools.sim.sample.ParameterHistSample" time="0.004" /><testcase classname="fmdtools.sim.sample" name="fmdtools.sim.sample.ParameterResultSample" time="0.004" /><testcase classname="fmdtools.sim.sample" name="fmdtools.sim.sample.ParameterSample.add_variable_ranges" time="0.005" /><testcase classname="fmdtools.sim.sample" name="fmdtools.sim.sample.ParameterSample.add_variable_replicates" time="0.003" /><testcase classname="fmdtools.sim.sample" name="fmdtools.sim.sample.ParameterSample.add_variable_scenario" time="0.002" /><testcase classname="fmdtools.sim.sample" name="fmdtools.sim.sample.ParameterSample.combine_orthogonal" time="0.003" /><testcase classname="fmdtools.sim.sample" name="fmdtools.sim.sample.ParameterSample.combine_product" time="0.002" /><testcase classname="fmdtools.sim.sample" name="fmdtools.sim.sample.ParameterSample.combine_random" time="0.002" /><testcase classname="fmdtools.sim.sample" name="fmdtools.sim.sample.SampleApproach.add_faultdomain" time="0.066" /><testcase classname="fmdtools.sim.sample" name="fmdtools.sim.sample.SampleApproach.add_faultsample" time="0.110" /><testcase classname="fmdtools.sim.sample" name="fmdtools.sim.sample.combine_orthogonal" time="0.003" /><testcase classname="fmdtools.sim.sample" name="fmdtools.sim.sample.combine_random" time="0.003" /><testcase classname="fmdtools.sim.sample" name="fmdtools.sim.sample.sample_times_even" time="0.003" /><testcase classname="fmdtools.sim.sample" name="fmdtools.sim.sample.sample_times_quad" time="0.003" /><testcase classname="fmdtools.sim.scenario" name="fmdtools.sim.scenario.Sequence" time="0.002" /><testcase classname="fmdtools.sim.scenario" name="fmdtools.sim.scenario.Sequence.update_sequence" time="0.002" /><testcase classname="fmdtools.sim.scenario" name="fmdtools.sim.scenario.SingleFaultScenario.from_fault" time="0.002" /><testcase classname="fmdtools.sim.search" name="fmdtools.sim.search.BaseProblem.get_opt_hist" time="0.003" /><testcase classname="fmdtools.sim.search" name="fmdtools.sim.search.DisturbanceProblem" time="0.026" /><testcase classname="fmdtools.sim.search" name="fmdtools.sim.search.HistoryObjective" time="0.003" /><testcase classname="fmdtools.sim.search" name="fmdtools.sim.search.ParameterSimProblem" time="0.133" /><testcase classname="fmdtools.sim.search" name="fmdtools.sim.search.ProblemArchitecture" time="0.063" /><testcase classname="fmdtools.sim.search" name="fmdtools.sim.search.ProblemArchitecture.update_full_problem" time="0.042" /><testcase classname="fmdtools.sim.search" name="fmdtools.sim.search.ProblemArchitecture.update_problem" time="0.026" /><testcase classname="fmdtools.sim.search" name="fmdtools.sim.search.ResultConstraint.con_from_value" time="0.003" /><testcase classname="fmdtools.sim.search" name="fmdtools.sim.search.ResultObjective.get_result_value" time="0.003" /><testcase classname="fmdtools.sim.search" name="fmdtools.sim.search.SimpleProblem" time="0.003" /><testcase classname="fmdtools.sim.search" name="fmdtools.sim.search.SingleFaultScenarioProblem" time="0.029" /><testcase classname="tests.test_graph.ModelGraphTests" name="test_fault_plot" time="0.836" /><testcase classname="tests.test_graph.ModelGraphTests" name="test_flowgraph_plot" time="0.691" /><testcase classname="tests.test_graph.ModelGraphTests" name="test_fxngraph_plot" time="0.415" /><testcase classname="tests.test_graph.ModelGraphTests" name="test_modelgraph_plot" time="0.695" /><testcase classname="tests.test_graph.ModelGraphTests" name="test_result_from_plot" time="1.418" /><testcase classname="tests.test_graph.ModelGraphTests" name="test_typegraph_plot" time="0.179" /><testcase classname="tests.test_hierarchical.define_Tests" name="test_arg_passdown" time="0.025" /><testcase classname="tests.test_hierarchical.define_Tests" name="test_fault_injection" time="0.009" /><testcase classname="tests.test_hierarchical.define_Tests" name="test_prop_method" time="0.525" /><testcase classname="tests.test_hierarchical.define_Tests" name="test_propagation" time="0.017" /><testcase classname="tests.test_packages.define_Tests" name="test_pdf_translation_options" time="0.009" /></testsuite></testsuites>