<?xml version="1.0" encoding="utf-8"?><testsuites><testsuite name="pytest" errors="0" failures="1" skipped="0" tests="19" time="3407.763" timestamp="2024-10-23T18:12:04.177275" hostname="f17846841499"><testcase classname="examples.asg_demo.Action_Sequence_Graph.ipynb" name="" time="27.838" /><testcase classname="examples.eps.EPS_Example_Notebook.ipynb" name="" time="16.636" /><testcase classname="examples.multirotor.Demonstration.ipynb" name="" time="86.130" /><testcase classname="examples.pump.Pump_Example_Notebook.ipynb" name="" time="54.893" /><testcase classname="examples.pump.Tutorial_complete.ipynb" name="" time="27.379" /><testcase classname="examples.rover.Model_Structure_Visualization_Tutorial.ipynb" name="" time="74.910" /><testcase classname="examples.rover.FaultSample_Use-Cases.ipynb" name="" time="18.656" /><testcase classname="examples.rover.Rover_Setup_Notebook.ipynb" name="" time="83.399" /><testcase classname="examples.tank.Tank_Analysis.ipynb" name="" time="62.274" /><testcase classname="examples.taxiway.Paper_Notebook.ipynb" name="" time="58.690" /><testcase classname="examples.multirotor.Urban_Drone_Demo.ipynb" name="" time="340.008"><failure message="A cell timed out while it was being executed, after 300 seconds.">A cell timed out while it was being executed, after 300 seconds.
The message was: Cell execution timed out.
Here is a preview of the cell contents:
-------------------
endresults, hists = propagate.fault_sample(mdl, fs, staged=False)
-------------------</failure></testcase><testcase classname="examples.multirotor.Multirotor_Optimization.ipynb" name="" time="158.457" /><testcase classname="examples.pump.Stochastic_Modelling.ipynb" name="" time="378.953" /><testcase classname="examples.rover.ParameterSample_Use-Cases.ipynb" name="" time="317.075" /><testcase classname="examples.pump.Optimization.ipynb" name="" time="199.889" /><testcase classname="examples.rover.degradation_modelling.Degradation_Modelling_Notebook.ipynb" name="" time="468.843" /><testcase classname="examples.rover.HFAC_Analyses.IDETC_Human_Paper_Analysis.ipynb" name="" time="440.348" /><testcase classname="examples.rover.HFAC_Analyses.HFAC_Analyses.ipynb" name="" time="394.701" /><testcase classname="examples.pump.Parallelism_Tutorial.ipynb" name="" time="189.756" /></testsuite></testsuites>