<?xml version="1.0" encoding="utf-8"?><testsuites><testsuite name="pytest" errors="0" failures="0" skipped="0" tests="199" time="31.053" timestamp="2025-04-09T08:49:53.297688-07:00" hostname="bamboo-r1.ndc.nasa.gov"><testcase classname="fmdtools.define.container.base" name="fmdtools.define.container.base.BaseContainer.assign" time="0.013" /><testcase classname="fmdtools.define.container.base" name="fmdtools.define.container.base.BaseContainer.copy" time="0.003" /><testcase classname="fmdtools.define.container.base" name="fmdtools.define.container.base.BaseContainer.create_hist" time="0.003" /><testcase classname="fmdtools.define.container.base" name="fmdtools.define.container.base.BaseContainer.get_field_dict" time="0.003" /><testcase classname="fmdtools.define.container.base" name="fmdtools.define.container.base.BaseContainer.set_field" time="0.003" /><testcase classname="fmdtools.define.container.base" name="fmdtools.define.container.base.BaseContainer.to_default" time="0.003" /><testcase classname="fmdtools.define.container.base" name="fmdtools.define.container.base.check_container_pick" time="0.004" /><testcase classname="fmdtools.define.container.state" name="fmdtools.define.container.state.State" time="0.004" /><testcase classname="fmdtools.define.container.state" name="fmdtools.define.container.state.State.add" time="0.004" /><testcase classname="fmdtools.define.container.state" name="fmdtools.define.container.state.State.div" time="0.003" /><testcase classname="fmdtools.define.container.state" name="fmdtools.define.container.state.State.get" time="0.004" /><testcase classname="fmdtools.define.container.state" name="fmdtools.define.container.state.State.gett" time="0.002" /><testcase classname="fmdtools.define.container.state" name="fmdtools.define.container.state.State.inc" time="0.003" /><testcase classname="fmdtools.define.container.state" name="fmdtools.define.container.state.State.limit" time="0.002" /><testcase classname="fmdtools.define.container.state" name="fmdtools.define.container.state.State.mul" time="0.002" /><testcase classname="fmdtools.define.container.state" name="fmdtools.define.container.state.State.put" time="0.002" /><testcase classname="fmdtools.define.container.state" name="fmdtools.define.container.state.State.roundto" time="0.003" /><testcase classname="fmdtools.define.container.state" name="fmdtools.define.container.state.State.same" time="0.004" /><testcase classname="fmdtools.define.container.state" name="fmdtools.define.container.state.State.set_atts" time="0.002" /><testcase classname="fmdtools.define.container.state" name="fmdtools.define.container.state.State.sub" time="0.002" /><testcase classname="fmdtools.define.container.parameter" name="fmdtools.define.container.parameter.Parameter" time="0.004" /><testcase classname="fmdtools.define.container.mode" name="fmdtools.define.container.mode.Fault.calc_rate" time="0.003" /><testcase classname="fmdtools.define.container.mode" name="fmdtools.define.container.mode.HumanErrorMode" time="0.004" /><testcase classname="fmdtools.define.container.mode" name="fmdtools.define.container.mode.Mode" time="0.003" /><testcase classname="fmdtools.define.container.rand" name="fmdtools.define.container.rand.Rand" time="0.008" /><testcase classname="fmdtools.define.container.rand" name="fmdtools.define.container.rand.Rand.get_rand_states" time="0.003" /><testcase classname="fmdtools.define.container.rand" name="fmdtools.define.container.rand.calc_prob_density_for_random" time="0.002" /><testcase classname="fmdtools.define.container.rand" name="fmdtools.define.container.rand.calc_prob_for_choice" time="0.005" /><testcase classname="fmdtools.define.container.rand" name="fmdtools.define.container.rand.calc_prob_for_integers" time="0.002" /><testcase classname="fmdtools.define.container.rand" name="fmdtools.define.container.rand.calc_prob_for_permuted" time="0.004" /><testcase classname="fmdtools.define.container.rand" name="fmdtools.define.container.rand.calc_prob_for_shuffle_permutation" time="0.002" /><testcase classname="fmdtools.define.container.rand" name="fmdtools.define.container.rand.get_exp_ray_pdf" time="0.003" /><testcase classname="fmdtools.define.container.rand" name="fmdtools.define.container.rand.get_hypergeometric_pmf" time="0.004" /><testcase classname="fmdtools.define.container.rand" name="fmdtools.define.container.rand.get_lognormal_pdf" time="0.003" /><testcase classname="fmdtools.define.container.rand" name="fmdtools.define.container.rand.get_prob_for_rand" time="0.004" /><testcase classname="fmdtools.define.container.rand" name="fmdtools.define.container.rand.get_standard_t_pdf" time="0.007" /><testcase classname="fmdtools.define.container.rand" name="fmdtools.define.container.rand.get_triangular_pdf" time="0.005" /><testcase classname="fmdtools.define.container.time" name="fmdtools.define.container.time.Time" time="0.005" /><testcase classname="fmdtools.define.object.base" name="fmdtools.define.object.base.BaseObject" time="0.006" /><testcase classname="fmdtools.define.object.base" name="fmdtools.define.object.base.BaseObject.assign_roles" time="0.003" /><testcase classname="fmdtools.define.object.base" name="fmdtools.define.object.base.BaseObject.get_att_roletype" time="0.003" /><testcase classname="fmdtools.define.object.base" name="fmdtools.define.object.base.BaseObject.get_node_attrs" time="0.003" /><testcase classname="fmdtools.define.object.timer" name="fmdtools.define.object.timer.Timer" time="0.003" /><testcase classname="fmdtools.define.object.geom" name="fmdtools.define.object.geom.Geom.all_at" time="0.015" /><testcase classname="fmdtools.define.object.geom" name="fmdtools.define.object.geom.Geom.vect_at_shape" time="0.009" /><testcase classname="fmdtools.define.object.geom" name="fmdtools.define.object.geom.Geom.vect_to_shape" time="0.007" /><testcase classname="fmdtools.define.object.geom" name="fmdtools.define.object.geom.GeomLine" time="0.005" /><testcase classname="fmdtools.define.object.geom" name="fmdtools.define.object.geom.GeomPoint" time="0.005" /><testcase classname="fmdtools.define.object.geom" name="fmdtools.define.object.geom.GeomPoly" time="0.007" /><testcase classname="fmdtools.define.object.geom" name="fmdtools.define.object.geom.LineParam" time="0.003" /><testcase classname="fmdtools.define.object.geom" name="fmdtools.define.object.geom.PointParam" time="0.003" /><testcase classname="fmdtools.define.object.geom" name="fmdtools.define.object.geom.PolyParam" time="0.003" /><testcase classname="fmdtools.define.object.coords" name="fmdtools.define.object.coords.BaseCoords.find_all_prop" time="0.005" /><testcase classname="fmdtools.define.object.coords" name="fmdtools.define.object.coords.BaseCoords.find_all_props" time="0.007" /><testcase classname="fmdtools.define.object.coords" name="fmdtools.define.object.coords.BaseCoords.get" time="0.005" /><testcase classname="fmdtools.define.object.coords" name="fmdtools.define.object.coords.BaseCoords.get_neighbors" time="0.012" /><testcase classname="fmdtools.define.object.coords" name="fmdtools.define.object.coords.BaseCoords.get_properties" time="0.004" /><testcase classname="fmdtools.define.object.coords" name="fmdtools.define.object.coords.BaseCoords.set" time="0.004" /><testcase classname="fmdtools.define.object.coords" name="fmdtools.define.object.coords.BaseCoords.set_pts" time="0.005" /><testcase classname="fmdtools.define.object.coords" name="fmdtools.define.object.coords.BaseCoords.set_range" time="0.172" /><testcase classname="fmdtools.define.object.coords" name="fmdtools.define.object.coords.BaseCoords.to_gridpoint" time="0.006" /><testcase classname="fmdtools.define.object.coords" name="fmdtools.define.object.coords.BaseCoords.to_index" time="0.004" /><testcase classname="fmdtools.define.object.coords" name="fmdtools.define.object.coords.Coords" time="0.010" /><testcase classname="fmdtools.define.object.coords" name="fmdtools.define.object.coords.Coords.copy" time="0.007" /><testcase classname="fmdtools.define.object.coords" name="fmdtools.define.object.coords.Coords.find_all" time="0.007" /><testcase classname="fmdtools.define.object.coords" name="fmdtools.define.object.coords.Coords.find_closest" time="0.005" /><testcase classname="fmdtools.define.object.coords" name="fmdtools.define.object.coords.Coords.in_area" time="0.005" /><testcase classname="fmdtools.define.object.coords" name="fmdtools.define.object.coords.Coords.set_rand_pts" time="0.005" /><testcase classname="fmdtools.define.object.coords" name="fmdtools.define.object.coords.CoordsParam" time="0.004" /><testcase classname="fmdtools.define.object.coords" name="fmdtools.define.object.coords.MetricCoords" time="0.006" /><testcase classname="fmdtools.define.flow.base" name="fmdtools.define.flow.base.Flow" time="0.005" /><testcase classname="fmdtools.define.architecture.function" name="fmdtools.define.architecture.function.FunctionArchitecture" time="0.014" /><testcase classname="fmdtools.define.architecture.function" name="fmdtools.define.architecture.function.FunctionArchitectureFlowGraph" time="0.013" /><testcase classname="fmdtools.define.architecture.function" name="fmdtools.define.architecture.function.FunctionArchitectureFxnGraph" time="0.015" /><testcase classname="fmdtools.define.architecture.function" name="fmdtools.define.architecture.function.FunctionArchitectureGraph" time="0.020" /><testcase classname="fmdtools.define.architecture.function" name="fmdtools.define.architecture.function.FunctionArchitectureTypeGraph" time="0.011" /><testcase classname="fmdtools.define.architecture.geom" name="fmdtools.define.architecture.geom.GeomArchitecture" time="0.011" /><testcase classname="fmdtools.define.architecture.geom" name="fmdtools.define.architecture.geom.GeomArchitecture.all_at" time="0.015" /><testcase classname="fmdtools.define.block.base" name="fmdtools.define.block.base.SimParam.get_hist_ind" time="0.004" /><testcase classname="fmdtools.define.block.base" name="fmdtools.define.block.base.SimParam.get_shift" time="0.003" /><testcase classname="fmdtools.define.block.base" name="fmdtools.define.block.base.SimParam.get_timerange" time="0.003" /><testcase classname="fmdtools.define.block.function" name="fmdtools.define.block.function.Function" time="0.006" /><testcase classname="fmdtools.define.environment" name="fmdtools.define.environment.Environment" time="0.033" /><testcase classname="fmdtools.define.environment" name="fmdtools.define.environment.Environment.copy" time="0.067" /><testcase classname="fmdtools.sim.scenario" name="fmdtools.sim.scenario.Sequence" time="0.003" /><testcase classname="fmdtools.sim.scenario" name="fmdtools.sim.scenario.Sequence.update_sequence" time="0.002" /><testcase classname="fmdtools.sim.sample" name="fmdtools.sim.sample.BaseSample.get_metric" time="0.008" /><testcase classname="fmdtools.sim.sample" name="fmdtools.sim.sample.FaultDomain.add_all" time="0.010" /><testcase classname="fmdtools.sim.sample" name="fmdtools.sim.sample.FaultDomain.add_all_fxn_modes" time="0.009" /><testcase classname="fmdtools.sim.sample" name="fmdtools.sim.sample.FaultDomain.add_all_fxnclass_modes" time="0.010" /><testcase classname="fmdtools.sim.sample" name="fmdtools.sim.sample.FaultDomain.add_faults" time="0.009" /><testcase classname="fmdtools.sim.sample" name="fmdtools.sim.sample.FaultDomain.add_singlecomp_modes" time="0.074" /><testcase classname="fmdtools.sim.sample" name="fmdtools.sim.sample.FaultSample" time="0.004" /><testcase classname="fmdtools.sim.sample" name="fmdtools.sim.sample.FaultSample.add_fault_phases" time="0.060" /><testcase classname="fmdtools.sim.sample" name="fmdtools.sim.sample.FaultSample.add_fault_times" time="0.059" /><testcase classname="fmdtools.sim.sample" name="fmdtools.sim.sample.FaultSample.add_joint_fault_scenario" time="0.056" /><testcase classname="fmdtools.sim.sample" name="fmdtools.sim.sample.FaultSample.add_single_fault_scenario" time="0.056" /><testcase classname="fmdtools.sim.sample" name="fmdtools.sim.sample.ParameterDomain" time="0.006" /><testcase classname="fmdtools.sim.sample" name="fmdtools.sim.sample.ParameterDomain.get_var_iters" time="0.003" /><testcase classname="fmdtools.sim.sample" name="fmdtools.sim.sample.ParameterHistSample" time="0.005" /><testcase classname="fmdtools.sim.sample" name="fmdtools.sim.sample.ParameterResultSample" time="0.005" /><testcase classname="fmdtools.sim.sample" name="fmdtools.sim.sample.ParameterSample.add_variable_ranges" time="0.005" /><testcase classname="fmdtools.sim.sample" name="fmdtools.sim.sample.ParameterSample.add_variable_replicates" time="0.003" /><testcase classname="fmdtools.sim.sample" name="fmdtools.sim.sample.ParameterSample.add_variable_scenario" time="0.003" /><testcase classname="fmdtools.sim.sample" name="fmdtools.sim.sample.ParameterSample.combine_orthogonal" time="0.003" /><testcase classname="fmdtools.sim.sample" name="fmdtools.sim.sample.ParameterSample.combine_product" time="0.002" /><testcase classname="fmdtools.sim.sample" name="fmdtools.sim.sample.ParameterSample.combine_random" time="0.003" /><testcase classname="fmdtools.sim.sample" name="fmdtools.sim.sample.SampleApproach.add_faultdomain" time="0.075" /><testcase classname="fmdtools.sim.sample" name="fmdtools.sim.sample.SampleApproach.add_faultsample" time="0.130" /><testcase classname="fmdtools.sim.sample" name="fmdtools.sim.sample.combine_orthogonal" time="0.002" /><testcase classname="fmdtools.sim.sample" name="fmdtools.sim.sample.combine_random" time="0.003" /><testcase classname="fmdtools.sim.sample" name="fmdtools.sim.sample.sample_times_even" time="0.003" /><testcase classname="fmdtools.sim.sample" name="fmdtools.sim.sample.sample_times_quad" time="0.003" /><testcase classname="fmdtools.sim.search" name="fmdtools.sim.search.BaseProblem.get_opt_hist" time="0.003" /><testcase classname="fmdtools.sim.search" name="fmdtools.sim.search.DisturbanceProblem" time="0.043" /><testcase classname="fmdtools.sim.search" name="fmdtools.sim.search.HistoryObjective" time="0.004" /><testcase classname="fmdtools.sim.search" name="fmdtools.sim.search.ParameterSimProblem" time="0.196" /><testcase classname="fmdtools.sim.search" name="fmdtools.sim.search.ProblemArchitecture" time="0.085" /><testcase classname="fmdtools.sim.search" name="fmdtools.sim.search.ProblemArchitecture.update_full_problem" time="0.059" /><testcase classname="fmdtools.sim.search" name="fmdtools.sim.search.ProblemArchitecture.update_problem" time="0.035" /><testcase classname="fmdtools.sim.search" name="fmdtools.sim.search.ResponseCoords" time="0.006" /><testcase classname="fmdtools.sim.search" name="fmdtools.sim.search.ResultConstraint.con_from_value" time="0.002" /><testcase classname="fmdtools.sim.search" name="fmdtools.sim.search.ResultObjective.get_result_value" time="0.003" /><testcase classname="fmdtools.sim.search" name="fmdtools.sim.search.SimpleProblem" time="0.003" /><testcase classname="fmdtools.sim.search" name="fmdtools.sim.search.SingleFaultScenarioProblem" time="0.036" /><testcase classname="fmdtools.analyze.graph.style" name="fmdtools.analyze.graph.style.FlowEdgeStyle" time="0.008" /><testcase classname="fmdtools.analyze.graph.style" name="fmdtools.analyze.graph.style.edge_style_factory" time="1.236" /><testcase classname="fmdtools.analyze.graph.style" name="fmdtools.analyze.graph.style.node_style_factory" time="1.509" /><testcase classname="fmdtools.analyze.graph.style" name="fmdtools.analyze.graph.style.to_legend_label" time="0.003" /><testcase classname="fmdtools.analyze.graph.base" name="fmdtools.analyze.graph.base.Graph" time="0.762" /><testcase classname="fmdtools.analyze.graph.base" name="fmdtools.analyze.graph.base.Graph.add_node_groups" time="0.200" /><testcase classname="fmdtools.analyze.graph.base" name="fmdtools.analyze.graph.base.Graph.set_heatmap" time="0.195" /><testcase classname="fmdtools.analyze.result" name="fmdtools.analyze.result.Result" time="0.004" /><testcase classname="fmdtools.analyze.result" name="fmdtools.analyze.result.Result.__eq__" time="0.004" /><testcase classname="fmdtools.analyze.result" name="fmdtools.analyze.result.Result.__sub__" time="0.003" /><testcase classname="fmdtools.analyze.result" name="fmdtools.analyze.result.Result.align_external_dict" time="0.003" /><testcase classname="fmdtools.analyze.result" name="fmdtools.analyze.result.Result.fromdict" time="0.002" /><testcase classname="fmdtools.analyze.result" name="fmdtools.analyze.result.Result.get" time="0.003" /><testcase classname="fmdtools.analyze.result" name="fmdtools.analyze.result.Result.get_metric" time="0.006" /><testcase classname="fmdtools.analyze.result" name="fmdtools.analyze.result.Result.get_metric_ci" time="0.012" /><testcase classname="fmdtools.analyze.result" name="fmdtools.analyze.result.Result.get_vals" time="0.003" /><testcase classname="fmdtools.analyze.result" name="fmdtools.analyze.result.Result.is_flat" time="0.002" /><testcase classname="fmdtools.analyze.history" name="fmdtools.analyze.history.History" time="0.004" /><testcase classname="fmdtools.analyze.history" name="fmdtools.analyze.history.History.cut" time="0.003" /><testcase classname="fmdtools.analyze.history" name="fmdtools.analyze.history.History.get_degraded_hist" time="0.003" /><testcase classname="fmdtools.analyze.history" name="fmdtools.analyze.history.History.get_fault_time" time="0.003" /><testcase classname="fmdtools.analyze.history" name="fmdtools.analyze.history.History.get_faulty_hist" time="0.004" /><testcase classname="fmdtools.analyze.history" name="fmdtools.analyze.history.History.get_mean_bound_errhist" time="0.005" /><testcase classname="fmdtools.analyze.history" name="fmdtools.analyze.history.History.get_mean_ci_errhist" time="0.014" /><testcase classname="fmdtools.analyze.history" name="fmdtools.analyze.history.History.get_mean_std_errhist" time="0.004" /><testcase classname="fmdtools.analyze.history" name="fmdtools.analyze.history.History.get_percentile_errhist" time="0.010" /><testcase classname="fmdtools.analyze.history" name="fmdtools.analyze.history.History.get_slice" time="0.003" /><testcase classname="fmdtools.analyze.phases" name="fmdtools.analyze.phases.PhaseMap.calc_modephase_time" time="0.002" /><testcase classname="fmdtools.analyze.phases" name="fmdtools.analyze.phases.PhaseMap.calc_phase_time" time="0.002" /><testcase classname="fmdtools.analyze.phases" name="fmdtools.analyze.phases.PhaseMap.calc_samples_in_phases" time="0.003" /><testcase classname="fmdtools.analyze.phases" name="fmdtools.analyze.phases.PhaseMap.find_modephase" time="0.002" /><testcase classname="fmdtools.analyze.phases" name="fmdtools.analyze.phases.PhaseMap.get_phase_times" time="0.003" /><testcase classname="fmdtools.analyze.phases" name="fmdtools.analyze.phases.PhaseMap.get_sample_times" time="0.003" /><testcase classname="fmdtools.analyze.phases" name="fmdtools.analyze.phases.find_interval_overlap" time="0.003" /><testcase classname="fmdtools.analyze.phases" name="fmdtools.analyze.phases.from_hist" time="0.003" /><testcase classname="fmdtools.analyze.phases" name="fmdtools.analyze.phases.join_phasemaps" time="0.005" /><testcase classname="fmdtools.analyze.tabulate" name="fmdtools.analyze.tabulate.Comparison" time="2.022" /><testcase classname="fmdtools.analyze.tabulate" name="fmdtools.analyze.tabulate.FMEA" time="0.068" /><testcase classname="fmdtools.analyze.tabulate" name="fmdtools.analyze.tabulate.result_summary" time="0.159" /><testcase classname="fmdtools.analyze.tabulate" name="fmdtools.analyze.tabulate.result_summary_fmea" time="0.700" /><testcase classname="fmdtools.analyze.common" name="fmdtools.analyze.common.auto_filetype" time="0.004" /><testcase classname="fmdtools.analyze.common" name="fmdtools.analyze.common.calc_average" time="0.003" /><testcase classname="fmdtools.analyze.common" name="fmdtools.analyze.common.calc_expected" time="0.003" /><testcase classname="fmdtools.analyze.common" name="fmdtools.analyze.common.calc_metric" time="0.004" /><testcase classname="fmdtools.analyze.common" name="fmdtools.analyze.common.calc_metric_ci" time="0.026" /><testcase classname="fmdtools.analyze.common" name="fmdtools.analyze.common.calc_percent" time="0.003" /><testcase classname="fmdtools.analyze.common" name="fmdtools.analyze.common.calc_rate" time="0.003" /><testcase classname="fmdtools.analyze.common" name="fmdtools.analyze.common.calc_sum" time="0.003" /><testcase classname="fmdtools.analyze.common" name="fmdtools.analyze.common.calc_total" time="0.003" /><testcase classname="fmdtools.analyze.common" name="fmdtools.analyze.common.create_indiv_filename" time="0.002" /><testcase classname="fmdtools.analyze.common" name="fmdtools.analyze.common.diff" time="0.003" /><testcase classname="fmdtools.analyze.common" name="fmdtools.analyze.common.join_key" time="0.002" /><testcase classname="fmdtools.analyze.common" name="fmdtools.analyze.common.to_include_keys" time="0.003" /><testcase classname="examples.rover.rover_model" name="examples.rover.rover_model.Drive.drive_nominal" time="0.147" /><testcase classname="examples.rover.rover_model_human" name="examples.rover.rover_model_human.Comprehend" time="0.007" /><testcase classname="examples.rover.rover_model_human" name="examples.rover.rover_model_human.Decide" time="0.005" /><testcase classname="examples.rover.rover_model_human" name="examples.rover.rover_model_human.HumanActions" time="0.027" /><testcase classname="examples.rover.rover_model_human" name="examples.rover.rover_model_human.Look" time="0.004" /><testcase classname="examples.rover.rover_model_human" name="examples.rover.rover_model_human.Percieve" time="0.006" /><testcase classname="examples.rover.rover_model_human" name="examples.rover.rover_model_human.Press" time="0.005" /><testcase classname="examples.rover.rover_model_human" name="examples.rover.rover_model_human.Project" time="0.006" /><testcase classname="examples.multirotor.drone_mdl_static" name="examples.multirotor.drone_mdl_static.AffectDOF.static_behavior" time="0.008" /><testcase classname="examples.multirotor.drone_mdl_static" name="examples.multirotor.drone_mdl_static.CtlDOF.static_behavior" time="0.007" /><testcase classname="examples.multirotor.drone_mdl_static" name="examples.multirotor.drone_mdl_static.DesTrajState.dist2d" time="0.002" /><testcase classname="examples.multirotor.drone_mdl_static" name="examples.multirotor.drone_mdl_static.DesTrajState.unit_vect2d" time="0.003" /><testcase classname="examples.multirotor.drone_mdl_static" name="examples.multirotor.drone_mdl_static.DistEE.static_behavior" time="0.010" /><testcase classname="examples.multirotor.drone_mdl_static" name="examples.multirotor.drone_mdl_static.HoldPayload.static_behavior" time="0.007" /><testcase classname="examples.multirotor.drone_mdl_static" name="examples.multirotor.drone_mdl_static.PlanPath.static_behavior" time="0.006" /><testcase classname="examples.multirotor.drone_mdl_dynamic" name="examples.multirotor.drone_mdl_dynamic.AffectDOF.inc_pos" time="0.007" /><testcase classname="examples.multirotor.drone_mdl_dynamic" name="examples.multirotor.drone_mdl_dynamic.PlanPath.assign_vectdist_to_goal" time="0.007" /><testcase classname="examples.multirotor.drone_mdl_dynamic" name="examples.multirotor.drone_mdl_dynamic.PlanPath.calc_dist_to_goal" time="0.007" /><testcase classname="examples.multirotor.drone_mdl_dynamic" name="examples.multirotor.drone_mdl_dynamic.SightGrid" time="0.503" /><testcase classname="examples.multirotor.drone_mdl_hierarchical" name="examples.multirotor.drone_mdl_hierarchical.AffectDOF.calc_pwr" time="0.014" /><testcase classname="examples.multirotor.drone_mdl_hierarchical" name="examples.multirotor.drone_mdl_hierarchical.LineArchParam" time="0.003" /></testsuite></testsuites>