<?xml version="1.0" encoding="utf-8"?><testsuites name="pytest tests"><testsuite name="pytest" errors="0" failures="12" skipped="0" tests="216" time="28.251" timestamp="2025-09-02T11:04:44.097351-07:00" hostname="bamboo-r7.ndc.nasa.gov"><testcase classname="fmdtools.define.container.base" name="fmdtools.define.container.base.BaseContainer.assign" time="0.005" /><testcase classname="fmdtools.define.container.base" name="fmdtools.define.container.base.BaseContainer.copy" time="0.002" /><testcase classname="fmdtools.define.container.base" name="fmdtools.define.container.base.BaseContainer.create_hist" time="0.002" /><testcase classname="fmdtools.define.container.base" name="fmdtools.define.container.base.BaseContainer.get_field_dict" time="0.002" /><testcase classname="fmdtools.define.container.base" name="fmdtools.define.container.base.BaseContainer.set_field" time="0.002" /><testcase classname="fmdtools.define.container.base" name="fmdtools.define.container.base.BaseContainer.to_default" time="0.002" /><testcase classname="fmdtools.define.container.base" name="fmdtools.define.container.base.check_container_pick" time="0.002" /><testcase classname="fmdtools.define.container.state" name="fmdtools.define.container.state.State" time="0.002" /><testcase classname="fmdtools.define.container.state" name="fmdtools.define.container.state.State.add" time="0.002" /><testcase classname="fmdtools.define.container.state" name="fmdtools.define.container.state.State.div" time="0.002" /><testcase classname="fmdtools.define.container.state" name="fmdtools.define.container.state.State.get" time="0.002" /><testcase classname="fmdtools.define.container.state" name="fmdtools.define.container.state.State.gett" time="0.002" /><testcase classname="fmdtools.define.container.state" name="fmdtools.define.container.state.State.inc" time="0.002" /><testcase classname="fmdtools.define.container.state" name="fmdtools.define.container.state.State.limit" time="0.002" /><testcase classname="fmdtools.define.container.state" name="fmdtools.define.container.state.State.mul" time="0.002" /><testcase classname="fmdtools.define.container.state" name="fmdtools.define.container.state.State.put" time="0.002" /><testcase classname="fmdtools.define.container.state" name="fmdtools.define.container.state.State.roundto" time="0.002" /><testcase classname="fmdtools.define.container.state" name="fmdtools.define.container.state.State.same" time="0.003" /><testcase classname="fmdtools.define.container.state" name="fmdtools.define.container.state.State.set_atts" time="0.002" /><testcase classname="fmdtools.define.container.state" name="fmdtools.define.container.state.State.sub" time="0.002" /><testcase classname="fmdtools.define.container.parameter" name="fmdtools.define.container.parameter.Parameter" time="0.003" /><testcase classname="fmdtools.define.container.mode" name="fmdtools.define.container.mode.Fault.calc_rate" time="0.002" /><testcase classname="fmdtools.define.container.mode" name="fmdtools.define.container.mode.HumanErrorMode" time="0.003" /><testcase classname="fmdtools.define.container.mode" name="fmdtools.define.container.mode.Mode" time="0.003" /><testcase classname="fmdtools.define.container.mode" name="fmdtools.define.container.mode.Mode.add_fault" time="0.002" /><testcase classname="fmdtools.define.container.mode" name="fmdtools.define.container.mode.Mode.get_fault" time="0.002" /><testcase classname="fmdtools.define.container.rand" name="fmdtools.define.container.rand.Rand" time="0.006" /><testcase classname="fmdtools.define.container.rand" name="fmdtools.define.container.rand.Rand.get_rand_states" time="0.002" /><testcase classname="fmdtools.define.container.rand" name="fmdtools.define.container.rand.calc_prob_density_for_random" time="0.002" /><testcase classname="fmdtools.define.container.rand" name="fmdtools.define.container.rand.calc_prob_for_choice" time="0.002" /><testcase classname="fmdtools.define.container.rand" name="fmdtools.define.container.rand.calc_prob_for_integers" time="0.004" /><testcase classname="fmdtools.define.container.rand" name="fmdtools.define.container.rand.calc_prob_for_permuted" time="0.003" /><testcase classname="fmdtools.define.container.rand" name="fmdtools.define.container.rand.calc_prob_for_shuffle_permutation" time="0.002" /><testcase classname="fmdtools.define.container.rand" name="fmdtools.define.container.rand.get_exp_ray_pdf" time="0.003" /><testcase classname="fmdtools.define.container.rand" name="fmdtools.define.container.rand.get_hypergeometric_pmf" time="0.002" /><testcase classname="fmdtools.define.container.rand" name="fmdtools.define.container.rand.get_lognormal_pdf" time="0.002" /><testcase classname="fmdtools.define.container.rand" name="fmdtools.define.container.rand.get_prob_for_rand" time="0.154" /><testcase classname="fmdtools.define.container.rand" name="fmdtools.define.container.rand.get_standard_t_pdf" time="0.003" /><testcase classname="fmdtools.define.container.rand" name="fmdtools.define.container.rand.get_triangular_pdf" time="0.004" /><testcase classname="fmdtools.define.container.time" name="fmdtools.define.container.time.Time" time="0.004" /><testcase classname="fmdtools.define.object.base" name="fmdtools.define.object.base.BaseObject" time="0.005" /><testcase classname="fmdtools.define.object.base" name="fmdtools.define.object.base.BaseObject.assign_roles" time="0.003" /><testcase classname="fmdtools.define.object.base" name="fmdtools.define.object.base.BaseObject.get_att_roletype" time="0.002" /><testcase classname="fmdtools.define.object.base" name="fmdtools.define.object.base.BaseObject.get_node_attrs" time="0.002" /><testcase classname="fmdtools.define.object.timer" name="fmdtools.define.object.timer.Timer" time="0.002" /><testcase classname="fmdtools.define.object.geom" name="fmdtools.define.object.geom.Geom.all_at" time="0.005" /><testcase classname="fmdtools.define.object.geom" name="fmdtools.define.object.geom.Geom.vect_at_shape" time="0.004" /><testcase classname="fmdtools.define.object.geom" name="fmdtools.define.object.geom.Geom.vect_to_shape" time="0.004" /><testcase classname="fmdtools.define.object.geom" name="fmdtools.define.object.geom.GeomLine" time="0.004" /><testcase classname="fmdtools.define.object.geom" name="fmdtools.define.object.geom.GeomLine.get_args" time="0.002" /><testcase classname="fmdtools.define.object.geom" name="fmdtools.define.object.geom.GeomPoint" time="0.005" /><testcase classname="fmdtools.define.object.geom" name="fmdtools.define.object.geom.GeomPoint.get_args" time="0.002" /><testcase classname="fmdtools.define.object.geom" name="fmdtools.define.object.geom.GeomPoly" time="0.003" /><testcase classname="fmdtools.define.object.geom" name="fmdtools.define.object.geom.GeomPoly.get_args" time="0.002" /><testcase classname="fmdtools.define.object.geom" name="fmdtools.define.object.geom.LineParam" time="0.002" /><testcase classname="fmdtools.define.object.geom" name="fmdtools.define.object.geom.PointParam" time="0.003" /><testcase classname="fmdtools.define.object.geom" name="fmdtools.define.object.geom.PolyParam" time="0.002" /><testcase classname="fmdtools.define.object.coords" name="fmdtools.define.object.coords.BaseCoords.find_all_prop" time="0.004" /><testcase classname="fmdtools.define.object.coords" name="fmdtools.define.object.coords.BaseCoords.find_all_props" time="0.004" /><testcase classname="fmdtools.define.object.coords" name="fmdtools.define.object.coords.BaseCoords.get" time="0.003" /><testcase classname="fmdtools.define.object.coords" name="fmdtools.define.object.coords.BaseCoords.get_neighbors" time="0.007" /><testcase classname="fmdtools.define.object.coords" name="fmdtools.define.object.coords.BaseCoords.get_properties" time="0.003" /><testcase classname="fmdtools.define.object.coords" name="fmdtools.define.object.coords.BaseCoords.set" time="0.003" /><testcase classname="fmdtools.define.object.coords" name="fmdtools.define.object.coords.BaseCoords.set_pts" time="0.003" /><testcase classname="fmdtools.define.object.coords" name="fmdtools.define.object.coords.BaseCoords.set_range" time="0.006" /><testcase classname="fmdtools.define.object.coords" name="fmdtools.define.object.coords.BaseCoords.to_gridpoint" time="0.004" /><testcase classname="fmdtools.define.object.coords" name="fmdtools.define.object.coords.BaseCoords.to_index" time="0.003" /><testcase classname="fmdtools.define.object.coords" name="fmdtools.define.object.coords.Coords" time="0.007" /><testcase classname="fmdtools.define.object.coords" name="fmdtools.define.object.coords.Coords.copy" time="0.004" /><testcase classname="fmdtools.define.object.coords" name="fmdtools.define.object.coords.Coords.find_all" time="0.004" /><testcase classname="fmdtools.define.object.coords" name="fmdtools.define.object.coords.Coords.find_closest" time="0.003" /><testcase classname="fmdtools.define.object.coords" name="fmdtools.define.object.coords.Coords.in_area" time="0.003" /><testcase classname="fmdtools.define.object.coords" name="fmdtools.define.object.coords.Coords.set_rand_pts" time="0.003" /><testcase classname="fmdtools.define.object.coords" name="fmdtools.define.object.coords.MetricCoords" time="0.004" /><testcase classname="fmdtools.define.flow.base" name="fmdtools.define.flow.base.Flow" time="0.003" /><testcase classname="fmdtools.define.architecture.function" name="fmdtools.define.architecture.function.FunctionArchitecture" time="0.015" /><testcase classname="fmdtools.define.architecture.function" name="fmdtools.define.architecture.function.FunctionArchitectureFlowGraph" time="0.009" /><testcase classname="fmdtools.define.architecture.function" name="fmdtools.define.architecture.function.FunctionArchitectureFxnGraph" time="0.010" /><testcase classname="fmdtools.define.architecture.function" name="fmdtools.define.architecture.function.FunctionArchitectureGraph" time="0.014" /><testcase classname="fmdtools.define.architecture.function" name="fmdtools.define.architecture.function.FunctionArchitectureTypeGraph" time="0.007" /><testcase classname="fmdtools.define.architecture.action" name="fmdtools.define.architecture.action.ActionArchitecture" time="0.012" /><testcase classname="fmdtools.define.architecture.action" name="fmdtools.define.architecture.action.ActionArchitectureActGraph" time="0.006" /><testcase classname="fmdtools.define.architecture.action" name="fmdtools.define.architecture.action.ActionArchitectureFlowGraph" time="0.006" /><testcase classname="fmdtools.define.architecture.action" name="fmdtools.define.architecture.action.ActionArchitectureGraph" time="0.006" /><testcase classname="fmdtools.define.architecture.component" name="fmdtools.define.architecture.component.ComponentArchitecture" time="0.012" /><testcase classname="fmdtools.define.architecture.geom" name="fmdtools.define.architecture.geom.GeomArchitecture" time="0.008" /><testcase classname="fmdtools.define.architecture.geom" name="fmdtools.define.architecture.geom.GeomArchitecture.all_at" time="0.010" /><testcase classname="fmdtools.define.block.base" name="fmdtools.define.block.base.SimParam.get_hist_ind" time="0.003" /><testcase classname="fmdtools.define.block.base" name="fmdtools.define.block.base.SimParam.get_shift" time="0.002" /><testcase classname="fmdtools.define.block.base" name="fmdtools.define.block.base.SimParam.get_timerange" time="0.002" /><testcase classname="fmdtools.define.block.function" name="fmdtools.define.block.function.Function" time="0.006" /><testcase classname="fmdtools.define.block.action" name="fmdtools.define.block.action.Action" time="0.004" /><testcase classname="fmdtools.define.block.component" name="fmdtools.define.block.component.Component" time="0.007" /><testcase classname="fmdtools.define.environment" name="fmdtools.define.environment.Environment" time="0.017" /><testcase classname="fmdtools.define.environment" name="fmdtools.define.environment.Environment.copy" time="0.031" /><testcase classname="fmdtools.sim.scenario" name="fmdtools.sim.scenario.Sequence" time="0.002" /><testcase classname="fmdtools.sim.scenario" name="fmdtools.sim.scenario.Sequence.update_sequence" time="0.002" /><testcase classname="fmdtools.sim.scenario" name="fmdtools.sim.scenario.SingleFaultScenario.from_fault" time="0.002" /><testcase classname="fmdtools.sim.sample" name="fmdtools.sim.sample.BaseSample.get_metric" time="0.006" /><testcase classname="fmdtools.sim.sample" name="fmdtools.sim.sample.FaultDomain.add_all" time="0.007" /><testcase classname="fmdtools.sim.sample" name="fmdtools.sim.sample.FaultDomain.add_all_fxn_modes" time="0.007" /><testcase classname="fmdtools.sim.sample" name="fmdtools.sim.sample.FaultDomain.add_all_fxnclass_modes" time="0.007" /><testcase classname="fmdtools.sim.sample" name="fmdtools.sim.sample.FaultDomain.add_fault" time="0.007" /><testcase classname="fmdtools.sim.sample" name="fmdtools.sim.sample.FaultDomain.add_fault_space" time="0.008" /><testcase classname="fmdtools.sim.sample" name="fmdtools.sim.sample.FaultDomain.add_faults" time="0.007" /><testcase classname="fmdtools.sim.sample" name="fmdtools.sim.sample.FaultDomain.add_singlecomp_modes" time="0.037"><failure message="654 &#10;655         Parameters&#10;656         ----------&#10;657         *fxns : str&#10;658             Names of the functions containing the components.&#10;659 &#10;660         Examples&#10;661         --------&#10;662         &gt;&gt;&gt; from examples.multirotor.drone_mdl_rural import Drone&#10;663         &gt;&gt;&gt; fd = FaultDomain(Drone())&#10;UNEXPECTED EXCEPTION: KeyError('flow')&#10;Traceback (most recent call last):&#10;  File &quot;/home/bamboo/.local/share/uv/python/cpython-3.12.11-linux-x86_64-gnu/lib/python3.12/doctest.py&quot;, line 1368, in __run&#10;    exec(compile(example.source, filename, &quot;single&quot;,&#10;  File &quot;&lt;doctest fmdtools.sim.sample.FaultDomain.add_singlecomp_modes[1]&gt;&quot;, line 1, in &lt;module&gt;&#10;  File &quot;/home/bamboo/bamboo-agent-home/xml-data/build-dir/RAD-TEST-UVD12/fmdtools/fmdtools/define/architecture/base.py&quot;, line 109, in __init__&#10;    self.init_architecture(**kwargs)&#10;  File &quot;/home/bamboo/bamboo-agent-home/xml-data/build-dir/RAD-TEST-UVD12/fmdtools/examples/multirotor/drone_mdl_rural.py&quot;, line 701, in init_architecture&#10;    self.add_fxn('store_ee', StoreEE, 'ee_1', 'force_st', 'hsig_bat',&#10;  File &quot;/home/bamboo/bamboo-agent-home/xml-data/build-dir/RAD-TEST-UVD12/fmdtools/fmdtools/define/architecture/function.py&quot;, line 508, in add_fxn&#10;    self.add_sim('fxns', name, fclass, *flownames, **fkwargs)&#10;  File &quot;/home/bamboo/bamboo-agent-home/xml-data/build-dir/RAD-TEST-UVD12/fmdtools/fmdtools/define/architecture/base.py&quot;, line 393, in add_sim&#10;    self.add_flex_role_obj(flex_role, name,&#10;  File &quot;/home/bamboo/bamboo-agent-home/xml-data/build-dir/RAD-TEST-UVD12/fmdtools/fmdtools/define/architecture/base.py&quot;, line 319, in add_flex_role_obj&#10;    obj = init_obj(name=name, objclass=objclass, track=track,&#10;          ^^^^^^^^^^^^^^^^^^^^^^^^^^^^^^^^^^^^^^^^^^^^^^^^^^^&#10;  File &quot;/home/bamboo/bamboo-agent-home/xml-data/build-dir/RAD-TEST-UVD12/fmdtools/fmdtools/define/object/base.py&quot;, line 1183, in init_obj&#10;    fl = objclass(name=name, track=track, **kwargs)&#10;         ^^^^^^^^^^^^^^^^^^^^^^^^^^^^^^^^^^^^^^^^^^&#10;  File &quot;/home/bamboo/bamboo-agent-home/xml-data/build-dir/RAD-TEST-UVD12/fmdtools/fmdtools/define/block/function.py&quot;, line 90, in __init__&#10;    super().__init__(name=name, **kwargs)&#10;  File &quot;/home/bamboo/bamboo-agent-home/xml-data/build-dir/RAD-TEST-UVD12/fmdtools/fmdtools/define/block/base.py&quot;, line 864, in __init__&#10;    self.init_roletypes('arch', **self.create_arch_kwargs(**kwargs))&#10;  File &quot;/home/bamboo/bamboo-agent-home/xml-data/build-dir/RAD-TEST-UVD12/fmdtools/fmdtools/define/object/base.py&quot;, line 345, in init_roletypes&#10;    self.init_roles(roletype, initializer=initializer, **kwargs)&#10;  File &quot;/home/bamboo/bamboo-agent-home/xml-data/build-dir/RAD-TEST-UVD12/fmdtools/fmdtools/define/object/base.py&quot;, line 394, in init_roles&#10;    obj = obj_initializer(**obj_args)&#10;          ^^^^^^^^^^^^^^^^^^^^^^^^^^^&#10;  File &quot;/home/bamboo/bamboo-agent-home/xml-data/build-dir/RAD-TEST-UVD12/fmdtools/fmdtools/define/architecture/component.py&quot;, line 73, in __init__&#10;    Architecture.__init__(self, **kwargs)&#10;  File &quot;/home/bamboo/bamboo-agent-home/xml-data/build-dir/RAD-TEST-UVD12/fmdtools/fmdtools/define/architecture/base.py&quot;, line 108, in __init__&#10;    self.init_flexible_roles(**kwargs)&#10;  File &quot;/home/bamboo/bamboo-agent-home/xml-data/build-dir/RAD-TEST-UVD12/fmdtools/fmdtools/define/architecture/base.py&quot;, line 255, in init_flexible_roles&#10;    setattr(self, rname, {**kwargs[role]})&#10;                            ~~~~~~^^^^^^&#10;KeyError: 'flow'&#10;/home/bamboo/bamboo-agent-home/xml-data/build-dir/RAD-TEST-UVD12/fmdtools/fmdtools/sim/sample.py:663: UnexpectedException">654 
655         Parameters
656         ----------
657         *fxns : str
658             Names of the functions containing the components.
659 
660         Examples
661         --------
662         &gt;&gt;&gt; from examples.multirotor.drone_mdl_rural import Drone
663         &gt;&gt;&gt; fd = FaultDomain(Drone())
UNEXPECTED EXCEPTION: KeyError('flow')
Traceback (most recent call last):
  File "/home/bamboo/.local/share/uv/python/cpython-3.12.11-linux-x86_64-gnu/lib/python3.12/doctest.py", line 1368, in __run
    exec(compile(example.source, filename, "single",
  File "&lt;doctest fmdtools.sim.sample.FaultDomain.add_singlecomp_modes[1]&gt;", line 1, in &lt;module&gt;
  File "/home/bamboo/bamboo-agent-home/xml-data/build-dir/RAD-TEST-UVD12/fmdtools/fmdtools/define/architecture/base.py", line 109, in __init__
    self.init_architecture(**kwargs)
  File "/home/bamboo/bamboo-agent-home/xml-data/build-dir/RAD-TEST-UVD12/fmdtools/examples/multirotor/drone_mdl_rural.py", line 701, in init_architecture
    self.add_fxn('store_ee', StoreEE, 'ee_1', 'force_st', 'hsig_bat',
  File "/home/bamboo/bamboo-agent-home/xml-data/build-dir/RAD-TEST-UVD12/fmdtools/fmdtools/define/architecture/function.py", line 508, in add_fxn
    self.add_sim('fxns', name, fclass, *flownames, **fkwargs)
  File "/home/bamboo/bamboo-agent-home/xml-data/build-dir/RAD-TEST-UVD12/fmdtools/fmdtools/define/architecture/base.py", line 393, in add_sim
    self.add_flex_role_obj(flex_role, name,
  File "/home/bamboo/bamboo-agent-home/xml-data/build-dir/RAD-TEST-UVD12/fmdtools/fmdtools/define/architecture/base.py", line 319, in add_flex_role_obj
    obj = init_obj(name=name, objclass=objclass, track=track,
          ^^^^^^^^^^^^^^^^^^^^^^^^^^^^^^^^^^^^^^^^^^^^^^^^^^^
  File "/home/bamboo/bamboo-agent-home/xml-data/build-dir/RAD-TEST-UVD12/fmdtools/fmdtools/define/object/base.py", line 1183, in init_obj
    fl = objclass(name=name, track=track, **kwargs)
         ^^^^^^^^^^^^^^^^^^^^^^^^^^^^^^^^^^^^^^^^^^
  File "/home/bamboo/bamboo-agent-home/xml-data/build-dir/RAD-TEST-UVD12/fmdtools/fmdtools/define/block/function.py", line 90, in __init__
    super().__init__(name=name, **kwargs)
  File "/home/bamboo/bamboo-agent-home/xml-data/build-dir/RAD-TEST-UVD12/fmdtools/fmdtools/define/block/base.py", line 864, in __init__
    self.init_roletypes('arch', **self.create_arch_kwargs(**kwargs))
  File "/home/bamboo/bamboo-agent-home/xml-data/build-dir/RAD-TEST-UVD12/fmdtools/fmdtools/define/object/base.py", line 345, in init_roletypes
    self.init_roles(roletype, initializer=initializer, **kwargs)
  File "/home/bamboo/bamboo-agent-home/xml-data/build-dir/RAD-TEST-UVD12/fmdtools/fmdtools/define/object/base.py", line 394, in init_roles
    obj = obj_initializer(**obj_args)
          ^^^^^^^^^^^^^^^^^^^^^^^^^^^
  File "/home/bamboo/bamboo-agent-home/xml-data/build-dir/RAD-TEST-UVD12/fmdtools/fmdtools/define/architecture/component.py", line 73, in __init__
    Architecture.__init__(self, **kwargs)
  File "/home/bamboo/bamboo-agent-home/xml-data/build-dir/RAD-TEST-UVD12/fmdtools/fmdtools/define/architecture/base.py", line 108, in __init__
    self.init_flexible_roles(**kwargs)
  File "/home/bamboo/bamboo-agent-home/xml-data/build-dir/RAD-TEST-UVD12/fmdtools/fmdtools/define/architecture/base.py", line 255, in init_flexible_roles
    setattr(self, rname, {**kwargs[role]})
                            ~~~~~~^^^^^^
KeyError: 'flow'
/home/bamboo/bamboo-agent-home/xml-data/build-dir/RAD-TEST-UVD12/fmdtools/fmdtools/sim/sample.py:663: UnexpectedException</failure></testcase><testcase classname="fmdtools.sim.sample" name="fmdtools.sim.sample.FaultSample" time="0.003" /><testcase classname="fmdtools.sim.sample" name="fmdtools.sim.sample.FaultSample.add_fault_phases" time="0.019"><failure message="1083             The default is {}.&#10;1084         n_joint : int&#10;1085             Number of joint fault modes to include in sample.&#10;1086         **joint_kwargs : kwargs&#10;1087             baserate and p_cond arguments to add_joint_fault_scenario.&#10;1088 &#10;1089         Examples&#10;1090         --------&#10;1091         &gt;&gt;&gt; from examples.multirotor.drone_mdl_rural import Drone&#10;1092         &gt;&gt;&gt; mdl = Drone()&#10;UNEXPECTED EXCEPTION: KeyError('flow')&#10;Traceback (most recent call last):&#10;  File &quot;/home/bamboo/.local/share/uv/python/cpython-3.12.11-linux-x86_64-gnu/lib/python3.12/doctest.py&quot;, line 1368, in __run&#10;    exec(compile(example.source, filename, &quot;single&quot;,&#10;  File &quot;&lt;doctest fmdtools.sim.sample.FaultSample.add_fault_phases[1]&gt;&quot;, line 1, in &lt;module&gt;&#10;  File &quot;/home/bamboo/bamboo-agent-home/xml-data/build-dir/RAD-TEST-UVD12/fmdtools/fmdtools/define/architecture/base.py&quot;, line 109, in __init__&#10;    self.init_architecture(**kwargs)&#10;  File &quot;/home/bamboo/bamboo-agent-home/xml-data/build-dir/RAD-TEST-UVD12/fmdtools/examples/multirotor/drone_mdl_rural.py&quot;, line 701, in init_architecture&#10;    self.add_fxn('store_ee', StoreEE, 'ee_1', 'force_st', 'hsig_bat',&#10;  File &quot;/home/bamboo/bamboo-agent-home/xml-data/build-dir/RAD-TEST-UVD12/fmdtools/fmdtools/define/architecture/function.py&quot;, line 508, in add_fxn&#10;    self.add_sim('fxns', name, fclass, *flownames, **fkwargs)&#10;  File &quot;/home/bamboo/bamboo-agent-home/xml-data/build-dir/RAD-TEST-UVD12/fmdtools/fmdtools/define/architecture/base.py&quot;, line 393, in add_sim&#10;    self.add_flex_role_obj(flex_role, name,&#10;  File &quot;/home/bamboo/bamboo-agent-home/xml-data/build-dir/RAD-TEST-UVD12/fmdtools/fmdtools/define/architecture/base.py&quot;, line 319, in add_flex_role_obj&#10;    obj = init_obj(name=name, objclass=objclass, track=track,&#10;          ^^^^^^^^^^^^^^^^^^^^^^^^^^^^^^^^^^^^^^^^^^^^^^^^^^^&#10;  File &quot;/home/bamboo/bamboo-agent-home/xml-data/build-dir/RAD-TEST-UVD12/fmdtools/fmdtools/define/object/base.py&quot;, line 1183, in init_obj&#10;    fl = objclass(name=name, track=track, **kwargs)&#10;         ^^^^^^^^^^^^^^^^^^^^^^^^^^^^^^^^^^^^^^^^^^&#10;  File &quot;/home/bamboo/bamboo-agent-home/xml-data/build-dir/RAD-TEST-UVD12/fmdtools/fmdtools/define/block/function.py&quot;, line 90, in __init__&#10;    super().__init__(name=name, **kwargs)&#10;  File &quot;/home/bamboo/bamboo-agent-home/xml-data/build-dir/RAD-TEST-UVD12/fmdtools/fmdtools/define/block/base.py&quot;, line 864, in __init__&#10;    self.init_roletypes('arch', **self.create_arch_kwargs(**kwargs))&#10;  File &quot;/home/bamboo/bamboo-agent-home/xml-data/build-dir/RAD-TEST-UVD12/fmdtools/fmdtools/define/object/base.py&quot;, line 345, in init_roletypes&#10;    self.init_roles(roletype, initializer=initializer, **kwargs)&#10;  File &quot;/home/bamboo/bamboo-agent-home/xml-data/build-dir/RAD-TEST-UVD12/fmdtools/fmdtools/define/object/base.py&quot;, line 394, in init_roles&#10;    obj = obj_initializer(**obj_args)&#10;          ^^^^^^^^^^^^^^^^^^^^^^^^^^^&#10;  File &quot;/home/bamboo/bamboo-agent-home/xml-data/build-dir/RAD-TEST-UVD12/fmdtools/fmdtools/define/architecture/component.py&quot;, line 73, in __init__&#10;    Architecture.__init__(self, **kwargs)&#10;  File &quot;/home/bamboo/bamboo-agent-home/xml-data/build-dir/RAD-TEST-UVD12/fmdtools/fmdtools/define/architecture/base.py&quot;, line 108, in __init__&#10;    self.init_flexible_roles(**kwargs)&#10;  File &quot;/home/bamboo/bamboo-agent-home/xml-data/build-dir/RAD-TEST-UVD12/fmdtools/fmdtools/define/architecture/base.py&quot;, line 255, in init_flexible_roles&#10;    setattr(self, rname, {**kwargs[role]})&#10;                            ~~~~~~^^^^^^&#10;KeyError: 'flow'&#10;/home/bamboo/bamboo-agent-home/xml-data/build-dir/RAD-TEST-UVD12/fmdtools/fmdtools/sim/sample.py:1092: UnexpectedException">1083             The default is {}.
1084         n_joint : int
1085             Number of joint fault modes to include in sample.
1086         **joint_kwargs : kwargs
1087             baserate and p_cond arguments to add_joint_fault_scenario.
1088 
1089         Examples
1090         --------
1091         &gt;&gt;&gt; from examples.multirotor.drone_mdl_rural import Drone
1092         &gt;&gt;&gt; mdl = Drone()
UNEXPECTED EXCEPTION: KeyError('flow')
Traceback (most recent call last):
  File "/home/bamboo/.local/share/uv/python/cpython-3.12.11-linux-x86_64-gnu/lib/python3.12/doctest.py", line 1368, in __run
    exec(compile(example.source, filename, "single",
  File "&lt;doctest fmdtools.sim.sample.FaultSample.add_fault_phases[1]&gt;", line 1, in &lt;module&gt;
  File "/home/bamboo/bamboo-agent-home/xml-data/build-dir/RAD-TEST-UVD12/fmdtools/fmdtools/define/architecture/base.py", line 109, in __init__
    self.init_architecture(**kwargs)
  File "/home/bamboo/bamboo-agent-home/xml-data/build-dir/RAD-TEST-UVD12/fmdtools/examples/multirotor/drone_mdl_rural.py", line 701, in init_architecture
    self.add_fxn('store_ee', StoreEE, 'ee_1', 'force_st', 'hsig_bat',
  File "/home/bamboo/bamboo-agent-home/xml-data/build-dir/RAD-TEST-UVD12/fmdtools/fmdtools/define/architecture/function.py", line 508, in add_fxn
    self.add_sim('fxns', name, fclass, *flownames, **fkwargs)
  File "/home/bamboo/bamboo-agent-home/xml-data/build-dir/RAD-TEST-UVD12/fmdtools/fmdtools/define/architecture/base.py", line 393, in add_sim
    self.add_flex_role_obj(flex_role, name,
  File "/home/bamboo/bamboo-agent-home/xml-data/build-dir/RAD-TEST-UVD12/fmdtools/fmdtools/define/architecture/base.py", line 319, in add_flex_role_obj
    obj = init_obj(name=name, objclass=objclass, track=track,
          ^^^^^^^^^^^^^^^^^^^^^^^^^^^^^^^^^^^^^^^^^^^^^^^^^^^
  File "/home/bamboo/bamboo-agent-home/xml-data/build-dir/RAD-TEST-UVD12/fmdtools/fmdtools/define/object/base.py", line 1183, in init_obj
    fl = objclass(name=name, track=track, **kwargs)
         ^^^^^^^^^^^^^^^^^^^^^^^^^^^^^^^^^^^^^^^^^^
  File "/home/bamboo/bamboo-agent-home/xml-data/build-dir/RAD-TEST-UVD12/fmdtools/fmdtools/define/block/function.py", line 90, in __init__
    super().__init__(name=name, **kwargs)
  File "/home/bamboo/bamboo-agent-home/xml-data/build-dir/RAD-TEST-UVD12/fmdtools/fmdtools/define/block/base.py", line 864, in __init__
    self.init_roletypes('arch', **self.create_arch_kwargs(**kwargs))
  File "/home/bamboo/bamboo-agent-home/xml-data/build-dir/RAD-TEST-UVD12/fmdtools/fmdtools/define/object/base.py", line 345, in init_roletypes
    self.init_roles(roletype, initializer=initializer, **kwargs)
  File "/home/bamboo/bamboo-agent-home/xml-data/build-dir/RAD-TEST-UVD12/fmdtools/fmdtools/define/object/base.py", line 394, in init_roles
    obj = obj_initializer(**obj_args)
          ^^^^^^^^^^^^^^^^^^^^^^^^^^^
  File "/home/bamboo/bamboo-agent-home/xml-data/build-dir/RAD-TEST-UVD12/fmdtools/fmdtools/define/architecture/component.py", line 73, in __init__
    Architecture.__init__(self, **kwargs)
  File "/home/bamboo/bamboo-agent-home/xml-data/build-dir/RAD-TEST-UVD12/fmdtools/fmdtools/define/architecture/base.py", line 108, in __init__
    self.init_flexible_roles(**kwargs)
  File "/home/bamboo/bamboo-agent-home/xml-data/build-dir/RAD-TEST-UVD12/fmdtools/fmdtools/define/architecture/base.py", line 255, in init_flexible_roles
    setattr(self, rname, {**kwargs[role]})
                            ~~~~~~^^^^^^
KeyError: 'flow'
/home/bamboo/bamboo-agent-home/xml-data/build-dir/RAD-TEST-UVD12/fmdtools/fmdtools/sim/sample.py:1092: UnexpectedException</failure></testcase><testcase classname="fmdtools.sim.sample" name="fmdtools.sim.sample.FaultSample.add_fault_times" time="0.018"><failure message="1013             Weight factors corresponding to the times The default is [].&#10;1014         n_joint : int&#10;1015             Number of joint fault modes.&#10;1016         **joint_kwargs : kwargs&#10;1017             baserate and p_cond arguments to add_joint_fault_scenario.&#10;1018 &#10;1019         Examples&#10;1020         --------&#10;1021         &gt;&gt;&gt; from examples.multirotor.drone_mdl_rural import Drone&#10;1022         &gt;&gt;&gt; mdl = Drone()&#10;UNEXPECTED EXCEPTION: KeyError('flow')&#10;Traceback (most recent call last):&#10;  File &quot;/home/bamboo/.local/share/uv/python/cpython-3.12.11-linux-x86_64-gnu/lib/python3.12/doctest.py&quot;, line 1368, in __run&#10;    exec(compile(example.source, filename, &quot;single&quot;,&#10;  File &quot;&lt;doctest fmdtools.sim.sample.FaultSample.add_fault_times[1]&gt;&quot;, line 1, in &lt;module&gt;&#10;  File &quot;/home/bamboo/bamboo-agent-home/xml-data/build-dir/RAD-TEST-UVD12/fmdtools/fmdtools/define/architecture/base.py&quot;, line 109, in __init__&#10;    self.init_architecture(**kwargs)&#10;  File &quot;/home/bamboo/bamboo-agent-home/xml-data/build-dir/RAD-TEST-UVD12/fmdtools/examples/multirotor/drone_mdl_rural.py&quot;, line 701, in init_architecture&#10;    self.add_fxn('store_ee', StoreEE, 'ee_1', 'force_st', 'hsig_bat',&#10;  File &quot;/home/bamboo/bamboo-agent-home/xml-data/build-dir/RAD-TEST-UVD12/fmdtools/fmdtools/define/architecture/function.py&quot;, line 508, in add_fxn&#10;    self.add_sim('fxns', name, fclass, *flownames, **fkwargs)&#10;  File &quot;/home/bamboo/bamboo-agent-home/xml-data/build-dir/RAD-TEST-UVD12/fmdtools/fmdtools/define/architecture/base.py&quot;, line 393, in add_sim&#10;    self.add_flex_role_obj(flex_role, name,&#10;  File &quot;/home/bamboo/bamboo-agent-home/xml-data/build-dir/RAD-TEST-UVD12/fmdtools/fmdtools/define/architecture/base.py&quot;, line 319, in add_flex_role_obj&#10;    obj = init_obj(name=name, objclass=objclass, track=track,&#10;          ^^^^^^^^^^^^^^^^^^^^^^^^^^^^^^^^^^^^^^^^^^^^^^^^^^^&#10;  File &quot;/home/bamboo/bamboo-agent-home/xml-data/build-dir/RAD-TEST-UVD12/fmdtools/fmdtools/define/object/base.py&quot;, line 1183, in init_obj&#10;    fl = objclass(name=name, track=track, **kwargs)&#10;         ^^^^^^^^^^^^^^^^^^^^^^^^^^^^^^^^^^^^^^^^^^&#10;  File &quot;/home/bamboo/bamboo-agent-home/xml-data/build-dir/RAD-TEST-UVD12/fmdtools/fmdtools/define/block/function.py&quot;, line 90, in __init__&#10;    super().__init__(name=name, **kwargs)&#10;  File &quot;/home/bamboo/bamboo-agent-home/xml-data/build-dir/RAD-TEST-UVD12/fmdtools/fmdtools/define/block/base.py&quot;, line 864, in __init__&#10;    self.init_roletypes('arch', **self.create_arch_kwargs(**kwargs))&#10;  File &quot;/home/bamboo/bamboo-agent-home/xml-data/build-dir/RAD-TEST-UVD12/fmdtools/fmdtools/define/object/base.py&quot;, line 345, in init_roletypes&#10;    self.init_roles(roletype, initializer=initializer, **kwargs)&#10;  File &quot;/home/bamboo/bamboo-agent-home/xml-data/build-dir/RAD-TEST-UVD12/fmdtools/fmdtools/define/object/base.py&quot;, line 394, in init_roles&#10;    obj = obj_initializer(**obj_args)&#10;          ^^^^^^^^^^^^^^^^^^^^^^^^^^^&#10;  File &quot;/home/bamboo/bamboo-agent-home/xml-data/build-dir/RAD-TEST-UVD12/fmdtools/fmdtools/define/architecture/component.py&quot;, line 73, in __init__&#10;    Architecture.__init__(self, **kwargs)&#10;  File &quot;/home/bamboo/bamboo-agent-home/xml-data/build-dir/RAD-TEST-UVD12/fmdtools/fmdtools/define/architecture/base.py&quot;, line 108, in __init__&#10;    self.init_flexible_roles(**kwargs)&#10;  File &quot;/home/bamboo/bamboo-agent-home/xml-data/build-dir/RAD-TEST-UVD12/fmdtools/fmdtools/define/architecture/base.py&quot;, line 255, in init_flexible_roles&#10;    setattr(self, rname, {**kwargs[role]})&#10;                            ~~~~~~^^^^^^&#10;KeyError: 'flow'&#10;/home/bamboo/bamboo-agent-home/xml-data/build-dir/RAD-TEST-UVD12/fmdtools/fmdtools/sim/sample.py:1022: UnexpectedException">1013             Weight factors corresponding to the times The default is [].
1014         n_joint : int
1015             Number of joint fault modes.
1016         **joint_kwargs : kwargs
1017             baserate and p_cond arguments to add_joint_fault_scenario.
1018 
1019         Examples
1020         --------
1021         &gt;&gt;&gt; from examples.multirotor.drone_mdl_rural import Drone
1022         &gt;&gt;&gt; mdl = Drone()
UNEXPECTED EXCEPTION: KeyError('flow')
Traceback (most recent call last):
  File "/home/bamboo/.local/share/uv/python/cpython-3.12.11-linux-x86_64-gnu/lib/python3.12/doctest.py", line 1368, in __run
    exec(compile(example.source, filename, "single",
  File "&lt;doctest fmdtools.sim.sample.FaultSample.add_fault_times[1]&gt;", line 1, in &lt;module&gt;
  File "/home/bamboo/bamboo-agent-home/xml-data/build-dir/RAD-TEST-UVD12/fmdtools/fmdtools/define/architecture/base.py", line 109, in __init__
    self.init_architecture(**kwargs)
  File "/home/bamboo/bamboo-agent-home/xml-data/build-dir/RAD-TEST-UVD12/fmdtools/examples/multirotor/drone_mdl_rural.py", line 701, in init_architecture
    self.add_fxn('store_ee', StoreEE, 'ee_1', 'force_st', 'hsig_bat',
  File "/home/bamboo/bamboo-agent-home/xml-data/build-dir/RAD-TEST-UVD12/fmdtools/fmdtools/define/architecture/function.py", line 508, in add_fxn
    self.add_sim('fxns', name, fclass, *flownames, **fkwargs)
  File "/home/bamboo/bamboo-agent-home/xml-data/build-dir/RAD-TEST-UVD12/fmdtools/fmdtools/define/architecture/base.py", line 393, in add_sim
    self.add_flex_role_obj(flex_role, name,
  File "/home/bamboo/bamboo-agent-home/xml-data/build-dir/RAD-TEST-UVD12/fmdtools/fmdtools/define/architecture/base.py", line 319, in add_flex_role_obj
    obj = init_obj(name=name, objclass=objclass, track=track,
          ^^^^^^^^^^^^^^^^^^^^^^^^^^^^^^^^^^^^^^^^^^^^^^^^^^^
  File "/home/bamboo/bamboo-agent-home/xml-data/build-dir/RAD-TEST-UVD12/fmdtools/fmdtools/define/object/base.py", line 1183, in init_obj
    fl = objclass(name=name, track=track, **kwargs)
         ^^^^^^^^^^^^^^^^^^^^^^^^^^^^^^^^^^^^^^^^^^
  File "/home/bamboo/bamboo-agent-home/xml-data/build-dir/RAD-TEST-UVD12/fmdtools/fmdtools/define/block/function.py", line 90, in __init__
    super().__init__(name=name, **kwargs)
  File "/home/bamboo/bamboo-agent-home/xml-data/build-dir/RAD-TEST-UVD12/fmdtools/fmdtools/define/block/base.py", line 864, in __init__
    self.init_roletypes('arch', **self.create_arch_kwargs(**kwargs))
  File "/home/bamboo/bamboo-agent-home/xml-data/build-dir/RAD-TEST-UVD12/fmdtools/fmdtools/define/object/base.py", line 345, in init_roletypes
    self.init_roles(roletype, initializer=initializer, **kwargs)
  File "/home/bamboo/bamboo-agent-home/xml-data/build-dir/RAD-TEST-UVD12/fmdtools/fmdtools/define/object/base.py", line 394, in init_roles
    obj = obj_initializer(**obj_args)
          ^^^^^^^^^^^^^^^^^^^^^^^^^^^
  File "/home/bamboo/bamboo-agent-home/xml-data/build-dir/RAD-TEST-UVD12/fmdtools/fmdtools/define/architecture/component.py", line 73, in __init__
    Architecture.__init__(self, **kwargs)
  File "/home/bamboo/bamboo-agent-home/xml-data/build-dir/RAD-TEST-UVD12/fmdtools/fmdtools/define/architecture/base.py", line 108, in __init__
    self.init_flexible_roles(**kwargs)
  File "/home/bamboo/bamboo-agent-home/xml-data/build-dir/RAD-TEST-UVD12/fmdtools/fmdtools/define/architecture/base.py", line 255, in init_flexible_roles
    setattr(self, rname, {**kwargs[role]})
                            ~~~~~~^^^^^^
KeyError: 'flow'
/home/bamboo/bamboo-agent-home/xml-data/build-dir/RAD-TEST-UVD12/fmdtools/fmdtools/sim/sample.py:1022: UnexpectedException</failure></testcase><testcase classname="fmdtools.sim.sample" name="fmdtools.sim.sample.FaultSample.add_joint_fault_scenario" time="0.019"><failure message="974             Default is 'ind' which calculates the rate as independent (rate1*rate2*...).&#10;975             Can also be 'max', which uses the max fault likelihood.&#10;976         p_cond : float&#10;977             Conditional fault probability for joint fault modes. Used if not using&#10;978             independent base rate assumptions to calculate. Default is 1.0.&#10;979 &#10;980         Examples&#10;981         --------&#10;982         &gt;&gt;&gt; from examples.multirotor.drone_mdl_rural import Drone&#10;983         &gt;&gt;&gt; fd = FaultDomain(Drone())&#10;UNEXPECTED EXCEPTION: KeyError('flow')&#10;Traceback (most recent call last):&#10;  File &quot;/home/bamboo/.local/share/uv/python/cpython-3.12.11-linux-x86_64-gnu/lib/python3.12/doctest.py&quot;, line 1368, in __run&#10;    exec(compile(example.source, filename, &quot;single&quot;,&#10;  File &quot;&lt;doctest fmdtools.sim.sample.FaultSample.add_joint_fault_scenario[1]&gt;&quot;, line 1, in &lt;module&gt;&#10;  File &quot;/home/bamboo/bamboo-agent-home/xml-data/build-dir/RAD-TEST-UVD12/fmdtools/fmdtools/define/architecture/base.py&quot;, line 109, in __init__&#10;    self.init_architecture(**kwargs)&#10;  File &quot;/home/bamboo/bamboo-agent-home/xml-data/build-dir/RAD-TEST-UVD12/fmdtools/examples/multirotor/drone_mdl_rural.py&quot;, line 701, in init_architecture&#10;    self.add_fxn('store_ee', StoreEE, 'ee_1', 'force_st', 'hsig_bat',&#10;  File &quot;/home/bamboo/bamboo-agent-home/xml-data/build-dir/RAD-TEST-UVD12/fmdtools/fmdtools/define/architecture/function.py&quot;, line 508, in add_fxn&#10;    self.add_sim('fxns', name, fclass, *flownames, **fkwargs)&#10;  File &quot;/home/bamboo/bamboo-agent-home/xml-data/build-dir/RAD-TEST-UVD12/fmdtools/fmdtools/define/architecture/base.py&quot;, line 393, in add_sim&#10;    self.add_flex_role_obj(flex_role, name,&#10;  File &quot;/home/bamboo/bamboo-agent-home/xml-data/build-dir/RAD-TEST-UVD12/fmdtools/fmdtools/define/architecture/base.py&quot;, line 319, in add_flex_role_obj&#10;    obj = init_obj(name=name, objclass=objclass, track=track,&#10;          ^^^^^^^^^^^^^^^^^^^^^^^^^^^^^^^^^^^^^^^^^^^^^^^^^^^&#10;  File &quot;/home/bamboo/bamboo-agent-home/xml-data/build-dir/RAD-TEST-UVD12/fmdtools/fmdtools/define/object/base.py&quot;, line 1183, in init_obj&#10;    fl = objclass(name=name, track=track, **kwargs)&#10;         ^^^^^^^^^^^^^^^^^^^^^^^^^^^^^^^^^^^^^^^^^^&#10;  File &quot;/home/bamboo/bamboo-agent-home/xml-data/build-dir/RAD-TEST-UVD12/fmdtools/fmdtools/define/block/function.py&quot;, line 90, in __init__&#10;    super().__init__(name=name, **kwargs)&#10;  File &quot;/home/bamboo/bamboo-agent-home/xml-data/build-dir/RAD-TEST-UVD12/fmdtools/fmdtools/define/block/base.py&quot;, line 864, in __init__&#10;    self.init_roletypes('arch', **self.create_arch_kwargs(**kwargs))&#10;  File &quot;/home/bamboo/bamboo-agent-home/xml-data/build-dir/RAD-TEST-UVD12/fmdtools/fmdtools/define/object/base.py&quot;, line 345, in init_roletypes&#10;    self.init_roles(roletype, initializer=initializer, **kwargs)&#10;  File &quot;/home/bamboo/bamboo-agent-home/xml-data/build-dir/RAD-TEST-UVD12/fmdtools/fmdtools/define/object/base.py&quot;, line 394, in init_roles&#10;    obj = obj_initializer(**obj_args)&#10;          ^^^^^^^^^^^^^^^^^^^^^^^^^^^&#10;  File &quot;/home/bamboo/bamboo-agent-home/xml-data/build-dir/RAD-TEST-UVD12/fmdtools/fmdtools/define/architecture/component.py&quot;, line 73, in __init__&#10;    Architecture.__init__(self, **kwargs)&#10;  File &quot;/home/bamboo/bamboo-agent-home/xml-data/build-dir/RAD-TEST-UVD12/fmdtools/fmdtools/define/architecture/base.py&quot;, line 108, in __init__&#10;    self.init_flexible_roles(**kwargs)&#10;  File &quot;/home/bamboo/bamboo-agent-home/xml-data/build-dir/RAD-TEST-UVD12/fmdtools/fmdtools/define/architecture/base.py&quot;, line 255, in init_flexible_roles&#10;    setattr(self, rname, {**kwargs[role]})&#10;                            ~~~~~~^^^^^^&#10;KeyError: 'flow'&#10;/home/bamboo/bamboo-agent-home/xml-data/build-dir/RAD-TEST-UVD12/fmdtools/fmdtools/sim/sample.py:983: UnexpectedException">974             Default is 'ind' which calculates the rate as independent (rate1*rate2*...).
975             Can also be 'max', which uses the max fault likelihood.
976         p_cond : float
977             Conditional fault probability for joint fault modes. Used if not using
978             independent base rate assumptions to calculate. Default is 1.0.
979 
980         Examples
981         --------
982         &gt;&gt;&gt; from examples.multirotor.drone_mdl_rural import Drone
983         &gt;&gt;&gt; fd = FaultDomain(Drone())
UNEXPECTED EXCEPTION: KeyError('flow')
Traceback (most recent call last):
  File "/home/bamboo/.local/share/uv/python/cpython-3.12.11-linux-x86_64-gnu/lib/python3.12/doctest.py", line 1368, in __run
    exec(compile(example.source, filename, "single",
  File "&lt;doctest fmdtools.sim.sample.FaultSample.add_joint_fault_scenario[1]&gt;", line 1, in &lt;module&gt;
  File "/home/bamboo/bamboo-agent-home/xml-data/build-dir/RAD-TEST-UVD12/fmdtools/fmdtools/define/architecture/base.py", line 109, in __init__
    self.init_architecture(**kwargs)
  File "/home/bamboo/bamboo-agent-home/xml-data/build-dir/RAD-TEST-UVD12/fmdtools/examples/multirotor/drone_mdl_rural.py", line 701, in init_architecture
    self.add_fxn('store_ee', StoreEE, 'ee_1', 'force_st', 'hsig_bat',
  File "/home/bamboo/bamboo-agent-home/xml-data/build-dir/RAD-TEST-UVD12/fmdtools/fmdtools/define/architecture/function.py", line 508, in add_fxn
    self.add_sim('fxns', name, fclass, *flownames, **fkwargs)
  File "/home/bamboo/bamboo-agent-home/xml-data/build-dir/RAD-TEST-UVD12/fmdtools/fmdtools/define/architecture/base.py", line 393, in add_sim
    self.add_flex_role_obj(flex_role, name,
  File "/home/bamboo/bamboo-agent-home/xml-data/build-dir/RAD-TEST-UVD12/fmdtools/fmdtools/define/architecture/base.py", line 319, in add_flex_role_obj
    obj = init_obj(name=name, objclass=objclass, track=track,
          ^^^^^^^^^^^^^^^^^^^^^^^^^^^^^^^^^^^^^^^^^^^^^^^^^^^
  File "/home/bamboo/bamboo-agent-home/xml-data/build-dir/RAD-TEST-UVD12/fmdtools/fmdtools/define/object/base.py", line 1183, in init_obj
    fl = objclass(name=name, track=track, **kwargs)
         ^^^^^^^^^^^^^^^^^^^^^^^^^^^^^^^^^^^^^^^^^^
  File "/home/bamboo/bamboo-agent-home/xml-data/build-dir/RAD-TEST-UVD12/fmdtools/fmdtools/define/block/function.py", line 90, in __init__
    super().__init__(name=name, **kwargs)
  File "/home/bamboo/bamboo-agent-home/xml-data/build-dir/RAD-TEST-UVD12/fmdtools/fmdtools/define/block/base.py", line 864, in __init__
    self.init_roletypes('arch', **self.create_arch_kwargs(**kwargs))
  File "/home/bamboo/bamboo-agent-home/xml-data/build-dir/RAD-TEST-UVD12/fmdtools/fmdtools/define/object/base.py", line 345, in init_roletypes
    self.init_roles(roletype, initializer=initializer, **kwargs)
  File "/home/bamboo/bamboo-agent-home/xml-data/build-dir/RAD-TEST-UVD12/fmdtools/fmdtools/define/object/base.py", line 394, in init_roles
    obj = obj_initializer(**obj_args)
          ^^^^^^^^^^^^^^^^^^^^^^^^^^^
  File "/home/bamboo/bamboo-agent-home/xml-data/build-dir/RAD-TEST-UVD12/fmdtools/fmdtools/define/architecture/component.py", line 73, in __init__
    Architecture.__init__(self, **kwargs)
  File "/home/bamboo/bamboo-agent-home/xml-data/build-dir/RAD-TEST-UVD12/fmdtools/fmdtools/define/architecture/base.py", line 108, in __init__
    self.init_flexible_roles(**kwargs)
  File "/home/bamboo/bamboo-agent-home/xml-data/build-dir/RAD-TEST-UVD12/fmdtools/fmdtools/define/architecture/base.py", line 255, in init_flexible_roles
    setattr(self, rname, {**kwargs[role]})
                            ~~~~~~^^^^^^
KeyError: 'flow'
/home/bamboo/bamboo-agent-home/xml-data/build-dir/RAD-TEST-UVD12/fmdtools/fmdtools/sim/sample.py:983: UnexpectedException</failure></testcase><testcase classname="fmdtools.sim.sample" name="fmdtools.sim.sample.FaultSample.add_single_fault_scenario" time="0.019"><failure message="929             Time of the fault scenario.&#10;930         weight : float, optional&#10;931             Weighting factor for the scenario rate. The default is 1.0.&#10;932         kwargs : kwargs&#10;933             Non-default arguments for the fault (e.g., disturbances etc.)&#10;934 &#10;935         Examples&#10;936         --------&#10;937         &gt;&gt;&gt; from examples.multirotor.drone_mdl_rural import Drone&#10;938         &gt;&gt;&gt; mdl = Drone()&#10;UNEXPECTED EXCEPTION: KeyError('flow')&#10;Traceback (most recent call last):&#10;  File &quot;/home/bamboo/.local/share/uv/python/cpython-3.12.11-linux-x86_64-gnu/lib/python3.12/doctest.py&quot;, line 1368, in __run&#10;    exec(compile(example.source, filename, &quot;single&quot;,&#10;  File &quot;&lt;doctest fmdtools.sim.sample.FaultSample.add_single_fault_scenario[1]&gt;&quot;, line 1, in &lt;module&gt;&#10;  File &quot;/home/bamboo/bamboo-agent-home/xml-data/build-dir/RAD-TEST-UVD12/fmdtools/fmdtools/define/architecture/base.py&quot;, line 109, in __init__&#10;    self.init_architecture(**kwargs)&#10;  File &quot;/home/bamboo/bamboo-agent-home/xml-data/build-dir/RAD-TEST-UVD12/fmdtools/examples/multirotor/drone_mdl_rural.py&quot;, line 701, in init_architecture&#10;    self.add_fxn('store_ee', StoreEE, 'ee_1', 'force_st', 'hsig_bat',&#10;  File &quot;/home/bamboo/bamboo-agent-home/xml-data/build-dir/RAD-TEST-UVD12/fmdtools/fmdtools/define/architecture/function.py&quot;, line 508, in add_fxn&#10;    self.add_sim('fxns', name, fclass, *flownames, **fkwargs)&#10;  File &quot;/home/bamboo/bamboo-agent-home/xml-data/build-dir/RAD-TEST-UVD12/fmdtools/fmdtools/define/architecture/base.py&quot;, line 393, in add_sim&#10;    self.add_flex_role_obj(flex_role, name,&#10;  File &quot;/home/bamboo/bamboo-agent-home/xml-data/build-dir/RAD-TEST-UVD12/fmdtools/fmdtools/define/architecture/base.py&quot;, line 319, in add_flex_role_obj&#10;    obj = init_obj(name=name, objclass=objclass, track=track,&#10;          ^^^^^^^^^^^^^^^^^^^^^^^^^^^^^^^^^^^^^^^^^^^^^^^^^^^&#10;  File &quot;/home/bamboo/bamboo-agent-home/xml-data/build-dir/RAD-TEST-UVD12/fmdtools/fmdtools/define/object/base.py&quot;, line 1183, in init_obj&#10;    fl = objclass(name=name, track=track, **kwargs)&#10;         ^^^^^^^^^^^^^^^^^^^^^^^^^^^^^^^^^^^^^^^^^^&#10;  File &quot;/home/bamboo/bamboo-agent-home/xml-data/build-dir/RAD-TEST-UVD12/fmdtools/fmdtools/define/block/function.py&quot;, line 90, in __init__&#10;    super().__init__(name=name, **kwargs)&#10;  File &quot;/home/bamboo/bamboo-agent-home/xml-data/build-dir/RAD-TEST-UVD12/fmdtools/fmdtools/define/block/base.py&quot;, line 864, in __init__&#10;    self.init_roletypes('arch', **self.create_arch_kwargs(**kwargs))&#10;  File &quot;/home/bamboo/bamboo-agent-home/xml-data/build-dir/RAD-TEST-UVD12/fmdtools/fmdtools/define/object/base.py&quot;, line 345, in init_roletypes&#10;    self.init_roles(roletype, initializer=initializer, **kwargs)&#10;  File &quot;/home/bamboo/bamboo-agent-home/xml-data/build-dir/RAD-TEST-UVD12/fmdtools/fmdtools/define/object/base.py&quot;, line 394, in init_roles&#10;    obj = obj_initializer(**obj_args)&#10;          ^^^^^^^^^^^^^^^^^^^^^^^^^^^&#10;  File &quot;/home/bamboo/bamboo-agent-home/xml-data/build-dir/RAD-TEST-UVD12/fmdtools/fmdtools/define/architecture/component.py&quot;, line 73, in __init__&#10;    Architecture.__init__(self, **kwargs)&#10;  File &quot;/home/bamboo/bamboo-agent-home/xml-data/build-dir/RAD-TEST-UVD12/fmdtools/fmdtools/define/architecture/base.py&quot;, line 108, in __init__&#10;    self.init_flexible_roles(**kwargs)&#10;  File &quot;/home/bamboo/bamboo-agent-home/xml-data/build-dir/RAD-TEST-UVD12/fmdtools/fmdtools/define/architecture/base.py&quot;, line 255, in init_flexible_roles&#10;    setattr(self, rname, {**kwargs[role]})&#10;                            ~~~~~~^^^^^^&#10;KeyError: 'flow'&#10;/home/bamboo/bamboo-agent-home/xml-data/build-dir/RAD-TEST-UVD12/fmdtools/fmdtools/sim/sample.py:938: UnexpectedException">929             Time of the fault scenario.
930         weight : float, optional
931             Weighting factor for the scenario rate. The default is 1.0.
932         kwargs : kwargs
933             Non-default arguments for the fault (e.g., disturbances etc.)
934 
935         Examples
936         --------
937         &gt;&gt;&gt; from examples.multirotor.drone_mdl_rural import Drone
938         &gt;&gt;&gt; mdl = Drone()
UNEXPECTED EXCEPTION: KeyError('flow')
Traceback (most recent call last):
  File "/home/bamboo/.local/share/uv/python/cpython-3.12.11-linux-x86_64-gnu/lib/python3.12/doctest.py", line 1368, in __run
    exec(compile(example.source, filename, "single",
  File "&lt;doctest fmdtools.sim.sample.FaultSample.add_single_fault_scenario[1]&gt;", line 1, in &lt;module&gt;
  File "/home/bamboo/bamboo-agent-home/xml-data/build-dir/RAD-TEST-UVD12/fmdtools/fmdtools/define/architecture/base.py", line 109, in __init__
    self.init_architecture(**kwargs)
  File "/home/bamboo/bamboo-agent-home/xml-data/build-dir/RAD-TEST-UVD12/fmdtools/examples/multirotor/drone_mdl_rural.py", line 701, in init_architecture
    self.add_fxn('store_ee', StoreEE, 'ee_1', 'force_st', 'hsig_bat',
  File "/home/bamboo/bamboo-agent-home/xml-data/build-dir/RAD-TEST-UVD12/fmdtools/fmdtools/define/architecture/function.py", line 508, in add_fxn
    self.add_sim('fxns', name, fclass, *flownames, **fkwargs)
  File "/home/bamboo/bamboo-agent-home/xml-data/build-dir/RAD-TEST-UVD12/fmdtools/fmdtools/define/architecture/base.py", line 393, in add_sim
    self.add_flex_role_obj(flex_role, name,
  File "/home/bamboo/bamboo-agent-home/xml-data/build-dir/RAD-TEST-UVD12/fmdtools/fmdtools/define/architecture/base.py", line 319, in add_flex_role_obj
    obj = init_obj(name=name, objclass=objclass, track=track,
          ^^^^^^^^^^^^^^^^^^^^^^^^^^^^^^^^^^^^^^^^^^^^^^^^^^^
  File "/home/bamboo/bamboo-agent-home/xml-data/build-dir/RAD-TEST-UVD12/fmdtools/fmdtools/define/object/base.py", line 1183, in init_obj
    fl = objclass(name=name, track=track, **kwargs)
         ^^^^^^^^^^^^^^^^^^^^^^^^^^^^^^^^^^^^^^^^^^
  File "/home/bamboo/bamboo-agent-home/xml-data/build-dir/RAD-TEST-UVD12/fmdtools/fmdtools/define/block/function.py", line 90, in __init__
    super().__init__(name=name, **kwargs)
  File "/home/bamboo/bamboo-agent-home/xml-data/build-dir/RAD-TEST-UVD12/fmdtools/fmdtools/define/block/base.py", line 864, in __init__
    self.init_roletypes('arch', **self.create_arch_kwargs(**kwargs))
  File "/home/bamboo/bamboo-agent-home/xml-data/build-dir/RAD-TEST-UVD12/fmdtools/fmdtools/define/object/base.py", line 345, in init_roletypes
    self.init_roles(roletype, initializer=initializer, **kwargs)
  File "/home/bamboo/bamboo-agent-home/xml-data/build-dir/RAD-TEST-UVD12/fmdtools/fmdtools/define/object/base.py", line 394, in init_roles
    obj = obj_initializer(**obj_args)
          ^^^^^^^^^^^^^^^^^^^^^^^^^^^
  File "/home/bamboo/bamboo-agent-home/xml-data/build-dir/RAD-TEST-UVD12/fmdtools/fmdtools/define/architecture/component.py", line 73, in __init__
    Architecture.__init__(self, **kwargs)
  File "/home/bamboo/bamboo-agent-home/xml-data/build-dir/RAD-TEST-UVD12/fmdtools/fmdtools/define/architecture/base.py", line 108, in __init__
    self.init_flexible_roles(**kwargs)
  File "/home/bamboo/bamboo-agent-home/xml-data/build-dir/RAD-TEST-UVD12/fmdtools/fmdtools/define/architecture/base.py", line 255, in init_flexible_roles
    setattr(self, rname, {**kwargs[role]})
                            ~~~~~~^^^^^^
KeyError: 'flow'
/home/bamboo/bamboo-agent-home/xml-data/build-dir/RAD-TEST-UVD12/fmdtools/fmdtools/sim/sample.py:938: UnexpectedException</failure></testcase><testcase classname="fmdtools.sim.sample" name="fmdtools.sim.sample.ParameterDomain" time="0.004" /><testcase classname="fmdtools.sim.sample" name="fmdtools.sim.sample.ParameterDomain.get_var_iters" time="0.002" /><testcase classname="fmdtools.sim.sample" name="fmdtools.sim.sample.ParameterHistSample" time="0.004" /><testcase classname="fmdtools.sim.sample" name="fmdtools.sim.sample.ParameterResultSample" time="0.003" /><testcase classname="fmdtools.sim.sample" name="fmdtools.sim.sample.ParameterSample.add_variable_ranges" time="0.004" /><testcase classname="fmdtools.sim.sample" name="fmdtools.sim.sample.ParameterSample.add_variable_replicates" time="0.002" /><testcase classname="fmdtools.sim.sample" name="fmdtools.sim.sample.ParameterSample.add_variable_scenario" time="0.002" /><testcase classname="fmdtools.sim.sample" name="fmdtools.sim.sample.ParameterSample.combine_orthogonal" time="0.002" /><testcase classname="fmdtools.sim.sample" name="fmdtools.sim.sample.ParameterSample.combine_product" time="0.002" /><testcase classname="fmdtools.sim.sample" name="fmdtools.sim.sample.ParameterSample.combine_random" time="0.002" /><testcase classname="fmdtools.sim.sample" name="fmdtools.sim.sample.SampleApproach.add_faultdomain" time="0.018"><failure message="1184             (e.g., to call Faultdomain.add_all, use &quot;all&quot;)&#10;1185         *args : args&#10;1186             Arguments to add_method.&#10;1187         **kwargs : kwargs&#10;1188             Keyword arguments to add_method&#10;1189 &#10;1190         Examples&#10;1191         --------&#10;1192         &gt;&gt;&gt; from examples.multirotor.drone_mdl_rural import Drone&#10;1193         &gt;&gt;&gt; s = SampleApproach(Drone())&#10;UNEXPECTED EXCEPTION: KeyError('flow')&#10;Traceback (most recent call last):&#10;  File &quot;/home/bamboo/.local/share/uv/python/cpython-3.12.11-linux-x86_64-gnu/lib/python3.12/doctest.py&quot;, line 1368, in __run&#10;    exec(compile(example.source, filename, &quot;single&quot;,&#10;  File &quot;&lt;doctest fmdtools.sim.sample.SampleApproach.add_faultdomain[1]&gt;&quot;, line 1, in &lt;module&gt;&#10;  File &quot;/home/bamboo/bamboo-agent-home/xml-data/build-dir/RAD-TEST-UVD12/fmdtools/fmdtools/define/architecture/base.py&quot;, line 109, in __init__&#10;    self.init_architecture(**kwargs)&#10;  File &quot;/home/bamboo/bamboo-agent-home/xml-data/build-dir/RAD-TEST-UVD12/fmdtools/examples/multirotor/drone_mdl_rural.py&quot;, line 701, in init_architecture&#10;    self.add_fxn('store_ee', StoreEE, 'ee_1', 'force_st', 'hsig_bat',&#10;  File &quot;/home/bamboo/bamboo-agent-home/xml-data/build-dir/RAD-TEST-UVD12/fmdtools/fmdtools/define/architecture/function.py&quot;, line 508, in add_fxn&#10;    self.add_sim('fxns', name, fclass, *flownames, **fkwargs)&#10;  File &quot;/home/bamboo/bamboo-agent-home/xml-data/build-dir/RAD-TEST-UVD12/fmdtools/fmdtools/define/architecture/base.py&quot;, line 393, in add_sim&#10;    self.add_flex_role_obj(flex_role, name,&#10;  File &quot;/home/bamboo/bamboo-agent-home/xml-data/build-dir/RAD-TEST-UVD12/fmdtools/fmdtools/define/architecture/base.py&quot;, line 319, in add_flex_role_obj&#10;    obj = init_obj(name=name, objclass=objclass, track=track,&#10;          ^^^^^^^^^^^^^^^^^^^^^^^^^^^^^^^^^^^^^^^^^^^^^^^^^^^&#10;  File &quot;/home/bamboo/bamboo-agent-home/xml-data/build-dir/RAD-TEST-UVD12/fmdtools/fmdtools/define/object/base.py&quot;, line 1183, in init_obj&#10;    fl = objclass(name=name, track=track, **kwargs)&#10;         ^^^^^^^^^^^^^^^^^^^^^^^^^^^^^^^^^^^^^^^^^^&#10;  File &quot;/home/bamboo/bamboo-agent-home/xml-data/build-dir/RAD-TEST-UVD12/fmdtools/fmdtools/define/block/function.py&quot;, line 90, in __init__&#10;    super().__init__(name=name, **kwargs)&#10;  File &quot;/home/bamboo/bamboo-agent-home/xml-data/build-dir/RAD-TEST-UVD12/fmdtools/fmdtools/define/block/base.py&quot;, line 864, in __init__&#10;    self.init_roletypes('arch', **self.create_arch_kwargs(**kwargs))&#10;  File &quot;/home/bamboo/bamboo-agent-home/xml-data/build-dir/RAD-TEST-UVD12/fmdtools/fmdtools/define/object/base.py&quot;, line 345, in init_roletypes&#10;    self.init_roles(roletype, initializer=initializer, **kwargs)&#10;  File &quot;/home/bamboo/bamboo-agent-home/xml-data/build-dir/RAD-TEST-UVD12/fmdtools/fmdtools/define/object/base.py&quot;, line 394, in init_roles&#10;    obj = obj_initializer(**obj_args)&#10;          ^^^^^^^^^^^^^^^^^^^^^^^^^^^&#10;  File &quot;/home/bamboo/bamboo-agent-home/xml-data/build-dir/RAD-TEST-UVD12/fmdtools/fmdtools/define/architecture/component.py&quot;, line 73, in __init__&#10;    Architecture.__init__(self, **kwargs)&#10;  File &quot;/home/bamboo/bamboo-agent-home/xml-data/build-dir/RAD-TEST-UVD12/fmdtools/fmdtools/define/architecture/base.py&quot;, line 108, in __init__&#10;    self.init_flexible_roles(**kwargs)&#10;  File &quot;/home/bamboo/bamboo-agent-home/xml-data/build-dir/RAD-TEST-UVD12/fmdtools/fmdtools/define/architecture/base.py&quot;, line 255, in init_flexible_roles&#10;    setattr(self, rname, {**kwargs[role]})&#10;                            ~~~~~~^^^^^^&#10;KeyError: 'flow'&#10;/home/bamboo/bamboo-agent-home/xml-data/build-dir/RAD-TEST-UVD12/fmdtools/fmdtools/sim/sample.py:1193: UnexpectedException">1184             (e.g., to call Faultdomain.add_all, use "all")
1185         *args : args
1186             Arguments to add_method.
1187         **kwargs : kwargs
1188             Keyword arguments to add_method
1189 
1190         Examples
1191         --------
1192         &gt;&gt;&gt; from examples.multirotor.drone_mdl_rural import Drone
1193         &gt;&gt;&gt; s = SampleApproach(Drone())
UNEXPECTED EXCEPTION: KeyError('flow')
Traceback (most recent call last):
  File "/home/bamboo/.local/share/uv/python/cpython-3.12.11-linux-x86_64-gnu/lib/python3.12/doctest.py", line 1368, in __run
    exec(compile(example.source, filename, "single",
  File "&lt;doctest fmdtools.sim.sample.SampleApproach.add_faultdomain[1]&gt;", line 1, in &lt;module&gt;
  File "/home/bamboo/bamboo-agent-home/xml-data/build-dir/RAD-TEST-UVD12/fmdtools/fmdtools/define/architecture/base.py", line 109, in __init__
    self.init_architecture(**kwargs)
  File "/home/bamboo/bamboo-agent-home/xml-data/build-dir/RAD-TEST-UVD12/fmdtools/examples/multirotor/drone_mdl_rural.py", line 701, in init_architecture
    self.add_fxn('store_ee', StoreEE, 'ee_1', 'force_st', 'hsig_bat',
  File "/home/bamboo/bamboo-agent-home/xml-data/build-dir/RAD-TEST-UVD12/fmdtools/fmdtools/define/architecture/function.py", line 508, in add_fxn
    self.add_sim('fxns', name, fclass, *flownames, **fkwargs)
  File "/home/bamboo/bamboo-agent-home/xml-data/build-dir/RAD-TEST-UVD12/fmdtools/fmdtools/define/architecture/base.py", line 393, in add_sim
    self.add_flex_role_obj(flex_role, name,
  File "/home/bamboo/bamboo-agent-home/xml-data/build-dir/RAD-TEST-UVD12/fmdtools/fmdtools/define/architecture/base.py", line 319, in add_flex_role_obj
    obj = init_obj(name=name, objclass=objclass, track=track,
          ^^^^^^^^^^^^^^^^^^^^^^^^^^^^^^^^^^^^^^^^^^^^^^^^^^^
  File "/home/bamboo/bamboo-agent-home/xml-data/build-dir/RAD-TEST-UVD12/fmdtools/fmdtools/define/object/base.py", line 1183, in init_obj
    fl = objclass(name=name, track=track, **kwargs)
         ^^^^^^^^^^^^^^^^^^^^^^^^^^^^^^^^^^^^^^^^^^
  File "/home/bamboo/bamboo-agent-home/xml-data/build-dir/RAD-TEST-UVD12/fmdtools/fmdtools/define/block/function.py", line 90, in __init__
    super().__init__(name=name, **kwargs)
  File "/home/bamboo/bamboo-agent-home/xml-data/build-dir/RAD-TEST-UVD12/fmdtools/fmdtools/define/block/base.py", line 864, in __init__
    self.init_roletypes('arch', **self.create_arch_kwargs(**kwargs))
  File "/home/bamboo/bamboo-agent-home/xml-data/build-dir/RAD-TEST-UVD12/fmdtools/fmdtools/define/object/base.py", line 345, in init_roletypes
    self.init_roles(roletype, initializer=initializer, **kwargs)
  File "/home/bamboo/bamboo-agent-home/xml-data/build-dir/RAD-TEST-UVD12/fmdtools/fmdtools/define/object/base.py", line 394, in init_roles
    obj = obj_initializer(**obj_args)
          ^^^^^^^^^^^^^^^^^^^^^^^^^^^
  File "/home/bamboo/bamboo-agent-home/xml-data/build-dir/RAD-TEST-UVD12/fmdtools/fmdtools/define/architecture/component.py", line 73, in __init__
    Architecture.__init__(self, **kwargs)
  File "/home/bamboo/bamboo-agent-home/xml-data/build-dir/RAD-TEST-UVD12/fmdtools/fmdtools/define/architecture/base.py", line 108, in __init__
    self.init_flexible_roles(**kwargs)
  File "/home/bamboo/bamboo-agent-home/xml-data/build-dir/RAD-TEST-UVD12/fmdtools/fmdtools/define/architecture/base.py", line 255, in init_flexible_roles
    setattr(self, rname, {**kwargs[role]})
                            ~~~~~~^^^^^^
KeyError: 'flow'
/home/bamboo/bamboo-agent-home/xml-data/build-dir/RAD-TEST-UVD12/fmdtools/fmdtools/sim/sample.py:1193: UnexpectedException</failure></testcase><testcase classname="fmdtools.sim.sample" name="fmdtools.sim.sample.SampleApproach.add_faultsample" time="0.019"><failure message="1235             Phasemap to instantiate the FaultSample with. If a dict/tuple is provided,&#10;1236             uses a PhaseMap with the dict/tuple as phases. The default is {}.&#10;1237             If a list, passes to JointFaultSample&#10;1238         **kwargs : kwargs&#10;1239             add_method kwargs.&#10;1240 &#10;1241         Examples&#10;1242         --------&#10;1243         &gt;&gt;&gt; from examples.multirotor.drone_mdl_rural import Drone&#10;1244         &gt;&gt;&gt; s = SampleApproach(Drone())&#10;UNEXPECTED EXCEPTION: KeyError('flow')&#10;Traceback (most recent call last):&#10;  File &quot;/home/bamboo/.local/share/uv/python/cpython-3.12.11-linux-x86_64-gnu/lib/python3.12/doctest.py&quot;, line 1368, in __run&#10;    exec(compile(example.source, filename, &quot;single&quot;,&#10;  File &quot;&lt;doctest fmdtools.sim.sample.SampleApproach.add_faultsample[1]&gt;&quot;, line 1, in &lt;module&gt;&#10;  File &quot;/home/bamboo/bamboo-agent-home/xml-data/build-dir/RAD-TEST-UVD12/fmdtools/fmdtools/define/architecture/base.py&quot;, line 109, in __init__&#10;    self.init_architecture(**kwargs)&#10;  File &quot;/home/bamboo/bamboo-agent-home/xml-data/build-dir/RAD-TEST-UVD12/fmdtools/examples/multirotor/drone_mdl_rural.py&quot;, line 701, in init_architecture&#10;    self.add_fxn('store_ee', StoreEE, 'ee_1', 'force_st', 'hsig_bat',&#10;  File &quot;/home/bamboo/bamboo-agent-home/xml-data/build-dir/RAD-TEST-UVD12/fmdtools/fmdtools/define/architecture/function.py&quot;, line 508, in add_fxn&#10;    self.add_sim('fxns', name, fclass, *flownames, **fkwargs)&#10;  File &quot;/home/bamboo/bamboo-agent-home/xml-data/build-dir/RAD-TEST-UVD12/fmdtools/fmdtools/define/architecture/base.py&quot;, line 393, in add_sim&#10;    self.add_flex_role_obj(flex_role, name,&#10;  File &quot;/home/bamboo/bamboo-agent-home/xml-data/build-dir/RAD-TEST-UVD12/fmdtools/fmdtools/define/architecture/base.py&quot;, line 319, in add_flex_role_obj&#10;    obj = init_obj(name=name, objclass=objclass, track=track,&#10;          ^^^^^^^^^^^^^^^^^^^^^^^^^^^^^^^^^^^^^^^^^^^^^^^^^^^&#10;  File &quot;/home/bamboo/bamboo-agent-home/xml-data/build-dir/RAD-TEST-UVD12/fmdtools/fmdtools/define/object/base.py&quot;, line 1183, in init_obj&#10;    fl = objclass(name=name, track=track, **kwargs)&#10;         ^^^^^^^^^^^^^^^^^^^^^^^^^^^^^^^^^^^^^^^^^^&#10;  File &quot;/home/bamboo/bamboo-agent-home/xml-data/build-dir/RAD-TEST-UVD12/fmdtools/fmdtools/define/block/function.py&quot;, line 90, in __init__&#10;    super().__init__(name=name, **kwargs)&#10;  File &quot;/home/bamboo/bamboo-agent-home/xml-data/build-dir/RAD-TEST-UVD12/fmdtools/fmdtools/define/block/base.py&quot;, line 864, in __init__&#10;    self.init_roletypes('arch', **self.create_arch_kwargs(**kwargs))&#10;  File &quot;/home/bamboo/bamboo-agent-home/xml-data/build-dir/RAD-TEST-UVD12/fmdtools/fmdtools/define/object/base.py&quot;, line 345, in init_roletypes&#10;    self.init_roles(roletype, initializer=initializer, **kwargs)&#10;  File &quot;/home/bamboo/bamboo-agent-home/xml-data/build-dir/RAD-TEST-UVD12/fmdtools/fmdtools/define/object/base.py&quot;, line 394, in init_roles&#10;    obj = obj_initializer(**obj_args)&#10;          ^^^^^^^^^^^^^^^^^^^^^^^^^^^&#10;  File &quot;/home/bamboo/bamboo-agent-home/xml-data/build-dir/RAD-TEST-UVD12/fmdtools/fmdtools/define/architecture/component.py&quot;, line 73, in __init__&#10;    Architecture.__init__(self, **kwargs)&#10;  File &quot;/home/bamboo/bamboo-agent-home/xml-data/build-dir/RAD-TEST-UVD12/fmdtools/fmdtools/define/architecture/base.py&quot;, line 108, in __init__&#10;    self.init_flexible_roles(**kwargs)&#10;  File &quot;/home/bamboo/bamboo-agent-home/xml-data/build-dir/RAD-TEST-UVD12/fmdtools/fmdtools/define/architecture/base.py&quot;, line 255, in init_flexible_roles&#10;    setattr(self, rname, {**kwargs[role]})&#10;                            ~~~~~~^^^^^^&#10;KeyError: 'flow'&#10;/home/bamboo/bamboo-agent-home/xml-data/build-dir/RAD-TEST-UVD12/fmdtools/fmdtools/sim/sample.py:1244: UnexpectedException">1235             Phasemap to instantiate the FaultSample with. If a dict/tuple is provided,
1236             uses a PhaseMap with the dict/tuple as phases. The default is {}.
1237             If a list, passes to JointFaultSample
1238         **kwargs : kwargs
1239             add_method kwargs.
1240 
1241         Examples
1242         --------
1243         &gt;&gt;&gt; from examples.multirotor.drone_mdl_rural import Drone
1244         &gt;&gt;&gt; s = SampleApproach(Drone())
UNEXPECTED EXCEPTION: KeyError('flow')
Traceback (most recent call last):
  File "/home/bamboo/.local/share/uv/python/cpython-3.12.11-linux-x86_64-gnu/lib/python3.12/doctest.py", line 1368, in __run
    exec(compile(example.source, filename, "single",
  File "&lt;doctest fmdtools.sim.sample.SampleApproach.add_faultsample[1]&gt;", line 1, in &lt;module&gt;
  File "/home/bamboo/bamboo-agent-home/xml-data/build-dir/RAD-TEST-UVD12/fmdtools/fmdtools/define/architecture/base.py", line 109, in __init__
    self.init_architecture(**kwargs)
  File "/home/bamboo/bamboo-agent-home/xml-data/build-dir/RAD-TEST-UVD12/fmdtools/examples/multirotor/drone_mdl_rural.py", line 701, in init_architecture
    self.add_fxn('store_ee', StoreEE, 'ee_1', 'force_st', 'hsig_bat',
  File "/home/bamboo/bamboo-agent-home/xml-data/build-dir/RAD-TEST-UVD12/fmdtools/fmdtools/define/architecture/function.py", line 508, in add_fxn
    self.add_sim('fxns', name, fclass, *flownames, **fkwargs)
  File "/home/bamboo/bamboo-agent-home/xml-data/build-dir/RAD-TEST-UVD12/fmdtools/fmdtools/define/architecture/base.py", line 393, in add_sim
    self.add_flex_role_obj(flex_role, name,
  File "/home/bamboo/bamboo-agent-home/xml-data/build-dir/RAD-TEST-UVD12/fmdtools/fmdtools/define/architecture/base.py", line 319, in add_flex_role_obj
    obj = init_obj(name=name, objclass=objclass, track=track,
          ^^^^^^^^^^^^^^^^^^^^^^^^^^^^^^^^^^^^^^^^^^^^^^^^^^^
  File "/home/bamboo/bamboo-agent-home/xml-data/build-dir/RAD-TEST-UVD12/fmdtools/fmdtools/define/object/base.py", line 1183, in init_obj
    fl = objclass(name=name, track=track, **kwargs)
         ^^^^^^^^^^^^^^^^^^^^^^^^^^^^^^^^^^^^^^^^^^
  File "/home/bamboo/bamboo-agent-home/xml-data/build-dir/RAD-TEST-UVD12/fmdtools/fmdtools/define/block/function.py", line 90, in __init__
    super().__init__(name=name, **kwargs)
  File "/home/bamboo/bamboo-agent-home/xml-data/build-dir/RAD-TEST-UVD12/fmdtools/fmdtools/define/block/base.py", line 864, in __init__
    self.init_roletypes('arch', **self.create_arch_kwargs(**kwargs))
  File "/home/bamboo/bamboo-agent-home/xml-data/build-dir/RAD-TEST-UVD12/fmdtools/fmdtools/define/object/base.py", line 345, in init_roletypes
    self.init_roles(roletype, initializer=initializer, **kwargs)
  File "/home/bamboo/bamboo-agent-home/xml-data/build-dir/RAD-TEST-UVD12/fmdtools/fmdtools/define/object/base.py", line 394, in init_roles
    obj = obj_initializer(**obj_args)
          ^^^^^^^^^^^^^^^^^^^^^^^^^^^
  File "/home/bamboo/bamboo-agent-home/xml-data/build-dir/RAD-TEST-UVD12/fmdtools/fmdtools/define/architecture/component.py", line 73, in __init__
    Architecture.__init__(self, **kwargs)
  File "/home/bamboo/bamboo-agent-home/xml-data/build-dir/RAD-TEST-UVD12/fmdtools/fmdtools/define/architecture/base.py", line 108, in __init__
    self.init_flexible_roles(**kwargs)
  File "/home/bamboo/bamboo-agent-home/xml-data/build-dir/RAD-TEST-UVD12/fmdtools/fmdtools/define/architecture/base.py", line 255, in init_flexible_roles
    setattr(self, rname, {**kwargs[role]})
                            ~~~~~~^^^^^^
KeyError: 'flow'
/home/bamboo/bamboo-agent-home/xml-data/build-dir/RAD-TEST-UVD12/fmdtools/fmdtools/sim/sample.py:1244: UnexpectedException</failure></testcase><testcase classname="fmdtools.sim.sample" name="fmdtools.sim.sample.combine_orthogonal" time="0.002" /><testcase classname="fmdtools.sim.sample" name="fmdtools.sim.sample.combine_random" time="0.002" /><testcase classname="fmdtools.sim.sample" name="fmdtools.sim.sample.sample_times_even" time="0.003" /><testcase classname="fmdtools.sim.sample" name="fmdtools.sim.sample.sample_times_quad" time="0.002" /><testcase classname="fmdtools.sim.search" name="fmdtools.sim.search.BaseProblem.get_opt_hist" time="0.003" /><testcase classname="fmdtools.sim.search" name="fmdtools.sim.search.DisturbanceProblem" time="0.023" /><testcase classname="fmdtools.sim.search" name="fmdtools.sim.search.HistoryObjective" time="0.002" /><testcase classname="fmdtools.sim.search" name="fmdtools.sim.search.ParameterSimProblem" time="0.129" /><testcase classname="fmdtools.sim.search" name="fmdtools.sim.search.ProblemArchitecture" time="0.057" /><testcase classname="fmdtools.sim.search" name="fmdtools.sim.search.ProblemArchitecture.update_full_problem" time="0.036" /><testcase classname="fmdtools.sim.search" name="fmdtools.sim.search.ProblemArchitecture.update_problem" time="0.023" /><testcase classname="fmdtools.sim.search" name="fmdtools.sim.search.ResponseCoords" time="0.016"><failure message="1915 &#10;1916     Class for sampling functions and displaying them on maps.&#10;1917 &#10;1918     Examples&#10;1919     --------&#10;1920     &gt;&gt;&gt; rm = ResponseCoords(lambda a, b: a*b, p={'x_size': 3, 'y_size': 3, 'blocksize': 2})&#10;UNEXPECTED EXCEPTION: AttributeError(&quot;'ResponseCoords' object has no attribute 'add_property_arrays'&quot;)&#10;Traceback (most recent call last):&#10;  File &quot;/home/bamboo/.local/share/uv/python/cpython-3.12.11-linux-x86_64-gnu/lib/python3.12/doctest.py&quot;, line 1368, in __run&#10;    exec(compile(example.source, filename, &quot;single&quot;,&#10;  File &quot;&lt;doctest fmdtools.sim.search.ResponseCoords[0]&gt;&quot;, line 1, in &lt;module&gt;&#10;  File &quot;/home/bamboo/bamboo-agent-home/xml-data/build-dir/RAD-TEST-UVD12/fmdtools/fmdtools/sim/search.py&quot;, line 1937, in __init__&#10;    self.add_property_arrays(returns)&#10;    ^^^^^^^^^^^^^^^^^^^^^^^^&#10;AttributeError: 'ResponseCoords' object has no attribute 'add_property_arrays'&#10;/home/bamboo/bamboo-agent-home/xml-data/build-dir/RAD-TEST-UVD12/fmdtools/fmdtools/sim/search.py:1920: UnexpectedException">1915 
1916     Class for sampling functions and displaying them on maps.
1917 
1918     Examples
1919     --------
1920     &gt;&gt;&gt; rm = ResponseCoords(lambda a, b: a*b, p={'x_size': 3, 'y_size': 3, 'blocksize': 2})
UNEXPECTED EXCEPTION: AttributeError("'ResponseCoords' object has no attribute 'add_property_arrays'")
Traceback (most recent call last):
  File "/home/bamboo/.local/share/uv/python/cpython-3.12.11-linux-x86_64-gnu/lib/python3.12/doctest.py", line 1368, in __run
    exec(compile(example.source, filename, "single",
  File "&lt;doctest fmdtools.sim.search.ResponseCoords[0]&gt;", line 1, in &lt;module&gt;
  File "/home/bamboo/bamboo-agent-home/xml-data/build-dir/RAD-TEST-UVD12/fmdtools/fmdtools/sim/search.py", line 1937, in __init__
    self.add_property_arrays(returns)
    ^^^^^^^^^^^^^^^^^^^^^^^^
AttributeError: 'ResponseCoords' object has no attribute 'add_property_arrays'
/home/bamboo/bamboo-agent-home/xml-data/build-dir/RAD-TEST-UVD12/fmdtools/fmdtools/sim/search.py:1920: UnexpectedException</failure></testcase><testcase classname="fmdtools.sim.search" name="fmdtools.sim.search.ResultConstraint.con_from_value" time="0.002" /><testcase classname="fmdtools.sim.search" name="fmdtools.sim.search.ResultObjective.get_result_value" time="0.002" /><testcase classname="fmdtools.sim.search" name="fmdtools.sim.search.SimpleProblem" time="0.002" /><testcase classname="fmdtools.sim.search" name="fmdtools.sim.search.SingleFaultScenarioProblem" time="0.026" /><testcase classname="fmdtools.analyze.graph.style" name="fmdtools.analyze.graph.style.FlowEdgeStyle" time="0.003" /><testcase classname="fmdtools.analyze.graph.style" name="fmdtools.analyze.graph.style.edge_style_factory" time="0.879" /><testcase classname="fmdtools.analyze.graph.style" name="fmdtools.analyze.graph.style.node_style_factory" time="1.263" /><testcase classname="fmdtools.analyze.graph.style" name="fmdtools.analyze.graph.style.to_legend_label" time="0.003" /><testcase classname="fmdtools.analyze.graph.base" name="fmdtools.analyze.graph.base.Graph" time="0.536" /><testcase classname="fmdtools.analyze.graph.base" name="fmdtools.analyze.graph.base.Graph._get_edge_style" time="0.002" /><testcase classname="fmdtools.analyze.graph.base" name="fmdtools.analyze.graph.base.Graph._get_node_style" time="0.002" /><testcase classname="fmdtools.analyze.graph.base" name="fmdtools.analyze.graph.base.Graph.add_node_groups" time="0.123" /><testcase classname="fmdtools.analyze.graph.base" name="fmdtools.analyze.graph.base.Graph.draw_drawio" time="0.003"><failure message="393             Additional arguments for graph styling and positioning.&#10;394             &#10;395         Returns&#10;396         -------&#10;397         str&#10;398             DrawIO XML content if saveas is empty, otherwise the filename.&#10;399             &#10;400         Examples&#10;401         --------&#10;402         &gt;&gt;&gt; xml_content = graph.draw_drawio()  # Get XML content&#10;UNEXPECTED EXCEPTION: NameError(&quot;name 'graph' is not defined&quot;)&#10;Traceback (most recent call last):&#10;  File &quot;/home/bamboo/.local/share/uv/python/cpython-3.12.11-linux-x86_64-gnu/lib/python3.12/doctest.py&quot;, line 1368, in __run&#10;    exec(compile(example.source, filename, &quot;single&quot;,&#10;  File &quot;&lt;doctest fmdtools.analyze.graph.base.Graph.draw_drawio[0]&gt;&quot;, line 1, in &lt;module&gt;&#10;NameError: name 'graph' is not defined. Did you mean: 'Graph'?&#10;/home/bamboo/bamboo-agent-home/xml-data/build-dir/RAD-TEST-UVD12/fmdtools/fmdtools/analyze/graph/base.py:402: UnexpectedException">393             Additional arguments for graph styling and positioning.
394             
395         Returns
396         -------
397         str
398             DrawIO XML content if saveas is empty, otherwise the filename.
399             
400         Examples
401         --------
402         &gt;&gt;&gt; xml_content = graph.draw_drawio()  # Get XML content
UNEXPECTED EXCEPTION: NameError("name 'graph' is not defined")
Traceback (most recent call last):
  File "/home/bamboo/.local/share/uv/python/cpython-3.12.11-linux-x86_64-gnu/lib/python3.12/doctest.py", line 1368, in __run
    exec(compile(example.source, filename, "single",
  File "&lt;doctest fmdtools.analyze.graph.base.Graph.draw_drawio[0]&gt;", line 1, in &lt;module&gt;
NameError: name 'graph' is not defined. Did you mean: 'Graph'?
/home/bamboo/bamboo-agent-home/xml-data/build-dir/RAD-TEST-UVD12/fmdtools/fmdtools/analyze/graph/base.py:402: UnexpectedException</failure></testcase><testcase classname="fmdtools.analyze.graph.base" name="fmdtools.analyze.graph.base.Graph.set_heatmap" time="0.117" /><testcase classname="fmdtools.analyze.result" name="fmdtools.analyze.result.Result" time="0.002" /><testcase classname="fmdtools.analyze.result" name="fmdtools.analyze.result.Result.__eq__" time="0.002" /><testcase classname="fmdtools.analyze.result" name="fmdtools.analyze.result.Result.__sub__" time="0.002" /><testcase classname="fmdtools.analyze.result" name="fmdtools.analyze.result.Result.align_external_dict" time="0.002" /><testcase classname="fmdtools.analyze.result" name="fmdtools.analyze.result.Result.fromdict" time="0.002" /><testcase classname="fmdtools.analyze.result" name="fmdtools.analyze.result.Result.get" time="0.002" /><testcase classname="fmdtools.analyze.result" name="fmdtools.analyze.result.Result.get_metric" time="0.004" /><testcase classname="fmdtools.analyze.result" name="fmdtools.analyze.result.Result.get_metric_ci" time="0.010" /><testcase classname="fmdtools.analyze.result" name="fmdtools.analyze.result.Result.get_vals" time="0.002" /><testcase classname="fmdtools.analyze.result" name="fmdtools.analyze.result.Result.is_flat" time="0.002" /><testcase classname="fmdtools.analyze.history" name="fmdtools.analyze.history.History" time="0.003" /><testcase classname="fmdtools.analyze.history" name="fmdtools.analyze.history.History.cut" time="0.002" /><testcase classname="fmdtools.analyze.history" name="fmdtools.analyze.history.History.get_degraded_hist" time="0.002" /><testcase classname="fmdtools.analyze.history" name="fmdtools.analyze.history.History.get_fault_time" time="0.002" /><testcase classname="fmdtools.analyze.history" name="fmdtools.analyze.history.History.get_faulty_hist" time="0.002" /><testcase classname="fmdtools.analyze.history" name="fmdtools.analyze.history.History.get_mean_bound_errhist" time="0.003" /><testcase classname="fmdtools.analyze.history" name="fmdtools.analyze.history.History.get_mean_ci_errhist" time="0.010" /><testcase classname="fmdtools.analyze.history" name="fmdtools.analyze.history.History.get_mean_std_errhist" time="0.003" /><testcase classname="fmdtools.analyze.history" name="fmdtools.analyze.history.History.get_percentile_errhist" time="0.006" /><testcase classname="fmdtools.analyze.history" name="fmdtools.analyze.history.History.get_slice" time="0.002" /><testcase classname="fmdtools.analyze.phases" name="fmdtools.analyze.phases.PhaseMap.calc_modephase_time" time="0.002" /><testcase classname="fmdtools.analyze.phases" name="fmdtools.analyze.phases.PhaseMap.calc_phase_time" time="0.002" /><testcase classname="fmdtools.analyze.phases" name="fmdtools.analyze.phases.PhaseMap.calc_samples_in_phases" time="0.002" /><testcase classname="fmdtools.analyze.phases" name="fmdtools.analyze.phases.PhaseMap.find_modephase" time="0.002" /><testcase classname="fmdtools.analyze.phases" name="fmdtools.analyze.phases.PhaseMap.get_phase_times" time="0.002" /><testcase classname="fmdtools.analyze.phases" name="fmdtools.analyze.phases.PhaseMap.get_sample_times" time="0.002" /><testcase classname="fmdtools.analyze.phases" name="fmdtools.analyze.phases.find_interval_overlap" time="0.002" /><testcase classname="fmdtools.analyze.phases" name="fmdtools.analyze.phases.from_hist" time="0.002" /><testcase classname="fmdtools.analyze.phases" name="fmdtools.analyze.phases.join_phasemaps" time="0.002" /><testcase classname="fmdtools.analyze.tabulate" name="fmdtools.analyze.tabulate.Comparison" time="1.170" /><testcase classname="fmdtools.analyze.tabulate" name="fmdtools.analyze.tabulate.FMEA" time="0.048" /><testcase classname="fmdtools.analyze.tabulate" name="fmdtools.analyze.tabulate.result_summary" time="0.352" /><testcase classname="fmdtools.analyze.tabulate" name="fmdtools.analyze.tabulate.result_summary_fmea" time="2.217" /><testcase classname="fmdtools.analyze.common" name="fmdtools.analyze.common.auto_filetype" time="0.004" /><testcase classname="fmdtools.analyze.common" name="fmdtools.analyze.common.calc_average" time="0.004" /><testcase classname="fmdtools.analyze.common" name="fmdtools.analyze.common.calc_expected" time="0.004" /><testcase classname="fmdtools.analyze.common" name="fmdtools.analyze.common.calc_metric" time="0.005" /><testcase classname="fmdtools.analyze.common" name="fmdtools.analyze.common.calc_metric_ci" time="0.035" /><testcase classname="fmdtools.analyze.common" name="fmdtools.analyze.common.calc_percent" time="0.004" /><testcase classname="fmdtools.analyze.common" name="fmdtools.analyze.common.calc_rate" time="0.003" /><testcase classname="fmdtools.analyze.common" name="fmdtools.analyze.common.calc_sum" time="0.003" /><testcase classname="fmdtools.analyze.common" name="fmdtools.analyze.common.calc_total" time="0.003" /><testcase classname="fmdtools.analyze.common" name="fmdtools.analyze.common.create_indiv_filename" time="0.003" /><testcase classname="fmdtools.analyze.common" name="fmdtools.analyze.common.diff" time="0.004" /><testcase classname="fmdtools.analyze.common" name="fmdtools.analyze.common.join_key" time="0.003" /><testcase classname="fmdtools.analyze.common" name="fmdtools.analyze.common.to_include_keys" time="0.003" /><testcase classname="examples.rover.rover_model" name="examples.rover.rover_model.Drive.drive_nominal" time="0.103" /><testcase classname="examples.rover.rover_model_human" name="examples.rover.rover_model_human.Comprehend" time="0.008" /><testcase classname="examples.rover.rover_model_human" name="examples.rover.rover_model_human.Decide" time="0.006" /><testcase classname="examples.rover.rover_model_human" name="examples.rover.rover_model_human.HumanActions" time="0.041"><failure message="392 &#10;393     Overall ASG for human operator driving the rover.&#10;394 &#10;395     Examples&#10;396     --------&#10;397     &gt;&gt;&gt; ha = HumanActions()&#10;398     &gt;&gt;&gt; ha.flows['comms'].s.on = True&#10;399     &gt;&gt;&gt; ha.active_actions&#10;400     {'look'}&#10;401     &gt;&gt;&gt; ha(proptype='dynamic', time=1.0)&#10;UNEXPECTED EXCEPTION: Exception('Error simulating humanactions of class HumanActions at time=1.0')&#10;Traceback (most recent call last):&#10;  File &quot;/home/bamboo/bamboo-agent-home/xml-data/build-dir/RAD-TEST-UVD12/fmdtools/fmdtools/define/block/base.py&quot;, line 795, in __call__&#10;    self.update_dynamic_behaviors(proptype=proptype)&#10;  File &quot;/home/bamboo/bamboo-agent-home/xml-data/build-dir/RAD-TEST-UVD12/fmdtools/fmdtools/define/block/base.py&quot;, line 695, in update_dynamic_behaviors&#10;    self.update_arch_behaviors(&quot;dynamic&quot;)&#10;  File &quot;/home/bamboo/bamboo-agent-home/xml-data/build-dir/RAD-TEST-UVD12/fmdtools/fmdtools/define/architecture/base.py&quot;, line 161, in update_arch_behaviors&#10;    self.prop_dynamic()&#10;  File &quot;/home/bamboo/bamboo-agent-home/xml-data/build-dir/RAD-TEST-UVD12/fmdtools/fmdtools/define/architecture/action.py&quot;, line 386, in prop_dynamic&#10;    self.prop_graph('dynamic')&#10;  File &quot;/home/bamboo/bamboo-agent-home/xml-data/build-dir/RAD-TEST-UVD12/fmdtools/fmdtools/define/architecture/action.py&quot;, line 426, in prop_graph&#10;    cond = self.conds[atts['name']]()&#10;           ^^^^^^^^^^^^^^^^^^^^^^^^^^&#10;  File &quot;/home/bamboo/bamboo-agent-home/xml-data/build-dir/RAD-TEST-UVD12/fmdtools/examples/rover/rover_model_human.py&quot;, line 112, in complete&#10;    return not self.m.in_mode('no_action', 'failed_no_action')&#10;               ^^^^^^&#10;AttributeError: 'Look' object has no attribute 'm'&#10;The above exception was the direct cause of the following exception:&#10;Traceback (most recent call last):&#10;  File &quot;/home/bamboo/.local/share/uv/python/cpython-3.12.11-linux-x86_64-gnu/lib/python3.12/doctest.py&quot;, line 1368, in __run&#10;    exec(compile(example.source, filename, &quot;single&quot;,&#10;  File &quot;&lt;doctest examples.rover.rover_model_human.HumanActions[3]&gt;&quot;, line 1, in &lt;module&gt;&#10;  File &quot;/home/bamboo/bamboo-agent-home/xml-data/build-dir/RAD-TEST-UVD12/fmdtools/fmdtools/define/block/base.py&quot;, line 808, in __call__&#10;    raise Exception(&quot;Error simulating &quot; + self.name +&#10;Exception: Error simulating humanactions of class HumanActions at time=1.0&#10;/home/bamboo/bamboo-agent-home/xml-data/build-dir/RAD-TEST-UVD12/fmdtools/examples/rover/rover_model_human.py:401: UnexpectedException">392 
393     Overall ASG for human operator driving the rover.
394 
395     Examples
396     --------
397     &gt;&gt;&gt; ha = HumanActions()
398     &gt;&gt;&gt; ha.flows['comms'].s.on = True
399     &gt;&gt;&gt; ha.active_actions
400     {'look'}
401     &gt;&gt;&gt; ha(proptype='dynamic', time=1.0)
UNEXPECTED EXCEPTION: Exception('Error simulating humanactions of class HumanActions at time=1.0')
Traceback (most recent call last):
  File "/home/bamboo/bamboo-agent-home/xml-data/build-dir/RAD-TEST-UVD12/fmdtools/fmdtools/define/block/base.py", line 795, in __call__
    self.update_dynamic_behaviors(proptype=proptype)
  File "/home/bamboo/bamboo-agent-home/xml-data/build-dir/RAD-TEST-UVD12/fmdtools/fmdtools/define/block/base.py", line 695, in update_dynamic_behaviors
    self.update_arch_behaviors("dynamic")
  File "/home/bamboo/bamboo-agent-home/xml-data/build-dir/RAD-TEST-UVD12/fmdtools/fmdtools/define/architecture/base.py", line 161, in update_arch_behaviors
    self.prop_dynamic()
  File "/home/bamboo/bamboo-agent-home/xml-data/build-dir/RAD-TEST-UVD12/fmdtools/fmdtools/define/architecture/action.py", line 386, in prop_dynamic
    self.prop_graph('dynamic')
  File "/home/bamboo/bamboo-agent-home/xml-data/build-dir/RAD-TEST-UVD12/fmdtools/fmdtools/define/architecture/action.py", line 426, in prop_graph
    cond = self.conds[atts['name']]()
           ^^^^^^^^^^^^^^^^^^^^^^^^^^
  File "/home/bamboo/bamboo-agent-home/xml-data/build-dir/RAD-TEST-UVD12/fmdtools/examples/rover/rover_model_human.py", line 112, in complete
    return not self.m.in_mode('no_action', 'failed_no_action')
               ^^^^^^
AttributeError: 'Look' object has no attribute 'm'
The above exception was the direct cause of the following exception:
Traceback (most recent call last):
  File "/home/bamboo/.local/share/uv/python/cpython-3.12.11-linux-x86_64-gnu/lib/python3.12/doctest.py", line 1368, in __run
    exec(compile(example.source, filename, "single",
  File "&lt;doctest examples.rover.rover_model_human.HumanActions[3]&gt;", line 1, in &lt;module&gt;
  File "/home/bamboo/bamboo-agent-home/xml-data/build-dir/RAD-TEST-UVD12/fmdtools/fmdtools/define/block/base.py", line 808, in __call__
    raise Exception("Error simulating " + self.name +
Exception: Error simulating humanactions of class HumanActions at time=1.0
/home/bamboo/bamboo-agent-home/xml-data/build-dir/RAD-TEST-UVD12/fmdtools/examples/rover/rover_model_human.py:401: UnexpectedException</failure></testcase><testcase classname="examples.rover.rover_model_human" name="examples.rover.rover_model_human.Look" time="0.007"><failure message="116 &#10;117     Operator looking at the state of comms signals, switches, etc.&#10;118 &#10;119     Works as a simple pass-through. If the user doesn't look, they can't percieve,&#10;120     project, etc.&#10;121 &#10;122     Example&#10;123     -------&#10;124     &gt;&gt;&gt; l = Look()&#10;125     &gt;&gt;&gt; l.complete()&#10;UNEXPECTED EXCEPTION: AttributeError(&quot;'Look' object has no attribute 'm'&quot;)&#10;Traceback (most recent call last):&#10;  File &quot;/home/bamboo/.local/share/uv/python/cpython-3.12.11-linux-x86_64-gnu/lib/python3.12/doctest.py&quot;, line 1368, in __run&#10;    exec(compile(example.source, filename, &quot;single&quot;,&#10;  File &quot;&lt;doctest examples.rover.rover_model_human.Look[1]&gt;&quot;, line 1, in &lt;module&gt;&#10;  File &quot;/home/bamboo/bamboo-agent-home/xml-data/build-dir/RAD-TEST-UVD12/fmdtools/examples/rover/rover_model_human.py&quot;, line 112, in complete&#10;    return not self.m.in_mode('no_action', 'failed_no_action')&#10;               ^^^^^^&#10;AttributeError: 'Look' object has no attribute 'm'&#10;/home/bamboo/bamboo-agent-home/xml-data/build-dir/RAD-TEST-UVD12/fmdtools/examples/rover/rover_model_human.py:125: UnexpectedException">116 
117     Operator looking at the state of comms signals, switches, etc.
118 
119     Works as a simple pass-through. If the user doesn't look, they can't percieve,
120     project, etc.
121 
122     Example
123     -------
124     &gt;&gt;&gt; l = Look()
125     &gt;&gt;&gt; l.complete()
UNEXPECTED EXCEPTION: AttributeError("'Look' object has no attribute 'm'")
Traceback (most recent call last):
  File "/home/bamboo/.local/share/uv/python/cpython-3.12.11-linux-x86_64-gnu/lib/python3.12/doctest.py", line 1368, in __run
    exec(compile(example.source, filename, "single",
  File "&lt;doctest examples.rover.rover_model_human.Look[1]&gt;", line 1, in &lt;module&gt;
  File "/home/bamboo/bamboo-agent-home/xml-data/build-dir/RAD-TEST-UVD12/fmdtools/examples/rover/rover_model_human.py", line 112, in complete
    return not self.m.in_mode('no_action', 'failed_no_action')
               ^^^^^^
AttributeError: 'Look' object has no attribute 'm'
/home/bamboo/bamboo-agent-home/xml-data/build-dir/RAD-TEST-UVD12/fmdtools/examples/rover/rover_model_human.py:125: UnexpectedException</failure></testcase><testcase classname="examples.rover.rover_model_human" name="examples.rover.rover_model_human.Percieve" time="0.006" /><testcase classname="examples.rover.rover_model_human" name="examples.rover.rover_model_human.Press" time="0.007" /><testcase classname="examples.rover.rover_model_human" name="examples.rover.rover_model_human.Project" time="0.007" /><testcase classname="examples.multirotor.drone_mdl_static" name="examples.multirotor.drone_mdl_static.AffectDOF.static_behavior" time="0.009" /><testcase classname="examples.multirotor.drone_mdl_static" name="examples.multirotor.drone_mdl_static.CtlDOF.static_behavior" time="0.008" /><testcase classname="examples.multirotor.drone_mdl_static" name="examples.multirotor.drone_mdl_static.DesTrajState.dist2d" time="0.003" /><testcase classname="examples.multirotor.drone_mdl_static" name="examples.multirotor.drone_mdl_static.DesTrajState.unit_vect2d" time="0.004" /><testcase classname="examples.multirotor.drone_mdl_static" name="examples.multirotor.drone_mdl_static.DistEE.static_behavior" time="0.011" /><testcase classname="examples.multirotor.drone_mdl_static" name="examples.multirotor.drone_mdl_static.HoldPayload.static_behavior" time="0.007" /><testcase classname="examples.multirotor.drone_mdl_static" name="examples.multirotor.drone_mdl_static.PlanPath.static_behavior" time="0.007" /><testcase classname="examples.multirotor.drone_mdl_dynamic" name="examples.multirotor.drone_mdl_dynamic.AffectDOF.inc_pos" time="0.008" /><testcase classname="examples.multirotor.drone_mdl_dynamic" name="examples.multirotor.drone_mdl_dynamic.PlanPath.assign_vectdist_to_goal" time="0.008" /><testcase classname="examples.multirotor.drone_mdl_dynamic" name="examples.multirotor.drone_mdl_dynamic.PlanPath.calc_dist_to_goal" time="0.008" /><testcase classname="examples.multirotor.drone_mdl_dynamic" name="examples.multirotor.drone_mdl_dynamic.SightGrid" time="0.950" /><testcase classname="examples.multirotor.drone_mdl_hierarchical" name="examples.multirotor.drone_mdl_hierarchical.AffectDOF.calc_pwr" time="0.009"><failure message="188 &#10;189         Calculates overall power and stability based on individual rotor output.&#10;190 &#10;191         e.g., ::&#10;192         &gt;&gt;&gt; a = AffectDOF()&#10;UNEXPECTED EXCEPTION: KeyError('flow')&#10;Traceback (most recent call last):&#10;  File &quot;/home/bamboo/.local/share/uv/python/cpython-3.12.11-linux-x86_64-gnu/lib/python3.12/doctest.py&quot;, line 1368, in __run&#10;    exec(compile(example.source, filename, &quot;single&quot;,&#10;  File &quot;&lt;doctest examples.multirotor.drone_mdl_hierarchical.AffectDOF.calc_pwr[0]&gt;&quot;, line 1, in &lt;module&gt;&#10;  File &quot;/home/bamboo/bamboo-agent-home/xml-data/build-dir/RAD-TEST-UVD12/fmdtools/fmdtools/define/block/function.py&quot;, line 90, in __init__&#10;    super().__init__(name=name, **kwargs)&#10;  File &quot;/home/bamboo/bamboo-agent-home/xml-data/build-dir/RAD-TEST-UVD12/fmdtools/fmdtools/define/block/base.py&quot;, line 864, in __init__&#10;    self.init_roletypes('arch', **self.create_arch_kwargs(**kwargs))&#10;  File &quot;/home/bamboo/bamboo-agent-home/xml-data/build-dir/RAD-TEST-UVD12/fmdtools/fmdtools/define/object/base.py&quot;, line 345, in init_roletypes&#10;    self.init_roles(roletype, initializer=initializer, **kwargs)&#10;  File &quot;/home/bamboo/bamboo-agent-home/xml-data/build-dir/RAD-TEST-UVD12/fmdtools/fmdtools/define/object/base.py&quot;, line 394, in init_roles&#10;    obj = obj_initializer(**obj_args)&#10;          ^^^^^^^^^^^^^^^^^^^^^^^^^^^&#10;  File &quot;/home/bamboo/bamboo-agent-home/xml-data/build-dir/RAD-TEST-UVD12/fmdtools/fmdtools/define/architecture/component.py&quot;, line 73, in __init__&#10;    Architecture.__init__(self, **kwargs)&#10;  File &quot;/home/bamboo/bamboo-agent-home/xml-data/build-dir/RAD-TEST-UVD12/fmdtools/fmdtools/define/architecture/base.py&quot;, line 108, in __init__&#10;    self.init_flexible_roles(**kwargs)&#10;  File &quot;/home/bamboo/bamboo-agent-home/xml-data/build-dir/RAD-TEST-UVD12/fmdtools/fmdtools/define/architecture/base.py&quot;, line 255, in init_flexible_roles&#10;    setattr(self, rname, {**kwargs[role]})&#10;                            ~~~~~~^^^^^^&#10;KeyError: 'flow'&#10;/home/bamboo/bamboo-agent-home/xml-data/build-dir/RAD-TEST-UVD12/fmdtools/examples/multirotor/drone_mdl_hierarchical.py:192: UnexpectedException">188 
189         Calculates overall power and stability based on individual rotor output.
190 
191         e.g., ::
192         &gt;&gt;&gt; a = AffectDOF()
UNEXPECTED EXCEPTION: KeyError('flow')
Traceback (most recent call last):
  File "/home/bamboo/.local/share/uv/python/cpython-3.12.11-linux-x86_64-gnu/lib/python3.12/doctest.py", line 1368, in __run
    exec(compile(example.source, filename, "single",
  File "&lt;doctest examples.multirotor.drone_mdl_hierarchical.AffectDOF.calc_pwr[0]&gt;", line 1, in &lt;module&gt;
  File "/home/bamboo/bamboo-agent-home/xml-data/build-dir/RAD-TEST-UVD12/fmdtools/fmdtools/define/block/function.py", line 90, in __init__
    super().__init__(name=name, **kwargs)
  File "/home/bamboo/bamboo-agent-home/xml-data/build-dir/RAD-TEST-UVD12/fmdtools/fmdtools/define/block/base.py", line 864, in __init__
    self.init_roletypes('arch', **self.create_arch_kwargs(**kwargs))
  File "/home/bamboo/bamboo-agent-home/xml-data/build-dir/RAD-TEST-UVD12/fmdtools/fmdtools/define/object/base.py", line 345, in init_roletypes
    self.init_roles(roletype, initializer=initializer, **kwargs)
  File "/home/bamboo/bamboo-agent-home/xml-data/build-dir/RAD-TEST-UVD12/fmdtools/fmdtools/define/object/base.py", line 394, in init_roles
    obj = obj_initializer(**obj_args)
          ^^^^^^^^^^^^^^^^^^^^^^^^^^^
  File "/home/bamboo/bamboo-agent-home/xml-data/build-dir/RAD-TEST-UVD12/fmdtools/fmdtools/define/architecture/component.py", line 73, in __init__
    Architecture.__init__(self, **kwargs)
  File "/home/bamboo/bamboo-agent-home/xml-data/build-dir/RAD-TEST-UVD12/fmdtools/fmdtools/define/architecture/base.py", line 108, in __init__
    self.init_flexible_roles(**kwargs)
  File "/home/bamboo/bamboo-agent-home/xml-data/build-dir/RAD-TEST-UVD12/fmdtools/fmdtools/define/architecture/base.py", line 255, in init_flexible_roles
    setattr(self, rname, {**kwargs[role]})
                            ~~~~~~^^^^^^
KeyError: 'flow'
/home/bamboo/bamboo-agent-home/xml-data/build-dir/RAD-TEST-UVD12/fmdtools/examples/multirotor/drone_mdl_hierarchical.py:192: UnexpectedException</failure></testcase><testcase classname="examples.multirotor.drone_mdl_hierarchical" name="examples.multirotor.drone_mdl_hierarchical.LineArchParam" time="0.005" /></testsuite></testsuites>