<?xml version="1.0" encoding="utf-8"?><testsuites><testsuite name="pytest" errors="0" failures="0" skipped="0" tests="9" time="25.731" timestamp="2023-08-02T14:57:37.186041" hostname="starlight"><testcase classname="examples.eps.test_eps.epsTests" name="test_all_faults" time="0.248" /><testcase classname="examples.eps.test_eps.epsTests" name="test_backward_fault_prop_1" time="0.011" /><testcase classname="examples.eps.test_eps.epsTests" name="test_backward_fault_prop_2" time="0.012" /><testcase classname="examples.eps.test_eps.epsTests" name="test_fault_app" time="24.518" /><testcase classname="examples.eps.test_eps.epsTests" name="test_pickleability" time="0.004" /><testcase classname="examples.eps.test_eps.epsTests" name="test_save_load_multfault" time="0.040" /><testcase classname="examples.eps.test_eps.epsTests" name="test_save_load_nominal" time="0.034" /><testcase classname="examples.eps.test_eps.epsTests" name="test_save_load_onefault" time="0.033" /><testcase classname="examples.eps.test_eps.epsTests" name="test_save_load_singlefaults" time="0.792" /></testsuite></testsuites>